[2024-10-08T14:44:47.349+0900] {processor.py:186} INFO - Started process (PID=22268) to work on /Users/alookso/1007MLpj/myenv/lib/python3.10/site-packages/airflow/example_dags/example_python_operator.py
[2024-10-08T14:44:47.350+0900] {processor.py:914} INFO - Processing file /Users/alookso/1007MLpj/myenv/lib/python3.10/site-packages/airflow/example_dags/example_python_operator.py for tasks to queue
[2024-10-08T14:44:47.351+0900] {logging_mixin.py:190} INFO - [2024-10-08T14:44:47.350+0900] {dagbag.py:588} INFO - Filling up the DagBag from /Users/alookso/1007MLpj/myenv/lib/python3.10/site-packages/airflow/example_dags/example_python_operator.py
[2024-10-08T14:44:47.377+0900] {logging_mixin.py:190} INFO - [2024-10-08T14:44:47.376+0900] {example_python_operator.py:93} WARNING - The virtalenv_python example task requires virtualenv, please install it.
[2024-10-08T14:44:47.381+0900] {processor.py:925} INFO - DAG(s) 'example_python_operator' retrieved from /Users/alookso/1007MLpj/myenv/lib/python3.10/site-packages/airflow/example_dags/example_python_operator.py
[2024-10-08T14:44:47.620+0900] {logging_mixin.py:190} INFO - [2024-10-08T14:44:47.619+0900] {override.py:1901} INFO - Created Permission View: can read on DAG:example_python_operator
[2024-10-08T14:44:47.630+0900] {logging_mixin.py:190} INFO - [2024-10-08T14:44:47.630+0900] {override.py:1901} INFO - Created Permission View: can edit on DAG:example_python_operator
[2024-10-08T14:44:47.637+0900] {logging_mixin.py:190} INFO - [2024-10-08T14:44:47.637+0900] {override.py:1901} INFO - Created Permission View: can delete on DAG:example_python_operator
[2024-10-08T14:44:47.647+0900] {logging_mixin.py:190} INFO - [2024-10-08T14:44:47.647+0900] {override.py:1901} INFO - Created Permission View: can read on DAG Run:example_python_operator
[2024-10-08T14:44:47.655+0900] {logging_mixin.py:190} INFO - [2024-10-08T14:44:47.655+0900] {override.py:1901} INFO - Created Permission View: menu access on DAG Run:example_python_operator
[2024-10-08T14:44:47.662+0900] {logging_mixin.py:190} INFO - [2024-10-08T14:44:47.662+0900] {override.py:1901} INFO - Created Permission View: can delete on DAG Run:example_python_operator
[2024-10-08T14:44:47.671+0900] {logging_mixin.py:190} INFO - [2024-10-08T14:44:47.670+0900] {override.py:1901} INFO - Created Permission View: can create on DAG Run:example_python_operator
[2024-10-08T14:44:47.671+0900] {logging_mixin.py:190} INFO - [2024-10-08T14:44:47.671+0900] {dag.py:3239} INFO - Sync 1 DAGs
[2024-10-08T14:44:47.686+0900] {logging_mixin.py:190} INFO - [2024-10-08T14:44:47.685+0900] {dag.py:3262} INFO - Creating ORM DAG for example_python_operator
[2024-10-08T14:44:47.686+0900] {logging_mixin.py:190} INFO - [2024-10-08T14:44:47.686+0900] {dag.py:4180} INFO - Setting next_dagrun for example_python_operator to None, run_after=None
[2024-10-08T14:44:47.705+0900] {processor.py:208} INFO - Processing /Users/alookso/1007MLpj/myenv/lib/python3.10/site-packages/airflow/example_dags/example_python_operator.py took 0.361 seconds
[2024-10-08T14:48:32.106+0900] {processor.py:186} INFO - Started process (PID=22361) to work on /Users/alookso/1007MLpj/myenv/lib/python3.10/site-packages/airflow/example_dags/example_python_operator.py
[2024-10-08T14:48:32.107+0900] {processor.py:914} INFO - Processing file /Users/alookso/1007MLpj/myenv/lib/python3.10/site-packages/airflow/example_dags/example_python_operator.py for tasks to queue
[2024-10-08T14:48:32.108+0900] {logging_mixin.py:190} INFO - [2024-10-08T14:48:32.108+0900] {dagbag.py:588} INFO - Filling up the DagBag from /Users/alookso/1007MLpj/myenv/lib/python3.10/site-packages/airflow/example_dags/example_python_operator.py
[2024-10-08T14:48:32.134+0900] {logging_mixin.py:190} INFO - [2024-10-08T14:48:32.133+0900] {example_python_operator.py:93} WARNING - The virtalenv_python example task requires virtualenv, please install it.
[2024-10-08T14:48:32.138+0900] {processor.py:925} INFO - DAG(s) 'example_python_operator' retrieved from /Users/alookso/1007MLpj/myenv/lib/python3.10/site-packages/airflow/example_dags/example_python_operator.py
[2024-10-08T14:48:32.272+0900] {logging_mixin.py:190} INFO - [2024-10-08T14:48:32.272+0900] {dag.py:3239} INFO - Sync 1 DAGs
[2024-10-08T14:48:32.285+0900] {logging_mixin.py:190} INFO - [2024-10-08T14:48:32.285+0900] {dag.py:4180} INFO - Setting next_dagrun for example_python_operator to None, run_after=None
[2024-10-08T14:48:32.305+0900] {processor.py:208} INFO - Processing /Users/alookso/1007MLpj/myenv/lib/python3.10/site-packages/airflow/example_dags/example_python_operator.py took 0.204 seconds
[2024-10-08T14:51:39.978+0900] {processor.py:186} INFO - Started process (PID=22450) to work on /Users/alookso/1007MLpj/myenv/lib/python3.10/site-packages/airflow/example_dags/example_python_operator.py
[2024-10-08T14:51:39.979+0900] {processor.py:914} INFO - Processing file /Users/alookso/1007MLpj/myenv/lib/python3.10/site-packages/airflow/example_dags/example_python_operator.py for tasks to queue
[2024-10-08T14:51:39.980+0900] {logging_mixin.py:190} INFO - [2024-10-08T14:51:39.980+0900] {dagbag.py:588} INFO - Filling up the DagBag from /Users/alookso/1007MLpj/myenv/lib/python3.10/site-packages/airflow/example_dags/example_python_operator.py
[2024-10-08T14:51:40.006+0900] {logging_mixin.py:190} INFO - [2024-10-08T14:51:40.006+0900] {example_python_operator.py:93} WARNING - The virtalenv_python example task requires virtualenv, please install it.
[2024-10-08T14:51:40.011+0900] {processor.py:925} INFO - DAG(s) 'example_python_operator' retrieved from /Users/alookso/1007MLpj/myenv/lib/python3.10/site-packages/airflow/example_dags/example_python_operator.py
[2024-10-08T14:51:40.147+0900] {logging_mixin.py:190} INFO - [2024-10-08T14:51:40.146+0900] {dag.py:3239} INFO - Sync 1 DAGs
[2024-10-08T14:51:40.160+0900] {logging_mixin.py:190} INFO - [2024-10-08T14:51:40.159+0900] {dag.py:4180} INFO - Setting next_dagrun for example_python_operator to None, run_after=None
[2024-10-08T14:51:40.180+0900] {processor.py:208} INFO - Processing /Users/alookso/1007MLpj/myenv/lib/python3.10/site-packages/airflow/example_dags/example_python_operator.py took 0.208 seconds
[2024-10-08T14:54:47.827+0900] {processor.py:186} INFO - Started process (PID=22563) to work on /Users/alookso/1007MLpj/myenv/lib/python3.10/site-packages/airflow/example_dags/example_python_operator.py
[2024-10-08T14:54:47.827+0900] {processor.py:914} INFO - Processing file /Users/alookso/1007MLpj/myenv/lib/python3.10/site-packages/airflow/example_dags/example_python_operator.py for tasks to queue
[2024-10-08T14:54:47.828+0900] {logging_mixin.py:190} INFO - [2024-10-08T14:54:47.828+0900] {dagbag.py:588} INFO - Filling up the DagBag from /Users/alookso/1007MLpj/myenv/lib/python3.10/site-packages/airflow/example_dags/example_python_operator.py
[2024-10-08T14:54:47.855+0900] {logging_mixin.py:190} INFO - [2024-10-08T14:54:47.855+0900] {example_python_operator.py:93} WARNING - The virtalenv_python example task requires virtualenv, please install it.
[2024-10-08T14:54:47.859+0900] {processor.py:925} INFO - DAG(s) 'example_python_operator' retrieved from /Users/alookso/1007MLpj/myenv/lib/python3.10/site-packages/airflow/example_dags/example_python_operator.py
[2024-10-08T14:54:47.993+0900] {logging_mixin.py:190} INFO - [2024-10-08T14:54:47.993+0900] {dag.py:3239} INFO - Sync 1 DAGs
[2024-10-08T14:54:48.006+0900] {logging_mixin.py:190} INFO - [2024-10-08T14:54:48.006+0900] {dag.py:4180} INFO - Setting next_dagrun for example_python_operator to None, run_after=None
[2024-10-08T14:54:48.026+0900] {processor.py:208} INFO - Processing /Users/alookso/1007MLpj/myenv/lib/python3.10/site-packages/airflow/example_dags/example_python_operator.py took 0.204 seconds
[2024-10-08T14:57:54.173+0900] {processor.py:186} INFO - Started process (PID=22675) to work on /Users/alookso/1007MLpj/myenv/lib/python3.10/site-packages/airflow/example_dags/example_python_operator.py
[2024-10-08T14:57:54.173+0900] {processor.py:914} INFO - Processing file /Users/alookso/1007MLpj/myenv/lib/python3.10/site-packages/airflow/example_dags/example_python_operator.py for tasks to queue
[2024-10-08T14:57:54.174+0900] {logging_mixin.py:190} INFO - [2024-10-08T14:57:54.174+0900] {dagbag.py:588} INFO - Filling up the DagBag from /Users/alookso/1007MLpj/myenv/lib/python3.10/site-packages/airflow/example_dags/example_python_operator.py
[2024-10-08T14:57:54.199+0900] {logging_mixin.py:190} INFO - [2024-10-08T14:57:54.199+0900] {example_python_operator.py:93} WARNING - The virtalenv_python example task requires virtualenv, please install it.
[2024-10-08T14:57:54.204+0900] {processor.py:925} INFO - DAG(s) 'example_python_operator' retrieved from /Users/alookso/1007MLpj/myenv/lib/python3.10/site-packages/airflow/example_dags/example_python_operator.py
[2024-10-08T14:57:54.333+0900] {logging_mixin.py:190} INFO - [2024-10-08T14:57:54.332+0900] {dag.py:3239} INFO - Sync 1 DAGs
[2024-10-08T14:57:54.346+0900] {logging_mixin.py:190} INFO - [2024-10-08T14:57:54.345+0900] {dag.py:4180} INFO - Setting next_dagrun for example_python_operator to None, run_after=None
[2024-10-08T14:57:54.365+0900] {processor.py:208} INFO - Processing /Users/alookso/1007MLpj/myenv/lib/python3.10/site-packages/airflow/example_dags/example_python_operator.py took 0.198 seconds
[2024-10-08T15:01:05.993+0900] {processor.py:186} INFO - Started process (PID=22786) to work on /Users/alookso/1007MLpj/myenv/lib/python3.10/site-packages/airflow/example_dags/example_python_operator.py
[2024-10-08T15:01:05.994+0900] {processor.py:914} INFO - Processing file /Users/alookso/1007MLpj/myenv/lib/python3.10/site-packages/airflow/example_dags/example_python_operator.py for tasks to queue
[2024-10-08T15:01:05.995+0900] {logging_mixin.py:190} INFO - [2024-10-08T15:01:05.994+0900] {dagbag.py:588} INFO - Filling up the DagBag from /Users/alookso/1007MLpj/myenv/lib/python3.10/site-packages/airflow/example_dags/example_python_operator.py
[2024-10-08T15:01:06.021+0900] {logging_mixin.py:190} INFO - [2024-10-08T15:01:06.020+0900] {example_python_operator.py:93} WARNING - The virtalenv_python example task requires virtualenv, please install it.
[2024-10-08T15:01:06.025+0900] {processor.py:925} INFO - DAG(s) 'example_python_operator' retrieved from /Users/alookso/1007MLpj/myenv/lib/python3.10/site-packages/airflow/example_dags/example_python_operator.py
[2024-10-08T15:01:06.156+0900] {logging_mixin.py:190} INFO - [2024-10-08T15:01:06.156+0900] {dag.py:3239} INFO - Sync 1 DAGs
[2024-10-08T15:01:06.169+0900] {logging_mixin.py:190} INFO - [2024-10-08T15:01:06.169+0900] {dag.py:4180} INFO - Setting next_dagrun for example_python_operator to None, run_after=None
[2024-10-08T15:01:06.188+0900] {processor.py:208} INFO - Processing /Users/alookso/1007MLpj/myenv/lib/python3.10/site-packages/airflow/example_dags/example_python_operator.py took 0.201 seconds
[2024-10-08T15:04:13.760+0900] {processor.py:186} INFO - Started process (PID=22867) to work on /Users/alookso/1007MLpj/myenv/lib/python3.10/site-packages/airflow/example_dags/example_python_operator.py
[2024-10-08T15:04:13.761+0900] {processor.py:914} INFO - Processing file /Users/alookso/1007MLpj/myenv/lib/python3.10/site-packages/airflow/example_dags/example_python_operator.py for tasks to queue
[2024-10-08T15:04:13.762+0900] {logging_mixin.py:190} INFO - [2024-10-08T15:04:13.762+0900] {dagbag.py:588} INFO - Filling up the DagBag from /Users/alookso/1007MLpj/myenv/lib/python3.10/site-packages/airflow/example_dags/example_python_operator.py
[2024-10-08T15:04:13.789+0900] {logging_mixin.py:190} INFO - [2024-10-08T15:04:13.788+0900] {example_python_operator.py:93} WARNING - The virtalenv_python example task requires virtualenv, please install it.
[2024-10-08T15:04:13.793+0900] {processor.py:925} INFO - DAG(s) 'example_python_operator' retrieved from /Users/alookso/1007MLpj/myenv/lib/python3.10/site-packages/airflow/example_dags/example_python_operator.py
[2024-10-08T15:04:13.922+0900] {logging_mixin.py:190} INFO - [2024-10-08T15:04:13.922+0900] {dag.py:3239} INFO - Sync 1 DAGs
[2024-10-08T15:04:13.935+0900] {logging_mixin.py:190} INFO - [2024-10-08T15:04:13.935+0900] {dag.py:4180} INFO - Setting next_dagrun for example_python_operator to None, run_after=None
[2024-10-08T15:04:13.954+0900] {processor.py:208} INFO - Processing /Users/alookso/1007MLpj/myenv/lib/python3.10/site-packages/airflow/example_dags/example_python_operator.py took 0.198 seconds
[2024-10-08T15:07:18.103+0900] {processor.py:186} INFO - Started process (PID=22965) to work on /Users/alookso/1007MLpj/myenv/lib/python3.10/site-packages/airflow/example_dags/example_python_operator.py
[2024-10-08T15:07:18.104+0900] {processor.py:914} INFO - Processing file /Users/alookso/1007MLpj/myenv/lib/python3.10/site-packages/airflow/example_dags/example_python_operator.py for tasks to queue
[2024-10-08T15:07:18.105+0900] {logging_mixin.py:190} INFO - [2024-10-08T15:07:18.105+0900] {dagbag.py:588} INFO - Filling up the DagBag from /Users/alookso/1007MLpj/myenv/lib/python3.10/site-packages/airflow/example_dags/example_python_operator.py
[2024-10-08T15:07:18.131+0900] {logging_mixin.py:190} INFO - [2024-10-08T15:07:18.131+0900] {example_python_operator.py:93} WARNING - The virtalenv_python example task requires virtualenv, please install it.
[2024-10-08T15:07:18.136+0900] {processor.py:925} INFO - DAG(s) 'example_python_operator' retrieved from /Users/alookso/1007MLpj/myenv/lib/python3.10/site-packages/airflow/example_dags/example_python_operator.py
[2024-10-08T15:07:18.269+0900] {logging_mixin.py:190} INFO - [2024-10-08T15:07:18.268+0900] {dag.py:3239} INFO - Sync 1 DAGs
[2024-10-08T15:07:18.281+0900] {logging_mixin.py:190} INFO - [2024-10-08T15:07:18.281+0900] {dag.py:4180} INFO - Setting next_dagrun for example_python_operator to None, run_after=None
[2024-10-08T15:07:18.301+0900] {processor.py:208} INFO - Processing /Users/alookso/1007MLpj/myenv/lib/python3.10/site-packages/airflow/example_dags/example_python_operator.py took 0.203 seconds
[2024-10-08T15:10:22.957+0900] {processor.py:186} INFO - Started process (PID=23091) to work on /Users/alookso/1007MLpj/myenv/lib/python3.10/site-packages/airflow/example_dags/example_python_operator.py
[2024-10-08T15:10:22.957+0900] {processor.py:914} INFO - Processing file /Users/alookso/1007MLpj/myenv/lib/python3.10/site-packages/airflow/example_dags/example_python_operator.py for tasks to queue
[2024-10-08T15:10:22.958+0900] {logging_mixin.py:190} INFO - [2024-10-08T15:10:22.958+0900] {dagbag.py:588} INFO - Filling up the DagBag from /Users/alookso/1007MLpj/myenv/lib/python3.10/site-packages/airflow/example_dags/example_python_operator.py
[2024-10-08T15:10:22.984+0900] {logging_mixin.py:190} INFO - [2024-10-08T15:10:22.984+0900] {example_python_operator.py:93} WARNING - The virtalenv_python example task requires virtualenv, please install it.
[2024-10-08T15:10:22.988+0900] {processor.py:925} INFO - DAG(s) 'example_python_operator' retrieved from /Users/alookso/1007MLpj/myenv/lib/python3.10/site-packages/airflow/example_dags/example_python_operator.py
[2024-10-08T15:10:23.115+0900] {logging_mixin.py:190} INFO - [2024-10-08T15:10:23.114+0900] {dag.py:3239} INFO - Sync 1 DAGs
[2024-10-08T15:10:23.127+0900] {logging_mixin.py:190} INFO - [2024-10-08T15:10:23.127+0900] {dag.py:4180} INFO - Setting next_dagrun for example_python_operator to None, run_after=None
[2024-10-08T15:10:23.147+0900] {processor.py:208} INFO - Processing /Users/alookso/1007MLpj/myenv/lib/python3.10/site-packages/airflow/example_dags/example_python_operator.py took 0.194 seconds
[2024-10-08T15:13:22.331+0900] {processor.py:186} INFO - Started process (PID=23168) to work on /Users/alookso/1007MLpj/myenv/lib/python3.10/site-packages/airflow/example_dags/example_python_operator.py
[2024-10-08T15:13:22.332+0900] {processor.py:914} INFO - Processing file /Users/alookso/1007MLpj/myenv/lib/python3.10/site-packages/airflow/example_dags/example_python_operator.py for tasks to queue
[2024-10-08T15:13:22.333+0900] {logging_mixin.py:190} INFO - [2024-10-08T15:13:22.332+0900] {dagbag.py:588} INFO - Filling up the DagBag from /Users/alookso/1007MLpj/myenv/lib/python3.10/site-packages/airflow/example_dags/example_python_operator.py
[2024-10-08T15:13:22.359+0900] {logging_mixin.py:190} INFO - [2024-10-08T15:13:22.358+0900] {example_python_operator.py:93} WARNING - The virtalenv_python example task requires virtualenv, please install it.
[2024-10-08T15:13:22.363+0900] {processor.py:925} INFO - DAG(s) 'example_python_operator' retrieved from /Users/alookso/1007MLpj/myenv/lib/python3.10/site-packages/airflow/example_dags/example_python_operator.py
[2024-10-08T15:13:22.496+0900] {logging_mixin.py:190} INFO - [2024-10-08T15:13:22.496+0900] {dag.py:3239} INFO - Sync 1 DAGs
[2024-10-08T15:13:22.509+0900] {logging_mixin.py:190} INFO - [2024-10-08T15:13:22.508+0900] {dag.py:4180} INFO - Setting next_dagrun for example_python_operator to None, run_after=None
[2024-10-08T15:13:22.528+0900] {processor.py:208} INFO - Processing /Users/alookso/1007MLpj/myenv/lib/python3.10/site-packages/airflow/example_dags/example_python_operator.py took 0.202 seconds
[2024-10-08T15:16:20.676+0900] {processor.py:186} INFO - Started process (PID=23252) to work on /Users/alookso/1007MLpj/myenv/lib/python3.10/site-packages/airflow/example_dags/example_python_operator.py
[2024-10-08T15:16:20.677+0900] {processor.py:914} INFO - Processing file /Users/alookso/1007MLpj/myenv/lib/python3.10/site-packages/airflow/example_dags/example_python_operator.py for tasks to queue
[2024-10-08T15:16:20.678+0900] {logging_mixin.py:190} INFO - [2024-10-08T15:16:20.678+0900] {dagbag.py:588} INFO - Filling up the DagBag from /Users/alookso/1007MLpj/myenv/lib/python3.10/site-packages/airflow/example_dags/example_python_operator.py
[2024-10-08T15:16:20.705+0900] {logging_mixin.py:190} INFO - [2024-10-08T15:16:20.704+0900] {example_python_operator.py:93} WARNING - The virtalenv_python example task requires virtualenv, please install it.
[2024-10-08T15:16:20.710+0900] {processor.py:925} INFO - DAG(s) 'example_python_operator' retrieved from /Users/alookso/1007MLpj/myenv/lib/python3.10/site-packages/airflow/example_dags/example_python_operator.py
[2024-10-08T15:16:20.842+0900] {logging_mixin.py:190} INFO - [2024-10-08T15:16:20.842+0900] {dag.py:3239} INFO - Sync 1 DAGs
[2024-10-08T15:16:20.855+0900] {logging_mixin.py:190} INFO - [2024-10-08T15:16:20.855+0900] {dag.py:4180} INFO - Setting next_dagrun for example_python_operator to None, run_after=None
[2024-10-08T15:16:20.878+0900] {processor.py:208} INFO - Processing /Users/alookso/1007MLpj/myenv/lib/python3.10/site-packages/airflow/example_dags/example_python_operator.py took 0.208 seconds
[2024-10-08T15:19:29.934+0900] {processor.py:186} INFO - Started process (PID=23349) to work on /Users/alookso/1007MLpj/myenv/lib/python3.10/site-packages/airflow/example_dags/example_python_operator.py
[2024-10-08T15:19:29.935+0900] {processor.py:914} INFO - Processing file /Users/alookso/1007MLpj/myenv/lib/python3.10/site-packages/airflow/example_dags/example_python_operator.py for tasks to queue
[2024-10-08T15:19:29.936+0900] {logging_mixin.py:190} INFO - [2024-10-08T15:19:29.935+0900] {dagbag.py:588} INFO - Filling up the DagBag from /Users/alookso/1007MLpj/myenv/lib/python3.10/site-packages/airflow/example_dags/example_python_operator.py
[2024-10-08T15:19:29.961+0900] {logging_mixin.py:190} INFO - [2024-10-08T15:19:29.961+0900] {example_python_operator.py:93} WARNING - The virtalenv_python example task requires virtualenv, please install it.
[2024-10-08T15:19:29.966+0900] {processor.py:925} INFO - DAG(s) 'example_python_operator' retrieved from /Users/alookso/1007MLpj/myenv/lib/python3.10/site-packages/airflow/example_dags/example_python_operator.py
[2024-10-08T15:19:30.102+0900] {logging_mixin.py:190} INFO - [2024-10-08T15:19:30.101+0900] {dag.py:3239} INFO - Sync 1 DAGs
[2024-10-08T15:19:30.114+0900] {logging_mixin.py:190} INFO - [2024-10-08T15:19:30.114+0900] {dag.py:4180} INFO - Setting next_dagrun for example_python_operator to None, run_after=None
[2024-10-08T15:19:30.134+0900] {processor.py:208} INFO - Processing /Users/alookso/1007MLpj/myenv/lib/python3.10/site-packages/airflow/example_dags/example_python_operator.py took 0.204 seconds
[2024-10-08T15:22:37.945+0900] {processor.py:186} INFO - Started process (PID=23440) to work on /Users/alookso/1007MLpj/myenv/lib/python3.10/site-packages/airflow/example_dags/example_python_operator.py
[2024-10-08T15:22:37.946+0900] {processor.py:914} INFO - Processing file /Users/alookso/1007MLpj/myenv/lib/python3.10/site-packages/airflow/example_dags/example_python_operator.py for tasks to queue
[2024-10-08T15:22:37.947+0900] {logging_mixin.py:190} INFO - [2024-10-08T15:22:37.947+0900] {dagbag.py:588} INFO - Filling up the DagBag from /Users/alookso/1007MLpj/myenv/lib/python3.10/site-packages/airflow/example_dags/example_python_operator.py
[2024-10-08T15:22:37.973+0900] {logging_mixin.py:190} INFO - [2024-10-08T15:22:37.973+0900] {example_python_operator.py:93} WARNING - The virtalenv_python example task requires virtualenv, please install it.
[2024-10-08T15:22:37.977+0900] {processor.py:925} INFO - DAG(s) 'example_python_operator' retrieved from /Users/alookso/1007MLpj/myenv/lib/python3.10/site-packages/airflow/example_dags/example_python_operator.py
[2024-10-08T15:22:38.109+0900] {logging_mixin.py:190} INFO - [2024-10-08T15:22:38.109+0900] {dag.py:3239} INFO - Sync 1 DAGs
[2024-10-08T15:22:38.122+0900] {logging_mixin.py:190} INFO - [2024-10-08T15:22:38.122+0900] {dag.py:4180} INFO - Setting next_dagrun for example_python_operator to None, run_after=None
[2024-10-08T15:22:38.142+0900] {processor.py:208} INFO - Processing /Users/alookso/1007MLpj/myenv/lib/python3.10/site-packages/airflow/example_dags/example_python_operator.py took 0.203 seconds
[2024-10-08T15:25:43.781+0900] {processor.py:186} INFO - Started process (PID=23529) to work on /Users/alookso/1007MLpj/myenv/lib/python3.10/site-packages/airflow/example_dags/example_python_operator.py
[2024-10-08T15:25:43.782+0900] {processor.py:914} INFO - Processing file /Users/alookso/1007MLpj/myenv/lib/python3.10/site-packages/airflow/example_dags/example_python_operator.py for tasks to queue
[2024-10-08T15:25:43.783+0900] {logging_mixin.py:190} INFO - [2024-10-08T15:25:43.783+0900] {dagbag.py:588} INFO - Filling up the DagBag from /Users/alookso/1007MLpj/myenv/lib/python3.10/site-packages/airflow/example_dags/example_python_operator.py
[2024-10-08T15:25:43.811+0900] {logging_mixin.py:190} INFO - [2024-10-08T15:25:43.811+0900] {example_python_operator.py:93} WARNING - The virtalenv_python example task requires virtualenv, please install it.
[2024-10-08T15:25:43.816+0900] {processor.py:925} INFO - DAG(s) 'example_python_operator' retrieved from /Users/alookso/1007MLpj/myenv/lib/python3.10/site-packages/airflow/example_dags/example_python_operator.py
[2024-10-08T15:25:43.957+0900] {logging_mixin.py:190} INFO - [2024-10-08T15:25:43.956+0900] {dag.py:3239} INFO - Sync 1 DAGs
[2024-10-08T15:25:43.970+0900] {logging_mixin.py:190} INFO - [2024-10-08T15:25:43.970+0900] {dag.py:4180} INFO - Setting next_dagrun for example_python_operator to None, run_after=None
[2024-10-08T15:25:43.991+0900] {processor.py:208} INFO - Processing /Users/alookso/1007MLpj/myenv/lib/python3.10/site-packages/airflow/example_dags/example_python_operator.py took 0.215 seconds
[2024-10-08T15:28:46.109+0900] {processor.py:186} INFO - Started process (PID=23642) to work on /Users/alookso/1007MLpj/myenv/lib/python3.10/site-packages/airflow/example_dags/example_python_operator.py
[2024-10-08T15:28:46.109+0900] {processor.py:914} INFO - Processing file /Users/alookso/1007MLpj/myenv/lib/python3.10/site-packages/airflow/example_dags/example_python_operator.py for tasks to queue
[2024-10-08T15:28:46.110+0900] {logging_mixin.py:190} INFO - [2024-10-08T15:28:46.110+0900] {dagbag.py:588} INFO - Filling up the DagBag from /Users/alookso/1007MLpj/myenv/lib/python3.10/site-packages/airflow/example_dags/example_python_operator.py
[2024-10-08T15:28:46.136+0900] {logging_mixin.py:190} INFO - [2024-10-08T15:28:46.136+0900] {example_python_operator.py:93} WARNING - The virtalenv_python example task requires virtualenv, please install it.
[2024-10-08T15:28:46.141+0900] {processor.py:925} INFO - DAG(s) 'example_python_operator' retrieved from /Users/alookso/1007MLpj/myenv/lib/python3.10/site-packages/airflow/example_dags/example_python_operator.py
[2024-10-08T15:28:46.276+0900] {logging_mixin.py:190} INFO - [2024-10-08T15:28:46.275+0900] {dag.py:3239} INFO - Sync 1 DAGs
[2024-10-08T15:28:46.288+0900] {logging_mixin.py:190} INFO - [2024-10-08T15:28:46.288+0900] {dag.py:4180} INFO - Setting next_dagrun for example_python_operator to None, run_after=None
[2024-10-08T15:28:46.308+0900] {processor.py:208} INFO - Processing /Users/alookso/1007MLpj/myenv/lib/python3.10/site-packages/airflow/example_dags/example_python_operator.py took 0.204 seconds
[2024-10-08T15:31:47.788+0900] {processor.py:186} INFO - Started process (PID=23747) to work on /Users/alookso/1007MLpj/myenv/lib/python3.10/site-packages/airflow/example_dags/example_python_operator.py
[2024-10-08T15:31:47.788+0900] {processor.py:914} INFO - Processing file /Users/alookso/1007MLpj/myenv/lib/python3.10/site-packages/airflow/example_dags/example_python_operator.py for tasks to queue
[2024-10-08T15:31:47.789+0900] {logging_mixin.py:190} INFO - [2024-10-08T15:31:47.789+0900] {dagbag.py:588} INFO - Filling up the DagBag from /Users/alookso/1007MLpj/myenv/lib/python3.10/site-packages/airflow/example_dags/example_python_operator.py
[2024-10-08T15:31:47.814+0900] {logging_mixin.py:190} INFO - [2024-10-08T15:31:47.814+0900] {example_python_operator.py:93} WARNING - The virtalenv_python example task requires virtualenv, please install it.
[2024-10-08T15:31:47.819+0900] {processor.py:925} INFO - DAG(s) 'example_python_operator' retrieved from /Users/alookso/1007MLpj/myenv/lib/python3.10/site-packages/airflow/example_dags/example_python_operator.py
[2024-10-08T15:31:47.950+0900] {logging_mixin.py:190} INFO - [2024-10-08T15:31:47.950+0900] {dag.py:3239} INFO - Sync 1 DAGs
[2024-10-08T15:31:47.963+0900] {logging_mixin.py:190} INFO - [2024-10-08T15:31:47.962+0900] {dag.py:4180} INFO - Setting next_dagrun for example_python_operator to None, run_after=None
[2024-10-08T15:31:47.982+0900] {processor.py:208} INFO - Processing /Users/alookso/1007MLpj/myenv/lib/python3.10/site-packages/airflow/example_dags/example_python_operator.py took 0.199 seconds
[2024-10-08T16:37:09.065+0900] {processor.py:186} INFO - Started process (PID=25032) to work on /Users/alookso/1007MLpj/myenv/lib/python3.10/site-packages/airflow/example_dags/example_python_operator.py
[2024-10-08T16:37:09.066+0900] {processor.py:914} INFO - Processing file /Users/alookso/1007MLpj/myenv/lib/python3.10/site-packages/airflow/example_dags/example_python_operator.py for tasks to queue
[2024-10-08T16:37:09.066+0900] {logging_mixin.py:190} INFO - [2024-10-08T16:37:09.066+0900] {dagbag.py:588} INFO - Filling up the DagBag from /Users/alookso/1007MLpj/myenv/lib/python3.10/site-packages/airflow/example_dags/example_python_operator.py
[2024-10-08T16:37:09.093+0900] {logging_mixin.py:190} INFO - [2024-10-08T16:37:09.092+0900] {example_python_operator.py:93} WARNING - The virtalenv_python example task requires virtualenv, please install it.
[2024-10-08T16:37:09.097+0900] {processor.py:925} INFO - DAG(s) 'example_python_operator' retrieved from /Users/alookso/1007MLpj/myenv/lib/python3.10/site-packages/airflow/example_dags/example_python_operator.py
[2024-10-08T16:37:09.232+0900] {logging_mixin.py:190} INFO - [2024-10-08T16:37:09.232+0900] {dag.py:3239} INFO - Sync 1 DAGs
[2024-10-08T16:37:09.246+0900] {logging_mixin.py:190} INFO - [2024-10-08T16:37:09.245+0900] {dag.py:4180} INFO - Setting next_dagrun for example_python_operator to None, run_after=None
[2024-10-08T16:37:09.266+0900] {processor.py:208} INFO - Processing /Users/alookso/1007MLpj/myenv/lib/python3.10/site-packages/airflow/example_dags/example_python_operator.py took 0.206 seconds
[2024-10-08T17:28:41.129+0900] {processor.py:186} INFO - Started process (PID=26400) to work on /Users/alookso/1007MLpj/myenv/lib/python3.10/site-packages/airflow/example_dags/example_python_operator.py
[2024-10-08T17:28:41.129+0900] {processor.py:914} INFO - Processing file /Users/alookso/1007MLpj/myenv/lib/python3.10/site-packages/airflow/example_dags/example_python_operator.py for tasks to queue
[2024-10-08T17:28:41.130+0900] {logging_mixin.py:190} INFO - [2024-10-08T17:28:41.130+0900] {dagbag.py:588} INFO - Filling up the DagBag from /Users/alookso/1007MLpj/myenv/lib/python3.10/site-packages/airflow/example_dags/example_python_operator.py
[2024-10-08T17:28:41.156+0900] {logging_mixin.py:190} INFO - [2024-10-08T17:28:41.156+0900] {example_python_operator.py:93} WARNING - The virtalenv_python example task requires virtualenv, please install it.
[2024-10-08T17:28:41.161+0900] {processor.py:925} INFO - DAG(s) 'example_python_operator' retrieved from /Users/alookso/1007MLpj/myenv/lib/python3.10/site-packages/airflow/example_dags/example_python_operator.py
[2024-10-08T17:28:41.292+0900] {logging_mixin.py:190} INFO - [2024-10-08T17:28:41.292+0900] {dag.py:3239} INFO - Sync 1 DAGs
[2024-10-08T17:28:41.305+0900] {logging_mixin.py:190} INFO - [2024-10-08T17:28:41.305+0900] {dag.py:4180} INFO - Setting next_dagrun for example_python_operator to None, run_after=None
[2024-10-08T17:28:41.325+0900] {processor.py:208} INFO - Processing /Users/alookso/1007MLpj/myenv/lib/python3.10/site-packages/airflow/example_dags/example_python_operator.py took 0.201 seconds
[2024-10-08T17:43:30.790+0900] {processor.py:186} INFO - Started process (PID=26899) to work on /Users/alookso/1007MLpj/myenv/lib/python3.10/site-packages/airflow/example_dags/example_python_operator.py
[2024-10-08T17:43:30.791+0900] {processor.py:914} INFO - Processing file /Users/alookso/1007MLpj/myenv/lib/python3.10/site-packages/airflow/example_dags/example_python_operator.py for tasks to queue
[2024-10-08T17:43:30.792+0900] {logging_mixin.py:190} INFO - [2024-10-08T17:43:30.792+0900] {dagbag.py:588} INFO - Filling up the DagBag from /Users/alookso/1007MLpj/myenv/lib/python3.10/site-packages/airflow/example_dags/example_python_operator.py
[2024-10-08T17:43:30.819+0900] {logging_mixin.py:190} INFO - [2024-10-08T17:43:30.818+0900] {example_python_operator.py:93} WARNING - The virtalenv_python example task requires virtualenv, please install it.
[2024-10-08T17:43:30.823+0900] {processor.py:925} INFO - DAG(s) 'example_python_operator' retrieved from /Users/alookso/1007MLpj/myenv/lib/python3.10/site-packages/airflow/example_dags/example_python_operator.py
[2024-10-08T17:43:30.958+0900] {logging_mixin.py:190} INFO - [2024-10-08T17:43:30.957+0900] {dag.py:3239} INFO - Sync 1 DAGs
[2024-10-08T17:43:30.971+0900] {logging_mixin.py:190} INFO - [2024-10-08T17:43:30.971+0900] {dag.py:4180} INFO - Setting next_dagrun for example_python_operator to None, run_after=None
[2024-10-08T17:43:30.991+0900] {processor.py:208} INFO - Processing /Users/alookso/1007MLpj/myenv/lib/python3.10/site-packages/airflow/example_dags/example_python_operator.py took 0.205 seconds
[2024-10-08T17:55:53.316+0900] {processor.py:186} INFO - Started process (PID=27330) to work on /Users/alookso/1007MLpj/myenv/lib/python3.10/site-packages/airflow/example_dags/example_python_operator.py
[2024-10-08T17:55:53.317+0900] {processor.py:914} INFO - Processing file /Users/alookso/1007MLpj/myenv/lib/python3.10/site-packages/airflow/example_dags/example_python_operator.py for tasks to queue
[2024-10-08T17:55:53.318+0900] {logging_mixin.py:190} INFO - [2024-10-08T17:55:53.318+0900] {dagbag.py:588} INFO - Filling up the DagBag from /Users/alookso/1007MLpj/myenv/lib/python3.10/site-packages/airflow/example_dags/example_python_operator.py
[2024-10-08T17:55:53.342+0900] {logging_mixin.py:190} INFO - [2024-10-08T17:55:53.342+0900] {example_python_operator.py:93} WARNING - The virtalenv_python example task requires virtualenv, please install it.
[2024-10-08T17:55:53.347+0900] {processor.py:925} INFO - DAG(s) 'example_python_operator' retrieved from /Users/alookso/1007MLpj/myenv/lib/python3.10/site-packages/airflow/example_dags/example_python_operator.py
[2024-10-08T17:55:53.474+0900] {logging_mixin.py:190} INFO - [2024-10-08T17:55:53.473+0900] {dag.py:3239} INFO - Sync 1 DAGs
[2024-10-08T17:55:53.486+0900] {logging_mixin.py:190} INFO - [2024-10-08T17:55:53.486+0900] {dag.py:4180} INFO - Setting next_dagrun for example_python_operator to None, run_after=None
[2024-10-08T17:55:53.506+0900] {processor.py:208} INFO - Processing /Users/alookso/1007MLpj/myenv/lib/python3.10/site-packages/airflow/example_dags/example_python_operator.py took 0.194 seconds
[2024-10-08T18:00:43.237+0900] {processor.py:186} INFO - Started process (PID=27533) to work on /Users/alookso/1007MLpj/myenv/lib/python3.10/site-packages/airflow/example_dags/example_python_operator.py
[2024-10-08T18:00:43.238+0900] {processor.py:914} INFO - Processing file /Users/alookso/1007MLpj/myenv/lib/python3.10/site-packages/airflow/example_dags/example_python_operator.py for tasks to queue
[2024-10-08T18:00:43.239+0900] {logging_mixin.py:190} INFO - [2024-10-08T18:00:43.239+0900] {dagbag.py:588} INFO - Filling up the DagBag from /Users/alookso/1007MLpj/myenv/lib/python3.10/site-packages/airflow/example_dags/example_python_operator.py
[2024-10-08T18:00:43.267+0900] {logging_mixin.py:190} INFO - [2024-10-08T18:00:43.267+0900] {example_python_operator.py:93} WARNING - The virtalenv_python example task requires virtualenv, please install it.
[2024-10-08T18:00:43.273+0900] {processor.py:925} INFO - DAG(s) 'example_python_operator' retrieved from /Users/alookso/1007MLpj/myenv/lib/python3.10/site-packages/airflow/example_dags/example_python_operator.py
[2024-10-08T18:00:43.412+0900] {logging_mixin.py:190} INFO - [2024-10-08T18:00:43.411+0900] {dag.py:3239} INFO - Sync 1 DAGs
[2024-10-08T18:00:43.424+0900] {logging_mixin.py:190} INFO - [2024-10-08T18:00:43.424+0900] {dag.py:4180} INFO - Setting next_dagrun for example_python_operator to None, run_after=None
[2024-10-08T18:00:43.444+0900] {processor.py:208} INFO - Processing /Users/alookso/1007MLpj/myenv/lib/python3.10/site-packages/airflow/example_dags/example_python_operator.py took 0.212 seconds
[2024-10-08T18:04:23.932+0900] {processor.py:186} INFO - Started process (PID=27672) to work on /Users/alookso/1007MLpj/myenv/lib/python3.10/site-packages/airflow/example_dags/example_python_operator.py
[2024-10-08T18:04:23.933+0900] {processor.py:914} INFO - Processing file /Users/alookso/1007MLpj/myenv/lib/python3.10/site-packages/airflow/example_dags/example_python_operator.py for tasks to queue
[2024-10-08T18:04:23.934+0900] {logging_mixin.py:190} INFO - [2024-10-08T18:04:23.934+0900] {dagbag.py:588} INFO - Filling up the DagBag from /Users/alookso/1007MLpj/myenv/lib/python3.10/site-packages/airflow/example_dags/example_python_operator.py
[2024-10-08T18:04:23.960+0900] {logging_mixin.py:190} INFO - [2024-10-08T18:04:23.960+0900] {example_python_operator.py:93} WARNING - The virtalenv_python example task requires virtualenv, please install it.
[2024-10-08T18:04:23.964+0900] {processor.py:925} INFO - DAG(s) 'example_python_operator' retrieved from /Users/alookso/1007MLpj/myenv/lib/python3.10/site-packages/airflow/example_dags/example_python_operator.py
[2024-10-08T18:04:24.097+0900] {logging_mixin.py:190} INFO - [2024-10-08T18:04:24.097+0900] {dag.py:3239} INFO - Sync 1 DAGs
[2024-10-08T18:04:24.110+0900] {logging_mixin.py:190} INFO - [2024-10-08T18:04:24.110+0900] {dag.py:4180} INFO - Setting next_dagrun for example_python_operator to None, run_after=None
[2024-10-08T18:04:24.131+0900] {processor.py:208} INFO - Processing /Users/alookso/1007MLpj/myenv/lib/python3.10/site-packages/airflow/example_dags/example_python_operator.py took 0.203 seconds
[2024-10-08T18:06:51.427+0900] {processor.py:186} INFO - Started process (PID=27772) to work on /Users/alookso/1007MLpj/myenv/lib/python3.10/site-packages/airflow/example_dags/example_python_operator.py
[2024-10-08T18:06:51.428+0900] {processor.py:914} INFO - Processing file /Users/alookso/1007MLpj/myenv/lib/python3.10/site-packages/airflow/example_dags/example_python_operator.py for tasks to queue
[2024-10-08T18:06:51.428+0900] {logging_mixin.py:190} INFO - [2024-10-08T18:06:51.428+0900] {dagbag.py:588} INFO - Filling up the DagBag from /Users/alookso/1007MLpj/myenv/lib/python3.10/site-packages/airflow/example_dags/example_python_operator.py
[2024-10-08T18:06:51.454+0900] {logging_mixin.py:190} INFO - [2024-10-08T18:06:51.454+0900] {example_python_operator.py:93} WARNING - The virtalenv_python example task requires virtualenv, please install it.
[2024-10-08T18:06:51.458+0900] {processor.py:925} INFO - DAG(s) 'example_python_operator' retrieved from /Users/alookso/1007MLpj/myenv/lib/python3.10/site-packages/airflow/example_dags/example_python_operator.py
[2024-10-08T18:06:51.589+0900] {logging_mixin.py:190} INFO - [2024-10-08T18:06:51.589+0900] {dag.py:3239} INFO - Sync 1 DAGs
[2024-10-08T18:06:51.602+0900] {logging_mixin.py:190} INFO - [2024-10-08T18:06:51.602+0900] {dag.py:4180} INFO - Setting next_dagrun for example_python_operator to None, run_after=None
[2024-10-08T18:06:51.621+0900] {processor.py:208} INFO - Processing /Users/alookso/1007MLpj/myenv/lib/python3.10/site-packages/airflow/example_dags/example_python_operator.py took 0.198 seconds
[2024-10-08T18:10:30.405+0900] {processor.py:186} INFO - Started process (PID=27885) to work on /Users/alookso/1007MLpj/myenv/lib/python3.10/site-packages/airflow/example_dags/example_python_operator.py
[2024-10-08T18:10:30.406+0900] {processor.py:914} INFO - Processing file /Users/alookso/1007MLpj/myenv/lib/python3.10/site-packages/airflow/example_dags/example_python_operator.py for tasks to queue
[2024-10-08T18:10:30.407+0900] {logging_mixin.py:190} INFO - [2024-10-08T18:10:30.406+0900] {dagbag.py:588} INFO - Filling up the DagBag from /Users/alookso/1007MLpj/myenv/lib/python3.10/site-packages/airflow/example_dags/example_python_operator.py
[2024-10-08T18:10:30.433+0900] {logging_mixin.py:190} INFO - [2024-10-08T18:10:30.433+0900] {example_python_operator.py:93} WARNING - The virtalenv_python example task requires virtualenv, please install it.
[2024-10-08T18:10:30.438+0900] {processor.py:925} INFO - DAG(s) 'example_python_operator' retrieved from /Users/alookso/1007MLpj/myenv/lib/python3.10/site-packages/airflow/example_dags/example_python_operator.py
[2024-10-08T18:10:30.573+0900] {logging_mixin.py:190} INFO - [2024-10-08T18:10:30.572+0900] {dag.py:3239} INFO - Sync 1 DAGs
[2024-10-08T18:10:30.585+0900] {logging_mixin.py:190} INFO - [2024-10-08T18:10:30.585+0900] {dag.py:4180} INFO - Setting next_dagrun for example_python_operator to None, run_after=None
[2024-10-08T18:10:30.605+0900] {processor.py:208} INFO - Processing /Users/alookso/1007MLpj/myenv/lib/python3.10/site-packages/airflow/example_dags/example_python_operator.py took 0.204 seconds
[2024-10-08T18:13:41.408+0900] {processor.py:186} INFO - Started process (PID=27968) to work on /Users/alookso/1007MLpj/myenv/lib/python3.10/site-packages/airflow/example_dags/example_python_operator.py
[2024-10-08T18:13:41.408+0900] {processor.py:914} INFO - Processing file /Users/alookso/1007MLpj/myenv/lib/python3.10/site-packages/airflow/example_dags/example_python_operator.py for tasks to queue
[2024-10-08T18:13:41.409+0900] {logging_mixin.py:190} INFO - [2024-10-08T18:13:41.409+0900] {dagbag.py:588} INFO - Filling up the DagBag from /Users/alookso/1007MLpj/myenv/lib/python3.10/site-packages/airflow/example_dags/example_python_operator.py
[2024-10-08T18:13:41.435+0900] {logging_mixin.py:190} INFO - [2024-10-08T18:13:41.434+0900] {example_python_operator.py:93} WARNING - The virtalenv_python example task requires virtualenv, please install it.
[2024-10-08T18:13:41.439+0900] {processor.py:925} INFO - DAG(s) 'example_python_operator' retrieved from /Users/alookso/1007MLpj/myenv/lib/python3.10/site-packages/airflow/example_dags/example_python_operator.py
[2024-10-08T18:13:41.571+0900] {logging_mixin.py:190} INFO - [2024-10-08T18:13:41.570+0900] {dag.py:3239} INFO - Sync 1 DAGs
[2024-10-08T18:13:41.583+0900] {logging_mixin.py:190} INFO - [2024-10-08T18:13:41.583+0900] {dag.py:4180} INFO - Setting next_dagrun for example_python_operator to None, run_after=None
[2024-10-08T18:13:41.602+0900] {processor.py:208} INFO - Processing /Users/alookso/1007MLpj/myenv/lib/python3.10/site-packages/airflow/example_dags/example_python_operator.py took 0.199 seconds
[2024-10-08T18:16:50.347+0900] {processor.py:186} INFO - Started process (PID=28073) to work on /Users/alookso/1007MLpj/myenv/lib/python3.10/site-packages/airflow/example_dags/example_python_operator.py
[2024-10-08T18:16:50.348+0900] {processor.py:914} INFO - Processing file /Users/alookso/1007MLpj/myenv/lib/python3.10/site-packages/airflow/example_dags/example_python_operator.py for tasks to queue
[2024-10-08T18:16:50.349+0900] {logging_mixin.py:190} INFO - [2024-10-08T18:16:50.349+0900] {dagbag.py:588} INFO - Filling up the DagBag from /Users/alookso/1007MLpj/myenv/lib/python3.10/site-packages/airflow/example_dags/example_python_operator.py
[2024-10-08T18:16:50.374+0900] {logging_mixin.py:190} INFO - [2024-10-08T18:16:50.374+0900] {example_python_operator.py:93} WARNING - The virtalenv_python example task requires virtualenv, please install it.
[2024-10-08T18:16:50.378+0900] {processor.py:925} INFO - DAG(s) 'example_python_operator' retrieved from /Users/alookso/1007MLpj/myenv/lib/python3.10/site-packages/airflow/example_dags/example_python_operator.py
[2024-10-08T18:16:50.527+0900] {logging_mixin.py:190} INFO - [2024-10-08T18:16:50.526+0900] {dag.py:3239} INFO - Sync 1 DAGs
[2024-10-08T18:16:50.539+0900] {logging_mixin.py:190} INFO - [2024-10-08T18:16:50.539+0900] {dag.py:4180} INFO - Setting next_dagrun for example_python_operator to None, run_after=None
[2024-10-08T18:16:50.561+0900] {processor.py:208} INFO - Processing /Users/alookso/1007MLpj/myenv/lib/python3.10/site-packages/airflow/example_dags/example_python_operator.py took 0.218 seconds
[2024-10-08T18:20:02.777+0900] {processor.py:186} INFO - Started process (PID=28168) to work on /Users/alookso/1007MLpj/myenv/lib/python3.10/site-packages/airflow/example_dags/example_python_operator.py
[2024-10-08T18:20:02.778+0900] {processor.py:914} INFO - Processing file /Users/alookso/1007MLpj/myenv/lib/python3.10/site-packages/airflow/example_dags/example_python_operator.py for tasks to queue
[2024-10-08T18:20:02.779+0900] {logging_mixin.py:190} INFO - [2024-10-08T18:20:02.779+0900] {dagbag.py:588} INFO - Filling up the DagBag from /Users/alookso/1007MLpj/myenv/lib/python3.10/site-packages/airflow/example_dags/example_python_operator.py
[2024-10-08T18:20:02.805+0900] {logging_mixin.py:190} INFO - [2024-10-08T18:20:02.805+0900] {example_python_operator.py:93} WARNING - The virtalenv_python example task requires virtualenv, please install it.
[2024-10-08T18:20:02.809+0900] {processor.py:925} INFO - DAG(s) 'example_python_operator' retrieved from /Users/alookso/1007MLpj/myenv/lib/python3.10/site-packages/airflow/example_dags/example_python_operator.py
[2024-10-08T18:20:02.938+0900] {logging_mixin.py:190} INFO - [2024-10-08T18:20:02.938+0900] {dag.py:3239} INFO - Sync 1 DAGs
[2024-10-08T18:20:02.950+0900] {logging_mixin.py:190} INFO - [2024-10-08T18:20:02.950+0900] {dag.py:4180} INFO - Setting next_dagrun for example_python_operator to None, run_after=None
[2024-10-08T18:20:02.970+0900] {processor.py:208} INFO - Processing /Users/alookso/1007MLpj/myenv/lib/python3.10/site-packages/airflow/example_dags/example_python_operator.py took 0.199 seconds
[2024-10-08T18:47:20.902+0900] {processor.py:186} INFO - Started process (PID=29275) to work on /Users/alookso/1007MLpj/myenv/lib/python3.10/site-packages/airflow/example_dags/example_python_operator.py
[2024-10-08T18:47:20.903+0900] {processor.py:914} INFO - Processing file /Users/alookso/1007MLpj/myenv/lib/python3.10/site-packages/airflow/example_dags/example_python_operator.py for tasks to queue
[2024-10-08T18:47:20.904+0900] {logging_mixin.py:190} INFO - [2024-10-08T18:47:20.903+0900] {dagbag.py:588} INFO - Filling up the DagBag from /Users/alookso/1007MLpj/myenv/lib/python3.10/site-packages/airflow/example_dags/example_python_operator.py
[2024-10-08T18:47:20.929+0900] {logging_mixin.py:190} INFO - [2024-10-08T18:47:20.929+0900] {example_python_operator.py:93} WARNING - The virtalenv_python example task requires virtualenv, please install it.
[2024-10-08T18:47:20.933+0900] {processor.py:925} INFO - DAG(s) 'example_python_operator' retrieved from /Users/alookso/1007MLpj/myenv/lib/python3.10/site-packages/airflow/example_dags/example_python_operator.py
[2024-10-08T18:47:21.062+0900] {logging_mixin.py:190} INFO - [2024-10-08T18:47:21.062+0900] {dag.py:3239} INFO - Sync 1 DAGs
[2024-10-08T18:47:21.074+0900] {logging_mixin.py:190} INFO - [2024-10-08T18:47:21.074+0900] {dag.py:4180} INFO - Setting next_dagrun for example_python_operator to None, run_after=None
[2024-10-08T18:47:21.094+0900] {processor.py:208} INFO - Processing /Users/alookso/1007MLpj/myenv/lib/python3.10/site-packages/airflow/example_dags/example_python_operator.py took 0.197 seconds
