[2024-10-08T14:46:12.050+0900] {processor.py:186} INFO - Started process (PID=22300) to work on /Users/alookso/1007MLpj/myenv/lib/python3.10/site-packages/airflow/example_dags/example_branch_python_dop_operator_3.py
[2024-10-08T14:46:12.051+0900] {processor.py:914} INFO - Processing file /Users/alookso/1007MLpj/myenv/lib/python3.10/site-packages/airflow/example_dags/example_branch_python_dop_operator_3.py for tasks to queue
[2024-10-08T14:46:12.052+0900] {logging_mixin.py:190} INFO - [2024-10-08T14:46:12.051+0900] {dagbag.py:588} INFO - Filling up the DagBag from /Users/alookso/1007MLpj/myenv/lib/python3.10/site-packages/airflow/example_dags/example_branch_python_dop_operator_3.py
[2024-10-08T14:46:12.096+0900] {processor.py:925} INFO - DAG(s) 'example_branch_dop_operator_v3' retrieved from /Users/alookso/1007MLpj/myenv/lib/python3.10/site-packages/airflow/example_dags/example_branch_python_dop_operator_3.py
[2024-10-08T14:46:12.334+0900] {logging_mixin.py:190} INFO - [2024-10-08T14:46:12.334+0900] {override.py:1901} INFO - Created Permission View: can delete on DAG:example_branch_dop_operator_v3
[2024-10-08T14:46:12.345+0900] {logging_mixin.py:190} INFO - [2024-10-08T14:46:12.345+0900] {override.py:1901} INFO - Created Permission View: can edit on DAG:example_branch_dop_operator_v3
[2024-10-08T14:46:12.352+0900] {logging_mixin.py:190} INFO - [2024-10-08T14:46:12.352+0900] {override.py:1901} INFO - Created Permission View: can read on DAG:example_branch_dop_operator_v3
[2024-10-08T14:46:12.362+0900] {logging_mixin.py:190} INFO - [2024-10-08T14:46:12.361+0900] {override.py:1901} INFO - Created Permission View: menu access on DAG Run:example_branch_dop_operator_v3
[2024-10-08T14:46:12.369+0900] {logging_mixin.py:190} INFO - [2024-10-08T14:46:12.369+0900] {override.py:1901} INFO - Created Permission View: can create on DAG Run:example_branch_dop_operator_v3
[2024-10-08T14:46:12.377+0900] {logging_mixin.py:190} INFO - [2024-10-08T14:46:12.376+0900] {override.py:1901} INFO - Created Permission View: can delete on DAG Run:example_branch_dop_operator_v3
[2024-10-08T14:46:12.385+0900] {logging_mixin.py:190} INFO - [2024-10-08T14:46:12.384+0900] {override.py:1901} INFO - Created Permission View: can read on DAG Run:example_branch_dop_operator_v3
[2024-10-08T14:46:12.385+0900] {logging_mixin.py:190} INFO - [2024-10-08T14:46:12.385+0900] {dag.py:3239} INFO - Sync 1 DAGs
[2024-10-08T14:46:12.399+0900] {logging_mixin.py:190} INFO - [2024-10-08T14:46:12.399+0900] {dag.py:3262} INFO - Creating ORM DAG for example_branch_dop_operator_v3
[2024-10-08T14:46:12.413+0900] {logging_mixin.py:190} INFO - [2024-10-08T14:46:12.413+0900] {dag.py:4180} INFO - Setting next_dagrun for example_branch_dop_operator_v3 to 2024-10-08T05:45:00+00:00, run_after=2024-10-08T05:46:00+00:00
[2024-10-08T14:46:12.432+0900] {processor.py:208} INFO - Processing /Users/alookso/1007MLpj/myenv/lib/python3.10/site-packages/airflow/example_dags/example_branch_python_dop_operator_3.py took 0.387 seconds
[2024-10-08T14:52:29.273+0900] {processor.py:186} INFO - Started process (PID=22475) to work on /Users/alookso/1007MLpj/myenv/lib/python3.10/site-packages/airflow/example_dags/example_branch_python_dop_operator_3.py
[2024-10-08T14:52:29.274+0900] {processor.py:914} INFO - Processing file /Users/alookso/1007MLpj/myenv/lib/python3.10/site-packages/airflow/example_dags/example_branch_python_dop_operator_3.py for tasks to queue
[2024-10-08T14:52:29.275+0900] {logging_mixin.py:190} INFO - [2024-10-08T14:52:29.275+0900] {dagbag.py:588} INFO - Filling up the DagBag from /Users/alookso/1007MLpj/myenv/lib/python3.10/site-packages/airflow/example_dags/example_branch_python_dop_operator_3.py
[2024-10-08T14:52:29.318+0900] {processor.py:925} INFO - DAG(s) 'example_branch_dop_operator_v3' retrieved from /Users/alookso/1007MLpj/myenv/lib/python3.10/site-packages/airflow/example_dags/example_branch_python_dop_operator_3.py
[2024-10-08T14:52:29.448+0900] {logging_mixin.py:190} INFO - [2024-10-08T14:52:29.447+0900] {dag.py:3239} INFO - Sync 1 DAGs
[2024-10-08T14:52:29.472+0900] {logging_mixin.py:190} INFO - [2024-10-08T14:52:29.472+0900] {dag.py:4180} INFO - Setting next_dagrun for example_branch_dop_operator_v3 to 2024-10-08T05:51:00+00:00, run_after=2024-10-08T05:52:00+00:00
[2024-10-08T14:52:29.493+0900] {processor.py:208} INFO - Processing /Users/alookso/1007MLpj/myenv/lib/python3.10/site-packages/airflow/example_dags/example_branch_python_dop_operator_3.py took 0.224 seconds
[2024-10-08T14:58:42.205+0900] {processor.py:186} INFO - Started process (PID=22704) to work on /Users/alookso/1007MLpj/myenv/lib/python3.10/site-packages/airflow/example_dags/example_branch_python_dop_operator_3.py
[2024-10-08T14:58:42.206+0900] {processor.py:914} INFO - Processing file /Users/alookso/1007MLpj/myenv/lib/python3.10/site-packages/airflow/example_dags/example_branch_python_dop_operator_3.py for tasks to queue
[2024-10-08T14:58:42.207+0900] {logging_mixin.py:190} INFO - [2024-10-08T14:58:42.207+0900] {dagbag.py:588} INFO - Filling up the DagBag from /Users/alookso/1007MLpj/myenv/lib/python3.10/site-packages/airflow/example_dags/example_branch_python_dop_operator_3.py
[2024-10-08T14:58:42.253+0900] {processor.py:925} INFO - DAG(s) 'example_branch_dop_operator_v3' retrieved from /Users/alookso/1007MLpj/myenv/lib/python3.10/site-packages/airflow/example_dags/example_branch_python_dop_operator_3.py
[2024-10-08T14:58:42.389+0900] {logging_mixin.py:190} INFO - [2024-10-08T14:58:42.389+0900] {dag.py:3239} INFO - Sync 1 DAGs
[2024-10-08T14:58:42.414+0900] {logging_mixin.py:190} INFO - [2024-10-08T14:58:42.414+0900] {dag.py:4180} INFO - Setting next_dagrun for example_branch_dop_operator_v3 to 2024-10-08T05:57:00+00:00, run_after=2024-10-08T05:58:00+00:00
[2024-10-08T14:58:42.435+0900] {processor.py:208} INFO - Processing /Users/alookso/1007MLpj/myenv/lib/python3.10/site-packages/airflow/example_dags/example_branch_python_dop_operator_3.py took 0.235 seconds
[2024-10-08T15:05:00.503+0900] {processor.py:186} INFO - Started process (PID=22887) to work on /Users/alookso/1007MLpj/myenv/lib/python3.10/site-packages/airflow/example_dags/example_branch_python_dop_operator_3.py
[2024-10-08T15:05:00.503+0900] {processor.py:914} INFO - Processing file /Users/alookso/1007MLpj/myenv/lib/python3.10/site-packages/airflow/example_dags/example_branch_python_dop_operator_3.py for tasks to queue
[2024-10-08T15:05:00.504+0900] {logging_mixin.py:190} INFO - [2024-10-08T15:05:00.504+0900] {dagbag.py:588} INFO - Filling up the DagBag from /Users/alookso/1007MLpj/myenv/lib/python3.10/site-packages/airflow/example_dags/example_branch_python_dop_operator_3.py
[2024-10-08T15:05:00.550+0900] {processor.py:925} INFO - DAG(s) 'example_branch_dop_operator_v3' retrieved from /Users/alookso/1007MLpj/myenv/lib/python3.10/site-packages/airflow/example_dags/example_branch_python_dop_operator_3.py
[2024-10-08T15:05:00.680+0900] {logging_mixin.py:190} INFO - [2024-10-08T15:05:00.679+0900] {dag.py:3239} INFO - Sync 1 DAGs
[2024-10-08T15:05:00.705+0900] {logging_mixin.py:190} INFO - [2024-10-08T15:05:00.705+0900] {dag.py:4180} INFO - Setting next_dagrun for example_branch_dop_operator_v3 to 2024-10-08T06:04:00+00:00, run_after=2024-10-08T06:05:00+00:00
[2024-10-08T15:05:00.727+0900] {processor.py:208} INFO - Processing /Users/alookso/1007MLpj/myenv/lib/python3.10/site-packages/airflow/example_dags/example_branch_python_dop_operator_3.py took 0.229 seconds
[2024-10-08T15:11:09.292+0900] {processor.py:186} INFO - Started process (PID=23109) to work on /Users/alookso/1007MLpj/myenv/lib/python3.10/site-packages/airflow/example_dags/example_branch_python_dop_operator_3.py
[2024-10-08T15:11:09.293+0900] {processor.py:914} INFO - Processing file /Users/alookso/1007MLpj/myenv/lib/python3.10/site-packages/airflow/example_dags/example_branch_python_dop_operator_3.py for tasks to queue
[2024-10-08T15:11:09.294+0900] {logging_mixin.py:190} INFO - [2024-10-08T15:11:09.294+0900] {dagbag.py:588} INFO - Filling up the DagBag from /Users/alookso/1007MLpj/myenv/lib/python3.10/site-packages/airflow/example_dags/example_branch_python_dop_operator_3.py
[2024-10-08T15:11:09.337+0900] {processor.py:925} INFO - DAG(s) 'example_branch_dop_operator_v3' retrieved from /Users/alookso/1007MLpj/myenv/lib/python3.10/site-packages/airflow/example_dags/example_branch_python_dop_operator_3.py
[2024-10-08T15:11:09.464+0900] {logging_mixin.py:190} INFO - [2024-10-08T15:11:09.464+0900] {dag.py:3239} INFO - Sync 1 DAGs
[2024-10-08T15:11:09.489+0900] {logging_mixin.py:190} INFO - [2024-10-08T15:11:09.489+0900] {dag.py:4180} INFO - Setting next_dagrun for example_branch_dop_operator_v3 to 2024-10-08T06:10:00+00:00, run_after=2024-10-08T06:11:00+00:00
[2024-10-08T15:11:09.509+0900] {processor.py:208} INFO - Processing /Users/alookso/1007MLpj/myenv/lib/python3.10/site-packages/airflow/example_dags/example_branch_python_dop_operator_3.py took 0.221 seconds
[2024-10-08T15:17:09.590+0900] {processor.py:186} INFO - Started process (PID=23277) to work on /Users/alookso/1007MLpj/myenv/lib/python3.10/site-packages/airflow/example_dags/example_branch_python_dop_operator_3.py
[2024-10-08T15:17:09.591+0900] {processor.py:914} INFO - Processing file /Users/alookso/1007MLpj/myenv/lib/python3.10/site-packages/airflow/example_dags/example_branch_python_dop_operator_3.py for tasks to queue
[2024-10-08T15:17:09.592+0900] {logging_mixin.py:190} INFO - [2024-10-08T15:17:09.592+0900] {dagbag.py:588} INFO - Filling up the DagBag from /Users/alookso/1007MLpj/myenv/lib/python3.10/site-packages/airflow/example_dags/example_branch_python_dop_operator_3.py
[2024-10-08T15:17:09.643+0900] {processor.py:925} INFO - DAG(s) 'example_branch_dop_operator_v3' retrieved from /Users/alookso/1007MLpj/myenv/lib/python3.10/site-packages/airflow/example_dags/example_branch_python_dop_operator_3.py
[2024-10-08T15:17:09.777+0900] {logging_mixin.py:190} INFO - [2024-10-08T15:17:09.777+0900] {dag.py:3239} INFO - Sync 1 DAGs
[2024-10-08T15:17:09.802+0900] {logging_mixin.py:190} INFO - [2024-10-08T15:17:09.801+0900] {dag.py:4180} INFO - Setting next_dagrun for example_branch_dop_operator_v3 to 2024-10-08T06:16:00+00:00, run_after=2024-10-08T06:17:00+00:00
[2024-10-08T15:17:09.822+0900] {processor.py:208} INFO - Processing /Users/alookso/1007MLpj/myenv/lib/python3.10/site-packages/airflow/example_dags/example_branch_python_dop_operator_3.py took 0.241 seconds
[2024-10-08T15:23:25.773+0900] {processor.py:186} INFO - Started process (PID=23470) to work on /Users/alookso/1007MLpj/myenv/lib/python3.10/site-packages/airflow/example_dags/example_branch_python_dop_operator_3.py
[2024-10-08T15:23:25.774+0900] {processor.py:914} INFO - Processing file /Users/alookso/1007MLpj/myenv/lib/python3.10/site-packages/airflow/example_dags/example_branch_python_dop_operator_3.py for tasks to queue
[2024-10-08T15:23:25.775+0900] {logging_mixin.py:190} INFO - [2024-10-08T15:23:25.775+0900] {dagbag.py:588} INFO - Filling up the DagBag from /Users/alookso/1007MLpj/myenv/lib/python3.10/site-packages/airflow/example_dags/example_branch_python_dop_operator_3.py
[2024-10-08T15:23:25.820+0900] {processor.py:925} INFO - DAG(s) 'example_branch_dop_operator_v3' retrieved from /Users/alookso/1007MLpj/myenv/lib/python3.10/site-packages/airflow/example_dags/example_branch_python_dop_operator_3.py
[2024-10-08T15:23:25.948+0900] {logging_mixin.py:190} INFO - [2024-10-08T15:23:25.947+0900] {dag.py:3239} INFO - Sync 1 DAGs
[2024-10-08T15:23:25.973+0900] {logging_mixin.py:190} INFO - [2024-10-08T15:23:25.972+0900] {dag.py:4180} INFO - Setting next_dagrun for example_branch_dop_operator_v3 to 2024-10-08T06:22:00+00:00, run_after=2024-10-08T06:23:00+00:00
[2024-10-08T15:23:25.993+0900] {processor.py:208} INFO - Processing /Users/alookso/1007MLpj/myenv/lib/python3.10/site-packages/airflow/example_dags/example_branch_python_dop_operator_3.py took 0.225 seconds
[2024-10-08T15:29:29.832+0900] {processor.py:186} INFO - Started process (PID=23667) to work on /Users/alookso/1007MLpj/myenv/lib/python3.10/site-packages/airflow/example_dags/example_branch_python_dop_operator_3.py
[2024-10-08T15:29:29.833+0900] {processor.py:914} INFO - Processing file /Users/alookso/1007MLpj/myenv/lib/python3.10/site-packages/airflow/example_dags/example_branch_python_dop_operator_3.py for tasks to queue
[2024-10-08T15:29:29.834+0900] {logging_mixin.py:190} INFO - [2024-10-08T15:29:29.833+0900] {dagbag.py:588} INFO - Filling up the DagBag from /Users/alookso/1007MLpj/myenv/lib/python3.10/site-packages/airflow/example_dags/example_branch_python_dop_operator_3.py
[2024-10-08T15:29:29.880+0900] {processor.py:925} INFO - DAG(s) 'example_branch_dop_operator_v3' retrieved from /Users/alookso/1007MLpj/myenv/lib/python3.10/site-packages/airflow/example_dags/example_branch_python_dop_operator_3.py
[2024-10-08T15:29:30.012+0900] {logging_mixin.py:190} INFO - [2024-10-08T15:29:30.012+0900] {dag.py:3239} INFO - Sync 1 DAGs
[2024-10-08T15:29:30.037+0900] {logging_mixin.py:190} INFO - [2024-10-08T15:29:30.036+0900] {dag.py:4180} INFO - Setting next_dagrun for example_branch_dop_operator_v3 to 2024-10-08T06:28:00+00:00, run_after=2024-10-08T06:29:00+00:00
[2024-10-08T15:29:30.057+0900] {processor.py:208} INFO - Processing /Users/alookso/1007MLpj/myenv/lib/python3.10/site-packages/airflow/example_dags/example_branch_python_dop_operator_3.py took 0.230 seconds
[2024-10-08T16:38:26.413+0900] {processor.py:186} INFO - Started process (PID=25086) to work on /Users/alookso/1007MLpj/myenv/lib/python3.10/site-packages/airflow/example_dags/example_branch_python_dop_operator_3.py
[2024-10-08T16:38:26.414+0900] {processor.py:914} INFO - Processing file /Users/alookso/1007MLpj/myenv/lib/python3.10/site-packages/airflow/example_dags/example_branch_python_dop_operator_3.py for tasks to queue
[2024-10-08T16:38:26.415+0900] {logging_mixin.py:190} INFO - [2024-10-08T16:38:26.414+0900] {dagbag.py:588} INFO - Filling up the DagBag from /Users/alookso/1007MLpj/myenv/lib/python3.10/site-packages/airflow/example_dags/example_branch_python_dop_operator_3.py
[2024-10-08T16:38:26.458+0900] {processor.py:925} INFO - DAG(s) 'example_branch_dop_operator_v3' retrieved from /Users/alookso/1007MLpj/myenv/lib/python3.10/site-packages/airflow/example_dags/example_branch_python_dop_operator_3.py
[2024-10-08T16:38:26.585+0900] {logging_mixin.py:190} INFO - [2024-10-08T16:38:26.585+0900] {dag.py:3239} INFO - Sync 1 DAGs
[2024-10-08T16:38:26.609+0900] {logging_mixin.py:190} INFO - [2024-10-08T16:38:26.609+0900] {dag.py:4180} INFO - Setting next_dagrun for example_branch_dop_operator_v3 to 2024-10-08T07:37:00+00:00, run_after=2024-10-08T07:38:00+00:00
[2024-10-08T16:38:26.630+0900] {processor.py:208} INFO - Processing /Users/alookso/1007MLpj/myenv/lib/python3.10/site-packages/airflow/example_dags/example_branch_python_dop_operator_3.py took 0.221 seconds
[2024-10-08T17:30:04.873+0900] {processor.py:186} INFO - Started process (PID=26468) to work on /Users/alookso/1007MLpj/myenv/lib/python3.10/site-packages/airflow/example_dags/example_branch_python_dop_operator_3.py
[2024-10-08T17:30:04.874+0900] {processor.py:914} INFO - Processing file /Users/alookso/1007MLpj/myenv/lib/python3.10/site-packages/airflow/example_dags/example_branch_python_dop_operator_3.py for tasks to queue
[2024-10-08T17:30:04.875+0900] {logging_mixin.py:190} INFO - [2024-10-08T17:30:04.874+0900] {dagbag.py:588} INFO - Filling up the DagBag from /Users/alookso/1007MLpj/myenv/lib/python3.10/site-packages/airflow/example_dags/example_branch_python_dop_operator_3.py
[2024-10-08T17:30:04.918+0900] {processor.py:925} INFO - DAG(s) 'example_branch_dop_operator_v3' retrieved from /Users/alookso/1007MLpj/myenv/lib/python3.10/site-packages/airflow/example_dags/example_branch_python_dop_operator_3.py
[2024-10-08T17:30:05.050+0900] {logging_mixin.py:190} INFO - [2024-10-08T17:30:05.049+0900] {dag.py:3239} INFO - Sync 1 DAGs
[2024-10-08T17:30:05.074+0900] {logging_mixin.py:190} INFO - [2024-10-08T17:30:05.074+0900] {dag.py:4180} INFO - Setting next_dagrun for example_branch_dop_operator_v3 to 2024-10-08T08:29:00+00:00, run_after=2024-10-08T08:30:00+00:00
[2024-10-08T17:30:05.095+0900] {processor.py:208} INFO - Processing /Users/alookso/1007MLpj/myenv/lib/python3.10/site-packages/airflow/example_dags/example_branch_python_dop_operator_3.py took 0.227 seconds
[2024-10-08T17:57:09.546+0900] {processor.py:186} INFO - Started process (PID=27372) to work on /Users/alookso/1007MLpj/myenv/lib/python3.10/site-packages/airflow/example_dags/example_branch_python_dop_operator_3.py
[2024-10-08T17:57:09.547+0900] {processor.py:914} INFO - Processing file /Users/alookso/1007MLpj/myenv/lib/python3.10/site-packages/airflow/example_dags/example_branch_python_dop_operator_3.py for tasks to queue
[2024-10-08T17:57:09.548+0900] {logging_mixin.py:190} INFO - [2024-10-08T17:57:09.547+0900] {dagbag.py:588} INFO - Filling up the DagBag from /Users/alookso/1007MLpj/myenv/lib/python3.10/site-packages/airflow/example_dags/example_branch_python_dop_operator_3.py
[2024-10-08T17:57:09.594+0900] {processor.py:925} INFO - DAG(s) 'example_branch_dop_operator_v3' retrieved from /Users/alookso/1007MLpj/myenv/lib/python3.10/site-packages/airflow/example_dags/example_branch_python_dop_operator_3.py
[2024-10-08T17:57:09.725+0900] {logging_mixin.py:190} INFO - [2024-10-08T17:57:09.724+0900] {dag.py:3239} INFO - Sync 1 DAGs
[2024-10-08T17:57:09.749+0900] {logging_mixin.py:190} INFO - [2024-10-08T17:57:09.749+0900] {dag.py:4180} INFO - Setting next_dagrun for example_branch_dop_operator_v3 to 2024-10-08T08:56:00+00:00, run_after=2024-10-08T08:57:00+00:00
[2024-10-08T17:57:09.770+0900] {processor.py:208} INFO - Processing /Users/alookso/1007MLpj/myenv/lib/python3.10/site-packages/airflow/example_dags/example_branch_python_dop_operator_3.py took 0.229 seconds
[2024-10-08T18:01:59.614+0900] {processor.py:186} INFO - Started process (PID=27596) to work on /Users/alookso/1007MLpj/myenv/lib/python3.10/site-packages/airflow/example_dags/example_branch_python_dop_operator_3.py
[2024-10-08T18:01:59.615+0900] {processor.py:914} INFO - Processing file /Users/alookso/1007MLpj/myenv/lib/python3.10/site-packages/airflow/example_dags/example_branch_python_dop_operator_3.py for tasks to queue
[2024-10-08T18:01:59.616+0900] {logging_mixin.py:190} INFO - [2024-10-08T18:01:59.616+0900] {dagbag.py:588} INFO - Filling up the DagBag from /Users/alookso/1007MLpj/myenv/lib/python3.10/site-packages/airflow/example_dags/example_branch_python_dop_operator_3.py
[2024-10-08T18:01:59.661+0900] {processor.py:925} INFO - DAG(s) 'example_branch_dop_operator_v3' retrieved from /Users/alookso/1007MLpj/myenv/lib/python3.10/site-packages/airflow/example_dags/example_branch_python_dop_operator_3.py
[2024-10-08T18:01:59.789+0900] {logging_mixin.py:190} INFO - [2024-10-08T18:01:59.788+0900] {dag.py:3239} INFO - Sync 1 DAGs
[2024-10-08T18:01:59.814+0900] {logging_mixin.py:190} INFO - [2024-10-08T18:01:59.814+0900] {dag.py:4180} INFO - Setting next_dagrun for example_branch_dop_operator_v3 to 2024-10-08T09:00:00+00:00, run_after=2024-10-08T09:01:00+00:00
[2024-10-08T18:01:59.835+0900] {processor.py:208} INFO - Processing /Users/alookso/1007MLpj/myenv/lib/python3.10/site-packages/airflow/example_dags/example_branch_python_dop_operator_3.py took 0.226 seconds
[2024-10-08T18:08:07.176+0900] {processor.py:186} INFO - Started process (PID=27803) to work on /Users/alookso/1007MLpj/myenv/lib/python3.10/site-packages/airflow/example_dags/example_branch_python_dop_operator_3.py
[2024-10-08T18:08:07.177+0900] {processor.py:914} INFO - Processing file /Users/alookso/1007MLpj/myenv/lib/python3.10/site-packages/airflow/example_dags/example_branch_python_dop_operator_3.py for tasks to queue
[2024-10-08T18:08:07.178+0900] {logging_mixin.py:190} INFO - [2024-10-08T18:08:07.177+0900] {dagbag.py:588} INFO - Filling up the DagBag from /Users/alookso/1007MLpj/myenv/lib/python3.10/site-packages/airflow/example_dags/example_branch_python_dop_operator_3.py
[2024-10-08T18:08:07.223+0900] {processor.py:925} INFO - DAG(s) 'example_branch_dop_operator_v3' retrieved from /Users/alookso/1007MLpj/myenv/lib/python3.10/site-packages/airflow/example_dags/example_branch_python_dop_operator_3.py
[2024-10-08T18:08:07.352+0900] {logging_mixin.py:190} INFO - [2024-10-08T18:08:07.352+0900] {dag.py:3239} INFO - Sync 1 DAGs
[2024-10-08T18:08:07.378+0900] {logging_mixin.py:190} INFO - [2024-10-08T18:08:07.377+0900] {dag.py:4180} INFO - Setting next_dagrun for example_branch_dop_operator_v3 to 2024-10-08T09:07:00+00:00, run_after=2024-10-08T09:08:00+00:00
[2024-10-08T18:08:07.398+0900] {processor.py:208} INFO - Processing /Users/alookso/1007MLpj/myenv/lib/python3.10/site-packages/airflow/example_dags/example_branch_python_dop_operator_3.py took 0.228 seconds
[2024-10-08T18:14:27.230+0900] {processor.py:186} INFO - Started process (PID=28006) to work on /Users/alookso/1007MLpj/myenv/lib/python3.10/site-packages/airflow/example_dags/example_branch_python_dop_operator_3.py
[2024-10-08T18:14:27.231+0900] {processor.py:914} INFO - Processing file /Users/alookso/1007MLpj/myenv/lib/python3.10/site-packages/airflow/example_dags/example_branch_python_dop_operator_3.py for tasks to queue
[2024-10-08T18:14:27.232+0900] {logging_mixin.py:190} INFO - [2024-10-08T18:14:27.232+0900] {dagbag.py:588} INFO - Filling up the DagBag from /Users/alookso/1007MLpj/myenv/lib/python3.10/site-packages/airflow/example_dags/example_branch_python_dop_operator_3.py
[2024-10-08T18:14:27.274+0900] {processor.py:925} INFO - DAG(s) 'example_branch_dop_operator_v3' retrieved from /Users/alookso/1007MLpj/myenv/lib/python3.10/site-packages/airflow/example_dags/example_branch_python_dop_operator_3.py
[2024-10-08T18:14:27.400+0900] {logging_mixin.py:190} INFO - [2024-10-08T18:14:27.399+0900] {dag.py:3239} INFO - Sync 1 DAGs
[2024-10-08T18:14:27.424+0900] {logging_mixin.py:190} INFO - [2024-10-08T18:14:27.424+0900] {dag.py:4180} INFO - Setting next_dagrun for example_branch_dop_operator_v3 to 2024-10-08T09:13:00+00:00, run_after=2024-10-08T09:14:00+00:00
[2024-10-08T18:14:27.445+0900] {processor.py:208} INFO - Processing /Users/alookso/1007MLpj/myenv/lib/python3.10/site-packages/airflow/example_dags/example_branch_python_dop_operator_3.py took 0.219 seconds
[2024-10-08T18:48:35.383+0900] {processor.py:186} INFO - Started process (PID=29306) to work on /Users/alookso/1007MLpj/myenv/lib/python3.10/site-packages/airflow/example_dags/example_branch_python_dop_operator_3.py
[2024-10-08T18:48:35.384+0900] {processor.py:914} INFO - Processing file /Users/alookso/1007MLpj/myenv/lib/python3.10/site-packages/airflow/example_dags/example_branch_python_dop_operator_3.py for tasks to queue
[2024-10-08T18:48:35.385+0900] {logging_mixin.py:190} INFO - [2024-10-08T18:48:35.385+0900] {dagbag.py:588} INFO - Filling up the DagBag from /Users/alookso/1007MLpj/myenv/lib/python3.10/site-packages/airflow/example_dags/example_branch_python_dop_operator_3.py
[2024-10-08T18:48:35.428+0900] {processor.py:925} INFO - DAG(s) 'example_branch_dop_operator_v3' retrieved from /Users/alookso/1007MLpj/myenv/lib/python3.10/site-packages/airflow/example_dags/example_branch_python_dop_operator_3.py
[2024-10-08T18:48:35.556+0900] {logging_mixin.py:190} INFO - [2024-10-08T18:48:35.555+0900] {dag.py:3239} INFO - Sync 1 DAGs
[2024-10-08T18:48:35.579+0900] {logging_mixin.py:190} INFO - [2024-10-08T18:48:35.579+0900] {dag.py:4180} INFO - Setting next_dagrun for example_branch_dop_operator_v3 to 2024-10-08T09:47:00+00:00, run_after=2024-10-08T09:48:00+00:00
[2024-10-08T18:48:35.601+0900] {processor.py:208} INFO - Processing /Users/alookso/1007MLpj/myenv/lib/python3.10/site-packages/airflow/example_dags/example_branch_python_dop_operator_3.py took 0.221 seconds
