[2024-10-08T14:45:35.294+0900] {processor.py:186} INFO - Started process (PID=22287) to work on /Users/alookso/1007MLpj/myenv/lib/python3.10/site-packages/airflow/example_dags/example_external_task_marker_dag.py
[2024-10-08T14:45:35.295+0900] {processor.py:914} INFO - Processing file /Users/alookso/1007MLpj/myenv/lib/python3.10/site-packages/airflow/example_dags/example_external_task_marker_dag.py for tasks to queue
[2024-10-08T14:45:35.296+0900] {logging_mixin.py:190} INFO - [2024-10-08T14:45:35.296+0900] {dagbag.py:588} INFO - Filling up the DagBag from /Users/alookso/1007MLpj/myenv/lib/python3.10/site-packages/airflow/example_dags/example_external_task_marker_dag.py
[2024-10-08T14:45:35.311+0900] {processor.py:925} INFO - DAG(s) 'example_external_task_marker_parent', 'example_external_task_marker_child' retrieved from /Users/alookso/1007MLpj/myenv/lib/python3.10/site-packages/airflow/example_dags/example_external_task_marker_dag.py
[2024-10-08T14:45:35.544+0900] {logging_mixin.py:190} INFO - [2024-10-08T14:45:35.544+0900] {override.py:1901} INFO - Created Permission View: can read on DAG:example_external_task_marker_parent
[2024-10-08T14:45:35.555+0900] {logging_mixin.py:190} INFO - [2024-10-08T14:45:35.555+0900] {override.py:1901} INFO - Created Permission View: can edit on DAG:example_external_task_marker_parent
[2024-10-08T14:45:35.563+0900] {logging_mixin.py:190} INFO - [2024-10-08T14:45:35.563+0900] {override.py:1901} INFO - Created Permission View: can delete on DAG:example_external_task_marker_parent
[2024-10-08T14:45:35.573+0900] {logging_mixin.py:190} INFO - [2024-10-08T14:45:35.573+0900] {override.py:1901} INFO - Created Permission View: can read on DAG Run:example_external_task_marker_parent
[2024-10-08T14:45:35.581+0900] {logging_mixin.py:190} INFO - [2024-10-08T14:45:35.580+0900] {override.py:1901} INFO - Created Permission View: can create on DAG Run:example_external_task_marker_parent
[2024-10-08T14:45:35.589+0900] {logging_mixin.py:190} INFO - [2024-10-08T14:45:35.589+0900] {override.py:1901} INFO - Created Permission View: menu access on DAG Run:example_external_task_marker_parent
[2024-10-08T14:45:35.597+0900] {logging_mixin.py:190} INFO - [2024-10-08T14:45:35.596+0900] {override.py:1901} INFO - Created Permission View: can delete on DAG Run:example_external_task_marker_parent
[2024-10-08T14:45:36.333+0900] {logging_mixin.py:190} INFO - [2024-10-08T14:45:36.333+0900] {override.py:1901} INFO - Created Permission View: can read on DAG:example_external_task_marker_child
[2024-10-08T14:45:36.341+0900] {logging_mixin.py:190} INFO - [2024-10-08T14:45:36.341+0900] {override.py:1901} INFO - Created Permission View: can edit on DAG:example_external_task_marker_child
[2024-10-08T14:45:36.348+0900] {logging_mixin.py:190} INFO - [2024-10-08T14:45:36.348+0900] {override.py:1901} INFO - Created Permission View: can delete on DAG:example_external_task_marker_child
[2024-10-08T14:45:36.359+0900] {logging_mixin.py:190} INFO - [2024-10-08T14:45:36.359+0900] {override.py:1901} INFO - Created Permission View: can read on DAG Run:example_external_task_marker_child
[2024-10-08T14:45:36.366+0900] {logging_mixin.py:190} INFO - [2024-10-08T14:45:36.366+0900] {override.py:1901} INFO - Created Permission View: can create on DAG Run:example_external_task_marker_child
[2024-10-08T14:45:36.374+0900] {logging_mixin.py:190} INFO - [2024-10-08T14:45:36.373+0900] {override.py:1901} INFO - Created Permission View: menu access on DAG Run:example_external_task_marker_child
[2024-10-08T14:45:36.381+0900] {logging_mixin.py:190} INFO - [2024-10-08T14:45:36.380+0900] {override.py:1901} INFO - Created Permission View: can delete on DAG Run:example_external_task_marker_child
[2024-10-08T14:45:36.381+0900] {logging_mixin.py:190} INFO - [2024-10-08T14:45:36.381+0900] {dag.py:3239} INFO - Sync 2 DAGs
[2024-10-08T14:45:36.396+0900] {logging_mixin.py:190} INFO - [2024-10-08T14:45:36.396+0900] {dag.py:3262} INFO - Creating ORM DAG for example_external_task_marker_child
[2024-10-08T14:45:36.397+0900] {logging_mixin.py:190} INFO - [2024-10-08T14:45:36.397+0900] {dag.py:3262} INFO - Creating ORM DAG for example_external_task_marker_parent
[2024-10-08T14:45:36.398+0900] {logging_mixin.py:190} INFO - [2024-10-08T14:45:36.398+0900] {dag.py:4180} INFO - Setting next_dagrun for example_external_task_marker_child to None, run_after=None
[2024-10-08T14:45:36.398+0900] {logging_mixin.py:190} INFO - [2024-10-08T14:45:36.398+0900] {dag.py:4180} INFO - Setting next_dagrun for example_external_task_marker_parent to None, run_after=None
[2024-10-08T14:45:36.417+0900] {processor.py:208} INFO - Processing /Users/alookso/1007MLpj/myenv/lib/python3.10/site-packages/airflow/example_dags/example_external_task_marker_dag.py took 1.129 seconds
[2024-10-08T14:49:16.030+0900] {processor.py:186} INFO - Started process (PID=22380) to work on /Users/alookso/1007MLpj/myenv/lib/python3.10/site-packages/airflow/example_dags/example_external_task_marker_dag.py
[2024-10-08T14:49:16.031+0900] {processor.py:914} INFO - Processing file /Users/alookso/1007MLpj/myenv/lib/python3.10/site-packages/airflow/example_dags/example_external_task_marker_dag.py for tasks to queue
[2024-10-08T14:49:16.032+0900] {logging_mixin.py:190} INFO - [2024-10-08T14:49:16.031+0900] {dagbag.py:588} INFO - Filling up the DagBag from /Users/alookso/1007MLpj/myenv/lib/python3.10/site-packages/airflow/example_dags/example_external_task_marker_dag.py
[2024-10-08T14:49:16.047+0900] {processor.py:925} INFO - DAG(s) 'example_external_task_marker_parent', 'example_external_task_marker_child' retrieved from /Users/alookso/1007MLpj/myenv/lib/python3.10/site-packages/airflow/example_dags/example_external_task_marker_dag.py
[2024-10-08T14:49:16.886+0900] {logging_mixin.py:190} INFO - [2024-10-08T14:49:16.886+0900] {dag.py:3239} INFO - Sync 2 DAGs
[2024-10-08T14:49:16.899+0900] {logging_mixin.py:190} INFO - [2024-10-08T14:49:16.899+0900] {dag.py:4180} INFO - Setting next_dagrun for example_external_task_marker_child to None, run_after=None
[2024-10-08T14:49:16.903+0900] {logging_mixin.py:190} INFO - [2024-10-08T14:49:16.902+0900] {dag.py:4180} INFO - Setting next_dagrun for example_external_task_marker_parent to None, run_after=None
[2024-10-08T14:49:16.920+0900] {processor.py:208} INFO - Processing /Users/alookso/1007MLpj/myenv/lib/python3.10/site-packages/airflow/example_dags/example_external_task_marker_dag.py took 0.896 seconds
[2024-10-08T14:52:24.888+0900] {processor.py:186} INFO - Started process (PID=22474) to work on /Users/alookso/1007MLpj/myenv/lib/python3.10/site-packages/airflow/example_dags/example_external_task_marker_dag.py
[2024-10-08T14:52:24.889+0900] {processor.py:914} INFO - Processing file /Users/alookso/1007MLpj/myenv/lib/python3.10/site-packages/airflow/example_dags/example_external_task_marker_dag.py for tasks to queue
[2024-10-08T14:52:24.890+0900] {logging_mixin.py:190} INFO - [2024-10-08T14:52:24.890+0900] {dagbag.py:588} INFO - Filling up the DagBag from /Users/alookso/1007MLpj/myenv/lib/python3.10/site-packages/airflow/example_dags/example_external_task_marker_dag.py
[2024-10-08T14:52:24.905+0900] {processor.py:925} INFO - DAG(s) 'example_external_task_marker_child', 'example_external_task_marker_parent' retrieved from /Users/alookso/1007MLpj/myenv/lib/python3.10/site-packages/airflow/example_dags/example_external_task_marker_dag.py
[2024-10-08T14:52:25.732+0900] {logging_mixin.py:190} INFO - [2024-10-08T14:52:25.732+0900] {dag.py:3239} INFO - Sync 2 DAGs
[2024-10-08T14:52:25.746+0900] {logging_mixin.py:190} INFO - [2024-10-08T14:52:25.745+0900] {dag.py:4180} INFO - Setting next_dagrun for example_external_task_marker_child to None, run_after=None
[2024-10-08T14:52:25.749+0900] {logging_mixin.py:190} INFO - [2024-10-08T14:52:25.749+0900] {dag.py:4180} INFO - Setting next_dagrun for example_external_task_marker_parent to None, run_after=None
[2024-10-08T14:52:25.767+0900] {processor.py:208} INFO - Processing /Users/alookso/1007MLpj/myenv/lib/python3.10/site-packages/airflow/example_dags/example_external_task_marker_dag.py took 0.882 seconds
[2024-10-08T14:55:30.580+0900] {processor.py:186} INFO - Started process (PID=22598) to work on /Users/alookso/1007MLpj/myenv/lib/python3.10/site-packages/airflow/example_dags/example_external_task_marker_dag.py
[2024-10-08T14:55:30.581+0900] {processor.py:914} INFO - Processing file /Users/alookso/1007MLpj/myenv/lib/python3.10/site-packages/airflow/example_dags/example_external_task_marker_dag.py for tasks to queue
[2024-10-08T14:55:30.582+0900] {logging_mixin.py:190} INFO - [2024-10-08T14:55:30.582+0900] {dagbag.py:588} INFO - Filling up the DagBag from /Users/alookso/1007MLpj/myenv/lib/python3.10/site-packages/airflow/example_dags/example_external_task_marker_dag.py
[2024-10-08T14:55:30.597+0900] {processor.py:925} INFO - DAG(s) 'example_external_task_marker_child', 'example_external_task_marker_parent' retrieved from /Users/alookso/1007MLpj/myenv/lib/python3.10/site-packages/airflow/example_dags/example_external_task_marker_dag.py
[2024-10-08T14:55:31.512+0900] {logging_mixin.py:190} INFO - [2024-10-08T14:55:31.512+0900] {dag.py:3239} INFO - Sync 2 DAGs
[2024-10-08T14:55:31.526+0900] {logging_mixin.py:190} INFO - [2024-10-08T14:55:31.526+0900] {dag.py:4180} INFO - Setting next_dagrun for example_external_task_marker_child to None, run_after=None
[2024-10-08T14:55:31.530+0900] {logging_mixin.py:190} INFO - [2024-10-08T14:55:31.530+0900] {dag.py:4180} INFO - Setting next_dagrun for example_external_task_marker_parent to None, run_after=None
[2024-10-08T14:55:31.552+0900] {processor.py:208} INFO - Processing /Users/alookso/1007MLpj/myenv/lib/python3.10/site-packages/airflow/example_dags/example_external_task_marker_dag.py took 0.976 seconds
[2024-10-08T14:58:37.716+0900] {processor.py:186} INFO - Started process (PID=22702) to work on /Users/alookso/1007MLpj/myenv/lib/python3.10/site-packages/airflow/example_dags/example_external_task_marker_dag.py
[2024-10-08T14:58:37.717+0900] {processor.py:914} INFO - Processing file /Users/alookso/1007MLpj/myenv/lib/python3.10/site-packages/airflow/example_dags/example_external_task_marker_dag.py for tasks to queue
[2024-10-08T14:58:37.718+0900] {logging_mixin.py:190} INFO - [2024-10-08T14:58:37.718+0900] {dagbag.py:588} INFO - Filling up the DagBag from /Users/alookso/1007MLpj/myenv/lib/python3.10/site-packages/airflow/example_dags/example_external_task_marker_dag.py
[2024-10-08T14:58:37.733+0900] {processor.py:925} INFO - DAG(s) 'example_external_task_marker_parent', 'example_external_task_marker_child' retrieved from /Users/alookso/1007MLpj/myenv/lib/python3.10/site-packages/airflow/example_dags/example_external_task_marker_dag.py
[2024-10-08T14:58:38.576+0900] {logging_mixin.py:190} INFO - [2024-10-08T14:58:38.576+0900] {dag.py:3239} INFO - Sync 2 DAGs
[2024-10-08T14:58:38.590+0900] {logging_mixin.py:190} INFO - [2024-10-08T14:58:38.589+0900] {dag.py:4180} INFO - Setting next_dagrun for example_external_task_marker_child to None, run_after=None
[2024-10-08T14:58:38.594+0900] {logging_mixin.py:190} INFO - [2024-10-08T14:58:38.593+0900] {dag.py:4180} INFO - Setting next_dagrun for example_external_task_marker_parent to None, run_after=None
[2024-10-08T14:58:38.613+0900] {processor.py:208} INFO - Processing /Users/alookso/1007MLpj/myenv/lib/python3.10/site-packages/airflow/example_dags/example_external_task_marker_dag.py took 0.901 seconds
[2024-10-08T15:01:50.048+0900] {processor.py:186} INFO - Started process (PID=22802) to work on /Users/alookso/1007MLpj/myenv/lib/python3.10/site-packages/airflow/example_dags/example_external_task_marker_dag.py
[2024-10-08T15:01:50.049+0900] {processor.py:914} INFO - Processing file /Users/alookso/1007MLpj/myenv/lib/python3.10/site-packages/airflow/example_dags/example_external_task_marker_dag.py for tasks to queue
[2024-10-08T15:01:50.050+0900] {logging_mixin.py:190} INFO - [2024-10-08T15:01:50.050+0900] {dagbag.py:588} INFO - Filling up the DagBag from /Users/alookso/1007MLpj/myenv/lib/python3.10/site-packages/airflow/example_dags/example_external_task_marker_dag.py
[2024-10-08T15:01:50.066+0900] {processor.py:925} INFO - DAG(s) 'example_external_task_marker_child', 'example_external_task_marker_parent' retrieved from /Users/alookso/1007MLpj/myenv/lib/python3.10/site-packages/airflow/example_dags/example_external_task_marker_dag.py
[2024-10-08T15:01:50.901+0900] {logging_mixin.py:190} INFO - [2024-10-08T15:01:50.901+0900] {dag.py:3239} INFO - Sync 2 DAGs
[2024-10-08T15:01:50.914+0900] {logging_mixin.py:190} INFO - [2024-10-08T15:01:50.914+0900] {dag.py:4180} INFO - Setting next_dagrun for example_external_task_marker_child to None, run_after=None
[2024-10-08T15:01:50.918+0900] {logging_mixin.py:190} INFO - [2024-10-08T15:01:50.917+0900] {dag.py:4180} INFO - Setting next_dagrun for example_external_task_marker_parent to None, run_after=None
[2024-10-08T15:01:50.935+0900] {processor.py:208} INFO - Processing /Users/alookso/1007MLpj/myenv/lib/python3.10/site-packages/airflow/example_dags/example_external_task_marker_dag.py took 0.891 seconds
[2024-10-08T15:04:56.118+0900] {processor.py:186} INFO - Started process (PID=22886) to work on /Users/alookso/1007MLpj/myenv/lib/python3.10/site-packages/airflow/example_dags/example_external_task_marker_dag.py
[2024-10-08T15:04:56.119+0900] {processor.py:914} INFO - Processing file /Users/alookso/1007MLpj/myenv/lib/python3.10/site-packages/airflow/example_dags/example_external_task_marker_dag.py for tasks to queue
[2024-10-08T15:04:56.120+0900] {logging_mixin.py:190} INFO - [2024-10-08T15:04:56.119+0900] {dagbag.py:588} INFO - Filling up the DagBag from /Users/alookso/1007MLpj/myenv/lib/python3.10/site-packages/airflow/example_dags/example_external_task_marker_dag.py
[2024-10-08T15:04:56.134+0900] {processor.py:925} INFO - DAG(s) 'example_external_task_marker_parent', 'example_external_task_marker_child' retrieved from /Users/alookso/1007MLpj/myenv/lib/python3.10/site-packages/airflow/example_dags/example_external_task_marker_dag.py
[2024-10-08T15:04:56.961+0900] {logging_mixin.py:190} INFO - [2024-10-08T15:04:56.961+0900] {dag.py:3239} INFO - Sync 2 DAGs
[2024-10-08T15:04:56.975+0900] {logging_mixin.py:190} INFO - [2024-10-08T15:04:56.975+0900] {dag.py:4180} INFO - Setting next_dagrun for example_external_task_marker_child to None, run_after=None
[2024-10-08T15:04:56.978+0900] {logging_mixin.py:190} INFO - [2024-10-08T15:04:56.978+0900] {dag.py:4180} INFO - Setting next_dagrun for example_external_task_marker_parent to None, run_after=None
[2024-10-08T15:04:56.995+0900] {processor.py:208} INFO - Processing /Users/alookso/1007MLpj/myenv/lib/python3.10/site-packages/airflow/example_dags/example_external_task_marker_dag.py took 0.882 seconds
[2024-10-08T15:08:00.976+0900] {processor.py:186} INFO - Started process (PID=22993) to work on /Users/alookso/1007MLpj/myenv/lib/python3.10/site-packages/airflow/example_dags/example_external_task_marker_dag.py
[2024-10-08T15:08:00.977+0900] {processor.py:914} INFO - Processing file /Users/alookso/1007MLpj/myenv/lib/python3.10/site-packages/airflow/example_dags/example_external_task_marker_dag.py for tasks to queue
[2024-10-08T15:08:00.978+0900] {logging_mixin.py:190} INFO - [2024-10-08T15:08:00.978+0900] {dagbag.py:588} INFO - Filling up the DagBag from /Users/alookso/1007MLpj/myenv/lib/python3.10/site-packages/airflow/example_dags/example_external_task_marker_dag.py
[2024-10-08T15:08:00.993+0900] {processor.py:925} INFO - DAG(s) 'example_external_task_marker_parent', 'example_external_task_marker_child' retrieved from /Users/alookso/1007MLpj/myenv/lib/python3.10/site-packages/airflow/example_dags/example_external_task_marker_dag.py
[2024-10-08T15:08:01.818+0900] {logging_mixin.py:190} INFO - [2024-10-08T15:08:01.818+0900] {dag.py:3239} INFO - Sync 2 DAGs
[2024-10-08T15:08:01.831+0900] {logging_mixin.py:190} INFO - [2024-10-08T15:08:01.831+0900] {dag.py:4180} INFO - Setting next_dagrun for example_external_task_marker_child to None, run_after=None
[2024-10-08T15:08:01.835+0900] {logging_mixin.py:190} INFO - [2024-10-08T15:08:01.834+0900] {dag.py:4180} INFO - Setting next_dagrun for example_external_task_marker_parent to None, run_after=None
[2024-10-08T15:08:01.852+0900] {processor.py:208} INFO - Processing /Users/alookso/1007MLpj/myenv/lib/python3.10/site-packages/airflow/example_dags/example_external_task_marker_dag.py took 0.881 seconds
[2024-10-08T15:11:05.032+0900] {processor.py:186} INFO - Started process (PID=23107) to work on /Users/alookso/1007MLpj/myenv/lib/python3.10/site-packages/airflow/example_dags/example_external_task_marker_dag.py
[2024-10-08T15:11:05.032+0900] {processor.py:914} INFO - Processing file /Users/alookso/1007MLpj/myenv/lib/python3.10/site-packages/airflow/example_dags/example_external_task_marker_dag.py for tasks to queue
[2024-10-08T15:11:05.033+0900] {logging_mixin.py:190} INFO - [2024-10-08T15:11:05.033+0900] {dagbag.py:588} INFO - Filling up the DagBag from /Users/alookso/1007MLpj/myenv/lib/python3.10/site-packages/airflow/example_dags/example_external_task_marker_dag.py
[2024-10-08T15:11:05.047+0900] {processor.py:925} INFO - DAG(s) 'example_external_task_marker_child', 'example_external_task_marker_parent' retrieved from /Users/alookso/1007MLpj/myenv/lib/python3.10/site-packages/airflow/example_dags/example_external_task_marker_dag.py
[2024-10-08T15:11:05.852+0900] {logging_mixin.py:190} INFO - [2024-10-08T15:11:05.852+0900] {dag.py:3239} INFO - Sync 2 DAGs
[2024-10-08T15:11:05.865+0900] {logging_mixin.py:190} INFO - [2024-10-08T15:11:05.865+0900] {dag.py:4180} INFO - Setting next_dagrun for example_external_task_marker_child to None, run_after=None
[2024-10-08T15:11:05.868+0900] {logging_mixin.py:190} INFO - [2024-10-08T15:11:05.868+0900] {dag.py:4180} INFO - Setting next_dagrun for example_external_task_marker_parent to None, run_after=None
[2024-10-08T15:11:05.885+0900] {processor.py:208} INFO - Processing /Users/alookso/1007MLpj/myenv/lib/python3.10/site-packages/airflow/example_dags/example_external_task_marker_dag.py took 0.858 seconds
[2024-10-08T15:17:05.135+0900] {processor.py:186} INFO - Started process (PID=23276) to work on /Users/alookso/1007MLpj/myenv/lib/python3.10/site-packages/airflow/example_dags/example_external_task_marker_dag.py
[2024-10-08T15:17:05.136+0900] {processor.py:914} INFO - Processing file /Users/alookso/1007MLpj/myenv/lib/python3.10/site-packages/airflow/example_dags/example_external_task_marker_dag.py for tasks to queue
[2024-10-08T15:17:05.137+0900] {logging_mixin.py:190} INFO - [2024-10-08T15:17:05.137+0900] {dagbag.py:588} INFO - Filling up the DagBag from /Users/alookso/1007MLpj/myenv/lib/python3.10/site-packages/airflow/example_dags/example_external_task_marker_dag.py
[2024-10-08T15:17:05.151+0900] {processor.py:925} INFO - DAG(s) 'example_external_task_marker_parent', 'example_external_task_marker_child' retrieved from /Users/alookso/1007MLpj/myenv/lib/python3.10/site-packages/airflow/example_dags/example_external_task_marker_dag.py
[2024-10-08T15:17:05.964+0900] {logging_mixin.py:190} INFO - [2024-10-08T15:17:05.963+0900] {dag.py:3239} INFO - Sync 2 DAGs
[2024-10-08T15:17:05.976+0900] {logging_mixin.py:190} INFO - [2024-10-08T15:17:05.976+0900] {dag.py:4180} INFO - Setting next_dagrun for example_external_task_marker_child to None, run_after=None
[2024-10-08T15:17:05.980+0900] {logging_mixin.py:190} INFO - [2024-10-08T15:17:05.979+0900] {dag.py:4180} INFO - Setting next_dagrun for example_external_task_marker_parent to None, run_after=None
[2024-10-08T15:17:05.997+0900] {processor.py:208} INFO - Processing /Users/alookso/1007MLpj/myenv/lib/python3.10/site-packages/airflow/example_dags/example_external_task_marker_dag.py took 0.866 seconds
[2024-10-08T15:20:14.348+0900] {processor.py:186} INFO - Started process (PID=23375) to work on /Users/alookso/1007MLpj/myenv/lib/python3.10/site-packages/airflow/example_dags/example_external_task_marker_dag.py
[2024-10-08T15:20:14.348+0900] {processor.py:914} INFO - Processing file /Users/alookso/1007MLpj/myenv/lib/python3.10/site-packages/airflow/example_dags/example_external_task_marker_dag.py for tasks to queue
[2024-10-08T15:20:14.349+0900] {logging_mixin.py:190} INFO - [2024-10-08T15:20:14.349+0900] {dagbag.py:588} INFO - Filling up the DagBag from /Users/alookso/1007MLpj/myenv/lib/python3.10/site-packages/airflow/example_dags/example_external_task_marker_dag.py
[2024-10-08T15:20:14.364+0900] {processor.py:925} INFO - DAG(s) 'example_external_task_marker_child', 'example_external_task_marker_parent' retrieved from /Users/alookso/1007MLpj/myenv/lib/python3.10/site-packages/airflow/example_dags/example_external_task_marker_dag.py
[2024-10-08T15:20:15.204+0900] {logging_mixin.py:190} INFO - [2024-10-08T15:20:15.204+0900] {dag.py:3239} INFO - Sync 2 DAGs
[2024-10-08T15:20:15.217+0900] {logging_mixin.py:190} INFO - [2024-10-08T15:20:15.217+0900] {dag.py:4180} INFO - Setting next_dagrun for example_external_task_marker_child to None, run_after=None
[2024-10-08T15:20:15.221+0900] {logging_mixin.py:190} INFO - [2024-10-08T15:20:15.221+0900] {dag.py:4180} INFO - Setting next_dagrun for example_external_task_marker_parent to None, run_after=None
[2024-10-08T15:20:15.240+0900] {processor.py:208} INFO - Processing /Users/alookso/1007MLpj/myenv/lib/python3.10/site-packages/airflow/example_dags/example_external_task_marker_dag.py took 0.897 seconds
[2024-10-08T15:23:21.354+0900] {processor.py:186} INFO - Started process (PID=23468) to work on /Users/alookso/1007MLpj/myenv/lib/python3.10/site-packages/airflow/example_dags/example_external_task_marker_dag.py
[2024-10-08T15:23:21.355+0900] {processor.py:914} INFO - Processing file /Users/alookso/1007MLpj/myenv/lib/python3.10/site-packages/airflow/example_dags/example_external_task_marker_dag.py for tasks to queue
[2024-10-08T15:23:21.356+0900] {logging_mixin.py:190} INFO - [2024-10-08T15:23:21.355+0900] {dagbag.py:588} INFO - Filling up the DagBag from /Users/alookso/1007MLpj/myenv/lib/python3.10/site-packages/airflow/example_dags/example_external_task_marker_dag.py
[2024-10-08T15:23:21.370+0900] {processor.py:925} INFO - DAG(s) 'example_external_task_marker_parent', 'example_external_task_marker_child' retrieved from /Users/alookso/1007MLpj/myenv/lib/python3.10/site-packages/airflow/example_dags/example_external_task_marker_dag.py
[2024-10-08T15:23:22.191+0900] {logging_mixin.py:190} INFO - [2024-10-08T15:23:22.191+0900] {dag.py:3239} INFO - Sync 2 DAGs
[2024-10-08T15:23:22.204+0900] {logging_mixin.py:190} INFO - [2024-10-08T15:23:22.204+0900] {dag.py:4180} INFO - Setting next_dagrun for example_external_task_marker_child to None, run_after=None
[2024-10-08T15:23:22.208+0900] {logging_mixin.py:190} INFO - [2024-10-08T15:23:22.207+0900] {dag.py:4180} INFO - Setting next_dagrun for example_external_task_marker_parent to None, run_after=None
[2024-10-08T15:23:22.225+0900] {processor.py:208} INFO - Processing /Users/alookso/1007MLpj/myenv/lib/python3.10/site-packages/airflow/example_dags/example_external_task_marker_dag.py took 0.876 seconds
[2024-10-08T15:29:25.627+0900] {processor.py:186} INFO - Started process (PID=23664) to work on /Users/alookso/1007MLpj/myenv/lib/python3.10/site-packages/airflow/example_dags/example_external_task_marker_dag.py
[2024-10-08T15:29:25.628+0900] {processor.py:914} INFO - Processing file /Users/alookso/1007MLpj/myenv/lib/python3.10/site-packages/airflow/example_dags/example_external_task_marker_dag.py for tasks to queue
[2024-10-08T15:29:25.629+0900] {logging_mixin.py:190} INFO - [2024-10-08T15:29:25.629+0900] {dagbag.py:588} INFO - Filling up the DagBag from /Users/alookso/1007MLpj/myenv/lib/python3.10/site-packages/airflow/example_dags/example_external_task_marker_dag.py
[2024-10-08T15:29:25.644+0900] {processor.py:925} INFO - DAG(s) 'example_external_task_marker_child', 'example_external_task_marker_parent' retrieved from /Users/alookso/1007MLpj/myenv/lib/python3.10/site-packages/airflow/example_dags/example_external_task_marker_dag.py
[2024-10-08T15:29:26.497+0900] {logging_mixin.py:190} INFO - [2024-10-08T15:29:26.496+0900] {dag.py:3239} INFO - Sync 2 DAGs
[2024-10-08T15:29:26.510+0900] {logging_mixin.py:190} INFO - [2024-10-08T15:29:26.510+0900] {dag.py:4180} INFO - Setting next_dagrun for example_external_task_marker_child to None, run_after=None
[2024-10-08T15:29:26.513+0900] {logging_mixin.py:190} INFO - [2024-10-08T15:29:26.513+0900] {dag.py:4180} INFO - Setting next_dagrun for example_external_task_marker_parent to None, run_after=None
[2024-10-08T15:29:26.531+0900] {processor.py:208} INFO - Processing /Users/alookso/1007MLpj/myenv/lib/python3.10/site-packages/airflow/example_dags/example_external_task_marker_dag.py took 0.909 seconds
[2024-10-08T16:37:53.039+0900] {processor.py:186} INFO - Started process (PID=25065) to work on /Users/alookso/1007MLpj/myenv/lib/python3.10/site-packages/airflow/example_dags/example_external_task_marker_dag.py
[2024-10-08T16:37:53.039+0900] {processor.py:914} INFO - Processing file /Users/alookso/1007MLpj/myenv/lib/python3.10/site-packages/airflow/example_dags/example_external_task_marker_dag.py for tasks to queue
[2024-10-08T16:37:53.040+0900] {logging_mixin.py:190} INFO - [2024-10-08T16:37:53.040+0900] {dagbag.py:588} INFO - Filling up the DagBag from /Users/alookso/1007MLpj/myenv/lib/python3.10/site-packages/airflow/example_dags/example_external_task_marker_dag.py
[2024-10-08T16:37:53.055+0900] {processor.py:925} INFO - DAG(s) 'example_external_task_marker_parent', 'example_external_task_marker_child' retrieved from /Users/alookso/1007MLpj/myenv/lib/python3.10/site-packages/airflow/example_dags/example_external_task_marker_dag.py
[2024-10-08T16:37:53.872+0900] {logging_mixin.py:190} INFO - [2024-10-08T16:37:53.871+0900] {dag.py:3239} INFO - Sync 2 DAGs
[2024-10-08T16:37:53.884+0900] {logging_mixin.py:190} INFO - [2024-10-08T16:37:53.884+0900] {dag.py:4180} INFO - Setting next_dagrun for example_external_task_marker_child to None, run_after=None
[2024-10-08T16:37:53.887+0900] {logging_mixin.py:190} INFO - [2024-10-08T16:37:53.887+0900] {dag.py:4180} INFO - Setting next_dagrun for example_external_task_marker_parent to None, run_after=None
[2024-10-08T16:37:53.904+0900] {processor.py:208} INFO - Processing /Users/alookso/1007MLpj/myenv/lib/python3.10/site-packages/airflow/example_dags/example_external_task_marker_dag.py took 0.871 seconds
[2024-10-08T17:29:28.781+0900] {processor.py:186} INFO - Started process (PID=26440) to work on /Users/alookso/1007MLpj/myenv/lib/python3.10/site-packages/airflow/example_dags/example_external_task_marker_dag.py
[2024-10-08T17:29:28.783+0900] {processor.py:914} INFO - Processing file /Users/alookso/1007MLpj/myenv/lib/python3.10/site-packages/airflow/example_dags/example_external_task_marker_dag.py for tasks to queue
[2024-10-08T17:29:28.784+0900] {logging_mixin.py:190} INFO - [2024-10-08T17:29:28.784+0900] {dagbag.py:588} INFO - Filling up the DagBag from /Users/alookso/1007MLpj/myenv/lib/python3.10/site-packages/airflow/example_dags/example_external_task_marker_dag.py
[2024-10-08T17:29:28.802+0900] {processor.py:925} INFO - DAG(s) 'example_external_task_marker_parent', 'example_external_task_marker_child' retrieved from /Users/alookso/1007MLpj/myenv/lib/python3.10/site-packages/airflow/example_dags/example_external_task_marker_dag.py
[2024-10-08T17:29:29.970+0900] {logging_mixin.py:190} INFO - [2024-10-08T17:29:29.970+0900] {dag.py:3239} INFO - Sync 2 DAGs
[2024-10-08T17:29:29.996+0900] {logging_mixin.py:190} INFO - [2024-10-08T17:29:29.995+0900] {dag.py:4180} INFO - Setting next_dagrun for example_external_task_marker_child to None, run_after=None
[2024-10-08T17:29:30.001+0900] {logging_mixin.py:190} INFO - [2024-10-08T17:29:30.001+0900] {dag.py:4180} INFO - Setting next_dagrun for example_external_task_marker_parent to None, run_after=None
[2024-10-08T17:29:30.033+0900] {processor.py:208} INFO - Processing /Users/alookso/1007MLpj/myenv/lib/python3.10/site-packages/airflow/example_dags/example_external_task_marker_dag.py took 1.258 seconds
[2024-10-08T17:56:36.087+0900] {processor.py:186} INFO - Started process (PID=27359) to work on /Users/alookso/1007MLpj/myenv/lib/python3.10/site-packages/airflow/example_dags/example_external_task_marker_dag.py
[2024-10-08T17:56:36.088+0900] {processor.py:914} INFO - Processing file /Users/alookso/1007MLpj/myenv/lib/python3.10/site-packages/airflow/example_dags/example_external_task_marker_dag.py for tasks to queue
[2024-10-08T17:56:36.089+0900] {logging_mixin.py:190} INFO - [2024-10-08T17:56:36.089+0900] {dagbag.py:588} INFO - Filling up the DagBag from /Users/alookso/1007MLpj/myenv/lib/python3.10/site-packages/airflow/example_dags/example_external_task_marker_dag.py
[2024-10-08T17:56:36.104+0900] {processor.py:925} INFO - DAG(s) 'example_external_task_marker_parent', 'example_external_task_marker_child' retrieved from /Users/alookso/1007MLpj/myenv/lib/python3.10/site-packages/airflow/example_dags/example_external_task_marker_dag.py
[2024-10-08T17:56:36.918+0900] {logging_mixin.py:190} INFO - [2024-10-08T17:56:36.918+0900] {dag.py:3239} INFO - Sync 2 DAGs
[2024-10-08T17:56:36.931+0900] {logging_mixin.py:190} INFO - [2024-10-08T17:56:36.931+0900] {dag.py:4180} INFO - Setting next_dagrun for example_external_task_marker_child to None, run_after=None
[2024-10-08T17:56:36.935+0900] {logging_mixin.py:190} INFO - [2024-10-08T17:56:36.934+0900] {dag.py:4180} INFO - Setting next_dagrun for example_external_task_marker_parent to None, run_after=None
[2024-10-08T17:56:36.952+0900] {processor.py:208} INFO - Processing /Users/alookso/1007MLpj/myenv/lib/python3.10/site-packages/airflow/example_dags/example_external_task_marker_dag.py took 0.870 seconds
[2024-10-08T18:01:25.911+0900] {processor.py:186} INFO - Started process (PID=27566) to work on /Users/alookso/1007MLpj/myenv/lib/python3.10/site-packages/airflow/example_dags/example_external_task_marker_dag.py
[2024-10-08T18:01:25.912+0900] {processor.py:914} INFO - Processing file /Users/alookso/1007MLpj/myenv/lib/python3.10/site-packages/airflow/example_dags/example_external_task_marker_dag.py for tasks to queue
[2024-10-08T18:01:25.913+0900] {logging_mixin.py:190} INFO - [2024-10-08T18:01:25.913+0900] {dagbag.py:588} INFO - Filling up the DagBag from /Users/alookso/1007MLpj/myenv/lib/python3.10/site-packages/airflow/example_dags/example_external_task_marker_dag.py
[2024-10-08T18:01:25.928+0900] {processor.py:925} INFO - DAG(s) 'example_external_task_marker_parent', 'example_external_task_marker_child' retrieved from /Users/alookso/1007MLpj/myenv/lib/python3.10/site-packages/airflow/example_dags/example_external_task_marker_dag.py
[2024-10-08T18:01:26.844+0900] {logging_mixin.py:190} INFO - [2024-10-08T18:01:26.844+0900] {dag.py:3239} INFO - Sync 2 DAGs
[2024-10-08T18:01:26.858+0900] {logging_mixin.py:190} INFO - [2024-10-08T18:01:26.857+0900] {dag.py:4180} INFO - Setting next_dagrun for example_external_task_marker_child to None, run_after=None
[2024-10-08T18:01:26.861+0900] {logging_mixin.py:190} INFO - [2024-10-08T18:01:26.861+0900] {dag.py:4180} INFO - Setting next_dagrun for example_external_task_marker_parent to None, run_after=None
[2024-10-08T18:01:26.879+0900] {processor.py:208} INFO - Processing /Users/alookso/1007MLpj/myenv/lib/python3.10/site-packages/airflow/example_dags/example_external_task_marker_dag.py took 0.972 seconds
[2024-10-08T18:07:33.644+0900] {processor.py:186} INFO - Started process (PID=27790) to work on /Users/alookso/1007MLpj/myenv/lib/python3.10/site-packages/airflow/example_dags/example_external_task_marker_dag.py
[2024-10-08T18:07:33.644+0900] {processor.py:914} INFO - Processing file /Users/alookso/1007MLpj/myenv/lib/python3.10/site-packages/airflow/example_dags/example_external_task_marker_dag.py for tasks to queue
[2024-10-08T18:07:33.645+0900] {logging_mixin.py:190} INFO - [2024-10-08T18:07:33.645+0900] {dagbag.py:588} INFO - Filling up the DagBag from /Users/alookso/1007MLpj/myenv/lib/python3.10/site-packages/airflow/example_dags/example_external_task_marker_dag.py
[2024-10-08T18:07:33.659+0900] {processor.py:925} INFO - DAG(s) 'example_external_task_marker_parent', 'example_external_task_marker_child' retrieved from /Users/alookso/1007MLpj/myenv/lib/python3.10/site-packages/airflow/example_dags/example_external_task_marker_dag.py
[2024-10-08T18:07:34.477+0900] {logging_mixin.py:190} INFO - [2024-10-08T18:07:34.476+0900] {dag.py:3239} INFO - Sync 2 DAGs
[2024-10-08T18:07:34.490+0900] {logging_mixin.py:190} INFO - [2024-10-08T18:07:34.489+0900] {dag.py:4180} INFO - Setting next_dagrun for example_external_task_marker_child to None, run_after=None
[2024-10-08T18:07:34.493+0900] {logging_mixin.py:190} INFO - [2024-10-08T18:07:34.493+0900] {dag.py:4180} INFO - Setting next_dagrun for example_external_task_marker_parent to None, run_after=None
[2024-10-08T18:07:34.510+0900] {processor.py:208} INFO - Processing /Users/alookso/1007MLpj/myenv/lib/python3.10/site-packages/airflow/example_dags/example_external_task_marker_dag.py took 0.871 seconds
[2024-10-08T18:11:13.082+0900] {processor.py:186} INFO - Started process (PID=27904) to work on /Users/alookso/1007MLpj/myenv/lib/python3.10/site-packages/airflow/example_dags/example_external_task_marker_dag.py
[2024-10-08T18:11:13.084+0900] {processor.py:914} INFO - Processing file /Users/alookso/1007MLpj/myenv/lib/python3.10/site-packages/airflow/example_dags/example_external_task_marker_dag.py for tasks to queue
[2024-10-08T18:11:13.085+0900] {logging_mixin.py:190} INFO - [2024-10-08T18:11:13.085+0900] {dagbag.py:588} INFO - Filling up the DagBag from /Users/alookso/1007MLpj/myenv/lib/python3.10/site-packages/airflow/example_dags/example_external_task_marker_dag.py
[2024-10-08T18:11:13.102+0900] {processor.py:925} INFO - DAG(s) 'example_external_task_marker_child', 'example_external_task_marker_parent' retrieved from /Users/alookso/1007MLpj/myenv/lib/python3.10/site-packages/airflow/example_dags/example_external_task_marker_dag.py
[2024-10-08T18:11:13.941+0900] {logging_mixin.py:190} INFO - [2024-10-08T18:11:13.940+0900] {dag.py:3239} INFO - Sync 2 DAGs
[2024-10-08T18:11:14.038+0900] {logging_mixin.py:190} INFO - [2024-10-08T18:11:14.037+0900] {dag.py:4180} INFO - Setting next_dagrun for example_external_task_marker_child to None, run_after=None
[2024-10-08T18:11:14.043+0900] {logging_mixin.py:190} INFO - [2024-10-08T18:11:14.043+0900] {dag.py:4180} INFO - Setting next_dagrun for example_external_task_marker_parent to None, run_after=None
[2024-10-08T18:11:14.072+0900] {processor.py:208} INFO - Processing /Users/alookso/1007MLpj/myenv/lib/python3.10/site-packages/airflow/example_dags/example_external_task_marker_dag.py took 0.994 seconds
[2024-10-08T18:17:34.179+0900] {processor.py:186} INFO - Started process (PID=28092) to work on /Users/alookso/1007MLpj/myenv/lib/python3.10/site-packages/airflow/example_dags/example_external_task_marker_dag.py
[2024-10-08T18:17:34.180+0900] {processor.py:914} INFO - Processing file /Users/alookso/1007MLpj/myenv/lib/python3.10/site-packages/airflow/example_dags/example_external_task_marker_dag.py for tasks to queue
[2024-10-08T18:17:34.180+0900] {logging_mixin.py:190} INFO - [2024-10-08T18:17:34.180+0900] {dagbag.py:588} INFO - Filling up the DagBag from /Users/alookso/1007MLpj/myenv/lib/python3.10/site-packages/airflow/example_dags/example_external_task_marker_dag.py
[2024-10-08T18:17:34.195+0900] {processor.py:925} INFO - DAG(s) 'example_external_task_marker_child', 'example_external_task_marker_parent' retrieved from /Users/alookso/1007MLpj/myenv/lib/python3.10/site-packages/airflow/example_dags/example_external_task_marker_dag.py
[2024-10-08T18:17:35.008+0900] {logging_mixin.py:190} INFO - [2024-10-08T18:17:35.007+0900] {dag.py:3239} INFO - Sync 2 DAGs
[2024-10-08T18:17:35.020+0900] {logging_mixin.py:190} INFO - [2024-10-08T18:17:35.020+0900] {dag.py:4180} INFO - Setting next_dagrun for example_external_task_marker_child to None, run_after=None
[2024-10-08T18:17:35.024+0900] {logging_mixin.py:190} INFO - [2024-10-08T18:17:35.023+0900] {dag.py:4180} INFO - Setting next_dagrun for example_external_task_marker_parent to None, run_after=None
[2024-10-08T18:17:35.041+0900] {processor.py:208} INFO - Processing /Users/alookso/1007MLpj/myenv/lib/python3.10/site-packages/airflow/example_dags/example_external_task_marker_dag.py took 0.866 seconds
[2024-10-08T18:48:02.509+0900] {processor.py:186} INFO - Started process (PID=29292) to work on /Users/alookso/1007MLpj/myenv/lib/python3.10/site-packages/airflow/example_dags/example_external_task_marker_dag.py
[2024-10-08T18:48:02.510+0900] {processor.py:914} INFO - Processing file /Users/alookso/1007MLpj/myenv/lib/python3.10/site-packages/airflow/example_dags/example_external_task_marker_dag.py for tasks to queue
[2024-10-08T18:48:02.511+0900] {logging_mixin.py:190} INFO - [2024-10-08T18:48:02.511+0900] {dagbag.py:588} INFO - Filling up the DagBag from /Users/alookso/1007MLpj/myenv/lib/python3.10/site-packages/airflow/example_dags/example_external_task_marker_dag.py
[2024-10-08T18:48:02.526+0900] {processor.py:925} INFO - DAG(s) 'example_external_task_marker_child', 'example_external_task_marker_parent' retrieved from /Users/alookso/1007MLpj/myenv/lib/python3.10/site-packages/airflow/example_dags/example_external_task_marker_dag.py
[2024-10-08T18:48:03.332+0900] {logging_mixin.py:190} INFO - [2024-10-08T18:48:03.332+0900] {dag.py:3239} INFO - Sync 2 DAGs
[2024-10-08T18:48:03.345+0900] {logging_mixin.py:190} INFO - [2024-10-08T18:48:03.345+0900] {dag.py:4180} INFO - Setting next_dagrun for example_external_task_marker_child to None, run_after=None
[2024-10-08T18:48:03.349+0900] {logging_mixin.py:190} INFO - [2024-10-08T18:48:03.348+0900] {dag.py:4180} INFO - Setting next_dagrun for example_external_task_marker_parent to None, run_after=None
[2024-10-08T18:48:03.366+0900] {processor.py:208} INFO - Processing /Users/alookso/1007MLpj/myenv/lib/python3.10/site-packages/airflow/example_dags/example_external_task_marker_dag.py took 0.861 seconds
