[2024-10-08T14:44:59.360+0900] {processor.py:186} INFO - Started process (PID=22273) to work on /Users/alookso/1007MLpj/myenv/lib/python3.10/site-packages/airflow/example_dags/example_params_ui_tutorial.py
[2024-10-08T14:44:59.361+0900] {processor.py:914} INFO - Processing file /Users/alookso/1007MLpj/myenv/lib/python3.10/site-packages/airflow/example_dags/example_params_ui_tutorial.py for tasks to queue
[2024-10-08T14:44:59.362+0900] {logging_mixin.py:190} INFO - [2024-10-08T14:44:59.362+0900] {dagbag.py:588} INFO - Filling up the DagBag from /Users/alookso/1007MLpj/myenv/lib/python3.10/site-packages/airflow/example_dags/example_params_ui_tutorial.py
[2024-10-08T14:44:59.435+0900] {processor.py:925} INFO - DAG(s) 'example_params_ui_tutorial' retrieved from /Users/alookso/1007MLpj/myenv/lib/python3.10/site-packages/airflow/example_dags/example_params_ui_tutorial.py
[2024-10-08T14:44:59.726+0900] {logging_mixin.py:190} INFO - [2024-10-08T14:44:59.725+0900] {override.py:1901} INFO - Created Permission View: can delete on DAG:example_params_ui_tutorial
[2024-10-08T14:44:59.736+0900] {logging_mixin.py:190} INFO - [2024-10-08T14:44:59.736+0900] {override.py:1901} INFO - Created Permission View: can edit on DAG:example_params_ui_tutorial
[2024-10-08T14:44:59.744+0900] {logging_mixin.py:190} INFO - [2024-10-08T14:44:59.744+0900] {override.py:1901} INFO - Created Permission View: can read on DAG:example_params_ui_tutorial
[2024-10-08T14:44:59.754+0900] {logging_mixin.py:190} INFO - [2024-10-08T14:44:59.754+0900] {override.py:1901} INFO - Created Permission View: menu access on DAG Run:example_params_ui_tutorial
[2024-10-08T14:44:59.761+0900] {logging_mixin.py:190} INFO - [2024-10-08T14:44:59.761+0900] {override.py:1901} INFO - Created Permission View: can delete on DAG Run:example_params_ui_tutorial
[2024-10-08T14:44:59.768+0900] {logging_mixin.py:190} INFO - [2024-10-08T14:44:59.768+0900] {override.py:1901} INFO - Created Permission View: can create on DAG Run:example_params_ui_tutorial
[2024-10-08T14:44:59.776+0900] {logging_mixin.py:190} INFO - [2024-10-08T14:44:59.776+0900] {override.py:1901} INFO - Created Permission View: can read on DAG Run:example_params_ui_tutorial
[2024-10-08T14:44:59.776+0900] {logging_mixin.py:190} INFO - [2024-10-08T14:44:59.776+0900] {dag.py:3239} INFO - Sync 1 DAGs
[2024-10-08T14:44:59.791+0900] {logging_mixin.py:190} INFO - [2024-10-08T14:44:59.790+0900] {dag.py:3262} INFO - Creating ORM DAG for example_params_ui_tutorial
[2024-10-08T14:44:59.791+0900] {logging_mixin.py:190} INFO - [2024-10-08T14:44:59.791+0900] {dag.py:4180} INFO - Setting next_dagrun for example_params_ui_tutorial to None, run_after=None
[2024-10-08T14:44:59.811+0900] {processor.py:208} INFO - Processing /Users/alookso/1007MLpj/myenv/lib/python3.10/site-packages/airflow/example_dags/example_params_ui_tutorial.py took 0.455 seconds
[2024-10-08T14:48:43.341+0900] {processor.py:186} INFO - Started process (PID=22365) to work on /Users/alookso/1007MLpj/myenv/lib/python3.10/site-packages/airflow/example_dags/example_params_ui_tutorial.py
[2024-10-08T14:48:43.342+0900] {processor.py:914} INFO - Processing file /Users/alookso/1007MLpj/myenv/lib/python3.10/site-packages/airflow/example_dags/example_params_ui_tutorial.py for tasks to queue
[2024-10-08T14:48:43.343+0900] {logging_mixin.py:190} INFO - [2024-10-08T14:48:43.343+0900] {dagbag.py:588} INFO - Filling up the DagBag from /Users/alookso/1007MLpj/myenv/lib/python3.10/site-packages/airflow/example_dags/example_params_ui_tutorial.py
[2024-10-08T14:48:43.387+0900] {processor.py:925} INFO - DAG(s) 'example_params_ui_tutorial' retrieved from /Users/alookso/1007MLpj/myenv/lib/python3.10/site-packages/airflow/example_dags/example_params_ui_tutorial.py
[2024-10-08T14:48:43.559+0900] {logging_mixin.py:190} INFO - [2024-10-08T14:48:43.559+0900] {dag.py:3239} INFO - Sync 1 DAGs
[2024-10-08T14:48:43.572+0900] {logging_mixin.py:190} INFO - [2024-10-08T14:48:43.572+0900] {dag.py:4180} INFO - Setting next_dagrun for example_params_ui_tutorial to None, run_after=None
[2024-10-08T14:48:43.593+0900] {processor.py:208} INFO - Processing /Users/alookso/1007MLpj/myenv/lib/python3.10/site-packages/airflow/example_dags/example_params_ui_tutorial.py took 0.257 seconds
[2024-10-08T14:51:51.741+0900] {processor.py:186} INFO - Started process (PID=22457) to work on /Users/alookso/1007MLpj/myenv/lib/python3.10/site-packages/airflow/example_dags/example_params_ui_tutorial.py
[2024-10-08T14:51:51.743+0900] {processor.py:914} INFO - Processing file /Users/alookso/1007MLpj/myenv/lib/python3.10/site-packages/airflow/example_dags/example_params_ui_tutorial.py for tasks to queue
[2024-10-08T14:51:51.744+0900] {logging_mixin.py:190} INFO - [2024-10-08T14:51:51.744+0900] {dagbag.py:588} INFO - Filling up the DagBag from /Users/alookso/1007MLpj/myenv/lib/python3.10/site-packages/airflow/example_dags/example_params_ui_tutorial.py
[2024-10-08T14:51:51.797+0900] {processor.py:925} INFO - DAG(s) 'example_params_ui_tutorial' retrieved from /Users/alookso/1007MLpj/myenv/lib/python3.10/site-packages/airflow/example_dags/example_params_ui_tutorial.py
[2024-10-08T14:51:51.990+0900] {logging_mixin.py:190} INFO - [2024-10-08T14:51:51.989+0900] {dag.py:3239} INFO - Sync 1 DAGs
[2024-10-08T14:51:52.004+0900] {logging_mixin.py:190} INFO - [2024-10-08T14:51:52.004+0900] {dag.py:4180} INFO - Setting next_dagrun for example_params_ui_tutorial to None, run_after=None
[2024-10-08T14:51:52.028+0900] {processor.py:208} INFO - Processing /Users/alookso/1007MLpj/myenv/lib/python3.10/site-packages/airflow/example_dags/example_params_ui_tutorial.py took 0.293 seconds
[2024-10-08T14:54:59.011+0900] {processor.py:186} INFO - Started process (PID=22586) to work on /Users/alookso/1007MLpj/myenv/lib/python3.10/site-packages/airflow/example_dags/example_params_ui_tutorial.py
[2024-10-08T14:54:59.011+0900] {processor.py:914} INFO - Processing file /Users/alookso/1007MLpj/myenv/lib/python3.10/site-packages/airflow/example_dags/example_params_ui_tutorial.py for tasks to queue
[2024-10-08T14:54:59.012+0900] {logging_mixin.py:190} INFO - [2024-10-08T14:54:59.012+0900] {dagbag.py:588} INFO - Filling up the DagBag from /Users/alookso/1007MLpj/myenv/lib/python3.10/site-packages/airflow/example_dags/example_params_ui_tutorial.py
[2024-10-08T14:54:59.055+0900] {processor.py:925} INFO - DAG(s) 'example_params_ui_tutorial' retrieved from /Users/alookso/1007MLpj/myenv/lib/python3.10/site-packages/airflow/example_dags/example_params_ui_tutorial.py
[2024-10-08T14:54:59.225+0900] {logging_mixin.py:190} INFO - [2024-10-08T14:54:59.225+0900] {dag.py:3239} INFO - Sync 1 DAGs
[2024-10-08T14:54:59.238+0900] {logging_mixin.py:190} INFO - [2024-10-08T14:54:59.238+0900] {dag.py:4180} INFO - Setting next_dagrun for example_params_ui_tutorial to None, run_after=None
[2024-10-08T14:54:59.261+0900] {processor.py:208} INFO - Processing /Users/alookso/1007MLpj/myenv/lib/python3.10/site-packages/airflow/example_dags/example_params_ui_tutorial.py took 0.255 seconds
[2024-10-08T14:58:05.492+0900] {processor.py:186} INFO - Started process (PID=22683) to work on /Users/alookso/1007MLpj/myenv/lib/python3.10/site-packages/airflow/example_dags/example_params_ui_tutorial.py
[2024-10-08T14:58:05.493+0900] {processor.py:914} INFO - Processing file /Users/alookso/1007MLpj/myenv/lib/python3.10/site-packages/airflow/example_dags/example_params_ui_tutorial.py for tasks to queue
[2024-10-08T14:58:05.494+0900] {logging_mixin.py:190} INFO - [2024-10-08T14:58:05.494+0900] {dagbag.py:588} INFO - Filling up the DagBag from /Users/alookso/1007MLpj/myenv/lib/python3.10/site-packages/airflow/example_dags/example_params_ui_tutorial.py
[2024-10-08T14:58:05.540+0900] {processor.py:925} INFO - DAG(s) 'example_params_ui_tutorial' retrieved from /Users/alookso/1007MLpj/myenv/lib/python3.10/site-packages/airflow/example_dags/example_params_ui_tutorial.py
[2024-10-08T14:58:05.723+0900] {logging_mixin.py:190} INFO - [2024-10-08T14:58:05.723+0900] {dag.py:3239} INFO - Sync 1 DAGs
[2024-10-08T14:58:05.736+0900] {logging_mixin.py:190} INFO - [2024-10-08T14:58:05.736+0900] {dag.py:4180} INFO - Setting next_dagrun for example_params_ui_tutorial to None, run_after=None
[2024-10-08T14:58:05.759+0900] {processor.py:208} INFO - Processing /Users/alookso/1007MLpj/myenv/lib/python3.10/site-packages/airflow/example_dags/example_params_ui_tutorial.py took 0.272 seconds
[2024-10-08T15:01:17.201+0900] {processor.py:186} INFO - Started process (PID=22790) to work on /Users/alookso/1007MLpj/myenv/lib/python3.10/site-packages/airflow/example_dags/example_params_ui_tutorial.py
[2024-10-08T15:01:17.202+0900] {processor.py:914} INFO - Processing file /Users/alookso/1007MLpj/myenv/lib/python3.10/site-packages/airflow/example_dags/example_params_ui_tutorial.py for tasks to queue
[2024-10-08T15:01:17.203+0900] {logging_mixin.py:190} INFO - [2024-10-08T15:01:17.202+0900] {dagbag.py:588} INFO - Filling up the DagBag from /Users/alookso/1007MLpj/myenv/lib/python3.10/site-packages/airflow/example_dags/example_params_ui_tutorial.py
[2024-10-08T15:01:17.246+0900] {processor.py:925} INFO - DAG(s) 'example_params_ui_tutorial' retrieved from /Users/alookso/1007MLpj/myenv/lib/python3.10/site-packages/airflow/example_dags/example_params_ui_tutorial.py
[2024-10-08T15:01:17.422+0900] {logging_mixin.py:190} INFO - [2024-10-08T15:01:17.422+0900] {dag.py:3239} INFO - Sync 1 DAGs
[2024-10-08T15:01:17.436+0900] {logging_mixin.py:190} INFO - [2024-10-08T15:01:17.436+0900] {dag.py:4180} INFO - Setting next_dagrun for example_params_ui_tutorial to None, run_after=None
[2024-10-08T15:01:17.457+0900] {processor.py:208} INFO - Processing /Users/alookso/1007MLpj/myenv/lib/python3.10/site-packages/airflow/example_dags/example_params_ui_tutorial.py took 0.260 seconds
[2024-10-08T15:04:23.767+0900] {processor.py:186} INFO - Started process (PID=22871) to work on /Users/alookso/1007MLpj/myenv/lib/python3.10/site-packages/airflow/example_dags/example_params_ui_tutorial.py
[2024-10-08T15:04:23.768+0900] {processor.py:914} INFO - Processing file /Users/alookso/1007MLpj/myenv/lib/python3.10/site-packages/airflow/example_dags/example_params_ui_tutorial.py for tasks to queue
[2024-10-08T15:04:23.769+0900] {logging_mixin.py:190} INFO - [2024-10-08T15:04:23.769+0900] {dagbag.py:588} INFO - Filling up the DagBag from /Users/alookso/1007MLpj/myenv/lib/python3.10/site-packages/airflow/example_dags/example_params_ui_tutorial.py
[2024-10-08T15:04:23.812+0900] {processor.py:925} INFO - DAG(s) 'example_params_ui_tutorial' retrieved from /Users/alookso/1007MLpj/myenv/lib/python3.10/site-packages/airflow/example_dags/example_params_ui_tutorial.py
[2024-10-08T15:04:23.982+0900] {logging_mixin.py:190} INFO - [2024-10-08T15:04:23.982+0900] {dag.py:3239} INFO - Sync 1 DAGs
[2024-10-08T15:04:23.995+0900] {logging_mixin.py:190} INFO - [2024-10-08T15:04:23.995+0900] {dag.py:4180} INFO - Setting next_dagrun for example_params_ui_tutorial to None, run_after=None
[2024-10-08T15:04:24.016+0900] {processor.py:208} INFO - Processing /Users/alookso/1007MLpj/myenv/lib/python3.10/site-packages/airflow/example_dags/example_params_ui_tutorial.py took 0.254 seconds
[2024-10-08T15:07:29.060+0900] {processor.py:186} INFO - Started process (PID=22969) to work on /Users/alookso/1007MLpj/myenv/lib/python3.10/site-packages/airflow/example_dags/example_params_ui_tutorial.py
[2024-10-08T15:07:29.061+0900] {processor.py:914} INFO - Processing file /Users/alookso/1007MLpj/myenv/lib/python3.10/site-packages/airflow/example_dags/example_params_ui_tutorial.py for tasks to queue
[2024-10-08T15:07:29.062+0900] {logging_mixin.py:190} INFO - [2024-10-08T15:07:29.062+0900] {dagbag.py:588} INFO - Filling up the DagBag from /Users/alookso/1007MLpj/myenv/lib/python3.10/site-packages/airflow/example_dags/example_params_ui_tutorial.py
[2024-10-08T15:07:29.104+0900] {processor.py:925} INFO - DAG(s) 'example_params_ui_tutorial' retrieved from /Users/alookso/1007MLpj/myenv/lib/python3.10/site-packages/airflow/example_dags/example_params_ui_tutorial.py
[2024-10-08T15:07:29.271+0900] {logging_mixin.py:190} INFO - [2024-10-08T15:07:29.271+0900] {dag.py:3239} INFO - Sync 1 DAGs
[2024-10-08T15:07:29.284+0900] {logging_mixin.py:190} INFO - [2024-10-08T15:07:29.284+0900] {dag.py:4180} INFO - Setting next_dagrun for example_params_ui_tutorial to None, run_after=None
[2024-10-08T15:07:29.304+0900] {processor.py:208} INFO - Processing /Users/alookso/1007MLpj/myenv/lib/python3.10/site-packages/airflow/example_dags/example_params_ui_tutorial.py took 0.248 seconds
[2024-10-08T15:10:32.967+0900] {processor.py:186} INFO - Started process (PID=23095) to work on /Users/alookso/1007MLpj/myenv/lib/python3.10/site-packages/airflow/example_dags/example_params_ui_tutorial.py
[2024-10-08T15:10:32.967+0900] {processor.py:914} INFO - Processing file /Users/alookso/1007MLpj/myenv/lib/python3.10/site-packages/airflow/example_dags/example_params_ui_tutorial.py for tasks to queue
[2024-10-08T15:10:32.968+0900] {logging_mixin.py:190} INFO - [2024-10-08T15:10:32.968+0900] {dagbag.py:588} INFO - Filling up the DagBag from /Users/alookso/1007MLpj/myenv/lib/python3.10/site-packages/airflow/example_dags/example_params_ui_tutorial.py
[2024-10-08T15:10:33.011+0900] {processor.py:925} INFO - DAG(s) 'example_params_ui_tutorial' retrieved from /Users/alookso/1007MLpj/myenv/lib/python3.10/site-packages/airflow/example_dags/example_params_ui_tutorial.py
[2024-10-08T15:10:33.177+0900] {logging_mixin.py:190} INFO - [2024-10-08T15:10:33.177+0900] {dag.py:3239} INFO - Sync 1 DAGs
[2024-10-08T15:10:33.189+0900] {logging_mixin.py:190} INFO - [2024-10-08T15:10:33.189+0900] {dag.py:4180} INFO - Setting next_dagrun for example_params_ui_tutorial to None, run_after=None
[2024-10-08T15:10:33.210+0900] {processor.py:208} INFO - Processing /Users/alookso/1007MLpj/myenv/lib/python3.10/site-packages/airflow/example_dags/example_params_ui_tutorial.py took 0.247 seconds
[2024-10-08T15:13:33.148+0900] {processor.py:186} INFO - Started process (PID=23172) to work on /Users/alookso/1007MLpj/myenv/lib/python3.10/site-packages/airflow/example_dags/example_params_ui_tutorial.py
[2024-10-08T15:13:33.149+0900] {processor.py:914} INFO - Processing file /Users/alookso/1007MLpj/myenv/lib/python3.10/site-packages/airflow/example_dags/example_params_ui_tutorial.py for tasks to queue
[2024-10-08T15:13:33.150+0900] {logging_mixin.py:190} INFO - [2024-10-08T15:13:33.150+0900] {dagbag.py:588} INFO - Filling up the DagBag from /Users/alookso/1007MLpj/myenv/lib/python3.10/site-packages/airflow/example_dags/example_params_ui_tutorial.py
[2024-10-08T15:13:33.192+0900] {processor.py:925} INFO - DAG(s) 'example_params_ui_tutorial' retrieved from /Users/alookso/1007MLpj/myenv/lib/python3.10/site-packages/airflow/example_dags/example_params_ui_tutorial.py
[2024-10-08T15:13:33.359+0900] {logging_mixin.py:190} INFO - [2024-10-08T15:13:33.359+0900] {dag.py:3239} INFO - Sync 1 DAGs
[2024-10-08T15:13:33.372+0900] {logging_mixin.py:190} INFO - [2024-10-08T15:13:33.371+0900] {dag.py:4180} INFO - Setting next_dagrun for example_params_ui_tutorial to None, run_after=None
[2024-10-08T15:13:33.393+0900] {processor.py:208} INFO - Processing /Users/alookso/1007MLpj/myenv/lib/python3.10/site-packages/airflow/example_dags/example_params_ui_tutorial.py took 0.249 seconds
[2024-10-08T15:16:32.199+0900] {processor.py:186} INFO - Started process (PID=23257) to work on /Users/alookso/1007MLpj/myenv/lib/python3.10/site-packages/airflow/example_dags/example_params_ui_tutorial.py
[2024-10-08T15:16:32.200+0900] {processor.py:914} INFO - Processing file /Users/alookso/1007MLpj/myenv/lib/python3.10/site-packages/airflow/example_dags/example_params_ui_tutorial.py for tasks to queue
[2024-10-08T15:16:32.201+0900] {logging_mixin.py:190} INFO - [2024-10-08T15:16:32.201+0900] {dagbag.py:588} INFO - Filling up the DagBag from /Users/alookso/1007MLpj/myenv/lib/python3.10/site-packages/airflow/example_dags/example_params_ui_tutorial.py
[2024-10-08T15:16:32.245+0900] {processor.py:925} INFO - DAG(s) 'example_params_ui_tutorial' retrieved from /Users/alookso/1007MLpj/myenv/lib/python3.10/site-packages/airflow/example_dags/example_params_ui_tutorial.py
[2024-10-08T15:16:32.419+0900] {logging_mixin.py:190} INFO - [2024-10-08T15:16:32.419+0900] {dag.py:3239} INFO - Sync 1 DAGs
[2024-10-08T15:16:32.433+0900] {logging_mixin.py:190} INFO - [2024-10-08T15:16:32.433+0900] {dag.py:4180} INFO - Setting next_dagrun for example_params_ui_tutorial to None, run_after=None
[2024-10-08T15:16:32.454+0900] {processor.py:208} INFO - Processing /Users/alookso/1007MLpj/myenv/lib/python3.10/site-packages/airflow/example_dags/example_params_ui_tutorial.py took 0.260 seconds
[2024-10-08T15:19:41.247+0900] {processor.py:186} INFO - Started process (PID=23355) to work on /Users/alookso/1007MLpj/myenv/lib/python3.10/site-packages/airflow/example_dags/example_params_ui_tutorial.py
[2024-10-08T15:19:41.248+0900] {processor.py:914} INFO - Processing file /Users/alookso/1007MLpj/myenv/lib/python3.10/site-packages/airflow/example_dags/example_params_ui_tutorial.py for tasks to queue
[2024-10-08T15:19:41.249+0900] {logging_mixin.py:190} INFO - [2024-10-08T15:19:41.249+0900] {dagbag.py:588} INFO - Filling up the DagBag from /Users/alookso/1007MLpj/myenv/lib/python3.10/site-packages/airflow/example_dags/example_params_ui_tutorial.py
[2024-10-08T15:19:41.295+0900] {processor.py:925} INFO - DAG(s) 'example_params_ui_tutorial' retrieved from /Users/alookso/1007MLpj/myenv/lib/python3.10/site-packages/airflow/example_dags/example_params_ui_tutorial.py
[2024-10-08T15:19:41.486+0900] {logging_mixin.py:190} INFO - [2024-10-08T15:19:41.486+0900] {dag.py:3239} INFO - Sync 1 DAGs
[2024-10-08T15:19:41.499+0900] {logging_mixin.py:190} INFO - [2024-10-08T15:19:41.499+0900] {dag.py:4180} INFO - Setting next_dagrun for example_params_ui_tutorial to None, run_after=None
[2024-10-08T15:19:41.520+0900] {processor.py:208} INFO - Processing /Users/alookso/1007MLpj/myenv/lib/python3.10/site-packages/airflow/example_dags/example_params_ui_tutorial.py took 0.278 seconds
[2024-10-08T15:22:49.326+0900] {processor.py:186} INFO - Started process (PID=23450) to work on /Users/alookso/1007MLpj/myenv/lib/python3.10/site-packages/airflow/example_dags/example_params_ui_tutorial.py
[2024-10-08T15:22:49.327+0900] {processor.py:914} INFO - Processing file /Users/alookso/1007MLpj/myenv/lib/python3.10/site-packages/airflow/example_dags/example_params_ui_tutorial.py for tasks to queue
[2024-10-08T15:22:49.328+0900] {logging_mixin.py:190} INFO - [2024-10-08T15:22:49.328+0900] {dagbag.py:588} INFO - Filling up the DagBag from /Users/alookso/1007MLpj/myenv/lib/python3.10/site-packages/airflow/example_dags/example_params_ui_tutorial.py
[2024-10-08T15:22:49.373+0900] {processor.py:925} INFO - DAG(s) 'example_params_ui_tutorial' retrieved from /Users/alookso/1007MLpj/myenv/lib/python3.10/site-packages/airflow/example_dags/example_params_ui_tutorial.py
[2024-10-08T15:22:49.550+0900] {logging_mixin.py:190} INFO - [2024-10-08T15:22:49.550+0900] {dag.py:3239} INFO - Sync 1 DAGs
[2024-10-08T15:22:49.562+0900] {logging_mixin.py:190} INFO - [2024-10-08T15:22:49.562+0900] {dag.py:4180} INFO - Setting next_dagrun for example_params_ui_tutorial to None, run_after=None
[2024-10-08T15:22:49.583+0900] {processor.py:208} INFO - Processing /Users/alookso/1007MLpj/myenv/lib/python3.10/site-packages/airflow/example_dags/example_params_ui_tutorial.py took 0.263 seconds
[2024-10-08T15:25:54.832+0900] {processor.py:186} INFO - Started process (PID=23533) to work on /Users/alookso/1007MLpj/myenv/lib/python3.10/site-packages/airflow/example_dags/example_params_ui_tutorial.py
[2024-10-08T15:25:54.833+0900] {processor.py:914} INFO - Processing file /Users/alookso/1007MLpj/myenv/lib/python3.10/site-packages/airflow/example_dags/example_params_ui_tutorial.py for tasks to queue
[2024-10-08T15:25:54.834+0900] {logging_mixin.py:190} INFO - [2024-10-08T15:25:54.833+0900] {dagbag.py:588} INFO - Filling up the DagBag from /Users/alookso/1007MLpj/myenv/lib/python3.10/site-packages/airflow/example_dags/example_params_ui_tutorial.py
[2024-10-08T15:25:54.880+0900] {processor.py:925} INFO - DAG(s) 'example_params_ui_tutorial' retrieved from /Users/alookso/1007MLpj/myenv/lib/python3.10/site-packages/airflow/example_dags/example_params_ui_tutorial.py
[2024-10-08T15:25:55.053+0900] {logging_mixin.py:190} INFO - [2024-10-08T15:25:55.053+0900] {dag.py:3239} INFO - Sync 1 DAGs
[2024-10-08T15:25:55.067+0900] {logging_mixin.py:190} INFO - [2024-10-08T15:25:55.066+0900] {dag.py:4180} INFO - Setting next_dagrun for example_params_ui_tutorial to None, run_after=None
[2024-10-08T15:25:55.088+0900] {processor.py:208} INFO - Processing /Users/alookso/1007MLpj/myenv/lib/python3.10/site-packages/airflow/example_dags/example_params_ui_tutorial.py took 0.261 seconds
[2024-10-08T15:28:57.118+0900] {processor.py:186} INFO - Started process (PID=23650) to work on /Users/alookso/1007MLpj/myenv/lib/python3.10/site-packages/airflow/example_dags/example_params_ui_tutorial.py
[2024-10-08T15:28:57.119+0900] {processor.py:914} INFO - Processing file /Users/alookso/1007MLpj/myenv/lib/python3.10/site-packages/airflow/example_dags/example_params_ui_tutorial.py for tasks to queue
[2024-10-08T15:28:57.120+0900] {logging_mixin.py:190} INFO - [2024-10-08T15:28:57.120+0900] {dagbag.py:588} INFO - Filling up the DagBag from /Users/alookso/1007MLpj/myenv/lib/python3.10/site-packages/airflow/example_dags/example_params_ui_tutorial.py
[2024-10-08T15:28:57.162+0900] {processor.py:925} INFO - DAG(s) 'example_params_ui_tutorial' retrieved from /Users/alookso/1007MLpj/myenv/lib/python3.10/site-packages/airflow/example_dags/example_params_ui_tutorial.py
[2024-10-08T15:28:57.333+0900] {logging_mixin.py:190} INFO - [2024-10-08T15:28:57.333+0900] {dag.py:3239} INFO - Sync 1 DAGs
[2024-10-08T15:28:57.346+0900] {logging_mixin.py:190} INFO - [2024-10-08T15:28:57.346+0900] {dag.py:4180} INFO - Setting next_dagrun for example_params_ui_tutorial to None, run_after=None
[2024-10-08T15:28:57.368+0900] {processor.py:208} INFO - Processing /Users/alookso/1007MLpj/myenv/lib/python3.10/site-packages/airflow/example_dags/example_params_ui_tutorial.py took 0.253 seconds
[2024-10-08T15:31:57.768+0900] {processor.py:186} INFO - Started process (PID=23755) to work on /Users/alookso/1007MLpj/myenv/lib/python3.10/site-packages/airflow/example_dags/example_params_ui_tutorial.py
[2024-10-08T15:31:57.769+0900] {processor.py:914} INFO - Processing file /Users/alookso/1007MLpj/myenv/lib/python3.10/site-packages/airflow/example_dags/example_params_ui_tutorial.py for tasks to queue
[2024-10-08T15:31:57.769+0900] {logging_mixin.py:190} INFO - [2024-10-08T15:31:57.769+0900] {dagbag.py:588} INFO - Filling up the DagBag from /Users/alookso/1007MLpj/myenv/lib/python3.10/site-packages/airflow/example_dags/example_params_ui_tutorial.py
[2024-10-08T15:31:57.812+0900] {processor.py:925} INFO - DAG(s) 'example_params_ui_tutorial' retrieved from /Users/alookso/1007MLpj/myenv/lib/python3.10/site-packages/airflow/example_dags/example_params_ui_tutorial.py
[2024-10-08T15:31:57.982+0900] {logging_mixin.py:190} INFO - [2024-10-08T15:31:57.981+0900] {dag.py:3239} INFO - Sync 1 DAGs
[2024-10-08T15:31:57.994+0900] {logging_mixin.py:190} INFO - [2024-10-08T15:31:57.994+0900] {dag.py:4180} INFO - Setting next_dagrun for example_params_ui_tutorial to None, run_after=None
[2024-10-08T15:31:58.014+0900] {processor.py:208} INFO - Processing /Users/alookso/1007MLpj/myenv/lib/python3.10/site-packages/airflow/example_dags/example_params_ui_tutorial.py took 0.251 seconds
[2024-10-08T16:37:20.206+0900] {processor.py:186} INFO - Started process (PID=25040) to work on /Users/alookso/1007MLpj/myenv/lib/python3.10/site-packages/airflow/example_dags/example_params_ui_tutorial.py
[2024-10-08T16:37:20.206+0900] {processor.py:914} INFO - Processing file /Users/alookso/1007MLpj/myenv/lib/python3.10/site-packages/airflow/example_dags/example_params_ui_tutorial.py for tasks to queue
[2024-10-08T16:37:20.207+0900] {logging_mixin.py:190} INFO - [2024-10-08T16:37:20.207+0900] {dagbag.py:588} INFO - Filling up the DagBag from /Users/alookso/1007MLpj/myenv/lib/python3.10/site-packages/airflow/example_dags/example_params_ui_tutorial.py
[2024-10-08T16:37:20.250+0900] {processor.py:925} INFO - DAG(s) 'example_params_ui_tutorial' retrieved from /Users/alookso/1007MLpj/myenv/lib/python3.10/site-packages/airflow/example_dags/example_params_ui_tutorial.py
[2024-10-08T16:37:20.426+0900] {logging_mixin.py:190} INFO - [2024-10-08T16:37:20.426+0900] {dag.py:3239} INFO - Sync 1 DAGs
[2024-10-08T16:37:20.440+0900] {logging_mixin.py:190} INFO - [2024-10-08T16:37:20.440+0900] {dag.py:4180} INFO - Setting next_dagrun for example_params_ui_tutorial to None, run_after=None
[2024-10-08T16:37:20.461+0900] {processor.py:208} INFO - Processing /Users/alookso/1007MLpj/myenv/lib/python3.10/site-packages/airflow/example_dags/example_params_ui_tutorial.py took 0.262 seconds
[2024-10-08T17:28:52.930+0900] {processor.py:186} INFO - Started process (PID=26408) to work on /Users/alookso/1007MLpj/myenv/lib/python3.10/site-packages/airflow/example_dags/example_params_ui_tutorial.py
[2024-10-08T17:28:52.931+0900] {processor.py:914} INFO - Processing file /Users/alookso/1007MLpj/myenv/lib/python3.10/site-packages/airflow/example_dags/example_params_ui_tutorial.py for tasks to queue
[2024-10-08T17:28:52.932+0900] {logging_mixin.py:190} INFO - [2024-10-08T17:28:52.931+0900] {dagbag.py:588} INFO - Filling up the DagBag from /Users/alookso/1007MLpj/myenv/lib/python3.10/site-packages/airflow/example_dags/example_params_ui_tutorial.py
[2024-10-08T17:28:52.974+0900] {processor.py:925} INFO - DAG(s) 'example_params_ui_tutorial' retrieved from /Users/alookso/1007MLpj/myenv/lib/python3.10/site-packages/airflow/example_dags/example_params_ui_tutorial.py
[2024-10-08T17:28:53.146+0900] {logging_mixin.py:190} INFO - [2024-10-08T17:28:53.145+0900] {dag.py:3239} INFO - Sync 1 DAGs
[2024-10-08T17:28:53.159+0900] {logging_mixin.py:190} INFO - [2024-10-08T17:28:53.158+0900] {dag.py:4180} INFO - Setting next_dagrun for example_params_ui_tutorial to None, run_after=None
[2024-10-08T17:28:53.180+0900] {processor.py:208} INFO - Processing /Users/alookso/1007MLpj/myenv/lib/python3.10/site-packages/airflow/example_dags/example_params_ui_tutorial.py took 0.254 seconds
[2024-10-08T17:43:40.723+0900] {processor.py:186} INFO - Started process (PID=26903) to work on /Users/alookso/1007MLpj/myenv/lib/python3.10/site-packages/airflow/example_dags/example_params_ui_tutorial.py
[2024-10-08T17:43:40.723+0900] {processor.py:914} INFO - Processing file /Users/alookso/1007MLpj/myenv/lib/python3.10/site-packages/airflow/example_dags/example_params_ui_tutorial.py for tasks to queue
[2024-10-08T17:43:40.724+0900] {logging_mixin.py:190} INFO - [2024-10-08T17:43:40.724+0900] {dagbag.py:588} INFO - Filling up the DagBag from /Users/alookso/1007MLpj/myenv/lib/python3.10/site-packages/airflow/example_dags/example_params_ui_tutorial.py
[2024-10-08T17:43:40.766+0900] {processor.py:925} INFO - DAG(s) 'example_params_ui_tutorial' retrieved from /Users/alookso/1007MLpj/myenv/lib/python3.10/site-packages/airflow/example_dags/example_params_ui_tutorial.py
[2024-10-08T17:43:40.931+0900] {logging_mixin.py:190} INFO - [2024-10-08T17:43:40.931+0900] {dag.py:3239} INFO - Sync 1 DAGs
[2024-10-08T17:43:40.943+0900] {logging_mixin.py:190} INFO - [2024-10-08T17:43:40.943+0900] {dag.py:4180} INFO - Setting next_dagrun for example_params_ui_tutorial to None, run_after=None
[2024-10-08T17:43:40.964+0900] {processor.py:208} INFO - Processing /Users/alookso/1007MLpj/myenv/lib/python3.10/site-packages/airflow/example_dags/example_params_ui_tutorial.py took 0.245 seconds
[2024-10-08T17:56:04.112+0900] {processor.py:186} INFO - Started process (PID=27334) to work on /Users/alookso/1007MLpj/myenv/lib/python3.10/site-packages/airflow/example_dags/example_params_ui_tutorial.py
[2024-10-08T17:56:04.113+0900] {processor.py:914} INFO - Processing file /Users/alookso/1007MLpj/myenv/lib/python3.10/site-packages/airflow/example_dags/example_params_ui_tutorial.py for tasks to queue
[2024-10-08T17:56:04.114+0900] {logging_mixin.py:190} INFO - [2024-10-08T17:56:04.114+0900] {dagbag.py:588} INFO - Filling up the DagBag from /Users/alookso/1007MLpj/myenv/lib/python3.10/site-packages/airflow/example_dags/example_params_ui_tutorial.py
[2024-10-08T17:56:04.156+0900] {processor.py:925} INFO - DAG(s) 'example_params_ui_tutorial' retrieved from /Users/alookso/1007MLpj/myenv/lib/python3.10/site-packages/airflow/example_dags/example_params_ui_tutorial.py
[2024-10-08T17:56:04.325+0900] {logging_mixin.py:190} INFO - [2024-10-08T17:56:04.325+0900] {dag.py:3239} INFO - Sync 1 DAGs
[2024-10-08T17:56:04.338+0900] {logging_mixin.py:190} INFO - [2024-10-08T17:56:04.338+0900] {dag.py:4180} INFO - Setting next_dagrun for example_params_ui_tutorial to None, run_after=None
[2024-10-08T17:56:04.358+0900] {processor.py:208} INFO - Processing /Users/alookso/1007MLpj/myenv/lib/python3.10/site-packages/airflow/example_dags/example_params_ui_tutorial.py took 0.250 seconds
[2024-10-08T18:00:54.361+0900] {processor.py:186} INFO - Started process (PID=27544) to work on /Users/alookso/1007MLpj/myenv/lib/python3.10/site-packages/airflow/example_dags/example_params_ui_tutorial.py
[2024-10-08T18:00:54.362+0900] {processor.py:914} INFO - Processing file /Users/alookso/1007MLpj/myenv/lib/python3.10/site-packages/airflow/example_dags/example_params_ui_tutorial.py for tasks to queue
[2024-10-08T18:00:54.362+0900] {logging_mixin.py:190} INFO - [2024-10-08T18:00:54.362+0900] {dagbag.py:588} INFO - Filling up the DagBag from /Users/alookso/1007MLpj/myenv/lib/python3.10/site-packages/airflow/example_dags/example_params_ui_tutorial.py
[2024-10-08T18:00:54.405+0900] {processor.py:925} INFO - DAG(s) 'example_params_ui_tutorial' retrieved from /Users/alookso/1007MLpj/myenv/lib/python3.10/site-packages/airflow/example_dags/example_params_ui_tutorial.py
[2024-10-08T18:00:54.573+0900] {logging_mixin.py:190} INFO - [2024-10-08T18:00:54.573+0900] {dag.py:3239} INFO - Sync 1 DAGs
[2024-10-08T18:00:54.586+0900] {logging_mixin.py:190} INFO - [2024-10-08T18:00:54.586+0900] {dag.py:4180} INFO - Setting next_dagrun for example_params_ui_tutorial to None, run_after=None
[2024-10-08T18:00:54.606+0900] {processor.py:208} INFO - Processing /Users/alookso/1007MLpj/myenv/lib/python3.10/site-packages/airflow/example_dags/example_params_ui_tutorial.py took 0.251 seconds
[2024-10-08T18:04:34.911+0900] {processor.py:186} INFO - Started process (PID=27676) to work on /Users/alookso/1007MLpj/myenv/lib/python3.10/site-packages/airflow/example_dags/example_params_ui_tutorial.py
[2024-10-08T18:04:34.912+0900] {processor.py:914} INFO - Processing file /Users/alookso/1007MLpj/myenv/lib/python3.10/site-packages/airflow/example_dags/example_params_ui_tutorial.py for tasks to queue
[2024-10-08T18:04:34.912+0900] {logging_mixin.py:190} INFO - [2024-10-08T18:04:34.912+0900] {dagbag.py:588} INFO - Filling up the DagBag from /Users/alookso/1007MLpj/myenv/lib/python3.10/site-packages/airflow/example_dags/example_params_ui_tutorial.py
[2024-10-08T18:04:34.956+0900] {processor.py:925} INFO - DAG(s) 'example_params_ui_tutorial' retrieved from /Users/alookso/1007MLpj/myenv/lib/python3.10/site-packages/airflow/example_dags/example_params_ui_tutorial.py
[2024-10-08T18:04:35.127+0900] {logging_mixin.py:190} INFO - [2024-10-08T18:04:35.127+0900] {dag.py:3239} INFO - Sync 1 DAGs
[2024-10-08T18:04:35.140+0900] {logging_mixin.py:190} INFO - [2024-10-08T18:04:35.139+0900] {dag.py:4180} INFO - Setting next_dagrun for example_params_ui_tutorial to None, run_after=None
[2024-10-08T18:04:35.161+0900] {processor.py:208} INFO - Processing /Users/alookso/1007MLpj/myenv/lib/python3.10/site-packages/airflow/example_dags/example_params_ui_tutorial.py took 0.255 seconds
[2024-10-08T18:07:01.455+0900] {processor.py:186} INFO - Started process (PID=27776) to work on /Users/alookso/1007MLpj/myenv/lib/python3.10/site-packages/airflow/example_dags/example_params_ui_tutorial.py
[2024-10-08T18:07:01.456+0900] {processor.py:914} INFO - Processing file /Users/alookso/1007MLpj/myenv/lib/python3.10/site-packages/airflow/example_dags/example_params_ui_tutorial.py for tasks to queue
[2024-10-08T18:07:01.457+0900] {logging_mixin.py:190} INFO - [2024-10-08T18:07:01.457+0900] {dagbag.py:588} INFO - Filling up the DagBag from /Users/alookso/1007MLpj/myenv/lib/python3.10/site-packages/airflow/example_dags/example_params_ui_tutorial.py
[2024-10-08T18:07:01.500+0900] {processor.py:925} INFO - DAG(s) 'example_params_ui_tutorial' retrieved from /Users/alookso/1007MLpj/myenv/lib/python3.10/site-packages/airflow/example_dags/example_params_ui_tutorial.py
[2024-10-08T18:07:01.669+0900] {logging_mixin.py:190} INFO - [2024-10-08T18:07:01.669+0900] {dag.py:3239} INFO - Sync 1 DAGs
[2024-10-08T18:07:01.682+0900] {logging_mixin.py:190} INFO - [2024-10-08T18:07:01.682+0900] {dag.py:4180} INFO - Setting next_dagrun for example_params_ui_tutorial to None, run_after=None
[2024-10-08T18:07:01.703+0900] {processor.py:208} INFO - Processing /Users/alookso/1007MLpj/myenv/lib/python3.10/site-packages/airflow/example_dags/example_params_ui_tutorial.py took 0.252 seconds
[2024-10-08T18:10:41.406+0900] {processor.py:186} INFO - Started process (PID=27889) to work on /Users/alookso/1007MLpj/myenv/lib/python3.10/site-packages/airflow/example_dags/example_params_ui_tutorial.py
[2024-10-08T18:10:41.406+0900] {processor.py:914} INFO - Processing file /Users/alookso/1007MLpj/myenv/lib/python3.10/site-packages/airflow/example_dags/example_params_ui_tutorial.py for tasks to queue
[2024-10-08T18:10:41.407+0900] {logging_mixin.py:190} INFO - [2024-10-08T18:10:41.407+0900] {dagbag.py:588} INFO - Filling up the DagBag from /Users/alookso/1007MLpj/myenv/lib/python3.10/site-packages/airflow/example_dags/example_params_ui_tutorial.py
[2024-10-08T18:10:41.450+0900] {processor.py:925} INFO - DAG(s) 'example_params_ui_tutorial' retrieved from /Users/alookso/1007MLpj/myenv/lib/python3.10/site-packages/airflow/example_dags/example_params_ui_tutorial.py
[2024-10-08T18:10:41.619+0900] {logging_mixin.py:190} INFO - [2024-10-08T18:10:41.619+0900] {dag.py:3239} INFO - Sync 1 DAGs
[2024-10-08T18:10:41.631+0900] {logging_mixin.py:190} INFO - [2024-10-08T18:10:41.631+0900] {dag.py:4180} INFO - Setting next_dagrun for example_params_ui_tutorial to None, run_after=None
[2024-10-08T18:10:41.652+0900] {processor.py:208} INFO - Processing /Users/alookso/1007MLpj/myenv/lib/python3.10/site-packages/airflow/example_dags/example_params_ui_tutorial.py took 0.250 seconds
[2024-10-08T18:13:52.644+0900] {processor.py:186} INFO - Started process (PID=27975) to work on /Users/alookso/1007MLpj/myenv/lib/python3.10/site-packages/airflow/example_dags/example_params_ui_tutorial.py
[2024-10-08T18:13:52.645+0900] {processor.py:914} INFO - Processing file /Users/alookso/1007MLpj/myenv/lib/python3.10/site-packages/airflow/example_dags/example_params_ui_tutorial.py for tasks to queue
[2024-10-08T18:13:52.646+0900] {logging_mixin.py:190} INFO - [2024-10-08T18:13:52.646+0900] {dagbag.py:588} INFO - Filling up the DagBag from /Users/alookso/1007MLpj/myenv/lib/python3.10/site-packages/airflow/example_dags/example_params_ui_tutorial.py
[2024-10-08T18:13:52.689+0900] {processor.py:925} INFO - DAG(s) 'example_params_ui_tutorial' retrieved from /Users/alookso/1007MLpj/myenv/lib/python3.10/site-packages/airflow/example_dags/example_params_ui_tutorial.py
[2024-10-08T18:13:52.858+0900] {logging_mixin.py:190} INFO - [2024-10-08T18:13:52.858+0900] {dag.py:3239} INFO - Sync 1 DAGs
[2024-10-08T18:13:52.871+0900] {logging_mixin.py:190} INFO - [2024-10-08T18:13:52.871+0900] {dag.py:4180} INFO - Setting next_dagrun for example_params_ui_tutorial to None, run_after=None
[2024-10-08T18:13:52.892+0900] {processor.py:208} INFO - Processing /Users/alookso/1007MLpj/myenv/lib/python3.10/site-packages/airflow/example_dags/example_params_ui_tutorial.py took 0.253 seconds
[2024-10-08T18:17:01.293+0900] {processor.py:186} INFO - Started process (PID=28078) to work on /Users/alookso/1007MLpj/myenv/lib/python3.10/site-packages/airflow/example_dags/example_params_ui_tutorial.py
[2024-10-08T18:17:01.294+0900] {processor.py:914} INFO - Processing file /Users/alookso/1007MLpj/myenv/lib/python3.10/site-packages/airflow/example_dags/example_params_ui_tutorial.py for tasks to queue
[2024-10-08T18:17:01.294+0900] {logging_mixin.py:190} INFO - [2024-10-08T18:17:01.294+0900] {dagbag.py:588} INFO - Filling up the DagBag from /Users/alookso/1007MLpj/myenv/lib/python3.10/site-packages/airflow/example_dags/example_params_ui_tutorial.py
[2024-10-08T18:17:01.341+0900] {processor.py:925} INFO - DAG(s) 'example_params_ui_tutorial' retrieved from /Users/alookso/1007MLpj/myenv/lib/python3.10/site-packages/airflow/example_dags/example_params_ui_tutorial.py
[2024-10-08T18:17:01.516+0900] {logging_mixin.py:190} INFO - [2024-10-08T18:17:01.516+0900] {dag.py:3239} INFO - Sync 1 DAGs
[2024-10-08T18:17:01.529+0900] {logging_mixin.py:190} INFO - [2024-10-08T18:17:01.529+0900] {dag.py:4180} INFO - Setting next_dagrun for example_params_ui_tutorial to None, run_after=None
[2024-10-08T18:17:01.550+0900] {processor.py:208} INFO - Processing /Users/alookso/1007MLpj/myenv/lib/python3.10/site-packages/airflow/example_dags/example_params_ui_tutorial.py took 0.262 seconds
[2024-10-08T18:20:13.623+0900] {processor.py:186} INFO - Started process (PID=28175) to work on /Users/alookso/1007MLpj/myenv/lib/python3.10/site-packages/airflow/example_dags/example_params_ui_tutorial.py
[2024-10-08T18:20:13.623+0900] {processor.py:914} INFO - Processing file /Users/alookso/1007MLpj/myenv/lib/python3.10/site-packages/airflow/example_dags/example_params_ui_tutorial.py for tasks to queue
[2024-10-08T18:20:13.624+0900] {logging_mixin.py:190} INFO - [2024-10-08T18:20:13.624+0900] {dagbag.py:588} INFO - Filling up the DagBag from /Users/alookso/1007MLpj/myenv/lib/python3.10/site-packages/airflow/example_dags/example_params_ui_tutorial.py
[2024-10-08T18:20:13.666+0900] {processor.py:925} INFO - DAG(s) 'example_params_ui_tutorial' retrieved from /Users/alookso/1007MLpj/myenv/lib/python3.10/site-packages/airflow/example_dags/example_params_ui_tutorial.py
[2024-10-08T18:20:13.833+0900] {logging_mixin.py:190} INFO - [2024-10-08T18:20:13.832+0900] {dag.py:3239} INFO - Sync 1 DAGs
[2024-10-08T18:20:13.845+0900] {logging_mixin.py:190} INFO - [2024-10-08T18:20:13.845+0900] {dag.py:4180} INFO - Setting next_dagrun for example_params_ui_tutorial to None, run_after=None
[2024-10-08T18:20:13.865+0900] {processor.py:208} INFO - Processing /Users/alookso/1007MLpj/myenv/lib/python3.10/site-packages/airflow/example_dags/example_params_ui_tutorial.py took 0.248 seconds
[2024-10-08T18:47:30.154+0900] {processor.py:186} INFO - Started process (PID=29279) to work on /Users/alookso/1007MLpj/myenv/lib/python3.10/site-packages/airflow/example_dags/example_params_ui_tutorial.py
[2024-10-08T18:47:30.155+0900] {processor.py:914} INFO - Processing file /Users/alookso/1007MLpj/myenv/lib/python3.10/site-packages/airflow/example_dags/example_params_ui_tutorial.py for tasks to queue
[2024-10-08T18:47:30.156+0900] {logging_mixin.py:190} INFO - [2024-10-08T18:47:30.156+0900] {dagbag.py:588} INFO - Filling up the DagBag from /Users/alookso/1007MLpj/myenv/lib/python3.10/site-packages/airflow/example_dags/example_params_ui_tutorial.py
[2024-10-08T18:47:30.198+0900] {processor.py:925} INFO - DAG(s) 'example_params_ui_tutorial' retrieved from /Users/alookso/1007MLpj/myenv/lib/python3.10/site-packages/airflow/example_dags/example_params_ui_tutorial.py
[2024-10-08T18:47:30.367+0900] {logging_mixin.py:190} INFO - [2024-10-08T18:47:30.366+0900] {dag.py:3239} INFO - Sync 1 DAGs
[2024-10-08T18:47:30.379+0900] {logging_mixin.py:190} INFO - [2024-10-08T18:47:30.379+0900] {dag.py:4180} INFO - Setting next_dagrun for example_params_ui_tutorial to None, run_after=None
[2024-10-08T18:47:30.399+0900] {processor.py:208} INFO - Processing /Users/alookso/1007MLpj/myenv/lib/python3.10/site-packages/airflow/example_dags/example_params_ui_tutorial.py took 0.249 seconds
