[2024-10-08T14:44:51.361+0900] {processor.py:186} INFO - Started process (PID=22270) to work on /Users/alookso/1007MLpj/myenv/lib/python3.10/site-packages/airflow/example_dags/example_python_decorator.py
[2024-10-08T14:44:51.362+0900] {processor.py:914} INFO - Processing file /Users/alookso/1007MLpj/myenv/lib/python3.10/site-packages/airflow/example_dags/example_python_decorator.py for tasks to queue
[2024-10-08T14:44:51.363+0900] {logging_mixin.py:190} INFO - [2024-10-08T14:44:51.362+0900] {dagbag.py:588} INFO - Filling up the DagBag from /Users/alookso/1007MLpj/myenv/lib/python3.10/site-packages/airflow/example_dags/example_python_decorator.py
[2024-10-08T14:44:51.407+0900] {logging_mixin.py:190} INFO - [2024-10-08T14:44:51.406+0900] {example_python_decorator.py:80} WARNING - The virtalenv_python example task requires virtualenv, please install it.
[2024-10-08T14:44:51.409+0900] {processor.py:925} INFO - DAG(s) 'example_python_decorator' retrieved from /Users/alookso/1007MLpj/myenv/lib/python3.10/site-packages/airflow/example_dags/example_python_decorator.py
[2024-10-08T14:44:51.652+0900] {logging_mixin.py:190} INFO - [2024-10-08T14:44:51.652+0900] {override.py:1901} INFO - Created Permission View: can read on DAG:example_python_decorator
[2024-10-08T14:44:51.663+0900] {logging_mixin.py:190} INFO - [2024-10-08T14:44:51.662+0900] {override.py:1901} INFO - Created Permission View: can edit on DAG:example_python_decorator
[2024-10-08T14:44:51.670+0900] {logging_mixin.py:190} INFO - [2024-10-08T14:44:51.670+0900] {override.py:1901} INFO - Created Permission View: can delete on DAG:example_python_decorator
[2024-10-08T14:44:51.680+0900] {logging_mixin.py:190} INFO - [2024-10-08T14:44:51.680+0900] {override.py:1901} INFO - Created Permission View: can read on DAG Run:example_python_decorator
[2024-10-08T14:44:51.688+0900] {logging_mixin.py:190} INFO - [2024-10-08T14:44:51.688+0900] {override.py:1901} INFO - Created Permission View: menu access on DAG Run:example_python_decorator
[2024-10-08T14:44:51.695+0900] {logging_mixin.py:190} INFO - [2024-10-08T14:44:51.695+0900] {override.py:1901} INFO - Created Permission View: can delete on DAG Run:example_python_decorator
[2024-10-08T14:44:51.702+0900] {logging_mixin.py:190} INFO - [2024-10-08T14:44:51.702+0900] {override.py:1901} INFO - Created Permission View: can create on DAG Run:example_python_decorator
[2024-10-08T14:44:51.703+0900] {logging_mixin.py:190} INFO - [2024-10-08T14:44:51.703+0900] {dag.py:3239} INFO - Sync 1 DAGs
[2024-10-08T14:44:51.718+0900] {logging_mixin.py:190} INFO - [2024-10-08T14:44:51.717+0900] {dag.py:3262} INFO - Creating ORM DAG for example_python_decorator
[2024-10-08T14:44:51.718+0900] {logging_mixin.py:190} INFO - [2024-10-08T14:44:51.718+0900] {dag.py:4180} INFO - Setting next_dagrun for example_python_decorator to None, run_after=None
[2024-10-08T14:44:51.737+0900] {processor.py:208} INFO - Processing /Users/alookso/1007MLpj/myenv/lib/python3.10/site-packages/airflow/example_dags/example_python_decorator.py took 0.381 seconds
[2024-10-08T14:48:35.850+0900] {processor.py:186} INFO - Started process (PID=22362) to work on /Users/alookso/1007MLpj/myenv/lib/python3.10/site-packages/airflow/example_dags/example_python_decorator.py
[2024-10-08T14:48:35.851+0900] {processor.py:914} INFO - Processing file /Users/alookso/1007MLpj/myenv/lib/python3.10/site-packages/airflow/example_dags/example_python_decorator.py for tasks to queue
[2024-10-08T14:48:35.852+0900] {logging_mixin.py:190} INFO - [2024-10-08T14:48:35.852+0900] {dagbag.py:588} INFO - Filling up the DagBag from /Users/alookso/1007MLpj/myenv/lib/python3.10/site-packages/airflow/example_dags/example_python_decorator.py
[2024-10-08T14:48:35.896+0900] {logging_mixin.py:190} INFO - [2024-10-08T14:48:35.896+0900] {example_python_decorator.py:80} WARNING - The virtalenv_python example task requires virtualenv, please install it.
[2024-10-08T14:48:35.899+0900] {processor.py:925} INFO - DAG(s) 'example_python_decorator' retrieved from /Users/alookso/1007MLpj/myenv/lib/python3.10/site-packages/airflow/example_dags/example_python_decorator.py
[2024-10-08T14:48:36.031+0900] {logging_mixin.py:190} INFO - [2024-10-08T14:48:36.031+0900] {dag.py:3239} INFO - Sync 1 DAGs
[2024-10-08T14:48:36.044+0900] {logging_mixin.py:190} INFO - [2024-10-08T14:48:36.044+0900] {dag.py:4180} INFO - Setting next_dagrun for example_python_decorator to None, run_after=None
[2024-10-08T14:48:36.065+0900] {processor.py:208} INFO - Processing /Users/alookso/1007MLpj/myenv/lib/python3.10/site-packages/airflow/example_dags/example_python_decorator.py took 0.221 seconds
[2024-10-08T14:51:43.738+0900] {processor.py:186} INFO - Started process (PID=22452) to work on /Users/alookso/1007MLpj/myenv/lib/python3.10/site-packages/airflow/example_dags/example_python_decorator.py
[2024-10-08T14:51:43.738+0900] {processor.py:914} INFO - Processing file /Users/alookso/1007MLpj/myenv/lib/python3.10/site-packages/airflow/example_dags/example_python_decorator.py for tasks to queue
[2024-10-08T14:51:43.739+0900] {logging_mixin.py:190} INFO - [2024-10-08T14:51:43.739+0900] {dagbag.py:588} INFO - Filling up the DagBag from /Users/alookso/1007MLpj/myenv/lib/python3.10/site-packages/airflow/example_dags/example_python_decorator.py
[2024-10-08T14:51:43.783+0900] {logging_mixin.py:190} INFO - [2024-10-08T14:51:43.783+0900] {example_python_decorator.py:80} WARNING - The virtalenv_python example task requires virtualenv, please install it.
[2024-10-08T14:51:43.786+0900] {processor.py:925} INFO - DAG(s) 'example_python_decorator' retrieved from /Users/alookso/1007MLpj/myenv/lib/python3.10/site-packages/airflow/example_dags/example_python_decorator.py
[2024-10-08T14:51:43.922+0900] {logging_mixin.py:190} INFO - [2024-10-08T14:51:43.922+0900] {dag.py:3239} INFO - Sync 1 DAGs
[2024-10-08T14:51:43.936+0900] {logging_mixin.py:190} INFO - [2024-10-08T14:51:43.935+0900] {dag.py:4180} INFO - Setting next_dagrun for example_python_decorator to None, run_after=None
[2024-10-08T14:51:43.957+0900] {processor.py:208} INFO - Processing /Users/alookso/1007MLpj/myenv/lib/python3.10/site-packages/airflow/example_dags/example_python_decorator.py took 0.223 seconds
[2024-10-08T14:54:51.625+0900] {processor.py:186} INFO - Started process (PID=22581) to work on /Users/alookso/1007MLpj/myenv/lib/python3.10/site-packages/airflow/example_dags/example_python_decorator.py
[2024-10-08T14:54:51.626+0900] {processor.py:914} INFO - Processing file /Users/alookso/1007MLpj/myenv/lib/python3.10/site-packages/airflow/example_dags/example_python_decorator.py for tasks to queue
[2024-10-08T14:54:51.627+0900] {logging_mixin.py:190} INFO - [2024-10-08T14:54:51.627+0900] {dagbag.py:588} INFO - Filling up the DagBag from /Users/alookso/1007MLpj/myenv/lib/python3.10/site-packages/airflow/example_dags/example_python_decorator.py
[2024-10-08T14:54:51.669+0900] {logging_mixin.py:190} INFO - [2024-10-08T14:54:51.669+0900] {example_python_decorator.py:80} WARNING - The virtalenv_python example task requires virtualenv, please install it.
[2024-10-08T14:54:51.672+0900] {processor.py:925} INFO - DAG(s) 'example_python_decorator' retrieved from /Users/alookso/1007MLpj/myenv/lib/python3.10/site-packages/airflow/example_dags/example_python_decorator.py
[2024-10-08T14:54:51.804+0900] {logging_mixin.py:190} INFO - [2024-10-08T14:54:51.804+0900] {dag.py:3239} INFO - Sync 1 DAGs
[2024-10-08T14:54:51.817+0900] {logging_mixin.py:190} INFO - [2024-10-08T14:54:51.817+0900] {dag.py:4180} INFO - Setting next_dagrun for example_python_decorator to None, run_after=None
[2024-10-08T14:54:51.837+0900] {processor.py:208} INFO - Processing /Users/alookso/1007MLpj/myenv/lib/python3.10/site-packages/airflow/example_dags/example_python_decorator.py took 0.217 seconds
[2024-10-08T14:57:57.878+0900] {processor.py:186} INFO - Started process (PID=22679) to work on /Users/alookso/1007MLpj/myenv/lib/python3.10/site-packages/airflow/example_dags/example_python_decorator.py
[2024-10-08T14:57:57.879+0900] {processor.py:914} INFO - Processing file /Users/alookso/1007MLpj/myenv/lib/python3.10/site-packages/airflow/example_dags/example_python_decorator.py for tasks to queue
[2024-10-08T14:57:57.880+0900] {logging_mixin.py:190} INFO - [2024-10-08T14:57:57.879+0900] {dagbag.py:588} INFO - Filling up the DagBag from /Users/alookso/1007MLpj/myenv/lib/python3.10/site-packages/airflow/example_dags/example_python_decorator.py
[2024-10-08T14:57:57.922+0900] {logging_mixin.py:190} INFO - [2024-10-08T14:57:57.921+0900] {example_python_decorator.py:80} WARNING - The virtalenv_python example task requires virtualenv, please install it.
[2024-10-08T14:57:57.924+0900] {processor.py:925} INFO - DAG(s) 'example_python_decorator' retrieved from /Users/alookso/1007MLpj/myenv/lib/python3.10/site-packages/airflow/example_dags/example_python_decorator.py
[2024-10-08T14:57:58.057+0900] {logging_mixin.py:190} INFO - [2024-10-08T14:57:58.057+0900] {dag.py:3239} INFO - Sync 1 DAGs
[2024-10-08T14:57:58.070+0900] {logging_mixin.py:190} INFO - [2024-10-08T14:57:58.070+0900] {dag.py:4180} INFO - Setting next_dagrun for example_python_decorator to None, run_after=None
[2024-10-08T14:57:58.090+0900] {processor.py:208} INFO - Processing /Users/alookso/1007MLpj/myenv/lib/python3.10/site-packages/airflow/example_dags/example_python_decorator.py took 0.216 seconds
[2024-10-08T15:01:09.681+0900] {processor.py:186} INFO - Started process (PID=22787) to work on /Users/alookso/1007MLpj/myenv/lib/python3.10/site-packages/airflow/example_dags/example_python_decorator.py
[2024-10-08T15:01:09.682+0900] {processor.py:914} INFO - Processing file /Users/alookso/1007MLpj/myenv/lib/python3.10/site-packages/airflow/example_dags/example_python_decorator.py for tasks to queue
[2024-10-08T15:01:09.683+0900] {logging_mixin.py:190} INFO - [2024-10-08T15:01:09.683+0900] {dagbag.py:588} INFO - Filling up the DagBag from /Users/alookso/1007MLpj/myenv/lib/python3.10/site-packages/airflow/example_dags/example_python_decorator.py
[2024-10-08T15:01:09.726+0900] {logging_mixin.py:190} INFO - [2024-10-08T15:01:09.726+0900] {example_python_decorator.py:80} WARNING - The virtalenv_python example task requires virtualenv, please install it.
[2024-10-08T15:01:09.729+0900] {processor.py:925} INFO - DAG(s) 'example_python_decorator' retrieved from /Users/alookso/1007MLpj/myenv/lib/python3.10/site-packages/airflow/example_dags/example_python_decorator.py
[2024-10-08T15:01:09.860+0900] {logging_mixin.py:190} INFO - [2024-10-08T15:01:09.860+0900] {dag.py:3239} INFO - Sync 1 DAGs
[2024-10-08T15:01:09.873+0900] {logging_mixin.py:190} INFO - [2024-10-08T15:01:09.873+0900] {dag.py:4180} INFO - Setting next_dagrun for example_python_decorator to None, run_after=None
[2024-10-08T15:01:09.892+0900] {processor.py:208} INFO - Processing /Users/alookso/1007MLpj/myenv/lib/python3.10/site-packages/airflow/example_dags/example_python_decorator.py took 0.216 seconds
[2024-10-08T15:04:17.401+0900] {processor.py:186} INFO - Started process (PID=22868) to work on /Users/alookso/1007MLpj/myenv/lib/python3.10/site-packages/airflow/example_dags/example_python_decorator.py
[2024-10-08T15:04:17.402+0900] {processor.py:914} INFO - Processing file /Users/alookso/1007MLpj/myenv/lib/python3.10/site-packages/airflow/example_dags/example_python_decorator.py for tasks to queue
[2024-10-08T15:04:17.402+0900] {logging_mixin.py:190} INFO - [2024-10-08T15:04:17.402+0900] {dagbag.py:588} INFO - Filling up the DagBag from /Users/alookso/1007MLpj/myenv/lib/python3.10/site-packages/airflow/example_dags/example_python_decorator.py
[2024-10-08T15:04:17.445+0900] {logging_mixin.py:190} INFO - [2024-10-08T15:04:17.445+0900] {example_python_decorator.py:80} WARNING - The virtalenv_python example task requires virtualenv, please install it.
[2024-10-08T15:04:17.448+0900] {processor.py:925} INFO - DAG(s) 'example_python_decorator' retrieved from /Users/alookso/1007MLpj/myenv/lib/python3.10/site-packages/airflow/example_dags/example_python_decorator.py
[2024-10-08T15:04:17.577+0900] {logging_mixin.py:190} INFO - [2024-10-08T15:04:17.577+0900] {dag.py:3239} INFO - Sync 1 DAGs
[2024-10-08T15:04:17.590+0900] {logging_mixin.py:190} INFO - [2024-10-08T15:04:17.590+0900] {dag.py:4180} INFO - Setting next_dagrun for example_python_decorator to None, run_after=None
[2024-10-08T15:04:17.609+0900] {processor.py:208} INFO - Processing /Users/alookso/1007MLpj/myenv/lib/python3.10/site-packages/airflow/example_dags/example_python_decorator.py took 0.212 seconds
[2024-10-08T15:07:21.756+0900] {processor.py:186} INFO - Started process (PID=22966) to work on /Users/alookso/1007MLpj/myenv/lib/python3.10/site-packages/airflow/example_dags/example_python_decorator.py
[2024-10-08T15:07:21.757+0900] {processor.py:914} INFO - Processing file /Users/alookso/1007MLpj/myenv/lib/python3.10/site-packages/airflow/example_dags/example_python_decorator.py for tasks to queue
[2024-10-08T15:07:21.758+0900] {logging_mixin.py:190} INFO - [2024-10-08T15:07:21.757+0900] {dagbag.py:588} INFO - Filling up the DagBag from /Users/alookso/1007MLpj/myenv/lib/python3.10/site-packages/airflow/example_dags/example_python_decorator.py
[2024-10-08T15:07:21.803+0900] {logging_mixin.py:190} INFO - [2024-10-08T15:07:21.803+0900] {example_python_decorator.py:80} WARNING - The virtalenv_python example task requires virtualenv, please install it.
[2024-10-08T15:07:21.806+0900] {processor.py:925} INFO - DAG(s) 'example_python_decorator' retrieved from /Users/alookso/1007MLpj/myenv/lib/python3.10/site-packages/airflow/example_dags/example_python_decorator.py
[2024-10-08T15:07:21.936+0900] {logging_mixin.py:190} INFO - [2024-10-08T15:07:21.935+0900] {dag.py:3239} INFO - Sync 1 DAGs
[2024-10-08T15:07:21.948+0900] {logging_mixin.py:190} INFO - [2024-10-08T15:07:21.948+0900] {dag.py:4180} INFO - Setting next_dagrun for example_python_decorator to None, run_after=None
[2024-10-08T15:07:21.967+0900] {processor.py:208} INFO - Processing /Users/alookso/1007MLpj/myenv/lib/python3.10/site-packages/airflow/example_dags/example_python_decorator.py took 0.216 seconds
[2024-10-08T15:10:26.498+0900] {processor.py:186} INFO - Started process (PID=23092) to work on /Users/alookso/1007MLpj/myenv/lib/python3.10/site-packages/airflow/example_dags/example_python_decorator.py
[2024-10-08T15:10:26.499+0900] {processor.py:914} INFO - Processing file /Users/alookso/1007MLpj/myenv/lib/python3.10/site-packages/airflow/example_dags/example_python_decorator.py for tasks to queue
[2024-10-08T15:10:26.499+0900] {logging_mixin.py:190} INFO - [2024-10-08T15:10:26.499+0900] {dagbag.py:588} INFO - Filling up the DagBag from /Users/alookso/1007MLpj/myenv/lib/python3.10/site-packages/airflow/example_dags/example_python_decorator.py
[2024-10-08T15:10:26.541+0900] {logging_mixin.py:190} INFO - [2024-10-08T15:10:26.541+0900] {example_python_decorator.py:80} WARNING - The virtalenv_python example task requires virtualenv, please install it.
[2024-10-08T15:10:26.543+0900] {processor.py:925} INFO - DAG(s) 'example_python_decorator' retrieved from /Users/alookso/1007MLpj/myenv/lib/python3.10/site-packages/airflow/example_dags/example_python_decorator.py
[2024-10-08T15:10:26.673+0900] {logging_mixin.py:190} INFO - [2024-10-08T15:10:26.672+0900] {dag.py:3239} INFO - Sync 1 DAGs
[2024-10-08T15:10:26.685+0900] {logging_mixin.py:190} INFO - [2024-10-08T15:10:26.685+0900] {dag.py:4180} INFO - Setting next_dagrun for example_python_decorator to None, run_after=None
[2024-10-08T15:10:26.704+0900] {processor.py:208} INFO - Processing /Users/alookso/1007MLpj/myenv/lib/python3.10/site-packages/airflow/example_dags/example_python_decorator.py took 0.210 seconds
[2024-10-08T15:13:26.001+0900] {processor.py:186} INFO - Started process (PID=23169) to work on /Users/alookso/1007MLpj/myenv/lib/python3.10/site-packages/airflow/example_dags/example_python_decorator.py
[2024-10-08T15:13:26.001+0900] {processor.py:914} INFO - Processing file /Users/alookso/1007MLpj/myenv/lib/python3.10/site-packages/airflow/example_dags/example_python_decorator.py for tasks to queue
[2024-10-08T15:13:26.002+0900] {logging_mixin.py:190} INFO - [2024-10-08T15:13:26.002+0900] {dagbag.py:588} INFO - Filling up the DagBag from /Users/alookso/1007MLpj/myenv/lib/python3.10/site-packages/airflow/example_dags/example_python_decorator.py
[2024-10-08T15:13:26.044+0900] {logging_mixin.py:190} INFO - [2024-10-08T15:13:26.044+0900] {example_python_decorator.py:80} WARNING - The virtalenv_python example task requires virtualenv, please install it.
[2024-10-08T15:13:26.047+0900] {processor.py:925} INFO - DAG(s) 'example_python_decorator' retrieved from /Users/alookso/1007MLpj/myenv/lib/python3.10/site-packages/airflow/example_dags/example_python_decorator.py
[2024-10-08T15:13:26.175+0900] {logging_mixin.py:190} INFO - [2024-10-08T15:13:26.175+0900] {dag.py:3239} INFO - Sync 1 DAGs
[2024-10-08T15:13:26.188+0900] {logging_mixin.py:190} INFO - [2024-10-08T15:13:26.187+0900] {dag.py:4180} INFO - Setting next_dagrun for example_python_decorator to None, run_after=None
[2024-10-08T15:13:26.207+0900] {processor.py:208} INFO - Processing /Users/alookso/1007MLpj/myenv/lib/python3.10/site-packages/airflow/example_dags/example_python_decorator.py took 0.211 seconds
[2024-10-08T15:16:24.682+0900] {processor.py:186} INFO - Started process (PID=23254) to work on /Users/alookso/1007MLpj/myenv/lib/python3.10/site-packages/airflow/example_dags/example_python_decorator.py
[2024-10-08T15:16:24.683+0900] {processor.py:914} INFO - Processing file /Users/alookso/1007MLpj/myenv/lib/python3.10/site-packages/airflow/example_dags/example_python_decorator.py for tasks to queue
[2024-10-08T15:16:24.684+0900] {logging_mixin.py:190} INFO - [2024-10-08T15:16:24.684+0900] {dagbag.py:588} INFO - Filling up the DagBag from /Users/alookso/1007MLpj/myenv/lib/python3.10/site-packages/airflow/example_dags/example_python_decorator.py
[2024-10-08T15:16:24.726+0900] {logging_mixin.py:190} INFO - [2024-10-08T15:16:24.726+0900] {example_python_decorator.py:80} WARNING - The virtalenv_python example task requires virtualenv, please install it.
[2024-10-08T15:16:24.729+0900] {processor.py:925} INFO - DAG(s) 'example_python_decorator' retrieved from /Users/alookso/1007MLpj/myenv/lib/python3.10/site-packages/airflow/example_dags/example_python_decorator.py
[2024-10-08T15:16:24.859+0900] {logging_mixin.py:190} INFO - [2024-10-08T15:16:24.859+0900] {dag.py:3239} INFO - Sync 1 DAGs
[2024-10-08T15:16:24.872+0900] {logging_mixin.py:190} INFO - [2024-10-08T15:16:24.872+0900] {dag.py:4180} INFO - Setting next_dagrun for example_python_decorator to None, run_after=None
[2024-10-08T15:16:24.894+0900] {processor.py:208} INFO - Processing /Users/alookso/1007MLpj/myenv/lib/python3.10/site-packages/airflow/example_dags/example_python_decorator.py took 0.216 seconds
[2024-10-08T15:19:33.684+0900] {processor.py:186} INFO - Started process (PID=23353) to work on /Users/alookso/1007MLpj/myenv/lib/python3.10/site-packages/airflow/example_dags/example_python_decorator.py
[2024-10-08T15:19:33.685+0900] {processor.py:914} INFO - Processing file /Users/alookso/1007MLpj/myenv/lib/python3.10/site-packages/airflow/example_dags/example_python_decorator.py for tasks to queue
[2024-10-08T15:19:33.686+0900] {logging_mixin.py:190} INFO - [2024-10-08T15:19:33.686+0900] {dagbag.py:588} INFO - Filling up the DagBag from /Users/alookso/1007MLpj/myenv/lib/python3.10/site-packages/airflow/example_dags/example_python_decorator.py
[2024-10-08T15:19:33.731+0900] {logging_mixin.py:190} INFO - [2024-10-08T15:19:33.731+0900] {example_python_decorator.py:80} WARNING - The virtalenv_python example task requires virtualenv, please install it.
[2024-10-08T15:19:33.734+0900] {processor.py:925} INFO - DAG(s) 'example_python_decorator' retrieved from /Users/alookso/1007MLpj/myenv/lib/python3.10/site-packages/airflow/example_dags/example_python_decorator.py
[2024-10-08T15:19:33.869+0900] {logging_mixin.py:190} INFO - [2024-10-08T15:19:33.869+0900] {dag.py:3239} INFO - Sync 1 DAGs
[2024-10-08T15:19:33.883+0900] {logging_mixin.py:190} INFO - [2024-10-08T15:19:33.882+0900] {dag.py:4180} INFO - Setting next_dagrun for example_python_decorator to None, run_after=None
[2024-10-08T15:19:33.903+0900] {processor.py:208} INFO - Processing /Users/alookso/1007MLpj/myenv/lib/python3.10/site-packages/airflow/example_dags/example_python_decorator.py took 0.225 seconds
[2024-10-08T15:22:41.817+0900] {processor.py:186} INFO - Started process (PID=23441) to work on /Users/alookso/1007MLpj/myenv/lib/python3.10/site-packages/airflow/example_dags/example_python_decorator.py
[2024-10-08T15:22:41.818+0900] {processor.py:914} INFO - Processing file /Users/alookso/1007MLpj/myenv/lib/python3.10/site-packages/airflow/example_dags/example_python_decorator.py for tasks to queue
[2024-10-08T15:22:41.819+0900] {logging_mixin.py:190} INFO - [2024-10-08T15:22:41.819+0900] {dagbag.py:588} INFO - Filling up the DagBag from /Users/alookso/1007MLpj/myenv/lib/python3.10/site-packages/airflow/example_dags/example_python_decorator.py
[2024-10-08T15:22:41.870+0900] {logging_mixin.py:190} INFO - [2024-10-08T15:22:41.870+0900] {example_python_decorator.py:80} WARNING - The virtalenv_python example task requires virtualenv, please install it.
[2024-10-08T15:22:41.873+0900] {processor.py:925} INFO - DAG(s) 'example_python_decorator' retrieved from /Users/alookso/1007MLpj/myenv/lib/python3.10/site-packages/airflow/example_dags/example_python_decorator.py
[2024-10-08T15:22:42.018+0900] {logging_mixin.py:190} INFO - [2024-10-08T15:22:42.018+0900] {dag.py:3239} INFO - Sync 1 DAGs
[2024-10-08T15:22:42.032+0900] {logging_mixin.py:190} INFO - [2024-10-08T15:22:42.031+0900] {dag.py:4180} INFO - Setting next_dagrun for example_python_decorator to None, run_after=None
[2024-10-08T15:22:42.052+0900] {processor.py:208} INFO - Processing /Users/alookso/1007MLpj/myenv/lib/python3.10/site-packages/airflow/example_dags/example_python_decorator.py took 0.241 seconds
[2024-10-08T15:25:47.436+0900] {processor.py:186} INFO - Started process (PID=23530) to work on /Users/alookso/1007MLpj/myenv/lib/python3.10/site-packages/airflow/example_dags/example_python_decorator.py
[2024-10-08T15:25:47.437+0900] {processor.py:914} INFO - Processing file /Users/alookso/1007MLpj/myenv/lib/python3.10/site-packages/airflow/example_dags/example_python_decorator.py for tasks to queue
[2024-10-08T15:25:47.438+0900] {logging_mixin.py:190} INFO - [2024-10-08T15:25:47.437+0900] {dagbag.py:588} INFO - Filling up the DagBag from /Users/alookso/1007MLpj/myenv/lib/python3.10/site-packages/airflow/example_dags/example_python_decorator.py
[2024-10-08T15:25:47.480+0900] {logging_mixin.py:190} INFO - [2024-10-08T15:25:47.480+0900] {example_python_decorator.py:80} WARNING - The virtalenv_python example task requires virtualenv, please install it.
[2024-10-08T15:25:47.483+0900] {processor.py:925} INFO - DAG(s) 'example_python_decorator' retrieved from /Users/alookso/1007MLpj/myenv/lib/python3.10/site-packages/airflow/example_dags/example_python_decorator.py
[2024-10-08T15:25:47.615+0900] {logging_mixin.py:190} INFO - [2024-10-08T15:25:47.615+0900] {dag.py:3239} INFO - Sync 1 DAGs
[2024-10-08T15:25:47.628+0900] {logging_mixin.py:190} INFO - [2024-10-08T15:25:47.628+0900] {dag.py:4180} INFO - Setting next_dagrun for example_python_decorator to None, run_after=None
[2024-10-08T15:25:47.648+0900] {processor.py:208} INFO - Processing /Users/alookso/1007MLpj/myenv/lib/python3.10/site-packages/airflow/example_dags/example_python_decorator.py took 0.216 seconds
[2024-10-08T15:28:49.767+0900] {processor.py:186} INFO - Started process (PID=23645) to work on /Users/alookso/1007MLpj/myenv/lib/python3.10/site-packages/airflow/example_dags/example_python_decorator.py
[2024-10-08T15:28:49.768+0900] {processor.py:914} INFO - Processing file /Users/alookso/1007MLpj/myenv/lib/python3.10/site-packages/airflow/example_dags/example_python_decorator.py for tasks to queue
[2024-10-08T15:28:49.768+0900] {logging_mixin.py:190} INFO - [2024-10-08T15:28:49.768+0900] {dagbag.py:588} INFO - Filling up the DagBag from /Users/alookso/1007MLpj/myenv/lib/python3.10/site-packages/airflow/example_dags/example_python_decorator.py
[2024-10-08T15:28:49.809+0900] {logging_mixin.py:190} INFO - [2024-10-08T15:28:49.809+0900] {example_python_decorator.py:80} WARNING - The virtalenv_python example task requires virtualenv, please install it.
[2024-10-08T15:28:49.812+0900] {processor.py:925} INFO - DAG(s) 'example_python_decorator' retrieved from /Users/alookso/1007MLpj/myenv/lib/python3.10/site-packages/airflow/example_dags/example_python_decorator.py
[2024-10-08T15:28:49.947+0900] {logging_mixin.py:190} INFO - [2024-10-08T15:28:49.946+0900] {dag.py:3239} INFO - Sync 1 DAGs
[2024-10-08T15:28:49.959+0900] {logging_mixin.py:190} INFO - [2024-10-08T15:28:49.959+0900] {dag.py:4180} INFO - Setting next_dagrun for example_python_decorator to None, run_after=None
[2024-10-08T15:28:49.978+0900] {processor.py:208} INFO - Processing /Users/alookso/1007MLpj/myenv/lib/python3.10/site-packages/airflow/example_dags/example_python_decorator.py took 0.215 seconds
[2024-10-08T15:31:51.387+0900] {processor.py:186} INFO - Started process (PID=23750) to work on /Users/alookso/1007MLpj/myenv/lib/python3.10/site-packages/airflow/example_dags/example_python_decorator.py
[2024-10-08T15:31:51.388+0900] {processor.py:914} INFO - Processing file /Users/alookso/1007MLpj/myenv/lib/python3.10/site-packages/airflow/example_dags/example_python_decorator.py for tasks to queue
[2024-10-08T15:31:51.388+0900] {logging_mixin.py:190} INFO - [2024-10-08T15:31:51.388+0900] {dagbag.py:588} INFO - Filling up the DagBag from /Users/alookso/1007MLpj/myenv/lib/python3.10/site-packages/airflow/example_dags/example_python_decorator.py
[2024-10-08T15:31:51.430+0900] {logging_mixin.py:190} INFO - [2024-10-08T15:31:51.430+0900] {example_python_decorator.py:80} WARNING - The virtalenv_python example task requires virtualenv, please install it.
[2024-10-08T15:31:51.432+0900] {processor.py:925} INFO - DAG(s) 'example_python_decorator' retrieved from /Users/alookso/1007MLpj/myenv/lib/python3.10/site-packages/airflow/example_dags/example_python_decorator.py
[2024-10-08T15:31:51.564+0900] {logging_mixin.py:190} INFO - [2024-10-08T15:31:51.564+0900] {dag.py:3239} INFO - Sync 1 DAGs
[2024-10-08T15:31:51.577+0900] {logging_mixin.py:190} INFO - [2024-10-08T15:31:51.576+0900] {dag.py:4180} INFO - Setting next_dagrun for example_python_decorator to None, run_after=None
[2024-10-08T15:31:51.596+0900] {processor.py:208} INFO - Processing /Users/alookso/1007MLpj/myenv/lib/python3.10/site-packages/airflow/example_dags/example_python_decorator.py took 0.213 seconds
[2024-10-08T16:37:12.747+0900] {processor.py:186} INFO - Started process (PID=25035) to work on /Users/alookso/1007MLpj/myenv/lib/python3.10/site-packages/airflow/example_dags/example_python_decorator.py
[2024-10-08T16:37:12.748+0900] {processor.py:914} INFO - Processing file /Users/alookso/1007MLpj/myenv/lib/python3.10/site-packages/airflow/example_dags/example_python_decorator.py for tasks to queue
[2024-10-08T16:37:12.749+0900] {logging_mixin.py:190} INFO - [2024-10-08T16:37:12.749+0900] {dagbag.py:588} INFO - Filling up the DagBag from /Users/alookso/1007MLpj/myenv/lib/python3.10/site-packages/airflow/example_dags/example_python_decorator.py
[2024-10-08T16:37:12.794+0900] {logging_mixin.py:190} INFO - [2024-10-08T16:37:12.794+0900] {example_python_decorator.py:80} WARNING - The virtalenv_python example task requires virtualenv, please install it.
[2024-10-08T16:37:12.796+0900] {processor.py:925} INFO - DAG(s) 'example_python_decorator' retrieved from /Users/alookso/1007MLpj/myenv/lib/python3.10/site-packages/airflow/example_dags/example_python_decorator.py
[2024-10-08T16:37:12.961+0900] {logging_mixin.py:190} INFO - [2024-10-08T16:37:12.960+0900] {dag.py:3239} INFO - Sync 1 DAGs
[2024-10-08T16:37:12.974+0900] {logging_mixin.py:190} INFO - [2024-10-08T16:37:12.974+0900] {dag.py:4180} INFO - Setting next_dagrun for example_python_decorator to None, run_after=None
[2024-10-08T16:37:13.012+0900] {processor.py:208} INFO - Processing /Users/alookso/1007MLpj/myenv/lib/python3.10/site-packages/airflow/example_dags/example_python_decorator.py took 0.270 seconds
[2024-10-08T17:28:45.127+0900] {processor.py:186} INFO - Started process (PID=26401) to work on /Users/alookso/1007MLpj/myenv/lib/python3.10/site-packages/airflow/example_dags/example_python_decorator.py
[2024-10-08T17:28:45.129+0900] {processor.py:914} INFO - Processing file /Users/alookso/1007MLpj/myenv/lib/python3.10/site-packages/airflow/example_dags/example_python_decorator.py for tasks to queue
[2024-10-08T17:28:45.131+0900] {logging_mixin.py:190} INFO - [2024-10-08T17:28:45.131+0900] {dagbag.py:588} INFO - Filling up the DagBag from /Users/alookso/1007MLpj/myenv/lib/python3.10/site-packages/airflow/example_dags/example_python_decorator.py
[2024-10-08T17:28:45.230+0900] {logging_mixin.py:190} INFO - [2024-10-08T17:28:45.230+0900] {example_python_decorator.py:80} WARNING - The virtalenv_python example task requires virtualenv, please install it.
[2024-10-08T17:28:45.241+0900] {processor.py:925} INFO - DAG(s) 'example_python_decorator' retrieved from /Users/alookso/1007MLpj/myenv/lib/python3.10/site-packages/airflow/example_dags/example_python_decorator.py
[2024-10-08T17:28:45.441+0900] {logging_mixin.py:190} INFO - [2024-10-08T17:28:45.440+0900] {dag.py:3239} INFO - Sync 1 DAGs
[2024-10-08T17:28:45.455+0900] {logging_mixin.py:190} INFO - [2024-10-08T17:28:45.455+0900] {dag.py:4180} INFO - Setting next_dagrun for example_python_decorator to None, run_after=None
[2024-10-08T17:28:45.477+0900] {processor.py:208} INFO - Processing /Users/alookso/1007MLpj/myenv/lib/python3.10/site-packages/airflow/example_dags/example_python_decorator.py took 0.357 seconds
[2024-10-08T17:43:34.436+0900] {processor.py:186} INFO - Started process (PID=26901) to work on /Users/alookso/1007MLpj/myenv/lib/python3.10/site-packages/airflow/example_dags/example_python_decorator.py
[2024-10-08T17:43:34.437+0900] {processor.py:914} INFO - Processing file /Users/alookso/1007MLpj/myenv/lib/python3.10/site-packages/airflow/example_dags/example_python_decorator.py for tasks to queue
[2024-10-08T17:43:34.438+0900] {logging_mixin.py:190} INFO - [2024-10-08T17:43:34.438+0900] {dagbag.py:588} INFO - Filling up the DagBag from /Users/alookso/1007MLpj/myenv/lib/python3.10/site-packages/airflow/example_dags/example_python_decorator.py
[2024-10-08T17:43:34.480+0900] {logging_mixin.py:190} INFO - [2024-10-08T17:43:34.480+0900] {example_python_decorator.py:80} WARNING - The virtalenv_python example task requires virtualenv, please install it.
[2024-10-08T17:43:34.483+0900] {processor.py:925} INFO - DAG(s) 'example_python_decorator' retrieved from /Users/alookso/1007MLpj/myenv/lib/python3.10/site-packages/airflow/example_dags/example_python_decorator.py
[2024-10-08T17:43:34.614+0900] {logging_mixin.py:190} INFO - [2024-10-08T17:43:34.613+0900] {dag.py:3239} INFO - Sync 1 DAGs
[2024-10-08T17:43:34.626+0900] {logging_mixin.py:190} INFO - [2024-10-08T17:43:34.626+0900] {dag.py:4180} INFO - Setting next_dagrun for example_python_decorator to None, run_after=None
[2024-10-08T17:43:34.645+0900] {processor.py:208} INFO - Processing /Users/alookso/1007MLpj/myenv/lib/python3.10/site-packages/airflow/example_dags/example_python_decorator.py took 0.214 seconds
[2024-10-08T17:55:56.879+0900] {processor.py:186} INFO - Started process (PID=27331) to work on /Users/alookso/1007MLpj/myenv/lib/python3.10/site-packages/airflow/example_dags/example_python_decorator.py
[2024-10-08T17:55:56.880+0900] {processor.py:914} INFO - Processing file /Users/alookso/1007MLpj/myenv/lib/python3.10/site-packages/airflow/example_dags/example_python_decorator.py for tasks to queue
[2024-10-08T17:55:56.881+0900] {logging_mixin.py:190} INFO - [2024-10-08T17:55:56.881+0900] {dagbag.py:588} INFO - Filling up the DagBag from /Users/alookso/1007MLpj/myenv/lib/python3.10/site-packages/airflow/example_dags/example_python_decorator.py
[2024-10-08T17:55:56.922+0900] {logging_mixin.py:190} INFO - [2024-10-08T17:55:56.922+0900] {example_python_decorator.py:80} WARNING - The virtalenv_python example task requires virtualenv, please install it.
[2024-10-08T17:55:56.924+0900] {processor.py:925} INFO - DAG(s) 'example_python_decorator' retrieved from /Users/alookso/1007MLpj/myenv/lib/python3.10/site-packages/airflow/example_dags/example_python_decorator.py
[2024-10-08T17:55:57.053+0900] {logging_mixin.py:190} INFO - [2024-10-08T17:55:57.053+0900] {dag.py:3239} INFO - Sync 1 DAGs
[2024-10-08T17:55:57.066+0900] {logging_mixin.py:190} INFO - [2024-10-08T17:55:57.065+0900] {dag.py:4180} INFO - Setting next_dagrun for example_python_decorator to None, run_after=None
[2024-10-08T17:55:57.085+0900] {processor.py:208} INFO - Processing /Users/alookso/1007MLpj/myenv/lib/python3.10/site-packages/airflow/example_dags/example_python_decorator.py took 0.210 seconds
[2024-10-08T18:00:46.901+0900] {processor.py:186} INFO - Started process (PID=27538) to work on /Users/alookso/1007MLpj/myenv/lib/python3.10/site-packages/airflow/example_dags/example_python_decorator.py
[2024-10-08T18:00:46.902+0900] {processor.py:914} INFO - Processing file /Users/alookso/1007MLpj/myenv/lib/python3.10/site-packages/airflow/example_dags/example_python_decorator.py for tasks to queue
[2024-10-08T18:00:46.903+0900] {logging_mixin.py:190} INFO - [2024-10-08T18:00:46.903+0900] {dagbag.py:588} INFO - Filling up the DagBag from /Users/alookso/1007MLpj/myenv/lib/python3.10/site-packages/airflow/example_dags/example_python_decorator.py
[2024-10-08T18:00:46.945+0900] {logging_mixin.py:190} INFO - [2024-10-08T18:00:46.945+0900] {example_python_decorator.py:80} WARNING - The virtalenv_python example task requires virtualenv, please install it.
[2024-10-08T18:00:46.948+0900] {processor.py:925} INFO - DAG(s) 'example_python_decorator' retrieved from /Users/alookso/1007MLpj/myenv/lib/python3.10/site-packages/airflow/example_dags/example_python_decorator.py
[2024-10-08T18:00:47.079+0900] {logging_mixin.py:190} INFO - [2024-10-08T18:00:47.079+0900] {dag.py:3239} INFO - Sync 1 DAGs
[2024-10-08T18:00:47.092+0900] {logging_mixin.py:190} INFO - [2024-10-08T18:00:47.091+0900] {dag.py:4180} INFO - Setting next_dagrun for example_python_decorator to None, run_after=None
[2024-10-08T18:00:47.111+0900] {processor.py:208} INFO - Processing /Users/alookso/1007MLpj/myenv/lib/python3.10/site-packages/airflow/example_dags/example_python_decorator.py took 0.215 seconds
[2024-10-08T18:04:27.572+0900] {processor.py:186} INFO - Started process (PID=27674) to work on /Users/alookso/1007MLpj/myenv/lib/python3.10/site-packages/airflow/example_dags/example_python_decorator.py
[2024-10-08T18:04:27.573+0900] {processor.py:914} INFO - Processing file /Users/alookso/1007MLpj/myenv/lib/python3.10/site-packages/airflow/example_dags/example_python_decorator.py for tasks to queue
[2024-10-08T18:04:27.574+0900] {logging_mixin.py:190} INFO - [2024-10-08T18:04:27.574+0900] {dagbag.py:588} INFO - Filling up the DagBag from /Users/alookso/1007MLpj/myenv/lib/python3.10/site-packages/airflow/example_dags/example_python_decorator.py
[2024-10-08T18:04:27.618+0900] {logging_mixin.py:190} INFO - [2024-10-08T18:04:27.618+0900] {example_python_decorator.py:80} WARNING - The virtalenv_python example task requires virtualenv, please install it.
[2024-10-08T18:04:27.621+0900] {processor.py:925} INFO - DAG(s) 'example_python_decorator' retrieved from /Users/alookso/1007MLpj/myenv/lib/python3.10/site-packages/airflow/example_dags/example_python_decorator.py
[2024-10-08T18:04:27.755+0900] {logging_mixin.py:190} INFO - [2024-10-08T18:04:27.755+0900] {dag.py:3239} INFO - Sync 1 DAGs
[2024-10-08T18:04:27.769+0900] {logging_mixin.py:190} INFO - [2024-10-08T18:04:27.769+0900] {dag.py:4180} INFO - Setting next_dagrun for example_python_decorator to None, run_after=None
[2024-10-08T18:04:27.791+0900] {processor.py:208} INFO - Processing /Users/alookso/1007MLpj/myenv/lib/python3.10/site-packages/airflow/example_dags/example_python_decorator.py took 0.224 seconds
[2024-10-08T18:06:55.035+0900] {processor.py:186} INFO - Started process (PID=27773) to work on /Users/alookso/1007MLpj/myenv/lib/python3.10/site-packages/airflow/example_dags/example_python_decorator.py
[2024-10-08T18:06:55.036+0900] {processor.py:914} INFO - Processing file /Users/alookso/1007MLpj/myenv/lib/python3.10/site-packages/airflow/example_dags/example_python_decorator.py for tasks to queue
[2024-10-08T18:06:55.037+0900] {logging_mixin.py:190} INFO - [2024-10-08T18:06:55.037+0900] {dagbag.py:588} INFO - Filling up the DagBag from /Users/alookso/1007MLpj/myenv/lib/python3.10/site-packages/airflow/example_dags/example_python_decorator.py
[2024-10-08T18:06:55.081+0900] {logging_mixin.py:190} INFO - [2024-10-08T18:06:55.080+0900] {example_python_decorator.py:80} WARNING - The virtalenv_python example task requires virtualenv, please install it.
[2024-10-08T18:06:55.083+0900] {processor.py:925} INFO - DAG(s) 'example_python_decorator' retrieved from /Users/alookso/1007MLpj/myenv/lib/python3.10/site-packages/airflow/example_dags/example_python_decorator.py
[2024-10-08T18:06:55.219+0900] {logging_mixin.py:190} INFO - [2024-10-08T18:06:55.218+0900] {dag.py:3239} INFO - Sync 1 DAGs
[2024-10-08T18:06:55.232+0900] {logging_mixin.py:190} INFO - [2024-10-08T18:06:55.232+0900] {dag.py:4180} INFO - Setting next_dagrun for example_python_decorator to None, run_after=None
[2024-10-08T18:06:55.252+0900] {processor.py:208} INFO - Processing /Users/alookso/1007MLpj/myenv/lib/python3.10/site-packages/airflow/example_dags/example_python_decorator.py took 0.224 seconds
[2024-10-08T18:10:34.103+0900] {processor.py:186} INFO - Started process (PID=27886) to work on /Users/alookso/1007MLpj/myenv/lib/python3.10/site-packages/airflow/example_dags/example_python_decorator.py
[2024-10-08T18:10:34.103+0900] {processor.py:914} INFO - Processing file /Users/alookso/1007MLpj/myenv/lib/python3.10/site-packages/airflow/example_dags/example_python_decorator.py for tasks to queue
[2024-10-08T18:10:34.104+0900] {logging_mixin.py:190} INFO - [2024-10-08T18:10:34.104+0900] {dagbag.py:588} INFO - Filling up the DagBag from /Users/alookso/1007MLpj/myenv/lib/python3.10/site-packages/airflow/example_dags/example_python_decorator.py
[2024-10-08T18:10:34.149+0900] {logging_mixin.py:190} INFO - [2024-10-08T18:10:34.149+0900] {example_python_decorator.py:80} WARNING - The virtalenv_python example task requires virtualenv, please install it.
[2024-10-08T18:10:34.152+0900] {processor.py:925} INFO - DAG(s) 'example_python_decorator' retrieved from /Users/alookso/1007MLpj/myenv/lib/python3.10/site-packages/airflow/example_dags/example_python_decorator.py
[2024-10-08T18:10:34.289+0900] {logging_mixin.py:190} INFO - [2024-10-08T18:10:34.288+0900] {dag.py:3239} INFO - Sync 1 DAGs
[2024-10-08T18:10:34.302+0900] {logging_mixin.py:190} INFO - [2024-10-08T18:10:34.301+0900] {dag.py:4180} INFO - Setting next_dagrun for example_python_decorator to None, run_after=None
[2024-10-08T18:10:34.321+0900] {processor.py:208} INFO - Processing /Users/alookso/1007MLpj/myenv/lib/python3.10/site-packages/airflow/example_dags/example_python_decorator.py took 0.223 seconds
[2024-10-08T18:13:45.223+0900] {processor.py:186} INFO - Started process (PID=27970) to work on /Users/alookso/1007MLpj/myenv/lib/python3.10/site-packages/airflow/example_dags/example_python_decorator.py
[2024-10-08T18:13:45.224+0900] {processor.py:914} INFO - Processing file /Users/alookso/1007MLpj/myenv/lib/python3.10/site-packages/airflow/example_dags/example_python_decorator.py for tasks to queue
[2024-10-08T18:13:45.225+0900] {logging_mixin.py:190} INFO - [2024-10-08T18:13:45.224+0900] {dagbag.py:588} INFO - Filling up the DagBag from /Users/alookso/1007MLpj/myenv/lib/python3.10/site-packages/airflow/example_dags/example_python_decorator.py
[2024-10-08T18:13:45.268+0900] {logging_mixin.py:190} INFO - [2024-10-08T18:13:45.268+0900] {example_python_decorator.py:80} WARNING - The virtalenv_python example task requires virtualenv, please install it.
[2024-10-08T18:13:45.271+0900] {processor.py:925} INFO - DAG(s) 'example_python_decorator' retrieved from /Users/alookso/1007MLpj/myenv/lib/python3.10/site-packages/airflow/example_dags/example_python_decorator.py
[2024-10-08T18:13:45.407+0900] {logging_mixin.py:190} INFO - [2024-10-08T18:13:45.407+0900] {dag.py:3239} INFO - Sync 1 DAGs
[2024-10-08T18:13:45.421+0900] {logging_mixin.py:190} INFO - [2024-10-08T18:13:45.421+0900] {dag.py:4180} INFO - Setting next_dagrun for example_python_decorator to None, run_after=None
[2024-10-08T18:13:45.442+0900] {processor.py:208} INFO - Processing /Users/alookso/1007MLpj/myenv/lib/python3.10/site-packages/airflow/example_dags/example_python_decorator.py took 0.224 seconds
[2024-10-08T18:16:54.072+0900] {processor.py:186} INFO - Started process (PID=28074) to work on /Users/alookso/1007MLpj/myenv/lib/python3.10/site-packages/airflow/example_dags/example_python_decorator.py
[2024-10-08T18:16:54.072+0900] {processor.py:914} INFO - Processing file /Users/alookso/1007MLpj/myenv/lib/python3.10/site-packages/airflow/example_dags/example_python_decorator.py for tasks to queue
[2024-10-08T18:16:54.073+0900] {logging_mixin.py:190} INFO - [2024-10-08T18:16:54.073+0900] {dagbag.py:588} INFO - Filling up the DagBag from /Users/alookso/1007MLpj/myenv/lib/python3.10/site-packages/airflow/example_dags/example_python_decorator.py
[2024-10-08T18:16:54.116+0900] {logging_mixin.py:190} INFO - [2024-10-08T18:16:54.116+0900] {example_python_decorator.py:80} WARNING - The virtalenv_python example task requires virtualenv, please install it.
[2024-10-08T18:16:54.118+0900] {processor.py:925} INFO - DAG(s) 'example_python_decorator' retrieved from /Users/alookso/1007MLpj/myenv/lib/python3.10/site-packages/airflow/example_dags/example_python_decorator.py
[2024-10-08T18:16:54.249+0900] {logging_mixin.py:190} INFO - [2024-10-08T18:16:54.248+0900] {dag.py:3239} INFO - Sync 1 DAGs
[2024-10-08T18:16:54.262+0900] {logging_mixin.py:190} INFO - [2024-10-08T18:16:54.261+0900] {dag.py:4180} INFO - Setting next_dagrun for example_python_decorator to None, run_after=None
[2024-10-08T18:16:54.281+0900] {processor.py:208} INFO - Processing /Users/alookso/1007MLpj/myenv/lib/python3.10/site-packages/airflow/example_dags/example_python_decorator.py took 0.214 seconds
[2024-10-08T18:20:06.403+0900] {processor.py:186} INFO - Started process (PID=28172) to work on /Users/alookso/1007MLpj/myenv/lib/python3.10/site-packages/airflow/example_dags/example_python_decorator.py
[2024-10-08T18:20:06.403+0900] {processor.py:914} INFO - Processing file /Users/alookso/1007MLpj/myenv/lib/python3.10/site-packages/airflow/example_dags/example_python_decorator.py for tasks to queue
[2024-10-08T18:20:06.404+0900] {logging_mixin.py:190} INFO - [2024-10-08T18:20:06.404+0900] {dagbag.py:588} INFO - Filling up the DagBag from /Users/alookso/1007MLpj/myenv/lib/python3.10/site-packages/airflow/example_dags/example_python_decorator.py
[2024-10-08T18:20:06.446+0900] {logging_mixin.py:190} INFO - [2024-10-08T18:20:06.446+0900] {example_python_decorator.py:80} WARNING - The virtalenv_python example task requires virtualenv, please install it.
[2024-10-08T18:20:06.449+0900] {processor.py:925} INFO - DAG(s) 'example_python_decorator' retrieved from /Users/alookso/1007MLpj/myenv/lib/python3.10/site-packages/airflow/example_dags/example_python_decorator.py
[2024-10-08T18:20:06.579+0900] {logging_mixin.py:190} INFO - [2024-10-08T18:20:06.579+0900] {dag.py:3239} INFO - Sync 1 DAGs
[2024-10-08T18:20:06.592+0900] {logging_mixin.py:190} INFO - [2024-10-08T18:20:06.591+0900] {dag.py:4180} INFO - Setting next_dagrun for example_python_decorator to None, run_after=None
[2024-10-08T18:20:06.611+0900] {processor.py:208} INFO - Processing /Users/alookso/1007MLpj/myenv/lib/python3.10/site-packages/airflow/example_dags/example_python_decorator.py took 0.212 seconds
[2024-10-08T18:47:23.599+0900] {processor.py:186} INFO - Started process (PID=29276) to work on /Users/alookso/1007MLpj/myenv/lib/python3.10/site-packages/airflow/example_dags/example_python_decorator.py
[2024-10-08T18:47:23.599+0900] {processor.py:914} INFO - Processing file /Users/alookso/1007MLpj/myenv/lib/python3.10/site-packages/airflow/example_dags/example_python_decorator.py for tasks to queue
[2024-10-08T18:47:23.601+0900] {logging_mixin.py:190} INFO - [2024-10-08T18:47:23.600+0900] {dagbag.py:588} INFO - Filling up the DagBag from /Users/alookso/1007MLpj/myenv/lib/python3.10/site-packages/airflow/example_dags/example_python_decorator.py
[2024-10-08T18:47:23.646+0900] {logging_mixin.py:190} INFO - [2024-10-08T18:47:23.646+0900] {example_python_decorator.py:80} WARNING - The virtalenv_python example task requires virtualenv, please install it.
[2024-10-08T18:47:23.648+0900] {processor.py:925} INFO - DAG(s) 'example_python_decorator' retrieved from /Users/alookso/1007MLpj/myenv/lib/python3.10/site-packages/airflow/example_dags/example_python_decorator.py
[2024-10-08T18:47:23.838+0900] {logging_mixin.py:190} INFO - [2024-10-08T18:47:23.838+0900] {dag.py:3239} INFO - Sync 1 DAGs
[2024-10-08T18:47:23.856+0900] {logging_mixin.py:190} INFO - [2024-10-08T18:47:23.856+0900] {dag.py:4180} INFO - Setting next_dagrun for example_python_decorator to None, run_after=None
[2024-10-08T18:47:23.876+0900] {processor.py:208} INFO - Processing /Users/alookso/1007MLpj/myenv/lib/python3.10/site-packages/airflow/example_dags/example_python_decorator.py took 0.284 seconds
