[2024-10-08T14:45:59.894+0900] {processor.py:186} INFO - Started process (PID=22296) to work on /Users/alookso/1007MLpj/myenv/lib/python3.10/site-packages/airflow/example_dags/example_dataset_alias.py
[2024-10-08T14:45:59.894+0900] {processor.py:914} INFO - Processing file /Users/alookso/1007MLpj/myenv/lib/python3.10/site-packages/airflow/example_dags/example_dataset_alias.py for tasks to queue
[2024-10-08T14:45:59.895+0900] {logging_mixin.py:190} INFO - [2024-10-08T14:45:59.895+0900] {dagbag.py:588} INFO - Filling up the DagBag from /Users/alookso/1007MLpj/myenv/lib/python3.10/site-packages/airflow/example_dags/example_dataset_alias.py
[2024-10-08T14:46:00.109+0900] {processor.py:925} INFO - DAG(s) 'dataset_s3_bucket_producer', 'dataset_alias_example_alias_producer', 'dataset_s3_bucket_consumer', 'dataset_alias_example_alias_consumer' retrieved from /Users/alookso/1007MLpj/myenv/lib/python3.10/site-packages/airflow/example_dags/example_dataset_alias.py
[2024-10-08T14:46:00.232+0900] {logging_mixin.py:190} INFO - [2024-10-08T14:46:00.232+0900] {override.py:1901} INFO - Created Permission View: can edit on DAG:dataset_s3_bucket_producer
[2024-10-08T14:46:00.243+0900] {logging_mixin.py:190} INFO - [2024-10-08T14:46:00.243+0900] {override.py:1901} INFO - Created Permission View: can delete on DAG:dataset_s3_bucket_producer
[2024-10-08T14:46:00.250+0900] {logging_mixin.py:190} INFO - [2024-10-08T14:46:00.250+0900] {override.py:1901} INFO - Created Permission View: can read on DAG:dataset_s3_bucket_producer
[2024-10-08T14:46:00.260+0900] {logging_mixin.py:190} INFO - [2024-10-08T14:46:00.260+0900] {override.py:1901} INFO - Created Permission View: can create on DAG Run:dataset_s3_bucket_producer
[2024-10-08T14:46:00.267+0900] {logging_mixin.py:190} INFO - [2024-10-08T14:46:00.267+0900] {override.py:1901} INFO - Created Permission View: menu access on DAG Run:dataset_s3_bucket_producer
[2024-10-08T14:46:00.274+0900] {logging_mixin.py:190} INFO - [2024-10-08T14:46:00.274+0900] {override.py:1901} INFO - Created Permission View: can delete on DAG Run:dataset_s3_bucket_producer
[2024-10-08T14:46:00.282+0900] {logging_mixin.py:190} INFO - [2024-10-08T14:46:00.281+0900] {override.py:1901} INFO - Created Permission View: can read on DAG Run:dataset_s3_bucket_producer
[2024-10-08T14:46:00.299+0900] {logging_mixin.py:190} INFO - [2024-10-08T14:46:00.298+0900] {override.py:1901} INFO - Created Permission View: can edit on DAG:dataset_alias_example_alias_producer
[2024-10-08T14:46:00.306+0900] {logging_mixin.py:190} INFO - [2024-10-08T14:46:00.306+0900] {override.py:1901} INFO - Created Permission View: can delete on DAG:dataset_alias_example_alias_producer
[2024-10-08T14:46:00.314+0900] {logging_mixin.py:190} INFO - [2024-10-08T14:46:00.313+0900] {override.py:1901} INFO - Created Permission View: can read on DAG:dataset_alias_example_alias_producer
[2024-10-08T14:46:00.325+0900] {logging_mixin.py:190} INFO - [2024-10-08T14:46:00.324+0900] {override.py:1901} INFO - Created Permission View: can create on DAG Run:dataset_alias_example_alias_producer
[2024-10-08T14:46:00.332+0900] {logging_mixin.py:190} INFO - [2024-10-08T14:46:00.331+0900] {override.py:1901} INFO - Created Permission View: menu access on DAG Run:dataset_alias_example_alias_producer
[2024-10-08T14:46:00.339+0900] {logging_mixin.py:190} INFO - [2024-10-08T14:46:00.339+0900] {override.py:1901} INFO - Created Permission View: can delete on DAG Run:dataset_alias_example_alias_producer
[2024-10-08T14:46:00.347+0900] {logging_mixin.py:190} INFO - [2024-10-08T14:46:00.347+0900] {override.py:1901} INFO - Created Permission View: can read on DAG Run:dataset_alias_example_alias_producer
[2024-10-08T14:46:00.361+0900] {logging_mixin.py:190} INFO - [2024-10-08T14:46:00.361+0900] {override.py:1901} INFO - Created Permission View: can edit on DAG:dataset_s3_bucket_consumer
[2024-10-08T14:46:00.368+0900] {logging_mixin.py:190} INFO - [2024-10-08T14:46:00.368+0900] {override.py:1901} INFO - Created Permission View: can delete on DAG:dataset_s3_bucket_consumer
[2024-10-08T14:46:00.376+0900] {logging_mixin.py:190} INFO - [2024-10-08T14:46:00.376+0900] {override.py:1901} INFO - Created Permission View: can read on DAG:dataset_s3_bucket_consumer
[2024-10-08T14:46:00.386+0900] {logging_mixin.py:190} INFO - [2024-10-08T14:46:00.385+0900] {override.py:1901} INFO - Created Permission View: can create on DAG Run:dataset_s3_bucket_consumer
[2024-10-08T14:46:00.394+0900] {logging_mixin.py:190} INFO - [2024-10-08T14:46:00.393+0900] {override.py:1901} INFO - Created Permission View: menu access on DAG Run:dataset_s3_bucket_consumer
[2024-10-08T14:46:00.401+0900] {logging_mixin.py:190} INFO - [2024-10-08T14:46:00.401+0900] {override.py:1901} INFO - Created Permission View: can delete on DAG Run:dataset_s3_bucket_consumer
[2024-10-08T14:46:00.409+0900] {logging_mixin.py:190} INFO - [2024-10-08T14:46:00.408+0900] {override.py:1901} INFO - Created Permission View: can read on DAG Run:dataset_s3_bucket_consumer
[2024-10-08T14:46:00.424+0900] {logging_mixin.py:190} INFO - [2024-10-08T14:46:00.424+0900] {override.py:1901} INFO - Created Permission View: can edit on DAG:dataset_alias_example_alias_consumer
[2024-10-08T14:46:00.431+0900] {logging_mixin.py:190} INFO - [2024-10-08T14:46:00.431+0900] {override.py:1901} INFO - Created Permission View: can delete on DAG:dataset_alias_example_alias_consumer
[2024-10-08T14:46:00.440+0900] {logging_mixin.py:190} INFO - [2024-10-08T14:46:00.439+0900] {override.py:1901} INFO - Created Permission View: can read on DAG:dataset_alias_example_alias_consumer
[2024-10-08T14:46:00.450+0900] {logging_mixin.py:190} INFO - [2024-10-08T14:46:00.449+0900] {override.py:1901} INFO - Created Permission View: can create on DAG Run:dataset_alias_example_alias_consumer
[2024-10-08T14:46:00.457+0900] {logging_mixin.py:190} INFO - [2024-10-08T14:46:00.457+0900] {override.py:1901} INFO - Created Permission View: menu access on DAG Run:dataset_alias_example_alias_consumer
[2024-10-08T14:46:00.465+0900] {logging_mixin.py:190} INFO - [2024-10-08T14:46:00.464+0900] {override.py:1901} INFO - Created Permission View: can delete on DAG Run:dataset_alias_example_alias_consumer
[2024-10-08T14:46:00.472+0900] {logging_mixin.py:190} INFO - [2024-10-08T14:46:00.472+0900] {override.py:1901} INFO - Created Permission View: can read on DAG Run:dataset_alias_example_alias_consumer
[2024-10-08T14:46:00.472+0900] {logging_mixin.py:190} INFO - [2024-10-08T14:46:00.472+0900] {dag.py:3239} INFO - Sync 4 DAGs
[2024-10-08T14:46:00.487+0900] {logging_mixin.py:190} INFO - [2024-10-08T14:46:00.487+0900] {dag.py:3262} INFO - Creating ORM DAG for dataset_s3_bucket_producer
[2024-10-08T14:46:00.488+0900] {logging_mixin.py:190} INFO - [2024-10-08T14:46:00.488+0900] {dag.py:3262} INFO - Creating ORM DAG for dataset_s3_bucket_consumer
[2024-10-08T14:46:00.489+0900] {logging_mixin.py:190} INFO - [2024-10-08T14:46:00.489+0900] {dag.py:3262} INFO - Creating ORM DAG for dataset_alias_example_alias_consumer
[2024-10-08T14:46:00.489+0900] {logging_mixin.py:190} INFO - [2024-10-08T14:46:00.489+0900] {dag.py:3262} INFO - Creating ORM DAG for dataset_alias_example_alias_producer
[2024-10-08T14:46:00.498+0900] {logging_mixin.py:190} INFO - [2024-10-08T14:46:00.498+0900] {dag.py:4180} INFO - Setting next_dagrun for dataset_alias_example_alias_consumer to None, run_after=None
[2024-10-08T14:46:00.499+0900] {logging_mixin.py:190} INFO - [2024-10-08T14:46:00.498+0900] {dag.py:4180} INFO - Setting next_dagrun for dataset_alias_example_alias_producer to None, run_after=None
[2024-10-08T14:46:00.500+0900] {logging_mixin.py:190} INFO - [2024-10-08T14:46:00.500+0900] {dag.py:4180} INFO - Setting next_dagrun for dataset_s3_bucket_consumer to None, run_after=None
[2024-10-08T14:46:00.501+0900] {logging_mixin.py:190} INFO - [2024-10-08T14:46:00.501+0900] {dag.py:4180} INFO - Setting next_dagrun for dataset_s3_bucket_producer to None, run_after=None
[2024-10-08T14:46:01.250+0900] {processor.py:208} INFO - Processing /Users/alookso/1007MLpj/myenv/lib/python3.10/site-packages/airflow/example_dags/example_dataset_alias.py took 1.361 seconds
[2024-10-08T14:49:39.200+0900] {processor.py:186} INFO - Started process (PID=22388) to work on /Users/alookso/1007MLpj/myenv/lib/python3.10/site-packages/airflow/example_dags/example_dataset_alias.py
[2024-10-08T14:49:39.201+0900] {processor.py:914} INFO - Processing file /Users/alookso/1007MLpj/myenv/lib/python3.10/site-packages/airflow/example_dags/example_dataset_alias.py for tasks to queue
[2024-10-08T14:49:39.202+0900] {logging_mixin.py:190} INFO - [2024-10-08T14:49:39.202+0900] {dagbag.py:588} INFO - Filling up the DagBag from /Users/alookso/1007MLpj/myenv/lib/python3.10/site-packages/airflow/example_dags/example_dataset_alias.py
[2024-10-08T14:49:39.411+0900] {processor.py:925} INFO - DAG(s) 'dataset_alias_example_alias_consumer', 'dataset_s3_bucket_producer', 'dataset_s3_bucket_consumer', 'dataset_alias_example_alias_producer' retrieved from /Users/alookso/1007MLpj/myenv/lib/python3.10/site-packages/airflow/example_dags/example_dataset_alias.py
[2024-10-08T14:49:39.440+0900] {logging_mixin.py:190} INFO - [2024-10-08T14:49:39.440+0900] {dag.py:3239} INFO - Sync 4 DAGs
[2024-10-08T14:49:39.480+0900] {logging_mixin.py:190} INFO - [2024-10-08T14:49:39.480+0900] {dag.py:4180} INFO - Setting next_dagrun for dataset_alias_example_alias_consumer to None, run_after=None
[2024-10-08T14:49:39.483+0900] {logging_mixin.py:190} INFO - [2024-10-08T14:49:39.482+0900] {dag.py:4180} INFO - Setting next_dagrun for dataset_alias_example_alias_producer to None, run_after=None
[2024-10-08T14:49:39.484+0900] {logging_mixin.py:190} INFO - [2024-10-08T14:49:39.484+0900] {dag.py:4180} INFO - Setting next_dagrun for dataset_s3_bucket_consumer to None, run_after=None
[2024-10-08T14:49:39.485+0900] {logging_mixin.py:190} INFO - [2024-10-08T14:49:39.485+0900] {dag.py:4180} INFO - Setting next_dagrun for dataset_s3_bucket_producer to None, run_after=None
[2024-10-08T14:49:39.508+0900] {processor.py:208} INFO - Processing /Users/alookso/1007MLpj/myenv/lib/python3.10/site-packages/airflow/example_dags/example_dataset_alias.py took 0.313 seconds
[2024-10-08T14:55:54.360+0900] {processor.py:186} INFO - Started process (PID=22608) to work on /Users/alookso/1007MLpj/myenv/lib/python3.10/site-packages/airflow/example_dags/example_dataset_alias.py
[2024-10-08T14:55:54.361+0900] {processor.py:914} INFO - Processing file /Users/alookso/1007MLpj/myenv/lib/python3.10/site-packages/airflow/example_dags/example_dataset_alias.py for tasks to queue
[2024-10-08T14:55:54.362+0900] {logging_mixin.py:190} INFO - [2024-10-08T14:55:54.362+0900] {dagbag.py:588} INFO - Filling up the DagBag from /Users/alookso/1007MLpj/myenv/lib/python3.10/site-packages/airflow/example_dags/example_dataset_alias.py
[2024-10-08T14:55:54.570+0900] {processor.py:925} INFO - DAG(s) 'dataset_s3_bucket_producer', 'dataset_alias_example_alias_producer', 'dataset_s3_bucket_consumer', 'dataset_alias_example_alias_consumer' retrieved from /Users/alookso/1007MLpj/myenv/lib/python3.10/site-packages/airflow/example_dags/example_dataset_alias.py
[2024-10-08T14:55:54.599+0900] {logging_mixin.py:190} INFO - [2024-10-08T14:55:54.598+0900] {dag.py:3239} INFO - Sync 4 DAGs
[2024-10-08T14:55:54.622+0900] {logging_mixin.py:190} INFO - [2024-10-08T14:55:54.622+0900] {dag.py:4180} INFO - Setting next_dagrun for dataset_alias_example_alias_consumer to None, run_after=None
[2024-10-08T14:55:54.625+0900] {logging_mixin.py:190} INFO - [2024-10-08T14:55:54.625+0900] {dag.py:4180} INFO - Setting next_dagrun for dataset_alias_example_alias_producer to None, run_after=None
[2024-10-08T14:55:54.626+0900] {logging_mixin.py:190} INFO - [2024-10-08T14:55:54.626+0900] {dag.py:4180} INFO - Setting next_dagrun for dataset_s3_bucket_consumer to None, run_after=None
[2024-10-08T14:55:54.627+0900] {logging_mixin.py:190} INFO - [2024-10-08T14:55:54.627+0900] {dag.py:4180} INFO - Setting next_dagrun for dataset_s3_bucket_producer to None, run_after=None
[2024-10-08T14:55:54.651+0900] {processor.py:208} INFO - Processing /Users/alookso/1007MLpj/myenv/lib/python3.10/site-packages/airflow/example_dags/example_dataset_alias.py took 0.297 seconds
[2024-10-08T15:02:13.412+0900] {processor.py:186} INFO - Started process (PID=22814) to work on /Users/alookso/1007MLpj/myenv/lib/python3.10/site-packages/airflow/example_dags/example_dataset_alias.py
[2024-10-08T15:02:13.413+0900] {processor.py:914} INFO - Processing file /Users/alookso/1007MLpj/myenv/lib/python3.10/site-packages/airflow/example_dags/example_dataset_alias.py for tasks to queue
[2024-10-08T15:02:13.414+0900] {logging_mixin.py:190} INFO - [2024-10-08T15:02:13.414+0900] {dagbag.py:588} INFO - Filling up the DagBag from /Users/alookso/1007MLpj/myenv/lib/python3.10/site-packages/airflow/example_dags/example_dataset_alias.py
[2024-10-08T15:02:13.619+0900] {processor.py:925} INFO - DAG(s) 'dataset_s3_bucket_producer', 'dataset_s3_bucket_consumer', 'dataset_alias_example_alias_producer', 'dataset_alias_example_alias_consumer' retrieved from /Users/alookso/1007MLpj/myenv/lib/python3.10/site-packages/airflow/example_dags/example_dataset_alias.py
[2024-10-08T15:02:13.647+0900] {logging_mixin.py:190} INFO - [2024-10-08T15:02:13.647+0900] {dag.py:3239} INFO - Sync 4 DAGs
[2024-10-08T15:02:13.670+0900] {logging_mixin.py:190} INFO - [2024-10-08T15:02:13.670+0900] {dag.py:4180} INFO - Setting next_dagrun for dataset_alias_example_alias_consumer to None, run_after=None
[2024-10-08T15:02:13.672+0900] {logging_mixin.py:190} INFO - [2024-10-08T15:02:13.672+0900] {dag.py:4180} INFO - Setting next_dagrun for dataset_alias_example_alias_producer to None, run_after=None
[2024-10-08T15:02:13.673+0900] {logging_mixin.py:190} INFO - [2024-10-08T15:02:13.673+0900] {dag.py:4180} INFO - Setting next_dagrun for dataset_s3_bucket_consumer to None, run_after=None
[2024-10-08T15:02:13.674+0900] {logging_mixin.py:190} INFO - [2024-10-08T15:02:13.674+0900] {dag.py:4180} INFO - Setting next_dagrun for dataset_s3_bucket_producer to None, run_after=None
[2024-10-08T15:02:13.699+0900] {processor.py:208} INFO - Processing /Users/alookso/1007MLpj/myenv/lib/python3.10/site-packages/airflow/example_dags/example_dataset_alias.py took 0.291 seconds
[2024-10-08T15:08:24.721+0900] {processor.py:186} INFO - Started process (PID=23014) to work on /Users/alookso/1007MLpj/myenv/lib/python3.10/site-packages/airflow/example_dags/example_dataset_alias.py
[2024-10-08T15:08:24.722+0900] {processor.py:914} INFO - Processing file /Users/alookso/1007MLpj/myenv/lib/python3.10/site-packages/airflow/example_dags/example_dataset_alias.py for tasks to queue
[2024-10-08T15:08:24.723+0900] {logging_mixin.py:190} INFO - [2024-10-08T15:08:24.723+0900] {dagbag.py:588} INFO - Filling up the DagBag from /Users/alookso/1007MLpj/myenv/lib/python3.10/site-packages/airflow/example_dags/example_dataset_alias.py
[2024-10-08T15:08:24.947+0900] {processor.py:925} INFO - DAG(s) 'dataset_s3_bucket_producer', 'dataset_s3_bucket_consumer', 'dataset_alias_example_alias_producer', 'dataset_alias_example_alias_consumer' retrieved from /Users/alookso/1007MLpj/myenv/lib/python3.10/site-packages/airflow/example_dags/example_dataset_alias.py
[2024-10-08T15:08:24.981+0900] {logging_mixin.py:190} INFO - [2024-10-08T15:08:24.980+0900] {dag.py:3239} INFO - Sync 4 DAGs
[2024-10-08T15:08:25.006+0900] {logging_mixin.py:190} INFO - [2024-10-08T15:08:25.005+0900] {dag.py:4180} INFO - Setting next_dagrun for dataset_alias_example_alias_consumer to None, run_after=None
[2024-10-08T15:08:25.008+0900] {logging_mixin.py:190} INFO - [2024-10-08T15:08:25.008+0900] {dag.py:4180} INFO - Setting next_dagrun for dataset_alias_example_alias_producer to None, run_after=None
[2024-10-08T15:08:25.010+0900] {logging_mixin.py:190} INFO - [2024-10-08T15:08:25.010+0900] {dag.py:4180} INFO - Setting next_dagrun for dataset_s3_bucket_consumer to None, run_after=None
[2024-10-08T15:08:25.011+0900] {logging_mixin.py:190} INFO - [2024-10-08T15:08:25.011+0900] {dag.py:4180} INFO - Setting next_dagrun for dataset_s3_bucket_producer to None, run_after=None
[2024-10-08T15:08:25.038+0900] {processor.py:208} INFO - Processing /Users/alookso/1007MLpj/myenv/lib/python3.10/site-packages/airflow/example_dags/example_dataset_alias.py took 0.322 seconds
[2024-10-08T15:14:22.645+0900] {processor.py:186} INFO - Started process (PID=23195) to work on /Users/alookso/1007MLpj/myenv/lib/python3.10/site-packages/airflow/example_dags/example_dataset_alias.py
[2024-10-08T15:14:22.645+0900] {processor.py:914} INFO - Processing file /Users/alookso/1007MLpj/myenv/lib/python3.10/site-packages/airflow/example_dags/example_dataset_alias.py for tasks to queue
[2024-10-08T15:14:22.646+0900] {logging_mixin.py:190} INFO - [2024-10-08T15:14:22.646+0900] {dagbag.py:588} INFO - Filling up the DagBag from /Users/alookso/1007MLpj/myenv/lib/python3.10/site-packages/airflow/example_dags/example_dataset_alias.py
[2024-10-08T15:14:22.849+0900] {processor.py:925} INFO - DAG(s) 'dataset_alias_example_alias_producer', 'dataset_s3_bucket_consumer', 'dataset_s3_bucket_producer', 'dataset_alias_example_alias_consumer' retrieved from /Users/alookso/1007MLpj/myenv/lib/python3.10/site-packages/airflow/example_dags/example_dataset_alias.py
[2024-10-08T15:14:22.875+0900] {logging_mixin.py:190} INFO - [2024-10-08T15:14:22.875+0900] {dag.py:3239} INFO - Sync 4 DAGs
[2024-10-08T15:14:22.897+0900] {logging_mixin.py:190} INFO - [2024-10-08T15:14:22.897+0900] {dag.py:4180} INFO - Setting next_dagrun for dataset_alias_example_alias_consumer to None, run_after=None
[2024-10-08T15:14:22.899+0900] {logging_mixin.py:190} INFO - [2024-10-08T15:14:22.899+0900] {dag.py:4180} INFO - Setting next_dagrun for dataset_alias_example_alias_producer to None, run_after=None
[2024-10-08T15:14:22.901+0900] {logging_mixin.py:190} INFO - [2024-10-08T15:14:22.900+0900] {dag.py:4180} INFO - Setting next_dagrun for dataset_s3_bucket_consumer to None, run_after=None
[2024-10-08T15:14:22.902+0900] {logging_mixin.py:190} INFO - [2024-10-08T15:14:22.901+0900] {dag.py:4180} INFO - Setting next_dagrun for dataset_s3_bucket_producer to None, run_after=None
[2024-10-08T15:14:22.925+0900] {processor.py:208} INFO - Processing /Users/alookso/1007MLpj/myenv/lib/python3.10/site-packages/airflow/example_dags/example_dataset_alias.py took 0.285 seconds
[2024-10-08T15:20:37.151+0900] {processor.py:186} INFO - Started process (PID=23383) to work on /Users/alookso/1007MLpj/myenv/lib/python3.10/site-packages/airflow/example_dags/example_dataset_alias.py
[2024-10-08T15:20:37.152+0900] {processor.py:914} INFO - Processing file /Users/alookso/1007MLpj/myenv/lib/python3.10/site-packages/airflow/example_dags/example_dataset_alias.py for tasks to queue
[2024-10-08T15:20:37.153+0900] {logging_mixin.py:190} INFO - [2024-10-08T15:20:37.153+0900] {dagbag.py:588} INFO - Filling up the DagBag from /Users/alookso/1007MLpj/myenv/lib/python3.10/site-packages/airflow/example_dags/example_dataset_alias.py
[2024-10-08T15:20:37.361+0900] {processor.py:925} INFO - DAG(s) 'dataset_s3_bucket_producer', 'dataset_alias_example_alias_producer', 'dataset_s3_bucket_consumer', 'dataset_alias_example_alias_consumer' retrieved from /Users/alookso/1007MLpj/myenv/lib/python3.10/site-packages/airflow/example_dags/example_dataset_alias.py
[2024-10-08T15:20:37.390+0900] {logging_mixin.py:190} INFO - [2024-10-08T15:20:37.389+0900] {dag.py:3239} INFO - Sync 4 DAGs
[2024-10-08T15:20:37.412+0900] {logging_mixin.py:190} INFO - [2024-10-08T15:20:37.412+0900] {dag.py:4180} INFO - Setting next_dagrun for dataset_alias_example_alias_consumer to None, run_after=None
[2024-10-08T15:20:37.415+0900] {logging_mixin.py:190} INFO - [2024-10-08T15:20:37.415+0900] {dag.py:4180} INFO - Setting next_dagrun for dataset_alias_example_alias_producer to None, run_after=None
[2024-10-08T15:20:37.416+0900] {logging_mixin.py:190} INFO - [2024-10-08T15:20:37.416+0900] {dag.py:4180} INFO - Setting next_dagrun for dataset_s3_bucket_consumer to None, run_after=None
[2024-10-08T15:20:37.417+0900] {logging_mixin.py:190} INFO - [2024-10-08T15:20:37.417+0900] {dag.py:4180} INFO - Setting next_dagrun for dataset_s3_bucket_producer to None, run_after=None
[2024-10-08T15:20:37.440+0900] {processor.py:208} INFO - Processing /Users/alookso/1007MLpj/myenv/lib/python3.10/site-packages/airflow/example_dags/example_dataset_alias.py took 0.294 seconds
[2024-10-08T15:26:44.958+0900] {processor.py:186} INFO - Started process (PID=23560) to work on /Users/alookso/1007MLpj/myenv/lib/python3.10/site-packages/airflow/example_dags/example_dataset_alias.py
[2024-10-08T15:26:44.959+0900] {processor.py:914} INFO - Processing file /Users/alookso/1007MLpj/myenv/lib/python3.10/site-packages/airflow/example_dags/example_dataset_alias.py for tasks to queue
[2024-10-08T15:26:44.960+0900] {logging_mixin.py:190} INFO - [2024-10-08T15:26:44.960+0900] {dagbag.py:588} INFO - Filling up the DagBag from /Users/alookso/1007MLpj/myenv/lib/python3.10/site-packages/airflow/example_dags/example_dataset_alias.py
[2024-10-08T15:26:45.157+0900] {processor.py:925} INFO - DAG(s) 'dataset_alias_example_alias_producer', 'dataset_s3_bucket_producer', 'dataset_s3_bucket_consumer', 'dataset_alias_example_alias_consumer' retrieved from /Users/alookso/1007MLpj/myenv/lib/python3.10/site-packages/airflow/example_dags/example_dataset_alias.py
[2024-10-08T15:26:45.184+0900] {logging_mixin.py:190} INFO - [2024-10-08T15:26:45.183+0900] {dag.py:3239} INFO - Sync 4 DAGs
[2024-10-08T15:26:45.205+0900] {logging_mixin.py:190} INFO - [2024-10-08T15:26:45.205+0900] {dag.py:4180} INFO - Setting next_dagrun for dataset_alias_example_alias_consumer to None, run_after=None
[2024-10-08T15:26:45.208+0900] {logging_mixin.py:190} INFO - [2024-10-08T15:26:45.207+0900] {dag.py:4180} INFO - Setting next_dagrun for dataset_alias_example_alias_producer to None, run_after=None
[2024-10-08T15:26:45.209+0900] {logging_mixin.py:190} INFO - [2024-10-08T15:26:45.208+0900] {dag.py:4180} INFO - Setting next_dagrun for dataset_s3_bucket_consumer to None, run_after=None
[2024-10-08T15:26:45.210+0900] {logging_mixin.py:190} INFO - [2024-10-08T15:26:45.209+0900] {dag.py:4180} INFO - Setting next_dagrun for dataset_s3_bucket_producer to None, run_after=None
[2024-10-08T15:26:45.232+0900] {processor.py:208} INFO - Processing /Users/alookso/1007MLpj/myenv/lib/python3.10/site-packages/airflow/example_dags/example_dataset_alias.py took 0.279 seconds
[2024-10-08T15:32:48.338+0900] {processor.py:186} INFO - Started process (PID=23784) to work on /Users/alookso/1007MLpj/myenv/lib/python3.10/site-packages/airflow/example_dags/example_dataset_alias.py
[2024-10-08T15:32:48.339+0900] {processor.py:914} INFO - Processing file /Users/alookso/1007MLpj/myenv/lib/python3.10/site-packages/airflow/example_dags/example_dataset_alias.py for tasks to queue
[2024-10-08T15:32:48.340+0900] {logging_mixin.py:190} INFO - [2024-10-08T15:32:48.340+0900] {dagbag.py:588} INFO - Filling up the DagBag from /Users/alookso/1007MLpj/myenv/lib/python3.10/site-packages/airflow/example_dags/example_dataset_alias.py
[2024-10-08T15:32:48.542+0900] {processor.py:925} INFO - DAG(s) 'dataset_s3_bucket_consumer', 'dataset_s3_bucket_producer', 'dataset_alias_example_alias_consumer', 'dataset_alias_example_alias_producer' retrieved from /Users/alookso/1007MLpj/myenv/lib/python3.10/site-packages/airflow/example_dags/example_dataset_alias.py
[2024-10-08T15:32:48.569+0900] {logging_mixin.py:190} INFO - [2024-10-08T15:32:48.569+0900] {dag.py:3239} INFO - Sync 4 DAGs
[2024-10-08T15:32:48.590+0900] {logging_mixin.py:190} INFO - [2024-10-08T15:32:48.590+0900] {dag.py:4180} INFO - Setting next_dagrun for dataset_alias_example_alias_consumer to None, run_after=None
[2024-10-08T15:32:48.593+0900] {logging_mixin.py:190} INFO - [2024-10-08T15:32:48.593+0900] {dag.py:4180} INFO - Setting next_dagrun for dataset_alias_example_alias_producer to None, run_after=None
[2024-10-08T15:32:48.594+0900] {logging_mixin.py:190} INFO - [2024-10-08T15:32:48.594+0900] {dag.py:4180} INFO - Setting next_dagrun for dataset_s3_bucket_consumer to None, run_after=None
[2024-10-08T15:32:48.595+0900] {logging_mixin.py:190} INFO - [2024-10-08T15:32:48.595+0900] {dag.py:4180} INFO - Setting next_dagrun for dataset_s3_bucket_producer to None, run_after=None
[2024-10-08T15:32:48.617+0900] {processor.py:208} INFO - Processing /Users/alookso/1007MLpj/myenv/lib/python3.10/site-packages/airflow/example_dags/example_dataset_alias.py took 0.284 seconds
[2024-10-08T16:38:15.680+0900] {processor.py:186} INFO - Started process (PID=25074) to work on /Users/alookso/1007MLpj/myenv/lib/python3.10/site-packages/airflow/example_dags/example_dataset_alias.py
[2024-10-08T16:38:15.681+0900] {processor.py:914} INFO - Processing file /Users/alookso/1007MLpj/myenv/lib/python3.10/site-packages/airflow/example_dags/example_dataset_alias.py for tasks to queue
[2024-10-08T16:38:15.682+0900] {logging_mixin.py:190} INFO - [2024-10-08T16:38:15.682+0900] {dagbag.py:588} INFO - Filling up the DagBag from /Users/alookso/1007MLpj/myenv/lib/python3.10/site-packages/airflow/example_dags/example_dataset_alias.py
[2024-10-08T16:38:15.887+0900] {processor.py:925} INFO - DAG(s) 'dataset_alias_example_alias_consumer', 'dataset_s3_bucket_producer', 'dataset_s3_bucket_consumer', 'dataset_alias_example_alias_producer' retrieved from /Users/alookso/1007MLpj/myenv/lib/python3.10/site-packages/airflow/example_dags/example_dataset_alias.py
[2024-10-08T16:38:15.914+0900] {logging_mixin.py:190} INFO - [2024-10-08T16:38:15.914+0900] {dag.py:3239} INFO - Sync 4 DAGs
[2024-10-08T16:38:15.937+0900] {logging_mixin.py:190} INFO - [2024-10-08T16:38:15.937+0900] {dag.py:4180} INFO - Setting next_dagrun for dataset_alias_example_alias_consumer to None, run_after=None
[2024-10-08T16:38:15.940+0900] {logging_mixin.py:190} INFO - [2024-10-08T16:38:15.940+0900] {dag.py:4180} INFO - Setting next_dagrun for dataset_alias_example_alias_producer to None, run_after=None
[2024-10-08T16:38:15.941+0900] {logging_mixin.py:190} INFO - [2024-10-08T16:38:15.941+0900] {dag.py:4180} INFO - Setting next_dagrun for dataset_s3_bucket_consumer to None, run_after=None
[2024-10-08T16:38:15.942+0900] {logging_mixin.py:190} INFO - [2024-10-08T16:38:15.942+0900] {dag.py:4180} INFO - Setting next_dagrun for dataset_s3_bucket_producer to None, run_after=None
[2024-10-08T16:38:15.965+0900] {processor.py:208} INFO - Processing /Users/alookso/1007MLpj/myenv/lib/python3.10/site-packages/airflow/example_dags/example_dataset_alias.py took 0.289 seconds
[2024-10-08T17:29:53.155+0900] {processor.py:186} INFO - Started process (PID=26459) to work on /Users/alookso/1007MLpj/myenv/lib/python3.10/site-packages/airflow/example_dags/example_dataset_alias.py
[2024-10-08T17:29:53.155+0900] {processor.py:914} INFO - Processing file /Users/alookso/1007MLpj/myenv/lib/python3.10/site-packages/airflow/example_dags/example_dataset_alias.py for tasks to queue
[2024-10-08T17:29:53.156+0900] {logging_mixin.py:190} INFO - [2024-10-08T17:29:53.156+0900] {dagbag.py:588} INFO - Filling up the DagBag from /Users/alookso/1007MLpj/myenv/lib/python3.10/site-packages/airflow/example_dags/example_dataset_alias.py
[2024-10-08T17:29:53.362+0900] {processor.py:925} INFO - DAG(s) 'dataset_alias_example_alias_producer', 'dataset_s3_bucket_producer', 'dataset_s3_bucket_consumer', 'dataset_alias_example_alias_consumer' retrieved from /Users/alookso/1007MLpj/myenv/lib/python3.10/site-packages/airflow/example_dags/example_dataset_alias.py
[2024-10-08T17:29:53.390+0900] {logging_mixin.py:190} INFO - [2024-10-08T17:29:53.389+0900] {dag.py:3239} INFO - Sync 4 DAGs
[2024-10-08T17:29:53.414+0900] {logging_mixin.py:190} INFO - [2024-10-08T17:29:53.414+0900] {dag.py:4180} INFO - Setting next_dagrun for dataset_alias_example_alias_consumer to None, run_after=None
[2024-10-08T17:29:53.416+0900] {logging_mixin.py:190} INFO - [2024-10-08T17:29:53.416+0900] {dag.py:4180} INFO - Setting next_dagrun for dataset_alias_example_alias_producer to None, run_after=None
[2024-10-08T17:29:53.417+0900] {logging_mixin.py:190} INFO - [2024-10-08T17:29:53.417+0900] {dag.py:4180} INFO - Setting next_dagrun for dataset_s3_bucket_consumer to None, run_after=None
[2024-10-08T17:29:53.418+0900] {logging_mixin.py:190} INFO - [2024-10-08T17:29:53.418+0900] {dag.py:4180} INFO - Setting next_dagrun for dataset_s3_bucket_producer to None, run_after=None
[2024-10-08T17:29:53.442+0900] {processor.py:208} INFO - Processing /Users/alookso/1007MLpj/myenv/lib/python3.10/site-packages/airflow/example_dags/example_dataset_alias.py took 0.292 seconds
[2024-10-08T17:56:58.008+0900] {processor.py:186} INFO - Started process (PID=27367) to work on /Users/alookso/1007MLpj/myenv/lib/python3.10/site-packages/airflow/example_dags/example_dataset_alias.py
[2024-10-08T17:56:58.008+0900] {processor.py:914} INFO - Processing file /Users/alookso/1007MLpj/myenv/lib/python3.10/site-packages/airflow/example_dags/example_dataset_alias.py for tasks to queue
[2024-10-08T17:56:58.009+0900] {logging_mixin.py:190} INFO - [2024-10-08T17:56:58.009+0900] {dagbag.py:588} INFO - Filling up the DagBag from /Users/alookso/1007MLpj/myenv/lib/python3.10/site-packages/airflow/example_dags/example_dataset_alias.py
[2024-10-08T17:56:58.207+0900] {processor.py:925} INFO - DAG(s) 'dataset_alias_example_alias_consumer', 'dataset_alias_example_alias_producer', 'dataset_s3_bucket_producer', 'dataset_s3_bucket_consumer' retrieved from /Users/alookso/1007MLpj/myenv/lib/python3.10/site-packages/airflow/example_dags/example_dataset_alias.py
[2024-10-08T17:56:58.233+0900] {logging_mixin.py:190} INFO - [2024-10-08T17:56:58.233+0900] {dag.py:3239} INFO - Sync 4 DAGs
[2024-10-08T17:56:58.256+0900] {logging_mixin.py:190} INFO - [2024-10-08T17:56:58.255+0900] {dag.py:4180} INFO - Setting next_dagrun for dataset_alias_example_alias_consumer to None, run_after=None
[2024-10-08T17:56:58.258+0900] {logging_mixin.py:190} INFO - [2024-10-08T17:56:58.258+0900] {dag.py:4180} INFO - Setting next_dagrun for dataset_alias_example_alias_producer to None, run_after=None
[2024-10-08T17:56:58.259+0900] {logging_mixin.py:190} INFO - [2024-10-08T17:56:58.259+0900] {dag.py:4180} INFO - Setting next_dagrun for dataset_s3_bucket_consumer to None, run_after=None
[2024-10-08T17:56:58.260+0900] {logging_mixin.py:190} INFO - [2024-10-08T17:56:58.260+0900] {dag.py:4180} INFO - Setting next_dagrun for dataset_s3_bucket_producer to None, run_after=None
[2024-10-08T17:56:58.283+0900] {processor.py:208} INFO - Processing /Users/alookso/1007MLpj/myenv/lib/python3.10/site-packages/airflow/example_dags/example_dataset_alias.py took 0.280 seconds
[2024-10-08T18:01:48.267+0900] {processor.py:186} INFO - Started process (PID=27580) to work on /Users/alookso/1007MLpj/myenv/lib/python3.10/site-packages/airflow/example_dags/example_dataset_alias.py
[2024-10-08T18:01:48.268+0900] {processor.py:914} INFO - Processing file /Users/alookso/1007MLpj/myenv/lib/python3.10/site-packages/airflow/example_dags/example_dataset_alias.py for tasks to queue
[2024-10-08T18:01:48.268+0900] {logging_mixin.py:190} INFO - [2024-10-08T18:01:48.268+0900] {dagbag.py:588} INFO - Filling up the DagBag from /Users/alookso/1007MLpj/myenv/lib/python3.10/site-packages/airflow/example_dags/example_dataset_alias.py
[2024-10-08T18:01:48.475+0900] {processor.py:925} INFO - DAG(s) 'dataset_s3_bucket_producer', 'dataset_alias_example_alias_producer', 'dataset_s3_bucket_consumer', 'dataset_alias_example_alias_consumer' retrieved from /Users/alookso/1007MLpj/myenv/lib/python3.10/site-packages/airflow/example_dags/example_dataset_alias.py
[2024-10-08T18:01:48.504+0900] {logging_mixin.py:190} INFO - [2024-10-08T18:01:48.504+0900] {dag.py:3239} INFO - Sync 4 DAGs
[2024-10-08T18:01:48.528+0900] {logging_mixin.py:190} INFO - [2024-10-08T18:01:48.527+0900] {dag.py:4180} INFO - Setting next_dagrun for dataset_alias_example_alias_consumer to None, run_after=None
[2024-10-08T18:01:48.530+0900] {logging_mixin.py:190} INFO - [2024-10-08T18:01:48.530+0900] {dag.py:4180} INFO - Setting next_dagrun for dataset_alias_example_alias_producer to None, run_after=None
[2024-10-08T18:01:48.531+0900] {logging_mixin.py:190} INFO - [2024-10-08T18:01:48.531+0900] {dag.py:4180} INFO - Setting next_dagrun for dataset_s3_bucket_consumer to None, run_after=None
[2024-10-08T18:01:48.532+0900] {logging_mixin.py:190} INFO - [2024-10-08T18:01:48.532+0900] {dag.py:4180} INFO - Setting next_dagrun for dataset_s3_bucket_producer to None, run_after=None
[2024-10-08T18:01:48.556+0900] {processor.py:208} INFO - Processing /Users/alookso/1007MLpj/myenv/lib/python3.10/site-packages/airflow/example_dags/example_dataset_alias.py took 0.294 seconds
[2024-10-08T18:07:55.733+0900] {processor.py:186} INFO - Started process (PID=27799) to work on /Users/alookso/1007MLpj/myenv/lib/python3.10/site-packages/airflow/example_dags/example_dataset_alias.py
[2024-10-08T18:07:55.733+0900] {processor.py:914} INFO - Processing file /Users/alookso/1007MLpj/myenv/lib/python3.10/site-packages/airflow/example_dags/example_dataset_alias.py for tasks to queue
[2024-10-08T18:07:55.734+0900] {logging_mixin.py:190} INFO - [2024-10-08T18:07:55.734+0900] {dagbag.py:588} INFO - Filling up the DagBag from /Users/alookso/1007MLpj/myenv/lib/python3.10/site-packages/airflow/example_dags/example_dataset_alias.py
[2024-10-08T18:07:55.945+0900] {processor.py:925} INFO - DAG(s) 'dataset_s3_bucket_producer', 'dataset_alias_example_alias_producer', 'dataset_alias_example_alias_consumer', 'dataset_s3_bucket_consumer' retrieved from /Users/alookso/1007MLpj/myenv/lib/python3.10/site-packages/airflow/example_dags/example_dataset_alias.py
[2024-10-08T18:07:55.973+0900] {logging_mixin.py:190} INFO - [2024-10-08T18:07:55.972+0900] {dag.py:3239} INFO - Sync 4 DAGs
[2024-10-08T18:07:55.995+0900] {logging_mixin.py:190} INFO - [2024-10-08T18:07:55.995+0900] {dag.py:4180} INFO - Setting next_dagrun for dataset_alias_example_alias_consumer to None, run_after=None
[2024-10-08T18:07:55.997+0900] {logging_mixin.py:190} INFO - [2024-10-08T18:07:55.997+0900] {dag.py:4180} INFO - Setting next_dagrun for dataset_alias_example_alias_producer to None, run_after=None
[2024-10-08T18:07:55.998+0900] {logging_mixin.py:190} INFO - [2024-10-08T18:07:55.998+0900] {dag.py:4180} INFO - Setting next_dagrun for dataset_s3_bucket_consumer to None, run_after=None
[2024-10-08T18:07:55.999+0900] {logging_mixin.py:190} INFO - [2024-10-08T18:07:55.999+0900] {dag.py:4180} INFO - Setting next_dagrun for dataset_s3_bucket_producer to None, run_after=None
[2024-10-08T18:07:56.022+0900] {processor.py:208} INFO - Processing /Users/alookso/1007MLpj/myenv/lib/python3.10/site-packages/airflow/example_dags/example_dataset_alias.py took 0.295 seconds
[2024-10-08T18:11:36.478+0900] {processor.py:186} INFO - Started process (PID=27912) to work on /Users/alookso/1007MLpj/myenv/lib/python3.10/site-packages/airflow/example_dags/example_dataset_alias.py
[2024-10-08T18:11:36.478+0900] {processor.py:914} INFO - Processing file /Users/alookso/1007MLpj/myenv/lib/python3.10/site-packages/airflow/example_dags/example_dataset_alias.py for tasks to queue
[2024-10-08T18:11:36.479+0900] {logging_mixin.py:190} INFO - [2024-10-08T18:11:36.479+0900] {dagbag.py:588} INFO - Filling up the DagBag from /Users/alookso/1007MLpj/myenv/lib/python3.10/site-packages/airflow/example_dags/example_dataset_alias.py
[2024-10-08T18:11:36.694+0900] {processor.py:925} INFO - DAG(s) 'dataset_alias_example_alias_producer', 'dataset_s3_bucket_producer', 'dataset_s3_bucket_consumer', 'dataset_alias_example_alias_consumer' retrieved from /Users/alookso/1007MLpj/myenv/lib/python3.10/site-packages/airflow/example_dags/example_dataset_alias.py
[2024-10-08T18:11:36.723+0900] {logging_mixin.py:190} INFO - [2024-10-08T18:11:36.723+0900] {dag.py:3239} INFO - Sync 4 DAGs
[2024-10-08T18:11:36.747+0900] {logging_mixin.py:190} INFO - [2024-10-08T18:11:36.747+0900] {dag.py:4180} INFO - Setting next_dagrun for dataset_alias_example_alias_consumer to None, run_after=None
[2024-10-08T18:11:36.750+0900] {logging_mixin.py:190} INFO - [2024-10-08T18:11:36.750+0900] {dag.py:4180} INFO - Setting next_dagrun for dataset_alias_example_alias_producer to None, run_after=None
[2024-10-08T18:11:36.751+0900] {logging_mixin.py:190} INFO - [2024-10-08T18:11:36.751+0900] {dag.py:4180} INFO - Setting next_dagrun for dataset_s3_bucket_consumer to None, run_after=None
[2024-10-08T18:11:36.752+0900] {logging_mixin.py:190} INFO - [2024-10-08T18:11:36.752+0900] {dag.py:4180} INFO - Setting next_dagrun for dataset_s3_bucket_producer to None, run_after=None
[2024-10-08T18:11:36.776+0900] {processor.py:208} INFO - Processing /Users/alookso/1007MLpj/myenv/lib/python3.10/site-packages/airflow/example_dags/example_dataset_alias.py took 0.303 seconds
[2024-10-08T18:17:56.367+0900] {processor.py:186} INFO - Started process (PID=28108) to work on /Users/alookso/1007MLpj/myenv/lib/python3.10/site-packages/airflow/example_dags/example_dataset_alias.py
[2024-10-08T18:17:56.368+0900] {processor.py:914} INFO - Processing file /Users/alookso/1007MLpj/myenv/lib/python3.10/site-packages/airflow/example_dags/example_dataset_alias.py for tasks to queue
[2024-10-08T18:17:56.369+0900] {logging_mixin.py:190} INFO - [2024-10-08T18:17:56.369+0900] {dagbag.py:588} INFO - Filling up the DagBag from /Users/alookso/1007MLpj/myenv/lib/python3.10/site-packages/airflow/example_dags/example_dataset_alias.py
[2024-10-08T18:17:56.581+0900] {processor.py:925} INFO - DAG(s) 'dataset_s3_bucket_consumer', 'dataset_alias_example_alias_consumer', 'dataset_alias_example_alias_producer', 'dataset_s3_bucket_producer' retrieved from /Users/alookso/1007MLpj/myenv/lib/python3.10/site-packages/airflow/example_dags/example_dataset_alias.py
[2024-10-08T18:17:56.610+0900] {logging_mixin.py:190} INFO - [2024-10-08T18:17:56.610+0900] {dag.py:3239} INFO - Sync 4 DAGs
[2024-10-08T18:17:56.633+0900] {logging_mixin.py:190} INFO - [2024-10-08T18:17:56.633+0900] {dag.py:4180} INFO - Setting next_dagrun for dataset_alias_example_alias_consumer to None, run_after=None
[2024-10-08T18:17:56.636+0900] {logging_mixin.py:190} INFO - [2024-10-08T18:17:56.635+0900] {dag.py:4180} INFO - Setting next_dagrun for dataset_alias_example_alias_producer to None, run_after=None
[2024-10-08T18:17:56.637+0900] {logging_mixin.py:190} INFO - [2024-10-08T18:17:56.637+0900] {dag.py:4180} INFO - Setting next_dagrun for dataset_s3_bucket_consumer to None, run_after=None
[2024-10-08T18:17:56.638+0900] {logging_mixin.py:190} INFO - [2024-10-08T18:17:56.638+0900] {dag.py:4180} INFO - Setting next_dagrun for dataset_s3_bucket_producer to None, run_after=None
[2024-10-08T18:17:56.663+0900] {processor.py:208} INFO - Processing /Users/alookso/1007MLpj/myenv/lib/python3.10/site-packages/airflow/example_dags/example_dataset_alias.py took 0.301 seconds
[2024-10-08T18:48:23.954+0900] {processor.py:186} INFO - Started process (PID=29300) to work on /Users/alookso/1007MLpj/myenv/lib/python3.10/site-packages/airflow/example_dags/example_dataset_alias.py
[2024-10-08T18:48:23.955+0900] {processor.py:914} INFO - Processing file /Users/alookso/1007MLpj/myenv/lib/python3.10/site-packages/airflow/example_dags/example_dataset_alias.py for tasks to queue
[2024-10-08T18:48:23.956+0900] {logging_mixin.py:190} INFO - [2024-10-08T18:48:23.956+0900] {dagbag.py:588} INFO - Filling up the DagBag from /Users/alookso/1007MLpj/myenv/lib/python3.10/site-packages/airflow/example_dags/example_dataset_alias.py
[2024-10-08T18:48:24.156+0900] {processor.py:925} INFO - DAG(s) 'dataset_alias_example_alias_consumer', 'dataset_s3_bucket_producer', 'dataset_alias_example_alias_producer', 'dataset_s3_bucket_consumer' retrieved from /Users/alookso/1007MLpj/myenv/lib/python3.10/site-packages/airflow/example_dags/example_dataset_alias.py
[2024-10-08T18:48:24.182+0900] {logging_mixin.py:190} INFO - [2024-10-08T18:48:24.182+0900] {dag.py:3239} INFO - Sync 4 DAGs
[2024-10-08T18:48:24.204+0900] {logging_mixin.py:190} INFO - [2024-10-08T18:48:24.204+0900] {dag.py:4180} INFO - Setting next_dagrun for dataset_alias_example_alias_consumer to None, run_after=None
[2024-10-08T18:48:24.207+0900] {logging_mixin.py:190} INFO - [2024-10-08T18:48:24.206+0900] {dag.py:4180} INFO - Setting next_dagrun for dataset_alias_example_alias_producer to None, run_after=None
[2024-10-08T18:48:24.208+0900] {logging_mixin.py:190} INFO - [2024-10-08T18:48:24.207+0900] {dag.py:4180} INFO - Setting next_dagrun for dataset_s3_bucket_consumer to None, run_after=None
[2024-10-08T18:48:24.209+0900] {logging_mixin.py:190} INFO - [2024-10-08T18:48:24.208+0900] {dag.py:4180} INFO - Setting next_dagrun for dataset_s3_bucket_producer to None, run_after=None
[2024-10-08T18:48:24.231+0900] {processor.py:208} INFO - Processing /Users/alookso/1007MLpj/myenv/lib/python3.10/site-packages/airflow/example_dags/example_dataset_alias.py took 0.281 seconds
