[2024-10-08T14:43:46.478+0900] {processor.py:186} INFO - Started process (PID=22243) to work on /Users/alookso/1007MLpj/myenv/lib/python3.10/site-packages/airflow/example_dags/example_workday_timetable.py
[2024-10-08T14:43:46.479+0900] {processor.py:914} INFO - Processing file /Users/alookso/1007MLpj/myenv/lib/python3.10/site-packages/airflow/example_dags/example_workday_timetable.py for tasks to queue
[2024-10-08T14:43:46.480+0900] {logging_mixin.py:190} INFO - [2024-10-08T14:43:46.479+0900] {dagbag.py:588} INFO - Filling up the DagBag from /Users/alookso/1007MLpj/myenv/lib/python3.10/site-packages/airflow/example_dags/example_workday_timetable.py
[2024-10-08T14:43:47.188+0900] {processor.py:925} INFO - DAG(s) 'example_workday_timetable' retrieved from /Users/alookso/1007MLpj/myenv/lib/python3.10/site-packages/airflow/example_dags/example_workday_timetable.py
[2024-10-08T14:43:47.444+0900] {logging_mixin.py:190} INFO - [2024-10-08T14:43:47.444+0900] {override.py:1901} INFO - Created Permission View: can read on DAG:example_workday_timetable
[2024-10-08T14:43:47.454+0900] {logging_mixin.py:190} INFO - [2024-10-08T14:43:47.454+0900] {override.py:1901} INFO - Created Permission View: can edit on DAG:example_workday_timetable
[2024-10-08T14:43:47.461+0900] {logging_mixin.py:190} INFO - [2024-10-08T14:43:47.461+0900] {override.py:1901} INFO - Created Permission View: can delete on DAG:example_workday_timetable
[2024-10-08T14:43:47.472+0900] {logging_mixin.py:190} INFO - [2024-10-08T14:43:47.471+0900] {override.py:1901} INFO - Created Permission View: can read on DAG Run:example_workday_timetable
[2024-10-08T14:43:47.479+0900] {logging_mixin.py:190} INFO - [2024-10-08T14:43:47.479+0900] {override.py:1901} INFO - Created Permission View: can create on DAG Run:example_workday_timetable
[2024-10-08T14:43:47.487+0900] {logging_mixin.py:190} INFO - [2024-10-08T14:43:47.486+0900] {override.py:1901} INFO - Created Permission View: menu access on DAG Run:example_workday_timetable
[2024-10-08T14:43:47.494+0900] {logging_mixin.py:190} INFO - [2024-10-08T14:43:47.494+0900] {override.py:1901} INFO - Created Permission View: can delete on DAG Run:example_workday_timetable
[2024-10-08T14:43:47.494+0900] {logging_mixin.py:190} INFO - [2024-10-08T14:43:47.494+0900] {dag.py:3239} INFO - Sync 1 DAGs
[2024-10-08T14:43:47.510+0900] {logging_mixin.py:190} INFO - [2024-10-08T14:43:47.510+0900] {dag.py:3262} INFO - Creating ORM DAG for example_workday_timetable
[2024-10-08T14:43:47.560+0900] {logging_mixin.py:190} INFO - [2024-10-08T14:43:47.560+0900] {dag.py:4180} INFO - Setting next_dagrun for example_workday_timetable to 2021-01-04T00:00:00+00:00, run_after=2021-01-05T00:00:00+00:00
[2024-10-08T14:43:47.579+0900] {processor.py:208} INFO - Processing /Users/alookso/1007MLpj/myenv/lib/python3.10/site-packages/airflow/example_dags/example_workday_timetable.py took 1.105 seconds
[2024-10-08T14:47:34.097+0900] {processor.py:186} INFO - Started process (PID=22335) to work on /Users/alookso/1007MLpj/myenv/lib/python3.10/site-packages/airflow/example_dags/example_workday_timetable.py
[2024-10-08T14:47:34.098+0900] {processor.py:914} INFO - Processing file /Users/alookso/1007MLpj/myenv/lib/python3.10/site-packages/airflow/example_dags/example_workday_timetable.py for tasks to queue
[2024-10-08T14:47:34.099+0900] {logging_mixin.py:190} INFO - [2024-10-08T14:47:34.099+0900] {dagbag.py:588} INFO - Filling up the DagBag from /Users/alookso/1007MLpj/myenv/lib/python3.10/site-packages/airflow/example_dags/example_workday_timetable.py
[2024-10-08T14:47:34.798+0900] {processor.py:925} INFO - DAG(s) 'example_workday_timetable' retrieved from /Users/alookso/1007MLpj/myenv/lib/python3.10/site-packages/airflow/example_dags/example_workday_timetable.py
[2024-10-08T14:47:34.948+0900] {logging_mixin.py:190} INFO - [2024-10-08T14:47:34.948+0900] {dag.py:3239} INFO - Sync 1 DAGs
[2024-10-08T14:47:35.007+0900] {logging_mixin.py:190} INFO - [2024-10-08T14:47:35.006+0900] {dag.py:4180} INFO - Setting next_dagrun for example_workday_timetable to 2021-01-04T00:00:00+00:00, run_after=2021-01-05T00:00:00+00:00
[2024-10-08T14:47:35.027+0900] {processor.py:208} INFO - Processing /Users/alookso/1007MLpj/myenv/lib/python3.10/site-packages/airflow/example_dags/example_workday_timetable.py took 0.935 seconds
[2024-10-08T14:50:42.551+0900] {processor.py:186} INFO - Started process (PID=22412) to work on /Users/alookso/1007MLpj/myenv/lib/python3.10/site-packages/airflow/example_dags/example_workday_timetable.py
[2024-10-08T14:50:42.552+0900] {processor.py:914} INFO - Processing file /Users/alookso/1007MLpj/myenv/lib/python3.10/site-packages/airflow/example_dags/example_workday_timetable.py for tasks to queue
[2024-10-08T14:50:42.553+0900] {logging_mixin.py:190} INFO - [2024-10-08T14:50:42.553+0900] {dagbag.py:588} INFO - Filling up the DagBag from /Users/alookso/1007MLpj/myenv/lib/python3.10/site-packages/airflow/example_dags/example_workday_timetable.py
[2024-10-08T14:50:43.243+0900] {processor.py:925} INFO - DAG(s) 'example_workday_timetable' retrieved from /Users/alookso/1007MLpj/myenv/lib/python3.10/site-packages/airflow/example_dags/example_workday_timetable.py
[2024-10-08T14:50:43.390+0900] {logging_mixin.py:190} INFO - [2024-10-08T14:50:43.390+0900] {dag.py:3239} INFO - Sync 1 DAGs
[2024-10-08T14:50:43.447+0900] {logging_mixin.py:190} INFO - [2024-10-08T14:50:43.447+0900] {dag.py:4180} INFO - Setting next_dagrun for example_workday_timetable to 2021-01-04T00:00:00+00:00, run_after=2021-01-05T00:00:00+00:00
[2024-10-08T14:50:43.468+0900] {processor.py:208} INFO - Processing /Users/alookso/1007MLpj/myenv/lib/python3.10/site-packages/airflow/example_dags/example_workday_timetable.py took 0.921 seconds
[2024-10-08T14:53:49.625+0900] {processor.py:186} INFO - Started process (PID=22524) to work on /Users/alookso/1007MLpj/myenv/lib/python3.10/site-packages/airflow/example_dags/example_workday_timetable.py
[2024-10-08T14:53:49.626+0900] {processor.py:914} INFO - Processing file /Users/alookso/1007MLpj/myenv/lib/python3.10/site-packages/airflow/example_dags/example_workday_timetable.py for tasks to queue
[2024-10-08T14:53:49.627+0900] {logging_mixin.py:190} INFO - [2024-10-08T14:53:49.626+0900] {dagbag.py:588} INFO - Filling up the DagBag from /Users/alookso/1007MLpj/myenv/lib/python3.10/site-packages/airflow/example_dags/example_workday_timetable.py
[2024-10-08T14:53:50.315+0900] {processor.py:925} INFO - DAG(s) 'example_workday_timetable' retrieved from /Users/alookso/1007MLpj/myenv/lib/python3.10/site-packages/airflow/example_dags/example_workday_timetable.py
[2024-10-08T14:53:50.459+0900] {logging_mixin.py:190} INFO - [2024-10-08T14:53:50.459+0900] {dag.py:3239} INFO - Sync 1 DAGs
[2024-10-08T14:53:50.516+0900] {logging_mixin.py:190} INFO - [2024-10-08T14:53:50.515+0900] {dag.py:4180} INFO - Setting next_dagrun for example_workday_timetable to 2021-01-04T00:00:00+00:00, run_after=2021-01-05T00:00:00+00:00
[2024-10-08T14:53:50.536+0900] {processor.py:208} INFO - Processing /Users/alookso/1007MLpj/myenv/lib/python3.10/site-packages/airflow/example_dags/example_workday_timetable.py took 0.915 seconds
[2024-10-08T14:56:58.008+0900] {processor.py:186} INFO - Started process (PID=22647) to work on /Users/alookso/1007MLpj/myenv/lib/python3.10/site-packages/airflow/example_dags/example_workday_timetable.py
[2024-10-08T14:56:58.009+0900] {processor.py:914} INFO - Processing file /Users/alookso/1007MLpj/myenv/lib/python3.10/site-packages/airflow/example_dags/example_workday_timetable.py for tasks to queue
[2024-10-08T14:56:58.010+0900] {logging_mixin.py:190} INFO - [2024-10-08T14:56:58.010+0900] {dagbag.py:588} INFO - Filling up the DagBag from /Users/alookso/1007MLpj/myenv/lib/python3.10/site-packages/airflow/example_dags/example_workday_timetable.py
[2024-10-08T14:56:58.700+0900] {processor.py:925} INFO - DAG(s) 'example_workday_timetable' retrieved from /Users/alookso/1007MLpj/myenv/lib/python3.10/site-packages/airflow/example_dags/example_workday_timetable.py
[2024-10-08T14:56:58.849+0900] {logging_mixin.py:190} INFO - [2024-10-08T14:56:58.848+0900] {dag.py:3239} INFO - Sync 1 DAGs
[2024-10-08T14:56:58.905+0900] {logging_mixin.py:190} INFO - [2024-10-08T14:56:58.905+0900] {dag.py:4180} INFO - Setting next_dagrun for example_workday_timetable to 2021-01-04T00:00:00+00:00, run_after=2021-01-05T00:00:00+00:00
[2024-10-08T14:56:58.925+0900] {processor.py:208} INFO - Processing /Users/alookso/1007MLpj/myenv/lib/python3.10/site-packages/airflow/example_dags/example_workday_timetable.py took 0.922 seconds
[2024-10-08T15:00:06.260+0900] {processor.py:186} INFO - Started process (PID=22758) to work on /Users/alookso/1007MLpj/myenv/lib/python3.10/site-packages/airflow/example_dags/example_workday_timetable.py
[2024-10-08T15:00:06.261+0900] {processor.py:914} INFO - Processing file /Users/alookso/1007MLpj/myenv/lib/python3.10/site-packages/airflow/example_dags/example_workday_timetable.py for tasks to queue
[2024-10-08T15:00:06.262+0900] {logging_mixin.py:190} INFO - [2024-10-08T15:00:06.262+0900] {dagbag.py:588} INFO - Filling up the DagBag from /Users/alookso/1007MLpj/myenv/lib/python3.10/site-packages/airflow/example_dags/example_workday_timetable.py
[2024-10-08T15:00:06.966+0900] {processor.py:925} INFO - DAG(s) 'example_workday_timetable' retrieved from /Users/alookso/1007MLpj/myenv/lib/python3.10/site-packages/airflow/example_dags/example_workday_timetable.py
[2024-10-08T15:00:07.116+0900] {logging_mixin.py:190} INFO - [2024-10-08T15:00:07.116+0900] {dag.py:3239} INFO - Sync 1 DAGs
[2024-10-08T15:00:07.174+0900] {logging_mixin.py:190} INFO - [2024-10-08T15:00:07.174+0900] {dag.py:4180} INFO - Setting next_dagrun for example_workday_timetable to 2021-01-04T00:00:00+00:00, run_after=2021-01-05T00:00:00+00:00
[2024-10-08T15:00:07.195+0900] {processor.py:208} INFO - Processing /Users/alookso/1007MLpj/myenv/lib/python3.10/site-packages/airflow/example_dags/example_workday_timetable.py took 0.941 seconds
[2024-10-08T15:03:16.720+0900] {processor.py:186} INFO - Started process (PID=22840) to work on /Users/alookso/1007MLpj/myenv/lib/python3.10/site-packages/airflow/example_dags/example_workday_timetable.py
[2024-10-08T15:03:16.721+0900] {processor.py:914} INFO - Processing file /Users/alookso/1007MLpj/myenv/lib/python3.10/site-packages/airflow/example_dags/example_workday_timetable.py for tasks to queue
[2024-10-08T15:03:16.722+0900] {logging_mixin.py:190} INFO - [2024-10-08T15:03:16.722+0900] {dagbag.py:588} INFO - Filling up the DagBag from /Users/alookso/1007MLpj/myenv/lib/python3.10/site-packages/airflow/example_dags/example_workday_timetable.py
[2024-10-08T15:03:17.415+0900] {processor.py:925} INFO - DAG(s) 'example_workday_timetable' retrieved from /Users/alookso/1007MLpj/myenv/lib/python3.10/site-packages/airflow/example_dags/example_workday_timetable.py
[2024-10-08T15:03:17.565+0900] {logging_mixin.py:190} INFO - [2024-10-08T15:03:17.564+0900] {dag.py:3239} INFO - Sync 1 DAGs
[2024-10-08T15:03:17.621+0900] {logging_mixin.py:190} INFO - [2024-10-08T15:03:17.621+0900] {dag.py:4180} INFO - Setting next_dagrun for example_workday_timetable to 2021-01-04T00:00:00+00:00, run_after=2021-01-05T00:00:00+00:00
[2024-10-08T15:03:17.642+0900] {processor.py:208} INFO - Processing /Users/alookso/1007MLpj/myenv/lib/python3.10/site-packages/airflow/example_dags/example_workday_timetable.py took 0.926 seconds
[2024-10-08T15:06:21.071+0900] {processor.py:186} INFO - Started process (PID=22930) to work on /Users/alookso/1007MLpj/myenv/lib/python3.10/site-packages/airflow/example_dags/example_workday_timetable.py
[2024-10-08T15:06:21.072+0900] {processor.py:914} INFO - Processing file /Users/alookso/1007MLpj/myenv/lib/python3.10/site-packages/airflow/example_dags/example_workday_timetable.py for tasks to queue
[2024-10-08T15:06:21.073+0900] {logging_mixin.py:190} INFO - [2024-10-08T15:06:21.073+0900] {dagbag.py:588} INFO - Filling up the DagBag from /Users/alookso/1007MLpj/myenv/lib/python3.10/site-packages/airflow/example_dags/example_workday_timetable.py
[2024-10-08T15:06:21.749+0900] {processor.py:925} INFO - DAG(s) 'example_workday_timetable' retrieved from /Users/alookso/1007MLpj/myenv/lib/python3.10/site-packages/airflow/example_dags/example_workday_timetable.py
[2024-10-08T15:06:21.901+0900] {logging_mixin.py:190} INFO - [2024-10-08T15:06:21.901+0900] {dag.py:3239} INFO - Sync 1 DAGs
[2024-10-08T15:06:21.959+0900] {logging_mixin.py:190} INFO - [2024-10-08T15:06:21.958+0900] {dag.py:4180} INFO - Setting next_dagrun for example_workday_timetable to 2021-01-04T00:00:00+00:00, run_after=2021-01-05T00:00:00+00:00
[2024-10-08T15:06:21.979+0900] {processor.py:208} INFO - Processing /Users/alookso/1007MLpj/myenv/lib/python3.10/site-packages/airflow/example_dags/example_workday_timetable.py took 0.913 seconds
[2024-10-08T15:09:27.407+0900] {processor.py:186} INFO - Started process (PID=23043) to work on /Users/alookso/1007MLpj/myenv/lib/python3.10/site-packages/airflow/example_dags/example_workday_timetable.py
[2024-10-08T15:09:27.407+0900] {processor.py:914} INFO - Processing file /Users/alookso/1007MLpj/myenv/lib/python3.10/site-packages/airflow/example_dags/example_workday_timetable.py for tasks to queue
[2024-10-08T15:09:27.408+0900] {logging_mixin.py:190} INFO - [2024-10-08T15:09:27.408+0900] {dagbag.py:588} INFO - Filling up the DagBag from /Users/alookso/1007MLpj/myenv/lib/python3.10/site-packages/airflow/example_dags/example_workday_timetable.py
[2024-10-08T15:09:28.090+0900] {processor.py:925} INFO - DAG(s) 'example_workday_timetable' retrieved from /Users/alookso/1007MLpj/myenv/lib/python3.10/site-packages/airflow/example_dags/example_workday_timetable.py
[2024-10-08T15:09:28.239+0900] {logging_mixin.py:190} INFO - [2024-10-08T15:09:28.238+0900] {dag.py:3239} INFO - Sync 1 DAGs
[2024-10-08T15:09:28.293+0900] {logging_mixin.py:190} INFO - [2024-10-08T15:09:28.293+0900] {dag.py:4180} INFO - Setting next_dagrun for example_workday_timetable to 2021-01-04T00:00:00+00:00, run_after=2021-01-05T00:00:00+00:00
[2024-10-08T15:09:28.313+0900] {processor.py:208} INFO - Processing /Users/alookso/1007MLpj/myenv/lib/python3.10/site-packages/airflow/example_dags/example_workday_timetable.py took 0.911 seconds
[2024-10-08T15:12:26.193+0900] {processor.py:186} INFO - Started process (PID=23138) to work on /Users/alookso/1007MLpj/myenv/lib/python3.10/site-packages/airflow/example_dags/example_workday_timetable.py
[2024-10-08T15:12:26.194+0900] {processor.py:914} INFO - Processing file /Users/alookso/1007MLpj/myenv/lib/python3.10/site-packages/airflow/example_dags/example_workday_timetable.py for tasks to queue
[2024-10-08T15:12:26.195+0900] {logging_mixin.py:190} INFO - [2024-10-08T15:12:26.194+0900] {dagbag.py:588} INFO - Filling up the DagBag from /Users/alookso/1007MLpj/myenv/lib/python3.10/site-packages/airflow/example_dags/example_workday_timetable.py
[2024-10-08T15:12:26.891+0900] {processor.py:925} INFO - DAG(s) 'example_workday_timetable' retrieved from /Users/alookso/1007MLpj/myenv/lib/python3.10/site-packages/airflow/example_dags/example_workday_timetable.py
[2024-10-08T15:12:27.037+0900] {logging_mixin.py:190} INFO - [2024-10-08T15:12:27.037+0900] {dag.py:3239} INFO - Sync 1 DAGs
[2024-10-08T15:12:27.091+0900] {logging_mixin.py:190} INFO - [2024-10-08T15:12:27.091+0900] {dag.py:4180} INFO - Setting next_dagrun for example_workday_timetable to 2021-01-04T00:00:00+00:00, run_after=2021-01-05T00:00:00+00:00
[2024-10-08T15:12:27.112+0900] {processor.py:208} INFO - Processing /Users/alookso/1007MLpj/myenv/lib/python3.10/site-packages/airflow/example_dags/example_workday_timetable.py took 0.923 seconds
[2024-10-08T15:15:24.477+0900] {processor.py:186} INFO - Started process (PID=23220) to work on /Users/alookso/1007MLpj/myenv/lib/python3.10/site-packages/airflow/example_dags/example_workday_timetable.py
[2024-10-08T15:15:24.478+0900] {processor.py:914} INFO - Processing file /Users/alookso/1007MLpj/myenv/lib/python3.10/site-packages/airflow/example_dags/example_workday_timetable.py for tasks to queue
[2024-10-08T15:15:24.479+0900] {logging_mixin.py:190} INFO - [2024-10-08T15:15:24.479+0900] {dagbag.py:588} INFO - Filling up the DagBag from /Users/alookso/1007MLpj/myenv/lib/python3.10/site-packages/airflow/example_dags/example_workday_timetable.py
[2024-10-08T15:15:25.154+0900] {processor.py:925} INFO - DAG(s) 'example_workday_timetable' retrieved from /Users/alookso/1007MLpj/myenv/lib/python3.10/site-packages/airflow/example_dags/example_workday_timetable.py
[2024-10-08T15:15:25.299+0900] {logging_mixin.py:190} INFO - [2024-10-08T15:15:25.299+0900] {dag.py:3239} INFO - Sync 1 DAGs
[2024-10-08T15:15:25.354+0900] {logging_mixin.py:190} INFO - [2024-10-08T15:15:25.354+0900] {dag.py:4180} INFO - Setting next_dagrun for example_workday_timetable to 2021-01-04T00:00:00+00:00, run_after=2021-01-05T00:00:00+00:00
[2024-10-08T15:15:25.374+0900] {processor.py:208} INFO - Processing /Users/alookso/1007MLpj/myenv/lib/python3.10/site-packages/airflow/example_dags/example_workday_timetable.py took 0.902 seconds
[2024-10-08T15:18:32.689+0900] {processor.py:186} INFO - Started process (PID=23326) to work on /Users/alookso/1007MLpj/myenv/lib/python3.10/site-packages/airflow/example_dags/example_workday_timetable.py
[2024-10-08T15:18:32.690+0900] {processor.py:914} INFO - Processing file /Users/alookso/1007MLpj/myenv/lib/python3.10/site-packages/airflow/example_dags/example_workday_timetable.py for tasks to queue
[2024-10-08T15:18:32.691+0900] {logging_mixin.py:190} INFO - [2024-10-08T15:18:32.691+0900] {dagbag.py:588} INFO - Filling up the DagBag from /Users/alookso/1007MLpj/myenv/lib/python3.10/site-packages/airflow/example_dags/example_workday_timetable.py
[2024-10-08T15:18:33.379+0900] {processor.py:925} INFO - DAG(s) 'example_workday_timetable' retrieved from /Users/alookso/1007MLpj/myenv/lib/python3.10/site-packages/airflow/example_dags/example_workday_timetable.py
[2024-10-08T15:18:33.532+0900] {logging_mixin.py:190} INFO - [2024-10-08T15:18:33.532+0900] {dag.py:3239} INFO - Sync 1 DAGs
[2024-10-08T15:18:33.590+0900] {logging_mixin.py:190} INFO - [2024-10-08T15:18:33.589+0900] {dag.py:4180} INFO - Setting next_dagrun for example_workday_timetable to 2021-01-04T00:00:00+00:00, run_after=2021-01-05T00:00:00+00:00
[2024-10-08T15:18:33.611+0900] {processor.py:208} INFO - Processing /Users/alookso/1007MLpj/myenv/lib/python3.10/site-packages/airflow/example_dags/example_workday_timetable.py took 0.927 seconds
[2024-10-08T15:21:40.841+0900] {processor.py:186} INFO - Started process (PID=23408) to work on /Users/alookso/1007MLpj/myenv/lib/python3.10/site-packages/airflow/example_dags/example_workday_timetable.py
[2024-10-08T15:21:40.842+0900] {processor.py:914} INFO - Processing file /Users/alookso/1007MLpj/myenv/lib/python3.10/site-packages/airflow/example_dags/example_workday_timetable.py for tasks to queue
[2024-10-08T15:21:40.843+0900] {logging_mixin.py:190} INFO - [2024-10-08T15:21:40.842+0900] {dagbag.py:588} INFO - Filling up the DagBag from /Users/alookso/1007MLpj/myenv/lib/python3.10/site-packages/airflow/example_dags/example_workday_timetable.py
[2024-10-08T15:21:41.531+0900] {processor.py:925} INFO - DAG(s) 'example_workday_timetable' retrieved from /Users/alookso/1007MLpj/myenv/lib/python3.10/site-packages/airflow/example_dags/example_workday_timetable.py
[2024-10-08T15:21:41.676+0900] {logging_mixin.py:190} INFO - [2024-10-08T15:21:41.676+0900] {dag.py:3239} INFO - Sync 1 DAGs
[2024-10-08T15:21:41.731+0900] {logging_mixin.py:190} INFO - [2024-10-08T15:21:41.731+0900] {dag.py:4180} INFO - Setting next_dagrun for example_workday_timetable to 2021-01-04T00:00:00+00:00, run_after=2021-01-05T00:00:00+00:00
[2024-10-08T15:21:41.751+0900] {processor.py:208} INFO - Processing /Users/alookso/1007MLpj/myenv/lib/python3.10/site-packages/airflow/example_dags/example_workday_timetable.py took 0.916 seconds
[2024-10-08T15:24:44.978+0900] {processor.py:186} INFO - Started process (PID=23502) to work on /Users/alookso/1007MLpj/myenv/lib/python3.10/site-packages/airflow/example_dags/example_workday_timetable.py
[2024-10-08T15:24:44.978+0900] {processor.py:914} INFO - Processing file /Users/alookso/1007MLpj/myenv/lib/python3.10/site-packages/airflow/example_dags/example_workday_timetable.py for tasks to queue
[2024-10-08T15:24:44.979+0900] {logging_mixin.py:190} INFO - [2024-10-08T15:24:44.979+0900] {dagbag.py:588} INFO - Filling up the DagBag from /Users/alookso/1007MLpj/myenv/lib/python3.10/site-packages/airflow/example_dags/example_workday_timetable.py
[2024-10-08T15:24:45.661+0900] {processor.py:925} INFO - DAG(s) 'example_workday_timetable' retrieved from /Users/alookso/1007MLpj/myenv/lib/python3.10/site-packages/airflow/example_dags/example_workday_timetable.py
[2024-10-08T15:24:45.805+0900] {logging_mixin.py:190} INFO - [2024-10-08T15:24:45.804+0900] {dag.py:3239} INFO - Sync 1 DAGs
[2024-10-08T15:24:45.860+0900] {logging_mixin.py:190} INFO - [2024-10-08T15:24:45.860+0900] {dag.py:4180} INFO - Setting next_dagrun for example_workday_timetable to 2021-01-04T00:00:00+00:00, run_after=2021-01-05T00:00:00+00:00
[2024-10-08T15:24:45.880+0900] {processor.py:208} INFO - Processing /Users/alookso/1007MLpj/myenv/lib/python3.10/site-packages/airflow/example_dags/example_workday_timetable.py took 0.907 seconds
[2024-10-08T15:27:47.964+0900] {processor.py:186} INFO - Started process (PID=23605) to work on /Users/alookso/1007MLpj/myenv/lib/python3.10/site-packages/airflow/example_dags/example_workday_timetable.py
[2024-10-08T15:27:47.965+0900] {processor.py:914} INFO - Processing file /Users/alookso/1007MLpj/myenv/lib/python3.10/site-packages/airflow/example_dags/example_workday_timetable.py for tasks to queue
[2024-10-08T15:27:47.966+0900] {logging_mixin.py:190} INFO - [2024-10-08T15:27:47.965+0900] {dagbag.py:588} INFO - Filling up the DagBag from /Users/alookso/1007MLpj/myenv/lib/python3.10/site-packages/airflow/example_dags/example_workday_timetable.py
[2024-10-08T15:27:48.666+0900] {processor.py:925} INFO - DAG(s) 'example_workday_timetable' retrieved from /Users/alookso/1007MLpj/myenv/lib/python3.10/site-packages/airflow/example_dags/example_workday_timetable.py
[2024-10-08T15:27:48.812+0900] {logging_mixin.py:190} INFO - [2024-10-08T15:27:48.811+0900] {dag.py:3239} INFO - Sync 1 DAGs
[2024-10-08T15:27:48.867+0900] {logging_mixin.py:190} INFO - [2024-10-08T15:27:48.867+0900] {dag.py:4180} INFO - Setting next_dagrun for example_workday_timetable to 2021-01-04T00:00:00+00:00, run_after=2021-01-05T00:00:00+00:00
[2024-10-08T15:27:48.887+0900] {processor.py:208} INFO - Processing /Users/alookso/1007MLpj/myenv/lib/python3.10/site-packages/airflow/example_dags/example_workday_timetable.py took 0.929 seconds
[2024-10-08T15:30:48.911+0900] {processor.py:186} INFO - Started process (PID=23718) to work on /Users/alookso/1007MLpj/myenv/lib/python3.10/site-packages/airflow/example_dags/example_workday_timetable.py
[2024-10-08T15:30:48.912+0900] {processor.py:914} INFO - Processing file /Users/alookso/1007MLpj/myenv/lib/python3.10/site-packages/airflow/example_dags/example_workday_timetable.py for tasks to queue
[2024-10-08T15:30:48.913+0900] {logging_mixin.py:190} INFO - [2024-10-08T15:30:48.913+0900] {dagbag.py:588} INFO - Filling up the DagBag from /Users/alookso/1007MLpj/myenv/lib/python3.10/site-packages/airflow/example_dags/example_workday_timetable.py
[2024-10-08T15:30:49.602+0900] {processor.py:925} INFO - DAG(s) 'example_workday_timetable' retrieved from /Users/alookso/1007MLpj/myenv/lib/python3.10/site-packages/airflow/example_dags/example_workday_timetable.py
[2024-10-08T15:30:49.747+0900] {logging_mixin.py:190} INFO - [2024-10-08T15:30:49.746+0900] {dag.py:3239} INFO - Sync 1 DAGs
[2024-10-08T15:30:49.806+0900] {logging_mixin.py:190} INFO - [2024-10-08T15:30:49.806+0900] {dag.py:4180} INFO - Setting next_dagrun for example_workday_timetable to 2021-01-04T00:00:00+00:00, run_after=2021-01-05T00:00:00+00:00
[2024-10-08T15:30:49.826+0900] {processor.py:208} INFO - Processing /Users/alookso/1007MLpj/myenv/lib/python3.10/site-packages/airflow/example_dags/example_workday_timetable.py took 0.919 seconds
[2024-10-08T15:33:50.519+0900] {processor.py:186} INFO - Started process (PID=23814) to work on /Users/alookso/1007MLpj/myenv/lib/python3.10/site-packages/airflow/example_dags/example_workday_timetable.py
[2024-10-08T15:33:50.519+0900] {processor.py:914} INFO - Processing file /Users/alookso/1007MLpj/myenv/lib/python3.10/site-packages/airflow/example_dags/example_workday_timetable.py for tasks to queue
[2024-10-08T15:33:50.520+0900] {logging_mixin.py:190} INFO - [2024-10-08T15:33:50.520+0900] {dagbag.py:588} INFO - Filling up the DagBag from /Users/alookso/1007MLpj/myenv/lib/python3.10/site-packages/airflow/example_dags/example_workday_timetable.py
[2024-10-08T15:33:51.207+0900] {processor.py:925} INFO - DAG(s) 'example_workday_timetable' retrieved from /Users/alookso/1007MLpj/myenv/lib/python3.10/site-packages/airflow/example_dags/example_workday_timetable.py
[2024-10-08T15:33:51.352+0900] {logging_mixin.py:190} INFO - [2024-10-08T15:33:51.352+0900] {dag.py:3239} INFO - Sync 1 DAGs
[2024-10-08T15:33:51.410+0900] {logging_mixin.py:190} INFO - [2024-10-08T15:33:51.410+0900] {dag.py:4180} INFO - Setting next_dagrun for example_workday_timetable to 2021-01-04T00:00:00+00:00, run_after=2021-01-05T00:00:00+00:00
[2024-10-08T15:33:51.430+0900] {processor.py:208} INFO - Processing /Users/alookso/1007MLpj/myenv/lib/python3.10/site-packages/airflow/example_dags/example_workday_timetable.py took 0.916 seconds
[2024-10-08T15:35:33.123+0900] {processor.py:186} INFO - Started process (PID=23887) to work on /Users/alookso/1007MLpj/myenv/lib/python3.10/site-packages/airflow/example_dags/example_workday_timetable.py
[2024-10-08T15:35:33.124+0900] {processor.py:914} INFO - Processing file /Users/alookso/1007MLpj/myenv/lib/python3.10/site-packages/airflow/example_dags/example_workday_timetable.py for tasks to queue
[2024-10-08T15:35:33.125+0900] {logging_mixin.py:190} INFO - [2024-10-08T15:35:33.124+0900] {dagbag.py:588} INFO - Filling up the DagBag from /Users/alookso/1007MLpj/myenv/lib/python3.10/site-packages/airflow/example_dags/example_workday_timetable.py
[2024-10-08T15:35:33.810+0900] {processor.py:925} INFO - DAG(s) 'example_workday_timetable' retrieved from /Users/alookso/1007MLpj/myenv/lib/python3.10/site-packages/airflow/example_dags/example_workday_timetable.py
[2024-10-08T15:35:33.956+0900] {logging_mixin.py:190} INFO - [2024-10-08T15:35:33.956+0900] {dag.py:3239} INFO - Sync 1 DAGs
[2024-10-08T15:35:34.015+0900] {logging_mixin.py:190} INFO - [2024-10-08T15:35:34.015+0900] {dag.py:4180} INFO - Setting next_dagrun for example_workday_timetable to 2021-01-04T00:00:00+00:00, run_after=2021-01-05T00:00:00+00:00
[2024-10-08T15:35:34.035+0900] {processor.py:208} INFO - Processing /Users/alookso/1007MLpj/myenv/lib/python3.10/site-packages/airflow/example_dags/example_workday_timetable.py took 0.917 seconds
[2024-10-08T15:38:37.395+0900] {processor.py:186} INFO - Started process (PID=24016) to work on /Users/alookso/1007MLpj/myenv/lib/python3.10/site-packages/airflow/example_dags/example_workday_timetable.py
[2024-10-08T15:38:37.396+0900] {processor.py:914} INFO - Processing file /Users/alookso/1007MLpj/myenv/lib/python3.10/site-packages/airflow/example_dags/example_workday_timetable.py for tasks to queue
[2024-10-08T15:38:37.397+0900] {logging_mixin.py:190} INFO - [2024-10-08T15:38:37.397+0900] {dagbag.py:588} INFO - Filling up the DagBag from /Users/alookso/1007MLpj/myenv/lib/python3.10/site-packages/airflow/example_dags/example_workday_timetable.py
[2024-10-08T15:38:38.103+0900] {processor.py:925} INFO - DAG(s) 'example_workday_timetable' retrieved from /Users/alookso/1007MLpj/myenv/lib/python3.10/site-packages/airflow/example_dags/example_workday_timetable.py
[2024-10-08T15:38:38.247+0900] {logging_mixin.py:190} INFO - [2024-10-08T15:38:38.246+0900] {dag.py:3239} INFO - Sync 1 DAGs
[2024-10-08T15:38:38.302+0900] {logging_mixin.py:190} INFO - [2024-10-08T15:38:38.302+0900] {dag.py:4180} INFO - Setting next_dagrun for example_workday_timetable to 2021-01-04T00:00:00+00:00, run_after=2021-01-05T00:00:00+00:00
[2024-10-08T15:38:38.321+0900] {processor.py:208} INFO - Processing /Users/alookso/1007MLpj/myenv/lib/python3.10/site-packages/airflow/example_dags/example_workday_timetable.py took 0.931 seconds
[2024-10-08T16:36:11.354+0900] {processor.py:186} INFO - Started process (PID=24980) to work on /Users/alookso/1007MLpj/myenv/lib/python3.10/site-packages/airflow/example_dags/example_workday_timetable.py
[2024-10-08T16:36:11.355+0900] {processor.py:914} INFO - Processing file /Users/alookso/1007MLpj/myenv/lib/python3.10/site-packages/airflow/example_dags/example_workday_timetable.py for tasks to queue
[2024-10-08T16:36:11.356+0900] {logging_mixin.py:190} INFO - [2024-10-08T16:36:11.355+0900] {dagbag.py:588} INFO - Filling up the DagBag from /Users/alookso/1007MLpj/myenv/lib/python3.10/site-packages/airflow/example_dags/example_workday_timetable.py
[2024-10-08T16:36:12.035+0900] {processor.py:925} INFO - DAG(s) 'example_workday_timetable' retrieved from /Users/alookso/1007MLpj/myenv/lib/python3.10/site-packages/airflow/example_dags/example_workday_timetable.py
[2024-10-08T16:36:12.188+0900] {logging_mixin.py:190} INFO - [2024-10-08T16:36:12.188+0900] {dag.py:3239} INFO - Sync 1 DAGs
[2024-10-08T16:36:12.243+0900] {logging_mixin.py:190} INFO - [2024-10-08T16:36:12.243+0900] {dag.py:4180} INFO - Setting next_dagrun for example_workday_timetable to 2021-01-04T00:00:00+00:00, run_after=2021-01-05T00:00:00+00:00
[2024-10-08T16:36:12.263+0900] {processor.py:208} INFO - Processing /Users/alookso/1007MLpj/myenv/lib/python3.10/site-packages/airflow/example_dags/example_workday_timetable.py took 0.913 seconds
[2024-10-08T17:27:41.954+0900] {processor.py:186} INFO - Started process (PID=26350) to work on /Users/alookso/1007MLpj/myenv/lib/python3.10/site-packages/airflow/example_dags/example_workday_timetable.py
[2024-10-08T17:27:41.955+0900] {processor.py:914} INFO - Processing file /Users/alookso/1007MLpj/myenv/lib/python3.10/site-packages/airflow/example_dags/example_workday_timetable.py for tasks to queue
[2024-10-08T17:27:41.956+0900] {logging_mixin.py:190} INFO - [2024-10-08T17:27:41.956+0900] {dagbag.py:588} INFO - Filling up the DagBag from /Users/alookso/1007MLpj/myenv/lib/python3.10/site-packages/airflow/example_dags/example_workday_timetable.py
[2024-10-08T17:27:42.648+0900] {processor.py:925} INFO - DAG(s) 'example_workday_timetable' retrieved from /Users/alookso/1007MLpj/myenv/lib/python3.10/site-packages/airflow/example_dags/example_workday_timetable.py
[2024-10-08T17:27:42.795+0900] {logging_mixin.py:190} INFO - [2024-10-08T17:27:42.794+0900] {dag.py:3239} INFO - Sync 1 DAGs
[2024-10-08T17:27:42.864+0900] {logging_mixin.py:190} INFO - [2024-10-08T17:27:42.864+0900] {dag.py:4180} INFO - Setting next_dagrun for example_workday_timetable to 2021-01-04T00:00:00+00:00, run_after=2021-01-05T00:00:00+00:00
[2024-10-08T17:27:42.885+0900] {processor.py:208} INFO - Processing /Users/alookso/1007MLpj/myenv/lib/python3.10/site-packages/airflow/example_dags/example_workday_timetable.py took 0.936 seconds
[2024-10-08T17:31:29.093+0900] {processor.py:186} INFO - Started process (PID=26542) to work on /Users/alookso/1007MLpj/myenv/lib/python3.10/site-packages/airflow/example_dags/example_workday_timetable.py
[2024-10-08T17:31:29.094+0900] {processor.py:914} INFO - Processing file /Users/alookso/1007MLpj/myenv/lib/python3.10/site-packages/airflow/example_dags/example_workday_timetable.py for tasks to queue
[2024-10-08T17:31:29.094+0900] {logging_mixin.py:190} INFO - [2024-10-08T17:31:29.094+0900] {dagbag.py:588} INFO - Filling up the DagBag from /Users/alookso/1007MLpj/myenv/lib/python3.10/site-packages/airflow/example_dags/example_workday_timetable.py
[2024-10-08T17:31:29.785+0900] {processor.py:925} INFO - DAG(s) 'example_workday_timetable' retrieved from /Users/alookso/1007MLpj/myenv/lib/python3.10/site-packages/airflow/example_dags/example_workday_timetable.py
[2024-10-08T17:31:29.932+0900] {logging_mixin.py:190} INFO - [2024-10-08T17:31:29.932+0900] {dag.py:3239} INFO - Sync 1 DAGs
[2024-10-08T17:31:29.988+0900] {logging_mixin.py:190} INFO - [2024-10-08T17:31:29.988+0900] {dag.py:4180} INFO - Setting next_dagrun for example_workday_timetable to 2021-01-04T00:00:00+00:00, run_after=2021-01-05T00:00:00+00:00
[2024-10-08T17:31:30.008+0900] {processor.py:208} INFO - Processing /Users/alookso/1007MLpj/myenv/lib/python3.10/site-packages/airflow/example_dags/example_workday_timetable.py took 0.919 seconds
[2024-10-08T17:42:35.127+0900] {processor.py:186} INFO - Started process (PID=26878) to work on /Users/alookso/1007MLpj/myenv/lib/python3.10/site-packages/airflow/example_dags/example_workday_timetable.py
[2024-10-08T17:42:35.128+0900] {processor.py:914} INFO - Processing file /Users/alookso/1007MLpj/myenv/lib/python3.10/site-packages/airflow/example_dags/example_workday_timetable.py for tasks to queue
[2024-10-08T17:42:35.128+0900] {logging_mixin.py:190} INFO - [2024-10-08T17:42:35.128+0900] {dagbag.py:588} INFO - Filling up the DagBag from /Users/alookso/1007MLpj/myenv/lib/python3.10/site-packages/airflow/example_dags/example_workday_timetable.py
[2024-10-08T17:42:35.815+0900] {processor.py:925} INFO - DAG(s) 'example_workday_timetable' retrieved from /Users/alookso/1007MLpj/myenv/lib/python3.10/site-packages/airflow/example_dags/example_workday_timetable.py
[2024-10-08T17:42:35.959+0900] {logging_mixin.py:190} INFO - [2024-10-08T17:42:35.959+0900] {dag.py:3239} INFO - Sync 1 DAGs
[2024-10-08T17:42:36.017+0900] {logging_mixin.py:190} INFO - [2024-10-08T17:42:36.017+0900] {dag.py:4180} INFO - Setting next_dagrun for example_workday_timetable to 2021-01-04T00:00:00+00:00, run_after=2021-01-05T00:00:00+00:00
[2024-10-08T17:42:36.038+0900] {processor.py:208} INFO - Processing /Users/alookso/1007MLpj/myenv/lib/python3.10/site-packages/airflow/example_dags/example_workday_timetable.py took 0.915 seconds
[2024-10-08T17:55:00.556+0900] {processor.py:186} INFO - Started process (PID=27307) to work on /Users/alookso/1007MLpj/myenv/lib/python3.10/site-packages/airflow/example_dags/example_workday_timetable.py
[2024-10-08T17:55:00.556+0900] {processor.py:914} INFO - Processing file /Users/alookso/1007MLpj/myenv/lib/python3.10/site-packages/airflow/example_dags/example_workday_timetable.py for tasks to queue
[2024-10-08T17:55:00.558+0900] {logging_mixin.py:190} INFO - [2024-10-08T17:55:00.557+0900] {dagbag.py:588} INFO - Filling up the DagBag from /Users/alookso/1007MLpj/myenv/lib/python3.10/site-packages/airflow/example_dags/example_workday_timetable.py
[2024-10-08T17:55:01.223+0900] {processor.py:925} INFO - DAG(s) 'example_workday_timetable' retrieved from /Users/alookso/1007MLpj/myenv/lib/python3.10/site-packages/airflow/example_dags/example_workday_timetable.py
[2024-10-08T17:55:01.370+0900] {logging_mixin.py:190} INFO - [2024-10-08T17:55:01.370+0900] {dag.py:3239} INFO - Sync 1 DAGs
[2024-10-08T17:55:01.427+0900] {logging_mixin.py:190} INFO - [2024-10-08T17:55:01.426+0900] {dag.py:4180} INFO - Setting next_dagrun for example_workday_timetable to 2021-01-04T00:00:00+00:00, run_after=2021-01-05T00:00:00+00:00
[2024-10-08T17:55:01.446+0900] {processor.py:208} INFO - Processing /Users/alookso/1007MLpj/myenv/lib/python3.10/site-packages/airflow/example_dags/example_workday_timetable.py took 0.895 seconds
[2024-10-08T17:59:38.486+0900] {processor.py:186} INFO - Started process (PID=27484) to work on /Users/alookso/1007MLpj/myenv/lib/python3.10/site-packages/airflow/example_dags/example_workday_timetable.py
[2024-10-08T17:59:38.487+0900] {processor.py:914} INFO - Processing file /Users/alookso/1007MLpj/myenv/lib/python3.10/site-packages/airflow/example_dags/example_workday_timetable.py for tasks to queue
[2024-10-08T17:59:38.487+0900] {logging_mixin.py:190} INFO - [2024-10-08T17:59:38.487+0900] {dagbag.py:588} INFO - Filling up the DagBag from /Users/alookso/1007MLpj/myenv/lib/python3.10/site-packages/airflow/example_dags/example_workday_timetable.py
[2024-10-08T17:59:39.159+0900] {processor.py:925} INFO - DAG(s) 'example_workday_timetable' retrieved from /Users/alookso/1007MLpj/myenv/lib/python3.10/site-packages/airflow/example_dags/example_workday_timetable.py
[2024-10-08T17:59:39.304+0900] {logging_mixin.py:190} INFO - [2024-10-08T17:59:39.304+0900] {dag.py:3239} INFO - Sync 1 DAGs
[2024-10-08T17:59:39.360+0900] {logging_mixin.py:190} INFO - [2024-10-08T17:59:39.359+0900] {dag.py:4180} INFO - Setting next_dagrun for example_workday_timetable to 2021-01-04T00:00:00+00:00, run_after=2021-01-05T00:00:00+00:00
[2024-10-08T17:59:39.380+0900] {processor.py:208} INFO - Processing /Users/alookso/1007MLpj/myenv/lib/python3.10/site-packages/airflow/example_dags/example_workday_timetable.py took 0.898 seconds
[2024-10-08T18:03:22.523+0900] {processor.py:186} INFO - Started process (PID=27633) to work on /Users/alookso/1007MLpj/myenv/lib/python3.10/site-packages/airflow/example_dags/example_workday_timetable.py
[2024-10-08T18:03:22.524+0900] {processor.py:914} INFO - Processing file /Users/alookso/1007MLpj/myenv/lib/python3.10/site-packages/airflow/example_dags/example_workday_timetable.py for tasks to queue
[2024-10-08T18:03:22.525+0900] {logging_mixin.py:190} INFO - [2024-10-08T18:03:22.525+0900] {dagbag.py:588} INFO - Filling up the DagBag from /Users/alookso/1007MLpj/myenv/lib/python3.10/site-packages/airflow/example_dags/example_workday_timetable.py
[2024-10-08T18:03:23.242+0900] {processor.py:925} INFO - DAG(s) 'example_workday_timetable' retrieved from /Users/alookso/1007MLpj/myenv/lib/python3.10/site-packages/airflow/example_dags/example_workday_timetable.py
[2024-10-08T18:03:23.402+0900] {logging_mixin.py:190} INFO - [2024-10-08T18:03:23.402+0900] {dag.py:3239} INFO - Sync 1 DAGs
[2024-10-08T18:03:23.460+0900] {logging_mixin.py:190} INFO - [2024-10-08T18:03:23.459+0900] {dag.py:4180} INFO - Setting next_dagrun for example_workday_timetable to 2021-01-04T00:00:00+00:00, run_after=2021-01-05T00:00:00+00:00
[2024-10-08T18:03:23.480+0900] {processor.py:208} INFO - Processing /Users/alookso/1007MLpj/myenv/lib/python3.10/site-packages/airflow/example_dags/example_workday_timetable.py took 0.962 seconds
[2024-10-08T18:05:54.214+0900] {processor.py:186} INFO - Started process (PID=27750) to work on /Users/alookso/1007MLpj/myenv/lib/python3.10/site-packages/airflow/example_dags/example_workday_timetable.py
[2024-10-08T18:05:54.215+0900] {processor.py:914} INFO - Processing file /Users/alookso/1007MLpj/myenv/lib/python3.10/site-packages/airflow/example_dags/example_workday_timetable.py for tasks to queue
[2024-10-08T18:05:54.216+0900] {logging_mixin.py:190} INFO - [2024-10-08T18:05:54.216+0900] {dagbag.py:588} INFO - Filling up the DagBag from /Users/alookso/1007MLpj/myenv/lib/python3.10/site-packages/airflow/example_dags/example_workday_timetable.py
[2024-10-08T18:05:54.901+0900] {processor.py:925} INFO - DAG(s) 'example_workday_timetable' retrieved from /Users/alookso/1007MLpj/myenv/lib/python3.10/site-packages/airflow/example_dags/example_workday_timetable.py
[2024-10-08T18:05:55.052+0900] {logging_mixin.py:190} INFO - [2024-10-08T18:05:55.051+0900] {dag.py:3239} INFO - Sync 1 DAGs
[2024-10-08T18:05:55.110+0900] {logging_mixin.py:190} INFO - [2024-10-08T18:05:55.109+0900] {dag.py:4180} INFO - Setting next_dagrun for example_workday_timetable to 2021-01-04T00:00:00+00:00, run_after=2021-01-05T00:00:00+00:00
[2024-10-08T18:05:55.130+0900] {processor.py:208} INFO - Processing /Users/alookso/1007MLpj/myenv/lib/python3.10/site-packages/airflow/example_dags/example_workday_timetable.py took 0.921 seconds
[2024-10-08T18:09:33.057+0900] {processor.py:186} INFO - Started process (PID=27845) to work on /Users/alookso/1007MLpj/myenv/lib/python3.10/site-packages/airflow/example_dags/example_workday_timetable.py
[2024-10-08T18:09:33.058+0900] {processor.py:914} INFO - Processing file /Users/alookso/1007MLpj/myenv/lib/python3.10/site-packages/airflow/example_dags/example_workday_timetable.py for tasks to queue
[2024-10-08T18:09:33.059+0900] {logging_mixin.py:190} INFO - [2024-10-08T18:09:33.059+0900] {dagbag.py:588} INFO - Filling up the DagBag from /Users/alookso/1007MLpj/myenv/lib/python3.10/site-packages/airflow/example_dags/example_workday_timetable.py
[2024-10-08T18:09:33.750+0900] {processor.py:925} INFO - DAG(s) 'example_workday_timetable' retrieved from /Users/alookso/1007MLpj/myenv/lib/python3.10/site-packages/airflow/example_dags/example_workday_timetable.py
[2024-10-08T18:09:33.898+0900] {logging_mixin.py:190} INFO - [2024-10-08T18:09:33.897+0900] {dag.py:3239} INFO - Sync 1 DAGs
[2024-10-08T18:09:34.038+0900] {logging_mixin.py:190} INFO - [2024-10-08T18:09:34.038+0900] {dag.py:4180} INFO - Setting next_dagrun for example_workday_timetable to 2021-01-04T00:00:00+00:00, run_after=2021-01-05T00:00:00+00:00
[2024-10-08T18:09:34.058+0900] {processor.py:208} INFO - Processing /Users/alookso/1007MLpj/myenv/lib/python3.10/site-packages/airflow/example_dags/example_workday_timetable.py took 1.006 seconds
[2024-10-08T18:12:45.385+0900] {processor.py:186} INFO - Started process (PID=27948) to work on /Users/alookso/1007MLpj/myenv/lib/python3.10/site-packages/airflow/example_dags/example_workday_timetable.py
[2024-10-08T18:12:45.386+0900] {processor.py:914} INFO - Processing file /Users/alookso/1007MLpj/myenv/lib/python3.10/site-packages/airflow/example_dags/example_workday_timetable.py for tasks to queue
[2024-10-08T18:12:45.387+0900] {logging_mixin.py:190} INFO - [2024-10-08T18:12:45.387+0900] {dagbag.py:588} INFO - Filling up the DagBag from /Users/alookso/1007MLpj/myenv/lib/python3.10/site-packages/airflow/example_dags/example_workday_timetable.py
[2024-10-08T18:12:46.072+0900] {processor.py:925} INFO - DAG(s) 'example_workday_timetable' retrieved from /Users/alookso/1007MLpj/myenv/lib/python3.10/site-packages/airflow/example_dags/example_workday_timetable.py
[2024-10-08T18:12:46.219+0900] {logging_mixin.py:190} INFO - [2024-10-08T18:12:46.219+0900] {dag.py:3239} INFO - Sync 1 DAGs
[2024-10-08T18:12:46.308+0900] {logging_mixin.py:190} INFO - [2024-10-08T18:12:46.308+0900] {dag.py:4180} INFO - Setting next_dagrun for example_workday_timetable to 2021-01-04T00:00:00+00:00, run_after=2021-01-05T00:00:00+00:00
[2024-10-08T18:12:46.330+0900] {processor.py:208} INFO - Processing /Users/alookso/1007MLpj/myenv/lib/python3.10/site-packages/airflow/example_dags/example_workday_timetable.py took 0.949 seconds
[2024-10-08T18:15:55.247+0900] {processor.py:186} INFO - Started process (PID=28053) to work on /Users/alookso/1007MLpj/myenv/lib/python3.10/site-packages/airflow/example_dags/example_workday_timetable.py
[2024-10-08T18:15:55.248+0900] {processor.py:914} INFO - Processing file /Users/alookso/1007MLpj/myenv/lib/python3.10/site-packages/airflow/example_dags/example_workday_timetable.py for tasks to queue
[2024-10-08T18:15:55.249+0900] {logging_mixin.py:190} INFO - [2024-10-08T18:15:55.249+0900] {dagbag.py:588} INFO - Filling up the DagBag from /Users/alookso/1007MLpj/myenv/lib/python3.10/site-packages/airflow/example_dags/example_workday_timetable.py
[2024-10-08T18:15:55.942+0900] {processor.py:925} INFO - DAG(s) 'example_workday_timetable' retrieved from /Users/alookso/1007MLpj/myenv/lib/python3.10/site-packages/airflow/example_dags/example_workday_timetable.py
[2024-10-08T18:15:56.088+0900] {logging_mixin.py:190} INFO - [2024-10-08T18:15:56.088+0900] {dag.py:3239} INFO - Sync 1 DAGs
[2024-10-08T18:15:56.145+0900] {logging_mixin.py:190} INFO - [2024-10-08T18:15:56.144+0900] {dag.py:4180} INFO - Setting next_dagrun for example_workday_timetable to 2021-01-04T00:00:00+00:00, run_after=2021-01-05T00:00:00+00:00
[2024-10-08T18:15:56.164+0900] {processor.py:208} INFO - Processing /Users/alookso/1007MLpj/myenv/lib/python3.10/site-packages/airflow/example_dags/example_workday_timetable.py took 0.922 seconds
[2024-10-08T18:19:05.513+0900] {processor.py:186} INFO - Started process (PID=28137) to work on /Users/alookso/1007MLpj/myenv/lib/python3.10/site-packages/airflow/example_dags/example_workday_timetable.py
[2024-10-08T18:19:05.513+0900] {processor.py:914} INFO - Processing file /Users/alookso/1007MLpj/myenv/lib/python3.10/site-packages/airflow/example_dags/example_workday_timetable.py for tasks to queue
[2024-10-08T18:19:05.514+0900] {logging_mixin.py:190} INFO - [2024-10-08T18:19:05.514+0900] {dagbag.py:588} INFO - Filling up the DagBag from /Users/alookso/1007MLpj/myenv/lib/python3.10/site-packages/airflow/example_dags/example_workday_timetable.py
[2024-10-08T18:19:06.214+0900] {processor.py:925} INFO - DAG(s) 'example_workday_timetable' retrieved from /Users/alookso/1007MLpj/myenv/lib/python3.10/site-packages/airflow/example_dags/example_workday_timetable.py
[2024-10-08T18:19:06.369+0900] {logging_mixin.py:190} INFO - [2024-10-08T18:19:06.369+0900] {dag.py:3239} INFO - Sync 1 DAGs
[2024-10-08T18:19:06.428+0900] {logging_mixin.py:190} INFO - [2024-10-08T18:19:06.428+0900] {dag.py:4180} INFO - Setting next_dagrun for example_workday_timetable to 2021-01-04T00:00:00+00:00, run_after=2021-01-05T00:00:00+00:00
[2024-10-08T18:19:06.448+0900] {processor.py:208} INFO - Processing /Users/alookso/1007MLpj/myenv/lib/python3.10/site-packages/airflow/example_dags/example_workday_timetable.py took 0.940 seconds
[2024-10-08T18:21:49.656+0900] {processor.py:186} INFO - Started process (PID=28265) to work on /Users/alookso/1007MLpj/myenv/lib/python3.10/site-packages/airflow/example_dags/example_workday_timetable.py
[2024-10-08T18:21:49.657+0900] {processor.py:914} INFO - Processing file /Users/alookso/1007MLpj/myenv/lib/python3.10/site-packages/airflow/example_dags/example_workday_timetable.py for tasks to queue
[2024-10-08T18:21:49.658+0900] {logging_mixin.py:190} INFO - [2024-10-08T18:21:49.658+0900] {dagbag.py:588} INFO - Filling up the DagBag from /Users/alookso/1007MLpj/myenv/lib/python3.10/site-packages/airflow/example_dags/example_workday_timetable.py
[2024-10-08T18:21:50.347+0900] {processor.py:925} INFO - DAG(s) 'example_workday_timetable' retrieved from /Users/alookso/1007MLpj/myenv/lib/python3.10/site-packages/airflow/example_dags/example_workday_timetable.py
[2024-10-08T18:21:50.493+0900] {logging_mixin.py:190} INFO - [2024-10-08T18:21:50.493+0900] {dag.py:3239} INFO - Sync 1 DAGs
[2024-10-08T18:21:50.550+0900] {logging_mixin.py:190} INFO - [2024-10-08T18:21:50.549+0900] {dag.py:4180} INFO - Setting next_dagrun for example_workday_timetable to 2021-01-04T00:00:00+00:00, run_after=2021-01-05T00:00:00+00:00
[2024-10-08T18:21:50.570+0900] {processor.py:208} INFO - Processing /Users/alookso/1007MLpj/myenv/lib/python3.10/site-packages/airflow/example_dags/example_workday_timetable.py took 0.919 seconds
[2024-10-08T18:32:50.200+0900] {processor.py:186} INFO - Started process (PID=28690) to work on /Users/alookso/1007MLpj/myenv/lib/python3.10/site-packages/airflow/example_dags/example_workday_timetable.py
[2024-10-08T18:32:50.201+0900] {processor.py:914} INFO - Processing file /Users/alookso/1007MLpj/myenv/lib/python3.10/site-packages/airflow/example_dags/example_workday_timetable.py for tasks to queue
[2024-10-08T18:32:50.202+0900] {logging_mixin.py:190} INFO - [2024-10-08T18:32:50.202+0900] {dagbag.py:588} INFO - Filling up the DagBag from /Users/alookso/1007MLpj/myenv/lib/python3.10/site-packages/airflow/example_dags/example_workday_timetable.py
[2024-10-08T18:32:50.921+0900] {processor.py:925} INFO - DAG(s) 'example_workday_timetable' retrieved from /Users/alookso/1007MLpj/myenv/lib/python3.10/site-packages/airflow/example_dags/example_workday_timetable.py
[2024-10-08T18:32:51.087+0900] {logging_mixin.py:190} INFO - [2024-10-08T18:32:51.087+0900] {dag.py:3239} INFO - Sync 1 DAGs
[2024-10-08T18:32:51.143+0900] {logging_mixin.py:190} INFO - [2024-10-08T18:32:51.143+0900] {dag.py:4180} INFO - Setting next_dagrun for example_workday_timetable to 2021-01-04T00:00:00+00:00, run_after=2021-01-05T00:00:00+00:00
[2024-10-08T18:32:51.163+0900] {processor.py:208} INFO - Processing /Users/alookso/1007MLpj/myenv/lib/python3.10/site-packages/airflow/example_dags/example_workday_timetable.py took 0.969 seconds
[2024-10-08T18:46:25.451+0900] {processor.py:186} INFO - Started process (PID=29255) to work on /Users/alookso/1007MLpj/myenv/lib/python3.10/site-packages/airflow/example_dags/example_workday_timetable.py
[2024-10-08T18:46:25.452+0900] {processor.py:914} INFO - Processing file /Users/alookso/1007MLpj/myenv/lib/python3.10/site-packages/airflow/example_dags/example_workday_timetable.py for tasks to queue
[2024-10-08T18:46:25.453+0900] {logging_mixin.py:190} INFO - [2024-10-08T18:46:25.452+0900] {dagbag.py:588} INFO - Filling up the DagBag from /Users/alookso/1007MLpj/myenv/lib/python3.10/site-packages/airflow/example_dags/example_workday_timetable.py
[2024-10-08T18:46:26.145+0900] {processor.py:925} INFO - DAG(s) 'example_workday_timetable' retrieved from /Users/alookso/1007MLpj/myenv/lib/python3.10/site-packages/airflow/example_dags/example_workday_timetable.py
[2024-10-08T18:46:26.294+0900] {logging_mixin.py:190} INFO - [2024-10-08T18:46:26.293+0900] {dag.py:3239} INFO - Sync 1 DAGs
[2024-10-08T18:46:26.352+0900] {logging_mixin.py:190} INFO - [2024-10-08T18:46:26.352+0900] {dag.py:4180} INFO - Setting next_dagrun for example_workday_timetable to 2021-01-04T00:00:00+00:00, run_after=2021-01-05T00:00:00+00:00
[2024-10-08T18:46:26.387+0900] {processor.py:208} INFO - Processing /Users/alookso/1007MLpj/myenv/lib/python3.10/site-packages/airflow/example_dags/example_workday_timetable.py took 0.941 seconds
