[2024-10-08T14:44:18.859+0900] {processor.py:186} INFO - Started process (PID=22259) to work on /Users/alookso/1007MLpj/myenv/lib/python3.10/site-packages/airflow/example_dags/example_skip_dag.py
[2024-10-08T14:44:18.860+0900] {processor.py:914} INFO - Processing file /Users/alookso/1007MLpj/myenv/lib/python3.10/site-packages/airflow/example_dags/example_skip_dag.py for tasks to queue
[2024-10-08T14:44:18.861+0900] {logging_mixin.py:190} INFO - [2024-10-08T14:44:18.861+0900] {dagbag.py:588} INFO - Filling up the DagBag from /Users/alookso/1007MLpj/myenv/lib/python3.10/site-packages/airflow/example_dags/example_skip_dag.py
[2024-10-08T14:44:18.870+0900] {processor.py:925} INFO - DAG(s) 'example_skip_dag' retrieved from /Users/alookso/1007MLpj/myenv/lib/python3.10/site-packages/airflow/example_dags/example_skip_dag.py
[2024-10-08T14:44:19.113+0900] {logging_mixin.py:190} INFO - [2024-10-08T14:44:19.112+0900] {override.py:1901} INFO - Created Permission View: can edit on DAG:example_skip_dag
[2024-10-08T14:44:19.123+0900] {logging_mixin.py:190} INFO - [2024-10-08T14:44:19.123+0900] {override.py:1901} INFO - Created Permission View: can read on DAG:example_skip_dag
[2024-10-08T14:44:19.130+0900] {logging_mixin.py:190} INFO - [2024-10-08T14:44:19.130+0900] {override.py:1901} INFO - Created Permission View: can delete on DAG:example_skip_dag
[2024-10-08T14:44:19.140+0900] {logging_mixin.py:190} INFO - [2024-10-08T14:44:19.140+0900] {override.py:1901} INFO - Created Permission View: menu access on DAG Run:example_skip_dag
[2024-10-08T14:44:19.147+0900] {logging_mixin.py:190} INFO - [2024-10-08T14:44:19.146+0900] {override.py:1901} INFO - Created Permission View: can read on DAG Run:example_skip_dag
[2024-10-08T14:44:19.154+0900] {logging_mixin.py:190} INFO - [2024-10-08T14:44:19.154+0900] {override.py:1901} INFO - Created Permission View: can delete on DAG Run:example_skip_dag
[2024-10-08T14:44:19.161+0900] {logging_mixin.py:190} INFO - [2024-10-08T14:44:19.161+0900] {override.py:1901} INFO - Created Permission View: can create on DAG Run:example_skip_dag
[2024-10-08T14:44:19.162+0900] {logging_mixin.py:190} INFO - [2024-10-08T14:44:19.162+0900] {dag.py:3239} INFO - Sync 1 DAGs
[2024-10-08T14:44:19.176+0900] {logging_mixin.py:190} INFO - [2024-10-08T14:44:19.176+0900] {dag.py:3262} INFO - Creating ORM DAG for example_skip_dag
[2024-10-08T14:44:19.185+0900] {logging_mixin.py:190} INFO - [2024-10-08T14:44:19.185+0900] {dag.py:4180} INFO - Setting next_dagrun for example_skip_dag to 2024-10-07T00:00:00+00:00, run_after=2024-10-08T00:00:00+00:00
[2024-10-08T14:44:19.205+0900] {processor.py:208} INFO - Processing /Users/alookso/1007MLpj/myenv/lib/python3.10/site-packages/airflow/example_dags/example_skip_dag.py took 0.350 seconds
[2024-10-08T14:48:05.573+0900] {processor.py:186} INFO - Started process (PID=22351) to work on /Users/alookso/1007MLpj/myenv/lib/python3.10/site-packages/airflow/example_dags/example_skip_dag.py
[2024-10-08T14:48:05.573+0900] {processor.py:914} INFO - Processing file /Users/alookso/1007MLpj/myenv/lib/python3.10/site-packages/airflow/example_dags/example_skip_dag.py for tasks to queue
[2024-10-08T14:48:05.574+0900] {logging_mixin.py:190} INFO - [2024-10-08T14:48:05.574+0900] {dagbag.py:588} INFO - Filling up the DagBag from /Users/alookso/1007MLpj/myenv/lib/python3.10/site-packages/airflow/example_dags/example_skip_dag.py
[2024-10-08T14:48:05.583+0900] {processor.py:925} INFO - DAG(s) 'example_skip_dag' retrieved from /Users/alookso/1007MLpj/myenv/lib/python3.10/site-packages/airflow/example_dags/example_skip_dag.py
[2024-10-08T14:48:05.720+0900] {logging_mixin.py:190} INFO - [2024-10-08T14:48:05.719+0900] {dag.py:3239} INFO - Sync 1 DAGs
[2024-10-08T14:48:05.742+0900] {logging_mixin.py:190} INFO - [2024-10-08T14:48:05.741+0900] {dag.py:4180} INFO - Setting next_dagrun for example_skip_dag to 2024-10-07T00:00:00+00:00, run_after=2024-10-08T00:00:00+00:00
[2024-10-08T14:48:05.762+0900] {processor.py:208} INFO - Processing /Users/alookso/1007MLpj/myenv/lib/python3.10/site-packages/airflow/example_dags/example_skip_dag.py took 0.194 seconds
[2024-10-08T14:51:12.306+0900] {processor.py:186} INFO - Started process (PID=22423) to work on /Users/alookso/1007MLpj/myenv/lib/python3.10/site-packages/airflow/example_dags/example_skip_dag.py
[2024-10-08T14:51:12.307+0900] {processor.py:914} INFO - Processing file /Users/alookso/1007MLpj/myenv/lib/python3.10/site-packages/airflow/example_dags/example_skip_dag.py for tasks to queue
[2024-10-08T14:51:12.308+0900] {logging_mixin.py:190} INFO - [2024-10-08T14:51:12.308+0900] {dagbag.py:588} INFO - Filling up the DagBag from /Users/alookso/1007MLpj/myenv/lib/python3.10/site-packages/airflow/example_dags/example_skip_dag.py
[2024-10-08T14:51:12.316+0900] {processor.py:925} INFO - DAG(s) 'example_skip_dag' retrieved from /Users/alookso/1007MLpj/myenv/lib/python3.10/site-packages/airflow/example_dags/example_skip_dag.py
[2024-10-08T14:51:12.449+0900] {logging_mixin.py:190} INFO - [2024-10-08T14:51:12.448+0900] {dag.py:3239} INFO - Sync 1 DAGs
[2024-10-08T14:51:12.470+0900] {logging_mixin.py:190} INFO - [2024-10-08T14:51:12.470+0900] {dag.py:4180} INFO - Setting next_dagrun for example_skip_dag to 2024-10-07T00:00:00+00:00, run_after=2024-10-08T00:00:00+00:00
[2024-10-08T14:51:12.489+0900] {processor.py:208} INFO - Processing /Users/alookso/1007MLpj/myenv/lib/python3.10/site-packages/airflow/example_dags/example_skip_dag.py took 0.187 seconds
[2024-10-08T14:54:20.820+0900] {processor.py:186} INFO - Started process (PID=22553) to work on /Users/alookso/1007MLpj/myenv/lib/python3.10/site-packages/airflow/example_dags/example_skip_dag.py
[2024-10-08T14:54:20.821+0900] {processor.py:914} INFO - Processing file /Users/alookso/1007MLpj/myenv/lib/python3.10/site-packages/airflow/example_dags/example_skip_dag.py for tasks to queue
[2024-10-08T14:54:20.822+0900] {logging_mixin.py:190} INFO - [2024-10-08T14:54:20.821+0900] {dagbag.py:588} INFO - Filling up the DagBag from /Users/alookso/1007MLpj/myenv/lib/python3.10/site-packages/airflow/example_dags/example_skip_dag.py
[2024-10-08T14:54:20.831+0900] {processor.py:925} INFO - DAG(s) 'example_skip_dag' retrieved from /Users/alookso/1007MLpj/myenv/lib/python3.10/site-packages/airflow/example_dags/example_skip_dag.py
[2024-10-08T14:54:20.968+0900] {logging_mixin.py:190} INFO - [2024-10-08T14:54:20.968+0900] {dag.py:3239} INFO - Sync 1 DAGs
[2024-10-08T14:54:20.989+0900] {logging_mixin.py:190} INFO - [2024-10-08T14:54:20.989+0900] {dag.py:4180} INFO - Setting next_dagrun for example_skip_dag to 2024-10-07T00:00:00+00:00, run_after=2024-10-08T00:00:00+00:00
[2024-10-08T14:54:21.009+0900] {processor.py:208} INFO - Processing /Users/alookso/1007MLpj/myenv/lib/python3.10/site-packages/airflow/example_dags/example_skip_dag.py took 0.194 seconds
[2024-10-08T14:57:28.453+0900] {processor.py:186} INFO - Started process (PID=22665) to work on /Users/alookso/1007MLpj/myenv/lib/python3.10/site-packages/airflow/example_dags/example_skip_dag.py
[2024-10-08T14:57:28.453+0900] {processor.py:914} INFO - Processing file /Users/alookso/1007MLpj/myenv/lib/python3.10/site-packages/airflow/example_dags/example_skip_dag.py for tasks to queue
[2024-10-08T14:57:28.454+0900] {logging_mixin.py:190} INFO - [2024-10-08T14:57:28.454+0900] {dagbag.py:588} INFO - Filling up the DagBag from /Users/alookso/1007MLpj/myenv/lib/python3.10/site-packages/airflow/example_dags/example_skip_dag.py
[2024-10-08T14:57:28.463+0900] {processor.py:925} INFO - DAG(s) 'example_skip_dag' retrieved from /Users/alookso/1007MLpj/myenv/lib/python3.10/site-packages/airflow/example_dags/example_skip_dag.py
[2024-10-08T14:57:28.597+0900] {logging_mixin.py:190} INFO - [2024-10-08T14:57:28.596+0900] {dag.py:3239} INFO - Sync 1 DAGs
[2024-10-08T14:57:28.618+0900] {logging_mixin.py:190} INFO - [2024-10-08T14:57:28.618+0900] {dag.py:4180} INFO - Setting next_dagrun for example_skip_dag to 2024-10-07T00:00:00+00:00, run_after=2024-10-08T00:00:00+00:00
[2024-10-08T14:57:28.637+0900] {processor.py:208} INFO - Processing /Users/alookso/1007MLpj/myenv/lib/python3.10/site-packages/airflow/example_dags/example_skip_dag.py took 0.189 seconds
[2024-10-08T15:00:38.301+0900] {processor.py:186} INFO - Started process (PID=22769) to work on /Users/alookso/1007MLpj/myenv/lib/python3.10/site-packages/airflow/example_dags/example_skip_dag.py
[2024-10-08T15:00:38.301+0900] {processor.py:914} INFO - Processing file /Users/alookso/1007MLpj/myenv/lib/python3.10/site-packages/airflow/example_dags/example_skip_dag.py for tasks to queue
[2024-10-08T15:00:38.302+0900] {logging_mixin.py:190} INFO - [2024-10-08T15:00:38.302+0900] {dagbag.py:588} INFO - Filling up the DagBag from /Users/alookso/1007MLpj/myenv/lib/python3.10/site-packages/airflow/example_dags/example_skip_dag.py
[2024-10-08T15:00:38.312+0900] {processor.py:925} INFO - DAG(s) 'example_skip_dag' retrieved from /Users/alookso/1007MLpj/myenv/lib/python3.10/site-packages/airflow/example_dags/example_skip_dag.py
[2024-10-08T15:00:38.456+0900] {logging_mixin.py:190} INFO - [2024-10-08T15:00:38.456+0900] {dag.py:3239} INFO - Sync 1 DAGs
[2024-10-08T15:00:38.480+0900] {logging_mixin.py:190} INFO - [2024-10-08T15:00:38.480+0900] {dag.py:4180} INFO - Setting next_dagrun for example_skip_dag to 2024-10-07T00:00:00+00:00, run_after=2024-10-08T00:00:00+00:00
[2024-10-08T15:00:38.520+0900] {processor.py:208} INFO - Processing /Users/alookso/1007MLpj/myenv/lib/python3.10/site-packages/airflow/example_dags/example_skip_dag.py took 0.225 seconds
[2024-10-08T15:03:46.674+0900] {processor.py:186} INFO - Started process (PID=22857) to work on /Users/alookso/1007MLpj/myenv/lib/python3.10/site-packages/airflow/example_dags/example_skip_dag.py
[2024-10-08T15:03:46.675+0900] {processor.py:914} INFO - Processing file /Users/alookso/1007MLpj/myenv/lib/python3.10/site-packages/airflow/example_dags/example_skip_dag.py for tasks to queue
[2024-10-08T15:03:46.676+0900] {logging_mixin.py:190} INFO - [2024-10-08T15:03:46.676+0900] {dagbag.py:588} INFO - Filling up the DagBag from /Users/alookso/1007MLpj/myenv/lib/python3.10/site-packages/airflow/example_dags/example_skip_dag.py
[2024-10-08T15:03:46.685+0900] {processor.py:925} INFO - DAG(s) 'example_skip_dag' retrieved from /Users/alookso/1007MLpj/myenv/lib/python3.10/site-packages/airflow/example_dags/example_skip_dag.py
[2024-10-08T15:03:46.819+0900] {logging_mixin.py:190} INFO - [2024-10-08T15:03:46.819+0900] {dag.py:3239} INFO - Sync 1 DAGs
[2024-10-08T15:03:46.841+0900] {logging_mixin.py:190} INFO - [2024-10-08T15:03:46.841+0900] {dag.py:4180} INFO - Setting next_dagrun for example_skip_dag to 2024-10-07T00:00:00+00:00, run_after=2024-10-08T00:00:00+00:00
[2024-10-08T15:03:46.861+0900] {processor.py:208} INFO - Processing /Users/alookso/1007MLpj/myenv/lib/python3.10/site-packages/airflow/example_dags/example_skip_dag.py took 0.191 seconds
[2024-10-08T15:06:51.109+0900] {processor.py:186} INFO - Started process (PID=22948) to work on /Users/alookso/1007MLpj/myenv/lib/python3.10/site-packages/airflow/example_dags/example_skip_dag.py
[2024-10-08T15:06:51.110+0900] {processor.py:914} INFO - Processing file /Users/alookso/1007MLpj/myenv/lib/python3.10/site-packages/airflow/example_dags/example_skip_dag.py for tasks to queue
[2024-10-08T15:06:51.111+0900] {logging_mixin.py:190} INFO - [2024-10-08T15:06:51.111+0900] {dagbag.py:588} INFO - Filling up the DagBag from /Users/alookso/1007MLpj/myenv/lib/python3.10/site-packages/airflow/example_dags/example_skip_dag.py
[2024-10-08T15:06:51.122+0900] {processor.py:925} INFO - DAG(s) 'example_skip_dag' retrieved from /Users/alookso/1007MLpj/myenv/lib/python3.10/site-packages/airflow/example_dags/example_skip_dag.py
[2024-10-08T15:06:51.266+0900] {logging_mixin.py:190} INFO - [2024-10-08T15:06:51.265+0900] {dag.py:3239} INFO - Sync 1 DAGs
[2024-10-08T15:06:51.286+0900] {logging_mixin.py:190} INFO - [2024-10-08T15:06:51.286+0900] {dag.py:4180} INFO - Setting next_dagrun for example_skip_dag to 2024-10-07T00:00:00+00:00, run_after=2024-10-08T00:00:00+00:00
[2024-10-08T15:06:51.306+0900] {processor.py:208} INFO - Processing /Users/alookso/1007MLpj/myenv/lib/python3.10/site-packages/airflow/example_dags/example_skip_dag.py took 0.202 seconds
[2024-10-08T15:09:57.154+0900] {processor.py:186} INFO - Started process (PID=23066) to work on /Users/alookso/1007MLpj/myenv/lib/python3.10/site-packages/airflow/example_dags/example_skip_dag.py
[2024-10-08T15:09:57.155+0900] {processor.py:914} INFO - Processing file /Users/alookso/1007MLpj/myenv/lib/python3.10/site-packages/airflow/example_dags/example_skip_dag.py for tasks to queue
[2024-10-08T15:09:57.156+0900] {logging_mixin.py:190} INFO - [2024-10-08T15:09:57.155+0900] {dagbag.py:588} INFO - Filling up the DagBag from /Users/alookso/1007MLpj/myenv/lib/python3.10/site-packages/airflow/example_dags/example_skip_dag.py
[2024-10-08T15:09:57.164+0900] {processor.py:925} INFO - DAG(s) 'example_skip_dag' retrieved from /Users/alookso/1007MLpj/myenv/lib/python3.10/site-packages/airflow/example_dags/example_skip_dag.py
[2024-10-08T15:09:57.296+0900] {logging_mixin.py:190} INFO - [2024-10-08T15:09:57.295+0900] {dag.py:3239} INFO - Sync 1 DAGs
[2024-10-08T15:09:57.316+0900] {logging_mixin.py:190} INFO - [2024-10-08T15:09:57.316+0900] {dag.py:4180} INFO - Setting next_dagrun for example_skip_dag to 2024-10-07T00:00:00+00:00, run_after=2024-10-08T00:00:00+00:00
[2024-10-08T15:09:57.336+0900] {processor.py:208} INFO - Processing /Users/alookso/1007MLpj/myenv/lib/python3.10/site-packages/airflow/example_dags/example_skip_dag.py took 0.186 seconds
[2024-10-08T15:12:56.123+0900] {processor.py:186} INFO - Started process (PID=23154) to work on /Users/alookso/1007MLpj/myenv/lib/python3.10/site-packages/airflow/example_dags/example_skip_dag.py
[2024-10-08T15:12:56.124+0900] {processor.py:914} INFO - Processing file /Users/alookso/1007MLpj/myenv/lib/python3.10/site-packages/airflow/example_dags/example_skip_dag.py for tasks to queue
[2024-10-08T15:12:56.125+0900] {logging_mixin.py:190} INFO - [2024-10-08T15:12:56.125+0900] {dagbag.py:588} INFO - Filling up the DagBag from /Users/alookso/1007MLpj/myenv/lib/python3.10/site-packages/airflow/example_dags/example_skip_dag.py
[2024-10-08T15:12:56.134+0900] {processor.py:925} INFO - DAG(s) 'example_skip_dag' retrieved from /Users/alookso/1007MLpj/myenv/lib/python3.10/site-packages/airflow/example_dags/example_skip_dag.py
[2024-10-08T15:12:56.266+0900] {logging_mixin.py:190} INFO - [2024-10-08T15:12:56.266+0900] {dag.py:3239} INFO - Sync 1 DAGs
[2024-10-08T15:12:56.287+0900] {logging_mixin.py:190} INFO - [2024-10-08T15:12:56.287+0900] {dag.py:4180} INFO - Setting next_dagrun for example_skip_dag to 2024-10-07T00:00:00+00:00, run_after=2024-10-08T00:00:00+00:00
[2024-10-08T15:12:56.306+0900] {processor.py:208} INFO - Processing /Users/alookso/1007MLpj/myenv/lib/python3.10/site-packages/airflow/example_dags/example_skip_dag.py took 0.187 seconds
[2024-10-08T15:15:54.152+0900] {processor.py:186} INFO - Started process (PID=23232) to work on /Users/alookso/1007MLpj/myenv/lib/python3.10/site-packages/airflow/example_dags/example_skip_dag.py
[2024-10-08T15:15:54.153+0900] {processor.py:914} INFO - Processing file /Users/alookso/1007MLpj/myenv/lib/python3.10/site-packages/airflow/example_dags/example_skip_dag.py for tasks to queue
[2024-10-08T15:15:54.154+0900] {logging_mixin.py:190} INFO - [2024-10-08T15:15:54.153+0900] {dagbag.py:588} INFO - Filling up the DagBag from /Users/alookso/1007MLpj/myenv/lib/python3.10/site-packages/airflow/example_dags/example_skip_dag.py
[2024-10-08T15:15:54.162+0900] {processor.py:925} INFO - DAG(s) 'example_skip_dag' retrieved from /Users/alookso/1007MLpj/myenv/lib/python3.10/site-packages/airflow/example_dags/example_skip_dag.py
[2024-10-08T15:15:54.296+0900] {logging_mixin.py:190} INFO - [2024-10-08T15:15:54.295+0900] {dag.py:3239} INFO - Sync 1 DAGs
[2024-10-08T15:15:54.317+0900] {logging_mixin.py:190} INFO - [2024-10-08T15:15:54.317+0900] {dag.py:4180} INFO - Setting next_dagrun for example_skip_dag to 2024-10-07T00:00:00+00:00, run_after=2024-10-08T00:00:00+00:00
[2024-10-08T15:15:54.336+0900] {processor.py:208} INFO - Processing /Users/alookso/1007MLpj/myenv/lib/python3.10/site-packages/airflow/example_dags/example_skip_dag.py took 0.189 seconds
[2024-10-08T15:19:03.884+0900] {processor.py:186} INFO - Started process (PID=23340) to work on /Users/alookso/1007MLpj/myenv/lib/python3.10/site-packages/airflow/example_dags/example_skip_dag.py
[2024-10-08T15:19:03.885+0900] {processor.py:914} INFO - Processing file /Users/alookso/1007MLpj/myenv/lib/python3.10/site-packages/airflow/example_dags/example_skip_dag.py for tasks to queue
[2024-10-08T15:19:03.886+0900] {logging_mixin.py:190} INFO - [2024-10-08T15:19:03.886+0900] {dagbag.py:588} INFO - Filling up the DagBag from /Users/alookso/1007MLpj/myenv/lib/python3.10/site-packages/airflow/example_dags/example_skip_dag.py
[2024-10-08T15:19:03.895+0900] {processor.py:925} INFO - DAG(s) 'example_skip_dag' retrieved from /Users/alookso/1007MLpj/myenv/lib/python3.10/site-packages/airflow/example_dags/example_skip_dag.py
[2024-10-08T15:19:04.027+0900] {logging_mixin.py:190} INFO - [2024-10-08T15:19:04.027+0900] {dag.py:3239} INFO - Sync 1 DAGs
[2024-10-08T15:19:04.048+0900] {logging_mixin.py:190} INFO - [2024-10-08T15:19:04.048+0900] {dag.py:4180} INFO - Setting next_dagrun for example_skip_dag to 2024-10-07T00:00:00+00:00, run_after=2024-10-08T00:00:00+00:00
[2024-10-08T15:19:04.068+0900] {processor.py:208} INFO - Processing /Users/alookso/1007MLpj/myenv/lib/python3.10/site-packages/airflow/example_dags/example_skip_dag.py took 0.189 seconds
[2024-10-08T15:22:11.951+0900] {processor.py:186} INFO - Started process (PID=23423) to work on /Users/alookso/1007MLpj/myenv/lib/python3.10/site-packages/airflow/example_dags/example_skip_dag.py
[2024-10-08T15:22:11.952+0900] {processor.py:914} INFO - Processing file /Users/alookso/1007MLpj/myenv/lib/python3.10/site-packages/airflow/example_dags/example_skip_dag.py for tasks to queue
[2024-10-08T15:22:11.953+0900] {logging_mixin.py:190} INFO - [2024-10-08T15:22:11.953+0900] {dagbag.py:588} INFO - Filling up the DagBag from /Users/alookso/1007MLpj/myenv/lib/python3.10/site-packages/airflow/example_dags/example_skip_dag.py
[2024-10-08T15:22:11.962+0900] {processor.py:925} INFO - DAG(s) 'example_skip_dag' retrieved from /Users/alookso/1007MLpj/myenv/lib/python3.10/site-packages/airflow/example_dags/example_skip_dag.py
[2024-10-08T15:22:12.095+0900] {logging_mixin.py:190} INFO - [2024-10-08T15:22:12.095+0900] {dag.py:3239} INFO - Sync 1 DAGs
[2024-10-08T15:22:12.116+0900] {logging_mixin.py:190} INFO - [2024-10-08T15:22:12.116+0900] {dag.py:4180} INFO - Setting next_dagrun for example_skip_dag to 2024-10-07T00:00:00+00:00, run_after=2024-10-08T00:00:00+00:00
[2024-10-08T15:22:12.135+0900] {processor.py:208} INFO - Processing /Users/alookso/1007MLpj/myenv/lib/python3.10/site-packages/airflow/example_dags/example_skip_dag.py took 0.188 seconds
[2024-10-08T15:25:17.019+0900] {processor.py:186} INFO - Started process (PID=23519) to work on /Users/alookso/1007MLpj/myenv/lib/python3.10/site-packages/airflow/example_dags/example_skip_dag.py
[2024-10-08T15:25:17.020+0900] {processor.py:914} INFO - Processing file /Users/alookso/1007MLpj/myenv/lib/python3.10/site-packages/airflow/example_dags/example_skip_dag.py for tasks to queue
[2024-10-08T15:25:17.021+0900] {logging_mixin.py:190} INFO - [2024-10-08T15:25:17.020+0900] {dagbag.py:588} INFO - Filling up the DagBag from /Users/alookso/1007MLpj/myenv/lib/python3.10/site-packages/airflow/example_dags/example_skip_dag.py
[2024-10-08T15:25:17.029+0900] {processor.py:925} INFO - DAG(s) 'example_skip_dag' retrieved from /Users/alookso/1007MLpj/myenv/lib/python3.10/site-packages/airflow/example_dags/example_skip_dag.py
[2024-10-08T15:25:17.164+0900] {logging_mixin.py:190} INFO - [2024-10-08T15:25:17.164+0900] {dag.py:3239} INFO - Sync 1 DAGs
[2024-10-08T15:25:17.184+0900] {logging_mixin.py:190} INFO - [2024-10-08T15:25:17.184+0900] {dag.py:4180} INFO - Setting next_dagrun for example_skip_dag to 2024-10-07T00:00:00+00:00, run_after=2024-10-08T00:00:00+00:00
[2024-10-08T15:25:17.203+0900] {processor.py:208} INFO - Processing /Users/alookso/1007MLpj/myenv/lib/python3.10/site-packages/airflow/example_dags/example_skip_dag.py took 0.189 seconds
[2024-10-08T15:28:19.934+0900] {processor.py:186} INFO - Started process (PID=23626) to work on /Users/alookso/1007MLpj/myenv/lib/python3.10/site-packages/airflow/example_dags/example_skip_dag.py
[2024-10-08T15:28:19.935+0900] {processor.py:914} INFO - Processing file /Users/alookso/1007MLpj/myenv/lib/python3.10/site-packages/airflow/example_dags/example_skip_dag.py for tasks to queue
[2024-10-08T15:28:19.936+0900] {logging_mixin.py:190} INFO - [2024-10-08T15:28:19.936+0900] {dagbag.py:588} INFO - Filling up the DagBag from /Users/alookso/1007MLpj/myenv/lib/python3.10/site-packages/airflow/example_dags/example_skip_dag.py
[2024-10-08T15:28:19.945+0900] {processor.py:925} INFO - DAG(s) 'example_skip_dag' retrieved from /Users/alookso/1007MLpj/myenv/lib/python3.10/site-packages/airflow/example_dags/example_skip_dag.py
[2024-10-08T15:28:20.081+0900] {logging_mixin.py:190} INFO - [2024-10-08T15:28:20.081+0900] {dag.py:3239} INFO - Sync 1 DAGs
[2024-10-08T15:28:20.101+0900] {logging_mixin.py:190} INFO - [2024-10-08T15:28:20.101+0900] {dag.py:4180} INFO - Setting next_dagrun for example_skip_dag to 2024-10-07T00:00:00+00:00, run_after=2024-10-08T00:00:00+00:00
[2024-10-08T15:28:20.121+0900] {processor.py:208} INFO - Processing /Users/alookso/1007MLpj/myenv/lib/python3.10/site-packages/airflow/example_dags/example_skip_dag.py took 0.192 seconds
[2024-10-08T15:31:20.631+0900] {processor.py:186} INFO - Started process (PID=23729) to work on /Users/alookso/1007MLpj/myenv/lib/python3.10/site-packages/airflow/example_dags/example_skip_dag.py
[2024-10-08T15:31:20.632+0900] {processor.py:914} INFO - Processing file /Users/alookso/1007MLpj/myenv/lib/python3.10/site-packages/airflow/example_dags/example_skip_dag.py for tasks to queue
[2024-10-08T15:31:20.633+0900] {logging_mixin.py:190} INFO - [2024-10-08T15:31:20.633+0900] {dagbag.py:588} INFO - Filling up the DagBag from /Users/alookso/1007MLpj/myenv/lib/python3.10/site-packages/airflow/example_dags/example_skip_dag.py
[2024-10-08T15:31:20.642+0900] {processor.py:925} INFO - DAG(s) 'example_skip_dag' retrieved from /Users/alookso/1007MLpj/myenv/lib/python3.10/site-packages/airflow/example_dags/example_skip_dag.py
[2024-10-08T15:31:20.784+0900] {logging_mixin.py:190} INFO - [2024-10-08T15:31:20.783+0900] {dag.py:3239} INFO - Sync 1 DAGs
[2024-10-08T15:31:20.805+0900] {logging_mixin.py:190} INFO - [2024-10-08T15:31:20.805+0900] {dag.py:4180} INFO - Setting next_dagrun for example_skip_dag to 2024-10-07T00:00:00+00:00, run_after=2024-10-08T00:00:00+00:00
[2024-10-08T15:31:20.825+0900] {processor.py:208} INFO - Processing /Users/alookso/1007MLpj/myenv/lib/python3.10/site-packages/airflow/example_dags/example_skip_dag.py took 0.198 seconds
[2024-10-08T16:36:41.814+0900] {processor.py:186} INFO - Started process (PID=25004) to work on /Users/alookso/1007MLpj/myenv/lib/python3.10/site-packages/airflow/example_dags/example_skip_dag.py
[2024-10-08T16:36:41.815+0900] {processor.py:914} INFO - Processing file /Users/alookso/1007MLpj/myenv/lib/python3.10/site-packages/airflow/example_dags/example_skip_dag.py for tasks to queue
[2024-10-08T16:36:41.817+0900] {logging_mixin.py:190} INFO - [2024-10-08T16:36:41.816+0900] {dagbag.py:588} INFO - Filling up the DagBag from /Users/alookso/1007MLpj/myenv/lib/python3.10/site-packages/airflow/example_dags/example_skip_dag.py
[2024-10-08T16:36:41.825+0900] {processor.py:925} INFO - DAG(s) 'example_skip_dag' retrieved from /Users/alookso/1007MLpj/myenv/lib/python3.10/site-packages/airflow/example_dags/example_skip_dag.py
[2024-10-08T16:36:41.966+0900] {logging_mixin.py:190} INFO - [2024-10-08T16:36:41.966+0900] {dag.py:3239} INFO - Sync 1 DAGs
[2024-10-08T16:36:41.988+0900] {logging_mixin.py:190} INFO - [2024-10-08T16:36:41.988+0900] {dag.py:4180} INFO - Setting next_dagrun for example_skip_dag to 2024-10-07T00:00:00+00:00, run_after=2024-10-08T00:00:00+00:00
[2024-10-08T16:36:42.008+0900] {processor.py:208} INFO - Processing /Users/alookso/1007MLpj/myenv/lib/python3.10/site-packages/airflow/example_dags/example_skip_dag.py took 0.199 seconds
[2024-10-08T17:28:13.809+0900] {processor.py:186} INFO - Started process (PID=26377) to work on /Users/alookso/1007MLpj/myenv/lib/python3.10/site-packages/airflow/example_dags/example_skip_dag.py
[2024-10-08T17:28:13.810+0900] {processor.py:914} INFO - Processing file /Users/alookso/1007MLpj/myenv/lib/python3.10/site-packages/airflow/example_dags/example_skip_dag.py for tasks to queue
[2024-10-08T17:28:13.811+0900] {logging_mixin.py:190} INFO - [2024-10-08T17:28:13.811+0900] {dagbag.py:588} INFO - Filling up the DagBag from /Users/alookso/1007MLpj/myenv/lib/python3.10/site-packages/airflow/example_dags/example_skip_dag.py
[2024-10-08T17:28:13.820+0900] {processor.py:925} INFO - DAG(s) 'example_skip_dag' retrieved from /Users/alookso/1007MLpj/myenv/lib/python3.10/site-packages/airflow/example_dags/example_skip_dag.py
[2024-10-08T17:28:13.955+0900] {logging_mixin.py:190} INFO - [2024-10-08T17:28:13.954+0900] {dag.py:3239} INFO - Sync 1 DAGs
[2024-10-08T17:28:13.976+0900] {logging_mixin.py:190} INFO - [2024-10-08T17:28:13.975+0900] {dag.py:4180} INFO - Setting next_dagrun for example_skip_dag to 2024-10-07T00:00:00+00:00, run_after=2024-10-08T00:00:00+00:00
[2024-10-08T17:28:13.996+0900] {processor.py:208} INFO - Processing /Users/alookso/1007MLpj/myenv/lib/python3.10/site-packages/airflow/example_dags/example_skip_dag.py took 0.191 seconds
[2024-10-08T17:43:05.146+0900] {processor.py:186} INFO - Started process (PID=26890) to work on /Users/alookso/1007MLpj/myenv/lib/python3.10/site-packages/airflow/example_dags/example_skip_dag.py
[2024-10-08T17:43:05.147+0900] {processor.py:914} INFO - Processing file /Users/alookso/1007MLpj/myenv/lib/python3.10/site-packages/airflow/example_dags/example_skip_dag.py for tasks to queue
[2024-10-08T17:43:05.147+0900] {logging_mixin.py:190} INFO - [2024-10-08T17:43:05.147+0900] {dagbag.py:588} INFO - Filling up the DagBag from /Users/alookso/1007MLpj/myenv/lib/python3.10/site-packages/airflow/example_dags/example_skip_dag.py
[2024-10-08T17:43:05.156+0900] {processor.py:925} INFO - DAG(s) 'example_skip_dag' retrieved from /Users/alookso/1007MLpj/myenv/lib/python3.10/site-packages/airflow/example_dags/example_skip_dag.py
[2024-10-08T17:43:05.286+0900] {logging_mixin.py:190} INFO - [2024-10-08T17:43:05.286+0900] {dag.py:3239} INFO - Sync 1 DAGs
[2024-10-08T17:43:05.307+0900] {logging_mixin.py:190} INFO - [2024-10-08T17:43:05.306+0900] {dag.py:4180} INFO - Setting next_dagrun for example_skip_dag to 2024-10-07T00:00:00+00:00, run_after=2024-10-08T00:00:00+00:00
[2024-10-08T17:43:05.326+0900] {processor.py:208} INFO - Processing /Users/alookso/1007MLpj/myenv/lib/python3.10/site-packages/airflow/example_dags/example_skip_dag.py took 0.185 seconds
[2024-10-08T17:55:28.775+0900] {processor.py:186} INFO - Started process (PID=27320) to work on /Users/alookso/1007MLpj/myenv/lib/python3.10/site-packages/airflow/example_dags/example_skip_dag.py
[2024-10-08T17:55:28.775+0900] {processor.py:914} INFO - Processing file /Users/alookso/1007MLpj/myenv/lib/python3.10/site-packages/airflow/example_dags/example_skip_dag.py for tasks to queue
[2024-10-08T17:55:28.776+0900] {logging_mixin.py:190} INFO - [2024-10-08T17:55:28.776+0900] {dagbag.py:588} INFO - Filling up the DagBag from /Users/alookso/1007MLpj/myenv/lib/python3.10/site-packages/airflow/example_dags/example_skip_dag.py
[2024-10-08T17:55:28.785+0900] {processor.py:925} INFO - DAG(s) 'example_skip_dag' retrieved from /Users/alookso/1007MLpj/myenv/lib/python3.10/site-packages/airflow/example_dags/example_skip_dag.py
[2024-10-08T17:55:28.922+0900] {logging_mixin.py:190} INFO - [2024-10-08T17:55:28.921+0900] {dag.py:3239} INFO - Sync 1 DAGs
[2024-10-08T17:55:28.943+0900] {logging_mixin.py:190} INFO - [2024-10-08T17:55:28.943+0900] {dag.py:4180} INFO - Setting next_dagrun for example_skip_dag to 2024-10-07T00:00:00+00:00, run_after=2024-10-08T00:00:00+00:00
[2024-10-08T17:55:28.962+0900] {processor.py:208} INFO - Processing /Users/alookso/1007MLpj/myenv/lib/python3.10/site-packages/airflow/example_dags/example_skip_dag.py took 0.192 seconds
[2024-10-08T18:00:17.021+0900] {processor.py:186} INFO - Started process (PID=27521) to work on /Users/alookso/1007MLpj/myenv/lib/python3.10/site-packages/airflow/example_dags/example_skip_dag.py
[2024-10-08T18:00:17.022+0900] {processor.py:914} INFO - Processing file /Users/alookso/1007MLpj/myenv/lib/python3.10/site-packages/airflow/example_dags/example_skip_dag.py for tasks to queue
[2024-10-08T18:00:17.023+0900] {logging_mixin.py:190} INFO - [2024-10-08T18:00:17.023+0900] {dagbag.py:588} INFO - Filling up the DagBag from /Users/alookso/1007MLpj/myenv/lib/python3.10/site-packages/airflow/example_dags/example_skip_dag.py
[2024-10-08T18:00:17.032+0900] {processor.py:925} INFO - DAG(s) 'example_skip_dag' retrieved from /Users/alookso/1007MLpj/myenv/lib/python3.10/site-packages/airflow/example_dags/example_skip_dag.py
[2024-10-08T18:00:17.173+0900] {logging_mixin.py:190} INFO - [2024-10-08T18:00:17.173+0900] {dag.py:3239} INFO - Sync 1 DAGs
[2024-10-08T18:00:17.196+0900] {logging_mixin.py:190} INFO - [2024-10-08T18:00:17.195+0900] {dag.py:4180} INFO - Setting next_dagrun for example_skip_dag to 2024-10-07T00:00:00+00:00, run_after=2024-10-08T00:00:00+00:00
[2024-10-08T18:00:17.215+0900] {processor.py:208} INFO - Processing /Users/alookso/1007MLpj/myenv/lib/python3.10/site-packages/airflow/example_dags/example_skip_dag.py took 0.200 seconds
[2024-10-08T18:03:57.521+0900] {processor.py:186} INFO - Started process (PID=27657) to work on /Users/alookso/1007MLpj/myenv/lib/python3.10/site-packages/airflow/example_dags/example_skip_dag.py
[2024-10-08T18:03:57.522+0900] {processor.py:914} INFO - Processing file /Users/alookso/1007MLpj/myenv/lib/python3.10/site-packages/airflow/example_dags/example_skip_dag.py for tasks to queue
[2024-10-08T18:03:57.522+0900] {logging_mixin.py:190} INFO - [2024-10-08T18:03:57.522+0900] {dagbag.py:588} INFO - Filling up the DagBag from /Users/alookso/1007MLpj/myenv/lib/python3.10/site-packages/airflow/example_dags/example_skip_dag.py
[2024-10-08T18:03:57.532+0900] {processor.py:925} INFO - DAG(s) 'example_skip_dag' retrieved from /Users/alookso/1007MLpj/myenv/lib/python3.10/site-packages/airflow/example_dags/example_skip_dag.py
[2024-10-08T18:03:57.671+0900] {logging_mixin.py:190} INFO - [2024-10-08T18:03:57.670+0900] {dag.py:3239} INFO - Sync 1 DAGs
[2024-10-08T18:03:57.691+0900] {logging_mixin.py:190} INFO - [2024-10-08T18:03:57.691+0900] {dag.py:4180} INFO - Setting next_dagrun for example_skip_dag to 2024-10-07T00:00:00+00:00, run_after=2024-10-08T00:00:00+00:00
[2024-10-08T18:03:57.711+0900] {processor.py:208} INFO - Processing /Users/alookso/1007MLpj/myenv/lib/python3.10/site-packages/airflow/example_dags/example_skip_dag.py took 0.197 seconds
[2024-10-08T18:06:24.806+0900] {processor.py:186} INFO - Started process (PID=27762) to work on /Users/alookso/1007MLpj/myenv/lib/python3.10/site-packages/airflow/example_dags/example_skip_dag.py
[2024-10-08T18:06:24.806+0900] {processor.py:914} INFO - Processing file /Users/alookso/1007MLpj/myenv/lib/python3.10/site-packages/airflow/example_dags/example_skip_dag.py for tasks to queue
[2024-10-08T18:06:24.807+0900] {logging_mixin.py:190} INFO - [2024-10-08T18:06:24.807+0900] {dagbag.py:588} INFO - Filling up the DagBag from /Users/alookso/1007MLpj/myenv/lib/python3.10/site-packages/airflow/example_dags/example_skip_dag.py
[2024-10-08T18:06:24.816+0900] {processor.py:925} INFO - DAG(s) 'example_skip_dag' retrieved from /Users/alookso/1007MLpj/myenv/lib/python3.10/site-packages/airflow/example_dags/example_skip_dag.py
[2024-10-08T18:06:24.952+0900] {logging_mixin.py:190} INFO - [2024-10-08T18:06:24.952+0900] {dag.py:3239} INFO - Sync 1 DAGs
[2024-10-08T18:06:24.974+0900] {logging_mixin.py:190} INFO - [2024-10-08T18:06:24.974+0900] {dag.py:4180} INFO - Setting next_dagrun for example_skip_dag to 2024-10-07T00:00:00+00:00, run_after=2024-10-08T00:00:00+00:00
[2024-10-08T18:06:24.994+0900] {processor.py:208} INFO - Processing /Users/alookso/1007MLpj/myenv/lib/python3.10/site-packages/airflow/example_dags/example_skip_dag.py took 0.194 seconds
[2024-10-08T18:10:04.006+0900] {processor.py:186} INFO - Started process (PID=27858) to work on /Users/alookso/1007MLpj/myenv/lib/python3.10/site-packages/airflow/example_dags/example_skip_dag.py
[2024-10-08T18:10:04.007+0900] {processor.py:914} INFO - Processing file /Users/alookso/1007MLpj/myenv/lib/python3.10/site-packages/airflow/example_dags/example_skip_dag.py for tasks to queue
[2024-10-08T18:10:04.008+0900] {logging_mixin.py:190} INFO - [2024-10-08T18:10:04.008+0900] {dagbag.py:588} INFO - Filling up the DagBag from /Users/alookso/1007MLpj/myenv/lib/python3.10/site-packages/airflow/example_dags/example_skip_dag.py
[2024-10-08T18:10:04.017+0900] {processor.py:925} INFO - DAG(s) 'example_skip_dag' retrieved from /Users/alookso/1007MLpj/myenv/lib/python3.10/site-packages/airflow/example_dags/example_skip_dag.py
[2024-10-08T18:10:04.150+0900] {logging_mixin.py:190} INFO - [2024-10-08T18:10:04.150+0900] {dag.py:3239} INFO - Sync 1 DAGs
[2024-10-08T18:10:04.170+0900] {logging_mixin.py:190} INFO - [2024-10-08T18:10:04.170+0900] {dag.py:4180} INFO - Setting next_dagrun for example_skip_dag to 2024-10-07T00:00:00+00:00, run_after=2024-10-08T00:00:00+00:00
[2024-10-08T18:10:04.190+0900] {processor.py:208} INFO - Processing /Users/alookso/1007MLpj/myenv/lib/python3.10/site-packages/airflow/example_dags/example_skip_dag.py took 0.187 seconds
[2024-10-08T18:13:15.860+0900] {processor.py:186} INFO - Started process (PID=27959) to work on /Users/alookso/1007MLpj/myenv/lib/python3.10/site-packages/airflow/example_dags/example_skip_dag.py
[2024-10-08T18:13:15.861+0900] {processor.py:914} INFO - Processing file /Users/alookso/1007MLpj/myenv/lib/python3.10/site-packages/airflow/example_dags/example_skip_dag.py for tasks to queue
[2024-10-08T18:13:15.862+0900] {logging_mixin.py:190} INFO - [2024-10-08T18:13:15.862+0900] {dagbag.py:588} INFO - Filling up the DagBag from /Users/alookso/1007MLpj/myenv/lib/python3.10/site-packages/airflow/example_dags/example_skip_dag.py
[2024-10-08T18:13:15.871+0900] {processor.py:925} INFO - DAG(s) 'example_skip_dag' retrieved from /Users/alookso/1007MLpj/myenv/lib/python3.10/site-packages/airflow/example_dags/example_skip_dag.py
[2024-10-08T18:13:16.003+0900] {logging_mixin.py:190} INFO - [2024-10-08T18:13:16.003+0900] {dag.py:3239} INFO - Sync 1 DAGs
[2024-10-08T18:13:16.024+0900] {logging_mixin.py:190} INFO - [2024-10-08T18:13:16.024+0900] {dag.py:4180} INFO - Setting next_dagrun for example_skip_dag to 2024-10-07T00:00:00+00:00, run_after=2024-10-08T00:00:00+00:00
[2024-10-08T18:13:16.044+0900] {processor.py:208} INFO - Processing /Users/alookso/1007MLpj/myenv/lib/python3.10/site-packages/airflow/example_dags/example_skip_dag.py took 0.189 seconds
[2024-10-08T18:16:24.805+0900] {processor.py:186} INFO - Started process (PID=28064) to work on /Users/alookso/1007MLpj/myenv/lib/python3.10/site-packages/airflow/example_dags/example_skip_dag.py
[2024-10-08T18:16:24.805+0900] {processor.py:914} INFO - Processing file /Users/alookso/1007MLpj/myenv/lib/python3.10/site-packages/airflow/example_dags/example_skip_dag.py for tasks to queue
[2024-10-08T18:16:24.806+0900] {logging_mixin.py:190} INFO - [2024-10-08T18:16:24.806+0900] {dagbag.py:588} INFO - Filling up the DagBag from /Users/alookso/1007MLpj/myenv/lib/python3.10/site-packages/airflow/example_dags/example_skip_dag.py
[2024-10-08T18:16:24.815+0900] {processor.py:925} INFO - DAG(s) 'example_skip_dag' retrieved from /Users/alookso/1007MLpj/myenv/lib/python3.10/site-packages/airflow/example_dags/example_skip_dag.py
[2024-10-08T18:16:24.950+0900] {logging_mixin.py:190} INFO - [2024-10-08T18:16:24.950+0900] {dag.py:3239} INFO - Sync 1 DAGs
[2024-10-08T18:16:24.971+0900] {logging_mixin.py:190} INFO - [2024-10-08T18:16:24.971+0900] {dag.py:4180} INFO - Setting next_dagrun for example_skip_dag to 2024-10-07T00:00:00+00:00, run_after=2024-10-08T00:00:00+00:00
[2024-10-08T18:16:24.990+0900] {processor.py:208} INFO - Processing /Users/alookso/1007MLpj/myenv/lib/python3.10/site-packages/airflow/example_dags/example_skip_dag.py took 0.190 seconds
[2024-10-08T18:19:36.324+0900] {processor.py:186} INFO - Started process (PID=28154) to work on /Users/alookso/1007MLpj/myenv/lib/python3.10/site-packages/airflow/example_dags/example_skip_dag.py
[2024-10-08T18:19:36.325+0900] {processor.py:914} INFO - Processing file /Users/alookso/1007MLpj/myenv/lib/python3.10/site-packages/airflow/example_dags/example_skip_dag.py for tasks to queue
[2024-10-08T18:19:36.327+0900] {logging_mixin.py:190} INFO - [2024-10-08T18:19:36.326+0900] {dagbag.py:588} INFO - Filling up the DagBag from /Users/alookso/1007MLpj/myenv/lib/python3.10/site-packages/airflow/example_dags/example_skip_dag.py
[2024-10-08T18:19:36.335+0900] {processor.py:925} INFO - DAG(s) 'example_skip_dag' retrieved from /Users/alookso/1007MLpj/myenv/lib/python3.10/site-packages/airflow/example_dags/example_skip_dag.py
[2024-10-08T18:19:36.470+0900] {logging_mixin.py:190} INFO - [2024-10-08T18:19:36.470+0900] {dag.py:3239} INFO - Sync 1 DAGs
[2024-10-08T18:19:36.491+0900] {logging_mixin.py:190} INFO - [2024-10-08T18:19:36.490+0900] {dag.py:4180} INFO - Setting next_dagrun for example_skip_dag to 2024-10-07T00:00:00+00:00, run_after=2024-10-08T00:00:00+00:00
[2024-10-08T18:19:36.510+0900] {processor.py:208} INFO - Processing /Users/alookso/1007MLpj/myenv/lib/python3.10/site-packages/airflow/example_dags/example_skip_dag.py took 0.191 seconds
[2024-10-08T18:33:21.906+0900] {processor.py:186} INFO - Started process (PID=28717) to work on /Users/alookso/1007MLpj/myenv/lib/python3.10/site-packages/airflow/example_dags/example_skip_dag.py
[2024-10-08T18:33:21.907+0900] {processor.py:914} INFO - Processing file /Users/alookso/1007MLpj/myenv/lib/python3.10/site-packages/airflow/example_dags/example_skip_dag.py for tasks to queue
[2024-10-08T18:33:21.907+0900] {logging_mixin.py:190} INFO - [2024-10-08T18:33:21.907+0900] {dagbag.py:588} INFO - Filling up the DagBag from /Users/alookso/1007MLpj/myenv/lib/python3.10/site-packages/airflow/example_dags/example_skip_dag.py
[2024-10-08T18:33:21.916+0900] {processor.py:925} INFO - DAG(s) 'example_skip_dag' retrieved from /Users/alookso/1007MLpj/myenv/lib/python3.10/site-packages/airflow/example_dags/example_skip_dag.py
[2024-10-08T18:33:22.049+0900] {logging_mixin.py:190} INFO - [2024-10-08T18:33:22.048+0900] {dag.py:3239} INFO - Sync 1 DAGs
[2024-10-08T18:33:22.069+0900] {logging_mixin.py:190} INFO - [2024-10-08T18:33:22.069+0900] {dag.py:4180} INFO - Setting next_dagrun for example_skip_dag to 2024-10-07T00:00:00+00:00, run_after=2024-10-08T00:00:00+00:00
[2024-10-08T18:33:22.089+0900] {processor.py:208} INFO - Processing /Users/alookso/1007MLpj/myenv/lib/python3.10/site-packages/airflow/example_dags/example_skip_dag.py took 0.188 seconds
[2024-10-08T18:46:55.612+0900] {processor.py:186} INFO - Started process (PID=29266) to work on /Users/alookso/1007MLpj/myenv/lib/python3.10/site-packages/airflow/example_dags/example_skip_dag.py
[2024-10-08T18:46:55.613+0900] {processor.py:914} INFO - Processing file /Users/alookso/1007MLpj/myenv/lib/python3.10/site-packages/airflow/example_dags/example_skip_dag.py for tasks to queue
[2024-10-08T18:46:55.614+0900] {logging_mixin.py:190} INFO - [2024-10-08T18:46:55.614+0900] {dagbag.py:588} INFO - Filling up the DagBag from /Users/alookso/1007MLpj/myenv/lib/python3.10/site-packages/airflow/example_dags/example_skip_dag.py
[2024-10-08T18:46:55.624+0900] {processor.py:925} INFO - DAG(s) 'example_skip_dag' retrieved from /Users/alookso/1007MLpj/myenv/lib/python3.10/site-packages/airflow/example_dags/example_skip_dag.py
[2024-10-08T18:46:55.755+0900] {logging_mixin.py:190} INFO - [2024-10-08T18:46:55.755+0900] {dag.py:3239} INFO - Sync 1 DAGs
[2024-10-08T18:46:55.776+0900] {logging_mixin.py:190} INFO - [2024-10-08T18:46:55.776+0900] {dag.py:4180} INFO - Setting next_dagrun for example_skip_dag to 2024-10-07T00:00:00+00:00, run_after=2024-10-08T00:00:00+00:00
[2024-10-08T18:46:55.795+0900] {processor.py:208} INFO - Processing /Users/alookso/1007MLpj/myenv/lib/python3.10/site-packages/airflow/example_dags/example_skip_dag.py took 0.188 seconds
