[2024-10-08T14:45:43.130+0900] {processor.py:186} INFO - Started process (PID=22290) to work on /Users/alookso/1007MLpj/myenv/lib/python3.10/site-packages/airflow/example_dags/example_dynamic_task_mapping.py
[2024-10-08T14:45:43.131+0900] {processor.py:914} INFO - Processing file /Users/alookso/1007MLpj/myenv/lib/python3.10/site-packages/airflow/example_dags/example_dynamic_task_mapping.py for tasks to queue
[2024-10-08T14:45:43.131+0900] {logging_mixin.py:190} INFO - [2024-10-08T14:45:43.131+0900] {dagbag.py:588} INFO - Filling up the DagBag from /Users/alookso/1007MLpj/myenv/lib/python3.10/site-packages/airflow/example_dags/example_dynamic_task_mapping.py
[2024-10-08T14:45:43.174+0900] {processor.py:925} INFO - DAG(s) 'example_dynamic_task_mapping' retrieved from /Users/alookso/1007MLpj/myenv/lib/python3.10/site-packages/airflow/example_dags/example_dynamic_task_mapping.py
[2024-10-08T14:45:43.414+0900] {logging_mixin.py:190} INFO - [2024-10-08T14:45:43.414+0900] {override.py:1901} INFO - Created Permission View: can edit on DAG:example_dynamic_task_mapping
[2024-10-08T14:45:43.425+0900] {logging_mixin.py:190} INFO - [2024-10-08T14:45:43.425+0900] {override.py:1901} INFO - Created Permission View: can delete on DAG:example_dynamic_task_mapping
[2024-10-08T14:45:43.433+0900] {logging_mixin.py:190} INFO - [2024-10-08T14:45:43.432+0900] {override.py:1901} INFO - Created Permission View: can read on DAG:example_dynamic_task_mapping
[2024-10-08T14:45:43.442+0900] {logging_mixin.py:190} INFO - [2024-10-08T14:45:43.442+0900] {override.py:1901} INFO - Created Permission View: can create on DAG Run:example_dynamic_task_mapping
[2024-10-08T14:45:43.450+0900] {logging_mixin.py:190} INFO - [2024-10-08T14:45:43.449+0900] {override.py:1901} INFO - Created Permission View: can delete on DAG Run:example_dynamic_task_mapping
[2024-10-08T14:45:43.457+0900] {logging_mixin.py:190} INFO - [2024-10-08T14:45:43.457+0900] {override.py:1901} INFO - Created Permission View: menu access on DAG Run:example_dynamic_task_mapping
[2024-10-08T14:45:43.465+0900] {logging_mixin.py:190} INFO - [2024-10-08T14:45:43.464+0900] {override.py:1901} INFO - Created Permission View: can read on DAG Run:example_dynamic_task_mapping
[2024-10-08T14:45:43.465+0900] {logging_mixin.py:190} INFO - [2024-10-08T14:45:43.465+0900] {dag.py:3239} INFO - Sync 1 DAGs
[2024-10-08T14:45:43.479+0900] {logging_mixin.py:190} INFO - [2024-10-08T14:45:43.479+0900] {dag.py:3262} INFO - Creating ORM DAG for example_dynamic_task_mapping
[2024-10-08T14:45:43.480+0900] {logging_mixin.py:190} INFO - [2024-10-08T14:45:43.480+0900] {dag.py:4180} INFO - Setting next_dagrun for example_dynamic_task_mapping to None, run_after=None
[2024-10-08T14:45:43.497+0900] {processor.py:208} INFO - Processing /Users/alookso/1007MLpj/myenv/lib/python3.10/site-packages/airflow/example_dags/example_dynamic_task_mapping.py took 0.372 seconds
[2024-10-08T14:49:24.189+0900] {processor.py:186} INFO - Started process (PID=22383) to work on /Users/alookso/1007MLpj/myenv/lib/python3.10/site-packages/airflow/example_dags/example_dynamic_task_mapping.py
[2024-10-08T14:49:24.190+0900] {processor.py:914} INFO - Processing file /Users/alookso/1007MLpj/myenv/lib/python3.10/site-packages/airflow/example_dags/example_dynamic_task_mapping.py for tasks to queue
[2024-10-08T14:49:24.191+0900] {logging_mixin.py:190} INFO - [2024-10-08T14:49:24.191+0900] {dagbag.py:588} INFO - Filling up the DagBag from /Users/alookso/1007MLpj/myenv/lib/python3.10/site-packages/airflow/example_dags/example_dynamic_task_mapping.py
[2024-10-08T14:49:24.233+0900] {processor.py:925} INFO - DAG(s) 'example_dynamic_task_mapping' retrieved from /Users/alookso/1007MLpj/myenv/lib/python3.10/site-packages/airflow/example_dags/example_dynamic_task_mapping.py
[2024-10-08T14:49:24.364+0900] {logging_mixin.py:190} INFO - [2024-10-08T14:49:24.363+0900] {dag.py:3239} INFO - Sync 1 DAGs
[2024-10-08T14:49:24.377+0900] {logging_mixin.py:190} INFO - [2024-10-08T14:49:24.376+0900] {dag.py:4180} INFO - Setting next_dagrun for example_dynamic_task_mapping to None, run_after=None
[2024-10-08T14:49:24.396+0900] {processor.py:208} INFO - Processing /Users/alookso/1007MLpj/myenv/lib/python3.10/site-packages/airflow/example_dags/example_dynamic_task_mapping.py took 0.212 seconds
[2024-10-08T14:55:38.916+0900] {processor.py:186} INFO - Started process (PID=22601) to work on /Users/alookso/1007MLpj/myenv/lib/python3.10/site-packages/airflow/example_dags/example_dynamic_task_mapping.py
[2024-10-08T14:55:38.917+0900] {processor.py:914} INFO - Processing file /Users/alookso/1007MLpj/myenv/lib/python3.10/site-packages/airflow/example_dags/example_dynamic_task_mapping.py for tasks to queue
[2024-10-08T14:55:38.918+0900] {logging_mixin.py:190} INFO - [2024-10-08T14:55:38.918+0900] {dagbag.py:588} INFO - Filling up the DagBag from /Users/alookso/1007MLpj/myenv/lib/python3.10/site-packages/airflow/example_dags/example_dynamic_task_mapping.py
[2024-10-08T14:55:38.963+0900] {processor.py:925} INFO - DAG(s) 'example_dynamic_task_mapping' retrieved from /Users/alookso/1007MLpj/myenv/lib/python3.10/site-packages/airflow/example_dags/example_dynamic_task_mapping.py
[2024-10-08T14:55:39.105+0900] {logging_mixin.py:190} INFO - [2024-10-08T14:55:39.104+0900] {dag.py:3239} INFO - Sync 1 DAGs
[2024-10-08T14:55:39.118+0900] {logging_mixin.py:190} INFO - [2024-10-08T14:55:39.118+0900] {dag.py:4180} INFO - Setting next_dagrun for example_dynamic_task_mapping to None, run_after=None
[2024-10-08T14:55:39.139+0900] {processor.py:208} INFO - Processing /Users/alookso/1007MLpj/myenv/lib/python3.10/site-packages/airflow/example_dags/example_dynamic_task_mapping.py took 0.228 seconds
[2024-10-08T15:01:58.068+0900] {processor.py:186} INFO - Started process (PID=22805) to work on /Users/alookso/1007MLpj/myenv/lib/python3.10/site-packages/airflow/example_dags/example_dynamic_task_mapping.py
[2024-10-08T15:01:58.069+0900] {processor.py:914} INFO - Processing file /Users/alookso/1007MLpj/myenv/lib/python3.10/site-packages/airflow/example_dags/example_dynamic_task_mapping.py for tasks to queue
[2024-10-08T15:01:58.070+0900] {logging_mixin.py:190} INFO - [2024-10-08T15:01:58.069+0900] {dagbag.py:588} INFO - Filling up the DagBag from /Users/alookso/1007MLpj/myenv/lib/python3.10/site-packages/airflow/example_dags/example_dynamic_task_mapping.py
[2024-10-08T15:01:58.110+0900] {processor.py:925} INFO - DAG(s) 'example_dynamic_task_mapping' retrieved from /Users/alookso/1007MLpj/myenv/lib/python3.10/site-packages/airflow/example_dags/example_dynamic_task_mapping.py
[2024-10-08T15:01:58.240+0900] {logging_mixin.py:190} INFO - [2024-10-08T15:01:58.240+0900] {dag.py:3239} INFO - Sync 1 DAGs
[2024-10-08T15:01:58.253+0900] {logging_mixin.py:190} INFO - [2024-10-08T15:01:58.253+0900] {dag.py:4180} INFO - Setting next_dagrun for example_dynamic_task_mapping to None, run_after=None
[2024-10-08T15:01:58.272+0900] {processor.py:208} INFO - Processing /Users/alookso/1007MLpj/myenv/lib/python3.10/site-packages/airflow/example_dags/example_dynamic_task_mapping.py took 0.210 seconds
[2024-10-08T15:08:09.421+0900] {processor.py:186} INFO - Started process (PID=22997) to work on /Users/alookso/1007MLpj/myenv/lib/python3.10/site-packages/airflow/example_dags/example_dynamic_task_mapping.py
[2024-10-08T15:08:09.422+0900] {processor.py:914} INFO - Processing file /Users/alookso/1007MLpj/myenv/lib/python3.10/site-packages/airflow/example_dags/example_dynamic_task_mapping.py for tasks to queue
[2024-10-08T15:08:09.423+0900] {logging_mixin.py:190} INFO - [2024-10-08T15:08:09.423+0900] {dagbag.py:588} INFO - Filling up the DagBag from /Users/alookso/1007MLpj/myenv/lib/python3.10/site-packages/airflow/example_dags/example_dynamic_task_mapping.py
[2024-10-08T15:08:09.464+0900] {processor.py:925} INFO - DAG(s) 'example_dynamic_task_mapping' retrieved from /Users/alookso/1007MLpj/myenv/lib/python3.10/site-packages/airflow/example_dags/example_dynamic_task_mapping.py
[2024-10-08T15:08:09.597+0900] {logging_mixin.py:190} INFO - [2024-10-08T15:08:09.597+0900] {dag.py:3239} INFO - Sync 1 DAGs
[2024-10-08T15:08:09.611+0900] {logging_mixin.py:190} INFO - [2024-10-08T15:08:09.611+0900] {dag.py:4180} INFO - Setting next_dagrun for example_dynamic_task_mapping to None, run_after=None
[2024-10-08T15:08:09.633+0900] {processor.py:208} INFO - Processing /Users/alookso/1007MLpj/myenv/lib/python3.10/site-packages/airflow/example_dags/example_dynamic_task_mapping.py took 0.216 seconds
[2024-10-08T15:14:08.314+0900] {processor.py:186} INFO - Started process (PID=23188) to work on /Users/alookso/1007MLpj/myenv/lib/python3.10/site-packages/airflow/example_dags/example_dynamic_task_mapping.py
[2024-10-08T15:14:08.314+0900] {processor.py:914} INFO - Processing file /Users/alookso/1007MLpj/myenv/lib/python3.10/site-packages/airflow/example_dags/example_dynamic_task_mapping.py for tasks to queue
[2024-10-08T15:14:08.315+0900] {logging_mixin.py:190} INFO - [2024-10-08T15:14:08.315+0900] {dagbag.py:588} INFO - Filling up the DagBag from /Users/alookso/1007MLpj/myenv/lib/python3.10/site-packages/airflow/example_dags/example_dynamic_task_mapping.py
[2024-10-08T15:14:08.355+0900] {processor.py:925} INFO - DAG(s) 'example_dynamic_task_mapping' retrieved from /Users/alookso/1007MLpj/myenv/lib/python3.10/site-packages/airflow/example_dags/example_dynamic_task_mapping.py
[2024-10-08T15:14:08.482+0900] {logging_mixin.py:190} INFO - [2024-10-08T15:14:08.482+0900] {dag.py:3239} INFO - Sync 1 DAGs
[2024-10-08T15:14:08.495+0900] {logging_mixin.py:190} INFO - [2024-10-08T15:14:08.494+0900] {dag.py:4180} INFO - Setting next_dagrun for example_dynamic_task_mapping to None, run_after=None
[2024-10-08T15:14:08.513+0900] {processor.py:208} INFO - Processing /Users/alookso/1007MLpj/myenv/lib/python3.10/site-packages/airflow/example_dags/example_dynamic_task_mapping.py took 0.204 seconds
[2024-10-08T15:20:22.579+0900] {processor.py:186} INFO - Started process (PID=23377) to work on /Users/alookso/1007MLpj/myenv/lib/python3.10/site-packages/airflow/example_dags/example_dynamic_task_mapping.py
[2024-10-08T15:20:22.580+0900] {processor.py:914} INFO - Processing file /Users/alookso/1007MLpj/myenv/lib/python3.10/site-packages/airflow/example_dags/example_dynamic_task_mapping.py for tasks to queue
[2024-10-08T15:20:22.581+0900] {logging_mixin.py:190} INFO - [2024-10-08T15:20:22.581+0900] {dagbag.py:588} INFO - Filling up the DagBag from /Users/alookso/1007MLpj/myenv/lib/python3.10/site-packages/airflow/example_dags/example_dynamic_task_mapping.py
[2024-10-08T15:20:22.622+0900] {processor.py:925} INFO - DAG(s) 'example_dynamic_task_mapping' retrieved from /Users/alookso/1007MLpj/myenv/lib/python3.10/site-packages/airflow/example_dags/example_dynamic_task_mapping.py
[2024-10-08T15:20:22.752+0900] {logging_mixin.py:190} INFO - [2024-10-08T15:20:22.751+0900] {dag.py:3239} INFO - Sync 1 DAGs
[2024-10-08T15:20:22.764+0900] {logging_mixin.py:190} INFO - [2024-10-08T15:20:22.764+0900] {dag.py:4180} INFO - Setting next_dagrun for example_dynamic_task_mapping to None, run_after=None
[2024-10-08T15:20:22.783+0900] {processor.py:208} INFO - Processing /Users/alookso/1007MLpj/myenv/lib/python3.10/site-packages/airflow/example_dags/example_dynamic_task_mapping.py took 0.208 seconds
[2024-10-08T15:26:30.907+0900] {processor.py:186} INFO - Started process (PID=23555) to work on /Users/alookso/1007MLpj/myenv/lib/python3.10/site-packages/airflow/example_dags/example_dynamic_task_mapping.py
[2024-10-08T15:26:30.908+0900] {processor.py:914} INFO - Processing file /Users/alookso/1007MLpj/myenv/lib/python3.10/site-packages/airflow/example_dags/example_dynamic_task_mapping.py for tasks to queue
[2024-10-08T15:26:30.909+0900] {logging_mixin.py:190} INFO - [2024-10-08T15:26:30.909+0900] {dagbag.py:588} INFO - Filling up the DagBag from /Users/alookso/1007MLpj/myenv/lib/python3.10/site-packages/airflow/example_dags/example_dynamic_task_mapping.py
[2024-10-08T15:26:30.950+0900] {processor.py:925} INFO - DAG(s) 'example_dynamic_task_mapping' retrieved from /Users/alookso/1007MLpj/myenv/lib/python3.10/site-packages/airflow/example_dags/example_dynamic_task_mapping.py
[2024-10-08T15:26:31.082+0900] {logging_mixin.py:190} INFO - [2024-10-08T15:26:31.082+0900] {dag.py:3239} INFO - Sync 1 DAGs
[2024-10-08T15:26:31.095+0900] {logging_mixin.py:190} INFO - [2024-10-08T15:26:31.095+0900] {dag.py:4180} INFO - Setting next_dagrun for example_dynamic_task_mapping to None, run_after=None
[2024-10-08T15:26:31.114+0900] {processor.py:208} INFO - Processing /Users/alookso/1007MLpj/myenv/lib/python3.10/site-packages/airflow/example_dags/example_dynamic_task_mapping.py took 0.212 seconds
[2024-10-08T15:32:33.469+0900] {processor.py:186} INFO - Started process (PID=23779) to work on /Users/alookso/1007MLpj/myenv/lib/python3.10/site-packages/airflow/example_dags/example_dynamic_task_mapping.py
[2024-10-08T15:32:33.470+0900] {processor.py:914} INFO - Processing file /Users/alookso/1007MLpj/myenv/lib/python3.10/site-packages/airflow/example_dags/example_dynamic_task_mapping.py for tasks to queue
[2024-10-08T15:32:33.471+0900] {logging_mixin.py:190} INFO - [2024-10-08T15:32:33.470+0900] {dagbag.py:588} INFO - Filling up the DagBag from /Users/alookso/1007MLpj/myenv/lib/python3.10/site-packages/airflow/example_dags/example_dynamic_task_mapping.py
[2024-10-08T15:32:33.512+0900] {processor.py:925} INFO - DAG(s) 'example_dynamic_task_mapping' retrieved from /Users/alookso/1007MLpj/myenv/lib/python3.10/site-packages/airflow/example_dags/example_dynamic_task_mapping.py
[2024-10-08T15:32:33.644+0900] {logging_mixin.py:190} INFO - [2024-10-08T15:32:33.644+0900] {dag.py:3239} INFO - Sync 1 DAGs
[2024-10-08T15:32:33.658+0900] {logging_mixin.py:190} INFO - [2024-10-08T15:32:33.657+0900] {dag.py:4180} INFO - Setting next_dagrun for example_dynamic_task_mapping to None, run_after=None
[2024-10-08T15:32:33.677+0900] {processor.py:208} INFO - Processing /Users/alookso/1007MLpj/myenv/lib/python3.10/site-packages/airflow/example_dags/example_dynamic_task_mapping.py took 0.213 seconds
[2024-10-08T16:38:00.902+0900] {processor.py:186} INFO - Started process (PID=25069) to work on /Users/alookso/1007MLpj/myenv/lib/python3.10/site-packages/airflow/example_dags/example_dynamic_task_mapping.py
[2024-10-08T16:38:00.903+0900] {processor.py:914} INFO - Processing file /Users/alookso/1007MLpj/myenv/lib/python3.10/site-packages/airflow/example_dags/example_dynamic_task_mapping.py for tasks to queue
[2024-10-08T16:38:00.903+0900] {logging_mixin.py:190} INFO - [2024-10-08T16:38:00.903+0900] {dagbag.py:588} INFO - Filling up the DagBag from /Users/alookso/1007MLpj/myenv/lib/python3.10/site-packages/airflow/example_dags/example_dynamic_task_mapping.py
[2024-10-08T16:38:00.945+0900] {processor.py:925} INFO - DAG(s) 'example_dynamic_task_mapping' retrieved from /Users/alookso/1007MLpj/myenv/lib/python3.10/site-packages/airflow/example_dags/example_dynamic_task_mapping.py
[2024-10-08T16:38:01.072+0900] {logging_mixin.py:190} INFO - [2024-10-08T16:38:01.071+0900] {dag.py:3239} INFO - Sync 1 DAGs
[2024-10-08T16:38:01.084+0900] {logging_mixin.py:190} INFO - [2024-10-08T16:38:01.084+0900] {dag.py:4180} INFO - Setting next_dagrun for example_dynamic_task_mapping to None, run_after=None
[2024-10-08T16:38:01.103+0900] {processor.py:208} INFO - Processing /Users/alookso/1007MLpj/myenv/lib/python3.10/site-packages/airflow/example_dags/example_dynamic_task_mapping.py took 0.205 seconds
[2024-10-08T17:29:37.681+0900] {processor.py:186} INFO - Started process (PID=26447) to work on /Users/alookso/1007MLpj/myenv/lib/python3.10/site-packages/airflow/example_dags/example_dynamic_task_mapping.py
[2024-10-08T17:29:37.682+0900] {processor.py:914} INFO - Processing file /Users/alookso/1007MLpj/myenv/lib/python3.10/site-packages/airflow/example_dags/example_dynamic_task_mapping.py for tasks to queue
[2024-10-08T17:29:37.683+0900] {logging_mixin.py:190} INFO - [2024-10-08T17:29:37.683+0900] {dagbag.py:588} INFO - Filling up the DagBag from /Users/alookso/1007MLpj/myenv/lib/python3.10/site-packages/airflow/example_dags/example_dynamic_task_mapping.py
[2024-10-08T17:29:37.729+0900] {processor.py:925} INFO - DAG(s) 'example_dynamic_task_mapping' retrieved from /Users/alookso/1007MLpj/myenv/lib/python3.10/site-packages/airflow/example_dags/example_dynamic_task_mapping.py
[2024-10-08T17:29:37.925+0900] {logging_mixin.py:190} INFO - [2024-10-08T17:29:37.925+0900] {dag.py:3239} INFO - Sync 1 DAGs
[2024-10-08T17:29:37.941+0900] {logging_mixin.py:190} INFO - [2024-10-08T17:29:37.940+0900] {dag.py:4180} INFO - Setting next_dagrun for example_dynamic_task_mapping to None, run_after=None
[2024-10-08T17:29:37.963+0900] {processor.py:208} INFO - Processing /Users/alookso/1007MLpj/myenv/lib/python3.10/site-packages/airflow/example_dags/example_dynamic_task_mapping.py took 0.289 seconds
[2024-10-08T17:56:44.006+0900] {processor.py:186} INFO - Started process (PID=27362) to work on /Users/alookso/1007MLpj/myenv/lib/python3.10/site-packages/airflow/example_dags/example_dynamic_task_mapping.py
[2024-10-08T17:56:44.007+0900] {processor.py:914} INFO - Processing file /Users/alookso/1007MLpj/myenv/lib/python3.10/site-packages/airflow/example_dags/example_dynamic_task_mapping.py for tasks to queue
[2024-10-08T17:56:44.008+0900] {logging_mixin.py:190} INFO - [2024-10-08T17:56:44.008+0900] {dagbag.py:588} INFO - Filling up the DagBag from /Users/alookso/1007MLpj/myenv/lib/python3.10/site-packages/airflow/example_dags/example_dynamic_task_mapping.py
[2024-10-08T17:56:44.049+0900] {processor.py:925} INFO - DAG(s) 'example_dynamic_task_mapping' retrieved from /Users/alookso/1007MLpj/myenv/lib/python3.10/site-packages/airflow/example_dags/example_dynamic_task_mapping.py
[2024-10-08T17:56:44.177+0900] {logging_mixin.py:190} INFO - [2024-10-08T17:56:44.177+0900] {dag.py:3239} INFO - Sync 1 DAGs
[2024-10-08T17:56:44.190+0900] {logging_mixin.py:190} INFO - [2024-10-08T17:56:44.190+0900] {dag.py:4180} INFO - Setting next_dagrun for example_dynamic_task_mapping to None, run_after=None
[2024-10-08T17:56:44.209+0900] {processor.py:208} INFO - Processing /Users/alookso/1007MLpj/myenv/lib/python3.10/site-packages/airflow/example_dags/example_dynamic_task_mapping.py took 0.207 seconds
[2024-10-08T18:01:34.024+0900] {processor.py:186} INFO - Started process (PID=27569) to work on /Users/alookso/1007MLpj/myenv/lib/python3.10/site-packages/airflow/example_dags/example_dynamic_task_mapping.py
[2024-10-08T18:01:34.024+0900] {processor.py:914} INFO - Processing file /Users/alookso/1007MLpj/myenv/lib/python3.10/site-packages/airflow/example_dags/example_dynamic_task_mapping.py for tasks to queue
[2024-10-08T18:01:34.025+0900] {logging_mixin.py:190} INFO - [2024-10-08T18:01:34.025+0900] {dagbag.py:588} INFO - Filling up the DagBag from /Users/alookso/1007MLpj/myenv/lib/python3.10/site-packages/airflow/example_dags/example_dynamic_task_mapping.py
[2024-10-08T18:01:34.067+0900] {processor.py:925} INFO - DAG(s) 'example_dynamic_task_mapping' retrieved from /Users/alookso/1007MLpj/myenv/lib/python3.10/site-packages/airflow/example_dags/example_dynamic_task_mapping.py
[2024-10-08T18:01:34.196+0900] {logging_mixin.py:190} INFO - [2024-10-08T18:01:34.196+0900] {dag.py:3239} INFO - Sync 1 DAGs
[2024-10-08T18:01:34.209+0900] {logging_mixin.py:190} INFO - [2024-10-08T18:01:34.208+0900] {dag.py:4180} INFO - Setting next_dagrun for example_dynamic_task_mapping to None, run_after=None
[2024-10-08T18:01:34.227+0900] {processor.py:208} INFO - Processing /Users/alookso/1007MLpj/myenv/lib/python3.10/site-packages/airflow/example_dags/example_dynamic_task_mapping.py took 0.208 seconds
[2024-10-08T18:07:41.637+0900] {processor.py:186} INFO - Started process (PID=27794) to work on /Users/alookso/1007MLpj/myenv/lib/python3.10/site-packages/airflow/example_dags/example_dynamic_task_mapping.py
[2024-10-08T18:07:41.638+0900] {processor.py:914} INFO - Processing file /Users/alookso/1007MLpj/myenv/lib/python3.10/site-packages/airflow/example_dags/example_dynamic_task_mapping.py for tasks to queue
[2024-10-08T18:07:41.639+0900] {logging_mixin.py:190} INFO - [2024-10-08T18:07:41.639+0900] {dagbag.py:588} INFO - Filling up the DagBag from /Users/alookso/1007MLpj/myenv/lib/python3.10/site-packages/airflow/example_dags/example_dynamic_task_mapping.py
[2024-10-08T18:07:41.680+0900] {processor.py:925} INFO - DAG(s) 'example_dynamic_task_mapping' retrieved from /Users/alookso/1007MLpj/myenv/lib/python3.10/site-packages/airflow/example_dags/example_dynamic_task_mapping.py
[2024-10-08T18:07:41.812+0900] {logging_mixin.py:190} INFO - [2024-10-08T18:07:41.812+0900] {dag.py:3239} INFO - Sync 1 DAGs
[2024-10-08T18:07:41.825+0900] {logging_mixin.py:190} INFO - [2024-10-08T18:07:41.825+0900] {dag.py:4180} INFO - Setting next_dagrun for example_dynamic_task_mapping to None, run_after=None
[2024-10-08T18:07:41.844+0900] {processor.py:208} INFO - Processing /Users/alookso/1007MLpj/myenv/lib/python3.10/site-packages/airflow/example_dags/example_dynamic_task_mapping.py took 0.212 seconds
[2024-10-08T18:11:21.469+0900] {processor.py:186} INFO - Started process (PID=27907) to work on /Users/alookso/1007MLpj/myenv/lib/python3.10/site-packages/airflow/example_dags/example_dynamic_task_mapping.py
[2024-10-08T18:11:21.469+0900] {processor.py:914} INFO - Processing file /Users/alookso/1007MLpj/myenv/lib/python3.10/site-packages/airflow/example_dags/example_dynamic_task_mapping.py for tasks to queue
[2024-10-08T18:11:21.470+0900] {logging_mixin.py:190} INFO - [2024-10-08T18:11:21.470+0900] {dagbag.py:588} INFO - Filling up the DagBag from /Users/alookso/1007MLpj/myenv/lib/python3.10/site-packages/airflow/example_dags/example_dynamic_task_mapping.py
[2024-10-08T18:11:21.511+0900] {processor.py:925} INFO - DAG(s) 'example_dynamic_task_mapping' retrieved from /Users/alookso/1007MLpj/myenv/lib/python3.10/site-packages/airflow/example_dags/example_dynamic_task_mapping.py
[2024-10-08T18:11:21.638+0900] {logging_mixin.py:190} INFO - [2024-10-08T18:11:21.638+0900] {dag.py:3239} INFO - Sync 1 DAGs
[2024-10-08T18:11:21.651+0900] {logging_mixin.py:190} INFO - [2024-10-08T18:11:21.650+0900] {dag.py:4180} INFO - Setting next_dagrun for example_dynamic_task_mapping to None, run_after=None
[2024-10-08T18:11:21.670+0900] {processor.py:208} INFO - Processing /Users/alookso/1007MLpj/myenv/lib/python3.10/site-packages/airflow/example_dags/example_dynamic_task_mapping.py took 0.206 seconds
[2024-10-08T18:17:42.247+0900] {processor.py:186} INFO - Started process (PID=28098) to work on /Users/alookso/1007MLpj/myenv/lib/python3.10/site-packages/airflow/example_dags/example_dynamic_task_mapping.py
[2024-10-08T18:17:42.248+0900] {processor.py:914} INFO - Processing file /Users/alookso/1007MLpj/myenv/lib/python3.10/site-packages/airflow/example_dags/example_dynamic_task_mapping.py for tasks to queue
[2024-10-08T18:17:42.249+0900] {logging_mixin.py:190} INFO - [2024-10-08T18:17:42.249+0900] {dagbag.py:588} INFO - Filling up the DagBag from /Users/alookso/1007MLpj/myenv/lib/python3.10/site-packages/airflow/example_dags/example_dynamic_task_mapping.py
[2024-10-08T18:17:42.290+0900] {processor.py:925} INFO - DAG(s) 'example_dynamic_task_mapping' retrieved from /Users/alookso/1007MLpj/myenv/lib/python3.10/site-packages/airflow/example_dags/example_dynamic_task_mapping.py
[2024-10-08T18:17:42.418+0900] {logging_mixin.py:190} INFO - [2024-10-08T18:17:42.418+0900] {dag.py:3239} INFO - Sync 1 DAGs
[2024-10-08T18:17:42.431+0900] {logging_mixin.py:190} INFO - [2024-10-08T18:17:42.431+0900] {dag.py:4180} INFO - Setting next_dagrun for example_dynamic_task_mapping to None, run_after=None
[2024-10-08T18:17:42.450+0900] {processor.py:208} INFO - Processing /Users/alookso/1007MLpj/myenv/lib/python3.10/site-packages/airflow/example_dags/example_dynamic_task_mapping.py took 0.207 seconds
[2024-10-08T18:48:10.102+0900] {processor.py:186} INFO - Started process (PID=29295) to work on /Users/alookso/1007MLpj/myenv/lib/python3.10/site-packages/airflow/example_dags/example_dynamic_task_mapping.py
[2024-10-08T18:48:10.103+0900] {processor.py:914} INFO - Processing file /Users/alookso/1007MLpj/myenv/lib/python3.10/site-packages/airflow/example_dags/example_dynamic_task_mapping.py for tasks to queue
[2024-10-08T18:48:10.104+0900] {logging_mixin.py:190} INFO - [2024-10-08T18:48:10.103+0900] {dagbag.py:588} INFO - Filling up the DagBag from /Users/alookso/1007MLpj/myenv/lib/python3.10/site-packages/airflow/example_dags/example_dynamic_task_mapping.py
[2024-10-08T18:48:10.144+0900] {processor.py:925} INFO - DAG(s) 'example_dynamic_task_mapping' retrieved from /Users/alookso/1007MLpj/myenv/lib/python3.10/site-packages/airflow/example_dags/example_dynamic_task_mapping.py
[2024-10-08T18:48:10.271+0900] {logging_mixin.py:190} INFO - [2024-10-08T18:48:10.271+0900] {dag.py:3239} INFO - Sync 1 DAGs
[2024-10-08T18:48:10.284+0900] {logging_mixin.py:190} INFO - [2024-10-08T18:48:10.284+0900] {dag.py:4180} INFO - Setting next_dagrun for example_dynamic_task_mapping to None, run_after=None
[2024-10-08T18:48:10.302+0900] {processor.py:208} INFO - Processing /Users/alookso/1007MLpj/myenv/lib/python3.10/site-packages/airflow/example_dags/example_dynamic_task_mapping.py took 0.205 seconds
