[2024-10-08T14:46:27.258+0900] {processor.py:186} INFO - Started process (PID=22305) to work on /Users/alookso/1007MLpj/myenv/lib/python3.10/site-packages/airflow/example_dags/example_branch_day_of_week_operator.py
[2024-10-08T14:46:27.258+0900] {processor.py:914} INFO - Processing file /Users/alookso/1007MLpj/myenv/lib/python3.10/site-packages/airflow/example_dags/example_branch_day_of_week_operator.py for tasks to queue
[2024-10-08T14:46:27.259+0900] {logging_mixin.py:190} INFO - [2024-10-08T14:46:27.259+0900] {dagbag.py:588} INFO - Filling up the DagBag from /Users/alookso/1007MLpj/myenv/lib/python3.10/site-packages/airflow/example_dags/example_branch_day_of_week_operator.py
[2024-10-08T14:46:27.272+0900] {processor.py:925} INFO - DAG(s) 'example_weekday_branch_operator' retrieved from /Users/alookso/1007MLpj/myenv/lib/python3.10/site-packages/airflow/example_dags/example_branch_day_of_week_operator.py
[2024-10-08T14:46:27.519+0900] {logging_mixin.py:190} INFO - [2024-10-08T14:46:27.518+0900] {override.py:1901} INFO - Created Permission View: can read on DAG:example_weekday_branch_operator
[2024-10-08T14:46:27.529+0900] {logging_mixin.py:190} INFO - [2024-10-08T14:46:27.529+0900] {override.py:1901} INFO - Created Permission View: can edit on DAG:example_weekday_branch_operator
[2024-10-08T14:46:27.537+0900] {logging_mixin.py:190} INFO - [2024-10-08T14:46:27.537+0900] {override.py:1901} INFO - Created Permission View: can delete on DAG:example_weekday_branch_operator
[2024-10-08T14:46:27.548+0900] {logging_mixin.py:190} INFO - [2024-10-08T14:46:27.548+0900] {override.py:1901} INFO - Created Permission View: menu access on DAG Run:example_weekday_branch_operator
[2024-10-08T14:46:27.555+0900] {logging_mixin.py:190} INFO - [2024-10-08T14:46:27.555+0900] {override.py:1901} INFO - Created Permission View: can read on DAG Run:example_weekday_branch_operator
[2024-10-08T14:46:27.562+0900] {logging_mixin.py:190} INFO - [2024-10-08T14:46:27.562+0900] {override.py:1901} INFO - Created Permission View: can create on DAG Run:example_weekday_branch_operator
[2024-10-08T14:46:27.570+0900] {logging_mixin.py:190} INFO - [2024-10-08T14:46:27.570+0900] {override.py:1901} INFO - Created Permission View: can delete on DAG Run:example_weekday_branch_operator
[2024-10-08T14:46:27.571+0900] {logging_mixin.py:190} INFO - [2024-10-08T14:46:27.570+0900] {dag.py:3239} INFO - Sync 1 DAGs
[2024-10-08T14:46:27.585+0900] {logging_mixin.py:190} INFO - [2024-10-08T14:46:27.585+0900] {dag.py:3262} INFO - Creating ORM DAG for example_weekday_branch_operator
[2024-10-08T14:46:27.598+0900] {logging_mixin.py:190} INFO - [2024-10-08T14:46:27.598+0900] {dag.py:4180} INFO - Setting next_dagrun for example_weekday_branch_operator to 2024-10-07T00:00:00+00:00, run_after=2024-10-08T00:00:00+00:00
[2024-10-08T14:46:27.618+0900] {processor.py:208} INFO - Processing /Users/alookso/1007MLpj/myenv/lib/python3.10/site-packages/airflow/example_dags/example_branch_day_of_week_operator.py took 0.366 seconds
[2024-10-08T14:52:44.132+0900] {processor.py:186} INFO - Started process (PID=22480) to work on /Users/alookso/1007MLpj/myenv/lib/python3.10/site-packages/airflow/example_dags/example_branch_day_of_week_operator.py
[2024-10-08T14:52:44.133+0900] {processor.py:914} INFO - Processing file /Users/alookso/1007MLpj/myenv/lib/python3.10/site-packages/airflow/example_dags/example_branch_day_of_week_operator.py for tasks to queue
[2024-10-08T14:52:44.134+0900] {logging_mixin.py:190} INFO - [2024-10-08T14:52:44.134+0900] {dagbag.py:588} INFO - Filling up the DagBag from /Users/alookso/1007MLpj/myenv/lib/python3.10/site-packages/airflow/example_dags/example_branch_day_of_week_operator.py
[2024-10-08T14:52:44.146+0900] {processor.py:925} INFO - DAG(s) 'example_weekday_branch_operator' retrieved from /Users/alookso/1007MLpj/myenv/lib/python3.10/site-packages/airflow/example_dags/example_branch_day_of_week_operator.py
[2024-10-08T14:52:44.284+0900] {logging_mixin.py:190} INFO - [2024-10-08T14:52:44.284+0900] {dag.py:3239} INFO - Sync 1 DAGs
[2024-10-08T14:52:44.308+0900] {logging_mixin.py:190} INFO - [2024-10-08T14:52:44.308+0900] {dag.py:4180} INFO - Setting next_dagrun for example_weekday_branch_operator to 2024-10-07T00:00:00+00:00, run_after=2024-10-08T00:00:00+00:00
[2024-10-08T14:52:44.329+0900] {processor.py:208} INFO - Processing /Users/alookso/1007MLpj/myenv/lib/python3.10/site-packages/airflow/example_dags/example_branch_day_of_week_operator.py took 0.201 seconds
[2024-10-08T14:58:57.237+0900] {processor.py:186} INFO - Started process (PID=22709) to work on /Users/alookso/1007MLpj/myenv/lib/python3.10/site-packages/airflow/example_dags/example_branch_day_of_week_operator.py
[2024-10-08T14:58:57.238+0900] {processor.py:914} INFO - Processing file /Users/alookso/1007MLpj/myenv/lib/python3.10/site-packages/airflow/example_dags/example_branch_day_of_week_operator.py for tasks to queue
[2024-10-08T14:58:57.239+0900] {logging_mixin.py:190} INFO - [2024-10-08T14:58:57.239+0900] {dagbag.py:588} INFO - Filling up the DagBag from /Users/alookso/1007MLpj/myenv/lib/python3.10/site-packages/airflow/example_dags/example_branch_day_of_week_operator.py
[2024-10-08T14:58:57.253+0900] {processor.py:925} INFO - DAG(s) 'example_weekday_branch_operator' retrieved from /Users/alookso/1007MLpj/myenv/lib/python3.10/site-packages/airflow/example_dags/example_branch_day_of_week_operator.py
[2024-10-08T14:58:57.411+0900] {logging_mixin.py:190} INFO - [2024-10-08T14:58:57.410+0900] {dag.py:3239} INFO - Sync 1 DAGs
[2024-10-08T14:58:57.434+0900] {logging_mixin.py:190} INFO - [2024-10-08T14:58:57.434+0900] {dag.py:4180} INFO - Setting next_dagrun for example_weekday_branch_operator to 2024-10-07T00:00:00+00:00, run_after=2024-10-08T00:00:00+00:00
[2024-10-08T14:58:57.456+0900] {processor.py:208} INFO - Processing /Users/alookso/1007MLpj/myenv/lib/python3.10/site-packages/airflow/example_dags/example_branch_day_of_week_operator.py took 0.227 seconds
[2024-10-08T15:05:14.521+0900] {processor.py:186} INFO - Started process (PID=22893) to work on /Users/alookso/1007MLpj/myenv/lib/python3.10/site-packages/airflow/example_dags/example_branch_day_of_week_operator.py
[2024-10-08T15:05:14.521+0900] {processor.py:914} INFO - Processing file /Users/alookso/1007MLpj/myenv/lib/python3.10/site-packages/airflow/example_dags/example_branch_day_of_week_operator.py for tasks to queue
[2024-10-08T15:05:14.522+0900] {logging_mixin.py:190} INFO - [2024-10-08T15:05:14.522+0900] {dagbag.py:588} INFO - Filling up the DagBag from /Users/alookso/1007MLpj/myenv/lib/python3.10/site-packages/airflow/example_dags/example_branch_day_of_week_operator.py
[2024-10-08T15:05:14.535+0900] {processor.py:925} INFO - DAG(s) 'example_weekday_branch_operator' retrieved from /Users/alookso/1007MLpj/myenv/lib/python3.10/site-packages/airflow/example_dags/example_branch_day_of_week_operator.py
[2024-10-08T15:05:14.670+0900] {logging_mixin.py:190} INFO - [2024-10-08T15:05:14.670+0900] {dag.py:3239} INFO - Sync 1 DAGs
[2024-10-08T15:05:14.693+0900] {logging_mixin.py:190} INFO - [2024-10-08T15:05:14.693+0900] {dag.py:4180} INFO - Setting next_dagrun for example_weekday_branch_operator to 2024-10-07T00:00:00+00:00, run_after=2024-10-08T00:00:00+00:00
[2024-10-08T15:05:14.713+0900] {processor.py:208} INFO - Processing /Users/alookso/1007MLpj/myenv/lib/python3.10/site-packages/airflow/example_dags/example_branch_day_of_week_operator.py took 0.197 seconds
[2024-10-08T15:11:21.859+0900] {processor.py:186} INFO - Started process (PID=23114) to work on /Users/alookso/1007MLpj/myenv/lib/python3.10/site-packages/airflow/example_dags/example_branch_day_of_week_operator.py
[2024-10-08T15:11:21.860+0900] {processor.py:914} INFO - Processing file /Users/alookso/1007MLpj/myenv/lib/python3.10/site-packages/airflow/example_dags/example_branch_day_of_week_operator.py for tasks to queue
[2024-10-08T15:11:21.861+0900] {logging_mixin.py:190} INFO - [2024-10-08T15:11:21.861+0900] {dagbag.py:588} INFO - Filling up the DagBag from /Users/alookso/1007MLpj/myenv/lib/python3.10/site-packages/airflow/example_dags/example_branch_day_of_week_operator.py
[2024-10-08T15:11:21.873+0900] {processor.py:925} INFO - DAG(s) 'example_weekday_branch_operator' retrieved from /Users/alookso/1007MLpj/myenv/lib/python3.10/site-packages/airflow/example_dags/example_branch_day_of_week_operator.py
[2024-10-08T15:11:22.004+0900] {logging_mixin.py:190} INFO - [2024-10-08T15:11:22.004+0900] {dag.py:3239} INFO - Sync 1 DAGs
[2024-10-08T15:11:22.027+0900] {logging_mixin.py:190} INFO - [2024-10-08T15:11:22.027+0900] {dag.py:4180} INFO - Setting next_dagrun for example_weekday_branch_operator to 2024-10-07T00:00:00+00:00, run_after=2024-10-08T00:00:00+00:00
[2024-10-08T15:11:22.046+0900] {processor.py:208} INFO - Processing /Users/alookso/1007MLpj/myenv/lib/python3.10/site-packages/airflow/example_dags/example_branch_day_of_week_operator.py took 0.191 seconds
[2024-10-08T15:17:23.601+0900] {processor.py:186} INFO - Started process (PID=23284) to work on /Users/alookso/1007MLpj/myenv/lib/python3.10/site-packages/airflow/example_dags/example_branch_day_of_week_operator.py
[2024-10-08T15:17:23.602+0900] {processor.py:914} INFO - Processing file /Users/alookso/1007MLpj/myenv/lib/python3.10/site-packages/airflow/example_dags/example_branch_day_of_week_operator.py for tasks to queue
[2024-10-08T15:17:23.603+0900] {logging_mixin.py:190} INFO - [2024-10-08T15:17:23.603+0900] {dagbag.py:588} INFO - Filling up the DagBag from /Users/alookso/1007MLpj/myenv/lib/python3.10/site-packages/airflow/example_dags/example_branch_day_of_week_operator.py
[2024-10-08T15:17:23.615+0900] {processor.py:925} INFO - DAG(s) 'example_weekday_branch_operator' retrieved from /Users/alookso/1007MLpj/myenv/lib/python3.10/site-packages/airflow/example_dags/example_branch_day_of_week_operator.py
[2024-10-08T15:17:23.751+0900] {logging_mixin.py:190} INFO - [2024-10-08T15:17:23.750+0900] {dag.py:3239} INFO - Sync 1 DAGs
[2024-10-08T15:17:23.773+0900] {logging_mixin.py:190} INFO - [2024-10-08T15:17:23.773+0900] {dag.py:4180} INFO - Setting next_dagrun for example_weekday_branch_operator to 2024-10-07T00:00:00+00:00, run_after=2024-10-08T00:00:00+00:00
[2024-10-08T15:17:23.793+0900] {processor.py:208} INFO - Processing /Users/alookso/1007MLpj/myenv/lib/python3.10/site-packages/airflow/example_dags/example_branch_day_of_week_operator.py took 0.197 seconds
[2024-10-08T15:23:40.303+0900] {processor.py:186} INFO - Started process (PID=23478) to work on /Users/alookso/1007MLpj/myenv/lib/python3.10/site-packages/airflow/example_dags/example_branch_day_of_week_operator.py
[2024-10-08T15:23:40.304+0900] {processor.py:914} INFO - Processing file /Users/alookso/1007MLpj/myenv/lib/python3.10/site-packages/airflow/example_dags/example_branch_day_of_week_operator.py for tasks to queue
[2024-10-08T15:23:40.305+0900] {logging_mixin.py:190} INFO - [2024-10-08T15:23:40.304+0900] {dagbag.py:588} INFO - Filling up the DagBag from /Users/alookso/1007MLpj/myenv/lib/python3.10/site-packages/airflow/example_dags/example_branch_day_of_week_operator.py
[2024-10-08T15:23:40.316+0900] {processor.py:925} INFO - DAG(s) 'example_weekday_branch_operator' retrieved from /Users/alookso/1007MLpj/myenv/lib/python3.10/site-packages/airflow/example_dags/example_branch_day_of_week_operator.py
[2024-10-08T15:23:40.446+0900] {logging_mixin.py:190} INFO - [2024-10-08T15:23:40.445+0900] {dag.py:3239} INFO - Sync 1 DAGs
[2024-10-08T15:23:40.468+0900] {logging_mixin.py:190} INFO - [2024-10-08T15:23:40.467+0900] {dag.py:4180} INFO - Setting next_dagrun for example_weekday_branch_operator to 2024-10-07T00:00:00+00:00, run_after=2024-10-08T00:00:00+00:00
[2024-10-08T15:23:40.487+0900] {processor.py:208} INFO - Processing /Users/alookso/1007MLpj/myenv/lib/python3.10/site-packages/airflow/example_dags/example_branch_day_of_week_operator.py took 0.189 seconds
[2024-10-08T15:29:44.054+0900] {processor.py:186} INFO - Started process (PID=23679) to work on /Users/alookso/1007MLpj/myenv/lib/python3.10/site-packages/airflow/example_dags/example_branch_day_of_week_operator.py
[2024-10-08T15:29:44.055+0900] {processor.py:914} INFO - Processing file /Users/alookso/1007MLpj/myenv/lib/python3.10/site-packages/airflow/example_dags/example_branch_day_of_week_operator.py for tasks to queue
[2024-10-08T15:29:44.056+0900] {logging_mixin.py:190} INFO - [2024-10-08T15:29:44.056+0900] {dagbag.py:588} INFO - Filling up the DagBag from /Users/alookso/1007MLpj/myenv/lib/python3.10/site-packages/airflow/example_dags/example_branch_day_of_week_operator.py
[2024-10-08T15:29:44.067+0900] {processor.py:925} INFO - DAG(s) 'example_weekday_branch_operator' retrieved from /Users/alookso/1007MLpj/myenv/lib/python3.10/site-packages/airflow/example_dags/example_branch_day_of_week_operator.py
[2024-10-08T15:29:44.203+0900] {logging_mixin.py:190} INFO - [2024-10-08T15:29:44.202+0900] {dag.py:3239} INFO - Sync 1 DAGs
[2024-10-08T15:29:44.239+0900] {logging_mixin.py:190} INFO - [2024-10-08T15:29:44.238+0900] {dag.py:4180} INFO - Setting next_dagrun for example_weekday_branch_operator to 2024-10-07T00:00:00+00:00, run_after=2024-10-08T00:00:00+00:00
[2024-10-08T15:29:44.290+0900] {processor.py:208} INFO - Processing /Users/alookso/1007MLpj/myenv/lib/python3.10/site-packages/airflow/example_dags/example_branch_day_of_week_operator.py took 0.241 seconds
[2024-10-08T16:38:40.389+0900] {processor.py:186} INFO - Started process (PID=25100) to work on /Users/alookso/1007MLpj/myenv/lib/python3.10/site-packages/airflow/example_dags/example_branch_day_of_week_operator.py
[2024-10-08T16:38:40.390+0900] {processor.py:914} INFO - Processing file /Users/alookso/1007MLpj/myenv/lib/python3.10/site-packages/airflow/example_dags/example_branch_day_of_week_operator.py for tasks to queue
[2024-10-08T16:38:40.391+0900] {logging_mixin.py:190} INFO - [2024-10-08T16:38:40.391+0900] {dagbag.py:588} INFO - Filling up the DagBag from /Users/alookso/1007MLpj/myenv/lib/python3.10/site-packages/airflow/example_dags/example_branch_day_of_week_operator.py
[2024-10-08T16:38:40.403+0900] {processor.py:925} INFO - DAG(s) 'example_weekday_branch_operator' retrieved from /Users/alookso/1007MLpj/myenv/lib/python3.10/site-packages/airflow/example_dags/example_branch_day_of_week_operator.py
[2024-10-08T16:38:40.542+0900] {logging_mixin.py:190} INFO - [2024-10-08T16:38:40.542+0900] {dag.py:3239} INFO - Sync 1 DAGs
[2024-10-08T16:38:40.565+0900] {logging_mixin.py:190} INFO - [2024-10-08T16:38:40.565+0900] {dag.py:4180} INFO - Setting next_dagrun for example_weekday_branch_operator to 2024-10-07T00:00:00+00:00, run_after=2024-10-08T00:00:00+00:00
[2024-10-08T16:38:40.585+0900] {processor.py:208} INFO - Processing /Users/alookso/1007MLpj/myenv/lib/python3.10/site-packages/airflow/example_dags/example_branch_day_of_week_operator.py took 0.201 seconds
[2024-10-08T17:30:19.936+0900] {processor.py:186} INFO - Started process (PID=26479) to work on /Users/alookso/1007MLpj/myenv/lib/python3.10/site-packages/airflow/example_dags/example_branch_day_of_week_operator.py
[2024-10-08T17:30:19.937+0900] {processor.py:914} INFO - Processing file /Users/alookso/1007MLpj/myenv/lib/python3.10/site-packages/airflow/example_dags/example_branch_day_of_week_operator.py for tasks to queue
[2024-10-08T17:30:19.938+0900] {logging_mixin.py:190} INFO - [2024-10-08T17:30:19.937+0900] {dagbag.py:588} INFO - Filling up the DagBag from /Users/alookso/1007MLpj/myenv/lib/python3.10/site-packages/airflow/example_dags/example_branch_day_of_week_operator.py
[2024-10-08T17:30:19.950+0900] {processor.py:925} INFO - DAG(s) 'example_weekday_branch_operator' retrieved from /Users/alookso/1007MLpj/myenv/lib/python3.10/site-packages/airflow/example_dags/example_branch_day_of_week_operator.py
[2024-10-08T17:30:20.088+0900] {logging_mixin.py:190} INFO - [2024-10-08T17:30:20.087+0900] {dag.py:3239} INFO - Sync 1 DAGs
[2024-10-08T17:30:20.110+0900] {logging_mixin.py:190} INFO - [2024-10-08T17:30:20.109+0900] {dag.py:4180} INFO - Setting next_dagrun for example_weekday_branch_operator to 2024-10-07T00:00:00+00:00, run_after=2024-10-08T00:00:00+00:00
[2024-10-08T17:30:20.129+0900] {processor.py:208} INFO - Processing /Users/alookso/1007MLpj/myenv/lib/python3.10/site-packages/airflow/example_dags/example_branch_day_of_week_operator.py took 0.198 seconds
[2024-10-08T17:57:24.059+0900] {processor.py:186} INFO - Started process (PID=27379) to work on /Users/alookso/1007MLpj/myenv/lib/python3.10/site-packages/airflow/example_dags/example_branch_day_of_week_operator.py
[2024-10-08T17:57:24.059+0900] {processor.py:914} INFO - Processing file /Users/alookso/1007MLpj/myenv/lib/python3.10/site-packages/airflow/example_dags/example_branch_day_of_week_operator.py for tasks to queue
[2024-10-08T17:57:24.060+0900] {logging_mixin.py:190} INFO - [2024-10-08T17:57:24.060+0900] {dagbag.py:588} INFO - Filling up the DagBag from /Users/alookso/1007MLpj/myenv/lib/python3.10/site-packages/airflow/example_dags/example_branch_day_of_week_operator.py
[2024-10-08T17:57:24.072+0900] {processor.py:925} INFO - DAG(s) 'example_weekday_branch_operator' retrieved from /Users/alookso/1007MLpj/myenv/lib/python3.10/site-packages/airflow/example_dags/example_branch_day_of_week_operator.py
[2024-10-08T17:57:24.207+0900] {logging_mixin.py:190} INFO - [2024-10-08T17:57:24.207+0900] {dag.py:3239} INFO - Sync 1 DAGs
[2024-10-08T17:57:24.230+0900] {logging_mixin.py:190} INFO - [2024-10-08T17:57:24.229+0900] {dag.py:4180} INFO - Setting next_dagrun for example_weekday_branch_operator to 2024-10-07T00:00:00+00:00, run_after=2024-10-08T00:00:00+00:00
[2024-10-08T17:57:24.250+0900] {processor.py:208} INFO - Processing /Users/alookso/1007MLpj/myenv/lib/python3.10/site-packages/airflow/example_dags/example_branch_day_of_week_operator.py took 0.195 seconds
[2024-10-08T18:02:14.445+0900] {processor.py:186} INFO - Started process (PID=27602) to work on /Users/alookso/1007MLpj/myenv/lib/python3.10/site-packages/airflow/example_dags/example_branch_day_of_week_operator.py
[2024-10-08T18:02:14.445+0900] {processor.py:914} INFO - Processing file /Users/alookso/1007MLpj/myenv/lib/python3.10/site-packages/airflow/example_dags/example_branch_day_of_week_operator.py for tasks to queue
[2024-10-08T18:02:14.446+0900] {logging_mixin.py:190} INFO - [2024-10-08T18:02:14.446+0900] {dagbag.py:588} INFO - Filling up the DagBag from /Users/alookso/1007MLpj/myenv/lib/python3.10/site-packages/airflow/example_dags/example_branch_day_of_week_operator.py
[2024-10-08T18:02:14.458+0900] {processor.py:925} INFO - DAG(s) 'example_weekday_branch_operator' retrieved from /Users/alookso/1007MLpj/myenv/lib/python3.10/site-packages/airflow/example_dags/example_branch_day_of_week_operator.py
[2024-10-08T18:02:14.588+0900] {logging_mixin.py:190} INFO - [2024-10-08T18:02:14.588+0900] {dag.py:3239} INFO - Sync 1 DAGs
[2024-10-08T18:02:14.610+0900] {logging_mixin.py:190} INFO - [2024-10-08T18:02:14.610+0900] {dag.py:4180} INFO - Setting next_dagrun for example_weekday_branch_operator to 2024-10-07T00:00:00+00:00, run_after=2024-10-08T00:00:00+00:00
[2024-10-08T18:02:14.629+0900] {processor.py:208} INFO - Processing /Users/alookso/1007MLpj/myenv/lib/python3.10/site-packages/airflow/example_dags/example_branch_day_of_week_operator.py took 0.189 seconds
[2024-10-08T18:08:21.803+0900] {processor.py:186} INFO - Started process (PID=27810) to work on /Users/alookso/1007MLpj/myenv/lib/python3.10/site-packages/airflow/example_dags/example_branch_day_of_week_operator.py
[2024-10-08T18:08:21.804+0900] {processor.py:914} INFO - Processing file /Users/alookso/1007MLpj/myenv/lib/python3.10/site-packages/airflow/example_dags/example_branch_day_of_week_operator.py for tasks to queue
[2024-10-08T18:08:21.805+0900] {logging_mixin.py:190} INFO - [2024-10-08T18:08:21.805+0900] {dagbag.py:588} INFO - Filling up the DagBag from /Users/alookso/1007MLpj/myenv/lib/python3.10/site-packages/airflow/example_dags/example_branch_day_of_week_operator.py
[2024-10-08T18:08:21.816+0900] {processor.py:925} INFO - DAG(s) 'example_weekday_branch_operator' retrieved from /Users/alookso/1007MLpj/myenv/lib/python3.10/site-packages/airflow/example_dags/example_branch_day_of_week_operator.py
[2024-10-08T18:08:21.949+0900] {logging_mixin.py:190} INFO - [2024-10-08T18:08:21.948+0900] {dag.py:3239} INFO - Sync 1 DAGs
[2024-10-08T18:08:21.972+0900] {logging_mixin.py:190} INFO - [2024-10-08T18:08:21.971+0900] {dag.py:4180} INFO - Setting next_dagrun for example_weekday_branch_operator to 2024-10-07T00:00:00+00:00, run_after=2024-10-08T00:00:00+00:00
[2024-10-08T18:08:21.991+0900] {processor.py:208} INFO - Processing /Users/alookso/1007MLpj/myenv/lib/python3.10/site-packages/airflow/example_dags/example_branch_day_of_week_operator.py took 0.194 seconds
[2024-10-08T18:14:41.637+0900] {processor.py:186} INFO - Started process (PID=28014) to work on /Users/alookso/1007MLpj/myenv/lib/python3.10/site-packages/airflow/example_dags/example_branch_day_of_week_operator.py
[2024-10-08T18:14:41.637+0900] {processor.py:914} INFO - Processing file /Users/alookso/1007MLpj/myenv/lib/python3.10/site-packages/airflow/example_dags/example_branch_day_of_week_operator.py for tasks to queue
[2024-10-08T18:14:41.638+0900] {logging_mixin.py:190} INFO - [2024-10-08T18:14:41.638+0900] {dagbag.py:588} INFO - Filling up the DagBag from /Users/alookso/1007MLpj/myenv/lib/python3.10/site-packages/airflow/example_dags/example_branch_day_of_week_operator.py
[2024-10-08T18:14:41.650+0900] {processor.py:925} INFO - DAG(s) 'example_weekday_branch_operator' retrieved from /Users/alookso/1007MLpj/myenv/lib/python3.10/site-packages/airflow/example_dags/example_branch_day_of_week_operator.py
[2024-10-08T18:14:41.781+0900] {logging_mixin.py:190} INFO - [2024-10-08T18:14:41.781+0900] {dag.py:3239} INFO - Sync 1 DAGs
[2024-10-08T18:14:41.804+0900] {logging_mixin.py:190} INFO - [2024-10-08T18:14:41.803+0900] {dag.py:4180} INFO - Setting next_dagrun for example_weekday_branch_operator to 2024-10-07T00:00:00+00:00, run_after=2024-10-08T00:00:00+00:00
[2024-10-08T18:14:41.823+0900] {processor.py:208} INFO - Processing /Users/alookso/1007MLpj/myenv/lib/python3.10/site-packages/airflow/example_dags/example_branch_day_of_week_operator.py took 0.192 seconds
[2024-10-08T18:48:49.404+0900] {processor.py:186} INFO - Started process (PID=29315) to work on /Users/alookso/1007MLpj/myenv/lib/python3.10/site-packages/airflow/example_dags/example_branch_day_of_week_operator.py
[2024-10-08T18:48:49.404+0900] {processor.py:914} INFO - Processing file /Users/alookso/1007MLpj/myenv/lib/python3.10/site-packages/airflow/example_dags/example_branch_day_of_week_operator.py for tasks to queue
[2024-10-08T18:48:49.405+0900] {logging_mixin.py:190} INFO - [2024-10-08T18:48:49.405+0900] {dagbag.py:588} INFO - Filling up the DagBag from /Users/alookso/1007MLpj/myenv/lib/python3.10/site-packages/airflow/example_dags/example_branch_day_of_week_operator.py
[2024-10-08T18:48:49.417+0900] {processor.py:925} INFO - DAG(s) 'example_weekday_branch_operator' retrieved from /Users/alookso/1007MLpj/myenv/lib/python3.10/site-packages/airflow/example_dags/example_branch_day_of_week_operator.py
[2024-10-08T18:48:49.551+0900] {logging_mixin.py:190} INFO - [2024-10-08T18:48:49.550+0900] {dag.py:3239} INFO - Sync 1 DAGs
[2024-10-08T18:48:49.573+0900] {logging_mixin.py:190} INFO - [2024-10-08T18:48:49.573+0900] {dag.py:4180} INFO - Setting next_dagrun for example_weekday_branch_operator to 2024-10-07T00:00:00+00:00, run_after=2024-10-08T00:00:00+00:00
[2024-10-08T18:48:49.607+0900] {processor.py:208} INFO - Processing /Users/alookso/1007MLpj/myenv/lib/python3.10/site-packages/airflow/example_dags/example_branch_day_of_week_operator.py took 0.208 seconds
