[2024-10-08T14:45:27.473+0900] {processor.py:186} INFO - Started process (PID=22283) to work on /Users/alookso/1007MLpj/myenv/lib/python3.10/site-packages/airflow/example_dags/example_kubernetes_executor.py
[2024-10-08T14:45:27.474+0900] {processor.py:914} INFO - Processing file /Users/alookso/1007MLpj/myenv/lib/python3.10/site-packages/airflow/example_dags/example_kubernetes_executor.py for tasks to queue
[2024-10-08T14:45:27.475+0900] {logging_mixin.py:190} INFO - [2024-10-08T14:45:27.474+0900] {dagbag.py:588} INFO - Filling up the DagBag from /Users/alookso/1007MLpj/myenv/lib/python3.10/site-packages/airflow/example_dags/example_kubernetes_executor.py
[2024-10-08T14:45:27.515+0900] {logging_mixin.py:190} INFO - [2024-10-08T14:45:27.515+0900] {example_kubernetes_executor.py:39} WARNING - The example_kubernetes_executor example DAG requires the kubernetes provider. Please install it with: pip install apache-airflow[cncf.kubernetes]
[2024-10-08T14:45:27.516+0900] {processor.py:927} WARNING - No viable dags retrieved from /Users/alookso/1007MLpj/myenv/lib/python3.10/site-packages/airflow/example_dags/example_kubernetes_executor.py
[2024-10-08T14:45:27.640+0900] {processor.py:208} INFO - Processing /Users/alookso/1007MLpj/myenv/lib/python3.10/site-packages/airflow/example_dags/example_kubernetes_executor.py took 0.171 seconds
[2024-10-08T14:49:08.556+0900] {processor.py:186} INFO - Started process (PID=22377) to work on /Users/alookso/1007MLpj/myenv/lib/python3.10/site-packages/airflow/example_dags/example_kubernetes_executor.py
[2024-10-08T14:49:08.557+0900] {processor.py:914} INFO - Processing file /Users/alookso/1007MLpj/myenv/lib/python3.10/site-packages/airflow/example_dags/example_kubernetes_executor.py for tasks to queue
[2024-10-08T14:49:08.558+0900] {logging_mixin.py:190} INFO - [2024-10-08T14:49:08.558+0900] {dagbag.py:588} INFO - Filling up the DagBag from /Users/alookso/1007MLpj/myenv/lib/python3.10/site-packages/airflow/example_dags/example_kubernetes_executor.py
[2024-10-08T14:49:08.598+0900] {logging_mixin.py:190} INFO - [2024-10-08T14:49:08.597+0900] {example_kubernetes_executor.py:39} WARNING - The example_kubernetes_executor example DAG requires the kubernetes provider. Please install it with: pip install apache-airflow[cncf.kubernetes]
[2024-10-08T14:49:08.598+0900] {processor.py:927} WARNING - No viable dags retrieved from /Users/alookso/1007MLpj/myenv/lib/python3.10/site-packages/airflow/example_dags/example_kubernetes_executor.py
[2024-10-08T14:49:08.720+0900] {processor.py:208} INFO - Processing /Users/alookso/1007MLpj/myenv/lib/python3.10/site-packages/airflow/example_dags/example_kubernetes_executor.py took 0.168 seconds
[2024-10-08T14:52:18.460+0900] {processor.py:186} INFO - Started process (PID=22471) to work on /Users/alookso/1007MLpj/myenv/lib/python3.10/site-packages/airflow/example_dags/example_kubernetes_executor.py
[2024-10-08T14:52:18.461+0900] {processor.py:914} INFO - Processing file /Users/alookso/1007MLpj/myenv/lib/python3.10/site-packages/airflow/example_dags/example_kubernetes_executor.py for tasks to queue
[2024-10-08T14:52:18.462+0900] {logging_mixin.py:190} INFO - [2024-10-08T14:52:18.462+0900] {dagbag.py:588} INFO - Filling up the DagBag from /Users/alookso/1007MLpj/myenv/lib/python3.10/site-packages/airflow/example_dags/example_kubernetes_executor.py
[2024-10-08T14:52:18.501+0900] {logging_mixin.py:190} INFO - [2024-10-08T14:52:18.501+0900] {example_kubernetes_executor.py:39} WARNING - The example_kubernetes_executor example DAG requires the kubernetes provider. Please install it with: pip install apache-airflow[cncf.kubernetes]
[2024-10-08T14:52:18.501+0900] {processor.py:927} WARNING - No viable dags retrieved from /Users/alookso/1007MLpj/myenv/lib/python3.10/site-packages/airflow/example_dags/example_kubernetes_executor.py
[2024-10-08T14:52:18.621+0900] {processor.py:208} INFO - Processing /Users/alookso/1007MLpj/myenv/lib/python3.10/site-packages/airflow/example_dags/example_kubernetes_executor.py took 0.165 seconds
[2024-10-08T14:55:23.237+0900] {processor.py:186} INFO - Started process (PID=22595) to work on /Users/alookso/1007MLpj/myenv/lib/python3.10/site-packages/airflow/example_dags/example_kubernetes_executor.py
[2024-10-08T14:55:23.238+0900] {processor.py:914} INFO - Processing file /Users/alookso/1007MLpj/myenv/lib/python3.10/site-packages/airflow/example_dags/example_kubernetes_executor.py for tasks to queue
[2024-10-08T14:55:23.239+0900] {logging_mixin.py:190} INFO - [2024-10-08T14:55:23.239+0900] {dagbag.py:588} INFO - Filling up the DagBag from /Users/alookso/1007MLpj/myenv/lib/python3.10/site-packages/airflow/example_dags/example_kubernetes_executor.py
[2024-10-08T14:55:23.277+0900] {logging_mixin.py:190} INFO - [2024-10-08T14:55:23.277+0900] {example_kubernetes_executor.py:39} WARNING - The example_kubernetes_executor example DAG requires the kubernetes provider. Please install it with: pip install apache-airflow[cncf.kubernetes]
[2024-10-08T14:55:23.277+0900] {processor.py:927} WARNING - No viable dags retrieved from /Users/alookso/1007MLpj/myenv/lib/python3.10/site-packages/airflow/example_dags/example_kubernetes_executor.py
[2024-10-08T14:55:23.398+0900] {processor.py:208} INFO - Processing /Users/alookso/1007MLpj/myenv/lib/python3.10/site-packages/airflow/example_dags/example_kubernetes_executor.py took 0.165 seconds
[2024-10-08T14:58:30.189+0900] {processor.py:186} INFO - Started process (PID=22697) to work on /Users/alookso/1007MLpj/myenv/lib/python3.10/site-packages/airflow/example_dags/example_kubernetes_executor.py
[2024-10-08T14:58:30.189+0900] {processor.py:914} INFO - Processing file /Users/alookso/1007MLpj/myenv/lib/python3.10/site-packages/airflow/example_dags/example_kubernetes_executor.py for tasks to queue
[2024-10-08T14:58:30.190+0900] {logging_mixin.py:190} INFO - [2024-10-08T14:58:30.190+0900] {dagbag.py:588} INFO - Filling up the DagBag from /Users/alookso/1007MLpj/myenv/lib/python3.10/site-packages/airflow/example_dags/example_kubernetes_executor.py
[2024-10-08T14:58:30.229+0900] {logging_mixin.py:190} INFO - [2024-10-08T14:58:30.229+0900] {example_kubernetes_executor.py:39} WARNING - The example_kubernetes_executor example DAG requires the kubernetes provider. Please install it with: pip install apache-airflow[cncf.kubernetes]
[2024-10-08T14:58:30.230+0900] {processor.py:927} WARNING - No viable dags retrieved from /Users/alookso/1007MLpj/myenv/lib/python3.10/site-packages/airflow/example_dags/example_kubernetes_executor.py
[2024-10-08T14:58:30.349+0900] {processor.py:208} INFO - Processing /Users/alookso/1007MLpj/myenv/lib/python3.10/site-packages/airflow/example_dags/example_kubernetes_executor.py took 0.165 seconds
[2024-10-08T15:01:42.648+0900] {processor.py:186} INFO - Started process (PID=22800) to work on /Users/alookso/1007MLpj/myenv/lib/python3.10/site-packages/airflow/example_dags/example_kubernetes_executor.py
[2024-10-08T15:01:42.649+0900] {processor.py:914} INFO - Processing file /Users/alookso/1007MLpj/myenv/lib/python3.10/site-packages/airflow/example_dags/example_kubernetes_executor.py for tasks to queue
[2024-10-08T15:01:42.650+0900] {logging_mixin.py:190} INFO - [2024-10-08T15:01:42.650+0900] {dagbag.py:588} INFO - Filling up the DagBag from /Users/alookso/1007MLpj/myenv/lib/python3.10/site-packages/airflow/example_dags/example_kubernetes_executor.py
[2024-10-08T15:01:42.690+0900] {logging_mixin.py:190} INFO - [2024-10-08T15:01:42.689+0900] {example_kubernetes_executor.py:39} WARNING - The example_kubernetes_executor example DAG requires the kubernetes provider. Please install it with: pip install apache-airflow[cncf.kubernetes]
[2024-10-08T15:01:42.690+0900] {processor.py:927} WARNING - No viable dags retrieved from /Users/alookso/1007MLpj/myenv/lib/python3.10/site-packages/airflow/example_dags/example_kubernetes_executor.py
[2024-10-08T15:01:42.809+0900] {processor.py:208} INFO - Processing /Users/alookso/1007MLpj/myenv/lib/python3.10/site-packages/airflow/example_dags/example_kubernetes_executor.py took 0.166 seconds
[2024-10-08T15:04:48.793+0900] {processor.py:186} INFO - Started process (PID=22880) to work on /Users/alookso/1007MLpj/myenv/lib/python3.10/site-packages/airflow/example_dags/example_kubernetes_executor.py
[2024-10-08T15:04:48.794+0900] {processor.py:914} INFO - Processing file /Users/alookso/1007MLpj/myenv/lib/python3.10/site-packages/airflow/example_dags/example_kubernetes_executor.py for tasks to queue
[2024-10-08T15:04:48.794+0900] {logging_mixin.py:190} INFO - [2024-10-08T15:04:48.794+0900] {dagbag.py:588} INFO - Filling up the DagBag from /Users/alookso/1007MLpj/myenv/lib/python3.10/site-packages/airflow/example_dags/example_kubernetes_executor.py
[2024-10-08T15:04:48.833+0900] {logging_mixin.py:190} INFO - [2024-10-08T15:04:48.833+0900] {example_kubernetes_executor.py:39} WARNING - The example_kubernetes_executor example DAG requires the kubernetes provider. Please install it with: pip install apache-airflow[cncf.kubernetes]
[2024-10-08T15:04:48.833+0900] {processor.py:927} WARNING - No viable dags retrieved from /Users/alookso/1007MLpj/myenv/lib/python3.10/site-packages/airflow/example_dags/example_kubernetes_executor.py
[2024-10-08T15:04:48.953+0900] {processor.py:208} INFO - Processing /Users/alookso/1007MLpj/myenv/lib/python3.10/site-packages/airflow/example_dags/example_kubernetes_executor.py took 0.165 seconds
[2024-10-08T15:07:54.206+0900] {processor.py:186} INFO - Started process (PID=22986) to work on /Users/alookso/1007MLpj/myenv/lib/python3.10/site-packages/airflow/example_dags/example_kubernetes_executor.py
[2024-10-08T15:07:54.207+0900] {processor.py:914} INFO - Processing file /Users/alookso/1007MLpj/myenv/lib/python3.10/site-packages/airflow/example_dags/example_kubernetes_executor.py for tasks to queue
[2024-10-08T15:07:54.208+0900] {logging_mixin.py:190} INFO - [2024-10-08T15:07:54.208+0900] {dagbag.py:588} INFO - Filling up the DagBag from /Users/alookso/1007MLpj/myenv/lib/python3.10/site-packages/airflow/example_dags/example_kubernetes_executor.py
[2024-10-08T15:07:54.246+0900] {logging_mixin.py:190} INFO - [2024-10-08T15:07:54.246+0900] {example_kubernetes_executor.py:39} WARNING - The example_kubernetes_executor example DAG requires the kubernetes provider. Please install it with: pip install apache-airflow[cncf.kubernetes]
[2024-10-08T15:07:54.246+0900] {processor.py:927} WARNING - No viable dags retrieved from /Users/alookso/1007MLpj/myenv/lib/python3.10/site-packages/airflow/example_dags/example_kubernetes_executor.py
[2024-10-08T15:07:54.365+0900] {processor.py:208} INFO - Processing /Users/alookso/1007MLpj/myenv/lib/python3.10/site-packages/airflow/example_dags/example_kubernetes_executor.py took 0.164 seconds
[2024-10-08T15:10:57.912+0900] {processor.py:186} INFO - Started process (PID=23105) to work on /Users/alookso/1007MLpj/myenv/lib/python3.10/site-packages/airflow/example_dags/example_kubernetes_executor.py
[2024-10-08T15:10:57.912+0900] {processor.py:914} INFO - Processing file /Users/alookso/1007MLpj/myenv/lib/python3.10/site-packages/airflow/example_dags/example_kubernetes_executor.py for tasks to queue
[2024-10-08T15:10:57.913+0900] {logging_mixin.py:190} INFO - [2024-10-08T15:10:57.913+0900] {dagbag.py:588} INFO - Filling up the DagBag from /Users/alookso/1007MLpj/myenv/lib/python3.10/site-packages/airflow/example_dags/example_kubernetes_executor.py
[2024-10-08T15:10:57.950+0900] {logging_mixin.py:190} INFO - [2024-10-08T15:10:57.950+0900] {example_kubernetes_executor.py:39} WARNING - The example_kubernetes_executor example DAG requires the kubernetes provider. Please install it with: pip install apache-airflow[cncf.kubernetes]
[2024-10-08T15:10:57.951+0900] {processor.py:927} WARNING - No viable dags retrieved from /Users/alookso/1007MLpj/myenv/lib/python3.10/site-packages/airflow/example_dags/example_kubernetes_executor.py
[2024-10-08T15:10:58.066+0900] {processor.py:208} INFO - Processing /Users/alookso/1007MLpj/myenv/lib/python3.10/site-packages/airflow/example_dags/example_kubernetes_executor.py took 0.159 seconds
[2024-10-08T15:13:57.642+0900] {processor.py:186} INFO - Started process (PID=23183) to work on /Users/alookso/1007MLpj/myenv/lib/python3.10/site-packages/airflow/example_dags/example_kubernetes_executor.py
[2024-10-08T15:13:57.643+0900] {processor.py:914} INFO - Processing file /Users/alookso/1007MLpj/myenv/lib/python3.10/site-packages/airflow/example_dags/example_kubernetes_executor.py for tasks to queue
[2024-10-08T15:13:57.643+0900] {logging_mixin.py:190} INFO - [2024-10-08T15:13:57.643+0900] {dagbag.py:588} INFO - Filling up the DagBag from /Users/alookso/1007MLpj/myenv/lib/python3.10/site-packages/airflow/example_dags/example_kubernetes_executor.py
[2024-10-08T15:13:57.681+0900] {logging_mixin.py:190} INFO - [2024-10-08T15:13:57.681+0900] {example_kubernetes_executor.py:39} WARNING - The example_kubernetes_executor example DAG requires the kubernetes provider. Please install it with: pip install apache-airflow[cncf.kubernetes]
[2024-10-08T15:13:57.681+0900] {processor.py:927} WARNING - No viable dags retrieved from /Users/alookso/1007MLpj/myenv/lib/python3.10/site-packages/airflow/example_dags/example_kubernetes_executor.py
[2024-10-08T15:13:57.799+0900] {processor.py:208} INFO - Processing /Users/alookso/1007MLpj/myenv/lib/python3.10/site-packages/airflow/example_dags/example_kubernetes_executor.py took 0.161 seconds
[2024-10-08T15:16:57.768+0900] {processor.py:186} INFO - Started process (PID=23273) to work on /Users/alookso/1007MLpj/myenv/lib/python3.10/site-packages/airflow/example_dags/example_kubernetes_executor.py
[2024-10-08T15:16:57.768+0900] {processor.py:914} INFO - Processing file /Users/alookso/1007MLpj/myenv/lib/python3.10/site-packages/airflow/example_dags/example_kubernetes_executor.py for tasks to queue
[2024-10-08T15:16:57.769+0900] {logging_mixin.py:190} INFO - [2024-10-08T15:16:57.769+0900] {dagbag.py:588} INFO - Filling up the DagBag from /Users/alookso/1007MLpj/myenv/lib/python3.10/site-packages/airflow/example_dags/example_kubernetes_executor.py
[2024-10-08T15:16:57.808+0900] {logging_mixin.py:190} INFO - [2024-10-08T15:16:57.807+0900] {example_kubernetes_executor.py:39} WARNING - The example_kubernetes_executor example DAG requires the kubernetes provider. Please install it with: pip install apache-airflow[cncf.kubernetes]
[2024-10-08T15:16:57.808+0900] {processor.py:927} WARNING - No viable dags retrieved from /Users/alookso/1007MLpj/myenv/lib/python3.10/site-packages/airflow/example_dags/example_kubernetes_executor.py
[2024-10-08T15:16:57.922+0900] {processor.py:208} INFO - Processing /Users/alookso/1007MLpj/myenv/lib/python3.10/site-packages/airflow/example_dags/example_kubernetes_executor.py took 0.159 seconds
[2024-10-08T15:20:07.130+0900] {processor.py:186} INFO - Started process (PID=23372) to work on /Users/alookso/1007MLpj/myenv/lib/python3.10/site-packages/airflow/example_dags/example_kubernetes_executor.py
[2024-10-08T15:20:07.131+0900] {processor.py:914} INFO - Processing file /Users/alookso/1007MLpj/myenv/lib/python3.10/site-packages/airflow/example_dags/example_kubernetes_executor.py for tasks to queue
[2024-10-08T15:20:07.132+0900] {logging_mixin.py:190} INFO - [2024-10-08T15:20:07.131+0900] {dagbag.py:588} INFO - Filling up the DagBag from /Users/alookso/1007MLpj/myenv/lib/python3.10/site-packages/airflow/example_dags/example_kubernetes_executor.py
[2024-10-08T15:20:07.178+0900] {logging_mixin.py:190} INFO - [2024-10-08T15:20:07.178+0900] {example_kubernetes_executor.py:39} WARNING - The example_kubernetes_executor example DAG requires the kubernetes provider. Please install it with: pip install apache-airflow[cncf.kubernetes]
[2024-10-08T15:20:07.178+0900] {processor.py:927} WARNING - No viable dags retrieved from /Users/alookso/1007MLpj/myenv/lib/python3.10/site-packages/airflow/example_dags/example_kubernetes_executor.py
[2024-10-08T15:20:07.332+0900] {processor.py:208} INFO - Processing /Users/alookso/1007MLpj/myenv/lib/python3.10/site-packages/airflow/example_dags/example_kubernetes_executor.py took 0.209 seconds
[2024-10-08T15:23:13.745+0900] {processor.py:186} INFO - Started process (PID=23465) to work on /Users/alookso/1007MLpj/myenv/lib/python3.10/site-packages/airflow/example_dags/example_kubernetes_executor.py
[2024-10-08T15:23:13.746+0900] {processor.py:914} INFO - Processing file /Users/alookso/1007MLpj/myenv/lib/python3.10/site-packages/airflow/example_dags/example_kubernetes_executor.py for tasks to queue
[2024-10-08T15:23:13.747+0900] {logging_mixin.py:190} INFO - [2024-10-08T15:23:13.747+0900] {dagbag.py:588} INFO - Filling up the DagBag from /Users/alookso/1007MLpj/myenv/lib/python3.10/site-packages/airflow/example_dags/example_kubernetes_executor.py
[2024-10-08T15:23:13.792+0900] {logging_mixin.py:190} INFO - [2024-10-08T15:23:13.792+0900] {example_kubernetes_executor.py:39} WARNING - The example_kubernetes_executor example DAG requires the kubernetes provider. Please install it with: pip install apache-airflow[cncf.kubernetes]
[2024-10-08T15:23:13.793+0900] {processor.py:927} WARNING - No viable dags retrieved from /Users/alookso/1007MLpj/myenv/lib/python3.10/site-packages/airflow/example_dags/example_kubernetes_executor.py
[2024-10-08T15:23:13.917+0900] {processor.py:208} INFO - Processing /Users/alookso/1007MLpj/myenv/lib/python3.10/site-packages/airflow/example_dags/example_kubernetes_executor.py took 0.179 seconds
[2024-10-08T15:26:20.031+0900] {processor.py:186} INFO - Started process (PID=23543) to work on /Users/alookso/1007MLpj/myenv/lib/python3.10/site-packages/airflow/example_dags/example_kubernetes_executor.py
[2024-10-08T15:26:20.032+0900] {processor.py:914} INFO - Processing file /Users/alookso/1007MLpj/myenv/lib/python3.10/site-packages/airflow/example_dags/example_kubernetes_executor.py for tasks to queue
[2024-10-08T15:26:20.033+0900] {logging_mixin.py:190} INFO - [2024-10-08T15:26:20.033+0900] {dagbag.py:588} INFO - Filling up the DagBag from /Users/alookso/1007MLpj/myenv/lib/python3.10/site-packages/airflow/example_dags/example_kubernetes_executor.py
[2024-10-08T15:26:20.071+0900] {logging_mixin.py:190} INFO - [2024-10-08T15:26:20.071+0900] {example_kubernetes_executor.py:39} WARNING - The example_kubernetes_executor example DAG requires the kubernetes provider. Please install it with: pip install apache-airflow[cncf.kubernetes]
[2024-10-08T15:26:20.072+0900] {processor.py:927} WARNING - No viable dags retrieved from /Users/alookso/1007MLpj/myenv/lib/python3.10/site-packages/airflow/example_dags/example_kubernetes_executor.py
[2024-10-08T15:26:20.187+0900] {processor.py:208} INFO - Processing /Users/alookso/1007MLpj/myenv/lib/python3.10/site-packages/airflow/example_dags/example_kubernetes_executor.py took 0.160 seconds
[2024-10-08T15:29:21.980+0900] {processor.py:186} INFO - Started process (PID=23660) to work on /Users/alookso/1007MLpj/myenv/lib/python3.10/site-packages/airflow/example_dags/example_kubernetes_executor.py
[2024-10-08T15:29:21.981+0900] {processor.py:914} INFO - Processing file /Users/alookso/1007MLpj/myenv/lib/python3.10/site-packages/airflow/example_dags/example_kubernetes_executor.py for tasks to queue
[2024-10-08T15:29:21.982+0900] {logging_mixin.py:190} INFO - [2024-10-08T15:29:21.982+0900] {dagbag.py:588} INFO - Filling up the DagBag from /Users/alookso/1007MLpj/myenv/lib/python3.10/site-packages/airflow/example_dags/example_kubernetes_executor.py
[2024-10-08T15:29:22.020+0900] {logging_mixin.py:190} INFO - [2024-10-08T15:29:22.020+0900] {example_kubernetes_executor.py:39} WARNING - The example_kubernetes_executor example DAG requires the kubernetes provider. Please install it with: pip install apache-airflow[cncf.kubernetes]
[2024-10-08T15:29:22.020+0900] {processor.py:927} WARNING - No viable dags retrieved from /Users/alookso/1007MLpj/myenv/lib/python3.10/site-packages/airflow/example_dags/example_kubernetes_executor.py
[2024-10-08T15:29:22.138+0900] {processor.py:208} INFO - Processing /Users/alookso/1007MLpj/myenv/lib/python3.10/site-packages/airflow/example_dags/example_kubernetes_executor.py took 0.162 seconds
[2024-10-08T15:32:23.161+0900] {processor.py:186} INFO - Started process (PID=23775) to work on /Users/alookso/1007MLpj/myenv/lib/python3.10/site-packages/airflow/example_dags/example_kubernetes_executor.py
[2024-10-08T15:32:23.162+0900] {processor.py:914} INFO - Processing file /Users/alookso/1007MLpj/myenv/lib/python3.10/site-packages/airflow/example_dags/example_kubernetes_executor.py for tasks to queue
[2024-10-08T15:32:23.163+0900] {logging_mixin.py:190} INFO - [2024-10-08T15:32:23.163+0900] {dagbag.py:588} INFO - Filling up the DagBag from /Users/alookso/1007MLpj/myenv/lib/python3.10/site-packages/airflow/example_dags/example_kubernetes_executor.py
[2024-10-08T15:32:23.202+0900] {logging_mixin.py:190} INFO - [2024-10-08T15:32:23.201+0900] {example_kubernetes_executor.py:39} WARNING - The example_kubernetes_executor example DAG requires the kubernetes provider. Please install it with: pip install apache-airflow[cncf.kubernetes]
[2024-10-08T15:32:23.202+0900] {processor.py:927} WARNING - No viable dags retrieved from /Users/alookso/1007MLpj/myenv/lib/python3.10/site-packages/airflow/example_dags/example_kubernetes_executor.py
[2024-10-08T15:32:23.324+0900] {processor.py:208} INFO - Processing /Users/alookso/1007MLpj/myenv/lib/python3.10/site-packages/airflow/example_dags/example_kubernetes_executor.py took 0.168 seconds
[2024-10-08T16:37:45.749+0900] {processor.py:186} INFO - Started process (PID=25062) to work on /Users/alookso/1007MLpj/myenv/lib/python3.10/site-packages/airflow/example_dags/example_kubernetes_executor.py
[2024-10-08T16:37:45.749+0900] {processor.py:914} INFO - Processing file /Users/alookso/1007MLpj/myenv/lib/python3.10/site-packages/airflow/example_dags/example_kubernetes_executor.py for tasks to queue
[2024-10-08T16:37:45.750+0900] {logging_mixin.py:190} INFO - [2024-10-08T16:37:45.750+0900] {dagbag.py:588} INFO - Filling up the DagBag from /Users/alookso/1007MLpj/myenv/lib/python3.10/site-packages/airflow/example_dags/example_kubernetes_executor.py
[2024-10-08T16:37:45.789+0900] {logging_mixin.py:190} INFO - [2024-10-08T16:37:45.788+0900] {example_kubernetes_executor.py:39} WARNING - The example_kubernetes_executor example DAG requires the kubernetes provider. Please install it with: pip install apache-airflow[cncf.kubernetes]
[2024-10-08T16:37:45.789+0900] {processor.py:927} WARNING - No viable dags retrieved from /Users/alookso/1007MLpj/myenv/lib/python3.10/site-packages/airflow/example_dags/example_kubernetes_executor.py
[2024-10-08T16:37:45.906+0900] {processor.py:208} INFO - Processing /Users/alookso/1007MLpj/myenv/lib/python3.10/site-packages/airflow/example_dags/example_kubernetes_executor.py took 0.162 seconds
[2024-10-08T17:29:20.512+0900] {processor.py:186} INFO - Started process (PID=26432) to work on /Users/alookso/1007MLpj/myenv/lib/python3.10/site-packages/airflow/example_dags/example_kubernetes_executor.py
[2024-10-08T17:29:20.513+0900] {processor.py:914} INFO - Processing file /Users/alookso/1007MLpj/myenv/lib/python3.10/site-packages/airflow/example_dags/example_kubernetes_executor.py for tasks to queue
[2024-10-08T17:29:20.514+0900] {logging_mixin.py:190} INFO - [2024-10-08T17:29:20.514+0900] {dagbag.py:588} INFO - Filling up the DagBag from /Users/alookso/1007MLpj/myenv/lib/python3.10/site-packages/airflow/example_dags/example_kubernetes_executor.py
[2024-10-08T17:29:20.555+0900] {logging_mixin.py:190} INFO - [2024-10-08T17:29:20.555+0900] {example_kubernetes_executor.py:39} WARNING - The example_kubernetes_executor example DAG requires the kubernetes provider. Please install it with: pip install apache-airflow[cncf.kubernetes]
[2024-10-08T17:29:20.555+0900] {processor.py:927} WARNING - No viable dags retrieved from /Users/alookso/1007MLpj/myenv/lib/python3.10/site-packages/airflow/example_dags/example_kubernetes_executor.py
[2024-10-08T17:29:20.685+0900] {processor.py:208} INFO - Processing /Users/alookso/1007MLpj/myenv/lib/python3.10/site-packages/airflow/example_dags/example_kubernetes_executor.py took 0.178 seconds
[2024-10-08T17:56:28.796+0900] {processor.py:186} INFO - Started process (PID=27356) to work on /Users/alookso/1007MLpj/myenv/lib/python3.10/site-packages/airflow/example_dags/example_kubernetes_executor.py
[2024-10-08T17:56:28.797+0900] {processor.py:914} INFO - Processing file /Users/alookso/1007MLpj/myenv/lib/python3.10/site-packages/airflow/example_dags/example_kubernetes_executor.py for tasks to queue
[2024-10-08T17:56:28.798+0900] {logging_mixin.py:190} INFO - [2024-10-08T17:56:28.798+0900] {dagbag.py:588} INFO - Filling up the DagBag from /Users/alookso/1007MLpj/myenv/lib/python3.10/site-packages/airflow/example_dags/example_kubernetes_executor.py
[2024-10-08T17:56:28.836+0900] {logging_mixin.py:190} INFO - [2024-10-08T17:56:28.836+0900] {example_kubernetes_executor.py:39} WARNING - The example_kubernetes_executor example DAG requires the kubernetes provider. Please install it with: pip install apache-airflow[cncf.kubernetes]
[2024-10-08T17:56:28.837+0900] {processor.py:927} WARNING - No viable dags retrieved from /Users/alookso/1007MLpj/myenv/lib/python3.10/site-packages/airflow/example_dags/example_kubernetes_executor.py
[2024-10-08T17:56:28.956+0900] {processor.py:208} INFO - Processing /Users/alookso/1007MLpj/myenv/lib/python3.10/site-packages/airflow/example_dags/example_kubernetes_executor.py took 0.164 seconds
[2024-10-08T18:01:19.274+0900] {processor.py:186} INFO - Started process (PID=27563) to work on /Users/alookso/1007MLpj/myenv/lib/python3.10/site-packages/airflow/example_dags/example_kubernetes_executor.py
[2024-10-08T18:01:19.275+0900] {processor.py:914} INFO - Processing file /Users/alookso/1007MLpj/myenv/lib/python3.10/site-packages/airflow/example_dags/example_kubernetes_executor.py for tasks to queue
[2024-10-08T18:01:19.276+0900] {logging_mixin.py:190} INFO - [2024-10-08T18:01:19.276+0900] {dagbag.py:588} INFO - Filling up the DagBag from /Users/alookso/1007MLpj/myenv/lib/python3.10/site-packages/airflow/example_dags/example_kubernetes_executor.py
[2024-10-08T18:01:19.313+0900] {logging_mixin.py:190} INFO - [2024-10-08T18:01:19.313+0900] {example_kubernetes_executor.py:39} WARNING - The example_kubernetes_executor example DAG requires the kubernetes provider. Please install it with: pip install apache-airflow[cncf.kubernetes]
[2024-10-08T18:01:19.313+0900] {processor.py:927} WARNING - No viable dags retrieved from /Users/alookso/1007MLpj/myenv/lib/python3.10/site-packages/airflow/example_dags/example_kubernetes_executor.py
[2024-10-08T18:01:19.432+0900] {processor.py:208} INFO - Processing /Users/alookso/1007MLpj/myenv/lib/python3.10/site-packages/airflow/example_dags/example_kubernetes_executor.py took 0.162 seconds
[2024-10-08T18:07:26.372+0900] {processor.py:186} INFO - Started process (PID=27785) to work on /Users/alookso/1007MLpj/myenv/lib/python3.10/site-packages/airflow/example_dags/example_kubernetes_executor.py
[2024-10-08T18:07:26.373+0900] {processor.py:914} INFO - Processing file /Users/alookso/1007MLpj/myenv/lib/python3.10/site-packages/airflow/example_dags/example_kubernetes_executor.py for tasks to queue
[2024-10-08T18:07:26.374+0900] {logging_mixin.py:190} INFO - [2024-10-08T18:07:26.373+0900] {dagbag.py:588} INFO - Filling up the DagBag from /Users/alookso/1007MLpj/myenv/lib/python3.10/site-packages/airflow/example_dags/example_kubernetes_executor.py
[2024-10-08T18:07:26.412+0900] {logging_mixin.py:190} INFO - [2024-10-08T18:07:26.412+0900] {example_kubernetes_executor.py:39} WARNING - The example_kubernetes_executor example DAG requires the kubernetes provider. Please install it with: pip install apache-airflow[cncf.kubernetes]
[2024-10-08T18:07:26.412+0900] {processor.py:927} WARNING - No viable dags retrieved from /Users/alookso/1007MLpj/myenv/lib/python3.10/site-packages/airflow/example_dags/example_kubernetes_executor.py
[2024-10-08T18:07:26.532+0900] {processor.py:208} INFO - Processing /Users/alookso/1007MLpj/myenv/lib/python3.10/site-packages/airflow/example_dags/example_kubernetes_executor.py took 0.164 seconds
[2024-10-08T18:11:06.433+0900] {processor.py:186} INFO - Started process (PID=27901) to work on /Users/alookso/1007MLpj/myenv/lib/python3.10/site-packages/airflow/example_dags/example_kubernetes_executor.py
[2024-10-08T18:11:06.434+0900] {processor.py:914} INFO - Processing file /Users/alookso/1007MLpj/myenv/lib/python3.10/site-packages/airflow/example_dags/example_kubernetes_executor.py for tasks to queue
[2024-10-08T18:11:06.435+0900] {logging_mixin.py:190} INFO - [2024-10-08T18:11:06.435+0900] {dagbag.py:588} INFO - Filling up the DagBag from /Users/alookso/1007MLpj/myenv/lib/python3.10/site-packages/airflow/example_dags/example_kubernetes_executor.py
[2024-10-08T18:11:06.475+0900] {logging_mixin.py:190} INFO - [2024-10-08T18:11:06.475+0900] {example_kubernetes_executor.py:39} WARNING - The example_kubernetes_executor example DAG requires the kubernetes provider. Please install it with: pip install apache-airflow[cncf.kubernetes]
[2024-10-08T18:11:06.475+0900] {processor.py:927} WARNING - No viable dags retrieved from /Users/alookso/1007MLpj/myenv/lib/python3.10/site-packages/airflow/example_dags/example_kubernetes_executor.py
[2024-10-08T18:11:06.599+0900] {processor.py:208} INFO - Processing /Users/alookso/1007MLpj/myenv/lib/python3.10/site-packages/airflow/example_dags/example_kubernetes_executor.py took 0.173 seconds
[2024-10-08T18:14:17.092+0900] {processor.py:186} INFO - Started process (PID=28002) to work on /Users/alookso/1007MLpj/myenv/lib/python3.10/site-packages/airflow/example_dags/example_kubernetes_executor.py
[2024-10-08T18:14:17.093+0900] {processor.py:914} INFO - Processing file /Users/alookso/1007MLpj/myenv/lib/python3.10/site-packages/airflow/example_dags/example_kubernetes_executor.py for tasks to queue
[2024-10-08T18:14:17.094+0900] {logging_mixin.py:190} INFO - [2024-10-08T18:14:17.094+0900] {dagbag.py:588} INFO - Filling up the DagBag from /Users/alookso/1007MLpj/myenv/lib/python3.10/site-packages/airflow/example_dags/example_kubernetes_executor.py
[2024-10-08T18:14:17.134+0900] {logging_mixin.py:190} INFO - [2024-10-08T18:14:17.133+0900] {example_kubernetes_executor.py:39} WARNING - The example_kubernetes_executor example DAG requires the kubernetes provider. Please install it with: pip install apache-airflow[cncf.kubernetes]
[2024-10-08T18:14:17.134+0900] {processor.py:927} WARNING - No viable dags retrieved from /Users/alookso/1007MLpj/myenv/lib/python3.10/site-packages/airflow/example_dags/example_kubernetes_executor.py
[2024-10-08T18:14:17.253+0900] {processor.py:208} INFO - Processing /Users/alookso/1007MLpj/myenv/lib/python3.10/site-packages/airflow/example_dags/example_kubernetes_executor.py took 0.165 seconds
[2024-10-08T18:17:26.987+0900] {processor.py:186} INFO - Started process (PID=28090) to work on /Users/alookso/1007MLpj/myenv/lib/python3.10/site-packages/airflow/example_dags/example_kubernetes_executor.py
[2024-10-08T18:17:26.988+0900] {processor.py:914} INFO - Processing file /Users/alookso/1007MLpj/myenv/lib/python3.10/site-packages/airflow/example_dags/example_kubernetes_executor.py for tasks to queue
[2024-10-08T18:17:26.989+0900] {logging_mixin.py:190} INFO - [2024-10-08T18:17:26.989+0900] {dagbag.py:588} INFO - Filling up the DagBag from /Users/alookso/1007MLpj/myenv/lib/python3.10/site-packages/airflow/example_dags/example_kubernetes_executor.py
[2024-10-08T18:17:27.027+0900] {logging_mixin.py:190} INFO - [2024-10-08T18:17:27.027+0900] {example_kubernetes_executor.py:39} WARNING - The example_kubernetes_executor example DAG requires the kubernetes provider. Please install it with: pip install apache-airflow[cncf.kubernetes]
[2024-10-08T18:17:27.028+0900] {processor.py:927} WARNING - No viable dags retrieved from /Users/alookso/1007MLpj/myenv/lib/python3.10/site-packages/airflow/example_dags/example_kubernetes_executor.py
[2024-10-08T18:17:27.148+0900] {processor.py:208} INFO - Processing /Users/alookso/1007MLpj/myenv/lib/python3.10/site-packages/airflow/example_dags/example_kubernetes_executor.py took 0.166 seconds
[2024-10-08T18:47:55.575+0900] {processor.py:186} INFO - Started process (PID=29290) to work on /Users/alookso/1007MLpj/myenv/lib/python3.10/site-packages/airflow/example_dags/example_kubernetes_executor.py
[2024-10-08T18:47:55.576+0900] {processor.py:914} INFO - Processing file /Users/alookso/1007MLpj/myenv/lib/python3.10/site-packages/airflow/example_dags/example_kubernetes_executor.py for tasks to queue
[2024-10-08T18:47:55.577+0900] {logging_mixin.py:190} INFO - [2024-10-08T18:47:55.577+0900] {dagbag.py:588} INFO - Filling up the DagBag from /Users/alookso/1007MLpj/myenv/lib/python3.10/site-packages/airflow/example_dags/example_kubernetes_executor.py
[2024-10-08T18:47:55.614+0900] {logging_mixin.py:190} INFO - [2024-10-08T18:47:55.614+0900] {example_kubernetes_executor.py:39} WARNING - The example_kubernetes_executor example DAG requires the kubernetes provider. Please install it with: pip install apache-airflow[cncf.kubernetes]
[2024-10-08T18:47:55.615+0900] {processor.py:927} WARNING - No viable dags retrieved from /Users/alookso/1007MLpj/myenv/lib/python3.10/site-packages/airflow/example_dags/example_kubernetes_executor.py
[2024-10-08T18:47:55.734+0900] {processor.py:208} INFO - Processing /Users/alookso/1007MLpj/myenv/lib/python3.10/site-packages/airflow/example_dags/example_kubernetes_executor.py took 0.164 seconds
