[2024-10-08T14:44:10.223+0900] {processor.py:186} INFO - Started process (PID=22256) to work on /Users/alookso/1007MLpj/myenv/lib/python3.10/site-packages/airflow/example_dags/example_subdag_operator.py
[2024-10-08T14:44:10.224+0900] {processor.py:914} INFO - Processing file /Users/alookso/1007MLpj/myenv/lib/python3.10/site-packages/airflow/example_dags/example_subdag_operator.py for tasks to queue
[2024-10-08T14:44:10.225+0900] {logging_mixin.py:190} INFO - [2024-10-08T14:44:10.225+0900] {dagbag.py:588} INFO - Filling up the DagBag from /Users/alookso/1007MLpj/myenv/lib/python3.10/site-packages/airflow/example_dags/example_subdag_operator.py
[2024-10-08T14:44:10.365+0900] {processor.py:925} INFO - DAG(s) 'example_subdag_operator.section-1', 'example_subdag_operator.section-2', 'example_subdag_operator' retrieved from /Users/alookso/1007MLpj/myenv/lib/python3.10/site-packages/airflow/example_dags/example_subdag_operator.py
[2024-10-08T14:44:11.211+0900] {logging_mixin.py:190} INFO - [2024-10-08T14:44:11.211+0900] {override.py:1901} INFO - Created Permission View: can read on DAG:example_subdag_operator
[2024-10-08T14:44:11.222+0900] {logging_mixin.py:190} INFO - [2024-10-08T14:44:11.222+0900] {override.py:1901} INFO - Created Permission View: can edit on DAG:example_subdag_operator
[2024-10-08T14:44:11.230+0900] {logging_mixin.py:190} INFO - [2024-10-08T14:44:11.229+0900] {override.py:1901} INFO - Created Permission View: can delete on DAG:example_subdag_operator
[2024-10-08T14:44:11.240+0900] {logging_mixin.py:190} INFO - [2024-10-08T14:44:11.239+0900] {override.py:1901} INFO - Created Permission View: can read on DAG Run:example_subdag_operator
[2024-10-08T14:44:11.247+0900] {logging_mixin.py:190} INFO - [2024-10-08T14:44:11.246+0900] {override.py:1901} INFO - Created Permission View: can create on DAG Run:example_subdag_operator
[2024-10-08T14:44:11.254+0900] {logging_mixin.py:190} INFO - [2024-10-08T14:44:11.254+0900] {override.py:1901} INFO - Created Permission View: can delete on DAG Run:example_subdag_operator
[2024-10-08T14:44:11.261+0900] {logging_mixin.py:190} INFO - [2024-10-08T14:44:11.261+0900] {override.py:1901} INFO - Created Permission View: menu access on DAG Run:example_subdag_operator
[2024-10-08T14:44:11.262+0900] {logging_mixin.py:190} INFO - [2024-10-08T14:44:11.262+0900] {dag.py:3239} INFO - Sync 3 DAGs
[2024-10-08T14:44:11.278+0900] {logging_mixin.py:190} INFO - [2024-10-08T14:44:11.277+0900] {dag.py:3262} INFO - Creating ORM DAG for example_subdag_operator
[2024-10-08T14:44:11.278+0900] {logging_mixin.py:190} INFO - [2024-10-08T14:44:11.278+0900] {dag.py:3262} INFO - Creating ORM DAG for example_subdag_operator.section-2
[2024-10-08T14:44:11.279+0900] {logging_mixin.py:190} INFO - [2024-10-08T14:44:11.279+0900] {dag.py:3262} INFO - Creating ORM DAG for example_subdag_operator.section-1
[2024-10-08T14:44:11.288+0900] {logging_mixin.py:190} INFO - [2024-10-08T14:44:11.287+0900] {dag.py:4180} INFO - Setting next_dagrun for example_subdag_operator to 2022-01-01T00:00:00+00:00, run_after=2022-01-01T00:00:00+00:00
[2024-10-08T14:44:11.288+0900] {logging_mixin.py:190} INFO - [2024-10-08T14:44:11.288+0900] {dag.py:4180} INFO - Setting next_dagrun for example_subdag_operator.section-1 to None, run_after=None
[2024-10-08T14:44:11.289+0900] {logging_mixin.py:190} INFO - [2024-10-08T14:44:11.289+0900] {dag.py:4180} INFO - Setting next_dagrun for example_subdag_operator.section-2 to None, run_after=None
[2024-10-08T14:44:11.296+0900] {logging_mixin.py:190} INFO - [2024-10-08T14:44:11.296+0900] {dag.py:3239} INFO - Sync 2 DAGs
[2024-10-08T14:44:11.301+0900] {logging_mixin.py:190} INFO - [2024-10-08T14:44:11.301+0900] {dag.py:4180} INFO - Setting next_dagrun for example_subdag_operator.section-1 to None, run_after=None
[2024-10-08T14:44:11.304+0900] {logging_mixin.py:190} INFO - [2024-10-08T14:44:11.304+0900] {dag.py:4180} INFO - Setting next_dagrun for example_subdag_operator.section-2 to None, run_after=None
[2024-10-08T14:44:11.318+0900] {processor.py:208} INFO - Processing /Users/alookso/1007MLpj/myenv/lib/python3.10/site-packages/airflow/example_dags/example_subdag_operator.py took 1.100 seconds
[2024-10-08T14:47:57.574+0900] {processor.py:186} INFO - Started process (PID=22346) to work on /Users/alookso/1007MLpj/myenv/lib/python3.10/site-packages/airflow/example_dags/example_subdag_operator.py
[2024-10-08T14:47:57.575+0900] {processor.py:914} INFO - Processing file /Users/alookso/1007MLpj/myenv/lib/python3.10/site-packages/airflow/example_dags/example_subdag_operator.py for tasks to queue
[2024-10-08T14:47:57.576+0900] {logging_mixin.py:190} INFO - [2024-10-08T14:47:57.576+0900] {dagbag.py:588} INFO - Filling up the DagBag from /Users/alookso/1007MLpj/myenv/lib/python3.10/site-packages/airflow/example_dags/example_subdag_operator.py
[2024-10-08T14:47:57.717+0900] {processor.py:925} INFO - DAG(s) 'example_subdag_operator.section-1', 'example_subdag_operator.section-2', 'example_subdag_operator' retrieved from /Users/alookso/1007MLpj/myenv/lib/python3.10/site-packages/airflow/example_dags/example_subdag_operator.py
[2024-10-08T14:47:58.498+0900] {logging_mixin.py:190} INFO - [2024-10-08T14:47:58.497+0900] {dag.py:3239} INFO - Sync 3 DAGs
[2024-10-08T14:47:58.519+0900] {logging_mixin.py:190} INFO - [2024-10-08T14:47:58.519+0900] {dag.py:4180} INFO - Setting next_dagrun for example_subdag_operator to 2022-01-01T00:00:00+00:00, run_after=2022-01-01T00:00:00+00:00
[2024-10-08T14:47:58.523+0900] {logging_mixin.py:190} INFO - [2024-10-08T14:47:58.523+0900] {dag.py:4180} INFO - Setting next_dagrun for example_subdag_operator.section-1 to None, run_after=None
[2024-10-08T14:47:58.524+0900] {logging_mixin.py:190} INFO - [2024-10-08T14:47:58.524+0900] {dag.py:4180} INFO - Setting next_dagrun for example_subdag_operator.section-2 to None, run_after=None
[2024-10-08T14:47:58.531+0900] {logging_mixin.py:190} INFO - [2024-10-08T14:47:58.530+0900] {dag.py:3239} INFO - Sync 2 DAGs
[2024-10-08T14:47:58.535+0900] {logging_mixin.py:190} INFO - [2024-10-08T14:47:58.535+0900] {dag.py:4180} INFO - Setting next_dagrun for example_subdag_operator.section-1 to None, run_after=None
[2024-10-08T14:47:58.536+0900] {logging_mixin.py:190} INFO - [2024-10-08T14:47:58.535+0900] {dag.py:4180} INFO - Setting next_dagrun for example_subdag_operator.section-2 to None, run_after=None
[2024-10-08T14:47:58.549+0900] {processor.py:208} INFO - Processing /Users/alookso/1007MLpj/myenv/lib/python3.10/site-packages/airflow/example_dags/example_subdag_operator.py took 0.980 seconds
[2024-10-08T14:51:04.640+0900] {processor.py:186} INFO - Started process (PID=22421) to work on /Users/alookso/1007MLpj/myenv/lib/python3.10/site-packages/airflow/example_dags/example_subdag_operator.py
[2024-10-08T14:51:04.641+0900] {processor.py:914} INFO - Processing file /Users/alookso/1007MLpj/myenv/lib/python3.10/site-packages/airflow/example_dags/example_subdag_operator.py for tasks to queue
[2024-10-08T14:51:04.642+0900] {logging_mixin.py:190} INFO - [2024-10-08T14:51:04.642+0900] {dagbag.py:588} INFO - Filling up the DagBag from /Users/alookso/1007MLpj/myenv/lib/python3.10/site-packages/airflow/example_dags/example_subdag_operator.py
[2024-10-08T14:51:04.776+0900] {processor.py:925} INFO - DAG(s) 'example_subdag_operator.section-1', 'example_subdag_operator.section-2', 'example_subdag_operator' retrieved from /Users/alookso/1007MLpj/myenv/lib/python3.10/site-packages/airflow/example_dags/example_subdag_operator.py
[2024-10-08T14:51:05.496+0900] {logging_mixin.py:190} INFO - [2024-10-08T14:51:05.495+0900] {dag.py:3239} INFO - Sync 3 DAGs
[2024-10-08T14:51:05.516+0900] {logging_mixin.py:190} INFO - [2024-10-08T14:51:05.516+0900] {dag.py:4180} INFO - Setting next_dagrun for example_subdag_operator to 2022-01-01T00:00:00+00:00, run_after=2022-01-01T00:00:00+00:00
[2024-10-08T14:51:05.519+0900] {logging_mixin.py:190} INFO - [2024-10-08T14:51:05.519+0900] {dag.py:4180} INFO - Setting next_dagrun for example_subdag_operator.section-1 to None, run_after=None
[2024-10-08T14:51:05.521+0900] {logging_mixin.py:190} INFO - [2024-10-08T14:51:05.520+0900] {dag.py:4180} INFO - Setting next_dagrun for example_subdag_operator.section-2 to None, run_after=None
[2024-10-08T14:51:05.527+0900] {logging_mixin.py:190} INFO - [2024-10-08T14:51:05.526+0900] {dag.py:3239} INFO - Sync 2 DAGs
[2024-10-08T14:51:05.531+0900] {logging_mixin.py:190} INFO - [2024-10-08T14:51:05.531+0900] {dag.py:4180} INFO - Setting next_dagrun for example_subdag_operator.section-1 to None, run_after=None
[2024-10-08T14:51:05.531+0900] {logging_mixin.py:190} INFO - [2024-10-08T14:51:05.531+0900] {dag.py:4180} INFO - Setting next_dagrun for example_subdag_operator.section-2 to None, run_after=None
[2024-10-08T14:51:05.545+0900] {processor.py:208} INFO - Processing /Users/alookso/1007MLpj/myenv/lib/python3.10/site-packages/airflow/example_dags/example_subdag_operator.py took 0.909 seconds
[2024-10-08T14:54:12.952+0900] {processor.py:186} INFO - Started process (PID=22544) to work on /Users/alookso/1007MLpj/myenv/lib/python3.10/site-packages/airflow/example_dags/example_subdag_operator.py
[2024-10-08T14:54:12.953+0900] {processor.py:914} INFO - Processing file /Users/alookso/1007MLpj/myenv/lib/python3.10/site-packages/airflow/example_dags/example_subdag_operator.py for tasks to queue
[2024-10-08T14:54:12.954+0900] {logging_mixin.py:190} INFO - [2024-10-08T14:54:12.954+0900] {dagbag.py:588} INFO - Filling up the DagBag from /Users/alookso/1007MLpj/myenv/lib/python3.10/site-packages/airflow/example_dags/example_subdag_operator.py
[2024-10-08T14:54:13.092+0900] {processor.py:925} INFO - DAG(s) 'example_subdag_operator.section-1', 'example_subdag_operator.section-2', 'example_subdag_operator' retrieved from /Users/alookso/1007MLpj/myenv/lib/python3.10/site-packages/airflow/example_dags/example_subdag_operator.py
[2024-10-08T14:54:13.814+0900] {logging_mixin.py:190} INFO - [2024-10-08T14:54:13.814+0900] {dag.py:3239} INFO - Sync 3 DAGs
[2024-10-08T14:54:13.835+0900] {logging_mixin.py:190} INFO - [2024-10-08T14:54:13.835+0900] {dag.py:4180} INFO - Setting next_dagrun for example_subdag_operator to 2022-01-01T00:00:00+00:00, run_after=2022-01-01T00:00:00+00:00
[2024-10-08T14:54:13.838+0900] {logging_mixin.py:190} INFO - [2024-10-08T14:54:13.838+0900] {dag.py:4180} INFO - Setting next_dagrun for example_subdag_operator.section-1 to None, run_after=None
[2024-10-08T14:54:13.839+0900] {logging_mixin.py:190} INFO - [2024-10-08T14:54:13.839+0900] {dag.py:4180} INFO - Setting next_dagrun for example_subdag_operator.section-2 to None, run_after=None
[2024-10-08T14:54:13.845+0900] {logging_mixin.py:190} INFO - [2024-10-08T14:54:13.845+0900] {dag.py:3239} INFO - Sync 2 DAGs
[2024-10-08T14:54:13.850+0900] {logging_mixin.py:190} INFO - [2024-10-08T14:54:13.850+0900] {dag.py:4180} INFO - Setting next_dagrun for example_subdag_operator.section-1 to None, run_after=None
[2024-10-08T14:54:13.850+0900] {logging_mixin.py:190} INFO - [2024-10-08T14:54:13.850+0900] {dag.py:4180} INFO - Setting next_dagrun for example_subdag_operator.section-2 to None, run_after=None
[2024-10-08T14:54:13.864+0900] {processor.py:208} INFO - Processing /Users/alookso/1007MLpj/myenv/lib/python3.10/site-packages/airflow/example_dags/example_subdag_operator.py took 0.917 seconds
[2024-10-08T14:57:20.806+0900] {processor.py:186} INFO - Started process (PID=22660) to work on /Users/alookso/1007MLpj/myenv/lib/python3.10/site-packages/airflow/example_dags/example_subdag_operator.py
[2024-10-08T14:57:20.806+0900] {processor.py:914} INFO - Processing file /Users/alookso/1007MLpj/myenv/lib/python3.10/site-packages/airflow/example_dags/example_subdag_operator.py for tasks to queue
[2024-10-08T14:57:20.807+0900] {logging_mixin.py:190} INFO - [2024-10-08T14:57:20.807+0900] {dagbag.py:588} INFO - Filling up the DagBag from /Users/alookso/1007MLpj/myenv/lib/python3.10/site-packages/airflow/example_dags/example_subdag_operator.py
[2024-10-08T14:57:20.946+0900] {processor.py:925} INFO - DAG(s) 'example_subdag_operator.section-1', 'example_subdag_operator.section-2', 'example_subdag_operator' retrieved from /Users/alookso/1007MLpj/myenv/lib/python3.10/site-packages/airflow/example_dags/example_subdag_operator.py
[2024-10-08T14:57:21.709+0900] {logging_mixin.py:190} INFO - [2024-10-08T14:57:21.709+0900] {dag.py:3239} INFO - Sync 3 DAGs
[2024-10-08T14:57:21.731+0900] {logging_mixin.py:190} INFO - [2024-10-08T14:57:21.731+0900] {dag.py:4180} INFO - Setting next_dagrun for example_subdag_operator to 2022-01-01T00:00:00+00:00, run_after=2022-01-01T00:00:00+00:00
[2024-10-08T14:57:21.735+0900] {logging_mixin.py:190} INFO - [2024-10-08T14:57:21.735+0900] {dag.py:4180} INFO - Setting next_dagrun for example_subdag_operator.section-1 to None, run_after=None
[2024-10-08T14:57:21.736+0900] {logging_mixin.py:190} INFO - [2024-10-08T14:57:21.736+0900] {dag.py:4180} INFO - Setting next_dagrun for example_subdag_operator.section-2 to None, run_after=None
[2024-10-08T14:57:21.743+0900] {logging_mixin.py:190} INFO - [2024-10-08T14:57:21.743+0900] {dag.py:3239} INFO - Sync 2 DAGs
[2024-10-08T14:57:21.748+0900] {logging_mixin.py:190} INFO - [2024-10-08T14:57:21.748+0900] {dag.py:4180} INFO - Setting next_dagrun for example_subdag_operator.section-1 to None, run_after=None
[2024-10-08T14:57:21.748+0900] {logging_mixin.py:190} INFO - [2024-10-08T14:57:21.748+0900] {dag.py:4180} INFO - Setting next_dagrun for example_subdag_operator.section-2 to None, run_after=None
[2024-10-08T14:57:21.763+0900] {processor.py:208} INFO - Processing /Users/alookso/1007MLpj/myenv/lib/python3.10/site-packages/airflow/example_dags/example_subdag_operator.py took 0.963 seconds
[2024-10-08T15:00:30.462+0900] {processor.py:186} INFO - Started process (PID=22767) to work on /Users/alookso/1007MLpj/myenv/lib/python3.10/site-packages/airflow/example_dags/example_subdag_operator.py
[2024-10-08T15:00:30.463+0900] {processor.py:914} INFO - Processing file /Users/alookso/1007MLpj/myenv/lib/python3.10/site-packages/airflow/example_dags/example_subdag_operator.py for tasks to queue
[2024-10-08T15:00:30.463+0900] {logging_mixin.py:190} INFO - [2024-10-08T15:00:30.463+0900] {dagbag.py:588} INFO - Filling up the DagBag from /Users/alookso/1007MLpj/myenv/lib/python3.10/site-packages/airflow/example_dags/example_subdag_operator.py
[2024-10-08T15:00:30.604+0900] {processor.py:925} INFO - DAG(s) 'example_subdag_operator.section-1', 'example_subdag_operator.section-2', 'example_subdag_operator' retrieved from /Users/alookso/1007MLpj/myenv/lib/python3.10/site-packages/airflow/example_dags/example_subdag_operator.py
[2024-10-08T15:00:31.322+0900] {logging_mixin.py:190} INFO - [2024-10-08T15:00:31.322+0900] {dag.py:3239} INFO - Sync 3 DAGs
[2024-10-08T15:00:31.344+0900] {logging_mixin.py:190} INFO - [2024-10-08T15:00:31.343+0900] {dag.py:4180} INFO - Setting next_dagrun for example_subdag_operator to 2022-01-01T00:00:00+00:00, run_after=2022-01-01T00:00:00+00:00
[2024-10-08T15:00:31.347+0900] {logging_mixin.py:190} INFO - [2024-10-08T15:00:31.347+0900] {dag.py:4180} INFO - Setting next_dagrun for example_subdag_operator.section-1 to None, run_after=None
[2024-10-08T15:00:31.348+0900] {logging_mixin.py:190} INFO - [2024-10-08T15:00:31.348+0900] {dag.py:4180} INFO - Setting next_dagrun for example_subdag_operator.section-2 to None, run_after=None
[2024-10-08T15:00:31.354+0900] {logging_mixin.py:190} INFO - [2024-10-08T15:00:31.354+0900] {dag.py:3239} INFO - Sync 2 DAGs
[2024-10-08T15:00:31.358+0900] {logging_mixin.py:190} INFO - [2024-10-08T15:00:31.358+0900] {dag.py:4180} INFO - Setting next_dagrun for example_subdag_operator.section-1 to None, run_after=None
[2024-10-08T15:00:31.359+0900] {logging_mixin.py:190} INFO - [2024-10-08T15:00:31.358+0900] {dag.py:4180} INFO - Setting next_dagrun for example_subdag_operator.section-2 to None, run_after=None
[2024-10-08T15:00:31.373+0900] {processor.py:208} INFO - Processing /Users/alookso/1007MLpj/myenv/lib/python3.10/site-packages/airflow/example_dags/example_subdag_operator.py took 0.916 seconds
[2024-10-08T15:03:38.928+0900] {processor.py:186} INFO - Started process (PID=22853) to work on /Users/alookso/1007MLpj/myenv/lib/python3.10/site-packages/airflow/example_dags/example_subdag_operator.py
[2024-10-08T15:03:38.929+0900] {processor.py:914} INFO - Processing file /Users/alookso/1007MLpj/myenv/lib/python3.10/site-packages/airflow/example_dags/example_subdag_operator.py for tasks to queue
[2024-10-08T15:03:38.930+0900] {logging_mixin.py:190} INFO - [2024-10-08T15:03:38.930+0900] {dagbag.py:588} INFO - Filling up the DagBag from /Users/alookso/1007MLpj/myenv/lib/python3.10/site-packages/airflow/example_dags/example_subdag_operator.py
[2024-10-08T15:03:39.066+0900] {processor.py:925} INFO - DAG(s) 'example_subdag_operator.section-1', 'example_subdag_operator.section-2', 'example_subdag_operator' retrieved from /Users/alookso/1007MLpj/myenv/lib/python3.10/site-packages/airflow/example_dags/example_subdag_operator.py
[2024-10-08T15:03:39.796+0900] {logging_mixin.py:190} INFO - [2024-10-08T15:03:39.795+0900] {dag.py:3239} INFO - Sync 3 DAGs
[2024-10-08T15:03:39.817+0900] {logging_mixin.py:190} INFO - [2024-10-08T15:03:39.817+0900] {dag.py:4180} INFO - Setting next_dagrun for example_subdag_operator to 2022-01-01T00:00:00+00:00, run_after=2022-01-01T00:00:00+00:00
[2024-10-08T15:03:39.821+0900] {logging_mixin.py:190} INFO - [2024-10-08T15:03:39.821+0900] {dag.py:4180} INFO - Setting next_dagrun for example_subdag_operator.section-1 to None, run_after=None
[2024-10-08T15:03:39.822+0900] {logging_mixin.py:190} INFO - [2024-10-08T15:03:39.822+0900] {dag.py:4180} INFO - Setting next_dagrun for example_subdag_operator.section-2 to None, run_after=None
[2024-10-08T15:03:39.828+0900] {logging_mixin.py:190} INFO - [2024-10-08T15:03:39.828+0900] {dag.py:3239} INFO - Sync 2 DAGs
[2024-10-08T15:03:39.833+0900] {logging_mixin.py:190} INFO - [2024-10-08T15:03:39.833+0900] {dag.py:4180} INFO - Setting next_dagrun for example_subdag_operator.section-1 to None, run_after=None
[2024-10-08T15:03:39.833+0900] {logging_mixin.py:190} INFO - [2024-10-08T15:03:39.833+0900] {dag.py:4180} INFO - Setting next_dagrun for example_subdag_operator.section-2 to None, run_after=None
[2024-10-08T15:03:39.847+0900] {processor.py:208} INFO - Processing /Users/alookso/1007MLpj/myenv/lib/python3.10/site-packages/airflow/example_dags/example_subdag_operator.py took 0.924 seconds
[2024-10-08T15:06:43.217+0900] {processor.py:186} INFO - Started process (PID=22939) to work on /Users/alookso/1007MLpj/myenv/lib/python3.10/site-packages/airflow/example_dags/example_subdag_operator.py
[2024-10-08T15:06:43.218+0900] {processor.py:914} INFO - Processing file /Users/alookso/1007MLpj/myenv/lib/python3.10/site-packages/airflow/example_dags/example_subdag_operator.py for tasks to queue
[2024-10-08T15:06:43.219+0900] {logging_mixin.py:190} INFO - [2024-10-08T15:06:43.219+0900] {dagbag.py:588} INFO - Filling up the DagBag from /Users/alookso/1007MLpj/myenv/lib/python3.10/site-packages/airflow/example_dags/example_subdag_operator.py
[2024-10-08T15:06:43.355+0900] {processor.py:925} INFO - DAG(s) 'example_subdag_operator.section-1', 'example_subdag_operator.section-2', 'example_subdag_operator' retrieved from /Users/alookso/1007MLpj/myenv/lib/python3.10/site-packages/airflow/example_dags/example_subdag_operator.py
[2024-10-08T15:06:44.131+0900] {logging_mixin.py:190} INFO - [2024-10-08T15:06:44.130+0900] {dag.py:3239} INFO - Sync 3 DAGs
[2024-10-08T15:06:44.153+0900] {logging_mixin.py:190} INFO - [2024-10-08T15:06:44.153+0900] {dag.py:4180} INFO - Setting next_dagrun for example_subdag_operator to 2022-01-01T00:00:00+00:00, run_after=2022-01-01T00:00:00+00:00
[2024-10-08T15:06:44.156+0900] {logging_mixin.py:190} INFO - [2024-10-08T15:06:44.156+0900] {dag.py:4180} INFO - Setting next_dagrun for example_subdag_operator.section-1 to None, run_after=None
[2024-10-08T15:06:44.157+0900] {logging_mixin.py:190} INFO - [2024-10-08T15:06:44.157+0900] {dag.py:4180} INFO - Setting next_dagrun for example_subdag_operator.section-2 to None, run_after=None
[2024-10-08T15:06:44.163+0900] {logging_mixin.py:190} INFO - [2024-10-08T15:06:44.163+0900] {dag.py:3239} INFO - Sync 2 DAGs
[2024-10-08T15:06:44.168+0900] {logging_mixin.py:190} INFO - [2024-10-08T15:06:44.167+0900] {dag.py:4180} INFO - Setting next_dagrun for example_subdag_operator.section-1 to None, run_after=None
[2024-10-08T15:06:44.168+0900] {logging_mixin.py:190} INFO - [2024-10-08T15:06:44.168+0900] {dag.py:4180} INFO - Setting next_dagrun for example_subdag_operator.section-2 to None, run_after=None
[2024-10-08T15:06:44.182+0900] {processor.py:208} INFO - Processing /Users/alookso/1007MLpj/myenv/lib/python3.10/site-packages/airflow/example_dags/example_subdag_operator.py took 0.969 seconds
[2024-10-08T15:09:50.229+0900] {processor.py:186} INFO - Started process (PID=23063) to work on /Users/alookso/1007MLpj/myenv/lib/python3.10/site-packages/airflow/example_dags/example_subdag_operator.py
[2024-10-08T15:09:50.230+0900] {processor.py:914} INFO - Processing file /Users/alookso/1007MLpj/myenv/lib/python3.10/site-packages/airflow/example_dags/example_subdag_operator.py for tasks to queue
[2024-10-08T15:09:50.231+0900] {logging_mixin.py:190} INFO - [2024-10-08T15:09:50.231+0900] {dagbag.py:588} INFO - Filling up the DagBag from /Users/alookso/1007MLpj/myenv/lib/python3.10/site-packages/airflow/example_dags/example_subdag_operator.py
[2024-10-08T15:09:50.368+0900] {processor.py:925} INFO - DAG(s) 'example_subdag_operator.section-1', 'example_subdag_operator.section-2', 'example_subdag_operator' retrieved from /Users/alookso/1007MLpj/myenv/lib/python3.10/site-packages/airflow/example_dags/example_subdag_operator.py
[2024-10-08T15:09:51.070+0900] {logging_mixin.py:190} INFO - [2024-10-08T15:09:51.069+0900] {dag.py:3239} INFO - Sync 3 DAGs
[2024-10-08T15:09:51.090+0900] {logging_mixin.py:190} INFO - [2024-10-08T15:09:51.090+0900] {dag.py:4180} INFO - Setting next_dagrun for example_subdag_operator to 2022-01-01T00:00:00+00:00, run_after=2022-01-01T00:00:00+00:00
[2024-10-08T15:09:51.093+0900] {logging_mixin.py:190} INFO - [2024-10-08T15:09:51.093+0900] {dag.py:4180} INFO - Setting next_dagrun for example_subdag_operator.section-1 to None, run_after=None
[2024-10-08T15:09:51.094+0900] {logging_mixin.py:190} INFO - [2024-10-08T15:09:51.094+0900] {dag.py:4180} INFO - Setting next_dagrun for example_subdag_operator.section-2 to None, run_after=None
[2024-10-08T15:09:51.100+0900] {logging_mixin.py:190} INFO - [2024-10-08T15:09:51.100+0900] {dag.py:3239} INFO - Sync 2 DAGs
[2024-10-08T15:09:51.104+0900] {logging_mixin.py:190} INFO - [2024-10-08T15:09:51.104+0900] {dag.py:4180} INFO - Setting next_dagrun for example_subdag_operator.section-1 to None, run_after=None
[2024-10-08T15:09:51.105+0900] {logging_mixin.py:190} INFO - [2024-10-08T15:09:51.105+0900] {dag.py:4180} INFO - Setting next_dagrun for example_subdag_operator.section-2 to None, run_after=None
[2024-10-08T15:09:51.118+0900] {processor.py:208} INFO - Processing /Users/alookso/1007MLpj/myenv/lib/python3.10/site-packages/airflow/example_dags/example_subdag_operator.py took 0.894 seconds
[2024-10-08T15:12:48.298+0900] {processor.py:186} INFO - Started process (PID=23146) to work on /Users/alookso/1007MLpj/myenv/lib/python3.10/site-packages/airflow/example_dags/example_subdag_operator.py
[2024-10-08T15:12:48.299+0900] {processor.py:914} INFO - Processing file /Users/alookso/1007MLpj/myenv/lib/python3.10/site-packages/airflow/example_dags/example_subdag_operator.py for tasks to queue
[2024-10-08T15:12:48.301+0900] {logging_mixin.py:190} INFO - [2024-10-08T15:12:48.300+0900] {dagbag.py:588} INFO - Filling up the DagBag from /Users/alookso/1007MLpj/myenv/lib/python3.10/site-packages/airflow/example_dags/example_subdag_operator.py
[2024-10-08T15:12:48.501+0900] {processor.py:925} INFO - DAG(s) 'example_subdag_operator.section-1', 'example_subdag_operator.section-2', 'example_subdag_operator' retrieved from /Users/alookso/1007MLpj/myenv/lib/python3.10/site-packages/airflow/example_dags/example_subdag_operator.py
[2024-10-08T15:12:49.278+0900] {logging_mixin.py:190} INFO - [2024-10-08T15:12:49.278+0900] {dag.py:3239} INFO - Sync 3 DAGs
[2024-10-08T15:12:49.302+0900] {logging_mixin.py:190} INFO - [2024-10-08T15:12:49.301+0900] {dag.py:4180} INFO - Setting next_dagrun for example_subdag_operator to 2022-01-01T00:00:00+00:00, run_after=2022-01-01T00:00:00+00:00
[2024-10-08T15:12:49.306+0900] {logging_mixin.py:190} INFO - [2024-10-08T15:12:49.306+0900] {dag.py:4180} INFO - Setting next_dagrun for example_subdag_operator.section-1 to None, run_after=None
[2024-10-08T15:12:49.307+0900] {logging_mixin.py:190} INFO - [2024-10-08T15:12:49.307+0900] {dag.py:4180} INFO - Setting next_dagrun for example_subdag_operator.section-2 to None, run_after=None
[2024-10-08T15:12:49.314+0900] {logging_mixin.py:190} INFO - [2024-10-08T15:12:49.314+0900] {dag.py:3239} INFO - Sync 2 DAGs
[2024-10-08T15:12:49.319+0900] {logging_mixin.py:190} INFO - [2024-10-08T15:12:49.319+0900] {dag.py:4180} INFO - Setting next_dagrun for example_subdag_operator.section-1 to None, run_after=None
[2024-10-08T15:12:49.319+0900] {logging_mixin.py:190} INFO - [2024-10-08T15:12:49.319+0900] {dag.py:4180} INFO - Setting next_dagrun for example_subdag_operator.section-2 to None, run_after=None
[2024-10-08T15:12:49.335+0900] {processor.py:208} INFO - Processing /Users/alookso/1007MLpj/myenv/lib/python3.10/site-packages/airflow/example_dags/example_subdag_operator.py took 1.044 seconds
[2024-10-08T15:15:47.294+0900] {processor.py:186} INFO - Started process (PID=23229) to work on /Users/alookso/1007MLpj/myenv/lib/python3.10/site-packages/airflow/example_dags/example_subdag_operator.py
[2024-10-08T15:15:47.295+0900] {processor.py:914} INFO - Processing file /Users/alookso/1007MLpj/myenv/lib/python3.10/site-packages/airflow/example_dags/example_subdag_operator.py for tasks to queue
[2024-10-08T15:15:47.296+0900] {logging_mixin.py:190} INFO - [2024-10-08T15:15:47.296+0900] {dagbag.py:588} INFO - Filling up the DagBag from /Users/alookso/1007MLpj/myenv/lib/python3.10/site-packages/airflow/example_dags/example_subdag_operator.py
[2024-10-08T15:15:47.434+0900] {processor.py:925} INFO - DAG(s) 'example_subdag_operator.section-1', 'example_subdag_operator.section-2', 'example_subdag_operator' retrieved from /Users/alookso/1007MLpj/myenv/lib/python3.10/site-packages/airflow/example_dags/example_subdag_operator.py
[2024-10-08T15:15:48.146+0900] {logging_mixin.py:190} INFO - [2024-10-08T15:15:48.145+0900] {dag.py:3239} INFO - Sync 3 DAGs
[2024-10-08T15:15:48.166+0900] {logging_mixin.py:190} INFO - [2024-10-08T15:15:48.166+0900] {dag.py:4180} INFO - Setting next_dagrun for example_subdag_operator to 2022-01-01T00:00:00+00:00, run_after=2022-01-01T00:00:00+00:00
[2024-10-08T15:15:48.170+0900] {logging_mixin.py:190} INFO - [2024-10-08T15:15:48.169+0900] {dag.py:4180} INFO - Setting next_dagrun for example_subdag_operator.section-1 to None, run_after=None
[2024-10-08T15:15:48.171+0900] {logging_mixin.py:190} INFO - [2024-10-08T15:15:48.170+0900] {dag.py:4180} INFO - Setting next_dagrun for example_subdag_operator.section-2 to None, run_after=None
[2024-10-08T15:15:48.177+0900] {logging_mixin.py:190} INFO - [2024-10-08T15:15:48.176+0900] {dag.py:3239} INFO - Sync 2 DAGs
[2024-10-08T15:15:48.181+0900] {logging_mixin.py:190} INFO - [2024-10-08T15:15:48.181+0900] {dag.py:4180} INFO - Setting next_dagrun for example_subdag_operator.section-1 to None, run_after=None
[2024-10-08T15:15:48.181+0900] {logging_mixin.py:190} INFO - [2024-10-08T15:15:48.181+0900] {dag.py:4180} INFO - Setting next_dagrun for example_subdag_operator.section-2 to None, run_after=None
[2024-10-08T15:15:48.194+0900] {processor.py:208} INFO - Processing /Users/alookso/1007MLpj/myenv/lib/python3.10/site-packages/airflow/example_dags/example_subdag_operator.py took 0.904 seconds
[2024-10-08T15:18:56.176+0900] {processor.py:186} INFO - Started process (PID=23336) to work on /Users/alookso/1007MLpj/myenv/lib/python3.10/site-packages/airflow/example_dags/example_subdag_operator.py
[2024-10-08T15:18:56.177+0900] {processor.py:914} INFO - Processing file /Users/alookso/1007MLpj/myenv/lib/python3.10/site-packages/airflow/example_dags/example_subdag_operator.py for tasks to queue
[2024-10-08T15:18:56.178+0900] {logging_mixin.py:190} INFO - [2024-10-08T15:18:56.178+0900] {dagbag.py:588} INFO - Filling up the DagBag from /Users/alookso/1007MLpj/myenv/lib/python3.10/site-packages/airflow/example_dags/example_subdag_operator.py
[2024-10-08T15:18:56.316+0900] {processor.py:925} INFO - DAG(s) 'example_subdag_operator.section-1', 'example_subdag_operator.section-2', 'example_subdag_operator' retrieved from /Users/alookso/1007MLpj/myenv/lib/python3.10/site-packages/airflow/example_dags/example_subdag_operator.py
[2024-10-08T15:18:57.023+0900] {logging_mixin.py:190} INFO - [2024-10-08T15:18:57.022+0900] {dag.py:3239} INFO - Sync 3 DAGs
[2024-10-08T15:18:57.043+0900] {logging_mixin.py:190} INFO - [2024-10-08T15:18:57.043+0900] {dag.py:4180} INFO - Setting next_dagrun for example_subdag_operator to 2022-01-01T00:00:00+00:00, run_after=2022-01-01T00:00:00+00:00
[2024-10-08T15:18:57.046+0900] {logging_mixin.py:190} INFO - [2024-10-08T15:18:57.046+0900] {dag.py:4180} INFO - Setting next_dagrun for example_subdag_operator.section-1 to None, run_after=None
[2024-10-08T15:18:57.047+0900] {logging_mixin.py:190} INFO - [2024-10-08T15:18:57.047+0900] {dag.py:4180} INFO - Setting next_dagrun for example_subdag_operator.section-2 to None, run_after=None
[2024-10-08T15:18:57.053+0900] {logging_mixin.py:190} INFO - [2024-10-08T15:18:57.053+0900] {dag.py:3239} INFO - Sync 2 DAGs
[2024-10-08T15:18:57.057+0900] {logging_mixin.py:190} INFO - [2024-10-08T15:18:57.057+0900] {dag.py:4180} INFO - Setting next_dagrun for example_subdag_operator.section-1 to None, run_after=None
[2024-10-08T15:18:57.058+0900] {logging_mixin.py:190} INFO - [2024-10-08T15:18:57.058+0900] {dag.py:4180} INFO - Setting next_dagrun for example_subdag_operator.section-2 to None, run_after=None
[2024-10-08T15:18:57.070+0900] {processor.py:208} INFO - Processing /Users/alookso/1007MLpj/myenv/lib/python3.10/site-packages/airflow/example_dags/example_subdag_operator.py took 0.898 seconds
[2024-10-08T15:22:03.933+0900] {processor.py:186} INFO - Started process (PID=23420) to work on /Users/alookso/1007MLpj/myenv/lib/python3.10/site-packages/airflow/example_dags/example_subdag_operator.py
[2024-10-08T15:22:03.933+0900] {processor.py:914} INFO - Processing file /Users/alookso/1007MLpj/myenv/lib/python3.10/site-packages/airflow/example_dags/example_subdag_operator.py for tasks to queue
[2024-10-08T15:22:03.934+0900] {logging_mixin.py:190} INFO - [2024-10-08T15:22:03.934+0900] {dagbag.py:588} INFO - Filling up the DagBag from /Users/alookso/1007MLpj/myenv/lib/python3.10/site-packages/airflow/example_dags/example_subdag_operator.py
[2024-10-08T15:22:04.068+0900] {processor.py:925} INFO - DAG(s) 'example_subdag_operator.section-1', 'example_subdag_operator.section-2', 'example_subdag_operator' retrieved from /Users/alookso/1007MLpj/myenv/lib/python3.10/site-packages/airflow/example_dags/example_subdag_operator.py
[2024-10-08T15:22:04.771+0900] {logging_mixin.py:190} INFO - [2024-10-08T15:22:04.771+0900] {dag.py:3239} INFO - Sync 3 DAGs
[2024-10-08T15:22:04.792+0900] {logging_mixin.py:190} INFO - [2024-10-08T15:22:04.792+0900] {dag.py:4180} INFO - Setting next_dagrun for example_subdag_operator to 2022-01-01T00:00:00+00:00, run_after=2022-01-01T00:00:00+00:00
[2024-10-08T15:22:04.795+0900] {logging_mixin.py:190} INFO - [2024-10-08T15:22:04.795+0900] {dag.py:4180} INFO - Setting next_dagrun for example_subdag_operator.section-1 to None, run_after=None
[2024-10-08T15:22:04.796+0900] {logging_mixin.py:190} INFO - [2024-10-08T15:22:04.796+0900] {dag.py:4180} INFO - Setting next_dagrun for example_subdag_operator.section-2 to None, run_after=None
[2024-10-08T15:22:04.802+0900] {logging_mixin.py:190} INFO - [2024-10-08T15:22:04.802+0900] {dag.py:3239} INFO - Sync 2 DAGs
[2024-10-08T15:22:04.806+0900] {logging_mixin.py:190} INFO - [2024-10-08T15:22:04.806+0900] {dag.py:4180} INFO - Setting next_dagrun for example_subdag_operator.section-1 to None, run_after=None
[2024-10-08T15:22:04.807+0900] {logging_mixin.py:190} INFO - [2024-10-08T15:22:04.807+0900] {dag.py:4180} INFO - Setting next_dagrun for example_subdag_operator.section-2 to None, run_after=None
[2024-10-08T15:22:04.819+0900] {processor.py:208} INFO - Processing /Users/alookso/1007MLpj/myenv/lib/python3.10/site-packages/airflow/example_dags/example_subdag_operator.py took 0.891 seconds
[2024-10-08T15:25:09.420+0900] {processor.py:186} INFO - Started process (PID=23511) to work on /Users/alookso/1007MLpj/myenv/lib/python3.10/site-packages/airflow/example_dags/example_subdag_operator.py
[2024-10-08T15:25:09.421+0900] {processor.py:914} INFO - Processing file /Users/alookso/1007MLpj/myenv/lib/python3.10/site-packages/airflow/example_dags/example_subdag_operator.py for tasks to queue
[2024-10-08T15:25:09.422+0900] {logging_mixin.py:190} INFO - [2024-10-08T15:25:09.422+0900] {dagbag.py:588} INFO - Filling up the DagBag from /Users/alookso/1007MLpj/myenv/lib/python3.10/site-packages/airflow/example_dags/example_subdag_operator.py
[2024-10-08T15:25:09.569+0900] {processor.py:925} INFO - DAG(s) 'example_subdag_operator.section-1', 'example_subdag_operator.section-2', 'example_subdag_operator' retrieved from /Users/alookso/1007MLpj/myenv/lib/python3.10/site-packages/airflow/example_dags/example_subdag_operator.py
[2024-10-08T15:25:10.292+0900] {logging_mixin.py:190} INFO - [2024-10-08T15:25:10.292+0900] {dag.py:3239} INFO - Sync 3 DAGs
[2024-10-08T15:25:10.315+0900] {logging_mixin.py:190} INFO - [2024-10-08T15:25:10.314+0900] {dag.py:4180} INFO - Setting next_dagrun for example_subdag_operator to 2022-01-01T00:00:00+00:00, run_after=2022-01-01T00:00:00+00:00
[2024-10-08T15:25:10.319+0900] {logging_mixin.py:190} INFO - [2024-10-08T15:25:10.319+0900] {dag.py:4180} INFO - Setting next_dagrun for example_subdag_operator.section-1 to None, run_after=None
[2024-10-08T15:25:10.320+0900] {logging_mixin.py:190} INFO - [2024-10-08T15:25:10.320+0900] {dag.py:4180} INFO - Setting next_dagrun for example_subdag_operator.section-2 to None, run_after=None
[2024-10-08T15:25:10.328+0900] {logging_mixin.py:190} INFO - [2024-10-08T15:25:10.327+0900] {dag.py:3239} INFO - Sync 2 DAGs
[2024-10-08T15:25:10.332+0900] {logging_mixin.py:190} INFO - [2024-10-08T15:25:10.332+0900] {dag.py:4180} INFO - Setting next_dagrun for example_subdag_operator.section-1 to None, run_after=None
[2024-10-08T15:25:10.333+0900] {logging_mixin.py:190} INFO - [2024-10-08T15:25:10.333+0900] {dag.py:4180} INFO - Setting next_dagrun for example_subdag_operator.section-2 to None, run_after=None
[2024-10-08T15:25:10.348+0900] {processor.py:208} INFO - Processing /Users/alookso/1007MLpj/myenv/lib/python3.10/site-packages/airflow/example_dags/example_subdag_operator.py took 0.934 seconds
[2024-10-08T15:28:12.207+0900] {processor.py:186} INFO - Started process (PID=23622) to work on /Users/alookso/1007MLpj/myenv/lib/python3.10/site-packages/airflow/example_dags/example_subdag_operator.py
[2024-10-08T15:28:12.208+0900] {processor.py:914} INFO - Processing file /Users/alookso/1007MLpj/myenv/lib/python3.10/site-packages/airflow/example_dags/example_subdag_operator.py for tasks to queue
[2024-10-08T15:28:12.208+0900] {logging_mixin.py:190} INFO - [2024-10-08T15:28:12.208+0900] {dagbag.py:588} INFO - Filling up the DagBag from /Users/alookso/1007MLpj/myenv/lib/python3.10/site-packages/airflow/example_dags/example_subdag_operator.py
[2024-10-08T15:28:12.343+0900] {processor.py:925} INFO - DAG(s) 'example_subdag_operator.section-1', 'example_subdag_operator.section-2', 'example_subdag_operator' retrieved from /Users/alookso/1007MLpj/myenv/lib/python3.10/site-packages/airflow/example_dags/example_subdag_operator.py
[2024-10-08T15:28:13.062+0900] {logging_mixin.py:190} INFO - [2024-10-08T15:28:13.062+0900] {dag.py:3239} INFO - Sync 3 DAGs
[2024-10-08T15:28:13.084+0900] {logging_mixin.py:190} INFO - [2024-10-08T15:28:13.084+0900] {dag.py:4180} INFO - Setting next_dagrun for example_subdag_operator to 2022-01-01T00:00:00+00:00, run_after=2022-01-01T00:00:00+00:00
[2024-10-08T15:28:13.087+0900] {logging_mixin.py:190} INFO - [2024-10-08T15:28:13.087+0900] {dag.py:4180} INFO - Setting next_dagrun for example_subdag_operator.section-1 to None, run_after=None
[2024-10-08T15:28:13.088+0900] {logging_mixin.py:190} INFO - [2024-10-08T15:28:13.088+0900] {dag.py:4180} INFO - Setting next_dagrun for example_subdag_operator.section-2 to None, run_after=None
[2024-10-08T15:28:13.095+0900] {logging_mixin.py:190} INFO - [2024-10-08T15:28:13.094+0900] {dag.py:3239} INFO - Sync 2 DAGs
[2024-10-08T15:28:13.099+0900] {logging_mixin.py:190} INFO - [2024-10-08T15:28:13.099+0900] {dag.py:4180} INFO - Setting next_dagrun for example_subdag_operator.section-1 to None, run_after=None
[2024-10-08T15:28:13.100+0900] {logging_mixin.py:190} INFO - [2024-10-08T15:28:13.100+0900] {dag.py:4180} INFO - Setting next_dagrun for example_subdag_operator.section-2 to None, run_after=None
[2024-10-08T15:28:13.115+0900] {processor.py:208} INFO - Processing /Users/alookso/1007MLpj/myenv/lib/python3.10/site-packages/airflow/example_dags/example_subdag_operator.py took 0.912 seconds
[2024-10-08T15:31:12.828+0900] {processor.py:186} INFO - Started process (PID=23727) to work on /Users/alookso/1007MLpj/myenv/lib/python3.10/site-packages/airflow/example_dags/example_subdag_operator.py
[2024-10-08T15:31:12.829+0900] {processor.py:914} INFO - Processing file /Users/alookso/1007MLpj/myenv/lib/python3.10/site-packages/airflow/example_dags/example_subdag_operator.py for tasks to queue
[2024-10-08T15:31:12.830+0900] {logging_mixin.py:190} INFO - [2024-10-08T15:31:12.830+0900] {dagbag.py:588} INFO - Filling up the DagBag from /Users/alookso/1007MLpj/myenv/lib/python3.10/site-packages/airflow/example_dags/example_subdag_operator.py
[2024-10-08T15:31:12.971+0900] {processor.py:925} INFO - DAG(s) 'example_subdag_operator.section-1', 'example_subdag_operator.section-2', 'example_subdag_operator' retrieved from /Users/alookso/1007MLpj/myenv/lib/python3.10/site-packages/airflow/example_dags/example_subdag_operator.py
[2024-10-08T15:31:13.726+0900] {logging_mixin.py:190} INFO - [2024-10-08T15:31:13.726+0900] {dag.py:3239} INFO - Sync 3 DAGs
[2024-10-08T15:31:13.747+0900] {logging_mixin.py:190} INFO - [2024-10-08T15:31:13.747+0900] {dag.py:4180} INFO - Setting next_dagrun for example_subdag_operator to 2022-01-01T00:00:00+00:00, run_after=2022-01-01T00:00:00+00:00
[2024-10-08T15:31:13.752+0900] {logging_mixin.py:190} INFO - [2024-10-08T15:31:13.751+0900] {dag.py:4180} INFO - Setting next_dagrun for example_subdag_operator.section-1 to None, run_after=None
[2024-10-08T15:31:13.753+0900] {logging_mixin.py:190} INFO - [2024-10-08T15:31:13.753+0900] {dag.py:4180} INFO - Setting next_dagrun for example_subdag_operator.section-2 to None, run_after=None
[2024-10-08T15:31:13.759+0900] {logging_mixin.py:190} INFO - [2024-10-08T15:31:13.759+0900] {dag.py:3239} INFO - Sync 2 DAGs
[2024-10-08T15:31:13.764+0900] {logging_mixin.py:190} INFO - [2024-10-08T15:31:13.763+0900] {dag.py:4180} INFO - Setting next_dagrun for example_subdag_operator.section-1 to None, run_after=None
[2024-10-08T15:31:13.764+0900] {logging_mixin.py:190} INFO - [2024-10-08T15:31:13.764+0900] {dag.py:4180} INFO - Setting next_dagrun for example_subdag_operator.section-2 to None, run_after=None
[2024-10-08T15:31:13.778+0900] {processor.py:208} INFO - Processing /Users/alookso/1007MLpj/myenv/lib/python3.10/site-packages/airflow/example_dags/example_subdag_operator.py took 0.955 seconds
[2024-10-08T15:34:14.662+0900] {processor.py:186} INFO - Started process (PID=23828) to work on /Users/alookso/1007MLpj/myenv/lib/python3.10/site-packages/airflow/example_dags/example_subdag_operator.py
[2024-10-08T15:34:14.663+0900] {processor.py:914} INFO - Processing file /Users/alookso/1007MLpj/myenv/lib/python3.10/site-packages/airflow/example_dags/example_subdag_operator.py for tasks to queue
[2024-10-08T15:34:14.664+0900] {logging_mixin.py:190} INFO - [2024-10-08T15:34:14.664+0900] {dagbag.py:588} INFO - Filling up the DagBag from /Users/alookso/1007MLpj/myenv/lib/python3.10/site-packages/airflow/example_dags/example_subdag_operator.py
[2024-10-08T15:34:14.808+0900] {processor.py:925} INFO - DAG(s) 'example_subdag_operator.section-1', 'example_subdag_operator.section-2', 'example_subdag_operator' retrieved from /Users/alookso/1007MLpj/myenv/lib/python3.10/site-packages/airflow/example_dags/example_subdag_operator.py
[2024-10-08T15:34:15.623+0900] {logging_mixin.py:190} INFO - [2024-10-08T15:34:15.622+0900] {dag.py:3239} INFO - Sync 3 DAGs
[2024-10-08T15:34:15.647+0900] {logging_mixin.py:190} INFO - [2024-10-08T15:34:15.646+0900] {dag.py:4180} INFO - Setting next_dagrun for example_subdag_operator to 2022-01-01T00:00:00+00:00, run_after=2022-01-01T00:00:00+00:00
[2024-10-08T15:34:15.650+0900] {logging_mixin.py:190} INFO - [2024-10-08T15:34:15.650+0900] {dag.py:4180} INFO - Setting next_dagrun for example_subdag_operator.section-1 to None, run_after=None
[2024-10-08T15:34:15.652+0900] {logging_mixin.py:190} INFO - [2024-10-08T15:34:15.652+0900] {dag.py:4180} INFO - Setting next_dagrun for example_subdag_operator.section-2 to None, run_after=None
[2024-10-08T15:34:15.658+0900] {logging_mixin.py:190} INFO - [2024-10-08T15:34:15.658+0900] {dag.py:3239} INFO - Sync 2 DAGs
[2024-10-08T15:34:15.663+0900] {logging_mixin.py:190} INFO - [2024-10-08T15:34:15.663+0900] {dag.py:4180} INFO - Setting next_dagrun for example_subdag_operator.section-1 to None, run_after=None
[2024-10-08T15:34:15.663+0900] {logging_mixin.py:190} INFO - [2024-10-08T15:34:15.663+0900] {dag.py:4180} INFO - Setting next_dagrun for example_subdag_operator.section-2 to None, run_after=None
[2024-10-08T15:34:15.677+0900] {processor.py:208} INFO - Processing /Users/alookso/1007MLpj/myenv/lib/python3.10/site-packages/airflow/example_dags/example_subdag_operator.py took 1.020 seconds
[2024-10-08T16:36:34.653+0900] {processor.py:186} INFO - Started process (PID=24997) to work on /Users/alookso/1007MLpj/myenv/lib/python3.10/site-packages/airflow/example_dags/example_subdag_operator.py
[2024-10-08T16:36:34.654+0900] {processor.py:914} INFO - Processing file /Users/alookso/1007MLpj/myenv/lib/python3.10/site-packages/airflow/example_dags/example_subdag_operator.py for tasks to queue
[2024-10-08T16:36:34.655+0900] {logging_mixin.py:190} INFO - [2024-10-08T16:36:34.655+0900] {dagbag.py:588} INFO - Filling up the DagBag from /Users/alookso/1007MLpj/myenv/lib/python3.10/site-packages/airflow/example_dags/example_subdag_operator.py
[2024-10-08T16:36:34.795+0900] {processor.py:925} INFO - DAG(s) 'example_subdag_operator.section-1', 'example_subdag_operator.section-2', 'example_subdag_operator' retrieved from /Users/alookso/1007MLpj/myenv/lib/python3.10/site-packages/airflow/example_dags/example_subdag_operator.py
[2024-10-08T16:36:35.517+0900] {logging_mixin.py:190} INFO - [2024-10-08T16:36:35.517+0900] {dag.py:3239} INFO - Sync 3 DAGs
[2024-10-08T16:36:35.538+0900] {logging_mixin.py:190} INFO - [2024-10-08T16:36:35.538+0900] {dag.py:4180} INFO - Setting next_dagrun for example_subdag_operator to 2022-01-01T00:00:00+00:00, run_after=2022-01-01T00:00:00+00:00
[2024-10-08T16:36:35.541+0900] {logging_mixin.py:190} INFO - [2024-10-08T16:36:35.541+0900] {dag.py:4180} INFO - Setting next_dagrun for example_subdag_operator.section-1 to None, run_after=None
[2024-10-08T16:36:35.542+0900] {logging_mixin.py:190} INFO - [2024-10-08T16:36:35.542+0900] {dag.py:4180} INFO - Setting next_dagrun for example_subdag_operator.section-2 to None, run_after=None
[2024-10-08T16:36:35.549+0900] {logging_mixin.py:190} INFO - [2024-10-08T16:36:35.548+0900] {dag.py:3239} INFO - Sync 2 DAGs
[2024-10-08T16:36:35.553+0900] {logging_mixin.py:190} INFO - [2024-10-08T16:36:35.553+0900] {dag.py:4180} INFO - Setting next_dagrun for example_subdag_operator.section-1 to None, run_after=None
[2024-10-08T16:36:35.553+0900] {logging_mixin.py:190} INFO - [2024-10-08T16:36:35.553+0900] {dag.py:4180} INFO - Setting next_dagrun for example_subdag_operator.section-2 to None, run_after=None
[2024-10-08T16:36:35.567+0900] {processor.py:208} INFO - Processing /Users/alookso/1007MLpj/myenv/lib/python3.10/site-packages/airflow/example_dags/example_subdag_operator.py took 0.918 seconds
[2024-10-08T17:28:05.616+0900] {processor.py:186} INFO - Started process (PID=26372) to work on /Users/alookso/1007MLpj/myenv/lib/python3.10/site-packages/airflow/example_dags/example_subdag_operator.py
[2024-10-08T17:28:05.617+0900] {processor.py:914} INFO - Processing file /Users/alookso/1007MLpj/myenv/lib/python3.10/site-packages/airflow/example_dags/example_subdag_operator.py for tasks to queue
[2024-10-08T17:28:05.618+0900] {logging_mixin.py:190} INFO - [2024-10-08T17:28:05.618+0900] {dagbag.py:588} INFO - Filling up the DagBag from /Users/alookso/1007MLpj/myenv/lib/python3.10/site-packages/airflow/example_dags/example_subdag_operator.py
[2024-10-08T17:28:05.756+0900] {processor.py:925} INFO - DAG(s) 'example_subdag_operator.section-1', 'example_subdag_operator.section-2', 'example_subdag_operator' retrieved from /Users/alookso/1007MLpj/myenv/lib/python3.10/site-packages/airflow/example_dags/example_subdag_operator.py
[2024-10-08T17:28:06.479+0900] {logging_mixin.py:190} INFO - [2024-10-08T17:28:06.478+0900] {dag.py:3239} INFO - Sync 3 DAGs
[2024-10-08T17:28:06.499+0900] {logging_mixin.py:190} INFO - [2024-10-08T17:28:06.499+0900] {dag.py:4180} INFO - Setting next_dagrun for example_subdag_operator to 2022-01-01T00:00:00+00:00, run_after=2022-01-01T00:00:00+00:00
[2024-10-08T17:28:06.502+0900] {logging_mixin.py:190} INFO - [2024-10-08T17:28:06.502+0900] {dag.py:4180} INFO - Setting next_dagrun for example_subdag_operator.section-1 to None, run_after=None
[2024-10-08T17:28:06.503+0900] {logging_mixin.py:190} INFO - [2024-10-08T17:28:06.503+0900] {dag.py:4180} INFO - Setting next_dagrun for example_subdag_operator.section-2 to None, run_after=None
[2024-10-08T17:28:06.509+0900] {logging_mixin.py:190} INFO - [2024-10-08T17:28:06.509+0900] {dag.py:3239} INFO - Sync 2 DAGs
[2024-10-08T17:28:06.514+0900] {logging_mixin.py:190} INFO - [2024-10-08T17:28:06.514+0900] {dag.py:4180} INFO - Setting next_dagrun for example_subdag_operator.section-1 to None, run_after=None
[2024-10-08T17:28:06.514+0900] {logging_mixin.py:190} INFO - [2024-10-08T17:28:06.514+0900] {dag.py:4180} INFO - Setting next_dagrun for example_subdag_operator.section-2 to None, run_after=None
[2024-10-08T17:28:06.527+0900] {processor.py:208} INFO - Processing /Users/alookso/1007MLpj/myenv/lib/python3.10/site-packages/airflow/example_dags/example_subdag_operator.py took 0.916 seconds
[2024-10-08T17:42:58.102+0900] {processor.py:186} INFO - Started process (PID=26887) to work on /Users/alookso/1007MLpj/myenv/lib/python3.10/site-packages/airflow/example_dags/example_subdag_operator.py
[2024-10-08T17:42:58.103+0900] {processor.py:914} INFO - Processing file /Users/alookso/1007MLpj/myenv/lib/python3.10/site-packages/airflow/example_dags/example_subdag_operator.py for tasks to queue
[2024-10-08T17:42:58.104+0900] {logging_mixin.py:190} INFO - [2024-10-08T17:42:58.104+0900] {dagbag.py:588} INFO - Filling up the DagBag from /Users/alookso/1007MLpj/myenv/lib/python3.10/site-packages/airflow/example_dags/example_subdag_operator.py
[2024-10-08T17:42:58.239+0900] {processor.py:925} INFO - DAG(s) 'example_subdag_operator.section-1', 'example_subdag_operator.section-2', 'example_subdag_operator' retrieved from /Users/alookso/1007MLpj/myenv/lib/python3.10/site-packages/airflow/example_dags/example_subdag_operator.py
[2024-10-08T17:42:58.950+0900] {logging_mixin.py:190} INFO - [2024-10-08T17:42:58.949+0900] {dag.py:3239} INFO - Sync 3 DAGs
[2024-10-08T17:42:58.971+0900] {logging_mixin.py:190} INFO - [2024-10-08T17:42:58.970+0900] {dag.py:4180} INFO - Setting next_dagrun for example_subdag_operator to 2022-01-01T00:00:00+00:00, run_after=2022-01-01T00:00:00+00:00
[2024-10-08T17:42:58.974+0900] {logging_mixin.py:190} INFO - [2024-10-08T17:42:58.974+0900] {dag.py:4180} INFO - Setting next_dagrun for example_subdag_operator.section-1 to None, run_after=None
[2024-10-08T17:42:58.975+0900] {logging_mixin.py:190} INFO - [2024-10-08T17:42:58.975+0900] {dag.py:4180} INFO - Setting next_dagrun for example_subdag_operator.section-2 to None, run_after=None
[2024-10-08T17:42:58.981+0900] {logging_mixin.py:190} INFO - [2024-10-08T17:42:58.981+0900] {dag.py:3239} INFO - Sync 2 DAGs
[2024-10-08T17:42:58.985+0900] {logging_mixin.py:190} INFO - [2024-10-08T17:42:58.985+0900] {dag.py:4180} INFO - Setting next_dagrun for example_subdag_operator.section-1 to None, run_after=None
[2024-10-08T17:42:58.986+0900] {logging_mixin.py:190} INFO - [2024-10-08T17:42:58.986+0900] {dag.py:4180} INFO - Setting next_dagrun for example_subdag_operator.section-2 to None, run_after=None
[2024-10-08T17:42:58.999+0900] {processor.py:208} INFO - Processing /Users/alookso/1007MLpj/myenv/lib/python3.10/site-packages/airflow/example_dags/example_subdag_operator.py took 0.901 seconds
[2024-10-08T17:55:21.119+0900] {processor.py:186} INFO - Started process (PID=27317) to work on /Users/alookso/1007MLpj/myenv/lib/python3.10/site-packages/airflow/example_dags/example_subdag_operator.py
[2024-10-08T17:55:21.120+0900] {processor.py:914} INFO - Processing file /Users/alookso/1007MLpj/myenv/lib/python3.10/site-packages/airflow/example_dags/example_subdag_operator.py for tasks to queue
[2024-10-08T17:55:21.121+0900] {logging_mixin.py:190} INFO - [2024-10-08T17:55:21.120+0900] {dagbag.py:588} INFO - Filling up the DagBag from /Users/alookso/1007MLpj/myenv/lib/python3.10/site-packages/airflow/example_dags/example_subdag_operator.py
[2024-10-08T17:55:21.255+0900] {processor.py:925} INFO - DAG(s) 'example_subdag_operator.section-1', 'example_subdag_operator.section-2', 'example_subdag_operator' retrieved from /Users/alookso/1007MLpj/myenv/lib/python3.10/site-packages/airflow/example_dags/example_subdag_operator.py
[2024-10-08T17:55:21.962+0900] {logging_mixin.py:190} INFO - [2024-10-08T17:55:21.961+0900] {dag.py:3239} INFO - Sync 3 DAGs
[2024-10-08T17:55:21.982+0900] {logging_mixin.py:190} INFO - [2024-10-08T17:55:21.982+0900] {dag.py:4180} INFO - Setting next_dagrun for example_subdag_operator to 2022-01-01T00:00:00+00:00, run_after=2022-01-01T00:00:00+00:00
[2024-10-08T17:55:21.985+0900] {logging_mixin.py:190} INFO - [2024-10-08T17:55:21.985+0900] {dag.py:4180} INFO - Setting next_dagrun for example_subdag_operator.section-1 to None, run_after=None
[2024-10-08T17:55:21.986+0900] {logging_mixin.py:190} INFO - [2024-10-08T17:55:21.986+0900] {dag.py:4180} INFO - Setting next_dagrun for example_subdag_operator.section-2 to None, run_after=None
[2024-10-08T17:55:21.992+0900] {logging_mixin.py:190} INFO - [2024-10-08T17:55:21.992+0900] {dag.py:3239} INFO - Sync 2 DAGs
[2024-10-08T17:55:21.996+0900] {logging_mixin.py:190} INFO - [2024-10-08T17:55:21.996+0900] {dag.py:4180} INFO - Setting next_dagrun for example_subdag_operator.section-1 to None, run_after=None
[2024-10-08T17:55:21.996+0900] {logging_mixin.py:190} INFO - [2024-10-08T17:55:21.996+0900] {dag.py:4180} INFO - Setting next_dagrun for example_subdag_operator.section-2 to None, run_after=None
[2024-10-08T17:55:22.009+0900] {processor.py:208} INFO - Processing /Users/alookso/1007MLpj/myenv/lib/python3.10/site-packages/airflow/example_dags/example_subdag_operator.py took 0.895 seconds
[2024-10-08T18:00:08.873+0900] {processor.py:186} INFO - Started process (PID=27512) to work on /Users/alookso/1007MLpj/myenv/lib/python3.10/site-packages/airflow/example_dags/example_subdag_operator.py
[2024-10-08T18:00:08.874+0900] {processor.py:914} INFO - Processing file /Users/alookso/1007MLpj/myenv/lib/python3.10/site-packages/airflow/example_dags/example_subdag_operator.py for tasks to queue
[2024-10-08T18:00:08.875+0900] {logging_mixin.py:190} INFO - [2024-10-08T18:00:08.874+0900] {dagbag.py:588} INFO - Filling up the DagBag from /Users/alookso/1007MLpj/myenv/lib/python3.10/site-packages/airflow/example_dags/example_subdag_operator.py
[2024-10-08T18:00:09.012+0900] {processor.py:925} INFO - DAG(s) 'example_subdag_operator.section-1', 'example_subdag_operator.section-2', 'example_subdag_operator' retrieved from /Users/alookso/1007MLpj/myenv/lib/python3.10/site-packages/airflow/example_dags/example_subdag_operator.py
[2024-10-08T18:00:09.717+0900] {logging_mixin.py:190} INFO - [2024-10-08T18:00:09.716+0900] {dag.py:3239} INFO - Sync 3 DAGs
[2024-10-08T18:00:09.737+0900] {logging_mixin.py:190} INFO - [2024-10-08T18:00:09.737+0900] {dag.py:4180} INFO - Setting next_dagrun for example_subdag_operator to 2022-01-01T00:00:00+00:00, run_after=2022-01-01T00:00:00+00:00
[2024-10-08T18:00:09.740+0900] {logging_mixin.py:190} INFO - [2024-10-08T18:00:09.740+0900] {dag.py:4180} INFO - Setting next_dagrun for example_subdag_operator.section-1 to None, run_after=None
[2024-10-08T18:00:09.741+0900] {logging_mixin.py:190} INFO - [2024-10-08T18:00:09.741+0900] {dag.py:4180} INFO - Setting next_dagrun for example_subdag_operator.section-2 to None, run_after=None
[2024-10-08T18:00:09.747+0900] {logging_mixin.py:190} INFO - [2024-10-08T18:00:09.747+0900] {dag.py:3239} INFO - Sync 2 DAGs
[2024-10-08T18:00:09.751+0900] {logging_mixin.py:190} INFO - [2024-10-08T18:00:09.751+0900] {dag.py:4180} INFO - Setting next_dagrun for example_subdag_operator.section-1 to None, run_after=None
[2024-10-08T18:00:09.752+0900] {logging_mixin.py:190} INFO - [2024-10-08T18:00:09.751+0900] {dag.py:4180} INFO - Setting next_dagrun for example_subdag_operator.section-2 to None, run_after=None
[2024-10-08T18:00:09.765+0900] {processor.py:208} INFO - Processing /Users/alookso/1007MLpj/myenv/lib/python3.10/site-packages/airflow/example_dags/example_subdag_operator.py took 0.896 seconds
[2024-10-08T18:03:49.299+0900] {processor.py:186} INFO - Started process (PID=27651) to work on /Users/alookso/1007MLpj/myenv/lib/python3.10/site-packages/airflow/example_dags/example_subdag_operator.py
[2024-10-08T18:03:49.300+0900] {processor.py:914} INFO - Processing file /Users/alookso/1007MLpj/myenv/lib/python3.10/site-packages/airflow/example_dags/example_subdag_operator.py for tasks to queue
[2024-10-08T18:03:49.301+0900] {logging_mixin.py:190} INFO - [2024-10-08T18:03:49.301+0900] {dagbag.py:588} INFO - Filling up the DagBag from /Users/alookso/1007MLpj/myenv/lib/python3.10/site-packages/airflow/example_dags/example_subdag_operator.py
[2024-10-08T18:03:49.437+0900] {processor.py:925} INFO - DAG(s) 'example_subdag_operator.section-1', 'example_subdag_operator.section-2', 'example_subdag_operator' retrieved from /Users/alookso/1007MLpj/myenv/lib/python3.10/site-packages/airflow/example_dags/example_subdag_operator.py
[2024-10-08T18:03:50.162+0900] {logging_mixin.py:190} INFO - [2024-10-08T18:03:50.162+0900] {dag.py:3239} INFO - Sync 3 DAGs
[2024-10-08T18:03:50.183+0900] {logging_mixin.py:190} INFO - [2024-10-08T18:03:50.183+0900] {dag.py:4180} INFO - Setting next_dagrun for example_subdag_operator to 2022-01-01T00:00:00+00:00, run_after=2022-01-01T00:00:00+00:00
[2024-10-08T18:03:50.186+0900] {logging_mixin.py:190} INFO - [2024-10-08T18:03:50.186+0900] {dag.py:4180} INFO - Setting next_dagrun for example_subdag_operator.section-1 to None, run_after=None
[2024-10-08T18:03:50.188+0900] {logging_mixin.py:190} INFO - [2024-10-08T18:03:50.187+0900] {dag.py:4180} INFO - Setting next_dagrun for example_subdag_operator.section-2 to None, run_after=None
[2024-10-08T18:03:50.194+0900] {logging_mixin.py:190} INFO - [2024-10-08T18:03:50.194+0900] {dag.py:3239} INFO - Sync 2 DAGs
[2024-10-08T18:03:50.198+0900] {logging_mixin.py:190} INFO - [2024-10-08T18:03:50.198+0900] {dag.py:4180} INFO - Setting next_dagrun for example_subdag_operator.section-1 to None, run_after=None
[2024-10-08T18:03:50.198+0900] {logging_mixin.py:190} INFO - [2024-10-08T18:03:50.198+0900] {dag.py:4180} INFO - Setting next_dagrun for example_subdag_operator.section-2 to None, run_after=None
[2024-10-08T18:03:50.212+0900] {processor.py:208} INFO - Processing /Users/alookso/1007MLpj/myenv/lib/python3.10/site-packages/airflow/example_dags/example_subdag_operator.py took 0.917 seconds
[2024-10-08T18:06:17.030+0900] {processor.py:186} INFO - Started process (PID=27759) to work on /Users/alookso/1007MLpj/myenv/lib/python3.10/site-packages/airflow/example_dags/example_subdag_operator.py
[2024-10-08T18:06:17.031+0900] {processor.py:914} INFO - Processing file /Users/alookso/1007MLpj/myenv/lib/python3.10/site-packages/airflow/example_dags/example_subdag_operator.py for tasks to queue
[2024-10-08T18:06:17.031+0900] {logging_mixin.py:190} INFO - [2024-10-08T18:06:17.031+0900] {dagbag.py:588} INFO - Filling up the DagBag from /Users/alookso/1007MLpj/myenv/lib/python3.10/site-packages/airflow/example_dags/example_subdag_operator.py
[2024-10-08T18:06:17.176+0900] {processor.py:925} INFO - DAG(s) 'example_subdag_operator.section-1', 'example_subdag_operator.section-2', 'example_subdag_operator' retrieved from /Users/alookso/1007MLpj/myenv/lib/python3.10/site-packages/airflow/example_dags/example_subdag_operator.py
[2024-10-08T18:06:17.986+0900] {logging_mixin.py:190} INFO - [2024-10-08T18:06:17.985+0900] {dag.py:3239} INFO - Sync 3 DAGs
[2024-10-08T18:06:18.006+0900] {logging_mixin.py:190} INFO - [2024-10-08T18:06:18.006+0900] {dag.py:4180} INFO - Setting next_dagrun for example_subdag_operator to 2022-01-01T00:00:00+00:00, run_after=2022-01-01T00:00:00+00:00
[2024-10-08T18:06:18.010+0900] {logging_mixin.py:190} INFO - [2024-10-08T18:06:18.009+0900] {dag.py:4180} INFO - Setting next_dagrun for example_subdag_operator.section-1 to None, run_after=None
[2024-10-08T18:06:18.011+0900] {logging_mixin.py:190} INFO - [2024-10-08T18:06:18.010+0900] {dag.py:4180} INFO - Setting next_dagrun for example_subdag_operator.section-2 to None, run_after=None
[2024-10-08T18:06:18.017+0900] {logging_mixin.py:190} INFO - [2024-10-08T18:06:18.016+0900] {dag.py:3239} INFO - Sync 2 DAGs
[2024-10-08T18:06:18.021+0900] {logging_mixin.py:190} INFO - [2024-10-08T18:06:18.021+0900] {dag.py:4180} INFO - Setting next_dagrun for example_subdag_operator.section-1 to None, run_after=None
[2024-10-08T18:06:18.021+0900] {logging_mixin.py:190} INFO - [2024-10-08T18:06:18.021+0900] {dag.py:4180} INFO - Setting next_dagrun for example_subdag_operator.section-2 to None, run_after=None
[2024-10-08T18:06:18.034+0900] {processor.py:208} INFO - Processing /Users/alookso/1007MLpj/myenv/lib/python3.10/site-packages/airflow/example_dags/example_subdag_operator.py took 1.009 seconds
[2024-10-08T18:09:56.481+0900] {processor.py:186} INFO - Started process (PID=27855) to work on /Users/alookso/1007MLpj/myenv/lib/python3.10/site-packages/airflow/example_dags/example_subdag_operator.py
[2024-10-08T18:09:56.482+0900] {processor.py:914} INFO - Processing file /Users/alookso/1007MLpj/myenv/lib/python3.10/site-packages/airflow/example_dags/example_subdag_operator.py for tasks to queue
[2024-10-08T18:09:56.483+0900] {logging_mixin.py:190} INFO - [2024-10-08T18:09:56.483+0900] {dagbag.py:588} INFO - Filling up the DagBag from /Users/alookso/1007MLpj/myenv/lib/python3.10/site-packages/airflow/example_dags/example_subdag_operator.py
[2024-10-08T18:09:56.620+0900] {processor.py:925} INFO - DAG(s) 'example_subdag_operator.section-1', 'example_subdag_operator.section-2', 'example_subdag_operator' retrieved from /Users/alookso/1007MLpj/myenv/lib/python3.10/site-packages/airflow/example_dags/example_subdag_operator.py
[2024-10-08T18:09:57.442+0900] {logging_mixin.py:190} INFO - [2024-10-08T18:09:57.442+0900] {dag.py:3239} INFO - Sync 3 DAGs
[2024-10-08T18:09:57.477+0900] {logging_mixin.py:190} INFO - [2024-10-08T18:09:57.476+0900] {dag.py:4180} INFO - Setting next_dagrun for example_subdag_operator to 2022-01-01T00:00:00+00:00, run_after=2022-01-01T00:00:00+00:00
[2024-10-08T18:09:57.482+0900] {logging_mixin.py:190} INFO - [2024-10-08T18:09:57.481+0900] {dag.py:4180} INFO - Setting next_dagrun for example_subdag_operator.section-1 to None, run_after=None
[2024-10-08T18:09:57.483+0900] {logging_mixin.py:190} INFO - [2024-10-08T18:09:57.483+0900] {dag.py:4180} INFO - Setting next_dagrun for example_subdag_operator.section-2 to None, run_after=None
[2024-10-08T18:09:57.490+0900] {logging_mixin.py:190} INFO - [2024-10-08T18:09:57.489+0900] {dag.py:3239} INFO - Sync 2 DAGs
[2024-10-08T18:09:57.494+0900] {logging_mixin.py:190} INFO - [2024-10-08T18:09:57.494+0900] {dag.py:4180} INFO - Setting next_dagrun for example_subdag_operator.section-1 to None, run_after=None
[2024-10-08T18:09:57.494+0900] {logging_mixin.py:190} INFO - [2024-10-08T18:09:57.494+0900] {dag.py:4180} INFO - Setting next_dagrun for example_subdag_operator.section-2 to None, run_after=None
[2024-10-08T18:09:57.509+0900] {processor.py:208} INFO - Processing /Users/alookso/1007MLpj/myenv/lib/python3.10/site-packages/airflow/example_dags/example_subdag_operator.py took 1.033 seconds
[2024-10-08T18:13:07.918+0900] {processor.py:186} INFO - Started process (PID=27956) to work on /Users/alookso/1007MLpj/myenv/lib/python3.10/site-packages/airflow/example_dags/example_subdag_operator.py
[2024-10-08T18:13:07.918+0900] {processor.py:914} INFO - Processing file /Users/alookso/1007MLpj/myenv/lib/python3.10/site-packages/airflow/example_dags/example_subdag_operator.py for tasks to queue
[2024-10-08T18:13:07.919+0900] {logging_mixin.py:190} INFO - [2024-10-08T18:13:07.919+0900] {dagbag.py:588} INFO - Filling up the DagBag from /Users/alookso/1007MLpj/myenv/lib/python3.10/site-packages/airflow/example_dags/example_subdag_operator.py
[2024-10-08T18:13:08.054+0900] {processor.py:925} INFO - DAG(s) 'example_subdag_operator.section-1', 'example_subdag_operator.section-2', 'example_subdag_operator' retrieved from /Users/alookso/1007MLpj/myenv/lib/python3.10/site-packages/airflow/example_dags/example_subdag_operator.py
[2024-10-08T18:13:08.753+0900] {logging_mixin.py:190} INFO - [2024-10-08T18:13:08.753+0900] {dag.py:3239} INFO - Sync 3 DAGs
[2024-10-08T18:13:08.773+0900] {logging_mixin.py:190} INFO - [2024-10-08T18:13:08.773+0900] {dag.py:4180} INFO - Setting next_dagrun for example_subdag_operator to 2022-01-01T00:00:00+00:00, run_after=2022-01-01T00:00:00+00:00
[2024-10-08T18:13:08.777+0900] {logging_mixin.py:190} INFO - [2024-10-08T18:13:08.777+0900] {dag.py:4180} INFO - Setting next_dagrun for example_subdag_operator.section-1 to None, run_after=None
[2024-10-08T18:13:08.778+0900] {logging_mixin.py:190} INFO - [2024-10-08T18:13:08.778+0900] {dag.py:4180} INFO - Setting next_dagrun for example_subdag_operator.section-2 to None, run_after=None
[2024-10-08T18:13:08.784+0900] {logging_mixin.py:190} INFO - [2024-10-08T18:13:08.784+0900] {dag.py:3239} INFO - Sync 2 DAGs
[2024-10-08T18:13:08.788+0900] {logging_mixin.py:190} INFO - [2024-10-08T18:13:08.788+0900] {dag.py:4180} INFO - Setting next_dagrun for example_subdag_operator.section-1 to None, run_after=None
[2024-10-08T18:13:08.788+0900] {logging_mixin.py:190} INFO - [2024-10-08T18:13:08.788+0900] {dag.py:4180} INFO - Setting next_dagrun for example_subdag_operator.section-2 to None, run_after=None
[2024-10-08T18:13:08.801+0900] {processor.py:208} INFO - Processing /Users/alookso/1007MLpj/myenv/lib/python3.10/site-packages/airflow/example_dags/example_subdag_operator.py took 0.887 seconds
[2024-10-08T18:16:17.169+0900] {processor.py:186} INFO - Started process (PID=28061) to work on /Users/alookso/1007MLpj/myenv/lib/python3.10/site-packages/airflow/example_dags/example_subdag_operator.py
[2024-10-08T18:16:17.170+0900] {processor.py:914} INFO - Processing file /Users/alookso/1007MLpj/myenv/lib/python3.10/site-packages/airflow/example_dags/example_subdag_operator.py for tasks to queue
[2024-10-08T18:16:17.171+0900] {logging_mixin.py:190} INFO - [2024-10-08T18:16:17.171+0900] {dagbag.py:588} INFO - Filling up the DagBag from /Users/alookso/1007MLpj/myenv/lib/python3.10/site-packages/airflow/example_dags/example_subdag_operator.py
[2024-10-08T18:16:17.305+0900] {processor.py:925} INFO - DAG(s) 'example_subdag_operator.section-1', 'example_subdag_operator.section-2', 'example_subdag_operator' retrieved from /Users/alookso/1007MLpj/myenv/lib/python3.10/site-packages/airflow/example_dags/example_subdag_operator.py
[2024-10-08T18:16:18.002+0900] {logging_mixin.py:190} INFO - [2024-10-08T18:16:18.002+0900] {dag.py:3239} INFO - Sync 3 DAGs
[2024-10-08T18:16:18.022+0900] {logging_mixin.py:190} INFO - [2024-10-08T18:16:18.022+0900] {dag.py:4180} INFO - Setting next_dagrun for example_subdag_operator to 2022-01-01T00:00:00+00:00, run_after=2022-01-01T00:00:00+00:00
[2024-10-08T18:16:18.025+0900] {logging_mixin.py:190} INFO - [2024-10-08T18:16:18.025+0900] {dag.py:4180} INFO - Setting next_dagrun for example_subdag_operator.section-1 to None, run_after=None
[2024-10-08T18:16:18.026+0900] {logging_mixin.py:190} INFO - [2024-10-08T18:16:18.026+0900] {dag.py:4180} INFO - Setting next_dagrun for example_subdag_operator.section-2 to None, run_after=None
[2024-10-08T18:16:18.032+0900] {logging_mixin.py:190} INFO - [2024-10-08T18:16:18.032+0900] {dag.py:3239} INFO - Sync 2 DAGs
[2024-10-08T18:16:18.037+0900] {logging_mixin.py:190} INFO - [2024-10-08T18:16:18.036+0900] {dag.py:4180} INFO - Setting next_dagrun for example_subdag_operator.section-1 to None, run_after=None
[2024-10-08T18:16:18.037+0900] {logging_mixin.py:190} INFO - [2024-10-08T18:16:18.037+0900] {dag.py:4180} INFO - Setting next_dagrun for example_subdag_operator.section-2 to None, run_after=None
[2024-10-08T18:16:18.050+0900] {processor.py:208} INFO - Processing /Users/alookso/1007MLpj/myenv/lib/python3.10/site-packages/airflow/example_dags/example_subdag_operator.py took 0.884 seconds
[2024-10-08T18:19:28.419+0900] {processor.py:186} INFO - Started process (PID=28147) to work on /Users/alookso/1007MLpj/myenv/lib/python3.10/site-packages/airflow/example_dags/example_subdag_operator.py
[2024-10-08T18:19:28.420+0900] {processor.py:914} INFO - Processing file /Users/alookso/1007MLpj/myenv/lib/python3.10/site-packages/airflow/example_dags/example_subdag_operator.py for tasks to queue
[2024-10-08T18:19:28.421+0900] {logging_mixin.py:190} INFO - [2024-10-08T18:19:28.421+0900] {dagbag.py:588} INFO - Filling up the DagBag from /Users/alookso/1007MLpj/myenv/lib/python3.10/site-packages/airflow/example_dags/example_subdag_operator.py
[2024-10-08T18:19:28.553+0900] {processor.py:925} INFO - DAG(s) 'example_subdag_operator.section-1', 'example_subdag_operator.section-2', 'example_subdag_operator' retrieved from /Users/alookso/1007MLpj/myenv/lib/python3.10/site-packages/airflow/example_dags/example_subdag_operator.py
[2024-10-08T18:19:29.308+0900] {logging_mixin.py:190} INFO - [2024-10-08T18:19:29.308+0900] {dag.py:3239} INFO - Sync 3 DAGs
[2024-10-08T18:19:29.336+0900] {logging_mixin.py:190} INFO - [2024-10-08T18:19:29.335+0900] {dag.py:4180} INFO - Setting next_dagrun for example_subdag_operator to 2022-01-01T00:00:00+00:00, run_after=2022-01-01T00:00:00+00:00
[2024-10-08T18:19:29.340+0900] {logging_mixin.py:190} INFO - [2024-10-08T18:19:29.340+0900] {dag.py:4180} INFO - Setting next_dagrun for example_subdag_operator.section-1 to None, run_after=None
[2024-10-08T18:19:29.342+0900] {logging_mixin.py:190} INFO - [2024-10-08T18:19:29.342+0900] {dag.py:4180} INFO - Setting next_dagrun for example_subdag_operator.section-2 to None, run_after=None
[2024-10-08T18:19:29.349+0900] {logging_mixin.py:190} INFO - [2024-10-08T18:19:29.349+0900] {dag.py:3239} INFO - Sync 2 DAGs
[2024-10-08T18:19:29.355+0900] {logging_mixin.py:190} INFO - [2024-10-08T18:19:29.355+0900] {dag.py:4180} INFO - Setting next_dagrun for example_subdag_operator.section-1 to None, run_after=None
[2024-10-08T18:19:29.356+0900] {logging_mixin.py:190} INFO - [2024-10-08T18:19:29.355+0900] {dag.py:4180} INFO - Setting next_dagrun for example_subdag_operator.section-2 to None, run_after=None
[2024-10-08T18:19:29.370+0900] {processor.py:208} INFO - Processing /Users/alookso/1007MLpj/myenv/lib/python3.10/site-packages/airflow/example_dags/example_subdag_operator.py took 0.956 seconds
[2024-10-08T18:33:13.903+0900] {processor.py:186} INFO - Started process (PID=28712) to work on /Users/alookso/1007MLpj/myenv/lib/python3.10/site-packages/airflow/example_dags/example_subdag_operator.py
[2024-10-08T18:33:13.904+0900] {processor.py:914} INFO - Processing file /Users/alookso/1007MLpj/myenv/lib/python3.10/site-packages/airflow/example_dags/example_subdag_operator.py for tasks to queue
[2024-10-08T18:33:13.905+0900] {logging_mixin.py:190} INFO - [2024-10-08T18:33:13.905+0900] {dagbag.py:588} INFO - Filling up the DagBag from /Users/alookso/1007MLpj/myenv/lib/python3.10/site-packages/airflow/example_dags/example_subdag_operator.py
[2024-10-08T18:33:14.040+0900] {processor.py:925} INFO - DAG(s) 'example_subdag_operator.section-1', 'example_subdag_operator.section-2', 'example_subdag_operator' retrieved from /Users/alookso/1007MLpj/myenv/lib/python3.10/site-packages/airflow/example_dags/example_subdag_operator.py
[2024-10-08T18:33:14.756+0900] {logging_mixin.py:190} INFO - [2024-10-08T18:33:14.756+0900] {dag.py:3239} INFO - Sync 3 DAGs
[2024-10-08T18:33:14.777+0900] {logging_mixin.py:190} INFO - [2024-10-08T18:33:14.776+0900] {dag.py:4180} INFO - Setting next_dagrun for example_subdag_operator to 2022-01-01T00:00:00+00:00, run_after=2022-01-01T00:00:00+00:00
[2024-10-08T18:33:14.780+0900] {logging_mixin.py:190} INFO - [2024-10-08T18:33:14.780+0900] {dag.py:4180} INFO - Setting next_dagrun for example_subdag_operator.section-1 to None, run_after=None
[2024-10-08T18:33:14.781+0900] {logging_mixin.py:190} INFO - [2024-10-08T18:33:14.781+0900] {dag.py:4180} INFO - Setting next_dagrun for example_subdag_operator.section-2 to None, run_after=None
[2024-10-08T18:33:14.787+0900] {logging_mixin.py:190} INFO - [2024-10-08T18:33:14.787+0900] {dag.py:3239} INFO - Sync 2 DAGs
[2024-10-08T18:33:14.791+0900] {logging_mixin.py:190} INFO - [2024-10-08T18:33:14.791+0900] {dag.py:4180} INFO - Setting next_dagrun for example_subdag_operator.section-1 to None, run_after=None
[2024-10-08T18:33:14.792+0900] {logging_mixin.py:190} INFO - [2024-10-08T18:33:14.792+0900] {dag.py:4180} INFO - Setting next_dagrun for example_subdag_operator.section-2 to None, run_after=None
[2024-10-08T18:33:14.805+0900] {processor.py:208} INFO - Processing /Users/alookso/1007MLpj/myenv/lib/python3.10/site-packages/airflow/example_dags/example_subdag_operator.py took 0.907 seconds
[2024-10-08T18:46:47.571+0900] {processor.py:186} INFO - Started process (PID=29263) to work on /Users/alookso/1007MLpj/myenv/lib/python3.10/site-packages/airflow/example_dags/example_subdag_operator.py
[2024-10-08T18:46:47.572+0900] {processor.py:914} INFO - Processing file /Users/alookso/1007MLpj/myenv/lib/python3.10/site-packages/airflow/example_dags/example_subdag_operator.py for tasks to queue
[2024-10-08T18:46:47.572+0900] {logging_mixin.py:190} INFO - [2024-10-08T18:46:47.572+0900] {dagbag.py:588} INFO - Filling up the DagBag from /Users/alookso/1007MLpj/myenv/lib/python3.10/site-packages/airflow/example_dags/example_subdag_operator.py
[2024-10-08T18:46:47.709+0900] {processor.py:925} INFO - DAG(s) 'example_subdag_operator.section-1', 'example_subdag_operator.section-2', 'example_subdag_operator' retrieved from /Users/alookso/1007MLpj/myenv/lib/python3.10/site-packages/airflow/example_dags/example_subdag_operator.py
[2024-10-08T18:46:48.420+0900] {logging_mixin.py:190} INFO - [2024-10-08T18:46:48.419+0900] {dag.py:3239} INFO - Sync 3 DAGs
[2024-10-08T18:46:48.440+0900] {logging_mixin.py:190} INFO - [2024-10-08T18:46:48.439+0900] {dag.py:4180} INFO - Setting next_dagrun for example_subdag_operator to 2022-01-01T00:00:00+00:00, run_after=2022-01-01T00:00:00+00:00
[2024-10-08T18:46:48.443+0900] {logging_mixin.py:190} INFO - [2024-10-08T18:46:48.443+0900] {dag.py:4180} INFO - Setting next_dagrun for example_subdag_operator.section-1 to None, run_after=None
[2024-10-08T18:46:48.445+0900] {logging_mixin.py:190} INFO - [2024-10-08T18:46:48.444+0900] {dag.py:4180} INFO - Setting next_dagrun for example_subdag_operator.section-2 to None, run_after=None
[2024-10-08T18:46:48.451+0900] {logging_mixin.py:190} INFO - [2024-10-08T18:46:48.451+0900] {dag.py:3239} INFO - Sync 2 DAGs
[2024-10-08T18:46:48.455+0900] {logging_mixin.py:190} INFO - [2024-10-08T18:46:48.455+0900] {dag.py:4180} INFO - Setting next_dagrun for example_subdag_operator.section-1 to None, run_after=None
[2024-10-08T18:46:48.455+0900] {logging_mixin.py:190} INFO - [2024-10-08T18:46:48.455+0900] {dag.py:4180} INFO - Setting next_dagrun for example_subdag_operator.section-2 to None, run_after=None
[2024-10-08T18:46:48.468+0900] {processor.py:208} INFO - Processing /Users/alookso/1007MLpj/myenv/lib/python3.10/site-packages/airflow/example_dags/example_subdag_operator.py took 0.902 seconds
