[2024-10-08T14:45:50.235+0900] {processor.py:186} INFO - Started process (PID=22293) to work on /Users/alookso/1007MLpj/myenv/lib/python3.10/site-packages/airflow/example_dags/example_datasets.py
[2024-10-08T14:45:50.236+0900] {processor.py:914} INFO - Processing file /Users/alookso/1007MLpj/myenv/lib/python3.10/site-packages/airflow/example_dags/example_datasets.py for tasks to queue
[2024-10-08T14:45:50.237+0900] {logging_mixin.py:190} INFO - [2024-10-08T14:45:50.237+0900] {dagbag.py:588} INFO - Filling up the DagBag from /Users/alookso/1007MLpj/myenv/lib/python3.10/site-packages/airflow/example_dags/example_datasets.py
[2024-10-08T14:45:50.296+0900] {processor.py:925} INFO - DAG(s) 'consume_1_or_both_2_and_3_with_dataset_expressions', 'dataset_consumes_1_and_2', 'consume_1_and_2_with_dataset_expressions', 'dataset_consumes_1', 'dataset_produces_1', 'consume_1_or_2_with_dataset_expressions', 'dataset_consumes_1_never_scheduled', 'dataset_consumes_unknown_never_scheduled', 'dataset_produces_2', 'conditional_dataset_and_time_based_timetable' retrieved from /Users/alookso/1007MLpj/myenv/lib/python3.10/site-packages/airflow/example_dags/example_datasets.py
[2024-10-08T14:45:50.602+0900] {logging_mixin.py:190} INFO - [2024-10-08T14:45:50.602+0900] {override.py:1901} INFO - Created Permission View: can read on DAG:consume_1_or_both_2_and_3_with_dataset_expressions
[2024-10-08T14:45:50.613+0900] {logging_mixin.py:190} INFO - [2024-10-08T14:45:50.613+0900] {override.py:1901} INFO - Created Permission View: can edit on DAG:consume_1_or_both_2_and_3_with_dataset_expressions
[2024-10-08T14:45:50.621+0900] {logging_mixin.py:190} INFO - [2024-10-08T14:45:50.621+0900] {override.py:1901} INFO - Created Permission View: can delete on DAG:consume_1_or_both_2_and_3_with_dataset_expressions
[2024-10-08T14:45:50.631+0900] {logging_mixin.py:190} INFO - [2024-10-08T14:45:50.630+0900] {override.py:1901} INFO - Created Permission View: can create on DAG Run:consume_1_or_both_2_and_3_with_dataset_expressions
[2024-10-08T14:45:50.637+0900] {logging_mixin.py:190} INFO - [2024-10-08T14:45:50.637+0900] {override.py:1901} INFO - Created Permission View: can read on DAG Run:consume_1_or_both_2_and_3_with_dataset_expressions
[2024-10-08T14:45:50.645+0900] {logging_mixin.py:190} INFO - [2024-10-08T14:45:50.645+0900] {override.py:1901} INFO - Created Permission View: menu access on DAG Run:consume_1_or_both_2_and_3_with_dataset_expressions
[2024-10-08T14:45:50.653+0900] {logging_mixin.py:190} INFO - [2024-10-08T14:45:50.652+0900] {override.py:1901} INFO - Created Permission View: can delete on DAG Run:consume_1_or_both_2_and_3_with_dataset_expressions
[2024-10-08T14:45:50.667+0900] {logging_mixin.py:190} INFO - [2024-10-08T14:45:50.667+0900] {override.py:1901} INFO - Created Permission View: can read on DAG:dataset_consumes_1_and_2
[2024-10-08T14:45:50.674+0900] {logging_mixin.py:190} INFO - [2024-10-08T14:45:50.674+0900] {override.py:1901} INFO - Created Permission View: can edit on DAG:dataset_consumes_1_and_2
[2024-10-08T14:45:50.681+0900] {logging_mixin.py:190} INFO - [2024-10-08T14:45:50.681+0900] {override.py:1901} INFO - Created Permission View: can delete on DAG:dataset_consumes_1_and_2
[2024-10-08T14:45:50.692+0900] {logging_mixin.py:190} INFO - [2024-10-08T14:45:50.691+0900] {override.py:1901} INFO - Created Permission View: can create on DAG Run:dataset_consumes_1_and_2
[2024-10-08T14:45:50.699+0900] {logging_mixin.py:190} INFO - [2024-10-08T14:45:50.698+0900] {override.py:1901} INFO - Created Permission View: can read on DAG Run:dataset_consumes_1_and_2
[2024-10-08T14:45:50.706+0900] {logging_mixin.py:190} INFO - [2024-10-08T14:45:50.706+0900] {override.py:1901} INFO - Created Permission View: menu access on DAG Run:dataset_consumes_1_and_2
[2024-10-08T14:45:50.713+0900] {logging_mixin.py:190} INFO - [2024-10-08T14:45:50.713+0900] {override.py:1901} INFO - Created Permission View: can delete on DAG Run:dataset_consumes_1_and_2
[2024-10-08T14:45:50.728+0900] {logging_mixin.py:190} INFO - [2024-10-08T14:45:50.728+0900] {override.py:1901} INFO - Created Permission View: can read on DAG:consume_1_and_2_with_dataset_expressions
[2024-10-08T14:45:50.736+0900] {logging_mixin.py:190} INFO - [2024-10-08T14:45:50.735+0900] {override.py:1901} INFO - Created Permission View: can edit on DAG:consume_1_and_2_with_dataset_expressions
[2024-10-08T14:45:50.743+0900] {logging_mixin.py:190} INFO - [2024-10-08T14:45:50.743+0900] {override.py:1901} INFO - Created Permission View: can delete on DAG:consume_1_and_2_with_dataset_expressions
[2024-10-08T14:45:50.753+0900] {logging_mixin.py:190} INFO - [2024-10-08T14:45:50.752+0900] {override.py:1901} INFO - Created Permission View: can create on DAG Run:consume_1_and_2_with_dataset_expressions
[2024-10-08T14:45:50.760+0900] {logging_mixin.py:190} INFO - [2024-10-08T14:45:50.760+0900] {override.py:1901} INFO - Created Permission View: can read on DAG Run:consume_1_and_2_with_dataset_expressions
[2024-10-08T14:45:50.768+0900] {logging_mixin.py:190} INFO - [2024-10-08T14:45:50.767+0900] {override.py:1901} INFO - Created Permission View: menu access on DAG Run:consume_1_and_2_with_dataset_expressions
[2024-10-08T14:45:50.775+0900] {logging_mixin.py:190} INFO - [2024-10-08T14:45:50.775+0900] {override.py:1901} INFO - Created Permission View: can delete on DAG Run:consume_1_and_2_with_dataset_expressions
[2024-10-08T14:45:50.790+0900] {logging_mixin.py:190} INFO - [2024-10-08T14:45:50.790+0900] {override.py:1901} INFO - Created Permission View: can read on DAG:dataset_consumes_1
[2024-10-08T14:45:50.797+0900] {logging_mixin.py:190} INFO - [2024-10-08T14:45:50.797+0900] {override.py:1901} INFO - Created Permission View: can edit on DAG:dataset_consumes_1
[2024-10-08T14:45:50.804+0900] {logging_mixin.py:190} INFO - [2024-10-08T14:45:50.804+0900] {override.py:1901} INFO - Created Permission View: can delete on DAG:dataset_consumes_1
[2024-10-08T14:45:50.814+0900] {logging_mixin.py:190} INFO - [2024-10-08T14:45:50.814+0900] {override.py:1901} INFO - Created Permission View: can create on DAG Run:dataset_consumes_1
[2024-10-08T14:45:50.822+0900] {logging_mixin.py:190} INFO - [2024-10-08T14:45:50.821+0900] {override.py:1901} INFO - Created Permission View: can read on DAG Run:dataset_consumes_1
[2024-10-08T14:45:50.829+0900] {logging_mixin.py:190} INFO - [2024-10-08T14:45:50.828+0900] {override.py:1901} INFO - Created Permission View: menu access on DAG Run:dataset_consumes_1
[2024-10-08T14:45:50.835+0900] {logging_mixin.py:190} INFO - [2024-10-08T14:45:50.835+0900] {override.py:1901} INFO - Created Permission View: can delete on DAG Run:dataset_consumes_1
[2024-10-08T14:45:50.850+0900] {logging_mixin.py:190} INFO - [2024-10-08T14:45:50.849+0900] {override.py:1901} INFO - Created Permission View: can read on DAG:dataset_produces_1
[2024-10-08T14:45:50.857+0900] {logging_mixin.py:190} INFO - [2024-10-08T14:45:50.857+0900] {override.py:1901} INFO - Created Permission View: can edit on DAG:dataset_produces_1
[2024-10-08T14:45:50.866+0900] {logging_mixin.py:190} INFO - [2024-10-08T14:45:50.866+0900] {override.py:1901} INFO - Created Permission View: can delete on DAG:dataset_produces_1
[2024-10-08T14:45:50.876+0900] {logging_mixin.py:190} INFO - [2024-10-08T14:45:50.875+0900] {override.py:1901} INFO - Created Permission View: can create on DAG Run:dataset_produces_1
[2024-10-08T14:45:50.883+0900] {logging_mixin.py:190} INFO - [2024-10-08T14:45:50.883+0900] {override.py:1901} INFO - Created Permission View: can read on DAG Run:dataset_produces_1
[2024-10-08T14:45:50.891+0900] {logging_mixin.py:190} INFO - [2024-10-08T14:45:50.890+0900] {override.py:1901} INFO - Created Permission View: menu access on DAG Run:dataset_produces_1
[2024-10-08T14:45:50.898+0900] {logging_mixin.py:190} INFO - [2024-10-08T14:45:50.897+0900] {override.py:1901} INFO - Created Permission View: can delete on DAG Run:dataset_produces_1
[2024-10-08T14:45:50.912+0900] {logging_mixin.py:190} INFO - [2024-10-08T14:45:50.912+0900] {override.py:1901} INFO - Created Permission View: can read on DAG:consume_1_or_2_with_dataset_expressions
[2024-10-08T14:45:50.919+0900] {logging_mixin.py:190} INFO - [2024-10-08T14:45:50.919+0900] {override.py:1901} INFO - Created Permission View: can edit on DAG:consume_1_or_2_with_dataset_expressions
[2024-10-08T14:45:50.927+0900] {logging_mixin.py:190} INFO - [2024-10-08T14:45:50.927+0900] {override.py:1901} INFO - Created Permission View: can delete on DAG:consume_1_or_2_with_dataset_expressions
[2024-10-08T14:45:50.937+0900] {logging_mixin.py:190} INFO - [2024-10-08T14:45:50.936+0900] {override.py:1901} INFO - Created Permission View: can create on DAG Run:consume_1_or_2_with_dataset_expressions
[2024-10-08T14:45:50.944+0900] {logging_mixin.py:190} INFO - [2024-10-08T14:45:50.944+0900] {override.py:1901} INFO - Created Permission View: can read on DAG Run:consume_1_or_2_with_dataset_expressions
[2024-10-08T14:45:50.952+0900] {logging_mixin.py:190} INFO - [2024-10-08T14:45:50.951+0900] {override.py:1901} INFO - Created Permission View: menu access on DAG Run:consume_1_or_2_with_dataset_expressions
[2024-10-08T14:45:50.959+0900] {logging_mixin.py:190} INFO - [2024-10-08T14:45:50.959+0900] {override.py:1901} INFO - Created Permission View: can delete on DAG Run:consume_1_or_2_with_dataset_expressions
[2024-10-08T14:45:50.973+0900] {logging_mixin.py:190} INFO - [2024-10-08T14:45:50.972+0900] {override.py:1901} INFO - Created Permission View: can read on DAG:dataset_consumes_1_never_scheduled
[2024-10-08T14:45:50.980+0900] {logging_mixin.py:190} INFO - [2024-10-08T14:45:50.980+0900] {override.py:1901} INFO - Created Permission View: can edit on DAG:dataset_consumes_1_never_scheduled
[2024-10-08T14:45:50.988+0900] {logging_mixin.py:190} INFO - [2024-10-08T14:45:50.987+0900] {override.py:1901} INFO - Created Permission View: can delete on DAG:dataset_consumes_1_never_scheduled
[2024-10-08T14:45:50.997+0900] {logging_mixin.py:190} INFO - [2024-10-08T14:45:50.997+0900] {override.py:1901} INFO - Created Permission View: can create on DAG Run:dataset_consumes_1_never_scheduled
[2024-10-08T14:45:51.004+0900] {logging_mixin.py:190} INFO - [2024-10-08T14:45:51.004+0900] {override.py:1901} INFO - Created Permission View: can read on DAG Run:dataset_consumes_1_never_scheduled
[2024-10-08T14:45:51.012+0900] {logging_mixin.py:190} INFO - [2024-10-08T14:45:51.011+0900] {override.py:1901} INFO - Created Permission View: menu access on DAG Run:dataset_consumes_1_never_scheduled
[2024-10-08T14:45:51.019+0900] {logging_mixin.py:190} INFO - [2024-10-08T14:45:51.019+0900] {override.py:1901} INFO - Created Permission View: can delete on DAG Run:dataset_consumes_1_never_scheduled
[2024-10-08T14:45:51.033+0900] {logging_mixin.py:190} INFO - [2024-10-08T14:45:51.033+0900] {override.py:1901} INFO - Created Permission View: can read on DAG:dataset_consumes_unknown_never_scheduled
[2024-10-08T14:45:51.041+0900] {logging_mixin.py:190} INFO - [2024-10-08T14:45:51.041+0900] {override.py:1901} INFO - Created Permission View: can edit on DAG:dataset_consumes_unknown_never_scheduled
[2024-10-08T14:45:51.048+0900] {logging_mixin.py:190} INFO - [2024-10-08T14:45:51.048+0900] {override.py:1901} INFO - Created Permission View: can delete on DAG:dataset_consumes_unknown_never_scheduled
[2024-10-08T14:45:51.058+0900] {logging_mixin.py:190} INFO - [2024-10-08T14:45:51.058+0900] {override.py:1901} INFO - Created Permission View: can create on DAG Run:dataset_consumes_unknown_never_scheduled
[2024-10-08T14:45:51.065+0900] {logging_mixin.py:190} INFO - [2024-10-08T14:45:51.065+0900] {override.py:1901} INFO - Created Permission View: can read on DAG Run:dataset_consumes_unknown_never_scheduled
[2024-10-08T14:45:51.072+0900] {logging_mixin.py:190} INFO - [2024-10-08T14:45:51.072+0900] {override.py:1901} INFO - Created Permission View: menu access on DAG Run:dataset_consumes_unknown_never_scheduled
[2024-10-08T14:45:51.080+0900] {logging_mixin.py:190} INFO - [2024-10-08T14:45:51.079+0900] {override.py:1901} INFO - Created Permission View: can delete on DAG Run:dataset_consumes_unknown_never_scheduled
[2024-10-08T14:45:51.094+0900] {logging_mixin.py:190} INFO - [2024-10-08T14:45:51.094+0900] {override.py:1901} INFO - Created Permission View: can read on DAG:dataset_produces_2
[2024-10-08T14:45:51.102+0900] {logging_mixin.py:190} INFO - [2024-10-08T14:45:51.101+0900] {override.py:1901} INFO - Created Permission View: can edit on DAG:dataset_produces_2
[2024-10-08T14:45:51.109+0900] {logging_mixin.py:190} INFO - [2024-10-08T14:45:51.109+0900] {override.py:1901} INFO - Created Permission View: can delete on DAG:dataset_produces_2
[2024-10-08T14:45:51.118+0900] {logging_mixin.py:190} INFO - [2024-10-08T14:45:51.118+0900] {override.py:1901} INFO - Created Permission View: can create on DAG Run:dataset_produces_2
[2024-10-08T14:45:51.127+0900] {logging_mixin.py:190} INFO - [2024-10-08T14:45:51.126+0900] {override.py:1901} INFO - Created Permission View: can read on DAG Run:dataset_produces_2
[2024-10-08T14:45:51.134+0900] {logging_mixin.py:190} INFO - [2024-10-08T14:45:51.134+0900] {override.py:1901} INFO - Created Permission View: menu access on DAG Run:dataset_produces_2
[2024-10-08T14:45:51.141+0900] {logging_mixin.py:190} INFO - [2024-10-08T14:45:51.141+0900] {override.py:1901} INFO - Created Permission View: can delete on DAG Run:dataset_produces_2
[2024-10-08T14:45:51.155+0900] {logging_mixin.py:190} INFO - [2024-10-08T14:45:51.155+0900] {override.py:1901} INFO - Created Permission View: can read on DAG:conditional_dataset_and_time_based_timetable
[2024-10-08T14:45:51.163+0900] {logging_mixin.py:190} INFO - [2024-10-08T14:45:51.162+0900] {override.py:1901} INFO - Created Permission View: can edit on DAG:conditional_dataset_and_time_based_timetable
[2024-10-08T14:45:51.170+0900] {logging_mixin.py:190} INFO - [2024-10-08T14:45:51.169+0900] {override.py:1901} INFO - Created Permission View: can delete on DAG:conditional_dataset_and_time_based_timetable
[2024-10-08T14:45:51.179+0900] {logging_mixin.py:190} INFO - [2024-10-08T14:45:51.179+0900] {override.py:1901} INFO - Created Permission View: can create on DAG Run:conditional_dataset_and_time_based_timetable
[2024-10-08T14:45:51.187+0900] {logging_mixin.py:190} INFO - [2024-10-08T14:45:51.186+0900] {override.py:1901} INFO - Created Permission View: can read on DAG Run:conditional_dataset_and_time_based_timetable
[2024-10-08T14:45:51.194+0900] {logging_mixin.py:190} INFO - [2024-10-08T14:45:51.193+0900] {override.py:1901} INFO - Created Permission View: menu access on DAG Run:conditional_dataset_and_time_based_timetable
[2024-10-08T14:45:51.202+0900] {logging_mixin.py:190} INFO - [2024-10-08T14:45:51.201+0900] {override.py:1901} INFO - Created Permission View: can delete on DAG Run:conditional_dataset_and_time_based_timetable
[2024-10-08T14:45:51.202+0900] {logging_mixin.py:190} INFO - [2024-10-08T14:45:51.202+0900] {dag.py:3239} INFO - Sync 10 DAGs
[2024-10-08T14:45:51.216+0900] {logging_mixin.py:190} INFO - [2024-10-08T14:45:51.216+0900] {dag.py:3262} INFO - Creating ORM DAG for dataset_consumes_unknown_never_scheduled
[2024-10-08T14:45:51.217+0900] {logging_mixin.py:190} INFO - [2024-10-08T14:45:51.217+0900] {dag.py:3262} INFO - Creating ORM DAG for dataset_consumes_1
[2024-10-08T14:45:51.218+0900] {logging_mixin.py:190} INFO - [2024-10-08T14:45:51.218+0900] {dag.py:3262} INFO - Creating ORM DAG for dataset_produces_1
[2024-10-08T14:45:51.219+0900] {logging_mixin.py:190} INFO - [2024-10-08T14:45:51.218+0900] {dag.py:3262} INFO - Creating ORM DAG for dataset_consumes_1_never_scheduled
[2024-10-08T14:45:51.219+0900] {logging_mixin.py:190} INFO - [2024-10-08T14:45:51.219+0900] {dag.py:3262} INFO - Creating ORM DAG for conditional_dataset_and_time_based_timetable
[2024-10-08T14:45:51.220+0900] {logging_mixin.py:190} INFO - [2024-10-08T14:45:51.220+0900] {dag.py:3262} INFO - Creating ORM DAG for consume_1_and_2_with_dataset_expressions
[2024-10-08T14:45:51.220+0900] {logging_mixin.py:190} INFO - [2024-10-08T14:45:51.220+0900] {dag.py:3262} INFO - Creating ORM DAG for consume_1_or_2_with_dataset_expressions
[2024-10-08T14:45:51.221+0900] {logging_mixin.py:190} INFO - [2024-10-08T14:45:51.221+0900] {dag.py:3262} INFO - Creating ORM DAG for consume_1_or_both_2_and_3_with_dataset_expressions
[2024-10-08T14:45:51.222+0900] {logging_mixin.py:190} INFO - [2024-10-08T14:45:51.222+0900] {dag.py:3262} INFO - Creating ORM DAG for dataset_produces_2
[2024-10-08T14:45:51.222+0900] {logging_mixin.py:190} INFO - [2024-10-08T14:45:51.222+0900] {dag.py:3262} INFO - Creating ORM DAG for dataset_consumes_1_and_2
[2024-10-08T14:45:51.232+0900] {logging_mixin.py:190} INFO - [2024-10-08T14:45:51.232+0900] {dag.py:4180} INFO - Setting next_dagrun for conditional_dataset_and_time_based_timetable to 2024-10-02T01:00:00+00:00, run_after=2024-10-02T01:00:00+00:00
[2024-10-08T14:45:51.233+0900] {logging_mixin.py:190} INFO - [2024-10-08T14:45:51.233+0900] {dag.py:4180} INFO - Setting next_dagrun for consume_1_and_2_with_dataset_expressions to None, run_after=None
[2024-10-08T14:45:51.233+0900] {logging_mixin.py:190} INFO - [2024-10-08T14:45:51.233+0900] {dag.py:4180} INFO - Setting next_dagrun for consume_1_or_2_with_dataset_expressions to None, run_after=None
[2024-10-08T14:45:51.234+0900] {logging_mixin.py:190} INFO - [2024-10-08T14:45:51.233+0900] {dag.py:4180} INFO - Setting next_dagrun for consume_1_or_both_2_and_3_with_dataset_expressions to None, run_after=None
[2024-10-08T14:45:51.234+0900] {logging_mixin.py:190} INFO - [2024-10-08T14:45:51.234+0900] {dag.py:4180} INFO - Setting next_dagrun for dataset_consumes_1 to None, run_after=None
[2024-10-08T14:45:51.235+0900] {logging_mixin.py:190} INFO - [2024-10-08T14:45:51.234+0900] {dag.py:4180} INFO - Setting next_dagrun for dataset_consumes_1_and_2 to None, run_after=None
[2024-10-08T14:45:51.235+0900] {logging_mixin.py:190} INFO - [2024-10-08T14:45:51.235+0900] {dag.py:4180} INFO - Setting next_dagrun for dataset_consumes_1_never_scheduled to None, run_after=None
[2024-10-08T14:45:51.236+0900] {logging_mixin.py:190} INFO - [2024-10-08T14:45:51.236+0900] {dag.py:4180} INFO - Setting next_dagrun for dataset_consumes_unknown_never_scheduled to None, run_after=None
[2024-10-08T14:45:51.238+0900] {logging_mixin.py:190} INFO - [2024-10-08T14:45:51.238+0900] {dag.py:4180} INFO - Setting next_dagrun for dataset_produces_1 to 2024-10-07T00:00:00+00:00, run_after=2024-10-08T00:00:00+00:00
[2024-10-08T14:45:51.239+0900] {logging_mixin.py:190} INFO - [2024-10-08T14:45:51.239+0900] {dag.py:4180} INFO - Setting next_dagrun for dataset_produces_2 to None, run_after=None
[2024-10-08T14:45:51.987+0900] {processor.py:208} INFO - Processing /Users/alookso/1007MLpj/myenv/lib/python3.10/site-packages/airflow/example_dags/example_datasets.py took 1.756 seconds
[2024-10-08T14:49:31.611+0900] {processor.py:186} INFO - Started process (PID=22385) to work on /Users/alookso/1007MLpj/myenv/lib/python3.10/site-packages/airflow/example_dags/example_datasets.py
[2024-10-08T14:49:31.612+0900] {processor.py:914} INFO - Processing file /Users/alookso/1007MLpj/myenv/lib/python3.10/site-packages/airflow/example_dags/example_datasets.py for tasks to queue
[2024-10-08T14:49:31.613+0900] {logging_mixin.py:190} INFO - [2024-10-08T14:49:31.613+0900] {dagbag.py:588} INFO - Filling up the DagBag from /Users/alookso/1007MLpj/myenv/lib/python3.10/site-packages/airflow/example_dags/example_datasets.py
[2024-10-08T14:49:31.672+0900] {processor.py:925} INFO - DAG(s) 'dataset_produces_2', 'consume_1_or_both_2_and_3_with_dataset_expressions', 'dataset_consumes_unknown_never_scheduled', 'dataset_consumes_1', 'consume_1_and_2_with_dataset_expressions', 'conditional_dataset_and_time_based_timetable', 'dataset_consumes_1_and_2', 'consume_1_or_2_with_dataset_expressions', 'dataset_produces_1', 'dataset_consumes_1_never_scheduled' retrieved from /Users/alookso/1007MLpj/myenv/lib/python3.10/site-packages/airflow/example_dags/example_datasets.py
[2024-10-08T14:49:31.831+0900] {logging_mixin.py:190} INFO - [2024-10-08T14:49:31.831+0900] {dag.py:3239} INFO - Sync 10 DAGs
[2024-10-08T14:49:31.856+0900] {logging_mixin.py:190} INFO - [2024-10-08T14:49:31.856+0900] {dag.py:4180} INFO - Setting next_dagrun for conditional_dataset_and_time_based_timetable to 2024-10-02T01:00:00+00:00, run_after=2024-10-02T01:00:00+00:00
[2024-10-08T14:49:31.860+0900] {logging_mixin.py:190} INFO - [2024-10-08T14:49:31.860+0900] {dag.py:4180} INFO - Setting next_dagrun for consume_1_and_2_with_dataset_expressions to None, run_after=None
[2024-10-08T14:49:31.861+0900] {logging_mixin.py:190} INFO - [2024-10-08T14:49:31.861+0900] {dag.py:4180} INFO - Setting next_dagrun for consume_1_or_2_with_dataset_expressions to None, run_after=None
[2024-10-08T14:49:31.862+0900] {logging_mixin.py:190} INFO - [2024-10-08T14:49:31.862+0900] {dag.py:4180} INFO - Setting next_dagrun for consume_1_or_both_2_and_3_with_dataset_expressions to None, run_after=None
[2024-10-08T14:49:31.863+0900] {logging_mixin.py:190} INFO - [2024-10-08T14:49:31.863+0900] {dag.py:4180} INFO - Setting next_dagrun for dataset_consumes_1 to None, run_after=None
[2024-10-08T14:49:31.864+0900] {logging_mixin.py:190} INFO - [2024-10-08T14:49:31.864+0900] {dag.py:4180} INFO - Setting next_dagrun for dataset_consumes_1_and_2 to None, run_after=None
[2024-10-08T14:49:31.865+0900] {logging_mixin.py:190} INFO - [2024-10-08T14:49:31.865+0900] {dag.py:4180} INFO - Setting next_dagrun for dataset_consumes_1_never_scheduled to None, run_after=None
[2024-10-08T14:49:31.866+0900] {logging_mixin.py:190} INFO - [2024-10-08T14:49:31.866+0900] {dag.py:4180} INFO - Setting next_dagrun for dataset_consumes_unknown_never_scheduled to None, run_after=None
[2024-10-08T14:49:31.869+0900] {logging_mixin.py:190} INFO - [2024-10-08T14:49:31.869+0900] {dag.py:4180} INFO - Setting next_dagrun for dataset_produces_1 to 2024-10-07T00:00:00+00:00, run_after=2024-10-08T00:00:00+00:00
[2024-10-08T14:49:31.870+0900] {logging_mixin.py:190} INFO - [2024-10-08T14:49:31.870+0900] {dag.py:4180} INFO - Setting next_dagrun for dataset_produces_2 to None, run_after=None
[2024-10-08T14:49:31.904+0900] {processor.py:208} INFO - Processing /Users/alookso/1007MLpj/myenv/lib/python3.10/site-packages/airflow/example_dags/example_datasets.py took 0.298 seconds
[2024-10-08T14:55:46.637+0900] {processor.py:186} INFO - Started process (PID=22604) to work on /Users/alookso/1007MLpj/myenv/lib/python3.10/site-packages/airflow/example_dags/example_datasets.py
[2024-10-08T14:55:46.638+0900] {processor.py:914} INFO - Processing file /Users/alookso/1007MLpj/myenv/lib/python3.10/site-packages/airflow/example_dags/example_datasets.py for tasks to queue
[2024-10-08T14:55:46.639+0900] {logging_mixin.py:190} INFO - [2024-10-08T14:55:46.639+0900] {dagbag.py:588} INFO - Filling up the DagBag from /Users/alookso/1007MLpj/myenv/lib/python3.10/site-packages/airflow/example_dags/example_datasets.py
[2024-10-08T14:55:46.698+0900] {processor.py:925} INFO - DAG(s) 'conditional_dataset_and_time_based_timetable', 'dataset_produces_1', 'dataset_consumes_1_and_2', 'dataset_consumes_1_never_scheduled', 'consume_1_and_2_with_dataset_expressions', 'dataset_produces_2', 'dataset_consumes_1', 'consume_1_or_2_with_dataset_expressions', 'consume_1_or_both_2_and_3_with_dataset_expressions', 'dataset_consumes_unknown_never_scheduled' retrieved from /Users/alookso/1007MLpj/myenv/lib/python3.10/site-packages/airflow/example_dags/example_datasets.py
[2024-10-08T14:55:46.862+0900] {logging_mixin.py:190} INFO - [2024-10-08T14:55:46.862+0900] {dag.py:3239} INFO - Sync 10 DAGs
[2024-10-08T14:55:46.887+0900] {logging_mixin.py:190} INFO - [2024-10-08T14:55:46.887+0900] {dag.py:4180} INFO - Setting next_dagrun for conditional_dataset_and_time_based_timetable to 2024-10-02T01:00:00+00:00, run_after=2024-10-02T01:00:00+00:00
[2024-10-08T14:55:46.890+0900] {logging_mixin.py:190} INFO - [2024-10-08T14:55:46.890+0900] {dag.py:4180} INFO - Setting next_dagrun for consume_1_and_2_with_dataset_expressions to None, run_after=None
[2024-10-08T14:55:46.891+0900] {logging_mixin.py:190} INFO - [2024-10-08T14:55:46.891+0900] {dag.py:4180} INFO - Setting next_dagrun for consume_1_or_2_with_dataset_expressions to None, run_after=None
[2024-10-08T14:55:46.892+0900] {logging_mixin.py:190} INFO - [2024-10-08T14:55:46.892+0900] {dag.py:4180} INFO - Setting next_dagrun for consume_1_or_both_2_and_3_with_dataset_expressions to None, run_after=None
[2024-10-08T14:55:46.893+0900] {logging_mixin.py:190} INFO - [2024-10-08T14:55:46.893+0900] {dag.py:4180} INFO - Setting next_dagrun for dataset_consumes_1 to None, run_after=None
[2024-10-08T14:55:46.894+0900] {logging_mixin.py:190} INFO - [2024-10-08T14:55:46.894+0900] {dag.py:4180} INFO - Setting next_dagrun for dataset_consumes_1_and_2 to None, run_after=None
[2024-10-08T14:55:46.895+0900] {logging_mixin.py:190} INFO - [2024-10-08T14:55:46.895+0900] {dag.py:4180} INFO - Setting next_dagrun for dataset_consumes_1_never_scheduled to None, run_after=None
[2024-10-08T14:55:46.896+0900] {logging_mixin.py:190} INFO - [2024-10-08T14:55:46.896+0900] {dag.py:4180} INFO - Setting next_dagrun for dataset_consumes_unknown_never_scheduled to None, run_after=None
[2024-10-08T14:55:46.899+0900] {logging_mixin.py:190} INFO - [2024-10-08T14:55:46.899+0900] {dag.py:4180} INFO - Setting next_dagrun for dataset_produces_1 to 2024-10-07T00:00:00+00:00, run_after=2024-10-08T00:00:00+00:00
[2024-10-08T14:55:46.900+0900] {logging_mixin.py:190} INFO - [2024-10-08T14:55:46.900+0900] {dag.py:4180} INFO - Setting next_dagrun for dataset_produces_2 to None, run_after=None
[2024-10-08T14:55:46.936+0900] {processor.py:208} INFO - Processing /Users/alookso/1007MLpj/myenv/lib/python3.10/site-packages/airflow/example_dags/example_datasets.py took 0.303 seconds
[2024-10-08T15:02:05.631+0900] {processor.py:186} INFO - Started process (PID=22808) to work on /Users/alookso/1007MLpj/myenv/lib/python3.10/site-packages/airflow/example_dags/example_datasets.py
[2024-10-08T15:02:05.632+0900] {processor.py:914} INFO - Processing file /Users/alookso/1007MLpj/myenv/lib/python3.10/site-packages/airflow/example_dags/example_datasets.py for tasks to queue
[2024-10-08T15:02:05.633+0900] {logging_mixin.py:190} INFO - [2024-10-08T15:02:05.633+0900] {dagbag.py:588} INFO - Filling up the DagBag from /Users/alookso/1007MLpj/myenv/lib/python3.10/site-packages/airflow/example_dags/example_datasets.py
[2024-10-08T15:02:05.694+0900] {processor.py:925} INFO - DAG(s) 'dataset_consumes_1', 'consume_1_or_both_2_and_3_with_dataset_expressions', 'dataset_consumes_1_and_2', 'consume_1_or_2_with_dataset_expressions', 'conditional_dataset_and_time_based_timetable', 'dataset_produces_2', 'consume_1_and_2_with_dataset_expressions', 'dataset_consumes_1_never_scheduled', 'dataset_consumes_unknown_never_scheduled', 'dataset_produces_1' retrieved from /Users/alookso/1007MLpj/myenv/lib/python3.10/site-packages/airflow/example_dags/example_datasets.py
[2024-10-08T15:02:05.854+0900] {logging_mixin.py:190} INFO - [2024-10-08T15:02:05.854+0900] {dag.py:3239} INFO - Sync 10 DAGs
[2024-10-08T15:02:05.879+0900] {logging_mixin.py:190} INFO - [2024-10-08T15:02:05.878+0900] {dag.py:4180} INFO - Setting next_dagrun for conditional_dataset_and_time_based_timetable to 2024-10-02T01:00:00+00:00, run_after=2024-10-02T01:00:00+00:00
[2024-10-08T15:02:05.882+0900] {logging_mixin.py:190} INFO - [2024-10-08T15:02:05.882+0900] {dag.py:4180} INFO - Setting next_dagrun for consume_1_and_2_with_dataset_expressions to None, run_after=None
[2024-10-08T15:02:05.883+0900] {logging_mixin.py:190} INFO - [2024-10-08T15:02:05.883+0900] {dag.py:4180} INFO - Setting next_dagrun for consume_1_or_2_with_dataset_expressions to None, run_after=None
[2024-10-08T15:02:05.884+0900] {logging_mixin.py:190} INFO - [2024-10-08T15:02:05.884+0900] {dag.py:4180} INFO - Setting next_dagrun for consume_1_or_both_2_and_3_with_dataset_expressions to None, run_after=None
[2024-10-08T15:02:05.886+0900] {logging_mixin.py:190} INFO - [2024-10-08T15:02:05.885+0900] {dag.py:4180} INFO - Setting next_dagrun for dataset_consumes_1 to None, run_after=None
[2024-10-08T15:02:05.887+0900] {logging_mixin.py:190} INFO - [2024-10-08T15:02:05.887+0900] {dag.py:4180} INFO - Setting next_dagrun for dataset_consumes_1_and_2 to None, run_after=None
[2024-10-08T15:02:05.888+0900] {logging_mixin.py:190} INFO - [2024-10-08T15:02:05.888+0900] {dag.py:4180} INFO - Setting next_dagrun for dataset_consumes_1_never_scheduled to None, run_after=None
[2024-10-08T15:02:05.889+0900] {logging_mixin.py:190} INFO - [2024-10-08T15:02:05.888+0900] {dag.py:4180} INFO - Setting next_dagrun for dataset_consumes_unknown_never_scheduled to None, run_after=None
[2024-10-08T15:02:05.891+0900] {logging_mixin.py:190} INFO - [2024-10-08T15:02:05.891+0900] {dag.py:4180} INFO - Setting next_dagrun for dataset_produces_1 to 2024-10-07T00:00:00+00:00, run_after=2024-10-08T00:00:00+00:00
[2024-10-08T15:02:05.892+0900] {logging_mixin.py:190} INFO - [2024-10-08T15:02:05.892+0900] {dag.py:4180} INFO - Setting next_dagrun for dataset_produces_2 to None, run_after=None
[2024-10-08T15:02:05.927+0900] {processor.py:208} INFO - Processing /Users/alookso/1007MLpj/myenv/lib/python3.10/site-packages/airflow/example_dags/example_datasets.py took 0.301 seconds
[2024-10-08T15:08:16.778+0900] {processor.py:186} INFO - Started process (PID=23006) to work on /Users/alookso/1007MLpj/myenv/lib/python3.10/site-packages/airflow/example_dags/example_datasets.py
[2024-10-08T15:08:16.779+0900] {processor.py:914} INFO - Processing file /Users/alookso/1007MLpj/myenv/lib/python3.10/site-packages/airflow/example_dags/example_datasets.py for tasks to queue
[2024-10-08T15:08:16.780+0900] {logging_mixin.py:190} INFO - [2024-10-08T15:08:16.780+0900] {dagbag.py:588} INFO - Filling up the DagBag from /Users/alookso/1007MLpj/myenv/lib/python3.10/site-packages/airflow/example_dags/example_datasets.py
[2024-10-08T15:08:16.837+0900] {processor.py:925} INFO - DAG(s) 'consume_1_or_both_2_and_3_with_dataset_expressions', 'dataset_consumes_1', 'dataset_produces_1', 'dataset_consumes_1_never_scheduled', 'dataset_consumes_1_and_2', 'dataset_consumes_unknown_never_scheduled', 'dataset_produces_2', 'consume_1_or_2_with_dataset_expressions', 'consume_1_and_2_with_dataset_expressions', 'conditional_dataset_and_time_based_timetable' retrieved from /Users/alookso/1007MLpj/myenv/lib/python3.10/site-packages/airflow/example_dags/example_datasets.py
[2024-10-08T15:08:16.992+0900] {logging_mixin.py:190} INFO - [2024-10-08T15:08:16.992+0900] {dag.py:3239} INFO - Sync 10 DAGs
[2024-10-08T15:08:17.017+0900] {logging_mixin.py:190} INFO - [2024-10-08T15:08:17.017+0900] {dag.py:4180} INFO - Setting next_dagrun for conditional_dataset_and_time_based_timetable to 2024-10-02T01:00:00+00:00, run_after=2024-10-02T01:00:00+00:00
[2024-10-08T15:08:17.021+0900] {logging_mixin.py:190} INFO - [2024-10-08T15:08:17.020+0900] {dag.py:4180} INFO - Setting next_dagrun for consume_1_and_2_with_dataset_expressions to None, run_after=None
[2024-10-08T15:08:17.022+0900] {logging_mixin.py:190} INFO - [2024-10-08T15:08:17.022+0900] {dag.py:4180} INFO - Setting next_dagrun for consume_1_or_2_with_dataset_expressions to None, run_after=None
[2024-10-08T15:08:17.023+0900] {logging_mixin.py:190} INFO - [2024-10-08T15:08:17.023+0900] {dag.py:4180} INFO - Setting next_dagrun for consume_1_or_both_2_and_3_with_dataset_expressions to None, run_after=None
[2024-10-08T15:08:17.024+0900] {logging_mixin.py:190} INFO - [2024-10-08T15:08:17.024+0900] {dag.py:4180} INFO - Setting next_dagrun for dataset_consumes_1 to None, run_after=None
[2024-10-08T15:08:17.025+0900] {logging_mixin.py:190} INFO - [2024-10-08T15:08:17.025+0900] {dag.py:4180} INFO - Setting next_dagrun for dataset_consumes_1_and_2 to None, run_after=None
[2024-10-08T15:08:17.026+0900] {logging_mixin.py:190} INFO - [2024-10-08T15:08:17.026+0900] {dag.py:4180} INFO - Setting next_dagrun for dataset_consumes_1_never_scheduled to None, run_after=None
[2024-10-08T15:08:17.027+0900] {logging_mixin.py:190} INFO - [2024-10-08T15:08:17.027+0900] {dag.py:4180} INFO - Setting next_dagrun for dataset_consumes_unknown_never_scheduled to None, run_after=None
[2024-10-08T15:08:17.029+0900] {logging_mixin.py:190} INFO - [2024-10-08T15:08:17.029+0900] {dag.py:4180} INFO - Setting next_dagrun for dataset_produces_1 to 2024-10-07T00:00:00+00:00, run_after=2024-10-08T00:00:00+00:00
[2024-10-08T15:08:17.031+0900] {logging_mixin.py:190} INFO - [2024-10-08T15:08:17.030+0900] {dag.py:4180} INFO - Setting next_dagrun for dataset_produces_2 to None, run_after=None
[2024-10-08T15:08:17.065+0900] {processor.py:208} INFO - Processing /Users/alookso/1007MLpj/myenv/lib/python3.10/site-packages/airflow/example_dags/example_datasets.py took 0.293 seconds
[2024-10-08T15:14:15.186+0900] {processor.py:186} INFO - Started process (PID=23191) to work on /Users/alookso/1007MLpj/myenv/lib/python3.10/site-packages/airflow/example_dags/example_datasets.py
[2024-10-08T15:14:15.187+0900] {processor.py:914} INFO - Processing file /Users/alookso/1007MLpj/myenv/lib/python3.10/site-packages/airflow/example_dags/example_datasets.py for tasks to queue
[2024-10-08T15:14:15.188+0900] {logging_mixin.py:190} INFO - [2024-10-08T15:14:15.188+0900] {dagbag.py:588} INFO - Filling up the DagBag from /Users/alookso/1007MLpj/myenv/lib/python3.10/site-packages/airflow/example_dags/example_datasets.py
[2024-10-08T15:14:15.248+0900] {processor.py:925} INFO - DAG(s) 'dataset_produces_2', 'conditional_dataset_and_time_based_timetable', 'dataset_produces_1', 'consume_1_or_2_with_dataset_expressions', 'dataset_consumes_1_and_2', 'consume_1_or_both_2_and_3_with_dataset_expressions', 'dataset_consumes_1_never_scheduled', 'dataset_consumes_1', 'dataset_consumes_unknown_never_scheduled', 'consume_1_and_2_with_dataset_expressions' retrieved from /Users/alookso/1007MLpj/myenv/lib/python3.10/site-packages/airflow/example_dags/example_datasets.py
[2024-10-08T15:14:15.406+0900] {logging_mixin.py:190} INFO - [2024-10-08T15:14:15.406+0900] {dag.py:3239} INFO - Sync 10 DAGs
[2024-10-08T15:14:15.430+0900] {logging_mixin.py:190} INFO - [2024-10-08T15:14:15.430+0900] {dag.py:4180} INFO - Setting next_dagrun for conditional_dataset_and_time_based_timetable to 2024-10-02T01:00:00+00:00, run_after=2024-10-02T01:00:00+00:00
[2024-10-08T15:14:15.434+0900] {logging_mixin.py:190} INFO - [2024-10-08T15:14:15.433+0900] {dag.py:4180} INFO - Setting next_dagrun for consume_1_and_2_with_dataset_expressions to None, run_after=None
[2024-10-08T15:14:15.435+0900] {logging_mixin.py:190} INFO - [2024-10-08T15:14:15.435+0900] {dag.py:4180} INFO - Setting next_dagrun for consume_1_or_2_with_dataset_expressions to None, run_after=None
[2024-10-08T15:14:15.436+0900] {logging_mixin.py:190} INFO - [2024-10-08T15:14:15.436+0900] {dag.py:4180} INFO - Setting next_dagrun for consume_1_or_both_2_and_3_with_dataset_expressions to None, run_after=None
[2024-10-08T15:14:15.437+0900] {logging_mixin.py:190} INFO - [2024-10-08T15:14:15.437+0900] {dag.py:4180} INFO - Setting next_dagrun for dataset_consumes_1 to None, run_after=None
[2024-10-08T15:14:15.438+0900] {logging_mixin.py:190} INFO - [2024-10-08T15:14:15.438+0900] {dag.py:4180} INFO - Setting next_dagrun for dataset_consumes_1_and_2 to None, run_after=None
[2024-10-08T15:14:15.439+0900] {logging_mixin.py:190} INFO - [2024-10-08T15:14:15.439+0900] {dag.py:4180} INFO - Setting next_dagrun for dataset_consumes_1_never_scheduled to None, run_after=None
[2024-10-08T15:14:15.440+0900] {logging_mixin.py:190} INFO - [2024-10-08T15:14:15.440+0900] {dag.py:4180} INFO - Setting next_dagrun for dataset_consumes_unknown_never_scheduled to None, run_after=None
[2024-10-08T15:14:15.442+0900] {logging_mixin.py:190} INFO - [2024-10-08T15:14:15.442+0900] {dag.py:4180} INFO - Setting next_dagrun for dataset_produces_1 to 2024-10-07T00:00:00+00:00, run_after=2024-10-08T00:00:00+00:00
[2024-10-08T15:14:15.443+0900] {logging_mixin.py:190} INFO - [2024-10-08T15:14:15.443+0900] {dag.py:4180} INFO - Setting next_dagrun for dataset_produces_2 to None, run_after=None
[2024-10-08T15:14:15.477+0900] {processor.py:208} INFO - Processing /Users/alookso/1007MLpj/myenv/lib/python3.10/site-packages/airflow/example_dags/example_datasets.py took 0.294 seconds
[2024-10-08T15:20:29.756+0900] {processor.py:186} INFO - Started process (PID=23380) to work on /Users/alookso/1007MLpj/myenv/lib/python3.10/site-packages/airflow/example_dags/example_datasets.py
[2024-10-08T15:20:29.757+0900] {processor.py:914} INFO - Processing file /Users/alookso/1007MLpj/myenv/lib/python3.10/site-packages/airflow/example_dags/example_datasets.py for tasks to queue
[2024-10-08T15:20:29.757+0900] {logging_mixin.py:190} INFO - [2024-10-08T15:20:29.757+0900] {dagbag.py:588} INFO - Filling up the DagBag from /Users/alookso/1007MLpj/myenv/lib/python3.10/site-packages/airflow/example_dags/example_datasets.py
[2024-10-08T15:20:29.816+0900] {processor.py:925} INFO - DAG(s) 'dataset_produces_1', 'dataset_consumes_1', 'dataset_consumes_1_and_2', 'dataset_produces_2', 'dataset_consumes_unknown_never_scheduled', 'consume_1_or_2_with_dataset_expressions', 'consume_1_or_both_2_and_3_with_dataset_expressions', 'conditional_dataset_and_time_based_timetable', 'consume_1_and_2_with_dataset_expressions', 'dataset_consumes_1_never_scheduled' retrieved from /Users/alookso/1007MLpj/myenv/lib/python3.10/site-packages/airflow/example_dags/example_datasets.py
[2024-10-08T15:20:29.970+0900] {logging_mixin.py:190} INFO - [2024-10-08T15:20:29.970+0900] {dag.py:3239} INFO - Sync 10 DAGs
[2024-10-08T15:20:29.994+0900] {logging_mixin.py:190} INFO - [2024-10-08T15:20:29.993+0900] {dag.py:4180} INFO - Setting next_dagrun for conditional_dataset_and_time_based_timetable to 2024-10-02T01:00:00+00:00, run_after=2024-10-02T01:00:00+00:00
[2024-10-08T15:20:29.997+0900] {logging_mixin.py:190} INFO - [2024-10-08T15:20:29.997+0900] {dag.py:4180} INFO - Setting next_dagrun for consume_1_and_2_with_dataset_expressions to None, run_after=None
[2024-10-08T15:20:29.998+0900] {logging_mixin.py:190} INFO - [2024-10-08T15:20:29.998+0900] {dag.py:4180} INFO - Setting next_dagrun for consume_1_or_2_with_dataset_expressions to None, run_after=None
[2024-10-08T15:20:29.999+0900] {logging_mixin.py:190} INFO - [2024-10-08T15:20:29.999+0900] {dag.py:4180} INFO - Setting next_dagrun for consume_1_or_both_2_and_3_with_dataset_expressions to None, run_after=None
[2024-10-08T15:20:30.000+0900] {logging_mixin.py:190} INFO - [2024-10-08T15:20:30.000+0900] {dag.py:4180} INFO - Setting next_dagrun for dataset_consumes_1 to None, run_after=None
[2024-10-08T15:20:30.001+0900] {logging_mixin.py:190} INFO - [2024-10-08T15:20:30.001+0900] {dag.py:4180} INFO - Setting next_dagrun for dataset_consumes_1_and_2 to None, run_after=None
[2024-10-08T15:20:30.002+0900] {logging_mixin.py:190} INFO - [2024-10-08T15:20:30.002+0900] {dag.py:4180} INFO - Setting next_dagrun for dataset_consumes_1_never_scheduled to None, run_after=None
[2024-10-08T15:20:30.003+0900] {logging_mixin.py:190} INFO - [2024-10-08T15:20:30.003+0900] {dag.py:4180} INFO - Setting next_dagrun for dataset_consumes_unknown_never_scheduled to None, run_after=None
[2024-10-08T15:20:30.006+0900] {logging_mixin.py:190} INFO - [2024-10-08T15:20:30.006+0900] {dag.py:4180} INFO - Setting next_dagrun for dataset_produces_1 to 2024-10-07T00:00:00+00:00, run_after=2024-10-08T00:00:00+00:00
[2024-10-08T15:20:30.007+0900] {logging_mixin.py:190} INFO - [2024-10-08T15:20:30.007+0900] {dag.py:4180} INFO - Setting next_dagrun for dataset_produces_2 to None, run_after=None
[2024-10-08T15:20:30.040+0900] {processor.py:208} INFO - Processing /Users/alookso/1007MLpj/myenv/lib/python3.10/site-packages/airflow/example_dags/example_datasets.py took 0.289 seconds
[2024-10-08T15:26:38.464+0900] {processor.py:186} INFO - Started process (PID=23557) to work on /Users/alookso/1007MLpj/myenv/lib/python3.10/site-packages/airflow/example_dags/example_datasets.py
[2024-10-08T15:26:38.465+0900] {processor.py:914} INFO - Processing file /Users/alookso/1007MLpj/myenv/lib/python3.10/site-packages/airflow/example_dags/example_datasets.py for tasks to queue
[2024-10-08T15:26:38.466+0900] {logging_mixin.py:190} INFO - [2024-10-08T15:26:38.466+0900] {dagbag.py:588} INFO - Filling up the DagBag from /Users/alookso/1007MLpj/myenv/lib/python3.10/site-packages/airflow/example_dags/example_datasets.py
[2024-10-08T15:26:38.526+0900] {processor.py:925} INFO - DAG(s) 'dataset_produces_2', 'dataset_consumes_1_never_scheduled', 'dataset_consumes_1', 'consume_1_and_2_with_dataset_expressions', 'dataset_consumes_unknown_never_scheduled', 'conditional_dataset_and_time_based_timetable', 'dataset_produces_1', 'consume_1_or_both_2_and_3_with_dataset_expressions', 'dataset_consumes_1_and_2', 'consume_1_or_2_with_dataset_expressions' retrieved from /Users/alookso/1007MLpj/myenv/lib/python3.10/site-packages/airflow/example_dags/example_datasets.py
[2024-10-08T15:26:38.683+0900] {logging_mixin.py:190} INFO - [2024-10-08T15:26:38.683+0900] {dag.py:3239} INFO - Sync 10 DAGs
[2024-10-08T15:26:38.708+0900] {logging_mixin.py:190} INFO - [2024-10-08T15:26:38.708+0900] {dag.py:4180} INFO - Setting next_dagrun for conditional_dataset_and_time_based_timetable to 2024-10-02T01:00:00+00:00, run_after=2024-10-02T01:00:00+00:00
[2024-10-08T15:26:38.712+0900] {logging_mixin.py:190} INFO - [2024-10-08T15:26:38.712+0900] {dag.py:4180} INFO - Setting next_dagrun for consume_1_and_2_with_dataset_expressions to None, run_after=None
[2024-10-08T15:26:38.713+0900] {logging_mixin.py:190} INFO - [2024-10-08T15:26:38.713+0900] {dag.py:4180} INFO - Setting next_dagrun for consume_1_or_2_with_dataset_expressions to None, run_after=None
[2024-10-08T15:26:38.714+0900] {logging_mixin.py:190} INFO - [2024-10-08T15:26:38.714+0900] {dag.py:4180} INFO - Setting next_dagrun for consume_1_or_both_2_and_3_with_dataset_expressions to None, run_after=None
[2024-10-08T15:26:38.715+0900] {logging_mixin.py:190} INFO - [2024-10-08T15:26:38.715+0900] {dag.py:4180} INFO - Setting next_dagrun for dataset_consumes_1 to None, run_after=None
[2024-10-08T15:26:38.716+0900] {logging_mixin.py:190} INFO - [2024-10-08T15:26:38.716+0900] {dag.py:4180} INFO - Setting next_dagrun for dataset_consumes_1_and_2 to None, run_after=None
[2024-10-08T15:26:38.717+0900] {logging_mixin.py:190} INFO - [2024-10-08T15:26:38.717+0900] {dag.py:4180} INFO - Setting next_dagrun for dataset_consumes_1_never_scheduled to None, run_after=None
[2024-10-08T15:26:38.718+0900] {logging_mixin.py:190} INFO - [2024-10-08T15:26:38.718+0900] {dag.py:4180} INFO - Setting next_dagrun for dataset_consumes_unknown_never_scheduled to None, run_after=None
[2024-10-08T15:26:38.721+0900] {logging_mixin.py:190} INFO - [2024-10-08T15:26:38.721+0900] {dag.py:4180} INFO - Setting next_dagrun for dataset_produces_1 to 2024-10-07T00:00:00+00:00, run_after=2024-10-08T00:00:00+00:00
[2024-10-08T15:26:38.722+0900] {logging_mixin.py:190} INFO - [2024-10-08T15:26:38.722+0900] {dag.py:4180} INFO - Setting next_dagrun for dataset_produces_2 to None, run_after=None
[2024-10-08T15:26:38.756+0900] {processor.py:208} INFO - Processing /Users/alookso/1007MLpj/myenv/lib/python3.10/site-packages/airflow/example_dags/example_datasets.py took 0.298 seconds
[2024-10-08T15:32:40.668+0900] {processor.py:186} INFO - Started process (PID=23781) to work on /Users/alookso/1007MLpj/myenv/lib/python3.10/site-packages/airflow/example_dags/example_datasets.py
[2024-10-08T15:32:40.668+0900] {processor.py:914} INFO - Processing file /Users/alookso/1007MLpj/myenv/lib/python3.10/site-packages/airflow/example_dags/example_datasets.py for tasks to queue
[2024-10-08T15:32:40.669+0900] {logging_mixin.py:190} INFO - [2024-10-08T15:32:40.669+0900] {dagbag.py:588} INFO - Filling up the DagBag from /Users/alookso/1007MLpj/myenv/lib/python3.10/site-packages/airflow/example_dags/example_datasets.py
[2024-10-08T15:32:40.728+0900] {processor.py:925} INFO - DAG(s) 'dataset_consumes_unknown_never_scheduled', 'dataset_consumes_1', 'dataset_produces_2', 'consume_1_or_2_with_dataset_expressions', 'dataset_consumes_1_and_2', 'dataset_consumes_1_never_scheduled', 'consume_1_and_2_with_dataset_expressions', 'dataset_produces_1', 'consume_1_or_both_2_and_3_with_dataset_expressions', 'conditional_dataset_and_time_based_timetable' retrieved from /Users/alookso/1007MLpj/myenv/lib/python3.10/site-packages/airflow/example_dags/example_datasets.py
[2024-10-08T15:32:40.887+0900] {logging_mixin.py:190} INFO - [2024-10-08T15:32:40.887+0900] {dag.py:3239} INFO - Sync 10 DAGs
[2024-10-08T15:32:40.911+0900] {logging_mixin.py:190} INFO - [2024-10-08T15:32:40.911+0900] {dag.py:4180} INFO - Setting next_dagrun for conditional_dataset_and_time_based_timetable to 2024-10-02T01:00:00+00:00, run_after=2024-10-02T01:00:00+00:00
[2024-10-08T15:32:40.915+0900] {logging_mixin.py:190} INFO - [2024-10-08T15:32:40.915+0900] {dag.py:4180} INFO - Setting next_dagrun for consume_1_and_2_with_dataset_expressions to None, run_after=None
[2024-10-08T15:32:40.916+0900] {logging_mixin.py:190} INFO - [2024-10-08T15:32:40.916+0900] {dag.py:4180} INFO - Setting next_dagrun for consume_1_or_2_with_dataset_expressions to None, run_after=None
[2024-10-08T15:32:40.917+0900] {logging_mixin.py:190} INFO - [2024-10-08T15:32:40.917+0900] {dag.py:4180} INFO - Setting next_dagrun for consume_1_or_both_2_and_3_with_dataset_expressions to None, run_after=None
[2024-10-08T15:32:40.918+0900] {logging_mixin.py:190} INFO - [2024-10-08T15:32:40.918+0900] {dag.py:4180} INFO - Setting next_dagrun for dataset_consumes_1 to None, run_after=None
[2024-10-08T15:32:40.919+0900] {logging_mixin.py:190} INFO - [2024-10-08T15:32:40.919+0900] {dag.py:4180} INFO - Setting next_dagrun for dataset_consumes_1_and_2 to None, run_after=None
[2024-10-08T15:32:40.920+0900] {logging_mixin.py:190} INFO - [2024-10-08T15:32:40.920+0900] {dag.py:4180} INFO - Setting next_dagrun for dataset_consumes_1_never_scheduled to None, run_after=None
[2024-10-08T15:32:40.921+0900] {logging_mixin.py:190} INFO - [2024-10-08T15:32:40.921+0900] {dag.py:4180} INFO - Setting next_dagrun for dataset_consumes_unknown_never_scheduled to None, run_after=None
[2024-10-08T15:32:40.923+0900] {logging_mixin.py:190} INFO - [2024-10-08T15:32:40.923+0900] {dag.py:4180} INFO - Setting next_dagrun for dataset_produces_1 to 2024-10-07T00:00:00+00:00, run_after=2024-10-08T00:00:00+00:00
[2024-10-08T15:32:40.924+0900] {logging_mixin.py:190} INFO - [2024-10-08T15:32:40.924+0900] {dag.py:4180} INFO - Setting next_dagrun for dataset_produces_2 to None, run_after=None
[2024-10-08T15:32:40.958+0900] {processor.py:208} INFO - Processing /Users/alookso/1007MLpj/myenv/lib/python3.10/site-packages/airflow/example_dags/example_datasets.py took 0.296 seconds
[2024-10-08T16:38:08.187+0900] {processor.py:186} INFO - Started process (PID=25072) to work on /Users/alookso/1007MLpj/myenv/lib/python3.10/site-packages/airflow/example_dags/example_datasets.py
[2024-10-08T16:38:08.188+0900] {processor.py:914} INFO - Processing file /Users/alookso/1007MLpj/myenv/lib/python3.10/site-packages/airflow/example_dags/example_datasets.py for tasks to queue
[2024-10-08T16:38:08.189+0900] {logging_mixin.py:190} INFO - [2024-10-08T16:38:08.188+0900] {dagbag.py:588} INFO - Filling up the DagBag from /Users/alookso/1007MLpj/myenv/lib/python3.10/site-packages/airflow/example_dags/example_datasets.py
[2024-10-08T16:38:08.247+0900] {processor.py:925} INFO - DAG(s) 'dataset_produces_2', 'dataset_consumes_1', 'consume_1_or_2_with_dataset_expressions', 'consume_1_or_both_2_and_3_with_dataset_expressions', 'dataset_consumes_1_never_scheduled', 'consume_1_and_2_with_dataset_expressions', 'dataset_produces_1', 'dataset_consumes_unknown_never_scheduled', 'dataset_consumes_1_and_2', 'conditional_dataset_and_time_based_timetable' retrieved from /Users/alookso/1007MLpj/myenv/lib/python3.10/site-packages/airflow/example_dags/example_datasets.py
[2024-10-08T16:38:08.408+0900] {logging_mixin.py:190} INFO - [2024-10-08T16:38:08.408+0900] {dag.py:3239} INFO - Sync 10 DAGs
[2024-10-08T16:38:08.433+0900] {logging_mixin.py:190} INFO - [2024-10-08T16:38:08.432+0900] {dag.py:4180} INFO - Setting next_dagrun for conditional_dataset_and_time_based_timetable to 2024-10-02T01:00:00+00:00, run_after=2024-10-02T01:00:00+00:00
[2024-10-08T16:38:08.436+0900] {logging_mixin.py:190} INFO - [2024-10-08T16:38:08.436+0900] {dag.py:4180} INFO - Setting next_dagrun for consume_1_and_2_with_dataset_expressions to None, run_after=None
[2024-10-08T16:38:08.437+0900] {logging_mixin.py:190} INFO - [2024-10-08T16:38:08.437+0900] {dag.py:4180} INFO - Setting next_dagrun for consume_1_or_2_with_dataset_expressions to None, run_after=None
[2024-10-08T16:38:08.438+0900] {logging_mixin.py:190} INFO - [2024-10-08T16:38:08.438+0900] {dag.py:4180} INFO - Setting next_dagrun for consume_1_or_both_2_and_3_with_dataset_expressions to None, run_after=None
[2024-10-08T16:38:08.440+0900] {logging_mixin.py:190} INFO - [2024-10-08T16:38:08.439+0900] {dag.py:4180} INFO - Setting next_dagrun for dataset_consumes_1 to None, run_after=None
[2024-10-08T16:38:08.441+0900] {logging_mixin.py:190} INFO - [2024-10-08T16:38:08.440+0900] {dag.py:4180} INFO - Setting next_dagrun for dataset_consumes_1_and_2 to None, run_after=None
[2024-10-08T16:38:08.442+0900] {logging_mixin.py:190} INFO - [2024-10-08T16:38:08.441+0900] {dag.py:4180} INFO - Setting next_dagrun for dataset_consumes_1_never_scheduled to None, run_after=None
[2024-10-08T16:38:08.443+0900] {logging_mixin.py:190} INFO - [2024-10-08T16:38:08.442+0900] {dag.py:4180} INFO - Setting next_dagrun for dataset_consumes_unknown_never_scheduled to None, run_after=None
[2024-10-08T16:38:08.445+0900] {logging_mixin.py:190} INFO - [2024-10-08T16:38:08.445+0900] {dag.py:4180} INFO - Setting next_dagrun for dataset_produces_1 to 2024-10-07T00:00:00+00:00, run_after=2024-10-08T00:00:00+00:00
[2024-10-08T16:38:08.446+0900] {logging_mixin.py:190} INFO - [2024-10-08T16:38:08.446+0900] {dag.py:4180} INFO - Setting next_dagrun for dataset_produces_2 to None, run_after=None
[2024-10-08T16:38:08.480+0900] {processor.py:208} INFO - Processing /Users/alookso/1007MLpj/myenv/lib/python3.10/site-packages/airflow/example_dags/example_datasets.py took 0.298 seconds
[2024-10-08T17:29:45.481+0900] {processor.py:186} INFO - Started process (PID=26454) to work on /Users/alookso/1007MLpj/myenv/lib/python3.10/site-packages/airflow/example_dags/example_datasets.py
[2024-10-08T17:29:45.482+0900] {processor.py:914} INFO - Processing file /Users/alookso/1007MLpj/myenv/lib/python3.10/site-packages/airflow/example_dags/example_datasets.py for tasks to queue
[2024-10-08T17:29:45.483+0900] {logging_mixin.py:190} INFO - [2024-10-08T17:29:45.483+0900] {dagbag.py:588} INFO - Filling up the DagBag from /Users/alookso/1007MLpj/myenv/lib/python3.10/site-packages/airflow/example_dags/example_datasets.py
[2024-10-08T17:29:45.541+0900] {processor.py:925} INFO - DAG(s) 'consume_1_or_both_2_and_3_with_dataset_expressions', 'dataset_consumes_1_never_scheduled', 'dataset_consumes_unknown_never_scheduled', 'dataset_produces_2', 'dataset_produces_1', 'consume_1_and_2_with_dataset_expressions', 'conditional_dataset_and_time_based_timetable', 'dataset_consumes_1', 'dataset_consumes_1_and_2', 'consume_1_or_2_with_dataset_expressions' retrieved from /Users/alookso/1007MLpj/myenv/lib/python3.10/site-packages/airflow/example_dags/example_datasets.py
[2024-10-08T17:29:45.696+0900] {logging_mixin.py:190} INFO - [2024-10-08T17:29:45.695+0900] {dag.py:3239} INFO - Sync 10 DAGs
[2024-10-08T17:29:45.720+0900] {logging_mixin.py:190} INFO - [2024-10-08T17:29:45.720+0900] {dag.py:4180} INFO - Setting next_dagrun for conditional_dataset_and_time_based_timetable to 2024-10-02T01:00:00+00:00, run_after=2024-10-02T01:00:00+00:00
[2024-10-08T17:29:45.724+0900] {logging_mixin.py:190} INFO - [2024-10-08T17:29:45.723+0900] {dag.py:4180} INFO - Setting next_dagrun for consume_1_and_2_with_dataset_expressions to None, run_after=None
[2024-10-08T17:29:45.725+0900] {logging_mixin.py:190} INFO - [2024-10-08T17:29:45.724+0900] {dag.py:4180} INFO - Setting next_dagrun for consume_1_or_2_with_dataset_expressions to None, run_after=None
[2024-10-08T17:29:45.726+0900] {logging_mixin.py:190} INFO - [2024-10-08T17:29:45.725+0900] {dag.py:4180} INFO - Setting next_dagrun for consume_1_or_both_2_and_3_with_dataset_expressions to None, run_after=None
[2024-10-08T17:29:45.727+0900] {logging_mixin.py:190} INFO - [2024-10-08T17:29:45.726+0900] {dag.py:4180} INFO - Setting next_dagrun for dataset_consumes_1 to None, run_after=None
[2024-10-08T17:29:45.728+0900] {logging_mixin.py:190} INFO - [2024-10-08T17:29:45.727+0900] {dag.py:4180} INFO - Setting next_dagrun for dataset_consumes_1_and_2 to None, run_after=None
[2024-10-08T17:29:45.729+0900] {logging_mixin.py:190} INFO - [2024-10-08T17:29:45.728+0900] {dag.py:4180} INFO - Setting next_dagrun for dataset_consumes_1_never_scheduled to None, run_after=None
[2024-10-08T17:29:45.730+0900] {logging_mixin.py:190} INFO - [2024-10-08T17:29:45.729+0900] {dag.py:4180} INFO - Setting next_dagrun for dataset_consumes_unknown_never_scheduled to None, run_after=None
[2024-10-08T17:29:45.732+0900] {logging_mixin.py:190} INFO - [2024-10-08T17:29:45.732+0900] {dag.py:4180} INFO - Setting next_dagrun for dataset_produces_1 to 2024-10-07T00:00:00+00:00, run_after=2024-10-08T00:00:00+00:00
[2024-10-08T17:29:45.733+0900] {logging_mixin.py:190} INFO - [2024-10-08T17:29:45.733+0900] {dag.py:4180} INFO - Setting next_dagrun for dataset_produces_2 to None, run_after=None
[2024-10-08T17:29:45.766+0900] {processor.py:208} INFO - Processing /Users/alookso/1007MLpj/myenv/lib/python3.10/site-packages/airflow/example_dags/example_datasets.py took 0.289 seconds
[2024-10-08T17:56:51.277+0900] {processor.py:186} INFO - Started process (PID=27365) to work on /Users/alookso/1007MLpj/myenv/lib/python3.10/site-packages/airflow/example_dags/example_datasets.py
[2024-10-08T17:56:51.278+0900] {processor.py:914} INFO - Processing file /Users/alookso/1007MLpj/myenv/lib/python3.10/site-packages/airflow/example_dags/example_datasets.py for tasks to queue
[2024-10-08T17:56:51.279+0900] {logging_mixin.py:190} INFO - [2024-10-08T17:56:51.279+0900] {dagbag.py:588} INFO - Filling up the DagBag from /Users/alookso/1007MLpj/myenv/lib/python3.10/site-packages/airflow/example_dags/example_datasets.py
[2024-10-08T17:56:51.336+0900] {processor.py:925} INFO - DAG(s) 'consume_1_or_2_with_dataset_expressions', 'dataset_produces_1', 'consume_1_or_both_2_and_3_with_dataset_expressions', 'dataset_consumes_1_and_2', 'dataset_consumes_1_never_scheduled', 'dataset_produces_2', 'conditional_dataset_and_time_based_timetable', 'dataset_consumes_unknown_never_scheduled', 'consume_1_and_2_with_dataset_expressions', 'dataset_consumes_1' retrieved from /Users/alookso/1007MLpj/myenv/lib/python3.10/site-packages/airflow/example_dags/example_datasets.py
[2024-10-08T17:56:51.491+0900] {logging_mixin.py:190} INFO - [2024-10-08T17:56:51.491+0900] {dag.py:3239} INFO - Sync 10 DAGs
[2024-10-08T17:56:51.516+0900] {logging_mixin.py:190} INFO - [2024-10-08T17:56:51.516+0900] {dag.py:4180} INFO - Setting next_dagrun for conditional_dataset_and_time_based_timetable to 2024-10-02T01:00:00+00:00, run_after=2024-10-02T01:00:00+00:00
[2024-10-08T17:56:51.520+0900] {logging_mixin.py:190} INFO - [2024-10-08T17:56:51.520+0900] {dag.py:4180} INFO - Setting next_dagrun for consume_1_and_2_with_dataset_expressions to None, run_after=None
[2024-10-08T17:56:51.521+0900] {logging_mixin.py:190} INFO - [2024-10-08T17:56:51.521+0900] {dag.py:4180} INFO - Setting next_dagrun for consume_1_or_2_with_dataset_expressions to None, run_after=None
[2024-10-08T17:56:51.522+0900] {logging_mixin.py:190} INFO - [2024-10-08T17:56:51.522+0900] {dag.py:4180} INFO - Setting next_dagrun for consume_1_or_both_2_and_3_with_dataset_expressions to None, run_after=None
[2024-10-08T17:56:51.523+0900] {logging_mixin.py:190} INFO - [2024-10-08T17:56:51.523+0900] {dag.py:4180} INFO - Setting next_dagrun for dataset_consumes_1 to None, run_after=None
[2024-10-08T17:56:51.524+0900] {logging_mixin.py:190} INFO - [2024-10-08T17:56:51.524+0900] {dag.py:4180} INFO - Setting next_dagrun for dataset_consumes_1_and_2 to None, run_after=None
[2024-10-08T17:56:51.525+0900] {logging_mixin.py:190} INFO - [2024-10-08T17:56:51.525+0900] {dag.py:4180} INFO - Setting next_dagrun for dataset_consumes_1_never_scheduled to None, run_after=None
[2024-10-08T17:56:51.526+0900] {logging_mixin.py:190} INFO - [2024-10-08T17:56:51.526+0900] {dag.py:4180} INFO - Setting next_dagrun for dataset_consumes_unknown_never_scheduled to None, run_after=None
[2024-10-08T17:56:51.529+0900] {logging_mixin.py:190} INFO - [2024-10-08T17:56:51.529+0900] {dag.py:4180} INFO - Setting next_dagrun for dataset_produces_1 to 2024-10-07T00:00:00+00:00, run_after=2024-10-08T00:00:00+00:00
[2024-10-08T17:56:51.530+0900] {logging_mixin.py:190} INFO - [2024-10-08T17:56:51.530+0900] {dag.py:4180} INFO - Setting next_dagrun for dataset_produces_2 to None, run_after=None
[2024-10-08T17:56:51.563+0900] {processor.py:208} INFO - Processing /Users/alookso/1007MLpj/myenv/lib/python3.10/site-packages/airflow/example_dags/example_datasets.py took 0.290 seconds
[2024-10-08T18:01:41.411+0900] {processor.py:186} INFO - Started process (PID=27574) to work on /Users/alookso/1007MLpj/myenv/lib/python3.10/site-packages/airflow/example_dags/example_datasets.py
[2024-10-08T18:01:41.412+0900] {processor.py:914} INFO - Processing file /Users/alookso/1007MLpj/myenv/lib/python3.10/site-packages/airflow/example_dags/example_datasets.py for tasks to queue
[2024-10-08T18:01:41.414+0900] {logging_mixin.py:190} INFO - [2024-10-08T18:01:41.413+0900] {dagbag.py:588} INFO - Filling up the DagBag from /Users/alookso/1007MLpj/myenv/lib/python3.10/site-packages/airflow/example_dags/example_datasets.py
[2024-10-08T18:01:41.483+0900] {processor.py:925} INFO - DAG(s) 'conditional_dataset_and_time_based_timetable', 'dataset_consumes_unknown_never_scheduled', 'dataset_consumes_1', 'dataset_produces_2', 'consume_1_or_both_2_and_3_with_dataset_expressions', 'consume_1_or_2_with_dataset_expressions', 'dataset_consumes_1_and_2', 'consume_1_and_2_with_dataset_expressions', 'dataset_produces_1', 'dataset_consumes_1_never_scheduled' retrieved from /Users/alookso/1007MLpj/myenv/lib/python3.10/site-packages/airflow/example_dags/example_datasets.py
[2024-10-08T18:01:41.653+0900] {logging_mixin.py:190} INFO - [2024-10-08T18:01:41.653+0900] {dag.py:3239} INFO - Sync 10 DAGs
[2024-10-08T18:01:41.678+0900] {logging_mixin.py:190} INFO - [2024-10-08T18:01:41.678+0900] {dag.py:4180} INFO - Setting next_dagrun for conditional_dataset_and_time_based_timetable to 2024-10-02T01:00:00+00:00, run_after=2024-10-02T01:00:00+00:00
[2024-10-08T18:01:41.682+0900] {logging_mixin.py:190} INFO - [2024-10-08T18:01:41.681+0900] {dag.py:4180} INFO - Setting next_dagrun for consume_1_and_2_with_dataset_expressions to None, run_after=None
[2024-10-08T18:01:41.683+0900] {logging_mixin.py:190} INFO - [2024-10-08T18:01:41.682+0900] {dag.py:4180} INFO - Setting next_dagrun for consume_1_or_2_with_dataset_expressions to None, run_after=None
[2024-10-08T18:01:41.684+0900] {logging_mixin.py:190} INFO - [2024-10-08T18:01:41.683+0900] {dag.py:4180} INFO - Setting next_dagrun for consume_1_or_both_2_and_3_with_dataset_expressions to None, run_after=None
[2024-10-08T18:01:41.685+0900] {logging_mixin.py:190} INFO - [2024-10-08T18:01:41.685+0900] {dag.py:4180} INFO - Setting next_dagrun for dataset_consumes_1 to None, run_after=None
[2024-10-08T18:01:41.686+0900] {logging_mixin.py:190} INFO - [2024-10-08T18:01:41.686+0900] {dag.py:4180} INFO - Setting next_dagrun for dataset_consumes_1_and_2 to None, run_after=None
[2024-10-08T18:01:41.687+0900] {logging_mixin.py:190} INFO - [2024-10-08T18:01:41.687+0900] {dag.py:4180} INFO - Setting next_dagrun for dataset_consumes_1_never_scheduled to None, run_after=None
[2024-10-08T18:01:41.688+0900] {logging_mixin.py:190} INFO - [2024-10-08T18:01:41.688+0900] {dag.py:4180} INFO - Setting next_dagrun for dataset_consumes_unknown_never_scheduled to None, run_after=None
[2024-10-08T18:01:41.691+0900] {logging_mixin.py:190} INFO - [2024-10-08T18:01:41.691+0900] {dag.py:4180} INFO - Setting next_dagrun for dataset_produces_1 to 2024-10-07T00:00:00+00:00, run_after=2024-10-08T00:00:00+00:00
[2024-10-08T18:01:41.692+0900] {logging_mixin.py:190} INFO - [2024-10-08T18:01:41.692+0900] {dag.py:4180} INFO - Setting next_dagrun for dataset_produces_2 to None, run_after=None
[2024-10-08T18:01:41.726+0900] {processor.py:208} INFO - Processing /Users/alookso/1007MLpj/myenv/lib/python3.10/site-packages/airflow/example_dags/example_datasets.py took 0.322 seconds
[2024-10-08T18:07:48.921+0900] {processor.py:186} INFO - Started process (PID=27797) to work on /Users/alookso/1007MLpj/myenv/lib/python3.10/site-packages/airflow/example_dags/example_datasets.py
[2024-10-08T18:07:48.922+0900] {processor.py:914} INFO - Processing file /Users/alookso/1007MLpj/myenv/lib/python3.10/site-packages/airflow/example_dags/example_datasets.py for tasks to queue
[2024-10-08T18:07:48.923+0900] {logging_mixin.py:190} INFO - [2024-10-08T18:07:48.923+0900] {dagbag.py:588} INFO - Filling up the DagBag from /Users/alookso/1007MLpj/myenv/lib/python3.10/site-packages/airflow/example_dags/example_datasets.py
[2024-10-08T18:07:48.981+0900] {processor.py:925} INFO - DAG(s) 'dataset_consumes_1', 'consume_1_or_both_2_and_3_with_dataset_expressions', 'consume_1_and_2_with_dataset_expressions', 'consume_1_or_2_with_dataset_expressions', 'dataset_consumes_1_never_scheduled', 'conditional_dataset_and_time_based_timetable', 'dataset_consumes_unknown_never_scheduled', 'dataset_produces_2', 'dataset_consumes_1_and_2', 'dataset_produces_1' retrieved from /Users/alookso/1007MLpj/myenv/lib/python3.10/site-packages/airflow/example_dags/example_datasets.py
[2024-10-08T18:07:49.137+0900] {logging_mixin.py:190} INFO - [2024-10-08T18:07:49.137+0900] {dag.py:3239} INFO - Sync 10 DAGs
[2024-10-08T18:07:49.161+0900] {logging_mixin.py:190} INFO - [2024-10-08T18:07:49.161+0900] {dag.py:4180} INFO - Setting next_dagrun for conditional_dataset_and_time_based_timetable to 2024-10-02T01:00:00+00:00, run_after=2024-10-02T01:00:00+00:00
[2024-10-08T18:07:49.164+0900] {logging_mixin.py:190} INFO - [2024-10-08T18:07:49.164+0900] {dag.py:4180} INFO - Setting next_dagrun for consume_1_and_2_with_dataset_expressions to None, run_after=None
[2024-10-08T18:07:49.165+0900] {logging_mixin.py:190} INFO - [2024-10-08T18:07:49.165+0900] {dag.py:4180} INFO - Setting next_dagrun for consume_1_or_2_with_dataset_expressions to None, run_after=None
[2024-10-08T18:07:49.166+0900] {logging_mixin.py:190} INFO - [2024-10-08T18:07:49.166+0900] {dag.py:4180} INFO - Setting next_dagrun for consume_1_or_both_2_and_3_with_dataset_expressions to None, run_after=None
[2024-10-08T18:07:49.167+0900] {logging_mixin.py:190} INFO - [2024-10-08T18:07:49.167+0900] {dag.py:4180} INFO - Setting next_dagrun for dataset_consumes_1 to None, run_after=None
[2024-10-08T18:07:49.168+0900] {logging_mixin.py:190} INFO - [2024-10-08T18:07:49.168+0900] {dag.py:4180} INFO - Setting next_dagrun for dataset_consumes_1_and_2 to None, run_after=None
[2024-10-08T18:07:49.170+0900] {logging_mixin.py:190} INFO - [2024-10-08T18:07:49.169+0900] {dag.py:4180} INFO - Setting next_dagrun for dataset_consumes_1_never_scheduled to None, run_after=None
[2024-10-08T18:07:49.171+0900] {logging_mixin.py:190} INFO - [2024-10-08T18:07:49.170+0900] {dag.py:4180} INFO - Setting next_dagrun for dataset_consumes_unknown_never_scheduled to None, run_after=None
[2024-10-08T18:07:49.173+0900] {logging_mixin.py:190} INFO - [2024-10-08T18:07:49.173+0900] {dag.py:4180} INFO - Setting next_dagrun for dataset_produces_1 to 2024-10-07T00:00:00+00:00, run_after=2024-10-08T00:00:00+00:00
[2024-10-08T18:07:49.174+0900] {logging_mixin.py:190} INFO - [2024-10-08T18:07:49.174+0900] {dag.py:4180} INFO - Setting next_dagrun for dataset_produces_2 to None, run_after=None
[2024-10-08T18:07:49.209+0900] {processor.py:208} INFO - Processing /Users/alookso/1007MLpj/myenv/lib/python3.10/site-packages/airflow/example_dags/example_datasets.py took 0.292 seconds
[2024-10-08T18:11:28.834+0900] {processor.py:186} INFO - Started process (PID=27909) to work on /Users/alookso/1007MLpj/myenv/lib/python3.10/site-packages/airflow/example_dags/example_datasets.py
[2024-10-08T18:11:28.835+0900] {processor.py:914} INFO - Processing file /Users/alookso/1007MLpj/myenv/lib/python3.10/site-packages/airflow/example_dags/example_datasets.py for tasks to queue
[2024-10-08T18:11:28.836+0900] {logging_mixin.py:190} INFO - [2024-10-08T18:11:28.836+0900] {dagbag.py:588} INFO - Filling up the DagBag from /Users/alookso/1007MLpj/myenv/lib/python3.10/site-packages/airflow/example_dags/example_datasets.py
[2024-10-08T18:11:28.895+0900] {processor.py:925} INFO - DAG(s) 'dataset_consumes_unknown_never_scheduled', 'dataset_consumes_1', 'conditional_dataset_and_time_based_timetable', 'dataset_produces_2', 'consume_1_or_both_2_and_3_with_dataset_expressions', 'dataset_consumes_1_never_scheduled', 'dataset_produces_1', 'dataset_consumes_1_and_2', 'consume_1_or_2_with_dataset_expressions', 'consume_1_and_2_with_dataset_expressions' retrieved from /Users/alookso/1007MLpj/myenv/lib/python3.10/site-packages/airflow/example_dags/example_datasets.py
[2024-10-08T18:11:29.053+0900] {logging_mixin.py:190} INFO - [2024-10-08T18:11:29.053+0900] {dag.py:3239} INFO - Sync 10 DAGs
[2024-10-08T18:11:29.078+0900] {logging_mixin.py:190} INFO - [2024-10-08T18:11:29.077+0900] {dag.py:4180} INFO - Setting next_dagrun for conditional_dataset_and_time_based_timetable to 2024-10-02T01:00:00+00:00, run_after=2024-10-02T01:00:00+00:00
[2024-10-08T18:11:29.081+0900] {logging_mixin.py:190} INFO - [2024-10-08T18:11:29.081+0900] {dag.py:4180} INFO - Setting next_dagrun for consume_1_and_2_with_dataset_expressions to None, run_after=None
[2024-10-08T18:11:29.082+0900] {logging_mixin.py:190} INFO - [2024-10-08T18:11:29.082+0900] {dag.py:4180} INFO - Setting next_dagrun for consume_1_or_2_with_dataset_expressions to None, run_after=None
[2024-10-08T18:11:29.083+0900] {logging_mixin.py:190} INFO - [2024-10-08T18:11:29.083+0900] {dag.py:4180} INFO - Setting next_dagrun for consume_1_or_both_2_and_3_with_dataset_expressions to None, run_after=None
[2024-10-08T18:11:29.084+0900] {logging_mixin.py:190} INFO - [2024-10-08T18:11:29.084+0900] {dag.py:4180} INFO - Setting next_dagrun for dataset_consumes_1 to None, run_after=None
[2024-10-08T18:11:29.085+0900] {logging_mixin.py:190} INFO - [2024-10-08T18:11:29.085+0900] {dag.py:4180} INFO - Setting next_dagrun for dataset_consumes_1_and_2 to None, run_after=None
[2024-10-08T18:11:29.086+0900] {logging_mixin.py:190} INFO - [2024-10-08T18:11:29.086+0900] {dag.py:4180} INFO - Setting next_dagrun for dataset_consumes_1_never_scheduled to None, run_after=None
[2024-10-08T18:11:29.087+0900] {logging_mixin.py:190} INFO - [2024-10-08T18:11:29.087+0900] {dag.py:4180} INFO - Setting next_dagrun for dataset_consumes_unknown_never_scheduled to None, run_after=None
[2024-10-08T18:11:29.090+0900] {logging_mixin.py:190} INFO - [2024-10-08T18:11:29.090+0900] {dag.py:4180} INFO - Setting next_dagrun for dataset_produces_1 to 2024-10-07T00:00:00+00:00, run_after=2024-10-08T00:00:00+00:00
[2024-10-08T18:11:29.091+0900] {logging_mixin.py:190} INFO - [2024-10-08T18:11:29.091+0900] {dag.py:4180} INFO - Setting next_dagrun for dataset_produces_2 to None, run_after=None
[2024-10-08T18:11:29.125+0900] {processor.py:208} INFO - Processing /Users/alookso/1007MLpj/myenv/lib/python3.10/site-packages/airflow/example_dags/example_datasets.py took 0.296 seconds
[2024-10-08T18:17:49.604+0900] {processor.py:186} INFO - Started process (PID=28105) to work on /Users/alookso/1007MLpj/myenv/lib/python3.10/site-packages/airflow/example_dags/example_datasets.py
[2024-10-08T18:17:49.605+0900] {processor.py:914} INFO - Processing file /Users/alookso/1007MLpj/myenv/lib/python3.10/site-packages/airflow/example_dags/example_datasets.py for tasks to queue
[2024-10-08T18:17:49.606+0900] {logging_mixin.py:190} INFO - [2024-10-08T18:17:49.606+0900] {dagbag.py:588} INFO - Filling up the DagBag from /Users/alookso/1007MLpj/myenv/lib/python3.10/site-packages/airflow/example_dags/example_datasets.py
[2024-10-08T18:17:49.663+0900] {processor.py:925} INFO - DAG(s) 'dataset_produces_1', 'consume_1_and_2_with_dataset_expressions', 'dataset_consumes_unknown_never_scheduled', 'conditional_dataset_and_time_based_timetable', 'dataset_produces_2', 'consume_1_or_2_with_dataset_expressions', 'consume_1_or_both_2_and_3_with_dataset_expressions', 'dataset_consumes_1_never_scheduled', 'dataset_consumes_1_and_2', 'dataset_consumes_1' retrieved from /Users/alookso/1007MLpj/myenv/lib/python3.10/site-packages/airflow/example_dags/example_datasets.py
[2024-10-08T18:17:49.820+0900] {logging_mixin.py:190} INFO - [2024-10-08T18:17:49.819+0900] {dag.py:3239} INFO - Sync 10 DAGs
[2024-10-08T18:17:49.843+0900] {logging_mixin.py:190} INFO - [2024-10-08T18:17:49.843+0900] {dag.py:4180} INFO - Setting next_dagrun for conditional_dataset_and_time_based_timetable to 2024-10-02T01:00:00+00:00, run_after=2024-10-02T01:00:00+00:00
[2024-10-08T18:17:49.847+0900] {logging_mixin.py:190} INFO - [2024-10-08T18:17:49.847+0900] {dag.py:4180} INFO - Setting next_dagrun for consume_1_and_2_with_dataset_expressions to None, run_after=None
[2024-10-08T18:17:49.848+0900] {logging_mixin.py:190} INFO - [2024-10-08T18:17:49.848+0900] {dag.py:4180} INFO - Setting next_dagrun for consume_1_or_2_with_dataset_expressions to None, run_after=None
[2024-10-08T18:17:49.849+0900] {logging_mixin.py:190} INFO - [2024-10-08T18:17:49.849+0900] {dag.py:4180} INFO - Setting next_dagrun for consume_1_or_both_2_and_3_with_dataset_expressions to None, run_after=None
[2024-10-08T18:17:49.850+0900] {logging_mixin.py:190} INFO - [2024-10-08T18:17:49.850+0900] {dag.py:4180} INFO - Setting next_dagrun for dataset_consumes_1 to None, run_after=None
[2024-10-08T18:17:49.851+0900] {logging_mixin.py:190} INFO - [2024-10-08T18:17:49.851+0900] {dag.py:4180} INFO - Setting next_dagrun for dataset_consumes_1_and_2 to None, run_after=None
[2024-10-08T18:17:49.852+0900] {logging_mixin.py:190} INFO - [2024-10-08T18:17:49.852+0900] {dag.py:4180} INFO - Setting next_dagrun for dataset_consumes_1_never_scheduled to None, run_after=None
[2024-10-08T18:17:49.853+0900] {logging_mixin.py:190} INFO - [2024-10-08T18:17:49.853+0900] {dag.py:4180} INFO - Setting next_dagrun for dataset_consumes_unknown_never_scheduled to None, run_after=None
[2024-10-08T18:17:49.856+0900] {logging_mixin.py:190} INFO - [2024-10-08T18:17:49.855+0900] {dag.py:4180} INFO - Setting next_dagrun for dataset_produces_1 to 2024-10-07T00:00:00+00:00, run_after=2024-10-08T00:00:00+00:00
[2024-10-08T18:17:49.857+0900] {logging_mixin.py:190} INFO - [2024-10-08T18:17:49.856+0900] {dag.py:4180} INFO - Setting next_dagrun for dataset_produces_2 to None, run_after=None
[2024-10-08T18:17:49.890+0900] {processor.py:208} INFO - Processing /Users/alookso/1007MLpj/myenv/lib/python3.10/site-packages/airflow/example_dags/example_datasets.py took 0.291 seconds
[2024-10-08T18:48:16.500+0900] {processor.py:186} INFO - Started process (PID=29298) to work on /Users/alookso/1007MLpj/myenv/lib/python3.10/site-packages/airflow/example_dags/example_datasets.py
[2024-10-08T18:48:16.501+0900] {processor.py:914} INFO - Processing file /Users/alookso/1007MLpj/myenv/lib/python3.10/site-packages/airflow/example_dags/example_datasets.py for tasks to queue
[2024-10-08T18:48:16.502+0900] {logging_mixin.py:190} INFO - [2024-10-08T18:48:16.502+0900] {dagbag.py:588} INFO - Filling up the DagBag from /Users/alookso/1007MLpj/myenv/lib/python3.10/site-packages/airflow/example_dags/example_datasets.py
[2024-10-08T18:48:16.559+0900] {processor.py:925} INFO - DAG(s) 'dataset_consumes_1', 'consume_1_and_2_with_dataset_expressions', 'dataset_consumes_unknown_never_scheduled', 'dataset_produces_2', 'consume_1_or_2_with_dataset_expressions', 'consume_1_or_both_2_and_3_with_dataset_expressions', 'conditional_dataset_and_time_based_timetable', 'dataset_produces_1', 'dataset_consumes_1_never_scheduled', 'dataset_consumes_1_and_2' retrieved from /Users/alookso/1007MLpj/myenv/lib/python3.10/site-packages/airflow/example_dags/example_datasets.py
[2024-10-08T18:48:16.713+0900] {logging_mixin.py:190} INFO - [2024-10-08T18:48:16.713+0900] {dag.py:3239} INFO - Sync 10 DAGs
[2024-10-08T18:48:16.737+0900] {logging_mixin.py:190} INFO - [2024-10-08T18:48:16.737+0900] {dag.py:4180} INFO - Setting next_dagrun for conditional_dataset_and_time_based_timetable to 2024-10-02T01:00:00+00:00, run_after=2024-10-02T01:00:00+00:00
[2024-10-08T18:48:16.741+0900] {logging_mixin.py:190} INFO - [2024-10-08T18:48:16.741+0900] {dag.py:4180} INFO - Setting next_dagrun for consume_1_and_2_with_dataset_expressions to None, run_after=None
[2024-10-08T18:48:16.742+0900] {logging_mixin.py:190} INFO - [2024-10-08T18:48:16.742+0900] {dag.py:4180} INFO - Setting next_dagrun for consume_1_or_2_with_dataset_expressions to None, run_after=None
[2024-10-08T18:48:16.743+0900] {logging_mixin.py:190} INFO - [2024-10-08T18:48:16.743+0900] {dag.py:4180} INFO - Setting next_dagrun for consume_1_or_both_2_and_3_with_dataset_expressions to None, run_after=None
[2024-10-08T18:48:16.744+0900] {logging_mixin.py:190} INFO - [2024-10-08T18:48:16.744+0900] {dag.py:4180} INFO - Setting next_dagrun for dataset_consumes_1 to None, run_after=None
[2024-10-08T18:48:16.745+0900] {logging_mixin.py:190} INFO - [2024-10-08T18:48:16.745+0900] {dag.py:4180} INFO - Setting next_dagrun for dataset_consumes_1_and_2 to None, run_after=None
[2024-10-08T18:48:16.746+0900] {logging_mixin.py:190} INFO - [2024-10-08T18:48:16.746+0900] {dag.py:4180} INFO - Setting next_dagrun for dataset_consumes_1_never_scheduled to None, run_after=None
[2024-10-08T18:48:16.747+0900] {logging_mixin.py:190} INFO - [2024-10-08T18:48:16.747+0900] {dag.py:4180} INFO - Setting next_dagrun for dataset_consumes_unknown_never_scheduled to None, run_after=None
[2024-10-08T18:48:16.749+0900] {logging_mixin.py:190} INFO - [2024-10-08T18:48:16.749+0900] {dag.py:4180} INFO - Setting next_dagrun for dataset_produces_1 to 2024-10-07T00:00:00+00:00, run_after=2024-10-08T00:00:00+00:00
[2024-10-08T18:48:16.751+0900] {logging_mixin.py:190} INFO - [2024-10-08T18:48:16.750+0900] {dag.py:4180} INFO - Setting next_dagrun for dataset_produces_2 to None, run_after=None
[2024-10-08T18:48:16.784+0900] {processor.py:208} INFO - Processing /Users/alookso/1007MLpj/myenv/lib/python3.10/site-packages/airflow/example_dags/example_datasets.py took 0.289 seconds
