[2024-10-08T14:43:58.398+0900] {processor.py:186} INFO - Started process (PID=22252) to work on /Users/alookso/1007MLpj/myenv/lib/python3.10/site-packages/airflow/example_dags/example_time_delta_sensor_async.py
[2024-10-08T14:43:58.399+0900] {processor.py:914} INFO - Processing file /Users/alookso/1007MLpj/myenv/lib/python3.10/site-packages/airflow/example_dags/example_time_delta_sensor_async.py for tasks to queue
[2024-10-08T14:43:58.400+0900] {logging_mixin.py:190} INFO - [2024-10-08T14:43:58.400+0900] {dagbag.py:588} INFO - Filling up the DagBag from /Users/alookso/1007MLpj/myenv/lib/python3.10/site-packages/airflow/example_dags/example_time_delta_sensor_async.py
[2024-10-08T14:43:58.410+0900] {processor.py:925} INFO - DAG(s) 'example_time_delta_sensor_async' retrieved from /Users/alookso/1007MLpj/myenv/lib/python3.10/site-packages/airflow/example_dags/example_time_delta_sensor_async.py
[2024-10-08T14:43:59.358+0900] {logging_mixin.py:190} INFO - [2024-10-08T14:43:59.357+0900] {override.py:1901} INFO - Created Permission View: can read on DAG:example_time_delta_sensor_async
[2024-10-08T14:43:59.369+0900] {logging_mixin.py:190} INFO - [2024-10-08T14:43:59.368+0900] {override.py:1901} INFO - Created Permission View: can edit on DAG:example_time_delta_sensor_async
[2024-10-08T14:43:59.376+0900] {logging_mixin.py:190} INFO - [2024-10-08T14:43:59.376+0900] {override.py:1901} INFO - Created Permission View: can delete on DAG:example_time_delta_sensor_async
[2024-10-08T14:43:59.386+0900] {logging_mixin.py:190} INFO - [2024-10-08T14:43:59.385+0900] {override.py:1901} INFO - Created Permission View: can read on DAG Run:example_time_delta_sensor_async
[2024-10-08T14:43:59.393+0900] {logging_mixin.py:190} INFO - [2024-10-08T14:43:59.393+0900] {override.py:1901} INFO - Created Permission View: can delete on DAG Run:example_time_delta_sensor_async
[2024-10-08T14:43:59.400+0900] {logging_mixin.py:190} INFO - [2024-10-08T14:43:59.400+0900] {override.py:1901} INFO - Created Permission View: menu access on DAG Run:example_time_delta_sensor_async
[2024-10-08T14:43:59.408+0900] {logging_mixin.py:190} INFO - [2024-10-08T14:43:59.408+0900] {override.py:1901} INFO - Created Permission View: can create on DAG Run:example_time_delta_sensor_async
[2024-10-08T14:43:59.408+0900] {logging_mixin.py:190} INFO - [2024-10-08T14:43:59.408+0900] {dag.py:3239} INFO - Sync 1 DAGs
[2024-10-08T14:43:59.424+0900] {logging_mixin.py:190} INFO - [2024-10-08T14:43:59.423+0900] {dag.py:3262} INFO - Creating ORM DAG for example_time_delta_sensor_async
[2024-10-08T14:43:59.424+0900] {logging_mixin.py:190} INFO - [2024-10-08T14:43:59.424+0900] {dag.py:4180} INFO - Setting next_dagrun for example_time_delta_sensor_async to None, run_after=None
[2024-10-08T14:43:59.444+0900] {processor.py:208} INFO - Processing /Users/alookso/1007MLpj/myenv/lib/python3.10/site-packages/airflow/example_dags/example_time_delta_sensor_async.py took 1.051 seconds
[2024-10-08T14:47:45.539+0900] {processor.py:186} INFO - Started process (PID=22340) to work on /Users/alookso/1007MLpj/myenv/lib/python3.10/site-packages/airflow/example_dags/example_time_delta_sensor_async.py
[2024-10-08T14:47:45.540+0900] {processor.py:914} INFO - Processing file /Users/alookso/1007MLpj/myenv/lib/python3.10/site-packages/airflow/example_dags/example_time_delta_sensor_async.py for tasks to queue
[2024-10-08T14:47:45.541+0900] {logging_mixin.py:190} INFO - [2024-10-08T14:47:45.541+0900] {dagbag.py:588} INFO - Filling up the DagBag from /Users/alookso/1007MLpj/myenv/lib/python3.10/site-packages/airflow/example_dags/example_time_delta_sensor_async.py
[2024-10-08T14:47:45.550+0900] {processor.py:925} INFO - DAG(s) 'example_time_delta_sensor_async' retrieved from /Users/alookso/1007MLpj/myenv/lib/python3.10/site-packages/airflow/example_dags/example_time_delta_sensor_async.py
[2024-10-08T14:47:46.422+0900] {logging_mixin.py:190} INFO - [2024-10-08T14:47:46.421+0900] {dag.py:3239} INFO - Sync 1 DAGs
[2024-10-08T14:47:46.435+0900] {logging_mixin.py:190} INFO - [2024-10-08T14:47:46.434+0900] {dag.py:4180} INFO - Setting next_dagrun for example_time_delta_sensor_async to None, run_after=None
[2024-10-08T14:47:46.454+0900] {processor.py:208} INFO - Processing /Users/alookso/1007MLpj/myenv/lib/python3.10/site-packages/airflow/example_dags/example_time_delta_sensor_async.py took 0.920 seconds
[2024-10-08T14:50:53.644+0900] {processor.py:186} INFO - Started process (PID=22417) to work on /Users/alookso/1007MLpj/myenv/lib/python3.10/site-packages/airflow/example_dags/example_time_delta_sensor_async.py
[2024-10-08T14:50:53.644+0900] {processor.py:914} INFO - Processing file /Users/alookso/1007MLpj/myenv/lib/python3.10/site-packages/airflow/example_dags/example_time_delta_sensor_async.py for tasks to queue
[2024-10-08T14:50:53.645+0900] {logging_mixin.py:190} INFO - [2024-10-08T14:50:53.645+0900] {dagbag.py:588} INFO - Filling up the DagBag from /Users/alookso/1007MLpj/myenv/lib/python3.10/site-packages/airflow/example_dags/example_time_delta_sensor_async.py
[2024-10-08T14:50:53.654+0900] {processor.py:925} INFO - DAG(s) 'example_time_delta_sensor_async' retrieved from /Users/alookso/1007MLpj/myenv/lib/python3.10/site-packages/airflow/example_dags/example_time_delta_sensor_async.py
[2024-10-08T14:50:54.476+0900] {logging_mixin.py:190} INFO - [2024-10-08T14:50:54.476+0900] {dag.py:3239} INFO - Sync 1 DAGs
[2024-10-08T14:50:54.490+0900] {logging_mixin.py:190} INFO - [2024-10-08T14:50:54.489+0900] {dag.py:4180} INFO - Setting next_dagrun for example_time_delta_sensor_async to None, run_after=None
[2024-10-08T14:50:54.509+0900] {processor.py:208} INFO - Processing /Users/alookso/1007MLpj/myenv/lib/python3.10/site-packages/airflow/example_dags/example_time_delta_sensor_async.py took 0.870 seconds
[2024-10-08T14:54:01.028+0900] {processor.py:186} INFO - Started process (PID=22528) to work on /Users/alookso/1007MLpj/myenv/lib/python3.10/site-packages/airflow/example_dags/example_time_delta_sensor_async.py
[2024-10-08T14:54:01.029+0900] {processor.py:914} INFO - Processing file /Users/alookso/1007MLpj/myenv/lib/python3.10/site-packages/airflow/example_dags/example_time_delta_sensor_async.py for tasks to queue
[2024-10-08T14:54:01.030+0900] {logging_mixin.py:190} INFO - [2024-10-08T14:54:01.030+0900] {dagbag.py:588} INFO - Filling up the DagBag from /Users/alookso/1007MLpj/myenv/lib/python3.10/site-packages/airflow/example_dags/example_time_delta_sensor_async.py
[2024-10-08T14:54:01.039+0900] {processor.py:925} INFO - DAG(s) 'example_time_delta_sensor_async' retrieved from /Users/alookso/1007MLpj/myenv/lib/python3.10/site-packages/airflow/example_dags/example_time_delta_sensor_async.py
[2024-10-08T14:54:01.879+0900] {logging_mixin.py:190} INFO - [2024-10-08T14:54:01.878+0900] {dag.py:3239} INFO - Sync 1 DAGs
[2024-10-08T14:54:01.892+0900] {logging_mixin.py:190} INFO - [2024-10-08T14:54:01.892+0900] {dag.py:4180} INFO - Setting next_dagrun for example_time_delta_sensor_async to None, run_after=None
[2024-10-08T14:54:01.986+0900] {processor.py:208} INFO - Processing /Users/alookso/1007MLpj/myenv/lib/python3.10/site-packages/airflow/example_dags/example_time_delta_sensor_async.py took 0.963 seconds
[2024-10-08T14:57:08.793+0900] {processor.py:186} INFO - Started process (PID=22652) to work on /Users/alookso/1007MLpj/myenv/lib/python3.10/site-packages/airflow/example_dags/example_time_delta_sensor_async.py
[2024-10-08T14:57:08.793+0900] {processor.py:914} INFO - Processing file /Users/alookso/1007MLpj/myenv/lib/python3.10/site-packages/airflow/example_dags/example_time_delta_sensor_async.py for tasks to queue
[2024-10-08T14:57:08.794+0900] {logging_mixin.py:190} INFO - [2024-10-08T14:57:08.794+0900] {dagbag.py:588} INFO - Filling up the DagBag from /Users/alookso/1007MLpj/myenv/lib/python3.10/site-packages/airflow/example_dags/example_time_delta_sensor_async.py
[2024-10-08T14:57:08.803+0900] {processor.py:925} INFO - DAG(s) 'example_time_delta_sensor_async' retrieved from /Users/alookso/1007MLpj/myenv/lib/python3.10/site-packages/airflow/example_dags/example_time_delta_sensor_async.py
[2024-10-08T14:57:09.667+0900] {logging_mixin.py:190} INFO - [2024-10-08T14:57:09.667+0900] {dag.py:3239} INFO - Sync 1 DAGs
[2024-10-08T14:57:09.680+0900] {logging_mixin.py:190} INFO - [2024-10-08T14:57:09.680+0900] {dag.py:4180} INFO - Setting next_dagrun for example_time_delta_sensor_async to None, run_after=None
[2024-10-08T14:57:09.701+0900] {processor.py:208} INFO - Processing /Users/alookso/1007MLpj/myenv/lib/python3.10/site-packages/airflow/example_dags/example_time_delta_sensor_async.py took 0.912 seconds
[2024-10-08T15:00:18.378+0900] {processor.py:186} INFO - Started process (PID=22762) to work on /Users/alookso/1007MLpj/myenv/lib/python3.10/site-packages/airflow/example_dags/example_time_delta_sensor_async.py
[2024-10-08T15:00:18.378+0900] {processor.py:914} INFO - Processing file /Users/alookso/1007MLpj/myenv/lib/python3.10/site-packages/airflow/example_dags/example_time_delta_sensor_async.py for tasks to queue
[2024-10-08T15:00:18.379+0900] {logging_mixin.py:190} INFO - [2024-10-08T15:00:18.379+0900] {dagbag.py:588} INFO - Filling up the DagBag from /Users/alookso/1007MLpj/myenv/lib/python3.10/site-packages/airflow/example_dags/example_time_delta_sensor_async.py
[2024-10-08T15:00:18.388+0900] {processor.py:925} INFO - DAG(s) 'example_time_delta_sensor_async' retrieved from /Users/alookso/1007MLpj/myenv/lib/python3.10/site-packages/airflow/example_dags/example_time_delta_sensor_async.py
[2024-10-08T15:00:19.236+0900] {logging_mixin.py:190} INFO - [2024-10-08T15:00:19.235+0900] {dag.py:3239} INFO - Sync 1 DAGs
[2024-10-08T15:00:19.249+0900] {logging_mixin.py:190} INFO - [2024-10-08T15:00:19.249+0900] {dag.py:4180} INFO - Setting next_dagrun for example_time_delta_sensor_async to None, run_after=None
[2024-10-08T15:00:19.268+0900] {processor.py:208} INFO - Processing /Users/alookso/1007MLpj/myenv/lib/python3.10/site-packages/airflow/example_dags/example_time_delta_sensor_async.py took 0.896 seconds
[2024-10-08T15:03:27.840+0900] {processor.py:186} INFO - Started process (PID=22849) to work on /Users/alookso/1007MLpj/myenv/lib/python3.10/site-packages/airflow/example_dags/example_time_delta_sensor_async.py
[2024-10-08T15:03:27.841+0900] {processor.py:914} INFO - Processing file /Users/alookso/1007MLpj/myenv/lib/python3.10/site-packages/airflow/example_dags/example_time_delta_sensor_async.py for tasks to queue
[2024-10-08T15:03:27.842+0900] {logging_mixin.py:190} INFO - [2024-10-08T15:03:27.841+0900] {dagbag.py:588} INFO - Filling up the DagBag from /Users/alookso/1007MLpj/myenv/lib/python3.10/site-packages/airflow/example_dags/example_time_delta_sensor_async.py
[2024-10-08T15:03:27.850+0900] {processor.py:925} INFO - DAG(s) 'example_time_delta_sensor_async' retrieved from /Users/alookso/1007MLpj/myenv/lib/python3.10/site-packages/airflow/example_dags/example_time_delta_sensor_async.py
[2024-10-08T15:03:28.679+0900] {logging_mixin.py:190} INFO - [2024-10-08T15:03:28.679+0900] {dag.py:3239} INFO - Sync 1 DAGs
[2024-10-08T15:03:28.692+0900] {logging_mixin.py:190} INFO - [2024-10-08T15:03:28.692+0900] {dag.py:4180} INFO - Setting next_dagrun for example_time_delta_sensor_async to None, run_after=None
[2024-10-08T15:03:28.712+0900] {processor.py:208} INFO - Processing /Users/alookso/1007MLpj/myenv/lib/python3.10/site-packages/airflow/example_dags/example_time_delta_sensor_async.py took 0.876 seconds
[2024-10-08T15:06:32.454+0900] {processor.py:186} INFO - Started process (PID=22934) to work on /Users/alookso/1007MLpj/myenv/lib/python3.10/site-packages/airflow/example_dags/example_time_delta_sensor_async.py
[2024-10-08T15:06:32.455+0900] {processor.py:914} INFO - Processing file /Users/alookso/1007MLpj/myenv/lib/python3.10/site-packages/airflow/example_dags/example_time_delta_sensor_async.py for tasks to queue
[2024-10-08T15:06:32.456+0900] {logging_mixin.py:190} INFO - [2024-10-08T15:06:32.455+0900] {dagbag.py:588} INFO - Filling up the DagBag from /Users/alookso/1007MLpj/myenv/lib/python3.10/site-packages/airflow/example_dags/example_time_delta_sensor_async.py
[2024-10-08T15:06:32.465+0900] {processor.py:925} INFO - DAG(s) 'example_time_delta_sensor_async' retrieved from /Users/alookso/1007MLpj/myenv/lib/python3.10/site-packages/airflow/example_dags/example_time_delta_sensor_async.py
[2024-10-08T15:06:33.289+0900] {logging_mixin.py:190} INFO - [2024-10-08T15:06:33.288+0900] {dag.py:3239} INFO - Sync 1 DAGs
[2024-10-08T15:06:33.302+0900] {logging_mixin.py:190} INFO - [2024-10-08T15:06:33.302+0900] {dag.py:4180} INFO - Setting next_dagrun for example_time_delta_sensor_async to None, run_after=None
[2024-10-08T15:06:33.323+0900] {processor.py:208} INFO - Processing /Users/alookso/1007MLpj/myenv/lib/python3.10/site-packages/airflow/example_dags/example_time_delta_sensor_async.py took 0.873 seconds
[2024-10-08T15:09:38.825+0900] {processor.py:186} INFO - Started process (PID=23059) to work on /Users/alookso/1007MLpj/myenv/lib/python3.10/site-packages/airflow/example_dags/example_time_delta_sensor_async.py
[2024-10-08T15:09:38.826+0900] {processor.py:914} INFO - Processing file /Users/alookso/1007MLpj/myenv/lib/python3.10/site-packages/airflow/example_dags/example_time_delta_sensor_async.py for tasks to queue
[2024-10-08T15:09:38.827+0900] {logging_mixin.py:190} INFO - [2024-10-08T15:09:38.827+0900] {dagbag.py:588} INFO - Filling up the DagBag from /Users/alookso/1007MLpj/myenv/lib/python3.10/site-packages/airflow/example_dags/example_time_delta_sensor_async.py
[2024-10-08T15:09:38.846+0900] {processor.py:925} INFO - DAG(s) 'example_time_delta_sensor_async' retrieved from /Users/alookso/1007MLpj/myenv/lib/python3.10/site-packages/airflow/example_dags/example_time_delta_sensor_async.py
[2024-10-08T15:09:39.669+0900] {logging_mixin.py:190} INFO - [2024-10-08T15:09:39.668+0900] {dag.py:3239} INFO - Sync 1 DAGs
[2024-10-08T15:09:39.681+0900] {logging_mixin.py:190} INFO - [2024-10-08T15:09:39.681+0900] {dag.py:4180} INFO - Setting next_dagrun for example_time_delta_sensor_async to None, run_after=None
[2024-10-08T15:09:39.701+0900] {processor.py:208} INFO - Processing /Users/alookso/1007MLpj/myenv/lib/python3.10/site-packages/airflow/example_dags/example_time_delta_sensor_async.py took 0.880 seconds
[2024-10-08T15:12:36.737+0900] {processor.py:186} INFO - Started process (PID=23142) to work on /Users/alookso/1007MLpj/myenv/lib/python3.10/site-packages/airflow/example_dags/example_time_delta_sensor_async.py
[2024-10-08T15:12:36.738+0900] {processor.py:914} INFO - Processing file /Users/alookso/1007MLpj/myenv/lib/python3.10/site-packages/airflow/example_dags/example_time_delta_sensor_async.py for tasks to queue
[2024-10-08T15:12:36.739+0900] {logging_mixin.py:190} INFO - [2024-10-08T15:12:36.739+0900] {dagbag.py:588} INFO - Filling up the DagBag from /Users/alookso/1007MLpj/myenv/lib/python3.10/site-packages/airflow/example_dags/example_time_delta_sensor_async.py
[2024-10-08T15:12:36.748+0900] {processor.py:925} INFO - DAG(s) 'example_time_delta_sensor_async' retrieved from /Users/alookso/1007MLpj/myenv/lib/python3.10/site-packages/airflow/example_dags/example_time_delta_sensor_async.py
[2024-10-08T15:12:37.577+0900] {logging_mixin.py:190} INFO - [2024-10-08T15:12:37.576+0900] {dag.py:3239} INFO - Sync 1 DAGs
[2024-10-08T15:12:37.590+0900] {logging_mixin.py:190} INFO - [2024-10-08T15:12:37.590+0900] {dag.py:4180} INFO - Setting next_dagrun for example_time_delta_sensor_async to None, run_after=None
[2024-10-08T15:12:37.610+0900] {processor.py:208} INFO - Processing /Users/alookso/1007MLpj/myenv/lib/python3.10/site-packages/airflow/example_dags/example_time_delta_sensor_async.py took 0.878 seconds
[2024-10-08T15:15:35.651+0900] {processor.py:186} INFO - Started process (PID=23225) to work on /Users/alookso/1007MLpj/myenv/lib/python3.10/site-packages/airflow/example_dags/example_time_delta_sensor_async.py
[2024-10-08T15:15:35.652+0900] {processor.py:914} INFO - Processing file /Users/alookso/1007MLpj/myenv/lib/python3.10/site-packages/airflow/example_dags/example_time_delta_sensor_async.py for tasks to queue
[2024-10-08T15:15:35.653+0900] {logging_mixin.py:190} INFO - [2024-10-08T15:15:35.653+0900] {dagbag.py:588} INFO - Filling up the DagBag from /Users/alookso/1007MLpj/myenv/lib/python3.10/site-packages/airflow/example_dags/example_time_delta_sensor_async.py
[2024-10-08T15:15:35.662+0900] {processor.py:925} INFO - DAG(s) 'example_time_delta_sensor_async' retrieved from /Users/alookso/1007MLpj/myenv/lib/python3.10/site-packages/airflow/example_dags/example_time_delta_sensor_async.py
[2024-10-08T15:15:36.613+0900] {logging_mixin.py:190} INFO - [2024-10-08T15:15:36.613+0900] {dag.py:3239} INFO - Sync 1 DAGs
[2024-10-08T15:15:36.627+0900] {logging_mixin.py:190} INFO - [2024-10-08T15:15:36.626+0900] {dag.py:4180} INFO - Setting next_dagrun for example_time_delta_sensor_async to None, run_after=None
[2024-10-08T15:15:36.647+0900] {processor.py:208} INFO - Processing /Users/alookso/1007MLpj/myenv/lib/python3.10/site-packages/airflow/example_dags/example_time_delta_sensor_async.py took 1.001 seconds
[2024-10-08T15:18:44.218+0900] {processor.py:186} INFO - Started process (PID=23330) to work on /Users/alookso/1007MLpj/myenv/lib/python3.10/site-packages/airflow/example_dags/example_time_delta_sensor_async.py
[2024-10-08T15:18:44.227+0900] {processor.py:914} INFO - Processing file /Users/alookso/1007MLpj/myenv/lib/python3.10/site-packages/airflow/example_dags/example_time_delta_sensor_async.py for tasks to queue
[2024-10-08T15:18:44.229+0900] {logging_mixin.py:190} INFO - [2024-10-08T15:18:44.229+0900] {dagbag.py:588} INFO - Filling up the DagBag from /Users/alookso/1007MLpj/myenv/lib/python3.10/site-packages/airflow/example_dags/example_time_delta_sensor_async.py
[2024-10-08T15:18:44.258+0900] {processor.py:925} INFO - DAG(s) 'example_time_delta_sensor_async' retrieved from /Users/alookso/1007MLpj/myenv/lib/python3.10/site-packages/airflow/example_dags/example_time_delta_sensor_async.py
[2024-10-08T15:18:45.122+0900] {logging_mixin.py:190} INFO - [2024-10-08T15:18:45.122+0900] {dag.py:3239} INFO - Sync 1 DAGs
[2024-10-08T15:18:45.135+0900] {logging_mixin.py:190} INFO - [2024-10-08T15:18:45.135+0900] {dag.py:4180} INFO - Setting next_dagrun for example_time_delta_sensor_async to None, run_after=None
[2024-10-08T15:18:45.155+0900] {processor.py:208} INFO - Processing /Users/alookso/1007MLpj/myenv/lib/python3.10/site-packages/airflow/example_dags/example_time_delta_sensor_async.py took 0.941 seconds
[2024-10-08T15:21:52.709+0900] {processor.py:186} INFO - Started process (PID=23414) to work on /Users/alookso/1007MLpj/myenv/lib/python3.10/site-packages/airflow/example_dags/example_time_delta_sensor_async.py
[2024-10-08T15:21:52.710+0900] {processor.py:914} INFO - Processing file /Users/alookso/1007MLpj/myenv/lib/python3.10/site-packages/airflow/example_dags/example_time_delta_sensor_async.py for tasks to queue
[2024-10-08T15:21:52.711+0900] {logging_mixin.py:190} INFO - [2024-10-08T15:21:52.711+0900] {dagbag.py:588} INFO - Filling up the DagBag from /Users/alookso/1007MLpj/myenv/lib/python3.10/site-packages/airflow/example_dags/example_time_delta_sensor_async.py
[2024-10-08T15:21:52.720+0900] {processor.py:925} INFO - DAG(s) 'example_time_delta_sensor_async' retrieved from /Users/alookso/1007MLpj/myenv/lib/python3.10/site-packages/airflow/example_dags/example_time_delta_sensor_async.py
[2024-10-08T15:21:53.561+0900] {logging_mixin.py:190} INFO - [2024-10-08T15:21:53.560+0900] {dag.py:3239} INFO - Sync 1 DAGs
[2024-10-08T15:21:53.573+0900] {logging_mixin.py:190} INFO - [2024-10-08T15:21:53.573+0900] {dag.py:4180} INFO - Setting next_dagrun for example_time_delta_sensor_async to None, run_after=None
[2024-10-08T15:21:53.593+0900] {processor.py:208} INFO - Processing /Users/alookso/1007MLpj/myenv/lib/python3.10/site-packages/airflow/example_dags/example_time_delta_sensor_async.py took 0.888 seconds
[2024-10-08T15:24:57.151+0900] {processor.py:186} INFO - Started process (PID=23506) to work on /Users/alookso/1007MLpj/myenv/lib/python3.10/site-packages/airflow/example_dags/example_time_delta_sensor_async.py
[2024-10-08T15:24:57.152+0900] {processor.py:914} INFO - Processing file /Users/alookso/1007MLpj/myenv/lib/python3.10/site-packages/airflow/example_dags/example_time_delta_sensor_async.py for tasks to queue
[2024-10-08T15:24:57.153+0900] {logging_mixin.py:190} INFO - [2024-10-08T15:24:57.153+0900] {dagbag.py:588} INFO - Filling up the DagBag from /Users/alookso/1007MLpj/myenv/lib/python3.10/site-packages/airflow/example_dags/example_time_delta_sensor_async.py
[2024-10-08T15:24:57.163+0900] {processor.py:925} INFO - DAG(s) 'example_time_delta_sensor_async' retrieved from /Users/alookso/1007MLpj/myenv/lib/python3.10/site-packages/airflow/example_dags/example_time_delta_sensor_async.py
[2024-10-08T15:24:58.036+0900] {logging_mixin.py:190} INFO - [2024-10-08T15:24:58.035+0900] {dag.py:3239} INFO - Sync 1 DAGs
[2024-10-08T15:24:58.048+0900] {logging_mixin.py:190} INFO - [2024-10-08T15:24:58.048+0900] {dag.py:4180} INFO - Setting next_dagrun for example_time_delta_sensor_async to None, run_after=None
[2024-10-08T15:24:58.068+0900] {processor.py:208} INFO - Processing /Users/alookso/1007MLpj/myenv/lib/python3.10/site-packages/airflow/example_dags/example_time_delta_sensor_async.py took 0.924 seconds
[2024-10-08T15:27:59.877+0900] {processor.py:186} INFO - Started process (PID=23614) to work on /Users/alookso/1007MLpj/myenv/lib/python3.10/site-packages/airflow/example_dags/example_time_delta_sensor_async.py
[2024-10-08T15:27:59.877+0900] {processor.py:914} INFO - Processing file /Users/alookso/1007MLpj/myenv/lib/python3.10/site-packages/airflow/example_dags/example_time_delta_sensor_async.py for tasks to queue
[2024-10-08T15:27:59.878+0900] {logging_mixin.py:190} INFO - [2024-10-08T15:27:59.878+0900] {dagbag.py:588} INFO - Filling up the DagBag from /Users/alookso/1007MLpj/myenv/lib/python3.10/site-packages/airflow/example_dags/example_time_delta_sensor_async.py
[2024-10-08T15:27:59.887+0900] {processor.py:925} INFO - DAG(s) 'example_time_delta_sensor_async' retrieved from /Users/alookso/1007MLpj/myenv/lib/python3.10/site-packages/airflow/example_dags/example_time_delta_sensor_async.py
[2024-10-08T15:28:00.739+0900] {logging_mixin.py:190} INFO - [2024-10-08T15:28:00.739+0900] {dag.py:3239} INFO - Sync 1 DAGs
[2024-10-08T15:28:00.752+0900] {logging_mixin.py:190} INFO - [2024-10-08T15:28:00.752+0900] {dag.py:4180} INFO - Setting next_dagrun for example_time_delta_sensor_async to None, run_after=None
[2024-10-08T15:28:00.772+0900] {processor.py:208} INFO - Processing /Users/alookso/1007MLpj/myenv/lib/python3.10/site-packages/airflow/example_dags/example_time_delta_sensor_async.py took 0.899 seconds
[2024-10-08T15:31:00.469+0900] {processor.py:186} INFO - Started process (PID=23722) to work on /Users/alookso/1007MLpj/myenv/lib/python3.10/site-packages/airflow/example_dags/example_time_delta_sensor_async.py
[2024-10-08T15:31:00.470+0900] {processor.py:914} INFO - Processing file /Users/alookso/1007MLpj/myenv/lib/python3.10/site-packages/airflow/example_dags/example_time_delta_sensor_async.py for tasks to queue
[2024-10-08T15:31:00.471+0900] {logging_mixin.py:190} INFO - [2024-10-08T15:31:00.471+0900] {dagbag.py:588} INFO - Filling up the DagBag from /Users/alookso/1007MLpj/myenv/lib/python3.10/site-packages/airflow/example_dags/example_time_delta_sensor_async.py
[2024-10-08T15:31:00.480+0900] {processor.py:925} INFO - DAG(s) 'example_time_delta_sensor_async' retrieved from /Users/alookso/1007MLpj/myenv/lib/python3.10/site-packages/airflow/example_dags/example_time_delta_sensor_async.py
[2024-10-08T15:31:01.324+0900] {logging_mixin.py:190} INFO - [2024-10-08T15:31:01.324+0900] {dag.py:3239} INFO - Sync 1 DAGs
[2024-10-08T15:31:01.338+0900] {logging_mixin.py:190} INFO - [2024-10-08T15:31:01.338+0900] {dag.py:4180} INFO - Setting next_dagrun for example_time_delta_sensor_async to None, run_after=None
[2024-10-08T15:31:01.361+0900] {processor.py:208} INFO - Processing /Users/alookso/1007MLpj/myenv/lib/python3.10/site-packages/airflow/example_dags/example_time_delta_sensor_async.py took 0.896 seconds
[2024-10-08T15:34:02.054+0900] {processor.py:186} INFO - Started process (PID=23823) to work on /Users/alookso/1007MLpj/myenv/lib/python3.10/site-packages/airflow/example_dags/example_time_delta_sensor_async.py
[2024-10-08T15:34:02.055+0900] {processor.py:914} INFO - Processing file /Users/alookso/1007MLpj/myenv/lib/python3.10/site-packages/airflow/example_dags/example_time_delta_sensor_async.py for tasks to queue
[2024-10-08T15:34:02.056+0900] {logging_mixin.py:190} INFO - [2024-10-08T15:34:02.056+0900] {dagbag.py:588} INFO - Filling up the DagBag from /Users/alookso/1007MLpj/myenv/lib/python3.10/site-packages/airflow/example_dags/example_time_delta_sensor_async.py
[2024-10-08T15:34:02.064+0900] {processor.py:925} INFO - DAG(s) 'example_time_delta_sensor_async' retrieved from /Users/alookso/1007MLpj/myenv/lib/python3.10/site-packages/airflow/example_dags/example_time_delta_sensor_async.py
[2024-10-08T15:34:03.054+0900] {logging_mixin.py:190} INFO - [2024-10-08T15:34:03.053+0900] {dag.py:3239} INFO - Sync 1 DAGs
[2024-10-08T15:34:03.072+0900] {logging_mixin.py:190} INFO - [2024-10-08T15:34:03.072+0900] {dag.py:4180} INFO - Setting next_dagrun for example_time_delta_sensor_async to None, run_after=None
[2024-10-08T15:34:03.092+0900] {processor.py:208} INFO - Processing /Users/alookso/1007MLpj/myenv/lib/python3.10/site-packages/airflow/example_dags/example_time_delta_sensor_async.py took 1.043 seconds
[2024-10-08T15:38:49.093+0900] {processor.py:186} INFO - Started process (PID=24024) to work on /Users/alookso/1007MLpj/myenv/lib/python3.10/site-packages/airflow/example_dags/example_time_delta_sensor_async.py
[2024-10-08T15:38:49.094+0900] {processor.py:914} INFO - Processing file /Users/alookso/1007MLpj/myenv/lib/python3.10/site-packages/airflow/example_dags/example_time_delta_sensor_async.py for tasks to queue
[2024-10-08T15:38:49.095+0900] {logging_mixin.py:190} INFO - [2024-10-08T15:38:49.095+0900] {dagbag.py:588} INFO - Filling up the DagBag from /Users/alookso/1007MLpj/myenv/lib/python3.10/site-packages/airflow/example_dags/example_time_delta_sensor_async.py
[2024-10-08T15:38:49.103+0900] {processor.py:925} INFO - DAG(s) 'example_time_delta_sensor_async' retrieved from /Users/alookso/1007MLpj/myenv/lib/python3.10/site-packages/airflow/example_dags/example_time_delta_sensor_async.py
[2024-10-08T15:38:49.923+0900] {logging_mixin.py:190} INFO - [2024-10-08T15:38:49.923+0900] {dag.py:3239} INFO - Sync 1 DAGs
[2024-10-08T15:38:49.936+0900] {logging_mixin.py:190} INFO - [2024-10-08T15:38:49.936+0900] {dag.py:4180} INFO - Setting next_dagrun for example_time_delta_sensor_async to None, run_after=None
[2024-10-08T15:38:49.956+0900] {processor.py:208} INFO - Processing /Users/alookso/1007MLpj/myenv/lib/python3.10/site-packages/airflow/example_dags/example_time_delta_sensor_async.py took 0.868 seconds
[2024-10-08T16:36:23.369+0900] {processor.py:186} INFO - Started process (PID=24988) to work on /Users/alookso/1007MLpj/myenv/lib/python3.10/site-packages/airflow/example_dags/example_time_delta_sensor_async.py
[2024-10-08T16:36:23.369+0900] {processor.py:914} INFO - Processing file /Users/alookso/1007MLpj/myenv/lib/python3.10/site-packages/airflow/example_dags/example_time_delta_sensor_async.py for tasks to queue
[2024-10-08T16:36:23.370+0900] {logging_mixin.py:190} INFO - [2024-10-08T16:36:23.370+0900] {dagbag.py:588} INFO - Filling up the DagBag from /Users/alookso/1007MLpj/myenv/lib/python3.10/site-packages/airflow/example_dags/example_time_delta_sensor_async.py
[2024-10-08T16:36:23.380+0900] {processor.py:925} INFO - DAG(s) 'example_time_delta_sensor_async' retrieved from /Users/alookso/1007MLpj/myenv/lib/python3.10/site-packages/airflow/example_dags/example_time_delta_sensor_async.py
[2024-10-08T16:36:24.214+0900] {logging_mixin.py:190} INFO - [2024-10-08T16:36:24.214+0900] {dag.py:3239} INFO - Sync 1 DAGs
[2024-10-08T16:36:24.228+0900] {logging_mixin.py:190} INFO - [2024-10-08T16:36:24.228+0900] {dag.py:4180} INFO - Setting next_dagrun for example_time_delta_sensor_async to None, run_after=None
[2024-10-08T16:36:24.250+0900] {processor.py:208} INFO - Processing /Users/alookso/1007MLpj/myenv/lib/python3.10/site-packages/airflow/example_dags/example_time_delta_sensor_async.py took 0.886 seconds
[2024-10-08T17:27:54.213+0900] {processor.py:186} INFO - Started process (PID=26360) to work on /Users/alookso/1007MLpj/myenv/lib/python3.10/site-packages/airflow/example_dags/example_time_delta_sensor_async.py
[2024-10-08T17:27:54.214+0900] {processor.py:914} INFO - Processing file /Users/alookso/1007MLpj/myenv/lib/python3.10/site-packages/airflow/example_dags/example_time_delta_sensor_async.py for tasks to queue
[2024-10-08T17:27:54.215+0900] {logging_mixin.py:190} INFO - [2024-10-08T17:27:54.214+0900] {dagbag.py:588} INFO - Filling up the DagBag from /Users/alookso/1007MLpj/myenv/lib/python3.10/site-packages/airflow/example_dags/example_time_delta_sensor_async.py
[2024-10-08T17:27:54.224+0900] {processor.py:925} INFO - DAG(s) 'example_time_delta_sensor_async' retrieved from /Users/alookso/1007MLpj/myenv/lib/python3.10/site-packages/airflow/example_dags/example_time_delta_sensor_async.py
[2024-10-08T17:27:55.077+0900] {logging_mixin.py:190} INFO - [2024-10-08T17:27:55.077+0900] {dag.py:3239} INFO - Sync 1 DAGs
[2024-10-08T17:27:55.091+0900] {logging_mixin.py:190} INFO - [2024-10-08T17:27:55.091+0900] {dag.py:4180} INFO - Setting next_dagrun for example_time_delta_sensor_async to None, run_after=None
[2024-10-08T17:27:55.112+0900] {processor.py:208} INFO - Processing /Users/alookso/1007MLpj/myenv/lib/python3.10/site-packages/airflow/example_dags/example_time_delta_sensor_async.py took 0.904 seconds
[2024-10-08T17:42:46.857+0900] {processor.py:186} INFO - Started process (PID=26882) to work on /Users/alookso/1007MLpj/myenv/lib/python3.10/site-packages/airflow/example_dags/example_time_delta_sensor_async.py
[2024-10-08T17:42:46.858+0900] {processor.py:914} INFO - Processing file /Users/alookso/1007MLpj/myenv/lib/python3.10/site-packages/airflow/example_dags/example_time_delta_sensor_async.py for tasks to queue
[2024-10-08T17:42:46.858+0900] {logging_mixin.py:190} INFO - [2024-10-08T17:42:46.858+0900] {dagbag.py:588} INFO - Filling up the DagBag from /Users/alookso/1007MLpj/myenv/lib/python3.10/site-packages/airflow/example_dags/example_time_delta_sensor_async.py
[2024-10-08T17:42:46.867+0900] {processor.py:925} INFO - DAG(s) 'example_time_delta_sensor_async' retrieved from /Users/alookso/1007MLpj/myenv/lib/python3.10/site-packages/airflow/example_dags/example_time_delta_sensor_async.py
[2024-10-08T17:42:47.679+0900] {logging_mixin.py:190} INFO - [2024-10-08T17:42:47.678+0900] {dag.py:3239} INFO - Sync 1 DAGs
[2024-10-08T17:42:47.691+0900] {logging_mixin.py:190} INFO - [2024-10-08T17:42:47.691+0900] {dag.py:4180} INFO - Setting next_dagrun for example_time_delta_sensor_async to None, run_after=None
[2024-10-08T17:42:47.711+0900] {processor.py:208} INFO - Processing /Users/alookso/1007MLpj/myenv/lib/python3.10/site-packages/airflow/example_dags/example_time_delta_sensor_async.py took 0.859 seconds
[2024-10-08T17:55:10.324+0900] {processor.py:186} INFO - Started process (PID=27312) to work on /Users/alookso/1007MLpj/myenv/lib/python3.10/site-packages/airflow/example_dags/example_time_delta_sensor_async.py
[2024-10-08T17:55:10.325+0900] {processor.py:914} INFO - Processing file /Users/alookso/1007MLpj/myenv/lib/python3.10/site-packages/airflow/example_dags/example_time_delta_sensor_async.py for tasks to queue
[2024-10-08T17:55:10.326+0900] {logging_mixin.py:190} INFO - [2024-10-08T17:55:10.325+0900] {dagbag.py:588} INFO - Filling up the DagBag from /Users/alookso/1007MLpj/myenv/lib/python3.10/site-packages/airflow/example_dags/example_time_delta_sensor_async.py
[2024-10-08T17:55:10.334+0900] {processor.py:925} INFO - DAG(s) 'example_time_delta_sensor_async' retrieved from /Users/alookso/1007MLpj/myenv/lib/python3.10/site-packages/airflow/example_dags/example_time_delta_sensor_async.py
[2024-10-08T17:55:11.153+0900] {logging_mixin.py:190} INFO - [2024-10-08T17:55:11.152+0900] {dag.py:3239} INFO - Sync 1 DAGs
[2024-10-08T17:55:11.166+0900] {logging_mixin.py:190} INFO - [2024-10-08T17:55:11.166+0900] {dag.py:4180} INFO - Setting next_dagrun for example_time_delta_sensor_async to None, run_after=None
[2024-10-08T17:55:11.185+0900] {processor.py:208} INFO - Processing /Users/alookso/1007MLpj/myenv/lib/python3.10/site-packages/airflow/example_dags/example_time_delta_sensor_async.py took 0.866 seconds
[2024-10-08T17:59:50.079+0900] {processor.py:186} INFO - Started process (PID=27491) to work on /Users/alookso/1007MLpj/myenv/lib/python3.10/site-packages/airflow/example_dags/example_time_delta_sensor_async.py
[2024-10-08T17:59:50.079+0900] {processor.py:914} INFO - Processing file /Users/alookso/1007MLpj/myenv/lib/python3.10/site-packages/airflow/example_dags/example_time_delta_sensor_async.py for tasks to queue
[2024-10-08T17:59:50.080+0900] {logging_mixin.py:190} INFO - [2024-10-08T17:59:50.080+0900] {dagbag.py:588} INFO - Filling up the DagBag from /Users/alookso/1007MLpj/myenv/lib/python3.10/site-packages/airflow/example_dags/example_time_delta_sensor_async.py
[2024-10-08T17:59:50.089+0900] {processor.py:925} INFO - DAG(s) 'example_time_delta_sensor_async' retrieved from /Users/alookso/1007MLpj/myenv/lib/python3.10/site-packages/airflow/example_dags/example_time_delta_sensor_async.py
[2024-10-08T17:59:50.923+0900] {logging_mixin.py:190} INFO - [2024-10-08T17:59:50.922+0900] {dag.py:3239} INFO - Sync 1 DAGs
[2024-10-08T17:59:50.936+0900] {logging_mixin.py:190} INFO - [2024-10-08T17:59:50.935+0900] {dag.py:4180} INFO - Setting next_dagrun for example_time_delta_sensor_async to None, run_after=None
[2024-10-08T17:59:50.956+0900] {processor.py:208} INFO - Processing /Users/alookso/1007MLpj/myenv/lib/python3.10/site-packages/airflow/example_dags/example_time_delta_sensor_async.py took 0.881 seconds
[2024-10-08T18:03:34.296+0900] {processor.py:186} INFO - Started process (PID=27639) to work on /Users/alookso/1007MLpj/myenv/lib/python3.10/site-packages/airflow/example_dags/example_time_delta_sensor_async.py
[2024-10-08T18:03:34.297+0900] {processor.py:914} INFO - Processing file /Users/alookso/1007MLpj/myenv/lib/python3.10/site-packages/airflow/example_dags/example_time_delta_sensor_async.py for tasks to queue
[2024-10-08T18:03:34.298+0900] {logging_mixin.py:190} INFO - [2024-10-08T18:03:34.298+0900] {dagbag.py:588} INFO - Filling up the DagBag from /Users/alookso/1007MLpj/myenv/lib/python3.10/site-packages/airflow/example_dags/example_time_delta_sensor_async.py
[2024-10-08T18:03:34.307+0900] {processor.py:925} INFO - DAG(s) 'example_time_delta_sensor_async' retrieved from /Users/alookso/1007MLpj/myenv/lib/python3.10/site-packages/airflow/example_dags/example_time_delta_sensor_async.py
[2024-10-08T18:03:35.130+0900] {logging_mixin.py:190} INFO - [2024-10-08T18:03:35.130+0900] {dag.py:3239} INFO - Sync 1 DAGs
[2024-10-08T18:03:35.143+0900] {logging_mixin.py:190} INFO - [2024-10-08T18:03:35.143+0900] {dag.py:4180} INFO - Setting next_dagrun for example_time_delta_sensor_async to None, run_after=None
[2024-10-08T18:03:35.163+0900] {processor.py:208} INFO - Processing /Users/alookso/1007MLpj/myenv/lib/python3.10/site-packages/airflow/example_dags/example_time_delta_sensor_async.py took 0.873 seconds
[2024-10-08T18:06:05.439+0900] {processor.py:186} INFO - Started process (PID=27754) to work on /Users/alookso/1007MLpj/myenv/lib/python3.10/site-packages/airflow/example_dags/example_time_delta_sensor_async.py
[2024-10-08T18:06:05.440+0900] {processor.py:914} INFO - Processing file /Users/alookso/1007MLpj/myenv/lib/python3.10/site-packages/airflow/example_dags/example_time_delta_sensor_async.py for tasks to queue
[2024-10-08T18:06:05.440+0900] {logging_mixin.py:190} INFO - [2024-10-08T18:06:05.440+0900] {dagbag.py:588} INFO - Filling up the DagBag from /Users/alookso/1007MLpj/myenv/lib/python3.10/site-packages/airflow/example_dags/example_time_delta_sensor_async.py
[2024-10-08T18:06:05.449+0900] {processor.py:925} INFO - DAG(s) 'example_time_delta_sensor_async' retrieved from /Users/alookso/1007MLpj/myenv/lib/python3.10/site-packages/airflow/example_dags/example_time_delta_sensor_async.py
[2024-10-08T18:06:06.255+0900] {logging_mixin.py:190} INFO - [2024-10-08T18:06:06.255+0900] {dag.py:3239} INFO - Sync 1 DAGs
[2024-10-08T18:06:06.267+0900] {logging_mixin.py:190} INFO - [2024-10-08T18:06:06.267+0900] {dag.py:4180} INFO - Setting next_dagrun for example_time_delta_sensor_async to None, run_after=None
[2024-10-08T18:06:06.287+0900] {processor.py:208} INFO - Processing /Users/alookso/1007MLpj/myenv/lib/python3.10/site-packages/airflow/example_dags/example_time_delta_sensor_async.py took 0.853 seconds
[2024-10-08T18:09:44.803+0900] {processor.py:186} INFO - Started process (PID=27849) to work on /Users/alookso/1007MLpj/myenv/lib/python3.10/site-packages/airflow/example_dags/example_time_delta_sensor_async.py
[2024-10-08T18:09:44.803+0900] {processor.py:914} INFO - Processing file /Users/alookso/1007MLpj/myenv/lib/python3.10/site-packages/airflow/example_dags/example_time_delta_sensor_async.py for tasks to queue
[2024-10-08T18:09:44.804+0900] {logging_mixin.py:190} INFO - [2024-10-08T18:09:44.804+0900] {dagbag.py:588} INFO - Filling up the DagBag from /Users/alookso/1007MLpj/myenv/lib/python3.10/site-packages/airflow/example_dags/example_time_delta_sensor_async.py
[2024-10-08T18:09:44.813+0900] {processor.py:925} INFO - DAG(s) 'example_time_delta_sensor_async' retrieved from /Users/alookso/1007MLpj/myenv/lib/python3.10/site-packages/airflow/example_dags/example_time_delta_sensor_async.py
[2024-10-08T18:09:45.638+0900] {logging_mixin.py:190} INFO - [2024-10-08T18:09:45.637+0900] {dag.py:3239} INFO - Sync 1 DAGs
[2024-10-08T18:09:45.650+0900] {logging_mixin.py:190} INFO - [2024-10-08T18:09:45.650+0900] {dag.py:4180} INFO - Setting next_dagrun for example_time_delta_sensor_async to None, run_after=None
[2024-10-08T18:09:45.669+0900] {processor.py:208} INFO - Processing /Users/alookso/1007MLpj/myenv/lib/python3.10/site-packages/airflow/example_dags/example_time_delta_sensor_async.py took 0.872 seconds
[2024-10-08T18:12:56.833+0900] {processor.py:186} INFO - Started process (PID=27952) to work on /Users/alookso/1007MLpj/myenv/lib/python3.10/site-packages/airflow/example_dags/example_time_delta_sensor_async.py
[2024-10-08T18:12:56.834+0900] {processor.py:914} INFO - Processing file /Users/alookso/1007MLpj/myenv/lib/python3.10/site-packages/airflow/example_dags/example_time_delta_sensor_async.py for tasks to queue
[2024-10-08T18:12:56.835+0900] {logging_mixin.py:190} INFO - [2024-10-08T18:12:56.835+0900] {dagbag.py:588} INFO - Filling up the DagBag from /Users/alookso/1007MLpj/myenv/lib/python3.10/site-packages/airflow/example_dags/example_time_delta_sensor_async.py
[2024-10-08T18:12:56.844+0900] {processor.py:925} INFO - DAG(s) 'example_time_delta_sensor_async' retrieved from /Users/alookso/1007MLpj/myenv/lib/python3.10/site-packages/airflow/example_dags/example_time_delta_sensor_async.py
[2024-10-08T18:12:57.654+0900] {logging_mixin.py:190} INFO - [2024-10-08T18:12:57.654+0900] {dag.py:3239} INFO - Sync 1 DAGs
[2024-10-08T18:12:57.667+0900] {logging_mixin.py:190} INFO - [2024-10-08T18:12:57.667+0900] {dag.py:4180} INFO - Setting next_dagrun for example_time_delta_sensor_async to None, run_after=None
[2024-10-08T18:12:57.686+0900] {processor.py:208} INFO - Processing /Users/alookso/1007MLpj/myenv/lib/python3.10/site-packages/airflow/example_dags/example_time_delta_sensor_async.py took 0.858 seconds
[2024-10-08T18:16:06.483+0900] {processor.py:186} INFO - Started process (PID=28057) to work on /Users/alookso/1007MLpj/myenv/lib/python3.10/site-packages/airflow/example_dags/example_time_delta_sensor_async.py
[2024-10-08T18:16:06.484+0900] {processor.py:914} INFO - Processing file /Users/alookso/1007MLpj/myenv/lib/python3.10/site-packages/airflow/example_dags/example_time_delta_sensor_async.py for tasks to queue
[2024-10-08T18:16:06.485+0900] {logging_mixin.py:190} INFO - [2024-10-08T18:16:06.484+0900] {dagbag.py:588} INFO - Filling up the DagBag from /Users/alookso/1007MLpj/myenv/lib/python3.10/site-packages/airflow/example_dags/example_time_delta_sensor_async.py
[2024-10-08T18:16:06.493+0900] {processor.py:925} INFO - DAG(s) 'example_time_delta_sensor_async' retrieved from /Users/alookso/1007MLpj/myenv/lib/python3.10/site-packages/airflow/example_dags/example_time_delta_sensor_async.py
[2024-10-08T18:16:07.311+0900] {logging_mixin.py:190} INFO - [2024-10-08T18:16:07.311+0900] {dag.py:3239} INFO - Sync 1 DAGs
[2024-10-08T18:16:07.324+0900] {logging_mixin.py:190} INFO - [2024-10-08T18:16:07.324+0900] {dag.py:4180} INFO - Setting next_dagrun for example_time_delta_sensor_async to None, run_after=None
[2024-10-08T18:16:07.344+0900] {processor.py:208} INFO - Processing /Users/alookso/1007MLpj/myenv/lib/python3.10/site-packages/airflow/example_dags/example_time_delta_sensor_async.py took 0.866 seconds
[2024-10-08T18:19:16.693+0900] {processor.py:186} INFO - Started process (PID=28142) to work on /Users/alookso/1007MLpj/myenv/lib/python3.10/site-packages/airflow/example_dags/example_time_delta_sensor_async.py
[2024-10-08T18:19:16.694+0900] {processor.py:914} INFO - Processing file /Users/alookso/1007MLpj/myenv/lib/python3.10/site-packages/airflow/example_dags/example_time_delta_sensor_async.py for tasks to queue
[2024-10-08T18:19:16.695+0900] {logging_mixin.py:190} INFO - [2024-10-08T18:19:16.695+0900] {dagbag.py:588} INFO - Filling up the DagBag from /Users/alookso/1007MLpj/myenv/lib/python3.10/site-packages/airflow/example_dags/example_time_delta_sensor_async.py
[2024-10-08T18:19:16.703+0900] {processor.py:925} INFO - DAG(s) 'example_time_delta_sensor_async' retrieved from /Users/alookso/1007MLpj/myenv/lib/python3.10/site-packages/airflow/example_dags/example_time_delta_sensor_async.py
[2024-10-08T18:19:17.508+0900] {logging_mixin.py:190} INFO - [2024-10-08T18:19:17.508+0900] {dag.py:3239} INFO - Sync 1 DAGs
[2024-10-08T18:19:17.521+0900] {logging_mixin.py:190} INFO - [2024-10-08T18:19:17.521+0900] {dag.py:4180} INFO - Setting next_dagrun for example_time_delta_sensor_async to None, run_after=None
[2024-10-08T18:19:17.541+0900] {processor.py:208} INFO - Processing /Users/alookso/1007MLpj/myenv/lib/python3.10/site-packages/airflow/example_dags/example_time_delta_sensor_async.py took 0.852 seconds
[2024-10-08T18:33:02.076+0900] {processor.py:186} INFO - Started process (PID=28698) to work on /Users/alookso/1007MLpj/myenv/lib/python3.10/site-packages/airflow/example_dags/example_time_delta_sensor_async.py
[2024-10-08T18:33:02.077+0900] {processor.py:914} INFO - Processing file /Users/alookso/1007MLpj/myenv/lib/python3.10/site-packages/airflow/example_dags/example_time_delta_sensor_async.py for tasks to queue
[2024-10-08T18:33:02.078+0900] {logging_mixin.py:190} INFO - [2024-10-08T18:33:02.077+0900] {dagbag.py:588} INFO - Filling up the DagBag from /Users/alookso/1007MLpj/myenv/lib/python3.10/site-packages/airflow/example_dags/example_time_delta_sensor_async.py
[2024-10-08T18:33:02.086+0900] {processor.py:925} INFO - DAG(s) 'example_time_delta_sensor_async' retrieved from /Users/alookso/1007MLpj/myenv/lib/python3.10/site-packages/airflow/example_dags/example_time_delta_sensor_async.py
[2024-10-08T18:33:02.917+0900] {logging_mixin.py:190} INFO - [2024-10-08T18:33:02.916+0900] {dag.py:3239} INFO - Sync 1 DAGs
[2024-10-08T18:33:02.930+0900] {logging_mixin.py:190} INFO - [2024-10-08T18:33:02.929+0900] {dag.py:4180} INFO - Setting next_dagrun for example_time_delta_sensor_async to None, run_after=None
[2024-10-08T18:33:02.949+0900] {processor.py:208} INFO - Processing /Users/alookso/1007MLpj/myenv/lib/python3.10/site-packages/airflow/example_dags/example_time_delta_sensor_async.py took 0.877 seconds
[2024-10-08T18:46:37.307+0900] {processor.py:186} INFO - Started process (PID=29259) to work on /Users/alookso/1007MLpj/myenv/lib/python3.10/site-packages/airflow/example_dags/example_time_delta_sensor_async.py
[2024-10-08T18:46:37.307+0900] {processor.py:914} INFO - Processing file /Users/alookso/1007MLpj/myenv/lib/python3.10/site-packages/airflow/example_dags/example_time_delta_sensor_async.py for tasks to queue
[2024-10-08T18:46:37.308+0900] {logging_mixin.py:190} INFO - [2024-10-08T18:46:37.308+0900] {dagbag.py:588} INFO - Filling up the DagBag from /Users/alookso/1007MLpj/myenv/lib/python3.10/site-packages/airflow/example_dags/example_time_delta_sensor_async.py
[2024-10-08T18:46:37.317+0900] {processor.py:925} INFO - DAG(s) 'example_time_delta_sensor_async' retrieved from /Users/alookso/1007MLpj/myenv/lib/python3.10/site-packages/airflow/example_dags/example_time_delta_sensor_async.py
[2024-10-08T18:46:38.143+0900] {logging_mixin.py:190} INFO - [2024-10-08T18:46:38.142+0900] {dag.py:3239} INFO - Sync 1 DAGs
[2024-10-08T18:46:38.155+0900] {logging_mixin.py:190} INFO - [2024-10-08T18:46:38.155+0900] {dag.py:4180} INFO - Setting next_dagrun for example_time_delta_sensor_async to None, run_after=None
[2024-10-08T18:46:38.175+0900] {processor.py:208} INFO - Processing /Users/alookso/1007MLpj/myenv/lib/python3.10/site-packages/airflow/example_dags/example_time_delta_sensor_async.py took 0.873 seconds
