[2024-10-08T14:46:15.977+0900] {processor.py:186} INFO - Started process (PID=22301) to work on /Users/alookso/1007MLpj/myenv/lib/python3.10/site-packages/airflow/example_dags/example_branch_operator_decorator.py
[2024-10-08T14:46:15.977+0900] {processor.py:914} INFO - Processing file /Users/alookso/1007MLpj/myenv/lib/python3.10/site-packages/airflow/example_dags/example_branch_operator_decorator.py for tasks to queue
[2024-10-08T14:46:15.978+0900] {logging_mixin.py:190} INFO - [2024-10-08T14:46:15.978+0900] {dagbag.py:588} INFO - Filling up the DagBag from /Users/alookso/1007MLpj/myenv/lib/python3.10/site-packages/airflow/example_dags/example_branch_operator_decorator.py
[2024-10-08T14:46:16.003+0900] {processor.py:927} WARNING - No viable dags retrieved from /Users/alookso/1007MLpj/myenv/lib/python3.10/site-packages/airflow/example_dags/example_branch_operator_decorator.py
[2024-10-08T14:46:16.123+0900] {processor.py:208} INFO - Processing /Users/alookso/1007MLpj/myenv/lib/python3.10/site-packages/airflow/example_dags/example_branch_operator_decorator.py took 0.151 seconds
[2024-10-08T14:52:33.076+0900] {processor.py:186} INFO - Started process (PID=22476) to work on /Users/alookso/1007MLpj/myenv/lib/python3.10/site-packages/airflow/example_dags/example_branch_operator_decorator.py
[2024-10-08T14:52:33.077+0900] {processor.py:914} INFO - Processing file /Users/alookso/1007MLpj/myenv/lib/python3.10/site-packages/airflow/example_dags/example_branch_operator_decorator.py for tasks to queue
[2024-10-08T14:52:33.078+0900] {logging_mixin.py:190} INFO - [2024-10-08T14:52:33.077+0900] {dagbag.py:588} INFO - Filling up the DagBag from /Users/alookso/1007MLpj/myenv/lib/python3.10/site-packages/airflow/example_dags/example_branch_operator_decorator.py
[2024-10-08T14:52:33.101+0900] {processor.py:927} WARNING - No viable dags retrieved from /Users/alookso/1007MLpj/myenv/lib/python3.10/site-packages/airflow/example_dags/example_branch_operator_decorator.py
[2024-10-08T14:52:33.218+0900] {processor.py:208} INFO - Processing /Users/alookso/1007MLpj/myenv/lib/python3.10/site-packages/airflow/example_dags/example_branch_operator_decorator.py took 0.146 seconds
[2024-10-08T14:58:45.904+0900] {processor.py:186} INFO - Started process (PID=22705) to work on /Users/alookso/1007MLpj/myenv/lib/python3.10/site-packages/airflow/example_dags/example_branch_operator_decorator.py
[2024-10-08T14:58:45.904+0900] {processor.py:914} INFO - Processing file /Users/alookso/1007MLpj/myenv/lib/python3.10/site-packages/airflow/example_dags/example_branch_operator_decorator.py for tasks to queue
[2024-10-08T14:58:45.905+0900] {logging_mixin.py:190} INFO - [2024-10-08T14:58:45.905+0900] {dagbag.py:588} INFO - Filling up the DagBag from /Users/alookso/1007MLpj/myenv/lib/python3.10/site-packages/airflow/example_dags/example_branch_operator_decorator.py
[2024-10-08T14:58:45.929+0900] {processor.py:927} WARNING - No viable dags retrieved from /Users/alookso/1007MLpj/myenv/lib/python3.10/site-packages/airflow/example_dags/example_branch_operator_decorator.py
[2024-10-08T14:58:46.046+0900] {processor.py:208} INFO - Processing /Users/alookso/1007MLpj/myenv/lib/python3.10/site-packages/airflow/example_dags/example_branch_operator_decorator.py took 0.147 seconds
[2024-10-08T15:05:04.175+0900] {processor.py:186} INFO - Started process (PID=22889) to work on /Users/alookso/1007MLpj/myenv/lib/python3.10/site-packages/airflow/example_dags/example_branch_operator_decorator.py
[2024-10-08T15:05:04.175+0900] {processor.py:914} INFO - Processing file /Users/alookso/1007MLpj/myenv/lib/python3.10/site-packages/airflow/example_dags/example_branch_operator_decorator.py for tasks to queue
[2024-10-08T15:05:04.176+0900] {logging_mixin.py:190} INFO - [2024-10-08T15:05:04.176+0900] {dagbag.py:588} INFO - Filling up the DagBag from /Users/alookso/1007MLpj/myenv/lib/python3.10/site-packages/airflow/example_dags/example_branch_operator_decorator.py
[2024-10-08T15:05:04.199+0900] {processor.py:927} WARNING - No viable dags retrieved from /Users/alookso/1007MLpj/myenv/lib/python3.10/site-packages/airflow/example_dags/example_branch_operator_decorator.py
[2024-10-08T15:05:04.316+0900] {processor.py:208} INFO - Processing /Users/alookso/1007MLpj/myenv/lib/python3.10/site-packages/airflow/example_dags/example_branch_operator_decorator.py took 0.146 seconds
[2024-10-08T15:11:12.860+0900] {processor.py:186} INFO - Started process (PID=23110) to work on /Users/alookso/1007MLpj/myenv/lib/python3.10/site-packages/airflow/example_dags/example_branch_operator_decorator.py
[2024-10-08T15:11:12.860+0900] {processor.py:914} INFO - Processing file /Users/alookso/1007MLpj/myenv/lib/python3.10/site-packages/airflow/example_dags/example_branch_operator_decorator.py for tasks to queue
[2024-10-08T15:11:12.861+0900] {logging_mixin.py:190} INFO - [2024-10-08T15:11:12.861+0900] {dagbag.py:588} INFO - Filling up the DagBag from /Users/alookso/1007MLpj/myenv/lib/python3.10/site-packages/airflow/example_dags/example_branch_operator_decorator.py
[2024-10-08T15:11:12.884+0900] {processor.py:927} WARNING - No viable dags retrieved from /Users/alookso/1007MLpj/myenv/lib/python3.10/site-packages/airflow/example_dags/example_branch_operator_decorator.py
[2024-10-08T15:11:12.999+0900] {processor.py:208} INFO - Processing /Users/alookso/1007MLpj/myenv/lib/python3.10/site-packages/airflow/example_dags/example_branch_operator_decorator.py took 0.144 seconds
[2024-10-08T15:17:13.275+0900] {processor.py:186} INFO - Started process (PID=23279) to work on /Users/alookso/1007MLpj/myenv/lib/python3.10/site-packages/airflow/example_dags/example_branch_operator_decorator.py
[2024-10-08T15:17:13.275+0900] {processor.py:914} INFO - Processing file /Users/alookso/1007MLpj/myenv/lib/python3.10/site-packages/airflow/example_dags/example_branch_operator_decorator.py for tasks to queue
[2024-10-08T15:17:13.276+0900] {logging_mixin.py:190} INFO - [2024-10-08T15:17:13.276+0900] {dagbag.py:588} INFO - Filling up the DagBag from /Users/alookso/1007MLpj/myenv/lib/python3.10/site-packages/airflow/example_dags/example_branch_operator_decorator.py
[2024-10-08T15:17:13.299+0900] {processor.py:927} WARNING - No viable dags retrieved from /Users/alookso/1007MLpj/myenv/lib/python3.10/site-packages/airflow/example_dags/example_branch_operator_decorator.py
[2024-10-08T15:17:13.415+0900] {processor.py:208} INFO - Processing /Users/alookso/1007MLpj/myenv/lib/python3.10/site-packages/airflow/example_dags/example_branch_operator_decorator.py took 0.146 seconds
[2024-10-08T15:23:29.446+0900] {processor.py:186} INFO - Started process (PID=23474) to work on /Users/alookso/1007MLpj/myenv/lib/python3.10/site-packages/airflow/example_dags/example_branch_operator_decorator.py
[2024-10-08T15:23:29.447+0900] {processor.py:914} INFO - Processing file /Users/alookso/1007MLpj/myenv/lib/python3.10/site-packages/airflow/example_dags/example_branch_operator_decorator.py for tasks to queue
[2024-10-08T15:23:29.448+0900] {logging_mixin.py:190} INFO - [2024-10-08T15:23:29.448+0900] {dagbag.py:588} INFO - Filling up the DagBag from /Users/alookso/1007MLpj/myenv/lib/python3.10/site-packages/airflow/example_dags/example_branch_operator_decorator.py
[2024-10-08T15:23:29.471+0900] {processor.py:927} WARNING - No viable dags retrieved from /Users/alookso/1007MLpj/myenv/lib/python3.10/site-packages/airflow/example_dags/example_branch_operator_decorator.py
[2024-10-08T15:23:29.589+0900] {processor.py:208} INFO - Processing /Users/alookso/1007MLpj/myenv/lib/python3.10/site-packages/airflow/example_dags/example_branch_operator_decorator.py took 0.148 seconds
[2024-10-08T15:29:33.524+0900] {processor.py:186} INFO - Started process (PID=23671) to work on /Users/alookso/1007MLpj/myenv/lib/python3.10/site-packages/airflow/example_dags/example_branch_operator_decorator.py
[2024-10-08T15:29:33.525+0900] {processor.py:914} INFO - Processing file /Users/alookso/1007MLpj/myenv/lib/python3.10/site-packages/airflow/example_dags/example_branch_operator_decorator.py for tasks to queue
[2024-10-08T15:29:33.526+0900] {logging_mixin.py:190} INFO - [2024-10-08T15:29:33.526+0900] {dagbag.py:588} INFO - Filling up the DagBag from /Users/alookso/1007MLpj/myenv/lib/python3.10/site-packages/airflow/example_dags/example_branch_operator_decorator.py
[2024-10-08T15:29:33.549+0900] {processor.py:927} WARNING - No viable dags retrieved from /Users/alookso/1007MLpj/myenv/lib/python3.10/site-packages/airflow/example_dags/example_branch_operator_decorator.py
[2024-10-08T15:29:33.667+0900] {processor.py:208} INFO - Processing /Users/alookso/1007MLpj/myenv/lib/python3.10/site-packages/airflow/example_dags/example_branch_operator_decorator.py took 0.147 seconds
[2024-10-08T16:38:30.122+0900] {processor.py:186} INFO - Started process (PID=25088) to work on /Users/alookso/1007MLpj/myenv/lib/python3.10/site-packages/airflow/example_dags/example_branch_operator_decorator.py
[2024-10-08T16:38:30.123+0900] {processor.py:914} INFO - Processing file /Users/alookso/1007MLpj/myenv/lib/python3.10/site-packages/airflow/example_dags/example_branch_operator_decorator.py for tasks to queue
[2024-10-08T16:38:30.124+0900] {logging_mixin.py:190} INFO - [2024-10-08T16:38:30.124+0900] {dagbag.py:588} INFO - Filling up the DagBag from /Users/alookso/1007MLpj/myenv/lib/python3.10/site-packages/airflow/example_dags/example_branch_operator_decorator.py
[2024-10-08T16:38:30.146+0900] {processor.py:927} WARNING - No viable dags retrieved from /Users/alookso/1007MLpj/myenv/lib/python3.10/site-packages/airflow/example_dags/example_branch_operator_decorator.py
[2024-10-08T16:38:30.264+0900] {processor.py:208} INFO - Processing /Users/alookso/1007MLpj/myenv/lib/python3.10/site-packages/airflow/example_dags/example_branch_operator_decorator.py took 0.146 seconds
[2024-10-08T17:30:08.895+0900] {processor.py:186} INFO - Started process (PID=26471) to work on /Users/alookso/1007MLpj/myenv/lib/python3.10/site-packages/airflow/example_dags/example_branch_operator_decorator.py
[2024-10-08T17:30:08.896+0900] {processor.py:914} INFO - Processing file /Users/alookso/1007MLpj/myenv/lib/python3.10/site-packages/airflow/example_dags/example_branch_operator_decorator.py for tasks to queue
[2024-10-08T17:30:08.897+0900] {logging_mixin.py:190} INFO - [2024-10-08T17:30:08.897+0900] {dagbag.py:588} INFO - Filling up the DagBag from /Users/alookso/1007MLpj/myenv/lib/python3.10/site-packages/airflow/example_dags/example_branch_operator_decorator.py
[2024-10-08T17:30:08.919+0900] {processor.py:927} WARNING - No viable dags retrieved from /Users/alookso/1007MLpj/myenv/lib/python3.10/site-packages/airflow/example_dags/example_branch_operator_decorator.py
[2024-10-08T17:30:09.043+0900] {processor.py:208} INFO - Processing /Users/alookso/1007MLpj/myenv/lib/python3.10/site-packages/airflow/example_dags/example_branch_operator_decorator.py took 0.152 seconds
[2024-10-08T17:57:13.274+0900] {processor.py:186} INFO - Started process (PID=27374) to work on /Users/alookso/1007MLpj/myenv/lib/python3.10/site-packages/airflow/example_dags/example_branch_operator_decorator.py
[2024-10-08T17:57:13.275+0900] {processor.py:914} INFO - Processing file /Users/alookso/1007MLpj/myenv/lib/python3.10/site-packages/airflow/example_dags/example_branch_operator_decorator.py for tasks to queue
[2024-10-08T17:57:13.275+0900] {logging_mixin.py:190} INFO - [2024-10-08T17:57:13.275+0900] {dagbag.py:588} INFO - Filling up the DagBag from /Users/alookso/1007MLpj/myenv/lib/python3.10/site-packages/airflow/example_dags/example_branch_operator_decorator.py
[2024-10-08T17:57:13.298+0900] {processor.py:927} WARNING - No viable dags retrieved from /Users/alookso/1007MLpj/myenv/lib/python3.10/site-packages/airflow/example_dags/example_branch_operator_decorator.py
[2024-10-08T17:57:13.413+0900] {processor.py:208} INFO - Processing /Users/alookso/1007MLpj/myenv/lib/python3.10/site-packages/airflow/example_dags/example_branch_operator_decorator.py took 0.143 seconds
[2024-10-08T18:02:03.282+0900] {processor.py:186} INFO - Started process (PID=27597) to work on /Users/alookso/1007MLpj/myenv/lib/python3.10/site-packages/airflow/example_dags/example_branch_operator_decorator.py
[2024-10-08T18:02:03.283+0900] {processor.py:914} INFO - Processing file /Users/alookso/1007MLpj/myenv/lib/python3.10/site-packages/airflow/example_dags/example_branch_operator_decorator.py for tasks to queue
[2024-10-08T18:02:03.284+0900] {logging_mixin.py:190} INFO - [2024-10-08T18:02:03.284+0900] {dagbag.py:588} INFO - Filling up the DagBag from /Users/alookso/1007MLpj/myenv/lib/python3.10/site-packages/airflow/example_dags/example_branch_operator_decorator.py
[2024-10-08T18:02:03.308+0900] {processor.py:927} WARNING - No viable dags retrieved from /Users/alookso/1007MLpj/myenv/lib/python3.10/site-packages/airflow/example_dags/example_branch_operator_decorator.py
[2024-10-08T18:02:03.428+0900] {processor.py:208} INFO - Processing /Users/alookso/1007MLpj/myenv/lib/python3.10/site-packages/airflow/example_dags/example_branch_operator_decorator.py took 0.151 seconds
[2024-10-08T18:08:11.001+0900] {processor.py:186} INFO - Started process (PID=27806) to work on /Users/alookso/1007MLpj/myenv/lib/python3.10/site-packages/airflow/example_dags/example_branch_operator_decorator.py
[2024-10-08T18:08:11.002+0900] {processor.py:914} INFO - Processing file /Users/alookso/1007MLpj/myenv/lib/python3.10/site-packages/airflow/example_dags/example_branch_operator_decorator.py for tasks to queue
[2024-10-08T18:08:11.003+0900] {logging_mixin.py:190} INFO - [2024-10-08T18:08:11.003+0900] {dagbag.py:588} INFO - Filling up the DagBag from /Users/alookso/1007MLpj/myenv/lib/python3.10/site-packages/airflow/example_dags/example_branch_operator_decorator.py
[2024-10-08T18:08:11.026+0900] {processor.py:927} WARNING - No viable dags retrieved from /Users/alookso/1007MLpj/myenv/lib/python3.10/site-packages/airflow/example_dags/example_branch_operator_decorator.py
[2024-10-08T18:08:11.144+0900] {processor.py:208} INFO - Processing /Users/alookso/1007MLpj/myenv/lib/python3.10/site-packages/airflow/example_dags/example_branch_operator_decorator.py took 0.149 seconds
[2024-10-08T18:14:30.827+0900] {processor.py:186} INFO - Started process (PID=28009) to work on /Users/alookso/1007MLpj/myenv/lib/python3.10/site-packages/airflow/example_dags/example_branch_operator_decorator.py
[2024-10-08T18:14:30.828+0900] {processor.py:914} INFO - Processing file /Users/alookso/1007MLpj/myenv/lib/python3.10/site-packages/airflow/example_dags/example_branch_operator_decorator.py for tasks to queue
[2024-10-08T18:14:30.829+0900] {logging_mixin.py:190} INFO - [2024-10-08T18:14:30.829+0900] {dagbag.py:588} INFO - Filling up the DagBag from /Users/alookso/1007MLpj/myenv/lib/python3.10/site-packages/airflow/example_dags/example_branch_operator_decorator.py
[2024-10-08T18:14:30.856+0900] {processor.py:927} WARNING - No viable dags retrieved from /Users/alookso/1007MLpj/myenv/lib/python3.10/site-packages/airflow/example_dags/example_branch_operator_decorator.py
[2024-10-08T18:14:30.970+0900] {processor.py:208} INFO - Processing /Users/alookso/1007MLpj/myenv/lib/python3.10/site-packages/airflow/example_dags/example_branch_operator_decorator.py took 0.152 seconds
[2024-10-08T18:48:39.007+0900] {processor.py:186} INFO - Started process (PID=29308) to work on /Users/alookso/1007MLpj/myenv/lib/python3.10/site-packages/airflow/example_dags/example_branch_operator_decorator.py
[2024-10-08T18:48:39.008+0900] {processor.py:914} INFO - Processing file /Users/alookso/1007MLpj/myenv/lib/python3.10/site-packages/airflow/example_dags/example_branch_operator_decorator.py for tasks to queue
[2024-10-08T18:48:39.009+0900] {logging_mixin.py:190} INFO - [2024-10-08T18:48:39.008+0900] {dagbag.py:588} INFO - Filling up the DagBag from /Users/alookso/1007MLpj/myenv/lib/python3.10/site-packages/airflow/example_dags/example_branch_operator_decorator.py
[2024-10-08T18:48:39.031+0900] {processor.py:927} WARNING - No viable dags retrieved from /Users/alookso/1007MLpj/myenv/lib/python3.10/site-packages/airflow/example_dags/example_branch_operator_decorator.py
[2024-10-08T18:48:39.146+0900] {processor.py:208} INFO - Processing /Users/alookso/1007MLpj/myenv/lib/python3.10/site-packages/airflow/example_dags/example_branch_operator_decorator.py took 0.144 seconds
