[2024-10-08T14:45:12.188+0900] {processor.py:186} INFO - Started process (PID=22278) to work on /Users/alookso/1007MLpj/myenv/lib/python3.10/site-packages/airflow/example_dags/example_nested_branch_dag.py
[2024-10-08T14:45:12.189+0900] {processor.py:914} INFO - Processing file /Users/alookso/1007MLpj/myenv/lib/python3.10/site-packages/airflow/example_dags/example_nested_branch_dag.py for tasks to queue
[2024-10-08T14:45:12.190+0900] {logging_mixin.py:190} INFO - [2024-10-08T14:45:12.190+0900] {dagbag.py:588} INFO - Filling up the DagBag from /Users/alookso/1007MLpj/myenv/lib/python3.10/site-packages/airflow/example_dags/example_nested_branch_dag.py
[2024-10-08T14:45:12.236+0900] {processor.py:925} INFO - DAG(s) 'example_nested_branch_dag' retrieved from /Users/alookso/1007MLpj/myenv/lib/python3.10/site-packages/airflow/example_dags/example_nested_branch_dag.py
[2024-10-08T14:45:12.474+0900] {logging_mixin.py:190} INFO - [2024-10-08T14:45:12.474+0900] {override.py:1901} INFO - Created Permission View: can delete on DAG:example_nested_branch_dag
[2024-10-08T14:45:12.484+0900] {logging_mixin.py:190} INFO - [2024-10-08T14:45:12.484+0900] {override.py:1901} INFO - Created Permission View: can read on DAG:example_nested_branch_dag
[2024-10-08T14:45:12.492+0900] {logging_mixin.py:190} INFO - [2024-10-08T14:45:12.491+0900] {override.py:1901} INFO - Created Permission View: can edit on DAG:example_nested_branch_dag
[2024-10-08T14:45:12.502+0900] {logging_mixin.py:190} INFO - [2024-10-08T14:45:12.502+0900] {override.py:1901} INFO - Created Permission View: can create on DAG Run:example_nested_branch_dag
[2024-10-08T14:45:12.510+0900] {logging_mixin.py:190} INFO - [2024-10-08T14:45:12.509+0900] {override.py:1901} INFO - Created Permission View: can delete on DAG Run:example_nested_branch_dag
[2024-10-08T14:45:12.517+0900] {logging_mixin.py:190} INFO - [2024-10-08T14:45:12.517+0900] {override.py:1901} INFO - Created Permission View: can read on DAG Run:example_nested_branch_dag
[2024-10-08T14:45:12.524+0900] {logging_mixin.py:190} INFO - [2024-10-08T14:45:12.524+0900] {override.py:1901} INFO - Created Permission View: menu access on DAG Run:example_nested_branch_dag
[2024-10-08T14:45:12.525+0900] {logging_mixin.py:190} INFO - [2024-10-08T14:45:12.524+0900] {dag.py:3239} INFO - Sync 1 DAGs
[2024-10-08T14:45:12.539+0900] {logging_mixin.py:190} INFO - [2024-10-08T14:45:12.538+0900] {dag.py:3262} INFO - Creating ORM DAG for example_nested_branch_dag
[2024-10-08T14:45:12.549+0900] {logging_mixin.py:190} INFO - [2024-10-08T14:45:12.549+0900] {dag.py:4180} INFO - Setting next_dagrun for example_nested_branch_dag to 2024-10-07T00:00:00+00:00, run_after=2024-10-08T00:00:00+00:00
[2024-10-08T14:45:12.568+0900] {processor.py:208} INFO - Processing /Users/alookso/1007MLpj/myenv/lib/python3.10/site-packages/airflow/example_dags/example_nested_branch_dag.py took 0.385 seconds
[2024-10-08T14:48:54.666+0900] {processor.py:186} INFO - Started process (PID=22370) to work on /Users/alookso/1007MLpj/myenv/lib/python3.10/site-packages/airflow/example_dags/example_nested_branch_dag.py
[2024-10-08T14:48:54.667+0900] {processor.py:914} INFO - Processing file /Users/alookso/1007MLpj/myenv/lib/python3.10/site-packages/airflow/example_dags/example_nested_branch_dag.py for tasks to queue
[2024-10-08T14:48:54.668+0900] {logging_mixin.py:190} INFO - [2024-10-08T14:48:54.668+0900] {dagbag.py:588} INFO - Filling up the DagBag from /Users/alookso/1007MLpj/myenv/lib/python3.10/site-packages/airflow/example_dags/example_nested_branch_dag.py
[2024-10-08T14:48:54.717+0900] {processor.py:925} INFO - DAG(s) 'example_nested_branch_dag' retrieved from /Users/alookso/1007MLpj/myenv/lib/python3.10/site-packages/airflow/example_dags/example_nested_branch_dag.py
[2024-10-08T14:48:54.851+0900] {logging_mixin.py:190} INFO - [2024-10-08T14:48:54.850+0900] {dag.py:3239} INFO - Sync 1 DAGs
[2024-10-08T14:48:54.873+0900] {logging_mixin.py:190} INFO - [2024-10-08T14:48:54.872+0900] {dag.py:4180} INFO - Setting next_dagrun for example_nested_branch_dag to 2024-10-07T00:00:00+00:00, run_after=2024-10-08T00:00:00+00:00
[2024-10-08T14:48:54.894+0900] {processor.py:208} INFO - Processing /Users/alookso/1007MLpj/myenv/lib/python3.10/site-packages/airflow/example_dags/example_nested_branch_dag.py took 0.233 seconds
[2024-10-08T14:52:03.393+0900] {processor.py:186} INFO - Started process (PID=22465) to work on /Users/alookso/1007MLpj/myenv/lib/python3.10/site-packages/airflow/example_dags/example_nested_branch_dag.py
[2024-10-08T14:52:03.393+0900] {processor.py:914} INFO - Processing file /Users/alookso/1007MLpj/myenv/lib/python3.10/site-packages/airflow/example_dags/example_nested_branch_dag.py for tasks to queue
[2024-10-08T14:52:03.394+0900] {logging_mixin.py:190} INFO - [2024-10-08T14:52:03.394+0900] {dagbag.py:588} INFO - Filling up the DagBag from /Users/alookso/1007MLpj/myenv/lib/python3.10/site-packages/airflow/example_dags/example_nested_branch_dag.py
[2024-10-08T14:52:03.442+0900] {processor.py:925} INFO - DAG(s) 'example_nested_branch_dag' retrieved from /Users/alookso/1007MLpj/myenv/lib/python3.10/site-packages/airflow/example_dags/example_nested_branch_dag.py
[2024-10-08T14:52:03.581+0900] {logging_mixin.py:190} INFO - [2024-10-08T14:52:03.581+0900] {dag.py:3239} INFO - Sync 1 DAGs
[2024-10-08T14:52:03.604+0900] {logging_mixin.py:190} INFO - [2024-10-08T14:52:03.603+0900] {dag.py:4180} INFO - Setting next_dagrun for example_nested_branch_dag to 2024-10-07T00:00:00+00:00, run_after=2024-10-08T00:00:00+00:00
[2024-10-08T14:52:03.625+0900] {processor.py:208} INFO - Processing /Users/alookso/1007MLpj/myenv/lib/python3.10/site-packages/airflow/example_dags/example_nested_branch_dag.py took 0.237 seconds
[2024-10-08T14:55:09.257+0900] {processor.py:186} INFO - Started process (PID=22590) to work on /Users/alookso/1007MLpj/myenv/lib/python3.10/site-packages/airflow/example_dags/example_nested_branch_dag.py
[2024-10-08T14:55:09.258+0900] {processor.py:914} INFO - Processing file /Users/alookso/1007MLpj/myenv/lib/python3.10/site-packages/airflow/example_dags/example_nested_branch_dag.py for tasks to queue
[2024-10-08T14:55:09.259+0900] {logging_mixin.py:190} INFO - [2024-10-08T14:55:09.258+0900] {dagbag.py:588} INFO - Filling up the DagBag from /Users/alookso/1007MLpj/myenv/lib/python3.10/site-packages/airflow/example_dags/example_nested_branch_dag.py
[2024-10-08T14:55:09.304+0900] {processor.py:925} INFO - DAG(s) 'example_nested_branch_dag' retrieved from /Users/alookso/1007MLpj/myenv/lib/python3.10/site-packages/airflow/example_dags/example_nested_branch_dag.py
[2024-10-08T14:55:09.436+0900] {logging_mixin.py:190} INFO - [2024-10-08T14:55:09.435+0900] {dag.py:3239} INFO - Sync 1 DAGs
[2024-10-08T14:55:09.457+0900] {logging_mixin.py:190} INFO - [2024-10-08T14:55:09.457+0900] {dag.py:4180} INFO - Setting next_dagrun for example_nested_branch_dag to 2024-10-07T00:00:00+00:00, run_after=2024-10-08T00:00:00+00:00
[2024-10-08T14:55:09.478+0900] {processor.py:208} INFO - Processing /Users/alookso/1007MLpj/myenv/lib/python3.10/site-packages/airflow/example_dags/example_nested_branch_dag.py took 0.226 seconds
[2024-10-08T14:58:15.948+0900] {processor.py:186} INFO - Started process (PID=22688) to work on /Users/alookso/1007MLpj/myenv/lib/python3.10/site-packages/airflow/example_dags/example_nested_branch_dag.py
[2024-10-08T14:58:15.949+0900] {processor.py:914} INFO - Processing file /Users/alookso/1007MLpj/myenv/lib/python3.10/site-packages/airflow/example_dags/example_nested_branch_dag.py for tasks to queue
[2024-10-08T14:58:15.949+0900] {logging_mixin.py:190} INFO - [2024-10-08T14:58:15.949+0900] {dagbag.py:588} INFO - Filling up the DagBag from /Users/alookso/1007MLpj/myenv/lib/python3.10/site-packages/airflow/example_dags/example_nested_branch_dag.py
[2024-10-08T14:58:15.996+0900] {processor.py:925} INFO - DAG(s) 'example_nested_branch_dag' retrieved from /Users/alookso/1007MLpj/myenv/lib/python3.10/site-packages/airflow/example_dags/example_nested_branch_dag.py
[2024-10-08T14:58:16.133+0900] {logging_mixin.py:190} INFO - [2024-10-08T14:58:16.132+0900] {dag.py:3239} INFO - Sync 1 DAGs
[2024-10-08T14:58:16.154+0900] {logging_mixin.py:190} INFO - [2024-10-08T14:58:16.153+0900] {dag.py:4180} INFO - Setting next_dagrun for example_nested_branch_dag to 2024-10-07T00:00:00+00:00, run_after=2024-10-08T00:00:00+00:00
[2024-10-08T14:58:16.175+0900] {processor.py:208} INFO - Processing /Users/alookso/1007MLpj/myenv/lib/python3.10/site-packages/airflow/example_dags/example_nested_branch_dag.py took 0.231 seconds
[2024-10-08T15:01:28.683+0900] {processor.py:186} INFO - Started process (PID=22794) to work on /Users/alookso/1007MLpj/myenv/lib/python3.10/site-packages/airflow/example_dags/example_nested_branch_dag.py
[2024-10-08T15:01:28.684+0900] {processor.py:914} INFO - Processing file /Users/alookso/1007MLpj/myenv/lib/python3.10/site-packages/airflow/example_dags/example_nested_branch_dag.py for tasks to queue
[2024-10-08T15:01:28.685+0900] {logging_mixin.py:190} INFO - [2024-10-08T15:01:28.685+0900] {dagbag.py:588} INFO - Filling up the DagBag from /Users/alookso/1007MLpj/myenv/lib/python3.10/site-packages/airflow/example_dags/example_nested_branch_dag.py
[2024-10-08T15:01:28.730+0900] {processor.py:925} INFO - DAG(s) 'example_nested_branch_dag' retrieved from /Users/alookso/1007MLpj/myenv/lib/python3.10/site-packages/airflow/example_dags/example_nested_branch_dag.py
[2024-10-08T15:01:28.866+0900] {logging_mixin.py:190} INFO - [2024-10-08T15:01:28.865+0900] {dag.py:3239} INFO - Sync 1 DAGs
[2024-10-08T15:01:28.888+0900] {logging_mixin.py:190} INFO - [2024-10-08T15:01:28.888+0900] {dag.py:4180} INFO - Setting next_dagrun for example_nested_branch_dag to 2024-10-07T00:00:00+00:00, run_after=2024-10-08T00:00:00+00:00
[2024-10-08T15:01:28.909+0900] {processor.py:208} INFO - Processing /Users/alookso/1007MLpj/myenv/lib/python3.10/site-packages/airflow/example_dags/example_nested_branch_dag.py took 0.230 seconds
[2024-10-08T15:04:34.269+0900] {processor.py:186} INFO - Started process (PID=22875) to work on /Users/alookso/1007MLpj/myenv/lib/python3.10/site-packages/airflow/example_dags/example_nested_branch_dag.py
[2024-10-08T15:04:34.270+0900] {processor.py:914} INFO - Processing file /Users/alookso/1007MLpj/myenv/lib/python3.10/site-packages/airflow/example_dags/example_nested_branch_dag.py for tasks to queue
[2024-10-08T15:04:34.271+0900] {logging_mixin.py:190} INFO - [2024-10-08T15:04:34.270+0900] {dagbag.py:588} INFO - Filling up the DagBag from /Users/alookso/1007MLpj/myenv/lib/python3.10/site-packages/airflow/example_dags/example_nested_branch_dag.py
[2024-10-08T15:04:34.316+0900] {processor.py:925} INFO - DAG(s) 'example_nested_branch_dag' retrieved from /Users/alookso/1007MLpj/myenv/lib/python3.10/site-packages/airflow/example_dags/example_nested_branch_dag.py
[2024-10-08T15:04:34.447+0900] {logging_mixin.py:190} INFO - [2024-10-08T15:04:34.447+0900] {dag.py:3239} INFO - Sync 1 DAGs
[2024-10-08T15:04:34.469+0900] {logging_mixin.py:190} INFO - [2024-10-08T15:04:34.469+0900] {dag.py:4180} INFO - Setting next_dagrun for example_nested_branch_dag to 2024-10-07T00:00:00+00:00, run_after=2024-10-08T00:00:00+00:00
[2024-10-08T15:04:34.490+0900] {processor.py:208} INFO - Processing /Users/alookso/1007MLpj/myenv/lib/python3.10/site-packages/airflow/example_dags/example_nested_branch_dag.py took 0.226 seconds
[2024-10-08T15:07:40.369+0900] {processor.py:186} INFO - Started process (PID=22974) to work on /Users/alookso/1007MLpj/myenv/lib/python3.10/site-packages/airflow/example_dags/example_nested_branch_dag.py
[2024-10-08T15:07:40.370+0900] {processor.py:914} INFO - Processing file /Users/alookso/1007MLpj/myenv/lib/python3.10/site-packages/airflow/example_dags/example_nested_branch_dag.py for tasks to queue
[2024-10-08T15:07:40.370+0900] {logging_mixin.py:190} INFO - [2024-10-08T15:07:40.370+0900] {dagbag.py:588} INFO - Filling up the DagBag from /Users/alookso/1007MLpj/myenv/lib/python3.10/site-packages/airflow/example_dags/example_nested_branch_dag.py
[2024-10-08T15:07:40.416+0900] {processor.py:925} INFO - DAG(s) 'example_nested_branch_dag' retrieved from /Users/alookso/1007MLpj/myenv/lib/python3.10/site-packages/airflow/example_dags/example_nested_branch_dag.py
[2024-10-08T15:07:40.549+0900] {logging_mixin.py:190} INFO - [2024-10-08T15:07:40.549+0900] {dag.py:3239} INFO - Sync 1 DAGs
[2024-10-08T15:07:40.572+0900] {logging_mixin.py:190} INFO - [2024-10-08T15:07:40.572+0900] {dag.py:4180} INFO - Setting next_dagrun for example_nested_branch_dag to 2024-10-07T00:00:00+00:00, run_after=2024-10-08T00:00:00+00:00
[2024-10-08T15:07:40.609+0900] {processor.py:208} INFO - Processing /Users/alookso/1007MLpj/myenv/lib/python3.10/site-packages/airflow/example_dags/example_nested_branch_dag.py took 0.245 seconds
[2024-10-08T15:10:43.803+0900] {processor.py:186} INFO - Started process (PID=23099) to work on /Users/alookso/1007MLpj/myenv/lib/python3.10/site-packages/airflow/example_dags/example_nested_branch_dag.py
[2024-10-08T15:10:43.804+0900] {processor.py:914} INFO - Processing file /Users/alookso/1007MLpj/myenv/lib/python3.10/site-packages/airflow/example_dags/example_nested_branch_dag.py for tasks to queue
[2024-10-08T15:10:43.805+0900] {logging_mixin.py:190} INFO - [2024-10-08T15:10:43.804+0900] {dagbag.py:588} INFO - Filling up the DagBag from /Users/alookso/1007MLpj/myenv/lib/python3.10/site-packages/airflow/example_dags/example_nested_branch_dag.py
[2024-10-08T15:10:43.849+0900] {processor.py:925} INFO - DAG(s) 'example_nested_branch_dag' retrieved from /Users/alookso/1007MLpj/myenv/lib/python3.10/site-packages/airflow/example_dags/example_nested_branch_dag.py
[2024-10-08T15:10:43.977+0900] {logging_mixin.py:190} INFO - [2024-10-08T15:10:43.976+0900] {dag.py:3239} INFO - Sync 1 DAGs
[2024-10-08T15:10:43.998+0900] {logging_mixin.py:190} INFO - [2024-10-08T15:10:43.998+0900] {dag.py:4180} INFO - Setting next_dagrun for example_nested_branch_dag to 2024-10-07T00:00:00+00:00, run_after=2024-10-08T00:00:00+00:00
[2024-10-08T15:10:44.018+0900] {processor.py:208} INFO - Processing /Users/alookso/1007MLpj/myenv/lib/python3.10/site-packages/airflow/example_dags/example_nested_branch_dag.py took 0.219 seconds
[2024-10-08T15:13:43.681+0900] {processor.py:186} INFO - Started process (PID=23176) to work on /Users/alookso/1007MLpj/myenv/lib/python3.10/site-packages/airflow/example_dags/example_nested_branch_dag.py
[2024-10-08T15:13:43.682+0900] {processor.py:914} INFO - Processing file /Users/alookso/1007MLpj/myenv/lib/python3.10/site-packages/airflow/example_dags/example_nested_branch_dag.py for tasks to queue
[2024-10-08T15:13:43.683+0900] {logging_mixin.py:190} INFO - [2024-10-08T15:13:43.682+0900] {dagbag.py:588} INFO - Filling up the DagBag from /Users/alookso/1007MLpj/myenv/lib/python3.10/site-packages/airflow/example_dags/example_nested_branch_dag.py
[2024-10-08T15:13:43.727+0900] {processor.py:925} INFO - DAG(s) 'example_nested_branch_dag' retrieved from /Users/alookso/1007MLpj/myenv/lib/python3.10/site-packages/airflow/example_dags/example_nested_branch_dag.py
[2024-10-08T15:13:43.858+0900] {logging_mixin.py:190} INFO - [2024-10-08T15:13:43.857+0900] {dag.py:3239} INFO - Sync 1 DAGs
[2024-10-08T15:13:43.879+0900] {logging_mixin.py:190} INFO - [2024-10-08T15:13:43.879+0900] {dag.py:4180} INFO - Setting next_dagrun for example_nested_branch_dag to 2024-10-07T00:00:00+00:00, run_after=2024-10-08T00:00:00+00:00
[2024-10-08T15:13:43.901+0900] {processor.py:208} INFO - Processing /Users/alookso/1007MLpj/myenv/lib/python3.10/site-packages/airflow/example_dags/example_nested_branch_dag.py took 0.224 seconds
[2024-10-08T15:16:43.695+0900] {processor.py:186} INFO - Started process (PID=23261) to work on /Users/alookso/1007MLpj/myenv/lib/python3.10/site-packages/airflow/example_dags/example_nested_branch_dag.py
[2024-10-08T15:16:43.696+0900] {processor.py:914} INFO - Processing file /Users/alookso/1007MLpj/myenv/lib/python3.10/site-packages/airflow/example_dags/example_nested_branch_dag.py for tasks to queue
[2024-10-08T15:16:43.697+0900] {logging_mixin.py:190} INFO - [2024-10-08T15:16:43.697+0900] {dagbag.py:588} INFO - Filling up the DagBag from /Users/alookso/1007MLpj/myenv/lib/python3.10/site-packages/airflow/example_dags/example_nested_branch_dag.py
[2024-10-08T15:16:43.741+0900] {processor.py:925} INFO - DAG(s) 'example_nested_branch_dag' retrieved from /Users/alookso/1007MLpj/myenv/lib/python3.10/site-packages/airflow/example_dags/example_nested_branch_dag.py
[2024-10-08T15:16:43.870+0900] {logging_mixin.py:190} INFO - [2024-10-08T15:16:43.870+0900] {dag.py:3239} INFO - Sync 1 DAGs
[2024-10-08T15:16:43.892+0900] {logging_mixin.py:190} INFO - [2024-10-08T15:16:43.892+0900] {dag.py:4180} INFO - Setting next_dagrun for example_nested_branch_dag to 2024-10-07T00:00:00+00:00, run_after=2024-10-08T00:00:00+00:00
[2024-10-08T15:16:43.914+0900] {processor.py:208} INFO - Processing /Users/alookso/1007MLpj/myenv/lib/python3.10/site-packages/airflow/example_dags/example_nested_branch_dag.py took 0.223 seconds
[2024-10-08T15:19:52.948+0900] {processor.py:186} INFO - Started process (PID=23360) to work on /Users/alookso/1007MLpj/myenv/lib/python3.10/site-packages/airflow/example_dags/example_nested_branch_dag.py
[2024-10-08T15:19:52.949+0900] {processor.py:914} INFO - Processing file /Users/alookso/1007MLpj/myenv/lib/python3.10/site-packages/airflow/example_dags/example_nested_branch_dag.py for tasks to queue
[2024-10-08T15:19:52.950+0900] {logging_mixin.py:190} INFO - [2024-10-08T15:19:52.950+0900] {dagbag.py:588} INFO - Filling up the DagBag from /Users/alookso/1007MLpj/myenv/lib/python3.10/site-packages/airflow/example_dags/example_nested_branch_dag.py
[2024-10-08T15:19:52.996+0900] {processor.py:925} INFO - DAG(s) 'example_nested_branch_dag' retrieved from /Users/alookso/1007MLpj/myenv/lib/python3.10/site-packages/airflow/example_dags/example_nested_branch_dag.py
[2024-10-08T15:19:53.132+0900] {logging_mixin.py:190} INFO - [2024-10-08T15:19:53.131+0900] {dag.py:3239} INFO - Sync 1 DAGs
[2024-10-08T15:19:53.153+0900] {logging_mixin.py:190} INFO - [2024-10-08T15:19:53.152+0900] {dag.py:4180} INFO - Setting next_dagrun for example_nested_branch_dag to 2024-10-07T00:00:00+00:00, run_after=2024-10-08T00:00:00+00:00
[2024-10-08T15:19:53.173+0900] {processor.py:208} INFO - Processing /Users/alookso/1007MLpj/myenv/lib/python3.10/site-packages/airflow/example_dags/example_nested_branch_dag.py took 0.230 seconds
[2024-10-08T15:22:59.850+0900] {processor.py:186} INFO - Started process (PID=23454) to work on /Users/alookso/1007MLpj/myenv/lib/python3.10/site-packages/airflow/example_dags/example_nested_branch_dag.py
[2024-10-08T15:22:59.850+0900] {processor.py:914} INFO - Processing file /Users/alookso/1007MLpj/myenv/lib/python3.10/site-packages/airflow/example_dags/example_nested_branch_dag.py for tasks to queue
[2024-10-08T15:22:59.851+0900] {logging_mixin.py:190} INFO - [2024-10-08T15:22:59.851+0900] {dagbag.py:588} INFO - Filling up the DagBag from /Users/alookso/1007MLpj/myenv/lib/python3.10/site-packages/airflow/example_dags/example_nested_branch_dag.py
[2024-10-08T15:22:59.895+0900] {processor.py:925} INFO - DAG(s) 'example_nested_branch_dag' retrieved from /Users/alookso/1007MLpj/myenv/lib/python3.10/site-packages/airflow/example_dags/example_nested_branch_dag.py
[2024-10-08T15:23:00.026+0900] {logging_mixin.py:190} INFO - [2024-10-08T15:23:00.025+0900] {dag.py:3239} INFO - Sync 1 DAGs
[2024-10-08T15:23:00.048+0900] {logging_mixin.py:190} INFO - [2024-10-08T15:23:00.048+0900] {dag.py:4180} INFO - Setting next_dagrun for example_nested_branch_dag to 2024-10-07T00:00:00+00:00, run_after=2024-10-08T00:00:00+00:00
[2024-10-08T15:23:00.068+0900] {processor.py:208} INFO - Processing /Users/alookso/1007MLpj/myenv/lib/python3.10/site-packages/airflow/example_dags/example_nested_branch_dag.py took 0.223 seconds
[2024-10-08T15:26:06.225+0900] {processor.py:186} INFO - Started process (PID=23537) to work on /Users/alookso/1007MLpj/myenv/lib/python3.10/site-packages/airflow/example_dags/example_nested_branch_dag.py
[2024-10-08T15:26:06.226+0900] {processor.py:914} INFO - Processing file /Users/alookso/1007MLpj/myenv/lib/python3.10/site-packages/airflow/example_dags/example_nested_branch_dag.py for tasks to queue
[2024-10-08T15:26:06.227+0900] {logging_mixin.py:190} INFO - [2024-10-08T15:26:06.227+0900] {dagbag.py:588} INFO - Filling up the DagBag from /Users/alookso/1007MLpj/myenv/lib/python3.10/site-packages/airflow/example_dags/example_nested_branch_dag.py
[2024-10-08T15:26:06.273+0900] {processor.py:925} INFO - DAG(s) 'example_nested_branch_dag' retrieved from /Users/alookso/1007MLpj/myenv/lib/python3.10/site-packages/airflow/example_dags/example_nested_branch_dag.py
[2024-10-08T15:26:06.406+0900] {logging_mixin.py:190} INFO - [2024-10-08T15:26:06.406+0900] {dag.py:3239} INFO - Sync 1 DAGs
[2024-10-08T15:26:06.429+0900] {logging_mixin.py:190} INFO - [2024-10-08T15:26:06.429+0900] {dag.py:4180} INFO - Setting next_dagrun for example_nested_branch_dag to 2024-10-07T00:00:00+00:00, run_after=2024-10-08T00:00:00+00:00
[2024-10-08T15:26:06.451+0900] {processor.py:208} INFO - Processing /Users/alookso/1007MLpj/myenv/lib/python3.10/site-packages/airflow/example_dags/example_nested_branch_dag.py took 0.230 seconds
[2024-10-08T15:29:08.162+0900] {processor.py:186} INFO - Started process (PID=23654) to work on /Users/alookso/1007MLpj/myenv/lib/python3.10/site-packages/airflow/example_dags/example_nested_branch_dag.py
[2024-10-08T15:29:08.163+0900] {processor.py:914} INFO - Processing file /Users/alookso/1007MLpj/myenv/lib/python3.10/site-packages/airflow/example_dags/example_nested_branch_dag.py for tasks to queue
[2024-10-08T15:29:08.164+0900] {logging_mixin.py:190} INFO - [2024-10-08T15:29:08.164+0900] {dagbag.py:588} INFO - Filling up the DagBag from /Users/alookso/1007MLpj/myenv/lib/python3.10/site-packages/airflow/example_dags/example_nested_branch_dag.py
[2024-10-08T15:29:08.209+0900] {processor.py:925} INFO - DAG(s) 'example_nested_branch_dag' retrieved from /Users/alookso/1007MLpj/myenv/lib/python3.10/site-packages/airflow/example_dags/example_nested_branch_dag.py
[2024-10-08T15:29:08.342+0900] {logging_mixin.py:190} INFO - [2024-10-08T15:29:08.341+0900] {dag.py:3239} INFO - Sync 1 DAGs
[2024-10-08T15:29:08.363+0900] {logging_mixin.py:190} INFO - [2024-10-08T15:29:08.363+0900] {dag.py:4180} INFO - Setting next_dagrun for example_nested_branch_dag to 2024-10-07T00:00:00+00:00, run_after=2024-10-08T00:00:00+00:00
[2024-10-08T15:29:08.385+0900] {processor.py:208} INFO - Processing /Users/alookso/1007MLpj/myenv/lib/python3.10/site-packages/airflow/example_dags/example_nested_branch_dag.py took 0.229 seconds
[2024-10-08T15:32:08.890+0900] {processor.py:186} INFO - Started process (PID=23763) to work on /Users/alookso/1007MLpj/myenv/lib/python3.10/site-packages/airflow/example_dags/example_nested_branch_dag.py
[2024-10-08T15:32:08.891+0900] {processor.py:914} INFO - Processing file /Users/alookso/1007MLpj/myenv/lib/python3.10/site-packages/airflow/example_dags/example_nested_branch_dag.py for tasks to queue
[2024-10-08T15:32:08.892+0900] {logging_mixin.py:190} INFO - [2024-10-08T15:32:08.892+0900] {dagbag.py:588} INFO - Filling up the DagBag from /Users/alookso/1007MLpj/myenv/lib/python3.10/site-packages/airflow/example_dags/example_nested_branch_dag.py
[2024-10-08T15:32:08.937+0900] {processor.py:925} INFO - DAG(s) 'example_nested_branch_dag' retrieved from /Users/alookso/1007MLpj/myenv/lib/python3.10/site-packages/airflow/example_dags/example_nested_branch_dag.py
[2024-10-08T15:32:09.067+0900] {logging_mixin.py:190} INFO - [2024-10-08T15:32:09.067+0900] {dag.py:3239} INFO - Sync 1 DAGs
[2024-10-08T15:32:09.088+0900] {logging_mixin.py:190} INFO - [2024-10-08T15:32:09.088+0900] {dag.py:4180} INFO - Setting next_dagrun for example_nested_branch_dag to 2024-10-07T00:00:00+00:00, run_after=2024-10-08T00:00:00+00:00
[2024-10-08T15:32:09.109+0900] {processor.py:208} INFO - Processing /Users/alookso/1007MLpj/myenv/lib/python3.10/site-packages/airflow/example_dags/example_nested_branch_dag.py took 0.223 seconds
[2024-10-08T16:37:31.781+0900] {processor.py:186} INFO - Started process (PID=25052) to work on /Users/alookso/1007MLpj/myenv/lib/python3.10/site-packages/airflow/example_dags/example_nested_branch_dag.py
[2024-10-08T16:37:31.782+0900] {processor.py:914} INFO - Processing file /Users/alookso/1007MLpj/myenv/lib/python3.10/site-packages/airflow/example_dags/example_nested_branch_dag.py for tasks to queue
[2024-10-08T16:37:31.783+0900] {logging_mixin.py:190} INFO - [2024-10-08T16:37:31.783+0900] {dagbag.py:588} INFO - Filling up the DagBag from /Users/alookso/1007MLpj/myenv/lib/python3.10/site-packages/airflow/example_dags/example_nested_branch_dag.py
[2024-10-08T16:37:31.828+0900] {processor.py:925} INFO - DAG(s) 'example_nested_branch_dag' retrieved from /Users/alookso/1007MLpj/myenv/lib/python3.10/site-packages/airflow/example_dags/example_nested_branch_dag.py
[2024-10-08T16:37:31.961+0900] {logging_mixin.py:190} INFO - [2024-10-08T16:37:31.961+0900] {dag.py:3239} INFO - Sync 1 DAGs
[2024-10-08T16:37:31.983+0900] {logging_mixin.py:190} INFO - [2024-10-08T16:37:31.982+0900] {dag.py:4180} INFO - Setting next_dagrun for example_nested_branch_dag to 2024-10-07T00:00:00+00:00, run_after=2024-10-08T00:00:00+00:00
[2024-10-08T16:37:32.004+0900] {processor.py:208} INFO - Processing /Users/alookso/1007MLpj/myenv/lib/python3.10/site-packages/airflow/example_dags/example_nested_branch_dag.py took 0.228 seconds
[2024-10-08T17:29:04.727+0900] {processor.py:186} INFO - Started process (PID=26418) to work on /Users/alookso/1007MLpj/myenv/lib/python3.10/site-packages/airflow/example_dags/example_nested_branch_dag.py
[2024-10-08T17:29:04.728+0900] {processor.py:914} INFO - Processing file /Users/alookso/1007MLpj/myenv/lib/python3.10/site-packages/airflow/example_dags/example_nested_branch_dag.py for tasks to queue
[2024-10-08T17:29:04.729+0900] {logging_mixin.py:190} INFO - [2024-10-08T17:29:04.729+0900] {dagbag.py:588} INFO - Filling up the DagBag from /Users/alookso/1007MLpj/myenv/lib/python3.10/site-packages/airflow/example_dags/example_nested_branch_dag.py
[2024-10-08T17:29:04.774+0900] {processor.py:925} INFO - DAG(s) 'example_nested_branch_dag' retrieved from /Users/alookso/1007MLpj/myenv/lib/python3.10/site-packages/airflow/example_dags/example_nested_branch_dag.py
[2024-10-08T17:29:04.910+0900] {logging_mixin.py:190} INFO - [2024-10-08T17:29:04.910+0900] {dag.py:3239} INFO - Sync 1 DAGs
[2024-10-08T17:29:04.932+0900] {logging_mixin.py:190} INFO - [2024-10-08T17:29:04.932+0900] {dag.py:4180} INFO - Setting next_dagrun for example_nested_branch_dag to 2024-10-07T00:00:00+00:00, run_after=2024-10-08T00:00:00+00:00
[2024-10-08T17:29:04.954+0900] {processor.py:208} INFO - Processing /Users/alookso/1007MLpj/myenv/lib/python3.10/site-packages/airflow/example_dags/example_nested_branch_dag.py took 0.232 seconds
[2024-10-08T17:43:52.007+0900] {processor.py:186} INFO - Started process (PID=26913) to work on /Users/alookso/1007MLpj/myenv/lib/python3.10/site-packages/airflow/example_dags/example_nested_branch_dag.py
[2024-10-08T17:43:52.008+0900] {processor.py:914} INFO - Processing file /Users/alookso/1007MLpj/myenv/lib/python3.10/site-packages/airflow/example_dags/example_nested_branch_dag.py for tasks to queue
[2024-10-08T17:43:52.009+0900] {logging_mixin.py:190} INFO - [2024-10-08T17:43:52.009+0900] {dagbag.py:588} INFO - Filling up the DagBag from /Users/alookso/1007MLpj/myenv/lib/python3.10/site-packages/airflow/example_dags/example_nested_branch_dag.py
[2024-10-08T17:43:52.055+0900] {processor.py:925} INFO - DAG(s) 'example_nested_branch_dag' retrieved from /Users/alookso/1007MLpj/myenv/lib/python3.10/site-packages/airflow/example_dags/example_nested_branch_dag.py
[2024-10-08T17:43:52.189+0900] {logging_mixin.py:190} INFO - [2024-10-08T17:43:52.188+0900] {dag.py:3239} INFO - Sync 1 DAGs
[2024-10-08T17:43:52.211+0900] {logging_mixin.py:190} INFO - [2024-10-08T17:43:52.211+0900] {dag.py:4180} INFO - Setting next_dagrun for example_nested_branch_dag to 2024-10-07T00:00:00+00:00, run_after=2024-10-08T00:00:00+00:00
[2024-10-08T17:43:52.235+0900] {processor.py:208} INFO - Processing /Users/alookso/1007MLpj/myenv/lib/python3.10/site-packages/airflow/example_dags/example_nested_branch_dag.py took 0.233 seconds
[2024-10-08T17:56:14.996+0900] {processor.py:186} INFO - Started process (PID=27340) to work on /Users/alookso/1007MLpj/myenv/lib/python3.10/site-packages/airflow/example_dags/example_nested_branch_dag.py
[2024-10-08T17:56:14.997+0900] {processor.py:914} INFO - Processing file /Users/alookso/1007MLpj/myenv/lib/python3.10/site-packages/airflow/example_dags/example_nested_branch_dag.py for tasks to queue
[2024-10-08T17:56:14.998+0900] {logging_mixin.py:190} INFO - [2024-10-08T17:56:14.998+0900] {dagbag.py:588} INFO - Filling up the DagBag from /Users/alookso/1007MLpj/myenv/lib/python3.10/site-packages/airflow/example_dags/example_nested_branch_dag.py
[2024-10-08T17:56:15.042+0900] {processor.py:925} INFO - DAG(s) 'example_nested_branch_dag' retrieved from /Users/alookso/1007MLpj/myenv/lib/python3.10/site-packages/airflow/example_dags/example_nested_branch_dag.py
[2024-10-08T17:56:15.173+0900] {logging_mixin.py:190} INFO - [2024-10-08T17:56:15.173+0900] {dag.py:3239} INFO - Sync 1 DAGs
[2024-10-08T17:56:15.194+0900] {logging_mixin.py:190} INFO - [2024-10-08T17:56:15.194+0900] {dag.py:4180} INFO - Setting next_dagrun for example_nested_branch_dag to 2024-10-07T00:00:00+00:00, run_after=2024-10-08T00:00:00+00:00
[2024-10-08T17:56:15.215+0900] {processor.py:208} INFO - Processing /Users/alookso/1007MLpj/myenv/lib/python3.10/site-packages/airflow/example_dags/example_nested_branch_dag.py took 0.223 seconds
[2024-10-08T18:01:05.495+0900] {processor.py:186} INFO - Started process (PID=27549) to work on /Users/alookso/1007MLpj/myenv/lib/python3.10/site-packages/airflow/example_dags/example_nested_branch_dag.py
[2024-10-08T18:01:05.496+0900] {processor.py:914} INFO - Processing file /Users/alookso/1007MLpj/myenv/lib/python3.10/site-packages/airflow/example_dags/example_nested_branch_dag.py for tasks to queue
[2024-10-08T18:01:05.497+0900] {logging_mixin.py:190} INFO - [2024-10-08T18:01:05.497+0900] {dagbag.py:588} INFO - Filling up the DagBag from /Users/alookso/1007MLpj/myenv/lib/python3.10/site-packages/airflow/example_dags/example_nested_branch_dag.py
[2024-10-08T18:01:05.542+0900] {processor.py:925} INFO - DAG(s) 'example_nested_branch_dag' retrieved from /Users/alookso/1007MLpj/myenv/lib/python3.10/site-packages/airflow/example_dags/example_nested_branch_dag.py
[2024-10-08T18:01:05.672+0900] {logging_mixin.py:190} INFO - [2024-10-08T18:01:05.672+0900] {dag.py:3239} INFO - Sync 1 DAGs
[2024-10-08T18:01:05.694+0900] {logging_mixin.py:190} INFO - [2024-10-08T18:01:05.693+0900] {dag.py:4180} INFO - Setting next_dagrun for example_nested_branch_dag to 2024-10-07T00:00:00+00:00, run_after=2024-10-08T00:00:00+00:00
[2024-10-08T18:01:05.714+0900] {processor.py:208} INFO - Processing /Users/alookso/1007MLpj/myenv/lib/python3.10/site-packages/airflow/example_dags/example_nested_branch_dag.py took 0.224 seconds
[2024-10-08T18:07:12.633+0900] {processor.py:186} INFO - Started process (PID=27780) to work on /Users/alookso/1007MLpj/myenv/lib/python3.10/site-packages/airflow/example_dags/example_nested_branch_dag.py
[2024-10-08T18:07:12.634+0900] {processor.py:914} INFO - Processing file /Users/alookso/1007MLpj/myenv/lib/python3.10/site-packages/airflow/example_dags/example_nested_branch_dag.py for tasks to queue
[2024-10-08T18:07:12.635+0900] {logging_mixin.py:190} INFO - [2024-10-08T18:07:12.635+0900] {dagbag.py:588} INFO - Filling up the DagBag from /Users/alookso/1007MLpj/myenv/lib/python3.10/site-packages/airflow/example_dags/example_nested_branch_dag.py
[2024-10-08T18:07:12.680+0900] {processor.py:925} INFO - DAG(s) 'example_nested_branch_dag' retrieved from /Users/alookso/1007MLpj/myenv/lib/python3.10/site-packages/airflow/example_dags/example_nested_branch_dag.py
[2024-10-08T18:07:12.808+0900] {logging_mixin.py:190} INFO - [2024-10-08T18:07:12.807+0900] {dag.py:3239} INFO - Sync 1 DAGs
[2024-10-08T18:07:12.829+0900] {logging_mixin.py:190} INFO - [2024-10-08T18:07:12.829+0900] {dag.py:4180} INFO - Setting next_dagrun for example_nested_branch_dag to 2024-10-07T00:00:00+00:00, run_after=2024-10-08T00:00:00+00:00
[2024-10-08T18:07:12.850+0900] {processor.py:208} INFO - Processing /Users/alookso/1007MLpj/myenv/lib/python3.10/site-packages/airflow/example_dags/example_nested_branch_dag.py took 0.221 seconds
[2024-10-08T18:10:52.434+0900] {processor.py:186} INFO - Started process (PID=27893) to work on /Users/alookso/1007MLpj/myenv/lib/python3.10/site-packages/airflow/example_dags/example_nested_branch_dag.py
[2024-10-08T18:10:52.435+0900] {processor.py:914} INFO - Processing file /Users/alookso/1007MLpj/myenv/lib/python3.10/site-packages/airflow/example_dags/example_nested_branch_dag.py for tasks to queue
[2024-10-08T18:10:52.436+0900] {logging_mixin.py:190} INFO - [2024-10-08T18:10:52.436+0900] {dagbag.py:588} INFO - Filling up the DagBag from /Users/alookso/1007MLpj/myenv/lib/python3.10/site-packages/airflow/example_dags/example_nested_branch_dag.py
[2024-10-08T18:10:52.480+0900] {processor.py:925} INFO - DAG(s) 'example_nested_branch_dag' retrieved from /Users/alookso/1007MLpj/myenv/lib/python3.10/site-packages/airflow/example_dags/example_nested_branch_dag.py
[2024-10-08T18:10:52.612+0900] {logging_mixin.py:190} INFO - [2024-10-08T18:10:52.612+0900] {dag.py:3239} INFO - Sync 1 DAGs
[2024-10-08T18:10:52.634+0900] {logging_mixin.py:190} INFO - [2024-10-08T18:10:52.633+0900] {dag.py:4180} INFO - Setting next_dagrun for example_nested_branch_dag to 2024-10-07T00:00:00+00:00, run_after=2024-10-08T00:00:00+00:00
[2024-10-08T18:10:52.654+0900] {processor.py:208} INFO - Processing /Users/alookso/1007MLpj/myenv/lib/python3.10/site-packages/airflow/example_dags/example_nested_branch_dag.py took 0.225 seconds
[2024-10-08T18:14:03.402+0900] {processor.py:186} INFO - Started process (PID=27989) to work on /Users/alookso/1007MLpj/myenv/lib/python3.10/site-packages/airflow/example_dags/example_nested_branch_dag.py
[2024-10-08T18:14:03.403+0900] {processor.py:914} INFO - Processing file /Users/alookso/1007MLpj/myenv/lib/python3.10/site-packages/airflow/example_dags/example_nested_branch_dag.py for tasks to queue
[2024-10-08T18:14:03.404+0900] {logging_mixin.py:190} INFO - [2024-10-08T18:14:03.403+0900] {dagbag.py:588} INFO - Filling up the DagBag from /Users/alookso/1007MLpj/myenv/lib/python3.10/site-packages/airflow/example_dags/example_nested_branch_dag.py
[2024-10-08T18:14:03.451+0900] {processor.py:925} INFO - DAG(s) 'example_nested_branch_dag' retrieved from /Users/alookso/1007MLpj/myenv/lib/python3.10/site-packages/airflow/example_dags/example_nested_branch_dag.py
[2024-10-08T18:14:03.590+0900] {logging_mixin.py:190} INFO - [2024-10-08T18:14:03.589+0900] {dag.py:3239} INFO - Sync 1 DAGs
[2024-10-08T18:14:03.612+0900] {logging_mixin.py:190} INFO - [2024-10-08T18:14:03.612+0900] {dag.py:4180} INFO - Setting next_dagrun for example_nested_branch_dag to 2024-10-07T00:00:00+00:00, run_after=2024-10-08T00:00:00+00:00
[2024-10-08T18:14:03.634+0900] {processor.py:208} INFO - Processing /Users/alookso/1007MLpj/myenv/lib/python3.10/site-packages/airflow/example_dags/example_nested_branch_dag.py took 0.237 seconds
[2024-10-08T18:17:12.445+0900] {processor.py:186} INFO - Started process (PID=28083) to work on /Users/alookso/1007MLpj/myenv/lib/python3.10/site-packages/airflow/example_dags/example_nested_branch_dag.py
[2024-10-08T18:17:12.446+0900] {processor.py:914} INFO - Processing file /Users/alookso/1007MLpj/myenv/lib/python3.10/site-packages/airflow/example_dags/example_nested_branch_dag.py for tasks to queue
[2024-10-08T18:17:12.447+0900] {logging_mixin.py:190} INFO - [2024-10-08T18:17:12.447+0900] {dagbag.py:588} INFO - Filling up the DagBag from /Users/alookso/1007MLpj/myenv/lib/python3.10/site-packages/airflow/example_dags/example_nested_branch_dag.py
[2024-10-08T18:17:12.492+0900] {processor.py:925} INFO - DAG(s) 'example_nested_branch_dag' retrieved from /Users/alookso/1007MLpj/myenv/lib/python3.10/site-packages/airflow/example_dags/example_nested_branch_dag.py
[2024-10-08T18:17:12.622+0900] {logging_mixin.py:190} INFO - [2024-10-08T18:17:12.622+0900] {dag.py:3239} INFO - Sync 1 DAGs
[2024-10-08T18:17:12.644+0900] {logging_mixin.py:190} INFO - [2024-10-08T18:17:12.643+0900] {dag.py:4180} INFO - Setting next_dagrun for example_nested_branch_dag to 2024-10-07T00:00:00+00:00, run_after=2024-10-08T00:00:00+00:00
[2024-10-08T18:17:12.665+0900] {processor.py:208} INFO - Processing /Users/alookso/1007MLpj/myenv/lib/python3.10/site-packages/airflow/example_dags/example_nested_branch_dag.py took 0.225 seconds
[2024-10-08T18:20:24.017+0900] {processor.py:186} INFO - Started process (PID=28179) to work on /Users/alookso/1007MLpj/myenv/lib/python3.10/site-packages/airflow/example_dags/example_nested_branch_dag.py
[2024-10-08T18:20:24.018+0900] {processor.py:914} INFO - Processing file /Users/alookso/1007MLpj/myenv/lib/python3.10/site-packages/airflow/example_dags/example_nested_branch_dag.py for tasks to queue
[2024-10-08T18:20:24.019+0900] {logging_mixin.py:190} INFO - [2024-10-08T18:20:24.019+0900] {dagbag.py:588} INFO - Filling up the DagBag from /Users/alookso/1007MLpj/myenv/lib/python3.10/site-packages/airflow/example_dags/example_nested_branch_dag.py
[2024-10-08T18:20:24.064+0900] {processor.py:925} INFO - DAG(s) 'example_nested_branch_dag' retrieved from /Users/alookso/1007MLpj/myenv/lib/python3.10/site-packages/airflow/example_dags/example_nested_branch_dag.py
[2024-10-08T18:20:24.207+0900] {logging_mixin.py:190} INFO - [2024-10-08T18:20:24.206+0900] {dag.py:3239} INFO - Sync 1 DAGs
[2024-10-08T18:20:24.230+0900] {logging_mixin.py:190} INFO - [2024-10-08T18:20:24.229+0900] {dag.py:4180} INFO - Setting next_dagrun for example_nested_branch_dag to 2024-10-07T00:00:00+00:00, run_after=2024-10-08T00:00:00+00:00
[2024-10-08T18:20:24.252+0900] {processor.py:208} INFO - Processing /Users/alookso/1007MLpj/myenv/lib/python3.10/site-packages/airflow/example_dags/example_nested_branch_dag.py took 0.240 seconds
[2024-10-08T18:47:41.214+0900] {processor.py:186} INFO - Started process (PID=29284) to work on /Users/alookso/1007MLpj/myenv/lib/python3.10/site-packages/airflow/example_dags/example_nested_branch_dag.py
[2024-10-08T18:47:41.214+0900] {processor.py:914} INFO - Processing file /Users/alookso/1007MLpj/myenv/lib/python3.10/site-packages/airflow/example_dags/example_nested_branch_dag.py for tasks to queue
[2024-10-08T18:47:41.215+0900] {logging_mixin.py:190} INFO - [2024-10-08T18:47:41.215+0900] {dagbag.py:588} INFO - Filling up the DagBag from /Users/alookso/1007MLpj/myenv/lib/python3.10/site-packages/airflow/example_dags/example_nested_branch_dag.py
[2024-10-08T18:47:41.260+0900] {processor.py:925} INFO - DAG(s) 'example_nested_branch_dag' retrieved from /Users/alookso/1007MLpj/myenv/lib/python3.10/site-packages/airflow/example_dags/example_nested_branch_dag.py
[2024-10-08T18:47:41.391+0900] {logging_mixin.py:190} INFO - [2024-10-08T18:47:41.390+0900] {dag.py:3239} INFO - Sync 1 DAGs
[2024-10-08T18:47:41.411+0900] {logging_mixin.py:190} INFO - [2024-10-08T18:47:41.411+0900] {dag.py:4180} INFO - Setting next_dagrun for example_nested_branch_dag to 2024-10-07T00:00:00+00:00, run_after=2024-10-08T00:00:00+00:00
[2024-10-08T18:47:41.431+0900] {processor.py:208} INFO - Processing /Users/alookso/1007MLpj/myenv/lib/python3.10/site-packages/airflow/example_dags/example_nested_branch_dag.py took 0.222 seconds
