[2024-10-08T14:44:26.742+0900] {processor.py:186} INFO - Started process (PID=22261) to work on /Users/alookso/1007MLpj/myenv/lib/python3.10/site-packages/airflow/example_dags/example_short_circuit_decorator.py
[2024-10-08T14:44:26.743+0900] {processor.py:914} INFO - Processing file /Users/alookso/1007MLpj/myenv/lib/python3.10/site-packages/airflow/example_dags/example_short_circuit_decorator.py for tasks to queue
[2024-10-08T14:44:26.744+0900] {logging_mixin.py:190} INFO - [2024-10-08T14:44:26.744+0900] {dagbag.py:588} INFO - Filling up the DagBag from /Users/alookso/1007MLpj/myenv/lib/python3.10/site-packages/airflow/example_dags/example_short_circuit_decorator.py
[2024-10-08T14:44:26.791+0900] {processor.py:925} INFO - DAG(s) 'example_short_circuit_decorator' retrieved from /Users/alookso/1007MLpj/myenv/lib/python3.10/site-packages/airflow/example_dags/example_short_circuit_decorator.py
[2024-10-08T14:44:27.039+0900] {logging_mixin.py:190} INFO - [2024-10-08T14:44:27.038+0900] {override.py:1901} INFO - Created Permission View: can read on DAG:example_short_circuit_decorator
[2024-10-08T14:44:27.049+0900] {logging_mixin.py:190} INFO - [2024-10-08T14:44:27.049+0900] {override.py:1901} INFO - Created Permission View: can delete on DAG:example_short_circuit_decorator
[2024-10-08T14:44:27.057+0900] {logging_mixin.py:190} INFO - [2024-10-08T14:44:27.056+0900] {override.py:1901} INFO - Created Permission View: can edit on DAG:example_short_circuit_decorator
[2024-10-08T14:44:27.066+0900] {logging_mixin.py:190} INFO - [2024-10-08T14:44:27.066+0900] {override.py:1901} INFO - Created Permission View: can read on DAG Run:example_short_circuit_decorator
[2024-10-08T14:44:27.073+0900] {logging_mixin.py:190} INFO - [2024-10-08T14:44:27.073+0900] {override.py:1901} INFO - Created Permission View: menu access on DAG Run:example_short_circuit_decorator
[2024-10-08T14:44:27.080+0900] {logging_mixin.py:190} INFO - [2024-10-08T14:44:27.080+0900] {override.py:1901} INFO - Created Permission View: can create on DAG Run:example_short_circuit_decorator
[2024-10-08T14:44:27.088+0900] {logging_mixin.py:190} INFO - [2024-10-08T14:44:27.087+0900] {override.py:1901} INFO - Created Permission View: can delete on DAG Run:example_short_circuit_decorator
[2024-10-08T14:44:27.088+0900] {logging_mixin.py:190} INFO - [2024-10-08T14:44:27.088+0900] {dag.py:3239} INFO - Sync 1 DAGs
[2024-10-08T14:44:27.102+0900] {logging_mixin.py:190} INFO - [2024-10-08T14:44:27.102+0900] {dag.py:3262} INFO - Creating ORM DAG for example_short_circuit_decorator
[2024-10-08T14:44:27.103+0900] {logging_mixin.py:190} INFO - [2024-10-08T14:44:27.103+0900] {dag.py:4180} INFO - Setting next_dagrun for example_short_circuit_decorator to None, run_after=None
[2024-10-08T14:44:27.123+0900] {processor.py:208} INFO - Processing /Users/alookso/1007MLpj/myenv/lib/python3.10/site-packages/airflow/example_dags/example_short_circuit_decorator.py took 0.386 seconds
[2024-10-08T14:48:13.041+0900] {processor.py:186} INFO - Started process (PID=22354) to work on /Users/alookso/1007MLpj/myenv/lib/python3.10/site-packages/airflow/example_dags/example_short_circuit_decorator.py
[2024-10-08T14:48:13.042+0900] {processor.py:914} INFO - Processing file /Users/alookso/1007MLpj/myenv/lib/python3.10/site-packages/airflow/example_dags/example_short_circuit_decorator.py for tasks to queue
[2024-10-08T14:48:13.043+0900] {logging_mixin.py:190} INFO - [2024-10-08T14:48:13.043+0900] {dagbag.py:588} INFO - Filling up the DagBag from /Users/alookso/1007MLpj/myenv/lib/python3.10/site-packages/airflow/example_dags/example_short_circuit_decorator.py
[2024-10-08T14:48:13.088+0900] {processor.py:925} INFO - DAG(s) 'example_short_circuit_decorator' retrieved from /Users/alookso/1007MLpj/myenv/lib/python3.10/site-packages/airflow/example_dags/example_short_circuit_decorator.py
[2024-10-08T14:48:13.226+0900] {logging_mixin.py:190} INFO - [2024-10-08T14:48:13.225+0900] {dag.py:3239} INFO - Sync 1 DAGs
[2024-10-08T14:48:13.239+0900] {logging_mixin.py:190} INFO - [2024-10-08T14:48:13.239+0900] {dag.py:4180} INFO - Setting next_dagrun for example_short_circuit_decorator to None, run_after=None
[2024-10-08T14:48:13.259+0900] {processor.py:208} INFO - Processing /Users/alookso/1007MLpj/myenv/lib/python3.10/site-packages/airflow/example_dags/example_short_circuit_decorator.py took 0.223 seconds
[2024-10-08T14:51:19.625+0900] {processor.py:186} INFO - Started process (PID=22426) to work on /Users/alookso/1007MLpj/myenv/lib/python3.10/site-packages/airflow/example_dags/example_short_circuit_decorator.py
[2024-10-08T14:51:19.626+0900] {processor.py:914} INFO - Processing file /Users/alookso/1007MLpj/myenv/lib/python3.10/site-packages/airflow/example_dags/example_short_circuit_decorator.py for tasks to queue
[2024-10-08T14:51:19.627+0900] {logging_mixin.py:190} INFO - [2024-10-08T14:51:19.627+0900] {dagbag.py:588} INFO - Filling up the DagBag from /Users/alookso/1007MLpj/myenv/lib/python3.10/site-packages/airflow/example_dags/example_short_circuit_decorator.py
[2024-10-08T14:51:19.672+0900] {processor.py:925} INFO - DAG(s) 'example_short_circuit_decorator' retrieved from /Users/alookso/1007MLpj/myenv/lib/python3.10/site-packages/airflow/example_dags/example_short_circuit_decorator.py
[2024-10-08T14:51:19.806+0900] {logging_mixin.py:190} INFO - [2024-10-08T14:51:19.806+0900] {dag.py:3239} INFO - Sync 1 DAGs
[2024-10-08T14:51:19.819+0900] {logging_mixin.py:190} INFO - [2024-10-08T14:51:19.819+0900] {dag.py:4180} INFO - Setting next_dagrun for example_short_circuit_decorator to None, run_after=None
[2024-10-08T14:51:19.839+0900] {processor.py:208} INFO - Processing /Users/alookso/1007MLpj/myenv/lib/python3.10/site-packages/airflow/example_dags/example_short_circuit_decorator.py took 0.218 seconds
[2024-10-08T14:54:28.175+0900] {processor.py:186} INFO - Started process (PID=22556) to work on /Users/alookso/1007MLpj/myenv/lib/python3.10/site-packages/airflow/example_dags/example_short_circuit_decorator.py
[2024-10-08T14:54:28.176+0900] {processor.py:914} INFO - Processing file /Users/alookso/1007MLpj/myenv/lib/python3.10/site-packages/airflow/example_dags/example_short_circuit_decorator.py for tasks to queue
[2024-10-08T14:54:28.176+0900] {logging_mixin.py:190} INFO - [2024-10-08T14:54:28.176+0900] {dagbag.py:588} INFO - Filling up the DagBag from /Users/alookso/1007MLpj/myenv/lib/python3.10/site-packages/airflow/example_dags/example_short_circuit_decorator.py
[2024-10-08T14:54:28.224+0900] {processor.py:925} INFO - DAG(s) 'example_short_circuit_decorator' retrieved from /Users/alookso/1007MLpj/myenv/lib/python3.10/site-packages/airflow/example_dags/example_short_circuit_decorator.py
[2024-10-08T14:54:28.368+0900] {logging_mixin.py:190} INFO - [2024-10-08T14:54:28.368+0900] {dag.py:3239} INFO - Sync 1 DAGs
[2024-10-08T14:54:28.381+0900] {logging_mixin.py:190} INFO - [2024-10-08T14:54:28.381+0900] {dag.py:4180} INFO - Setting next_dagrun for example_short_circuit_decorator to None, run_after=None
[2024-10-08T14:54:28.401+0900] {processor.py:208} INFO - Processing /Users/alookso/1007MLpj/myenv/lib/python3.10/site-packages/airflow/example_dags/example_short_circuit_decorator.py took 0.231 seconds
[2024-10-08T14:57:34.724+0900] {processor.py:186} INFO - Started process (PID=22667) to work on /Users/alookso/1007MLpj/myenv/lib/python3.10/site-packages/airflow/example_dags/example_short_circuit_decorator.py
[2024-10-08T14:57:34.725+0900] {processor.py:914} INFO - Processing file /Users/alookso/1007MLpj/myenv/lib/python3.10/site-packages/airflow/example_dags/example_short_circuit_decorator.py for tasks to queue
[2024-10-08T14:57:34.726+0900] {logging_mixin.py:190} INFO - [2024-10-08T14:57:34.725+0900] {dagbag.py:588} INFO - Filling up the DagBag from /Users/alookso/1007MLpj/myenv/lib/python3.10/site-packages/airflow/example_dags/example_short_circuit_decorator.py
[2024-10-08T14:57:34.771+0900] {processor.py:925} INFO - DAG(s) 'example_short_circuit_decorator' retrieved from /Users/alookso/1007MLpj/myenv/lib/python3.10/site-packages/airflow/example_dags/example_short_circuit_decorator.py
[2024-10-08T14:57:34.905+0900] {logging_mixin.py:190} INFO - [2024-10-08T14:57:34.905+0900] {dag.py:3239} INFO - Sync 1 DAGs
[2024-10-08T14:57:34.918+0900] {logging_mixin.py:190} INFO - [2024-10-08T14:57:34.918+0900] {dag.py:4180} INFO - Setting next_dagrun for example_short_circuit_decorator to None, run_after=None
[2024-10-08T14:57:34.938+0900] {processor.py:208} INFO - Processing /Users/alookso/1007MLpj/myenv/lib/python3.10/site-packages/airflow/example_dags/example_short_circuit_decorator.py took 0.218 seconds
[2024-10-08T15:00:46.365+0900] {processor.py:186} INFO - Started process (PID=22777) to work on /Users/alookso/1007MLpj/myenv/lib/python3.10/site-packages/airflow/example_dags/example_short_circuit_decorator.py
[2024-10-08T15:00:46.366+0900] {processor.py:914} INFO - Processing file /Users/alookso/1007MLpj/myenv/lib/python3.10/site-packages/airflow/example_dags/example_short_circuit_decorator.py for tasks to queue
[2024-10-08T15:00:46.367+0900] {logging_mixin.py:190} INFO - [2024-10-08T15:00:46.367+0900] {dagbag.py:588} INFO - Filling up the DagBag from /Users/alookso/1007MLpj/myenv/lib/python3.10/site-packages/airflow/example_dags/example_short_circuit_decorator.py
[2024-10-08T15:00:46.412+0900] {processor.py:925} INFO - DAG(s) 'example_short_circuit_decorator' retrieved from /Users/alookso/1007MLpj/myenv/lib/python3.10/site-packages/airflow/example_dags/example_short_circuit_decorator.py
[2024-10-08T15:00:46.550+0900] {logging_mixin.py:190} INFO - [2024-10-08T15:00:46.550+0900] {dag.py:3239} INFO - Sync 1 DAGs
[2024-10-08T15:00:46.564+0900] {logging_mixin.py:190} INFO - [2024-10-08T15:00:46.563+0900] {dag.py:4180} INFO - Setting next_dagrun for example_short_circuit_decorator to None, run_after=None
[2024-10-08T15:00:46.583+0900] {processor.py:208} INFO - Processing /Users/alookso/1007MLpj/myenv/lib/python3.10/site-packages/airflow/example_dags/example_short_circuit_decorator.py took 0.224 seconds
[2024-10-08T15:03:54.007+0900] {processor.py:186} INFO - Started process (PID=22860) to work on /Users/alookso/1007MLpj/myenv/lib/python3.10/site-packages/airflow/example_dags/example_short_circuit_decorator.py
[2024-10-08T15:03:54.007+0900] {processor.py:914} INFO - Processing file /Users/alookso/1007MLpj/myenv/lib/python3.10/site-packages/airflow/example_dags/example_short_circuit_decorator.py for tasks to queue
[2024-10-08T15:03:54.008+0900] {logging_mixin.py:190} INFO - [2024-10-08T15:03:54.008+0900] {dagbag.py:588} INFO - Filling up the DagBag from /Users/alookso/1007MLpj/myenv/lib/python3.10/site-packages/airflow/example_dags/example_short_circuit_decorator.py
[2024-10-08T15:03:54.053+0900] {processor.py:925} INFO - DAG(s) 'example_short_circuit_decorator' retrieved from /Users/alookso/1007MLpj/myenv/lib/python3.10/site-packages/airflow/example_dags/example_short_circuit_decorator.py
[2024-10-08T15:03:54.186+0900] {logging_mixin.py:190} INFO - [2024-10-08T15:03:54.186+0900] {dag.py:3239} INFO - Sync 1 DAGs
[2024-10-08T15:03:54.199+0900] {logging_mixin.py:190} INFO - [2024-10-08T15:03:54.199+0900] {dag.py:4180} INFO - Setting next_dagrun for example_short_circuit_decorator to None, run_after=None
[2024-10-08T15:03:54.220+0900] {processor.py:208} INFO - Processing /Users/alookso/1007MLpj/myenv/lib/python3.10/site-packages/airflow/example_dags/example_short_circuit_decorator.py took 0.217 seconds
[2024-10-08T15:06:58.457+0900] {processor.py:186} INFO - Started process (PID=22958) to work on /Users/alookso/1007MLpj/myenv/lib/python3.10/site-packages/airflow/example_dags/example_short_circuit_decorator.py
[2024-10-08T15:06:58.457+0900] {processor.py:914} INFO - Processing file /Users/alookso/1007MLpj/myenv/lib/python3.10/site-packages/airflow/example_dags/example_short_circuit_decorator.py for tasks to queue
[2024-10-08T15:06:58.458+0900] {logging_mixin.py:190} INFO - [2024-10-08T15:06:58.458+0900] {dagbag.py:588} INFO - Filling up the DagBag from /Users/alookso/1007MLpj/myenv/lib/python3.10/site-packages/airflow/example_dags/example_short_circuit_decorator.py
[2024-10-08T15:06:58.502+0900] {processor.py:925} INFO - DAG(s) 'example_short_circuit_decorator' retrieved from /Users/alookso/1007MLpj/myenv/lib/python3.10/site-packages/airflow/example_dags/example_short_circuit_decorator.py
[2024-10-08T15:06:58.638+0900] {logging_mixin.py:190} INFO - [2024-10-08T15:06:58.638+0900] {dag.py:3239} INFO - Sync 1 DAGs
[2024-10-08T15:06:58.651+0900] {logging_mixin.py:190} INFO - [2024-10-08T15:06:58.651+0900] {dag.py:4180} INFO - Setting next_dagrun for example_short_circuit_decorator to None, run_after=None
[2024-10-08T15:06:58.671+0900] {processor.py:208} INFO - Processing /Users/alookso/1007MLpj/myenv/lib/python3.10/site-packages/airflow/example_dags/example_short_circuit_decorator.py took 0.219 seconds
[2024-10-08T15:10:03.657+0900] {processor.py:186} INFO - Started process (PID=23068) to work on /Users/alookso/1007MLpj/myenv/lib/python3.10/site-packages/airflow/example_dags/example_short_circuit_decorator.py
[2024-10-08T15:10:03.658+0900] {processor.py:914} INFO - Processing file /Users/alookso/1007MLpj/myenv/lib/python3.10/site-packages/airflow/example_dags/example_short_circuit_decorator.py for tasks to queue
[2024-10-08T15:10:03.659+0900] {logging_mixin.py:190} INFO - [2024-10-08T15:10:03.659+0900] {dagbag.py:588} INFO - Filling up the DagBag from /Users/alookso/1007MLpj/myenv/lib/python3.10/site-packages/airflow/example_dags/example_short_circuit_decorator.py
[2024-10-08T15:10:03.704+0900] {processor.py:925} INFO - DAG(s) 'example_short_circuit_decorator' retrieved from /Users/alookso/1007MLpj/myenv/lib/python3.10/site-packages/airflow/example_dags/example_short_circuit_decorator.py
[2024-10-08T15:10:03.846+0900] {logging_mixin.py:190} INFO - [2024-10-08T15:10:03.846+0900] {dag.py:3239} INFO - Sync 1 DAGs
[2024-10-08T15:10:03.859+0900] {logging_mixin.py:190} INFO - [2024-10-08T15:10:03.858+0900] {dag.py:4180} INFO - Setting next_dagrun for example_short_circuit_decorator to None, run_after=None
[2024-10-08T15:10:03.878+0900] {processor.py:208} INFO - Processing /Users/alookso/1007MLpj/myenv/lib/python3.10/site-packages/airflow/example_dags/example_short_circuit_decorator.py took 0.226 seconds
[2024-10-08T15:13:03.311+0900] {processor.py:186} INFO - Started process (PID=23160) to work on /Users/alookso/1007MLpj/myenv/lib/python3.10/site-packages/airflow/example_dags/example_short_circuit_decorator.py
[2024-10-08T15:13:03.312+0900] {processor.py:914} INFO - Processing file /Users/alookso/1007MLpj/myenv/lib/python3.10/site-packages/airflow/example_dags/example_short_circuit_decorator.py for tasks to queue
[2024-10-08T15:13:03.313+0900] {logging_mixin.py:190} INFO - [2024-10-08T15:13:03.312+0900] {dagbag.py:588} INFO - Filling up the DagBag from /Users/alookso/1007MLpj/myenv/lib/python3.10/site-packages/airflow/example_dags/example_short_circuit_decorator.py
[2024-10-08T15:13:03.356+0900] {processor.py:925} INFO - DAG(s) 'example_short_circuit_decorator' retrieved from /Users/alookso/1007MLpj/myenv/lib/python3.10/site-packages/airflow/example_dags/example_short_circuit_decorator.py
[2024-10-08T15:13:03.489+0900] {logging_mixin.py:190} INFO - [2024-10-08T15:13:03.489+0900] {dag.py:3239} INFO - Sync 1 DAGs
[2024-10-08T15:13:03.501+0900] {logging_mixin.py:190} INFO - [2024-10-08T15:13:03.501+0900] {dag.py:4180} INFO - Setting next_dagrun for example_short_circuit_decorator to None, run_after=None
[2024-10-08T15:13:03.521+0900] {processor.py:208} INFO - Processing /Users/alookso/1007MLpj/myenv/lib/python3.10/site-packages/airflow/example_dags/example_short_circuit_decorator.py took 0.214 seconds
[2024-10-08T15:16:01.465+0900] {processor.py:186} INFO - Started process (PID=23235) to work on /Users/alookso/1007MLpj/myenv/lib/python3.10/site-packages/airflow/example_dags/example_short_circuit_decorator.py
[2024-10-08T15:16:01.466+0900] {processor.py:914} INFO - Processing file /Users/alookso/1007MLpj/myenv/lib/python3.10/site-packages/airflow/example_dags/example_short_circuit_decorator.py for tasks to queue
[2024-10-08T15:16:01.467+0900] {logging_mixin.py:190} INFO - [2024-10-08T15:16:01.466+0900] {dagbag.py:588} INFO - Filling up the DagBag from /Users/alookso/1007MLpj/myenv/lib/python3.10/site-packages/airflow/example_dags/example_short_circuit_decorator.py
[2024-10-08T15:16:01.512+0900] {processor.py:925} INFO - DAG(s) 'example_short_circuit_decorator' retrieved from /Users/alookso/1007MLpj/myenv/lib/python3.10/site-packages/airflow/example_dags/example_short_circuit_decorator.py
[2024-10-08T15:16:01.704+0900] {logging_mixin.py:190} INFO - [2024-10-08T15:16:01.703+0900] {dag.py:3239} INFO - Sync 1 DAGs
[2024-10-08T15:16:01.719+0900] {logging_mixin.py:190} INFO - [2024-10-08T15:16:01.719+0900] {dag.py:4180} INFO - Setting next_dagrun for example_short_circuit_decorator to None, run_after=None
[2024-10-08T15:16:01.741+0900] {processor.py:208} INFO - Processing /Users/alookso/1007MLpj/myenv/lib/python3.10/site-packages/airflow/example_dags/example_short_circuit_decorator.py took 0.283 seconds
[2024-10-08T15:19:11.194+0900] {processor.py:186} INFO - Started process (PID=23342) to work on /Users/alookso/1007MLpj/myenv/lib/python3.10/site-packages/airflow/example_dags/example_short_circuit_decorator.py
[2024-10-08T15:19:11.195+0900] {processor.py:914} INFO - Processing file /Users/alookso/1007MLpj/myenv/lib/python3.10/site-packages/airflow/example_dags/example_short_circuit_decorator.py for tasks to queue
[2024-10-08T15:19:11.196+0900] {logging_mixin.py:190} INFO - [2024-10-08T15:19:11.196+0900] {dagbag.py:588} INFO - Filling up the DagBag from /Users/alookso/1007MLpj/myenv/lib/python3.10/site-packages/airflow/example_dags/example_short_circuit_decorator.py
[2024-10-08T15:19:11.240+0900] {processor.py:925} INFO - DAG(s) 'example_short_circuit_decorator' retrieved from /Users/alookso/1007MLpj/myenv/lib/python3.10/site-packages/airflow/example_dags/example_short_circuit_decorator.py
[2024-10-08T15:19:11.375+0900] {logging_mixin.py:190} INFO - [2024-10-08T15:19:11.374+0900] {dag.py:3239} INFO - Sync 1 DAGs
[2024-10-08T15:19:11.387+0900] {logging_mixin.py:190} INFO - [2024-10-08T15:19:11.387+0900] {dag.py:4180} INFO - Setting next_dagrun for example_short_circuit_decorator to None, run_after=None
[2024-10-08T15:19:11.406+0900] {processor.py:208} INFO - Processing /Users/alookso/1007MLpj/myenv/lib/python3.10/site-packages/airflow/example_dags/example_short_circuit_decorator.py took 0.217 seconds
[2024-10-08T15:22:18.543+0900] {processor.py:186} INFO - Started process (PID=23429) to work on /Users/alookso/1007MLpj/myenv/lib/python3.10/site-packages/airflow/example_dags/example_short_circuit_decorator.py
[2024-10-08T15:22:18.543+0900] {processor.py:914} INFO - Processing file /Users/alookso/1007MLpj/myenv/lib/python3.10/site-packages/airflow/example_dags/example_short_circuit_decorator.py for tasks to queue
[2024-10-08T15:22:18.544+0900] {logging_mixin.py:190} INFO - [2024-10-08T15:22:18.544+0900] {dagbag.py:588} INFO - Filling up the DagBag from /Users/alookso/1007MLpj/myenv/lib/python3.10/site-packages/airflow/example_dags/example_short_circuit_decorator.py
[2024-10-08T15:22:18.589+0900] {processor.py:925} INFO - DAG(s) 'example_short_circuit_decorator' retrieved from /Users/alookso/1007MLpj/myenv/lib/python3.10/site-packages/airflow/example_dags/example_short_circuit_decorator.py
[2024-10-08T15:22:18.725+0900] {logging_mixin.py:190} INFO - [2024-10-08T15:22:18.724+0900] {dag.py:3239} INFO - Sync 1 DAGs
[2024-10-08T15:22:18.738+0900] {logging_mixin.py:190} INFO - [2024-10-08T15:22:18.738+0900] {dag.py:4180} INFO - Setting next_dagrun for example_short_circuit_decorator to None, run_after=None
[2024-10-08T15:22:18.758+0900] {processor.py:208} INFO - Processing /Users/alookso/1007MLpj/myenv/lib/python3.10/site-packages/airflow/example_dags/example_short_circuit_decorator.py took 0.220 seconds
[2024-10-08T15:25:24.342+0900] {processor.py:186} INFO - Started process (PID=23522) to work on /Users/alookso/1007MLpj/myenv/lib/python3.10/site-packages/airflow/example_dags/example_short_circuit_decorator.py
[2024-10-08T15:25:24.343+0900] {processor.py:914} INFO - Processing file /Users/alookso/1007MLpj/myenv/lib/python3.10/site-packages/airflow/example_dags/example_short_circuit_decorator.py for tasks to queue
[2024-10-08T15:25:24.344+0900] {logging_mixin.py:190} INFO - [2024-10-08T15:25:24.344+0900] {dagbag.py:588} INFO - Filling up the DagBag from /Users/alookso/1007MLpj/myenv/lib/python3.10/site-packages/airflow/example_dags/example_short_circuit_decorator.py
[2024-10-08T15:25:24.389+0900] {processor.py:925} INFO - DAG(s) 'example_short_circuit_decorator' retrieved from /Users/alookso/1007MLpj/myenv/lib/python3.10/site-packages/airflow/example_dags/example_short_circuit_decorator.py
[2024-10-08T15:25:24.524+0900] {logging_mixin.py:190} INFO - [2024-10-08T15:25:24.524+0900] {dag.py:3239} INFO - Sync 1 DAGs
[2024-10-08T15:25:24.537+0900] {logging_mixin.py:190} INFO - [2024-10-08T15:25:24.536+0900] {dag.py:4180} INFO - Setting next_dagrun for example_short_circuit_decorator to None, run_after=None
[2024-10-08T15:25:24.556+0900] {processor.py:208} INFO - Processing /Users/alookso/1007MLpj/myenv/lib/python3.10/site-packages/airflow/example_dags/example_short_circuit_decorator.py took 0.221 seconds
[2024-10-08T15:28:27.224+0900] {processor.py:186} INFO - Started process (PID=23632) to work on /Users/alookso/1007MLpj/myenv/lib/python3.10/site-packages/airflow/example_dags/example_short_circuit_decorator.py
[2024-10-08T15:28:27.225+0900] {processor.py:914} INFO - Processing file /Users/alookso/1007MLpj/myenv/lib/python3.10/site-packages/airflow/example_dags/example_short_circuit_decorator.py for tasks to queue
[2024-10-08T15:28:27.226+0900] {logging_mixin.py:190} INFO - [2024-10-08T15:28:27.226+0900] {dagbag.py:588} INFO - Filling up the DagBag from /Users/alookso/1007MLpj/myenv/lib/python3.10/site-packages/airflow/example_dags/example_short_circuit_decorator.py
[2024-10-08T15:28:27.271+0900] {processor.py:925} INFO - DAG(s) 'example_short_circuit_decorator' retrieved from /Users/alookso/1007MLpj/myenv/lib/python3.10/site-packages/airflow/example_dags/example_short_circuit_decorator.py
[2024-10-08T15:28:27.409+0900] {logging_mixin.py:190} INFO - [2024-10-08T15:28:27.409+0900] {dag.py:3239} INFO - Sync 1 DAGs
[2024-10-08T15:28:27.433+0900] {logging_mixin.py:190} INFO - [2024-10-08T15:28:27.432+0900] {dag.py:4180} INFO - Setting next_dagrun for example_short_circuit_decorator to None, run_after=None
[2024-10-08T15:28:27.453+0900] {processor.py:208} INFO - Processing /Users/alookso/1007MLpj/myenv/lib/python3.10/site-packages/airflow/example_dags/example_short_circuit_decorator.py took 0.233 seconds
[2024-10-08T15:31:28.157+0900] {processor.py:186} INFO - Started process (PID=23734) to work on /Users/alookso/1007MLpj/myenv/lib/python3.10/site-packages/airflow/example_dags/example_short_circuit_decorator.py
[2024-10-08T15:31:28.157+0900] {processor.py:914} INFO - Processing file /Users/alookso/1007MLpj/myenv/lib/python3.10/site-packages/airflow/example_dags/example_short_circuit_decorator.py for tasks to queue
[2024-10-08T15:31:28.158+0900] {logging_mixin.py:190} INFO - [2024-10-08T15:31:28.158+0900] {dagbag.py:588} INFO - Filling up the DagBag from /Users/alookso/1007MLpj/myenv/lib/python3.10/site-packages/airflow/example_dags/example_short_circuit_decorator.py
[2024-10-08T15:31:28.203+0900] {processor.py:925} INFO - DAG(s) 'example_short_circuit_decorator' retrieved from /Users/alookso/1007MLpj/myenv/lib/python3.10/site-packages/airflow/example_dags/example_short_circuit_decorator.py
[2024-10-08T15:31:28.335+0900] {logging_mixin.py:190} INFO - [2024-10-08T15:31:28.335+0900] {dag.py:3239} INFO - Sync 1 DAGs
[2024-10-08T15:31:28.349+0900] {logging_mixin.py:190} INFO - [2024-10-08T15:31:28.349+0900] {dag.py:4180} INFO - Setting next_dagrun for example_short_circuit_decorator to None, run_after=None
[2024-10-08T15:31:28.369+0900] {processor.py:208} INFO - Processing /Users/alookso/1007MLpj/myenv/lib/python3.10/site-packages/airflow/example_dags/example_short_circuit_decorator.py took 0.217 seconds
[2024-10-08T16:36:49.425+0900] {processor.py:186} INFO - Started process (PID=25009) to work on /Users/alookso/1007MLpj/myenv/lib/python3.10/site-packages/airflow/example_dags/example_short_circuit_decorator.py
[2024-10-08T16:36:49.426+0900] {processor.py:914} INFO - Processing file /Users/alookso/1007MLpj/myenv/lib/python3.10/site-packages/airflow/example_dags/example_short_circuit_decorator.py for tasks to queue
[2024-10-08T16:36:49.427+0900] {logging_mixin.py:190} INFO - [2024-10-08T16:36:49.427+0900] {dagbag.py:588} INFO - Filling up the DagBag from /Users/alookso/1007MLpj/myenv/lib/python3.10/site-packages/airflow/example_dags/example_short_circuit_decorator.py
[2024-10-08T16:36:49.472+0900] {processor.py:925} INFO - DAG(s) 'example_short_circuit_decorator' retrieved from /Users/alookso/1007MLpj/myenv/lib/python3.10/site-packages/airflow/example_dags/example_short_circuit_decorator.py
[2024-10-08T16:36:49.611+0900] {logging_mixin.py:190} INFO - [2024-10-08T16:36:49.610+0900] {dag.py:3239} INFO - Sync 1 DAGs
[2024-10-08T16:36:49.624+0900] {logging_mixin.py:190} INFO - [2024-10-08T16:36:49.624+0900] {dag.py:4180} INFO - Setting next_dagrun for example_short_circuit_decorator to None, run_after=None
[2024-10-08T16:36:49.644+0900] {processor.py:208} INFO - Processing /Users/alookso/1007MLpj/myenv/lib/python3.10/site-packages/airflow/example_dags/example_short_circuit_decorator.py took 0.223 seconds
[2024-10-08T17:28:21.243+0900] {processor.py:186} INFO - Started process (PID=26384) to work on /Users/alookso/1007MLpj/myenv/lib/python3.10/site-packages/airflow/example_dags/example_short_circuit_decorator.py
[2024-10-08T17:28:21.244+0900] {processor.py:914} INFO - Processing file /Users/alookso/1007MLpj/myenv/lib/python3.10/site-packages/airflow/example_dags/example_short_circuit_decorator.py for tasks to queue
[2024-10-08T17:28:21.246+0900] {logging_mixin.py:190} INFO - [2024-10-08T17:28:21.246+0900] {dagbag.py:588} INFO - Filling up the DagBag from /Users/alookso/1007MLpj/myenv/lib/python3.10/site-packages/airflow/example_dags/example_short_circuit_decorator.py
[2024-10-08T17:28:21.298+0900] {processor.py:925} INFO - DAG(s) 'example_short_circuit_decorator' retrieved from /Users/alookso/1007MLpj/myenv/lib/python3.10/site-packages/airflow/example_dags/example_short_circuit_decorator.py
[2024-10-08T17:28:21.432+0900] {logging_mixin.py:190} INFO - [2024-10-08T17:28:21.432+0900] {dag.py:3239} INFO - Sync 1 DAGs
[2024-10-08T17:28:21.445+0900] {logging_mixin.py:190} INFO - [2024-10-08T17:28:21.445+0900] {dag.py:4180} INFO - Setting next_dagrun for example_short_circuit_decorator to None, run_after=None
[2024-10-08T17:28:21.464+0900] {processor.py:208} INFO - Processing /Users/alookso/1007MLpj/myenv/lib/python3.10/site-packages/airflow/example_dags/example_short_circuit_decorator.py took 0.228 seconds
[2024-10-08T17:43:11.449+0900] {processor.py:186} INFO - Started process (PID=26893) to work on /Users/alookso/1007MLpj/myenv/lib/python3.10/site-packages/airflow/example_dags/example_short_circuit_decorator.py
[2024-10-08T17:43:11.450+0900] {processor.py:914} INFO - Processing file /Users/alookso/1007MLpj/myenv/lib/python3.10/site-packages/airflow/example_dags/example_short_circuit_decorator.py for tasks to queue
[2024-10-08T17:43:11.451+0900] {logging_mixin.py:190} INFO - [2024-10-08T17:43:11.451+0900] {dagbag.py:588} INFO - Filling up the DagBag from /Users/alookso/1007MLpj/myenv/lib/python3.10/site-packages/airflow/example_dags/example_short_circuit_decorator.py
[2024-10-08T17:43:11.494+0900] {processor.py:925} INFO - DAG(s) 'example_short_circuit_decorator' retrieved from /Users/alookso/1007MLpj/myenv/lib/python3.10/site-packages/airflow/example_dags/example_short_circuit_decorator.py
[2024-10-08T17:43:11.624+0900] {logging_mixin.py:190} INFO - [2024-10-08T17:43:11.624+0900] {dag.py:3239} INFO - Sync 1 DAGs
[2024-10-08T17:43:11.636+0900] {logging_mixin.py:190} INFO - [2024-10-08T17:43:11.636+0900] {dag.py:4180} INFO - Setting next_dagrun for example_short_circuit_decorator to None, run_after=None
[2024-10-08T17:43:11.655+0900] {processor.py:208} INFO - Processing /Users/alookso/1007MLpj/myenv/lib/python3.10/site-packages/airflow/example_dags/example_short_circuit_decorator.py took 0.210 seconds
[2024-10-08T17:55:35.132+0900] {processor.py:186} INFO - Started process (PID=27323) to work on /Users/alookso/1007MLpj/myenv/lib/python3.10/site-packages/airflow/example_dags/example_short_circuit_decorator.py
[2024-10-08T17:55:35.133+0900] {processor.py:914} INFO - Processing file /Users/alookso/1007MLpj/myenv/lib/python3.10/site-packages/airflow/example_dags/example_short_circuit_decorator.py for tasks to queue
[2024-10-08T17:55:35.134+0900] {logging_mixin.py:190} INFO - [2024-10-08T17:55:35.133+0900] {dagbag.py:588} INFO - Filling up the DagBag from /Users/alookso/1007MLpj/myenv/lib/python3.10/site-packages/airflow/example_dags/example_short_circuit_decorator.py
[2024-10-08T17:55:35.177+0900] {processor.py:925} INFO - DAG(s) 'example_short_circuit_decorator' retrieved from /Users/alookso/1007MLpj/myenv/lib/python3.10/site-packages/airflow/example_dags/example_short_circuit_decorator.py
[2024-10-08T17:55:35.314+0900] {logging_mixin.py:190} INFO - [2024-10-08T17:55:35.313+0900] {dag.py:3239} INFO - Sync 1 DAGs
[2024-10-08T17:55:35.326+0900] {logging_mixin.py:190} INFO - [2024-10-08T17:55:35.326+0900] {dag.py:4180} INFO - Setting next_dagrun for example_short_circuit_decorator to None, run_after=None
[2024-10-08T17:55:35.346+0900] {processor.py:208} INFO - Processing /Users/alookso/1007MLpj/myenv/lib/python3.10/site-packages/airflow/example_dags/example_short_circuit_decorator.py took 0.218 seconds
[2024-10-08T18:00:23.850+0900] {processor.py:186} INFO - Started process (PID=27526) to work on /Users/alookso/1007MLpj/myenv/lib/python3.10/site-packages/airflow/example_dags/example_short_circuit_decorator.py
[2024-10-08T18:00:23.851+0900] {processor.py:914} INFO - Processing file /Users/alookso/1007MLpj/myenv/lib/python3.10/site-packages/airflow/example_dags/example_short_circuit_decorator.py for tasks to queue
[2024-10-08T18:00:23.852+0900] {logging_mixin.py:190} INFO - [2024-10-08T18:00:23.851+0900] {dagbag.py:588} INFO - Filling up the DagBag from /Users/alookso/1007MLpj/myenv/lib/python3.10/site-packages/airflow/example_dags/example_short_circuit_decorator.py
[2024-10-08T18:00:23.895+0900] {processor.py:925} INFO - DAG(s) 'example_short_circuit_decorator' retrieved from /Users/alookso/1007MLpj/myenv/lib/python3.10/site-packages/airflow/example_dags/example_short_circuit_decorator.py
[2024-10-08T18:00:24.027+0900] {logging_mixin.py:190} INFO - [2024-10-08T18:00:24.027+0900] {dag.py:3239} INFO - Sync 1 DAGs
[2024-10-08T18:00:24.040+0900] {logging_mixin.py:190} INFO - [2024-10-08T18:00:24.039+0900] {dag.py:4180} INFO - Setting next_dagrun for example_short_circuit_decorator to None, run_after=None
[2024-10-08T18:00:24.059+0900] {processor.py:208} INFO - Processing /Users/alookso/1007MLpj/myenv/lib/python3.10/site-packages/airflow/example_dags/example_short_circuit_decorator.py took 0.214 seconds
[2024-10-08T18:04:04.857+0900] {processor.py:186} INFO - Started process (PID=27661) to work on /Users/alookso/1007MLpj/myenv/lib/python3.10/site-packages/airflow/example_dags/example_short_circuit_decorator.py
[2024-10-08T18:04:04.858+0900] {processor.py:914} INFO - Processing file /Users/alookso/1007MLpj/myenv/lib/python3.10/site-packages/airflow/example_dags/example_short_circuit_decorator.py for tasks to queue
[2024-10-08T18:04:04.859+0900] {logging_mixin.py:190} INFO - [2024-10-08T18:04:04.859+0900] {dagbag.py:588} INFO - Filling up the DagBag from /Users/alookso/1007MLpj/myenv/lib/python3.10/site-packages/airflow/example_dags/example_short_circuit_decorator.py
[2024-10-08T18:04:04.902+0900] {processor.py:925} INFO - DAG(s) 'example_short_circuit_decorator' retrieved from /Users/alookso/1007MLpj/myenv/lib/python3.10/site-packages/airflow/example_dags/example_short_circuit_decorator.py
[2024-10-08T18:04:05.036+0900] {logging_mixin.py:190} INFO - [2024-10-08T18:04:05.036+0900] {dag.py:3239} INFO - Sync 1 DAGs
[2024-10-08T18:04:05.049+0900] {logging_mixin.py:190} INFO - [2024-10-08T18:04:05.049+0900] {dag.py:4180} INFO - Setting next_dagrun for example_short_circuit_decorator to None, run_after=None
[2024-10-08T18:04:05.069+0900] {processor.py:208} INFO - Processing /Users/alookso/1007MLpj/myenv/lib/python3.10/site-packages/airflow/example_dags/example_short_circuit_decorator.py took 0.216 seconds
[2024-10-08T18:06:32.155+0900] {processor.py:186} INFO - Started process (PID=27765) to work on /Users/alookso/1007MLpj/myenv/lib/python3.10/site-packages/airflow/example_dags/example_short_circuit_decorator.py
[2024-10-08T18:06:32.156+0900] {processor.py:914} INFO - Processing file /Users/alookso/1007MLpj/myenv/lib/python3.10/site-packages/airflow/example_dags/example_short_circuit_decorator.py for tasks to queue
[2024-10-08T18:06:32.157+0900] {logging_mixin.py:190} INFO - [2024-10-08T18:06:32.157+0900] {dagbag.py:588} INFO - Filling up the DagBag from /Users/alookso/1007MLpj/myenv/lib/python3.10/site-packages/airflow/example_dags/example_short_circuit_decorator.py
[2024-10-08T18:06:32.205+0900] {processor.py:925} INFO - DAG(s) 'example_short_circuit_decorator' retrieved from /Users/alookso/1007MLpj/myenv/lib/python3.10/site-packages/airflow/example_dags/example_short_circuit_decorator.py
[2024-10-08T18:06:32.343+0900] {logging_mixin.py:190} INFO - [2024-10-08T18:06:32.343+0900] {dag.py:3239} INFO - Sync 1 DAGs
[2024-10-08T18:06:32.356+0900] {logging_mixin.py:190} INFO - [2024-10-08T18:06:32.356+0900] {dag.py:4180} INFO - Setting next_dagrun for example_short_circuit_decorator to None, run_after=None
[2024-10-08T18:06:32.375+0900] {processor.py:208} INFO - Processing /Users/alookso/1007MLpj/myenv/lib/python3.10/site-packages/airflow/example_dags/example_short_circuit_decorator.py took 0.225 seconds
[2024-10-08T18:10:10.450+0900] {processor.py:186} INFO - Started process (PID=27862) to work on /Users/alookso/1007MLpj/myenv/lib/python3.10/site-packages/airflow/example_dags/example_short_circuit_decorator.py
[2024-10-08T18:10:10.451+0900] {processor.py:914} INFO - Processing file /Users/alookso/1007MLpj/myenv/lib/python3.10/site-packages/airflow/example_dags/example_short_circuit_decorator.py for tasks to queue
[2024-10-08T18:10:10.452+0900] {logging_mixin.py:190} INFO - [2024-10-08T18:10:10.452+0900] {dagbag.py:588} INFO - Filling up the DagBag from /Users/alookso/1007MLpj/myenv/lib/python3.10/site-packages/airflow/example_dags/example_short_circuit_decorator.py
[2024-10-08T18:10:10.495+0900] {processor.py:925} INFO - DAG(s) 'example_short_circuit_decorator' retrieved from /Users/alookso/1007MLpj/myenv/lib/python3.10/site-packages/airflow/example_dags/example_short_circuit_decorator.py
[2024-10-08T18:10:10.633+0900] {logging_mixin.py:190} INFO - [2024-10-08T18:10:10.632+0900] {dag.py:3239} INFO - Sync 1 DAGs
[2024-10-08T18:10:10.646+0900] {logging_mixin.py:190} INFO - [2024-10-08T18:10:10.645+0900] {dag.py:4180} INFO - Setting next_dagrun for example_short_circuit_decorator to None, run_after=None
[2024-10-08T18:10:10.664+0900] {processor.py:208} INFO - Processing /Users/alookso/1007MLpj/myenv/lib/python3.10/site-packages/airflow/example_dags/example_short_circuit_decorator.py took 0.219 seconds
[2024-10-08T18:13:22.296+0900] {processor.py:186} INFO - Started process (PID=27962) to work on /Users/alookso/1007MLpj/myenv/lib/python3.10/site-packages/airflow/example_dags/example_short_circuit_decorator.py
[2024-10-08T18:13:22.297+0900] {processor.py:914} INFO - Processing file /Users/alookso/1007MLpj/myenv/lib/python3.10/site-packages/airflow/example_dags/example_short_circuit_decorator.py for tasks to queue
[2024-10-08T18:13:22.298+0900] {logging_mixin.py:190} INFO - [2024-10-08T18:13:22.298+0900] {dagbag.py:588} INFO - Filling up the DagBag from /Users/alookso/1007MLpj/myenv/lib/python3.10/site-packages/airflow/example_dags/example_short_circuit_decorator.py
[2024-10-08T18:13:22.342+0900] {processor.py:925} INFO - DAG(s) 'example_short_circuit_decorator' retrieved from /Users/alookso/1007MLpj/myenv/lib/python3.10/site-packages/airflow/example_dags/example_short_circuit_decorator.py
[2024-10-08T18:13:22.472+0900] {logging_mixin.py:190} INFO - [2024-10-08T18:13:22.472+0900] {dag.py:3239} INFO - Sync 1 DAGs
[2024-10-08T18:13:22.485+0900] {logging_mixin.py:190} INFO - [2024-10-08T18:13:22.485+0900] {dag.py:4180} INFO - Setting next_dagrun for example_short_circuit_decorator to None, run_after=None
[2024-10-08T18:13:22.504+0900] {processor.py:208} INFO - Processing /Users/alookso/1007MLpj/myenv/lib/python3.10/site-packages/airflow/example_dags/example_short_circuit_decorator.py took 0.212 seconds
[2024-10-08T18:16:31.188+0900] {processor.py:186} INFO - Started process (PID=28066) to work on /Users/alookso/1007MLpj/myenv/lib/python3.10/site-packages/airflow/example_dags/example_short_circuit_decorator.py
[2024-10-08T18:16:31.188+0900] {processor.py:914} INFO - Processing file /Users/alookso/1007MLpj/myenv/lib/python3.10/site-packages/airflow/example_dags/example_short_circuit_decorator.py for tasks to queue
[2024-10-08T18:16:31.189+0900] {logging_mixin.py:190} INFO - [2024-10-08T18:16:31.189+0900] {dagbag.py:588} INFO - Filling up the DagBag from /Users/alookso/1007MLpj/myenv/lib/python3.10/site-packages/airflow/example_dags/example_short_circuit_decorator.py
[2024-10-08T18:16:31.233+0900] {processor.py:925} INFO - DAG(s) 'example_short_circuit_decorator' retrieved from /Users/alookso/1007MLpj/myenv/lib/python3.10/site-packages/airflow/example_dags/example_short_circuit_decorator.py
[2024-10-08T18:16:31.367+0900] {logging_mixin.py:190} INFO - [2024-10-08T18:16:31.367+0900] {dag.py:3239} INFO - Sync 1 DAGs
[2024-10-08T18:16:31.380+0900] {logging_mixin.py:190} INFO - [2024-10-08T18:16:31.379+0900] {dag.py:4180} INFO - Setting next_dagrun for example_short_circuit_decorator to None, run_after=None
[2024-10-08T18:16:31.399+0900] {processor.py:208} INFO - Processing /Users/alookso/1007MLpj/myenv/lib/python3.10/site-packages/airflow/example_dags/example_short_circuit_decorator.py took 0.217 seconds
[2024-10-08T18:19:43.632+0900] {processor.py:186} INFO - Started process (PID=28158) to work on /Users/alookso/1007MLpj/myenv/lib/python3.10/site-packages/airflow/example_dags/example_short_circuit_decorator.py
[2024-10-08T18:19:43.633+0900] {processor.py:914} INFO - Processing file /Users/alookso/1007MLpj/myenv/lib/python3.10/site-packages/airflow/example_dags/example_short_circuit_decorator.py for tasks to queue
[2024-10-08T18:19:43.634+0900] {logging_mixin.py:190} INFO - [2024-10-08T18:19:43.634+0900] {dagbag.py:588} INFO - Filling up the DagBag from /Users/alookso/1007MLpj/myenv/lib/python3.10/site-packages/airflow/example_dags/example_short_circuit_decorator.py
[2024-10-08T18:19:43.681+0900] {processor.py:925} INFO - DAG(s) 'example_short_circuit_decorator' retrieved from /Users/alookso/1007MLpj/myenv/lib/python3.10/site-packages/airflow/example_dags/example_short_circuit_decorator.py
[2024-10-08T18:19:43.819+0900] {logging_mixin.py:190} INFO - [2024-10-08T18:19:43.819+0900] {dag.py:3239} INFO - Sync 1 DAGs
[2024-10-08T18:19:43.832+0900] {logging_mixin.py:190} INFO - [2024-10-08T18:19:43.832+0900] {dag.py:4180} INFO - Setting next_dagrun for example_short_circuit_decorator to None, run_after=None
[2024-10-08T18:19:43.851+0900] {processor.py:208} INFO - Processing /Users/alookso/1007MLpj/myenv/lib/python3.10/site-packages/airflow/example_dags/example_short_circuit_decorator.py took 0.225 seconds
[2024-10-08T18:47:02.782+0900] {processor.py:186} INFO - Started process (PID=29268) to work on /Users/alookso/1007MLpj/myenv/lib/python3.10/site-packages/airflow/example_dags/example_short_circuit_decorator.py
[2024-10-08T18:47:02.783+0900] {processor.py:914} INFO - Processing file /Users/alookso/1007MLpj/myenv/lib/python3.10/site-packages/airflow/example_dags/example_short_circuit_decorator.py for tasks to queue
[2024-10-08T18:47:02.784+0900] {logging_mixin.py:190} INFO - [2024-10-08T18:47:02.784+0900] {dagbag.py:588} INFO - Filling up the DagBag from /Users/alookso/1007MLpj/myenv/lib/python3.10/site-packages/airflow/example_dags/example_short_circuit_decorator.py
[2024-10-08T18:47:02.827+0900] {processor.py:925} INFO - DAG(s) 'example_short_circuit_decorator' retrieved from /Users/alookso/1007MLpj/myenv/lib/python3.10/site-packages/airflow/example_dags/example_short_circuit_decorator.py
[2024-10-08T18:47:02.962+0900] {logging_mixin.py:190} INFO - [2024-10-08T18:47:02.962+0900] {dag.py:3239} INFO - Sync 1 DAGs
[2024-10-08T18:47:02.977+0900] {logging_mixin.py:190} INFO - [2024-10-08T18:47:02.976+0900] {dag.py:4180} INFO - Setting next_dagrun for example_short_circuit_decorator to None, run_after=None
[2024-10-08T18:47:02.996+0900] {processor.py:208} INFO - Processing /Users/alookso/1007MLpj/myenv/lib/python3.10/site-packages/airflow/example_dags/example_short_circuit_decorator.py took 0.218 seconds
