[2024-10-08T14:45:31.174+0900] {processor.py:186} INFO - Started process (PID=22285) to work on /Users/alookso/1007MLpj/myenv/lib/python3.10/site-packages/airflow/example_dags/example_inlet_event_extra.py
[2024-10-08T14:45:31.175+0900] {processor.py:914} INFO - Processing file /Users/alookso/1007MLpj/myenv/lib/python3.10/site-packages/airflow/example_dags/example_inlet_event_extra.py for tasks to queue
[2024-10-08T14:45:31.176+0900] {logging_mixin.py:190} INFO - [2024-10-08T14:45:31.176+0900] {dagbag.py:588} INFO - Filling up the DagBag from /Users/alookso/1007MLpj/myenv/lib/python3.10/site-packages/airflow/example_dags/example_inlet_event_extra.py
[2024-10-08T14:45:31.263+0900] {processor.py:925} INFO - DAG(s) 'read_dataset_event', 'read_dataset_event_from_classic' retrieved from /Users/alookso/1007MLpj/myenv/lib/python3.10/site-packages/airflow/example_dags/example_inlet_event_extra.py
[2024-10-08T14:45:31.505+0900] {logging_mixin.py:190} INFO - [2024-10-08T14:45:31.504+0900] {override.py:1901} INFO - Created Permission View: can edit on DAG:read_dataset_event
[2024-10-08T14:45:31.515+0900] {logging_mixin.py:190} INFO - [2024-10-08T14:45:31.515+0900] {override.py:1901} INFO - Created Permission View: can read on DAG:read_dataset_event
[2024-10-08T14:45:31.523+0900] {logging_mixin.py:190} INFO - [2024-10-08T14:45:31.523+0900] {override.py:1901} INFO - Created Permission View: can delete on DAG:read_dataset_event
[2024-10-08T14:45:31.533+0900] {logging_mixin.py:190} INFO - [2024-10-08T14:45:31.532+0900] {override.py:1901} INFO - Created Permission View: can create on DAG Run:read_dataset_event
[2024-10-08T14:45:31.541+0900] {logging_mixin.py:190} INFO - [2024-10-08T14:45:31.540+0900] {override.py:1901} INFO - Created Permission View: can read on DAG Run:read_dataset_event
[2024-10-08T14:45:31.548+0900] {logging_mixin.py:190} INFO - [2024-10-08T14:45:31.548+0900] {override.py:1901} INFO - Created Permission View: can delete on DAG Run:read_dataset_event
[2024-10-08T14:45:31.556+0900] {logging_mixin.py:190} INFO - [2024-10-08T14:45:31.555+0900] {override.py:1901} INFO - Created Permission View: menu access on DAG Run:read_dataset_event
[2024-10-08T14:45:31.570+0900] {logging_mixin.py:190} INFO - [2024-10-08T14:45:31.570+0900] {override.py:1901} INFO - Created Permission View: can edit on DAG:read_dataset_event_from_classic
[2024-10-08T14:45:31.578+0900] {logging_mixin.py:190} INFO - [2024-10-08T14:45:31.577+0900] {override.py:1901} INFO - Created Permission View: can read on DAG:read_dataset_event_from_classic
[2024-10-08T14:45:31.585+0900] {logging_mixin.py:190} INFO - [2024-10-08T14:45:31.584+0900] {override.py:1901} INFO - Created Permission View: can delete on DAG:read_dataset_event_from_classic
[2024-10-08T14:45:31.595+0900] {logging_mixin.py:190} INFO - [2024-10-08T14:45:31.594+0900] {override.py:1901} INFO - Created Permission View: can create on DAG Run:read_dataset_event_from_classic
[2024-10-08T14:45:31.602+0900] {logging_mixin.py:190} INFO - [2024-10-08T14:45:31.602+0900] {override.py:1901} INFO - Created Permission View: can read on DAG Run:read_dataset_event_from_classic
[2024-10-08T14:45:31.610+0900] {logging_mixin.py:190} INFO - [2024-10-08T14:45:31.609+0900] {override.py:1901} INFO - Created Permission View: can delete on DAG Run:read_dataset_event_from_classic
[2024-10-08T14:45:31.617+0900] {logging_mixin.py:190} INFO - [2024-10-08T14:45:31.616+0900] {override.py:1901} INFO - Created Permission View: menu access on DAG Run:read_dataset_event_from_classic
[2024-10-08T14:45:31.617+0900] {logging_mixin.py:190} INFO - [2024-10-08T14:45:31.617+0900] {dag.py:3239} INFO - Sync 2 DAGs
[2024-10-08T14:45:31.631+0900] {logging_mixin.py:190} INFO - [2024-10-08T14:45:31.631+0900] {dag.py:3262} INFO - Creating ORM DAG for read_dataset_event_from_classic
[2024-10-08T14:45:31.632+0900] {logging_mixin.py:190} INFO - [2024-10-08T14:45:31.632+0900] {dag.py:3262} INFO - Creating ORM DAG for read_dataset_event
[2024-10-08T14:45:31.642+0900] {logging_mixin.py:190} INFO - [2024-10-08T14:45:31.642+0900] {dag.py:4180} INFO - Setting next_dagrun for read_dataset_event to 2024-10-07T00:00:00+00:00, run_after=2024-10-08T00:00:00+00:00
[2024-10-08T14:45:31.644+0900] {logging_mixin.py:190} INFO - [2024-10-08T14:45:31.644+0900] {dag.py:4180} INFO - Setting next_dagrun for read_dataset_event_from_classic to 2024-10-07T00:00:00+00:00, run_after=2024-10-08T00:00:00+00:00
[2024-10-08T14:45:31.665+0900] {processor.py:208} INFO - Processing /Users/alookso/1007MLpj/myenv/lib/python3.10/site-packages/airflow/example_dags/example_inlet_event_extra.py took 0.495 seconds
[2024-10-08T14:49:12.228+0900] {processor.py:186} INFO - Started process (PID=22379) to work on /Users/alookso/1007MLpj/myenv/lib/python3.10/site-packages/airflow/example_dags/example_inlet_event_extra.py
[2024-10-08T14:49:12.229+0900] {processor.py:914} INFO - Processing file /Users/alookso/1007MLpj/myenv/lib/python3.10/site-packages/airflow/example_dags/example_inlet_event_extra.py for tasks to queue
[2024-10-08T14:49:12.230+0900] {logging_mixin.py:190} INFO - [2024-10-08T14:49:12.229+0900] {dagbag.py:588} INFO - Filling up the DagBag from /Users/alookso/1007MLpj/myenv/lib/python3.10/site-packages/airflow/example_dags/example_inlet_event_extra.py
[2024-10-08T14:49:12.315+0900] {processor.py:925} INFO - DAG(s) 'read_dataset_event_from_classic', 'read_dataset_event' retrieved from /Users/alookso/1007MLpj/myenv/lib/python3.10/site-packages/airflow/example_dags/example_inlet_event_extra.py
[2024-10-08T14:49:12.446+0900] {logging_mixin.py:190} INFO - [2024-10-08T14:49:12.446+0900] {dag.py:3239} INFO - Sync 2 DAGs
[2024-10-08T14:49:12.470+0900] {logging_mixin.py:190} INFO - [2024-10-08T14:49:12.469+0900] {dag.py:4180} INFO - Setting next_dagrun for read_dataset_event to 2024-10-07T00:00:00+00:00, run_after=2024-10-08T00:00:00+00:00
[2024-10-08T14:49:12.475+0900] {logging_mixin.py:190} INFO - [2024-10-08T14:49:12.475+0900] {dag.py:4180} INFO - Setting next_dagrun for read_dataset_event_from_classic to 2024-10-07T00:00:00+00:00, run_after=2024-10-08T00:00:00+00:00
[2024-10-08T14:49:12.493+0900] {processor.py:208} INFO - Processing /Users/alookso/1007MLpj/myenv/lib/python3.10/site-packages/airflow/example_dags/example_inlet_event_extra.py took 0.271 seconds
[2024-10-08T14:52:21.148+0900] {processor.py:186} INFO - Started process (PID=22472) to work on /Users/alookso/1007MLpj/myenv/lib/python3.10/site-packages/airflow/example_dags/example_inlet_event_extra.py
[2024-10-08T14:52:21.149+0900] {processor.py:914} INFO - Processing file /Users/alookso/1007MLpj/myenv/lib/python3.10/site-packages/airflow/example_dags/example_inlet_event_extra.py for tasks to queue
[2024-10-08T14:52:21.150+0900] {logging_mixin.py:190} INFO - [2024-10-08T14:52:21.149+0900] {dagbag.py:588} INFO - Filling up the DagBag from /Users/alookso/1007MLpj/myenv/lib/python3.10/site-packages/airflow/example_dags/example_inlet_event_extra.py
[2024-10-08T14:52:21.235+0900] {processor.py:925} INFO - DAG(s) 'read_dataset_event', 'read_dataset_event_from_classic' retrieved from /Users/alookso/1007MLpj/myenv/lib/python3.10/site-packages/airflow/example_dags/example_inlet_event_extra.py
[2024-10-08T14:52:21.367+0900] {logging_mixin.py:190} INFO - [2024-10-08T14:52:21.366+0900] {dag.py:3239} INFO - Sync 2 DAGs
[2024-10-08T14:52:21.390+0900] {logging_mixin.py:190} INFO - [2024-10-08T14:52:21.390+0900] {dag.py:4180} INFO - Setting next_dagrun for read_dataset_event to 2024-10-07T00:00:00+00:00, run_after=2024-10-08T00:00:00+00:00
[2024-10-08T14:52:21.395+0900] {logging_mixin.py:190} INFO - [2024-10-08T14:52:21.395+0900] {dag.py:4180} INFO - Setting next_dagrun for read_dataset_event_from_classic to 2024-10-07T00:00:00+00:00, run_after=2024-10-08T00:00:00+00:00
[2024-10-08T14:52:21.413+0900] {processor.py:208} INFO - Processing /Users/alookso/1007MLpj/myenv/lib/python3.10/site-packages/airflow/example_dags/example_inlet_event_extra.py took 0.270 seconds
[2024-10-08T14:55:26.860+0900] {processor.py:186} INFO - Started process (PID=22597) to work on /Users/alookso/1007MLpj/myenv/lib/python3.10/site-packages/airflow/example_dags/example_inlet_event_extra.py
[2024-10-08T14:55:26.861+0900] {processor.py:914} INFO - Processing file /Users/alookso/1007MLpj/myenv/lib/python3.10/site-packages/airflow/example_dags/example_inlet_event_extra.py for tasks to queue
[2024-10-08T14:55:26.862+0900] {logging_mixin.py:190} INFO - [2024-10-08T14:55:26.862+0900] {dagbag.py:588} INFO - Filling up the DagBag from /Users/alookso/1007MLpj/myenv/lib/python3.10/site-packages/airflow/example_dags/example_inlet_event_extra.py
[2024-10-08T14:55:26.945+0900] {processor.py:925} INFO - DAG(s) 'read_dataset_event', 'read_dataset_event_from_classic' retrieved from /Users/alookso/1007MLpj/myenv/lib/python3.10/site-packages/airflow/example_dags/example_inlet_event_extra.py
[2024-10-08T14:55:27.078+0900] {logging_mixin.py:190} INFO - [2024-10-08T14:55:27.078+0900] {dag.py:3239} INFO - Sync 2 DAGs
[2024-10-08T14:55:27.102+0900] {logging_mixin.py:190} INFO - [2024-10-08T14:55:27.102+0900] {dag.py:4180} INFO - Setting next_dagrun for read_dataset_event to 2024-10-07T00:00:00+00:00, run_after=2024-10-08T00:00:00+00:00
[2024-10-08T14:55:27.107+0900] {logging_mixin.py:190} INFO - [2024-10-08T14:55:27.107+0900] {dag.py:4180} INFO - Setting next_dagrun for read_dataset_event_from_classic to 2024-10-07T00:00:00+00:00, run_after=2024-10-08T00:00:00+00:00
[2024-10-08T14:55:27.125+0900] {processor.py:208} INFO - Processing /Users/alookso/1007MLpj/myenv/lib/python3.10/site-packages/airflow/example_dags/example_inlet_event_extra.py took 0.269 seconds
[2024-10-08T14:58:33.887+0900] {processor.py:186} INFO - Started process (PID=22698) to work on /Users/alookso/1007MLpj/myenv/lib/python3.10/site-packages/airflow/example_dags/example_inlet_event_extra.py
[2024-10-08T14:58:33.888+0900] {processor.py:914} INFO - Processing file /Users/alookso/1007MLpj/myenv/lib/python3.10/site-packages/airflow/example_dags/example_inlet_event_extra.py for tasks to queue
[2024-10-08T14:58:33.889+0900] {logging_mixin.py:190} INFO - [2024-10-08T14:58:33.889+0900] {dagbag.py:588} INFO - Filling up the DagBag from /Users/alookso/1007MLpj/myenv/lib/python3.10/site-packages/airflow/example_dags/example_inlet_event_extra.py
[2024-10-08T14:58:33.982+0900] {processor.py:925} INFO - DAG(s) 'read_dataset_event_from_classic', 'read_dataset_event' retrieved from /Users/alookso/1007MLpj/myenv/lib/python3.10/site-packages/airflow/example_dags/example_inlet_event_extra.py
[2024-10-08T14:58:34.127+0900] {logging_mixin.py:190} INFO - [2024-10-08T14:58:34.127+0900] {dag.py:3239} INFO - Sync 2 DAGs
[2024-10-08T14:58:34.152+0900] {logging_mixin.py:190} INFO - [2024-10-08T14:58:34.152+0900] {dag.py:4180} INFO - Setting next_dagrun for read_dataset_event to 2024-10-07T00:00:00+00:00, run_after=2024-10-08T00:00:00+00:00
[2024-10-08T14:58:34.159+0900] {logging_mixin.py:190} INFO - [2024-10-08T14:58:34.158+0900] {dag.py:4180} INFO - Setting next_dagrun for read_dataset_event_from_classic to 2024-10-07T00:00:00+00:00, run_after=2024-10-08T00:00:00+00:00
[2024-10-08T14:58:34.178+0900] {processor.py:208} INFO - Processing /Users/alookso/1007MLpj/myenv/lib/python3.10/site-packages/airflow/example_dags/example_inlet_event_extra.py took 0.296 seconds
[2024-10-08T15:01:46.295+0900] {processor.py:186} INFO - Started process (PID=22801) to work on /Users/alookso/1007MLpj/myenv/lib/python3.10/site-packages/airflow/example_dags/example_inlet_event_extra.py
[2024-10-08T15:01:46.296+0900] {processor.py:914} INFO - Processing file /Users/alookso/1007MLpj/myenv/lib/python3.10/site-packages/airflow/example_dags/example_inlet_event_extra.py for tasks to queue
[2024-10-08T15:01:46.296+0900] {logging_mixin.py:190} INFO - [2024-10-08T15:01:46.296+0900] {dagbag.py:588} INFO - Filling up the DagBag from /Users/alookso/1007MLpj/myenv/lib/python3.10/site-packages/airflow/example_dags/example_inlet_event_extra.py
[2024-10-08T15:01:46.382+0900] {processor.py:925} INFO - DAG(s) 'read_dataset_event', 'read_dataset_event_from_classic' retrieved from /Users/alookso/1007MLpj/myenv/lib/python3.10/site-packages/airflow/example_dags/example_inlet_event_extra.py
[2024-10-08T15:01:46.515+0900] {logging_mixin.py:190} INFO - [2024-10-08T15:01:46.515+0900] {dag.py:3239} INFO - Sync 2 DAGs
[2024-10-08T15:01:46.539+0900] {logging_mixin.py:190} INFO - [2024-10-08T15:01:46.539+0900] {dag.py:4180} INFO - Setting next_dagrun for read_dataset_event to 2024-10-07T00:00:00+00:00, run_after=2024-10-08T00:00:00+00:00
[2024-10-08T15:01:46.544+0900] {logging_mixin.py:190} INFO - [2024-10-08T15:01:46.544+0900] {dag.py:4180} INFO - Setting next_dagrun for read_dataset_event_from_classic to 2024-10-07T00:00:00+00:00, run_after=2024-10-08T00:00:00+00:00
[2024-10-08T15:01:46.562+0900] {processor.py:208} INFO - Processing /Users/alookso/1007MLpj/myenv/lib/python3.10/site-packages/airflow/example_dags/example_inlet_event_extra.py took 0.272 seconds
[2024-10-08T15:04:52.422+0900] {processor.py:186} INFO - Started process (PID=22881) to work on /Users/alookso/1007MLpj/myenv/lib/python3.10/site-packages/airflow/example_dags/example_inlet_event_extra.py
[2024-10-08T15:04:52.423+0900] {processor.py:914} INFO - Processing file /Users/alookso/1007MLpj/myenv/lib/python3.10/site-packages/airflow/example_dags/example_inlet_event_extra.py for tasks to queue
[2024-10-08T15:04:52.424+0900] {logging_mixin.py:190} INFO - [2024-10-08T15:04:52.424+0900] {dagbag.py:588} INFO - Filling up the DagBag from /Users/alookso/1007MLpj/myenv/lib/python3.10/site-packages/airflow/example_dags/example_inlet_event_extra.py
[2024-10-08T15:04:52.508+0900] {processor.py:925} INFO - DAG(s) 'read_dataset_event_from_classic', 'read_dataset_event' retrieved from /Users/alookso/1007MLpj/myenv/lib/python3.10/site-packages/airflow/example_dags/example_inlet_event_extra.py
[2024-10-08T15:04:52.640+0900] {logging_mixin.py:190} INFO - [2024-10-08T15:04:52.640+0900] {dag.py:3239} INFO - Sync 2 DAGs
[2024-10-08T15:04:52.663+0900] {logging_mixin.py:190} INFO - [2024-10-08T15:04:52.663+0900] {dag.py:4180} INFO - Setting next_dagrun for read_dataset_event to 2024-10-07T00:00:00+00:00, run_after=2024-10-08T00:00:00+00:00
[2024-10-08T15:04:52.668+0900] {logging_mixin.py:190} INFO - [2024-10-08T15:04:52.668+0900] {dag.py:4180} INFO - Setting next_dagrun for read_dataset_event_from_classic to 2024-10-07T00:00:00+00:00, run_after=2024-10-08T00:00:00+00:00
[2024-10-08T15:04:52.686+0900] {processor.py:208} INFO - Processing /Users/alookso/1007MLpj/myenv/lib/python3.10/site-packages/airflow/example_dags/example_inlet_event_extra.py took 0.268 seconds
[2024-10-08T15:07:57.838+0900] {processor.py:186} INFO - Started process (PID=22992) to work on /Users/alookso/1007MLpj/myenv/lib/python3.10/site-packages/airflow/example_dags/example_inlet_event_extra.py
[2024-10-08T15:07:57.839+0900] {processor.py:914} INFO - Processing file /Users/alookso/1007MLpj/myenv/lib/python3.10/site-packages/airflow/example_dags/example_inlet_event_extra.py for tasks to queue
[2024-10-08T15:07:57.840+0900] {logging_mixin.py:190} INFO - [2024-10-08T15:07:57.840+0900] {dagbag.py:588} INFO - Filling up the DagBag from /Users/alookso/1007MLpj/myenv/lib/python3.10/site-packages/airflow/example_dags/example_inlet_event_extra.py
[2024-10-08T15:07:57.923+0900] {processor.py:925} INFO - DAG(s) 'read_dataset_event', 'read_dataset_event_from_classic' retrieved from /Users/alookso/1007MLpj/myenv/lib/python3.10/site-packages/airflow/example_dags/example_inlet_event_extra.py
[2024-10-08T15:07:58.055+0900] {logging_mixin.py:190} INFO - [2024-10-08T15:07:58.055+0900] {dag.py:3239} INFO - Sync 2 DAGs
[2024-10-08T15:07:58.082+0900] {logging_mixin.py:190} INFO - [2024-10-08T15:07:58.082+0900] {dag.py:4180} INFO - Setting next_dagrun for read_dataset_event to 2024-10-07T00:00:00+00:00, run_after=2024-10-08T00:00:00+00:00
[2024-10-08T15:07:58.087+0900] {logging_mixin.py:190} INFO - [2024-10-08T15:07:58.087+0900] {dag.py:4180} INFO - Setting next_dagrun for read_dataset_event_from_classic to 2024-10-07T00:00:00+00:00, run_after=2024-10-08T00:00:00+00:00
[2024-10-08T15:07:58.104+0900] {processor.py:208} INFO - Processing /Users/alookso/1007MLpj/myenv/lib/python3.10/site-packages/airflow/example_dags/example_inlet_event_extra.py took 0.271 seconds
[2024-10-08T15:11:01.419+0900] {processor.py:186} INFO - Started process (PID=23106) to work on /Users/alookso/1007MLpj/myenv/lib/python3.10/site-packages/airflow/example_dags/example_inlet_event_extra.py
[2024-10-08T15:11:01.420+0900] {processor.py:914} INFO - Processing file /Users/alookso/1007MLpj/myenv/lib/python3.10/site-packages/airflow/example_dags/example_inlet_event_extra.py for tasks to queue
[2024-10-08T15:11:01.421+0900] {logging_mixin.py:190} INFO - [2024-10-08T15:11:01.421+0900] {dagbag.py:588} INFO - Filling up the DagBag from /Users/alookso/1007MLpj/myenv/lib/python3.10/site-packages/airflow/example_dags/example_inlet_event_extra.py
[2024-10-08T15:11:01.503+0900] {processor.py:925} INFO - DAG(s) 'read_dataset_event_from_classic', 'read_dataset_event' retrieved from /Users/alookso/1007MLpj/myenv/lib/python3.10/site-packages/airflow/example_dags/example_inlet_event_extra.py
[2024-10-08T15:11:01.634+0900] {logging_mixin.py:190} INFO - [2024-10-08T15:11:01.634+0900] {dag.py:3239} INFO - Sync 2 DAGs
[2024-10-08T15:11:01.657+0900] {logging_mixin.py:190} INFO - [2024-10-08T15:11:01.657+0900] {dag.py:4180} INFO - Setting next_dagrun for read_dataset_event to 2024-10-07T00:00:00+00:00, run_after=2024-10-08T00:00:00+00:00
[2024-10-08T15:11:01.662+0900] {logging_mixin.py:190} INFO - [2024-10-08T15:11:01.662+0900] {dag.py:4180} INFO - Setting next_dagrun for read_dataset_event_from_classic to 2024-10-07T00:00:00+00:00, run_after=2024-10-08T00:00:00+00:00
[2024-10-08T15:11:01.679+0900] {processor.py:208} INFO - Processing /Users/alookso/1007MLpj/myenv/lib/python3.10/site-packages/airflow/example_dags/example_inlet_event_extra.py took 0.264 seconds
[2024-10-08T15:14:01.190+0900] {processor.py:186} INFO - Started process (PID=23186) to work on /Users/alookso/1007MLpj/myenv/lib/python3.10/site-packages/airflow/example_dags/example_inlet_event_extra.py
[2024-10-08T15:14:01.191+0900] {processor.py:914} INFO - Processing file /Users/alookso/1007MLpj/myenv/lib/python3.10/site-packages/airflow/example_dags/example_inlet_event_extra.py for tasks to queue
[2024-10-08T15:14:01.192+0900] {logging_mixin.py:190} INFO - [2024-10-08T15:14:01.192+0900] {dagbag.py:588} INFO - Filling up the DagBag from /Users/alookso/1007MLpj/myenv/lib/python3.10/site-packages/airflow/example_dags/example_inlet_event_extra.py
[2024-10-08T15:14:01.275+0900] {processor.py:925} INFO - DAG(s) 'read_dataset_event_from_classic', 'read_dataset_event' retrieved from /Users/alookso/1007MLpj/myenv/lib/python3.10/site-packages/airflow/example_dags/example_inlet_event_extra.py
[2024-10-08T15:14:01.406+0900] {logging_mixin.py:190} INFO - [2024-10-08T15:14:01.406+0900] {dag.py:3239} INFO - Sync 2 DAGs
[2024-10-08T15:14:01.429+0900] {logging_mixin.py:190} INFO - [2024-10-08T15:14:01.429+0900] {dag.py:4180} INFO - Setting next_dagrun for read_dataset_event to 2024-10-07T00:00:00+00:00, run_after=2024-10-08T00:00:00+00:00
[2024-10-08T15:14:01.434+0900] {logging_mixin.py:190} INFO - [2024-10-08T15:14:01.434+0900] {dag.py:4180} INFO - Setting next_dagrun for read_dataset_event_from_classic to 2024-10-07T00:00:00+00:00, run_after=2024-10-08T00:00:00+00:00
[2024-10-08T15:14:01.451+0900] {processor.py:208} INFO - Processing /Users/alookso/1007MLpj/myenv/lib/python3.10/site-packages/airflow/example_dags/example_inlet_event_extra.py took 0.266 seconds
[2024-10-08T15:17:01.465+0900] {processor.py:186} INFO - Started process (PID=23275) to work on /Users/alookso/1007MLpj/myenv/lib/python3.10/site-packages/airflow/example_dags/example_inlet_event_extra.py
[2024-10-08T15:17:01.465+0900] {processor.py:914} INFO - Processing file /Users/alookso/1007MLpj/myenv/lib/python3.10/site-packages/airflow/example_dags/example_inlet_event_extra.py for tasks to queue
[2024-10-08T15:17:01.466+0900] {logging_mixin.py:190} INFO - [2024-10-08T15:17:01.466+0900] {dagbag.py:588} INFO - Filling up the DagBag from /Users/alookso/1007MLpj/myenv/lib/python3.10/site-packages/airflow/example_dags/example_inlet_event_extra.py
[2024-10-08T15:17:01.550+0900] {processor.py:925} INFO - DAG(s) 'read_dataset_event_from_classic', 'read_dataset_event' retrieved from /Users/alookso/1007MLpj/myenv/lib/python3.10/site-packages/airflow/example_dags/example_inlet_event_extra.py
[2024-10-08T15:17:01.681+0900] {logging_mixin.py:190} INFO - [2024-10-08T15:17:01.681+0900] {dag.py:3239} INFO - Sync 2 DAGs
[2024-10-08T15:17:01.706+0900] {logging_mixin.py:190} INFO - [2024-10-08T15:17:01.705+0900] {dag.py:4180} INFO - Setting next_dagrun for read_dataset_event to 2024-10-07T00:00:00+00:00, run_after=2024-10-08T00:00:00+00:00
[2024-10-08T15:17:01.711+0900] {logging_mixin.py:190} INFO - [2024-10-08T15:17:01.711+0900] {dag.py:4180} INFO - Setting next_dagrun for read_dataset_event_from_classic to 2024-10-07T00:00:00+00:00, run_after=2024-10-08T00:00:00+00:00
[2024-10-08T15:17:01.729+0900] {processor.py:208} INFO - Processing /Users/alookso/1007MLpj/myenv/lib/python3.10/site-packages/airflow/example_dags/example_inlet_event_extra.py took 0.269 seconds
[2024-10-08T15:20:10.658+0900] {processor.py:186} INFO - Started process (PID=23373) to work on /Users/alookso/1007MLpj/myenv/lib/python3.10/site-packages/airflow/example_dags/example_inlet_event_extra.py
[2024-10-08T15:20:10.658+0900] {processor.py:914} INFO - Processing file /Users/alookso/1007MLpj/myenv/lib/python3.10/site-packages/airflow/example_dags/example_inlet_event_extra.py for tasks to queue
[2024-10-08T15:20:10.659+0900] {logging_mixin.py:190} INFO - [2024-10-08T15:20:10.659+0900] {dagbag.py:588} INFO - Filling up the DagBag from /Users/alookso/1007MLpj/myenv/lib/python3.10/site-packages/airflow/example_dags/example_inlet_event_extra.py
[2024-10-08T15:20:10.744+0900] {processor.py:925} INFO - DAG(s) 'read_dataset_event_from_classic', 'read_dataset_event' retrieved from /Users/alookso/1007MLpj/myenv/lib/python3.10/site-packages/airflow/example_dags/example_inlet_event_extra.py
[2024-10-08T15:20:10.878+0900] {logging_mixin.py:190} INFO - [2024-10-08T15:20:10.878+0900] {dag.py:3239} INFO - Sync 2 DAGs
[2024-10-08T15:20:10.902+0900] {logging_mixin.py:190} INFO - [2024-10-08T15:20:10.901+0900] {dag.py:4180} INFO - Setting next_dagrun for read_dataset_event to 2024-10-07T00:00:00+00:00, run_after=2024-10-08T00:00:00+00:00
[2024-10-08T15:20:10.907+0900] {logging_mixin.py:190} INFO - [2024-10-08T15:20:10.907+0900] {dag.py:4180} INFO - Setting next_dagrun for read_dataset_event_from_classic to 2024-10-07T00:00:00+00:00, run_after=2024-10-08T00:00:00+00:00
[2024-10-08T15:20:10.924+0900] {processor.py:208} INFO - Processing /Users/alookso/1007MLpj/myenv/lib/python3.10/site-packages/airflow/example_dags/example_inlet_event_extra.py took 0.271 seconds
[2024-10-08T15:23:17.378+0900] {processor.py:186} INFO - Started process (PID=23467) to work on /Users/alookso/1007MLpj/myenv/lib/python3.10/site-packages/airflow/example_dags/example_inlet_event_extra.py
[2024-10-08T15:23:17.379+0900] {processor.py:914} INFO - Processing file /Users/alookso/1007MLpj/myenv/lib/python3.10/site-packages/airflow/example_dags/example_inlet_event_extra.py for tasks to queue
[2024-10-08T15:23:17.380+0900] {logging_mixin.py:190} INFO - [2024-10-08T15:23:17.379+0900] {dagbag.py:588} INFO - Filling up the DagBag from /Users/alookso/1007MLpj/myenv/lib/python3.10/site-packages/airflow/example_dags/example_inlet_event_extra.py
[2024-10-08T15:23:17.462+0900] {processor.py:925} INFO - DAG(s) 'read_dataset_event_from_classic', 'read_dataset_event' retrieved from /Users/alookso/1007MLpj/myenv/lib/python3.10/site-packages/airflow/example_dags/example_inlet_event_extra.py
[2024-10-08T15:23:17.623+0900] {logging_mixin.py:190} INFO - [2024-10-08T15:23:17.623+0900] {dag.py:3239} INFO - Sync 2 DAGs
[2024-10-08T15:23:17.647+0900] {logging_mixin.py:190} INFO - [2024-10-08T15:23:17.647+0900] {dag.py:4180} INFO - Setting next_dagrun for read_dataset_event to 2024-10-07T00:00:00+00:00, run_after=2024-10-08T00:00:00+00:00
[2024-10-08T15:23:17.652+0900] {logging_mixin.py:190} INFO - [2024-10-08T15:23:17.652+0900] {dag.py:4180} INFO - Setting next_dagrun for read_dataset_event_from_classic to 2024-10-07T00:00:00+00:00, run_after=2024-10-08T00:00:00+00:00
[2024-10-08T15:23:17.669+0900] {processor.py:208} INFO - Processing /Users/alookso/1007MLpj/myenv/lib/python3.10/site-packages/airflow/example_dags/example_inlet_event_extra.py took 0.295 seconds
[2024-10-08T15:26:23.635+0900] {processor.py:186} INFO - Started process (PID=23552) to work on /Users/alookso/1007MLpj/myenv/lib/python3.10/site-packages/airflow/example_dags/example_inlet_event_extra.py
[2024-10-08T15:26:23.636+0900] {processor.py:914} INFO - Processing file /Users/alookso/1007MLpj/myenv/lib/python3.10/site-packages/airflow/example_dags/example_inlet_event_extra.py for tasks to queue
[2024-10-08T15:26:23.637+0900] {logging_mixin.py:190} INFO - [2024-10-08T15:26:23.637+0900] {dagbag.py:588} INFO - Filling up the DagBag from /Users/alookso/1007MLpj/myenv/lib/python3.10/site-packages/airflow/example_dags/example_inlet_event_extra.py
[2024-10-08T15:26:23.722+0900] {processor.py:925} INFO - DAG(s) 'read_dataset_event', 'read_dataset_event_from_classic' retrieved from /Users/alookso/1007MLpj/myenv/lib/python3.10/site-packages/airflow/example_dags/example_inlet_event_extra.py
[2024-10-08T15:26:23.852+0900] {logging_mixin.py:190} INFO - [2024-10-08T15:26:23.852+0900] {dag.py:3239} INFO - Sync 2 DAGs
[2024-10-08T15:26:23.875+0900] {logging_mixin.py:190} INFO - [2024-10-08T15:26:23.875+0900] {dag.py:4180} INFO - Setting next_dagrun for read_dataset_event to 2024-10-07T00:00:00+00:00, run_after=2024-10-08T00:00:00+00:00
[2024-10-08T15:26:23.881+0900] {logging_mixin.py:190} INFO - [2024-10-08T15:26:23.881+0900] {dag.py:4180} INFO - Setting next_dagrun for read_dataset_event_from_classic to 2024-10-07T00:00:00+00:00, run_after=2024-10-08T00:00:00+00:00
[2024-10-08T15:26:23.900+0900] {processor.py:208} INFO - Processing /Users/alookso/1007MLpj/myenv/lib/python3.10/site-packages/airflow/example_dags/example_inlet_event_extra.py took 0.268 seconds
[2024-10-08T15:32:26.770+0900] {processor.py:186} INFO - Started process (PID=23776) to work on /Users/alookso/1007MLpj/myenv/lib/python3.10/site-packages/airflow/example_dags/example_inlet_event_extra.py
[2024-10-08T15:32:26.771+0900] {processor.py:914} INFO - Processing file /Users/alookso/1007MLpj/myenv/lib/python3.10/site-packages/airflow/example_dags/example_inlet_event_extra.py for tasks to queue
[2024-10-08T15:32:26.772+0900] {logging_mixin.py:190} INFO - [2024-10-08T15:32:26.771+0900] {dagbag.py:588} INFO - Filling up the DagBag from /Users/alookso/1007MLpj/myenv/lib/python3.10/site-packages/airflow/example_dags/example_inlet_event_extra.py
[2024-10-08T15:32:26.853+0900] {processor.py:925} INFO - DAG(s) 'read_dataset_event_from_classic', 'read_dataset_event' retrieved from /Users/alookso/1007MLpj/myenv/lib/python3.10/site-packages/airflow/example_dags/example_inlet_event_extra.py
[2024-10-08T15:32:26.983+0900] {logging_mixin.py:190} INFO - [2024-10-08T15:32:26.983+0900] {dag.py:3239} INFO - Sync 2 DAGs
[2024-10-08T15:32:27.006+0900] {logging_mixin.py:190} INFO - [2024-10-08T15:32:27.005+0900] {dag.py:4180} INFO - Setting next_dagrun for read_dataset_event to 2024-10-07T00:00:00+00:00, run_after=2024-10-08T00:00:00+00:00
[2024-10-08T15:32:27.011+0900] {logging_mixin.py:190} INFO - [2024-10-08T15:32:27.010+0900] {dag.py:4180} INFO - Setting next_dagrun for read_dataset_event_from_classic to 2024-10-07T00:00:00+00:00, run_after=2024-10-08T00:00:00+00:00
[2024-10-08T15:32:27.028+0900] {processor.py:208} INFO - Processing /Users/alookso/1007MLpj/myenv/lib/python3.10/site-packages/airflow/example_dags/example_inlet_event_extra.py took 0.263 seconds
[2024-10-08T16:37:49.347+0900] {processor.py:186} INFO - Started process (PID=25064) to work on /Users/alookso/1007MLpj/myenv/lib/python3.10/site-packages/airflow/example_dags/example_inlet_event_extra.py
[2024-10-08T16:37:49.348+0900] {processor.py:914} INFO - Processing file /Users/alookso/1007MLpj/myenv/lib/python3.10/site-packages/airflow/example_dags/example_inlet_event_extra.py for tasks to queue
[2024-10-08T16:37:49.349+0900] {logging_mixin.py:190} INFO - [2024-10-08T16:37:49.348+0900] {dagbag.py:588} INFO - Filling up the DagBag from /Users/alookso/1007MLpj/myenv/lib/python3.10/site-packages/airflow/example_dags/example_inlet_event_extra.py
[2024-10-08T16:37:49.431+0900] {processor.py:925} INFO - DAG(s) 'read_dataset_event_from_classic', 'read_dataset_event' retrieved from /Users/alookso/1007MLpj/myenv/lib/python3.10/site-packages/airflow/example_dags/example_inlet_event_extra.py
[2024-10-08T16:37:49.561+0900] {logging_mixin.py:190} INFO - [2024-10-08T16:37:49.561+0900] {dag.py:3239} INFO - Sync 2 DAGs
[2024-10-08T16:37:49.585+0900] {logging_mixin.py:190} INFO - [2024-10-08T16:37:49.585+0900] {dag.py:4180} INFO - Setting next_dagrun for read_dataset_event to 2024-10-07T00:00:00+00:00, run_after=2024-10-08T00:00:00+00:00
[2024-10-08T16:37:49.591+0900] {logging_mixin.py:190} INFO - [2024-10-08T16:37:49.591+0900] {dag.py:4180} INFO - Setting next_dagrun for read_dataset_event_from_classic to 2024-10-07T00:00:00+00:00, run_after=2024-10-08T00:00:00+00:00
[2024-10-08T16:37:49.610+0900] {processor.py:208} INFO - Processing /Users/alookso/1007MLpj/myenv/lib/python3.10/site-packages/airflow/example_dags/example_inlet_event_extra.py took 0.267 seconds
[2024-10-08T17:29:24.343+0900] {processor.py:186} INFO - Started process (PID=26434) to work on /Users/alookso/1007MLpj/myenv/lib/python3.10/site-packages/airflow/example_dags/example_inlet_event_extra.py
[2024-10-08T17:29:24.344+0900] {processor.py:914} INFO - Processing file /Users/alookso/1007MLpj/myenv/lib/python3.10/site-packages/airflow/example_dags/example_inlet_event_extra.py for tasks to queue
[2024-10-08T17:29:24.345+0900] {logging_mixin.py:190} INFO - [2024-10-08T17:29:24.345+0900] {dagbag.py:588} INFO - Filling up the DagBag from /Users/alookso/1007MLpj/myenv/lib/python3.10/site-packages/airflow/example_dags/example_inlet_event_extra.py
[2024-10-08T17:29:24.441+0900] {processor.py:925} INFO - DAG(s) 'read_dataset_event_from_classic', 'read_dataset_event' retrieved from /Users/alookso/1007MLpj/myenv/lib/python3.10/site-packages/airflow/example_dags/example_inlet_event_extra.py
[2024-10-08T17:29:24.776+0900] {logging_mixin.py:190} INFO - [2024-10-08T17:29:24.775+0900] {dag.py:3239} INFO - Sync 2 DAGs
[2024-10-08T17:29:24.824+0900] {logging_mixin.py:190} INFO - [2024-10-08T17:29:24.823+0900] {dag.py:4180} INFO - Setting next_dagrun for read_dataset_event to 2024-10-07T00:00:00+00:00, run_after=2024-10-08T00:00:00+00:00
[2024-10-08T17:29:24.833+0900] {logging_mixin.py:190} INFO - [2024-10-08T17:29:24.833+0900] {dag.py:4180} INFO - Setting next_dagrun for read_dataset_event_from_classic to 2024-10-07T00:00:00+00:00, run_after=2024-10-08T00:00:00+00:00
[2024-10-08T17:29:24.867+0900] {processor.py:208} INFO - Processing /Users/alookso/1007MLpj/myenv/lib/python3.10/site-packages/airflow/example_dags/example_inlet_event_extra.py took 0.530 seconds
[2024-10-08T17:56:32.397+0900] {processor.py:186} INFO - Started process (PID=27358) to work on /Users/alookso/1007MLpj/myenv/lib/python3.10/site-packages/airflow/example_dags/example_inlet_event_extra.py
[2024-10-08T17:56:32.398+0900] {processor.py:914} INFO - Processing file /Users/alookso/1007MLpj/myenv/lib/python3.10/site-packages/airflow/example_dags/example_inlet_event_extra.py for tasks to queue
[2024-10-08T17:56:32.399+0900] {logging_mixin.py:190} INFO - [2024-10-08T17:56:32.399+0900] {dagbag.py:588} INFO - Filling up the DagBag from /Users/alookso/1007MLpj/myenv/lib/python3.10/site-packages/airflow/example_dags/example_inlet_event_extra.py
[2024-10-08T17:56:32.485+0900] {processor.py:925} INFO - DAG(s) 'read_dataset_event', 'read_dataset_event_from_classic' retrieved from /Users/alookso/1007MLpj/myenv/lib/python3.10/site-packages/airflow/example_dags/example_inlet_event_extra.py
[2024-10-08T17:56:32.616+0900] {logging_mixin.py:190} INFO - [2024-10-08T17:56:32.616+0900] {dag.py:3239} INFO - Sync 2 DAGs
[2024-10-08T17:56:32.639+0900] {logging_mixin.py:190} INFO - [2024-10-08T17:56:32.639+0900] {dag.py:4180} INFO - Setting next_dagrun for read_dataset_event to 2024-10-07T00:00:00+00:00, run_after=2024-10-08T00:00:00+00:00
[2024-10-08T17:56:32.644+0900] {logging_mixin.py:190} INFO - [2024-10-08T17:56:32.644+0900] {dag.py:4180} INFO - Setting next_dagrun for read_dataset_event_from_classic to 2024-10-07T00:00:00+00:00, run_after=2024-10-08T00:00:00+00:00
[2024-10-08T17:56:32.661+0900] {processor.py:208} INFO - Processing /Users/alookso/1007MLpj/myenv/lib/python3.10/site-packages/airflow/example_dags/example_inlet_event_extra.py took 0.268 seconds
[2024-10-08T18:01:22.870+0900] {processor.py:186} INFO - Started process (PID=27564) to work on /Users/alookso/1007MLpj/myenv/lib/python3.10/site-packages/airflow/example_dags/example_inlet_event_extra.py
[2024-10-08T18:01:22.871+0900] {processor.py:914} INFO - Processing file /Users/alookso/1007MLpj/myenv/lib/python3.10/site-packages/airflow/example_dags/example_inlet_event_extra.py for tasks to queue
[2024-10-08T18:01:22.872+0900] {logging_mixin.py:190} INFO - [2024-10-08T18:01:22.871+0900] {dagbag.py:588} INFO - Filling up the DagBag from /Users/alookso/1007MLpj/myenv/lib/python3.10/site-packages/airflow/example_dags/example_inlet_event_extra.py
[2024-10-08T18:01:22.955+0900] {processor.py:925} INFO - DAG(s) 'read_dataset_event', 'read_dataset_event_from_classic' retrieved from /Users/alookso/1007MLpj/myenv/lib/python3.10/site-packages/airflow/example_dags/example_inlet_event_extra.py
[2024-10-08T18:01:23.085+0900] {logging_mixin.py:190} INFO - [2024-10-08T18:01:23.085+0900] {dag.py:3239} INFO - Sync 2 DAGs
[2024-10-08T18:01:23.109+0900] {logging_mixin.py:190} INFO - [2024-10-08T18:01:23.108+0900] {dag.py:4180} INFO - Setting next_dagrun for read_dataset_event to 2024-10-07T00:00:00+00:00, run_after=2024-10-08T00:00:00+00:00
[2024-10-08T18:01:23.114+0900] {logging_mixin.py:190} INFO - [2024-10-08T18:01:23.114+0900] {dag.py:4180} INFO - Setting next_dagrun for read_dataset_event_from_classic to 2024-10-07T00:00:00+00:00, run_after=2024-10-08T00:00:00+00:00
[2024-10-08T18:01:23.131+0900] {processor.py:208} INFO - Processing /Users/alookso/1007MLpj/myenv/lib/python3.10/site-packages/airflow/example_dags/example_inlet_event_extra.py took 0.265 seconds
[2024-10-08T18:07:29.965+0900] {processor.py:186} INFO - Started process (PID=27789) to work on /Users/alookso/1007MLpj/myenv/lib/python3.10/site-packages/airflow/example_dags/example_inlet_event_extra.py
[2024-10-08T18:07:29.966+0900] {processor.py:914} INFO - Processing file /Users/alookso/1007MLpj/myenv/lib/python3.10/site-packages/airflow/example_dags/example_inlet_event_extra.py for tasks to queue
[2024-10-08T18:07:29.967+0900] {logging_mixin.py:190} INFO - [2024-10-08T18:07:29.967+0900] {dagbag.py:588} INFO - Filling up the DagBag from /Users/alookso/1007MLpj/myenv/lib/python3.10/site-packages/airflow/example_dags/example_inlet_event_extra.py
[2024-10-08T18:07:30.051+0900] {processor.py:925} INFO - DAG(s) 'read_dataset_event', 'read_dataset_event_from_classic' retrieved from /Users/alookso/1007MLpj/myenv/lib/python3.10/site-packages/airflow/example_dags/example_inlet_event_extra.py
[2024-10-08T18:07:30.182+0900] {logging_mixin.py:190} INFO - [2024-10-08T18:07:30.181+0900] {dag.py:3239} INFO - Sync 2 DAGs
[2024-10-08T18:07:30.205+0900] {logging_mixin.py:190} INFO - [2024-10-08T18:07:30.205+0900] {dag.py:4180} INFO - Setting next_dagrun for read_dataset_event to 2024-10-07T00:00:00+00:00, run_after=2024-10-08T00:00:00+00:00
[2024-10-08T18:07:30.210+0900] {logging_mixin.py:190} INFO - [2024-10-08T18:07:30.210+0900] {dag.py:4180} INFO - Setting next_dagrun for read_dataset_event_from_classic to 2024-10-07T00:00:00+00:00, run_after=2024-10-08T00:00:00+00:00
[2024-10-08T18:07:30.228+0900] {processor.py:208} INFO - Processing /Users/alookso/1007MLpj/myenv/lib/python3.10/site-packages/airflow/example_dags/example_inlet_event_extra.py took 0.267 seconds
[2024-10-08T18:11:10.128+0900] {processor.py:186} INFO - Started process (PID=27903) to work on /Users/alookso/1007MLpj/myenv/lib/python3.10/site-packages/airflow/example_dags/example_inlet_event_extra.py
[2024-10-08T18:11:10.129+0900] {processor.py:914} INFO - Processing file /Users/alookso/1007MLpj/myenv/lib/python3.10/site-packages/airflow/example_dags/example_inlet_event_extra.py for tasks to queue
[2024-10-08T18:11:10.130+0900] {logging_mixin.py:190} INFO - [2024-10-08T18:11:10.130+0900] {dagbag.py:588} INFO - Filling up the DagBag from /Users/alookso/1007MLpj/myenv/lib/python3.10/site-packages/airflow/example_dags/example_inlet_event_extra.py
[2024-10-08T18:11:10.218+0900] {processor.py:925} INFO - DAG(s) 'read_dataset_event', 'read_dataset_event_from_classic' retrieved from /Users/alookso/1007MLpj/myenv/lib/python3.10/site-packages/airflow/example_dags/example_inlet_event_extra.py
[2024-10-08T18:11:10.357+0900] {logging_mixin.py:190} INFO - [2024-10-08T18:11:10.357+0900] {dag.py:3239} INFO - Sync 2 DAGs
[2024-10-08T18:11:10.385+0900] {logging_mixin.py:190} INFO - [2024-10-08T18:11:10.384+0900] {dag.py:4180} INFO - Setting next_dagrun for read_dataset_event to 2024-10-07T00:00:00+00:00, run_after=2024-10-08T00:00:00+00:00
[2024-10-08T18:11:10.390+0900] {logging_mixin.py:190} INFO - [2024-10-08T18:11:10.390+0900] {dag.py:4180} INFO - Setting next_dagrun for read_dataset_event_from_classic to 2024-10-07T00:00:00+00:00, run_after=2024-10-08T00:00:00+00:00
[2024-10-08T18:11:10.409+0900] {processor.py:208} INFO - Processing /Users/alookso/1007MLpj/myenv/lib/python3.10/site-packages/airflow/example_dags/example_inlet_event_extra.py took 0.287 seconds
[2024-10-08T18:14:20.699+0900] {processor.py:186} INFO - Started process (PID=28003) to work on /Users/alookso/1007MLpj/myenv/lib/python3.10/site-packages/airflow/example_dags/example_inlet_event_extra.py
[2024-10-08T18:14:20.700+0900] {processor.py:914} INFO - Processing file /Users/alookso/1007MLpj/myenv/lib/python3.10/site-packages/airflow/example_dags/example_inlet_event_extra.py for tasks to queue
[2024-10-08T18:14:20.700+0900] {logging_mixin.py:190} INFO - [2024-10-08T18:14:20.700+0900] {dagbag.py:588} INFO - Filling up the DagBag from /Users/alookso/1007MLpj/myenv/lib/python3.10/site-packages/airflow/example_dags/example_inlet_event_extra.py
[2024-10-08T18:14:20.784+0900] {processor.py:925} INFO - DAG(s) 'read_dataset_event', 'read_dataset_event_from_classic' retrieved from /Users/alookso/1007MLpj/myenv/lib/python3.10/site-packages/airflow/example_dags/example_inlet_event_extra.py
[2024-10-08T18:14:20.911+0900] {logging_mixin.py:190} INFO - [2024-10-08T18:14:20.911+0900] {dag.py:3239} INFO - Sync 2 DAGs
[2024-10-08T18:14:20.934+0900] {logging_mixin.py:190} INFO - [2024-10-08T18:14:20.934+0900] {dag.py:4180} INFO - Setting next_dagrun for read_dataset_event to 2024-10-07T00:00:00+00:00, run_after=2024-10-08T00:00:00+00:00
[2024-10-08T18:14:20.939+0900] {logging_mixin.py:190} INFO - [2024-10-08T18:14:20.938+0900] {dag.py:4180} INFO - Setting next_dagrun for read_dataset_event_from_classic to 2024-10-07T00:00:00+00:00, run_after=2024-10-08T00:00:00+00:00
[2024-10-08T18:14:20.956+0900] {processor.py:208} INFO - Processing /Users/alookso/1007MLpj/myenv/lib/python3.10/site-packages/airflow/example_dags/example_inlet_event_extra.py took 0.261 seconds
[2024-10-08T18:17:30.545+0900] {processor.py:186} INFO - Started process (PID=28091) to work on /Users/alookso/1007MLpj/myenv/lib/python3.10/site-packages/airflow/example_dags/example_inlet_event_extra.py
[2024-10-08T18:17:30.546+0900] {processor.py:914} INFO - Processing file /Users/alookso/1007MLpj/myenv/lib/python3.10/site-packages/airflow/example_dags/example_inlet_event_extra.py for tasks to queue
[2024-10-08T18:17:30.547+0900] {logging_mixin.py:190} INFO - [2024-10-08T18:17:30.546+0900] {dagbag.py:588} INFO - Filling up the DagBag from /Users/alookso/1007MLpj/myenv/lib/python3.10/site-packages/airflow/example_dags/example_inlet_event_extra.py
[2024-10-08T18:17:30.628+0900] {processor.py:925} INFO - DAG(s) 'read_dataset_event_from_classic', 'read_dataset_event' retrieved from /Users/alookso/1007MLpj/myenv/lib/python3.10/site-packages/airflow/example_dags/example_inlet_event_extra.py
[2024-10-08T18:17:30.757+0900] {logging_mixin.py:190} INFO - [2024-10-08T18:17:30.757+0900] {dag.py:3239} INFO - Sync 2 DAGs
[2024-10-08T18:17:30.780+0900] {logging_mixin.py:190} INFO - [2024-10-08T18:17:30.780+0900] {dag.py:4180} INFO - Setting next_dagrun for read_dataset_event to 2024-10-07T00:00:00+00:00, run_after=2024-10-08T00:00:00+00:00
[2024-10-08T18:17:30.785+0900] {logging_mixin.py:190} INFO - [2024-10-08T18:17:30.785+0900] {dag.py:4180} INFO - Setting next_dagrun for read_dataset_event_from_classic to 2024-10-07T00:00:00+00:00, run_after=2024-10-08T00:00:00+00:00
[2024-10-08T18:17:30.802+0900] {processor.py:208} INFO - Processing /Users/alookso/1007MLpj/myenv/lib/python3.10/site-packages/airflow/example_dags/example_inlet_event_extra.py took 0.261 seconds
[2024-10-08T18:47:58.816+0900] {processor.py:186} INFO - Started process (PID=29291) to work on /Users/alookso/1007MLpj/myenv/lib/python3.10/site-packages/airflow/example_dags/example_inlet_event_extra.py
[2024-10-08T18:47:58.817+0900] {processor.py:914} INFO - Processing file /Users/alookso/1007MLpj/myenv/lib/python3.10/site-packages/airflow/example_dags/example_inlet_event_extra.py for tasks to queue
[2024-10-08T18:47:58.818+0900] {logging_mixin.py:190} INFO - [2024-10-08T18:47:58.818+0900] {dagbag.py:588} INFO - Filling up the DagBag from /Users/alookso/1007MLpj/myenv/lib/python3.10/site-packages/airflow/example_dags/example_inlet_event_extra.py
[2024-10-08T18:47:58.900+0900] {processor.py:925} INFO - DAG(s) 'read_dataset_event', 'read_dataset_event_from_classic' retrieved from /Users/alookso/1007MLpj/myenv/lib/python3.10/site-packages/airflow/example_dags/example_inlet_event_extra.py
[2024-10-08T18:47:59.031+0900] {logging_mixin.py:190} INFO - [2024-10-08T18:47:59.031+0900] {dag.py:3239} INFO - Sync 2 DAGs
[2024-10-08T18:47:59.055+0900] {logging_mixin.py:190} INFO - [2024-10-08T18:47:59.054+0900] {dag.py:4180} INFO - Setting next_dagrun for read_dataset_event to 2024-10-07T00:00:00+00:00, run_after=2024-10-08T00:00:00+00:00
[2024-10-08T18:47:59.060+0900] {logging_mixin.py:190} INFO - [2024-10-08T18:47:59.060+0900] {dag.py:4180} INFO - Setting next_dagrun for read_dataset_event_from_classic to 2024-10-07T00:00:00+00:00, run_after=2024-10-08T00:00:00+00:00
[2024-10-08T18:47:59.077+0900] {processor.py:208} INFO - Processing /Users/alookso/1007MLpj/myenv/lib/python3.10/site-packages/airflow/example_dags/example_inlet_event_extra.py took 0.265 seconds
