[2024-10-08T14:44:34.664+0900] {processor.py:186} INFO - Started process (PID=22264) to work on /Users/alookso/1007MLpj/myenv/lib/python3.10/site-packages/airflow/example_dags/example_setup_teardown.py
[2024-10-08T14:44:34.665+0900] {processor.py:914} INFO - Processing file /Users/alookso/1007MLpj/myenv/lib/python3.10/site-packages/airflow/example_dags/example_setup_teardown.py for tasks to queue
[2024-10-08T14:44:34.666+0900] {logging_mixin.py:190} INFO - [2024-10-08T14:44:34.665+0900] {dagbag.py:588} INFO - Filling up the DagBag from /Users/alookso/1007MLpj/myenv/lib/python3.10/site-packages/airflow/example_dags/example_setup_teardown.py
[2024-10-08T14:44:34.676+0900] {processor.py:925} INFO - DAG(s) 'example_setup_teardown' retrieved from /Users/alookso/1007MLpj/myenv/lib/python3.10/site-packages/airflow/example_dags/example_setup_teardown.py
[2024-10-08T14:44:34.926+0900] {logging_mixin.py:190} INFO - [2024-10-08T14:44:34.925+0900] {override.py:1901} INFO - Created Permission View: can delete on DAG:example_setup_teardown
[2024-10-08T14:44:34.936+0900] {logging_mixin.py:190} INFO - [2024-10-08T14:44:34.936+0900] {override.py:1901} INFO - Created Permission View: can edit on DAG:example_setup_teardown
[2024-10-08T14:44:34.945+0900] {logging_mixin.py:190} INFO - [2024-10-08T14:44:34.944+0900] {override.py:1901} INFO - Created Permission View: can read on DAG:example_setup_teardown
[2024-10-08T14:44:34.955+0900] {logging_mixin.py:190} INFO - [2024-10-08T14:44:34.955+0900] {override.py:1901} INFO - Created Permission View: can delete on DAG Run:example_setup_teardown
[2024-10-08T14:44:34.963+0900] {logging_mixin.py:190} INFO - [2024-10-08T14:44:34.962+0900] {override.py:1901} INFO - Created Permission View: menu access on DAG Run:example_setup_teardown
[2024-10-08T14:44:34.970+0900] {logging_mixin.py:190} INFO - [2024-10-08T14:44:34.970+0900] {override.py:1901} INFO - Created Permission View: can read on DAG Run:example_setup_teardown
[2024-10-08T14:44:34.977+0900] {logging_mixin.py:190} INFO - [2024-10-08T14:44:34.977+0900] {override.py:1901} INFO - Created Permission View: can create on DAG Run:example_setup_teardown
[2024-10-08T14:44:34.977+0900] {logging_mixin.py:190} INFO - [2024-10-08T14:44:34.977+0900] {dag.py:3239} INFO - Sync 1 DAGs
[2024-10-08T14:44:34.992+0900] {logging_mixin.py:190} INFO - [2024-10-08T14:44:34.991+0900] {dag.py:3262} INFO - Creating ORM DAG for example_setup_teardown
[2024-10-08T14:44:34.992+0900] {logging_mixin.py:190} INFO - [2024-10-08T14:44:34.992+0900] {dag.py:4180} INFO - Setting next_dagrun for example_setup_teardown to None, run_after=None
[2024-10-08T14:44:35.013+0900] {processor.py:208} INFO - Processing /Users/alookso/1007MLpj/myenv/lib/python3.10/site-packages/airflow/example_dags/example_setup_teardown.py took 0.353 seconds
[2024-10-08T14:48:19.911+0900] {processor.py:186} INFO - Started process (PID=22356) to work on /Users/alookso/1007MLpj/myenv/lib/python3.10/site-packages/airflow/example_dags/example_setup_teardown.py
[2024-10-08T14:48:19.911+0900] {processor.py:914} INFO - Processing file /Users/alookso/1007MLpj/myenv/lib/python3.10/site-packages/airflow/example_dags/example_setup_teardown.py for tasks to queue
[2024-10-08T14:48:19.912+0900] {logging_mixin.py:190} INFO - [2024-10-08T14:48:19.912+0900] {dagbag.py:588} INFO - Filling up the DagBag from /Users/alookso/1007MLpj/myenv/lib/python3.10/site-packages/airflow/example_dags/example_setup_teardown.py
[2024-10-08T14:48:19.923+0900] {processor.py:925} INFO - DAG(s) 'example_setup_teardown' retrieved from /Users/alookso/1007MLpj/myenv/lib/python3.10/site-packages/airflow/example_dags/example_setup_teardown.py
[2024-10-08T14:48:20.055+0900] {logging_mixin.py:190} INFO - [2024-10-08T14:48:20.055+0900] {dag.py:3239} INFO - Sync 1 DAGs
[2024-10-08T14:48:20.069+0900] {logging_mixin.py:190} INFO - [2024-10-08T14:48:20.069+0900] {dag.py:4180} INFO - Setting next_dagrun for example_setup_teardown to None, run_after=None
[2024-10-08T14:48:20.089+0900] {processor.py:208} INFO - Processing /Users/alookso/1007MLpj/myenv/lib/python3.10/site-packages/airflow/example_dags/example_setup_teardown.py took 0.183 seconds
[2024-10-08T14:51:27.300+0900] {processor.py:186} INFO - Started process (PID=22430) to work on /Users/alookso/1007MLpj/myenv/lib/python3.10/site-packages/airflow/example_dags/example_setup_teardown.py
[2024-10-08T14:51:27.301+0900] {processor.py:914} INFO - Processing file /Users/alookso/1007MLpj/myenv/lib/python3.10/site-packages/airflow/example_dags/example_setup_teardown.py for tasks to queue
[2024-10-08T14:51:27.302+0900] {logging_mixin.py:190} INFO - [2024-10-08T14:51:27.302+0900] {dagbag.py:588} INFO - Filling up the DagBag from /Users/alookso/1007MLpj/myenv/lib/python3.10/site-packages/airflow/example_dags/example_setup_teardown.py
[2024-10-08T14:51:27.313+0900] {processor.py:925} INFO - DAG(s) 'example_setup_teardown' retrieved from /Users/alookso/1007MLpj/myenv/lib/python3.10/site-packages/airflow/example_dags/example_setup_teardown.py
[2024-10-08T14:51:27.547+0900] {logging_mixin.py:190} INFO - [2024-10-08T14:51:27.547+0900] {dag.py:3239} INFO - Sync 1 DAGs
[2024-10-08T14:51:27.561+0900] {logging_mixin.py:190} INFO - [2024-10-08T14:51:27.561+0900] {dag.py:4180} INFO - Setting next_dagrun for example_setup_teardown to None, run_after=None
[2024-10-08T14:51:27.582+0900] {processor.py:208} INFO - Processing /Users/alookso/1007MLpj/myenv/lib/python3.10/site-packages/airflow/example_dags/example_setup_teardown.py took 0.288 seconds
[2024-10-08T14:54:35.809+0900] {processor.py:186} INFO - Started process (PID=22559) to work on /Users/alookso/1007MLpj/myenv/lib/python3.10/site-packages/airflow/example_dags/example_setup_teardown.py
[2024-10-08T14:54:35.810+0900] {processor.py:914} INFO - Processing file /Users/alookso/1007MLpj/myenv/lib/python3.10/site-packages/airflow/example_dags/example_setup_teardown.py for tasks to queue
[2024-10-08T14:54:35.811+0900] {logging_mixin.py:190} INFO - [2024-10-08T14:54:35.811+0900] {dagbag.py:588} INFO - Filling up the DagBag from /Users/alookso/1007MLpj/myenv/lib/python3.10/site-packages/airflow/example_dags/example_setup_teardown.py
[2024-10-08T14:54:35.821+0900] {processor.py:925} INFO - DAG(s) 'example_setup_teardown' retrieved from /Users/alookso/1007MLpj/myenv/lib/python3.10/site-packages/airflow/example_dags/example_setup_teardown.py
[2024-10-08T14:54:35.955+0900] {logging_mixin.py:190} INFO - [2024-10-08T14:54:35.954+0900] {dag.py:3239} INFO - Sync 1 DAGs
[2024-10-08T14:54:35.969+0900] {logging_mixin.py:190} INFO - [2024-10-08T14:54:35.969+0900] {dag.py:4180} INFO - Setting next_dagrun for example_setup_teardown to None, run_after=None
[2024-10-08T14:54:35.989+0900] {processor.py:208} INFO - Processing /Users/alookso/1007MLpj/myenv/lib/python3.10/site-packages/airflow/example_dags/example_setup_teardown.py took 0.186 seconds
[2024-10-08T14:57:42.116+0900] {processor.py:186} INFO - Started process (PID=22671) to work on /Users/alookso/1007MLpj/myenv/lib/python3.10/site-packages/airflow/example_dags/example_setup_teardown.py
[2024-10-08T14:57:42.117+0900] {processor.py:914} INFO - Processing file /Users/alookso/1007MLpj/myenv/lib/python3.10/site-packages/airflow/example_dags/example_setup_teardown.py for tasks to queue
[2024-10-08T14:57:42.118+0900] {logging_mixin.py:190} INFO - [2024-10-08T14:57:42.118+0900] {dagbag.py:588} INFO - Filling up the DagBag from /Users/alookso/1007MLpj/myenv/lib/python3.10/site-packages/airflow/example_dags/example_setup_teardown.py
[2024-10-08T14:57:42.128+0900] {processor.py:925} INFO - DAG(s) 'example_setup_teardown' retrieved from /Users/alookso/1007MLpj/myenv/lib/python3.10/site-packages/airflow/example_dags/example_setup_teardown.py
[2024-10-08T14:57:42.263+0900] {logging_mixin.py:190} INFO - [2024-10-08T14:57:42.262+0900] {dag.py:3239} INFO - Sync 1 DAGs
[2024-10-08T14:57:42.277+0900] {logging_mixin.py:190} INFO - [2024-10-08T14:57:42.277+0900] {dag.py:4180} INFO - Setting next_dagrun for example_setup_teardown to None, run_after=None
[2024-10-08T14:57:42.297+0900] {processor.py:208} INFO - Processing /Users/alookso/1007MLpj/myenv/lib/python3.10/site-packages/airflow/example_dags/example_setup_teardown.py took 0.185 seconds
[2024-10-08T15:00:53.894+0900] {processor.py:186} INFO - Started process (PID=22782) to work on /Users/alookso/1007MLpj/myenv/lib/python3.10/site-packages/airflow/example_dags/example_setup_teardown.py
[2024-10-08T15:00:53.895+0900] {processor.py:914} INFO - Processing file /Users/alookso/1007MLpj/myenv/lib/python3.10/site-packages/airflow/example_dags/example_setup_teardown.py for tasks to queue
[2024-10-08T15:00:53.896+0900] {logging_mixin.py:190} INFO - [2024-10-08T15:00:53.896+0900] {dagbag.py:588} INFO - Filling up the DagBag from /Users/alookso/1007MLpj/myenv/lib/python3.10/site-packages/airflow/example_dags/example_setup_teardown.py
[2024-10-08T15:00:53.906+0900] {processor.py:925} INFO - DAG(s) 'example_setup_teardown' retrieved from /Users/alookso/1007MLpj/myenv/lib/python3.10/site-packages/airflow/example_dags/example_setup_teardown.py
[2024-10-08T15:00:54.039+0900] {logging_mixin.py:190} INFO - [2024-10-08T15:00:54.039+0900] {dag.py:3239} INFO - Sync 1 DAGs
[2024-10-08T15:00:54.054+0900] {logging_mixin.py:190} INFO - [2024-10-08T15:00:54.054+0900] {dag.py:4180} INFO - Setting next_dagrun for example_setup_teardown to None, run_after=None
[2024-10-08T15:00:54.075+0900] {processor.py:208} INFO - Processing /Users/alookso/1007MLpj/myenv/lib/python3.10/site-packages/airflow/example_dags/example_setup_teardown.py took 0.185 seconds
[2024-10-08T15:04:01.680+0900] {processor.py:186} INFO - Started process (PID=22862) to work on /Users/alookso/1007MLpj/myenv/lib/python3.10/site-packages/airflow/example_dags/example_setup_teardown.py
[2024-10-08T15:04:01.681+0900] {processor.py:914} INFO - Processing file /Users/alookso/1007MLpj/myenv/lib/python3.10/site-packages/airflow/example_dags/example_setup_teardown.py for tasks to queue
[2024-10-08T15:04:01.682+0900] {logging_mixin.py:190} INFO - [2024-10-08T15:04:01.682+0900] {dagbag.py:588} INFO - Filling up the DagBag from /Users/alookso/1007MLpj/myenv/lib/python3.10/site-packages/airflow/example_dags/example_setup_teardown.py
[2024-10-08T15:04:01.692+0900] {processor.py:925} INFO - DAG(s) 'example_setup_teardown' retrieved from /Users/alookso/1007MLpj/myenv/lib/python3.10/site-packages/airflow/example_dags/example_setup_teardown.py
[2024-10-08T15:04:01.829+0900] {logging_mixin.py:190} INFO - [2024-10-08T15:04:01.828+0900] {dag.py:3239} INFO - Sync 1 DAGs
[2024-10-08T15:04:01.843+0900] {logging_mixin.py:190} INFO - [2024-10-08T15:04:01.843+0900] {dag.py:4180} INFO - Setting next_dagrun for example_setup_teardown to None, run_after=None
[2024-10-08T15:04:01.863+0900] {processor.py:208} INFO - Processing /Users/alookso/1007MLpj/myenv/lib/python3.10/site-packages/airflow/example_dags/example_setup_teardown.py took 0.187 seconds
[2024-10-08T15:07:05.983+0900] {processor.py:186} INFO - Started process (PID=22961) to work on /Users/alookso/1007MLpj/myenv/lib/python3.10/site-packages/airflow/example_dags/example_setup_teardown.py
[2024-10-08T15:07:05.984+0900] {processor.py:914} INFO - Processing file /Users/alookso/1007MLpj/myenv/lib/python3.10/site-packages/airflow/example_dags/example_setup_teardown.py for tasks to queue
[2024-10-08T15:07:05.984+0900] {logging_mixin.py:190} INFO - [2024-10-08T15:07:05.984+0900] {dagbag.py:588} INFO - Filling up the DagBag from /Users/alookso/1007MLpj/myenv/lib/python3.10/site-packages/airflow/example_dags/example_setup_teardown.py
[2024-10-08T15:07:05.995+0900] {processor.py:925} INFO - DAG(s) 'example_setup_teardown' retrieved from /Users/alookso/1007MLpj/myenv/lib/python3.10/site-packages/airflow/example_dags/example_setup_teardown.py
[2024-10-08T15:07:06.132+0900] {logging_mixin.py:190} INFO - [2024-10-08T15:07:06.132+0900] {dag.py:3239} INFO - Sync 1 DAGs
[2024-10-08T15:07:06.146+0900] {logging_mixin.py:190} INFO - [2024-10-08T15:07:06.146+0900] {dag.py:4180} INFO - Setting next_dagrun for example_setup_teardown to None, run_after=None
[2024-10-08T15:07:06.165+0900] {processor.py:208} INFO - Processing /Users/alookso/1007MLpj/myenv/lib/python3.10/site-packages/airflow/example_dags/example_setup_teardown.py took 0.189 seconds
[2024-10-08T15:10:11.145+0900] {processor.py:186} INFO - Started process (PID=23079) to work on /Users/alookso/1007MLpj/myenv/lib/python3.10/site-packages/airflow/example_dags/example_setup_teardown.py
[2024-10-08T15:10:11.146+0900] {processor.py:914} INFO - Processing file /Users/alookso/1007MLpj/myenv/lib/python3.10/site-packages/airflow/example_dags/example_setup_teardown.py for tasks to queue
[2024-10-08T15:10:11.147+0900] {logging_mixin.py:190} INFO - [2024-10-08T15:10:11.146+0900] {dagbag.py:588} INFO - Filling up the DagBag from /Users/alookso/1007MLpj/myenv/lib/python3.10/site-packages/airflow/example_dags/example_setup_teardown.py
[2024-10-08T15:10:11.156+0900] {processor.py:925} INFO - DAG(s) 'example_setup_teardown' retrieved from /Users/alookso/1007MLpj/myenv/lib/python3.10/site-packages/airflow/example_dags/example_setup_teardown.py
[2024-10-08T15:10:11.287+0900] {logging_mixin.py:190} INFO - [2024-10-08T15:10:11.287+0900] {dag.py:3239} INFO - Sync 1 DAGs
[2024-10-08T15:10:11.301+0900] {logging_mixin.py:190} INFO - [2024-10-08T15:10:11.301+0900] {dag.py:4180} INFO - Setting next_dagrun for example_setup_teardown to None, run_after=None
[2024-10-08T15:10:11.320+0900] {processor.py:208} INFO - Processing /Users/alookso/1007MLpj/myenv/lib/python3.10/site-packages/airflow/example_dags/example_setup_teardown.py took 0.179 seconds
[2024-10-08T15:13:10.419+0900] {processor.py:186} INFO - Started process (PID=23164) to work on /Users/alookso/1007MLpj/myenv/lib/python3.10/site-packages/airflow/example_dags/example_setup_teardown.py
[2024-10-08T15:13:10.420+0900] {processor.py:914} INFO - Processing file /Users/alookso/1007MLpj/myenv/lib/python3.10/site-packages/airflow/example_dags/example_setup_teardown.py for tasks to queue
[2024-10-08T15:13:10.421+0900] {logging_mixin.py:190} INFO - [2024-10-08T15:13:10.421+0900] {dagbag.py:588} INFO - Filling up the DagBag from /Users/alookso/1007MLpj/myenv/lib/python3.10/site-packages/airflow/example_dags/example_setup_teardown.py
[2024-10-08T15:13:10.430+0900] {processor.py:925} INFO - DAG(s) 'example_setup_teardown' retrieved from /Users/alookso/1007MLpj/myenv/lib/python3.10/site-packages/airflow/example_dags/example_setup_teardown.py
[2024-10-08T15:13:10.561+0900] {logging_mixin.py:190} INFO - [2024-10-08T15:13:10.560+0900] {dag.py:3239} INFO - Sync 1 DAGs
[2024-10-08T15:13:10.575+0900] {logging_mixin.py:190} INFO - [2024-10-08T15:13:10.574+0900] {dag.py:4180} INFO - Setting next_dagrun for example_setup_teardown to None, run_after=None
[2024-10-08T15:13:10.594+0900] {processor.py:208} INFO - Processing /Users/alookso/1007MLpj/myenv/lib/python3.10/site-packages/airflow/example_dags/example_setup_teardown.py took 0.179 seconds
[2024-10-08T15:16:09.083+0900] {processor.py:186} INFO - Started process (PID=23241) to work on /Users/alookso/1007MLpj/myenv/lib/python3.10/site-packages/airflow/example_dags/example_setup_teardown.py
[2024-10-08T15:16:09.084+0900] {processor.py:914} INFO - Processing file /Users/alookso/1007MLpj/myenv/lib/python3.10/site-packages/airflow/example_dags/example_setup_teardown.py for tasks to queue
[2024-10-08T15:16:09.085+0900] {logging_mixin.py:190} INFO - [2024-10-08T15:16:09.085+0900] {dagbag.py:588} INFO - Filling up the DagBag from /Users/alookso/1007MLpj/myenv/lib/python3.10/site-packages/airflow/example_dags/example_setup_teardown.py
[2024-10-08T15:16:09.095+0900] {processor.py:925} INFO - DAG(s) 'example_setup_teardown' retrieved from /Users/alookso/1007MLpj/myenv/lib/python3.10/site-packages/airflow/example_dags/example_setup_teardown.py
[2024-10-08T15:16:09.233+0900] {logging_mixin.py:190} INFO - [2024-10-08T15:16:09.232+0900] {dag.py:3239} INFO - Sync 1 DAGs
[2024-10-08T15:16:09.247+0900] {logging_mixin.py:190} INFO - [2024-10-08T15:16:09.246+0900] {dag.py:4180} INFO - Setting next_dagrun for example_setup_teardown to None, run_after=None
[2024-10-08T15:16:09.266+0900] {processor.py:208} INFO - Processing /Users/alookso/1007MLpj/myenv/lib/python3.10/site-packages/airflow/example_dags/example_setup_teardown.py took 0.188 seconds
[2024-10-08T15:19:18.502+0900] {processor.py:186} INFO - Started process (PID=23345) to work on /Users/alookso/1007MLpj/myenv/lib/python3.10/site-packages/airflow/example_dags/example_setup_teardown.py
[2024-10-08T15:19:18.503+0900] {processor.py:914} INFO - Processing file /Users/alookso/1007MLpj/myenv/lib/python3.10/site-packages/airflow/example_dags/example_setup_teardown.py for tasks to queue
[2024-10-08T15:19:18.504+0900] {logging_mixin.py:190} INFO - [2024-10-08T15:19:18.504+0900] {dagbag.py:588} INFO - Filling up the DagBag from /Users/alookso/1007MLpj/myenv/lib/python3.10/site-packages/airflow/example_dags/example_setup_teardown.py
[2024-10-08T15:19:18.513+0900] {processor.py:925} INFO - DAG(s) 'example_setup_teardown' retrieved from /Users/alookso/1007MLpj/myenv/lib/python3.10/site-packages/airflow/example_dags/example_setup_teardown.py
[2024-10-08T15:19:18.643+0900] {logging_mixin.py:190} INFO - [2024-10-08T15:19:18.643+0900] {dag.py:3239} INFO - Sync 1 DAGs
[2024-10-08T15:19:18.657+0900] {logging_mixin.py:190} INFO - [2024-10-08T15:19:18.657+0900] {dag.py:4180} INFO - Setting next_dagrun for example_setup_teardown to None, run_after=None
[2024-10-08T15:19:18.677+0900] {processor.py:208} INFO - Processing /Users/alookso/1007MLpj/myenv/lib/python3.10/site-packages/airflow/example_dags/example_setup_teardown.py took 0.179 seconds
[2024-10-08T15:22:25.810+0900] {processor.py:186} INFO - Started process (PID=23432) to work on /Users/alookso/1007MLpj/myenv/lib/python3.10/site-packages/airflow/example_dags/example_setup_teardown.py
[2024-10-08T15:22:25.811+0900] {processor.py:914} INFO - Processing file /Users/alookso/1007MLpj/myenv/lib/python3.10/site-packages/airflow/example_dags/example_setup_teardown.py for tasks to queue
[2024-10-08T15:22:25.812+0900] {logging_mixin.py:190} INFO - [2024-10-08T15:22:25.812+0900] {dagbag.py:588} INFO - Filling up the DagBag from /Users/alookso/1007MLpj/myenv/lib/python3.10/site-packages/airflow/example_dags/example_setup_teardown.py
[2024-10-08T15:22:25.822+0900] {processor.py:925} INFO - DAG(s) 'example_setup_teardown' retrieved from /Users/alookso/1007MLpj/myenv/lib/python3.10/site-packages/airflow/example_dags/example_setup_teardown.py
[2024-10-08T15:22:25.954+0900] {logging_mixin.py:190} INFO - [2024-10-08T15:22:25.954+0900] {dag.py:3239} INFO - Sync 1 DAGs
[2024-10-08T15:22:25.968+0900] {logging_mixin.py:190} INFO - [2024-10-08T15:22:25.968+0900] {dag.py:4180} INFO - Setting next_dagrun for example_setup_teardown to None, run_after=None
[2024-10-08T15:22:25.990+0900] {processor.py:208} INFO - Processing /Users/alookso/1007MLpj/myenv/lib/python3.10/site-packages/airflow/example_dags/example_setup_teardown.py took 0.184 seconds
[2024-10-08T15:25:31.658+0900] {processor.py:186} INFO - Started process (PID=23525) to work on /Users/alookso/1007MLpj/myenv/lib/python3.10/site-packages/airflow/example_dags/example_setup_teardown.py
[2024-10-08T15:25:31.659+0900] {processor.py:914} INFO - Processing file /Users/alookso/1007MLpj/myenv/lib/python3.10/site-packages/airflow/example_dags/example_setup_teardown.py for tasks to queue
[2024-10-08T15:25:31.660+0900] {logging_mixin.py:190} INFO - [2024-10-08T15:25:31.659+0900] {dagbag.py:588} INFO - Filling up the DagBag from /Users/alookso/1007MLpj/myenv/lib/python3.10/site-packages/airflow/example_dags/example_setup_teardown.py
[2024-10-08T15:25:31.670+0900] {processor.py:925} INFO - DAG(s) 'example_setup_teardown' retrieved from /Users/alookso/1007MLpj/myenv/lib/python3.10/site-packages/airflow/example_dags/example_setup_teardown.py
[2024-10-08T15:25:31.804+0900] {logging_mixin.py:190} INFO - [2024-10-08T15:25:31.804+0900] {dag.py:3239} INFO - Sync 1 DAGs
[2024-10-08T15:25:31.819+0900] {logging_mixin.py:190} INFO - [2024-10-08T15:25:31.818+0900] {dag.py:4180} INFO - Setting next_dagrun for example_setup_teardown to None, run_after=None
[2024-10-08T15:25:31.839+0900] {processor.py:208} INFO - Processing /Users/alookso/1007MLpj/myenv/lib/python3.10/site-packages/airflow/example_dags/example_setup_teardown.py took 0.187 seconds
[2024-10-08T15:28:34.670+0900] {processor.py:186} INFO - Started process (PID=23638) to work on /Users/alookso/1007MLpj/myenv/lib/python3.10/site-packages/airflow/example_dags/example_setup_teardown.py
[2024-10-08T15:28:34.670+0900] {processor.py:914} INFO - Processing file /Users/alookso/1007MLpj/myenv/lib/python3.10/site-packages/airflow/example_dags/example_setup_teardown.py for tasks to queue
[2024-10-08T15:28:34.671+0900] {logging_mixin.py:190} INFO - [2024-10-08T15:28:34.671+0900] {dagbag.py:588} INFO - Filling up the DagBag from /Users/alookso/1007MLpj/myenv/lib/python3.10/site-packages/airflow/example_dags/example_setup_teardown.py
[2024-10-08T15:28:34.681+0900] {processor.py:925} INFO - DAG(s) 'example_setup_teardown' retrieved from /Users/alookso/1007MLpj/myenv/lib/python3.10/site-packages/airflow/example_dags/example_setup_teardown.py
[2024-10-08T15:28:34.841+0900] {logging_mixin.py:190} INFO - [2024-10-08T15:28:34.841+0900] {dag.py:3239} INFO - Sync 1 DAGs
[2024-10-08T15:28:34.863+0900] {logging_mixin.py:190} INFO - [2024-10-08T15:28:34.863+0900] {dag.py:4180} INFO - Setting next_dagrun for example_setup_teardown to None, run_after=None
[2024-10-08T15:28:34.887+0900] {processor.py:208} INFO - Processing /Users/alookso/1007MLpj/myenv/lib/python3.10/site-packages/airflow/example_dags/example_setup_teardown.py took 0.221 seconds
[2024-10-08T15:31:35.481+0900] {processor.py:186} INFO - Started process (PID=23737) to work on /Users/alookso/1007MLpj/myenv/lib/python3.10/site-packages/airflow/example_dags/example_setup_teardown.py
[2024-10-08T15:31:35.482+0900] {processor.py:914} INFO - Processing file /Users/alookso/1007MLpj/myenv/lib/python3.10/site-packages/airflow/example_dags/example_setup_teardown.py for tasks to queue
[2024-10-08T15:31:35.483+0900] {logging_mixin.py:190} INFO - [2024-10-08T15:31:35.483+0900] {dagbag.py:588} INFO - Filling up the DagBag from /Users/alookso/1007MLpj/myenv/lib/python3.10/site-packages/airflow/example_dags/example_setup_teardown.py
[2024-10-08T15:31:35.493+0900] {processor.py:925} INFO - DAG(s) 'example_setup_teardown' retrieved from /Users/alookso/1007MLpj/myenv/lib/python3.10/site-packages/airflow/example_dags/example_setup_teardown.py
[2024-10-08T15:31:35.654+0900] {logging_mixin.py:190} INFO - [2024-10-08T15:31:35.654+0900] {dag.py:3239} INFO - Sync 1 DAGs
[2024-10-08T15:31:35.670+0900] {logging_mixin.py:190} INFO - [2024-10-08T15:31:35.670+0900] {dag.py:4180} INFO - Setting next_dagrun for example_setup_teardown to None, run_after=None
[2024-10-08T15:31:35.691+0900] {processor.py:208} INFO - Processing /Users/alookso/1007MLpj/myenv/lib/python3.10/site-packages/airflow/example_dags/example_setup_teardown.py took 0.214 seconds
[2024-10-08T16:36:56.998+0900] {processor.py:186} INFO - Started process (PID=25024) to work on /Users/alookso/1007MLpj/myenv/lib/python3.10/site-packages/airflow/example_dags/example_setup_teardown.py
[2024-10-08T16:36:56.999+0900] {processor.py:914} INFO - Processing file /Users/alookso/1007MLpj/myenv/lib/python3.10/site-packages/airflow/example_dags/example_setup_teardown.py for tasks to queue
[2024-10-08T16:36:56.999+0900] {logging_mixin.py:190} INFO - [2024-10-08T16:36:56.999+0900] {dagbag.py:588} INFO - Filling up the DagBag from /Users/alookso/1007MLpj/myenv/lib/python3.10/site-packages/airflow/example_dags/example_setup_teardown.py
[2024-10-08T16:36:57.009+0900] {processor.py:925} INFO - DAG(s) 'example_setup_teardown' retrieved from /Users/alookso/1007MLpj/myenv/lib/python3.10/site-packages/airflow/example_dags/example_setup_teardown.py
[2024-10-08T16:36:57.144+0900] {logging_mixin.py:190} INFO - [2024-10-08T16:36:57.144+0900] {dag.py:3239} INFO - Sync 1 DAGs
[2024-10-08T16:36:57.158+0900] {logging_mixin.py:190} INFO - [2024-10-08T16:36:57.158+0900] {dag.py:4180} INFO - Setting next_dagrun for example_setup_teardown to None, run_after=None
[2024-10-08T16:36:57.178+0900] {processor.py:208} INFO - Processing /Users/alookso/1007MLpj/myenv/lib/python3.10/site-packages/airflow/example_dags/example_setup_teardown.py took 0.185 seconds
[2024-10-08T17:28:29.017+0900] {processor.py:186} INFO - Started process (PID=26388) to work on /Users/alookso/1007MLpj/myenv/lib/python3.10/site-packages/airflow/example_dags/example_setup_teardown.py
[2024-10-08T17:28:29.017+0900] {processor.py:914} INFO - Processing file /Users/alookso/1007MLpj/myenv/lib/python3.10/site-packages/airflow/example_dags/example_setup_teardown.py for tasks to queue
[2024-10-08T17:28:29.018+0900] {logging_mixin.py:190} INFO - [2024-10-08T17:28:29.018+0900] {dagbag.py:588} INFO - Filling up the DagBag from /Users/alookso/1007MLpj/myenv/lib/python3.10/site-packages/airflow/example_dags/example_setup_teardown.py
[2024-10-08T17:28:29.028+0900] {processor.py:925} INFO - DAG(s) 'example_setup_teardown' retrieved from /Users/alookso/1007MLpj/myenv/lib/python3.10/site-packages/airflow/example_dags/example_setup_teardown.py
[2024-10-08T17:28:29.162+0900] {logging_mixin.py:190} INFO - [2024-10-08T17:28:29.162+0900] {dag.py:3239} INFO - Sync 1 DAGs
[2024-10-08T17:28:29.176+0900] {logging_mixin.py:190} INFO - [2024-10-08T17:28:29.175+0900] {dag.py:4180} INFO - Setting next_dagrun for example_setup_teardown to None, run_after=None
[2024-10-08T17:28:29.195+0900] {processor.py:208} INFO - Processing /Users/alookso/1007MLpj/myenv/lib/python3.10/site-packages/airflow/example_dags/example_setup_teardown.py took 0.182 seconds
[2024-10-08T17:43:18.734+0900] {processor.py:186} INFO - Started process (PID=26895) to work on /Users/alookso/1007MLpj/myenv/lib/python3.10/site-packages/airflow/example_dags/example_setup_teardown.py
[2024-10-08T17:43:18.734+0900] {processor.py:914} INFO - Processing file /Users/alookso/1007MLpj/myenv/lib/python3.10/site-packages/airflow/example_dags/example_setup_teardown.py for tasks to queue
[2024-10-08T17:43:18.735+0900] {logging_mixin.py:190} INFO - [2024-10-08T17:43:18.735+0900] {dagbag.py:588} INFO - Filling up the DagBag from /Users/alookso/1007MLpj/myenv/lib/python3.10/site-packages/airflow/example_dags/example_setup_teardown.py
[2024-10-08T17:43:18.746+0900] {processor.py:925} INFO - DAG(s) 'example_setup_teardown' retrieved from /Users/alookso/1007MLpj/myenv/lib/python3.10/site-packages/airflow/example_dags/example_setup_teardown.py
[2024-10-08T17:43:18.879+0900] {logging_mixin.py:190} INFO - [2024-10-08T17:43:18.879+0900] {dag.py:3239} INFO - Sync 1 DAGs
[2024-10-08T17:43:18.893+0900] {logging_mixin.py:190} INFO - [2024-10-08T17:43:18.893+0900] {dag.py:4180} INFO - Setting next_dagrun for example_setup_teardown to None, run_after=None
[2024-10-08T17:43:18.913+0900] {processor.py:208} INFO - Processing /Users/alookso/1007MLpj/myenv/lib/python3.10/site-packages/airflow/example_dags/example_setup_teardown.py took 0.185 seconds
[2024-10-08T17:55:41.386+0900] {processor.py:186} INFO - Started process (PID=27326) to work on /Users/alookso/1007MLpj/myenv/lib/python3.10/site-packages/airflow/example_dags/example_setup_teardown.py
[2024-10-08T17:55:41.387+0900] {processor.py:914} INFO - Processing file /Users/alookso/1007MLpj/myenv/lib/python3.10/site-packages/airflow/example_dags/example_setup_teardown.py for tasks to queue
[2024-10-08T17:55:41.388+0900] {logging_mixin.py:190} INFO - [2024-10-08T17:55:41.388+0900] {dagbag.py:588} INFO - Filling up the DagBag from /Users/alookso/1007MLpj/myenv/lib/python3.10/site-packages/airflow/example_dags/example_setup_teardown.py
[2024-10-08T17:55:41.397+0900] {processor.py:925} INFO - DAG(s) 'example_setup_teardown' retrieved from /Users/alookso/1007MLpj/myenv/lib/python3.10/site-packages/airflow/example_dags/example_setup_teardown.py
[2024-10-08T17:55:41.528+0900] {logging_mixin.py:190} INFO - [2024-10-08T17:55:41.528+0900] {dag.py:3239} INFO - Sync 1 DAGs
[2024-10-08T17:55:41.542+0900] {logging_mixin.py:190} INFO - [2024-10-08T17:55:41.542+0900] {dag.py:4180} INFO - Setting next_dagrun for example_setup_teardown to None, run_after=None
[2024-10-08T17:55:41.562+0900] {processor.py:208} INFO - Processing /Users/alookso/1007MLpj/myenv/lib/python3.10/site-packages/airflow/example_dags/example_setup_teardown.py took 0.180 seconds
[2024-10-08T18:00:31.091+0900] {processor.py:186} INFO - Started process (PID=27528) to work on /Users/alookso/1007MLpj/myenv/lib/python3.10/site-packages/airflow/example_dags/example_setup_teardown.py
[2024-10-08T18:00:31.092+0900] {processor.py:914} INFO - Processing file /Users/alookso/1007MLpj/myenv/lib/python3.10/site-packages/airflow/example_dags/example_setup_teardown.py for tasks to queue
[2024-10-08T18:00:31.093+0900] {logging_mixin.py:190} INFO - [2024-10-08T18:00:31.092+0900] {dagbag.py:588} INFO - Filling up the DagBag from /Users/alookso/1007MLpj/myenv/lib/python3.10/site-packages/airflow/example_dags/example_setup_teardown.py
[2024-10-08T18:00:31.103+0900] {processor.py:925} INFO - DAG(s) 'example_setup_teardown' retrieved from /Users/alookso/1007MLpj/myenv/lib/python3.10/site-packages/airflow/example_dags/example_setup_teardown.py
[2024-10-08T18:00:31.236+0900] {logging_mixin.py:190} INFO - [2024-10-08T18:00:31.236+0900] {dag.py:3239} INFO - Sync 1 DAGs
[2024-10-08T18:00:31.250+0900] {logging_mixin.py:190} INFO - [2024-10-08T18:00:31.250+0900] {dag.py:4180} INFO - Setting next_dagrun for example_setup_teardown to None, run_after=None
[2024-10-08T18:00:31.269+0900] {processor.py:208} INFO - Processing /Users/alookso/1007MLpj/myenv/lib/python3.10/site-packages/airflow/example_dags/example_setup_teardown.py took 0.182 seconds
[2024-10-08T18:04:12.133+0900] {processor.py:186} INFO - Started process (PID=27666) to work on /Users/alookso/1007MLpj/myenv/lib/python3.10/site-packages/airflow/example_dags/example_setup_teardown.py
[2024-10-08T18:04:12.134+0900] {processor.py:914} INFO - Processing file /Users/alookso/1007MLpj/myenv/lib/python3.10/site-packages/airflow/example_dags/example_setup_teardown.py for tasks to queue
[2024-10-08T18:04:12.135+0900] {logging_mixin.py:190} INFO - [2024-10-08T18:04:12.134+0900] {dagbag.py:588} INFO - Filling up the DagBag from /Users/alookso/1007MLpj/myenv/lib/python3.10/site-packages/airflow/example_dags/example_setup_teardown.py
[2024-10-08T18:04:12.144+0900] {processor.py:925} INFO - DAG(s) 'example_setup_teardown' retrieved from /Users/alookso/1007MLpj/myenv/lib/python3.10/site-packages/airflow/example_dags/example_setup_teardown.py
[2024-10-08T18:04:12.276+0900] {logging_mixin.py:190} INFO - [2024-10-08T18:04:12.276+0900] {dag.py:3239} INFO - Sync 1 DAGs
[2024-10-08T18:04:12.290+0900] {logging_mixin.py:190} INFO - [2024-10-08T18:04:12.289+0900] {dag.py:4180} INFO - Setting next_dagrun for example_setup_teardown to None, run_after=None
[2024-10-08T18:04:12.308+0900] {processor.py:208} INFO - Processing /Users/alookso/1007MLpj/myenv/lib/python3.10/site-packages/airflow/example_dags/example_setup_teardown.py took 0.180 seconds
[2024-10-08T18:06:39.488+0900] {processor.py:186} INFO - Started process (PID=27768) to work on /Users/alookso/1007MLpj/myenv/lib/python3.10/site-packages/airflow/example_dags/example_setup_teardown.py
[2024-10-08T18:06:39.489+0900] {processor.py:914} INFO - Processing file /Users/alookso/1007MLpj/myenv/lib/python3.10/site-packages/airflow/example_dags/example_setup_teardown.py for tasks to queue
[2024-10-08T18:06:39.490+0900] {logging_mixin.py:190} INFO - [2024-10-08T18:06:39.489+0900] {dagbag.py:588} INFO - Filling up the DagBag from /Users/alookso/1007MLpj/myenv/lib/python3.10/site-packages/airflow/example_dags/example_setup_teardown.py
[2024-10-08T18:06:39.499+0900] {processor.py:925} INFO - DAG(s) 'example_setup_teardown' retrieved from /Users/alookso/1007MLpj/myenv/lib/python3.10/site-packages/airflow/example_dags/example_setup_teardown.py
[2024-10-08T18:06:39.634+0900] {logging_mixin.py:190} INFO - [2024-10-08T18:06:39.634+0900] {dag.py:3239} INFO - Sync 1 DAGs
[2024-10-08T18:06:39.648+0900] {logging_mixin.py:190} INFO - [2024-10-08T18:06:39.648+0900] {dag.py:4180} INFO - Setting next_dagrun for example_setup_teardown to None, run_after=None
[2024-10-08T18:06:39.668+0900] {processor.py:208} INFO - Processing /Users/alookso/1007MLpj/myenv/lib/python3.10/site-packages/airflow/example_dags/example_setup_teardown.py took 0.185 seconds
[2024-10-08T18:10:18.102+0900] {processor.py:186} INFO - Started process (PID=27865) to work on /Users/alookso/1007MLpj/myenv/lib/python3.10/site-packages/airflow/example_dags/example_setup_teardown.py
[2024-10-08T18:10:18.103+0900] {processor.py:914} INFO - Processing file /Users/alookso/1007MLpj/myenv/lib/python3.10/site-packages/airflow/example_dags/example_setup_teardown.py for tasks to queue
[2024-10-08T18:10:18.105+0900] {logging_mixin.py:190} INFO - [2024-10-08T18:10:18.104+0900] {dagbag.py:588} INFO - Filling up the DagBag from /Users/alookso/1007MLpj/myenv/lib/python3.10/site-packages/airflow/example_dags/example_setup_teardown.py
[2024-10-08T18:10:18.146+0900] {processor.py:925} INFO - DAG(s) 'example_setup_teardown' retrieved from /Users/alookso/1007MLpj/myenv/lib/python3.10/site-packages/airflow/example_dags/example_setup_teardown.py
[2024-10-08T18:10:18.400+0900] {logging_mixin.py:190} INFO - [2024-10-08T18:10:18.399+0900] {dag.py:3239} INFO - Sync 1 DAGs
[2024-10-08T18:10:18.416+0900] {logging_mixin.py:190} INFO - [2024-10-08T18:10:18.416+0900] {dag.py:4180} INFO - Setting next_dagrun for example_setup_teardown to None, run_after=None
[2024-10-08T18:10:18.452+0900] {processor.py:208} INFO - Processing /Users/alookso/1007MLpj/myenv/lib/python3.10/site-packages/airflow/example_dags/example_setup_teardown.py took 0.357 seconds
[2024-10-08T18:13:29.500+0900] {processor.py:186} INFO - Started process (PID=27964) to work on /Users/alookso/1007MLpj/myenv/lib/python3.10/site-packages/airflow/example_dags/example_setup_teardown.py
[2024-10-08T18:13:29.501+0900] {processor.py:914} INFO - Processing file /Users/alookso/1007MLpj/myenv/lib/python3.10/site-packages/airflow/example_dags/example_setup_teardown.py for tasks to queue
[2024-10-08T18:13:29.502+0900] {logging_mixin.py:190} INFO - [2024-10-08T18:13:29.502+0900] {dagbag.py:588} INFO - Filling up the DagBag from /Users/alookso/1007MLpj/myenv/lib/python3.10/site-packages/airflow/example_dags/example_setup_teardown.py
[2024-10-08T18:13:29.511+0900] {processor.py:925} INFO - DAG(s) 'example_setup_teardown' retrieved from /Users/alookso/1007MLpj/myenv/lib/python3.10/site-packages/airflow/example_dags/example_setup_teardown.py
[2024-10-08T18:13:29.640+0900] {logging_mixin.py:190} INFO - [2024-10-08T18:13:29.640+0900] {dag.py:3239} INFO - Sync 1 DAGs
[2024-10-08T18:13:29.654+0900] {logging_mixin.py:190} INFO - [2024-10-08T18:13:29.654+0900] {dag.py:4180} INFO - Setting next_dagrun for example_setup_teardown to None, run_after=None
[2024-10-08T18:13:29.673+0900] {processor.py:208} INFO - Processing /Users/alookso/1007MLpj/myenv/lib/python3.10/site-packages/airflow/example_dags/example_setup_teardown.py took 0.177 seconds
[2024-10-08T18:16:38.440+0900] {processor.py:186} INFO - Started process (PID=28069) to work on /Users/alookso/1007MLpj/myenv/lib/python3.10/site-packages/airflow/example_dags/example_setup_teardown.py
[2024-10-08T18:16:38.441+0900] {processor.py:914} INFO - Processing file /Users/alookso/1007MLpj/myenv/lib/python3.10/site-packages/airflow/example_dags/example_setup_teardown.py for tasks to queue
[2024-10-08T18:16:38.442+0900] {logging_mixin.py:190} INFO - [2024-10-08T18:16:38.442+0900] {dagbag.py:588} INFO - Filling up the DagBag from /Users/alookso/1007MLpj/myenv/lib/python3.10/site-packages/airflow/example_dags/example_setup_teardown.py
[2024-10-08T18:16:38.452+0900] {processor.py:925} INFO - DAG(s) 'example_setup_teardown' retrieved from /Users/alookso/1007MLpj/myenv/lib/python3.10/site-packages/airflow/example_dags/example_setup_teardown.py
[2024-10-08T18:16:38.580+0900] {logging_mixin.py:190} INFO - [2024-10-08T18:16:38.579+0900] {dag.py:3239} INFO - Sync 1 DAGs
[2024-10-08T18:16:38.593+0900] {logging_mixin.py:190} INFO - [2024-10-08T18:16:38.593+0900] {dag.py:4180} INFO - Setting next_dagrun for example_setup_teardown to None, run_after=None
[2024-10-08T18:16:38.613+0900] {processor.py:208} INFO - Processing /Users/alookso/1007MLpj/myenv/lib/python3.10/site-packages/airflow/example_dags/example_setup_teardown.py took 0.177 seconds
[2024-10-08T18:19:50.709+0900] {processor.py:186} INFO - Started process (PID=28164) to work on /Users/alookso/1007MLpj/myenv/lib/python3.10/site-packages/airflow/example_dags/example_setup_teardown.py
[2024-10-08T18:19:50.710+0900] {processor.py:914} INFO - Processing file /Users/alookso/1007MLpj/myenv/lib/python3.10/site-packages/airflow/example_dags/example_setup_teardown.py for tasks to queue
[2024-10-08T18:19:50.711+0900] {logging_mixin.py:190} INFO - [2024-10-08T18:19:50.710+0900] {dagbag.py:588} INFO - Filling up the DagBag from /Users/alookso/1007MLpj/myenv/lib/python3.10/site-packages/airflow/example_dags/example_setup_teardown.py
[2024-10-08T18:19:50.721+0900] {processor.py:925} INFO - DAG(s) 'example_setup_teardown' retrieved from /Users/alookso/1007MLpj/myenv/lib/python3.10/site-packages/airflow/example_dags/example_setup_teardown.py
[2024-10-08T18:19:50.853+0900] {logging_mixin.py:190} INFO - [2024-10-08T18:19:50.853+0900] {dag.py:3239} INFO - Sync 1 DAGs
[2024-10-08T18:19:50.867+0900] {logging_mixin.py:190} INFO - [2024-10-08T18:19:50.867+0900] {dag.py:4180} INFO - Setting next_dagrun for example_setup_teardown to None, run_after=None
[2024-10-08T18:19:50.887+0900] {processor.py:208} INFO - Processing /Users/alookso/1007MLpj/myenv/lib/python3.10/site-packages/airflow/example_dags/example_setup_teardown.py took 0.184 seconds
[2024-10-08T18:47:09.589+0900] {processor.py:186} INFO - Started process (PID=29271) to work on /Users/alookso/1007MLpj/myenv/lib/python3.10/site-packages/airflow/example_dags/example_setup_teardown.py
[2024-10-08T18:47:09.589+0900] {processor.py:914} INFO - Processing file /Users/alookso/1007MLpj/myenv/lib/python3.10/site-packages/airflow/example_dags/example_setup_teardown.py for tasks to queue
[2024-10-08T18:47:09.590+0900] {logging_mixin.py:190} INFO - [2024-10-08T18:47:09.590+0900] {dagbag.py:588} INFO - Filling up the DagBag from /Users/alookso/1007MLpj/myenv/lib/python3.10/site-packages/airflow/example_dags/example_setup_teardown.py
[2024-10-08T18:47:09.600+0900] {processor.py:925} INFO - DAG(s) 'example_setup_teardown' retrieved from /Users/alookso/1007MLpj/myenv/lib/python3.10/site-packages/airflow/example_dags/example_setup_teardown.py
[2024-10-08T18:47:09.734+0900] {logging_mixin.py:190} INFO - [2024-10-08T18:47:09.734+0900] {dag.py:3239} INFO - Sync 1 DAGs
[2024-10-08T18:47:09.747+0900] {logging_mixin.py:190} INFO - [2024-10-08T18:47:09.747+0900] {dag.py:4180} INFO - Setting next_dagrun for example_setup_teardown to None, run_after=None
[2024-10-08T18:47:09.766+0900] {processor.py:208} INFO - Processing /Users/alookso/1007MLpj/myenv/lib/python3.10/site-packages/airflow/example_dags/example_setup_teardown.py took 0.183 seconds
