[2024-10-08T14:44:22.783+0900] {processor.py:186} INFO - Started process (PID=22260) to work on /Users/alookso/1007MLpj/myenv/lib/python3.10/site-packages/airflow/example_dags/example_short_circuit_operator.py
[2024-10-08T14:44:22.784+0900] {processor.py:914} INFO - Processing file /Users/alookso/1007MLpj/myenv/lib/python3.10/site-packages/airflow/example_dags/example_short_circuit_operator.py for tasks to queue
[2024-10-08T14:44:22.785+0900] {logging_mixin.py:190} INFO - [2024-10-08T14:44:22.784+0900] {dagbag.py:588} INFO - Filling up the DagBag from /Users/alookso/1007MLpj/myenv/lib/python3.10/site-packages/airflow/example_dags/example_short_circuit_operator.py
[2024-10-08T14:44:22.816+0900] {processor.py:925} INFO - DAG(s) 'example_short_circuit_operator' retrieved from /Users/alookso/1007MLpj/myenv/lib/python3.10/site-packages/airflow/example_dags/example_short_circuit_operator.py
[2024-10-08T14:44:23.058+0900] {logging_mixin.py:190} INFO - [2024-10-08T14:44:23.058+0900] {override.py:1901} INFO - Created Permission View: can edit on DAG:example_short_circuit_operator
[2024-10-08T14:44:23.069+0900] {logging_mixin.py:190} INFO - [2024-10-08T14:44:23.068+0900] {override.py:1901} INFO - Created Permission View: can delete on DAG:example_short_circuit_operator
[2024-10-08T14:44:23.076+0900] {logging_mixin.py:190} INFO - [2024-10-08T14:44:23.075+0900] {override.py:1901} INFO - Created Permission View: can read on DAG:example_short_circuit_operator
[2024-10-08T14:44:23.085+0900] {logging_mixin.py:190} INFO - [2024-10-08T14:44:23.085+0900] {override.py:1901} INFO - Created Permission View: can delete on DAG Run:example_short_circuit_operator
[2024-10-08T14:44:23.112+0900] {logging_mixin.py:190} INFO - [2024-10-08T14:44:23.112+0900] {override.py:1901} INFO - Created Permission View: menu access on DAG Run:example_short_circuit_operator
[2024-10-08T14:44:23.122+0900] {logging_mixin.py:190} INFO - [2024-10-08T14:44:23.121+0900] {override.py:1901} INFO - Created Permission View: can read on DAG Run:example_short_circuit_operator
[2024-10-08T14:44:23.129+0900] {logging_mixin.py:190} INFO - [2024-10-08T14:44:23.128+0900] {override.py:1901} INFO - Created Permission View: can create on DAG Run:example_short_circuit_operator
[2024-10-08T14:44:23.129+0900] {logging_mixin.py:190} INFO - [2024-10-08T14:44:23.129+0900] {dag.py:3239} INFO - Sync 1 DAGs
[2024-10-08T14:44:23.143+0900] {logging_mixin.py:190} INFO - [2024-10-08T14:44:23.143+0900] {dag.py:3262} INFO - Creating ORM DAG for example_short_circuit_operator
[2024-10-08T14:44:23.144+0900] {logging_mixin.py:190} INFO - [2024-10-08T14:44:23.143+0900] {dag.py:4180} INFO - Setting next_dagrun for example_short_circuit_operator to None, run_after=None
[2024-10-08T14:44:23.162+0900] {processor.py:208} INFO - Processing /Users/alookso/1007MLpj/myenv/lib/python3.10/site-packages/airflow/example_dags/example_short_circuit_operator.py took 0.384 seconds
[2024-10-08T14:48:09.293+0900] {processor.py:186} INFO - Started process (PID=22352) to work on /Users/alookso/1007MLpj/myenv/lib/python3.10/site-packages/airflow/example_dags/example_short_circuit_operator.py
[2024-10-08T14:48:09.294+0900] {processor.py:914} INFO - Processing file /Users/alookso/1007MLpj/myenv/lib/python3.10/site-packages/airflow/example_dags/example_short_circuit_operator.py for tasks to queue
[2024-10-08T14:48:09.295+0900] {logging_mixin.py:190} INFO - [2024-10-08T14:48:09.295+0900] {dagbag.py:588} INFO - Filling up the DagBag from /Users/alookso/1007MLpj/myenv/lib/python3.10/site-packages/airflow/example_dags/example_short_circuit_operator.py
[2024-10-08T14:48:09.327+0900] {processor.py:925} INFO - DAG(s) 'example_short_circuit_operator' retrieved from /Users/alookso/1007MLpj/myenv/lib/python3.10/site-packages/airflow/example_dags/example_short_circuit_operator.py
[2024-10-08T14:48:09.464+0900] {logging_mixin.py:190} INFO - [2024-10-08T14:48:09.464+0900] {dag.py:3239} INFO - Sync 1 DAGs
[2024-10-08T14:48:09.477+0900] {logging_mixin.py:190} INFO - [2024-10-08T14:48:09.477+0900] {dag.py:4180} INFO - Setting next_dagrun for example_short_circuit_operator to None, run_after=None
[2024-10-08T14:48:09.497+0900] {processor.py:208} INFO - Processing /Users/alookso/1007MLpj/myenv/lib/python3.10/site-packages/airflow/example_dags/example_short_circuit_operator.py took 0.210 seconds
[2024-10-08T14:51:15.952+0900] {processor.py:186} INFO - Started process (PID=22425) to work on /Users/alookso/1007MLpj/myenv/lib/python3.10/site-packages/airflow/example_dags/example_short_circuit_operator.py
[2024-10-08T14:51:15.952+0900] {processor.py:914} INFO - Processing file /Users/alookso/1007MLpj/myenv/lib/python3.10/site-packages/airflow/example_dags/example_short_circuit_operator.py for tasks to queue
[2024-10-08T14:51:15.953+0900] {logging_mixin.py:190} INFO - [2024-10-08T14:51:15.953+0900] {dagbag.py:588} INFO - Filling up the DagBag from /Users/alookso/1007MLpj/myenv/lib/python3.10/site-packages/airflow/example_dags/example_short_circuit_operator.py
[2024-10-08T14:51:15.984+0900] {processor.py:925} INFO - DAG(s) 'example_short_circuit_operator' retrieved from /Users/alookso/1007MLpj/myenv/lib/python3.10/site-packages/airflow/example_dags/example_short_circuit_operator.py
[2024-10-08T14:51:16.119+0900] {logging_mixin.py:190} INFO - [2024-10-08T14:51:16.119+0900] {dag.py:3239} INFO - Sync 1 DAGs
[2024-10-08T14:51:16.133+0900] {logging_mixin.py:190} INFO - [2024-10-08T14:51:16.132+0900] {dag.py:4180} INFO - Setting next_dagrun for example_short_circuit_operator to None, run_after=None
[2024-10-08T14:51:16.153+0900] {processor.py:208} INFO - Processing /Users/alookso/1007MLpj/myenv/lib/python3.10/site-packages/airflow/example_dags/example_short_circuit_operator.py took 0.206 seconds
[2024-10-08T14:54:24.470+0900] {processor.py:186} INFO - Started process (PID=22554) to work on /Users/alookso/1007MLpj/myenv/lib/python3.10/site-packages/airflow/example_dags/example_short_circuit_operator.py
[2024-10-08T14:54:24.470+0900] {processor.py:914} INFO - Processing file /Users/alookso/1007MLpj/myenv/lib/python3.10/site-packages/airflow/example_dags/example_short_circuit_operator.py for tasks to queue
[2024-10-08T14:54:24.471+0900] {logging_mixin.py:190} INFO - [2024-10-08T14:54:24.471+0900] {dagbag.py:588} INFO - Filling up the DagBag from /Users/alookso/1007MLpj/myenv/lib/python3.10/site-packages/airflow/example_dags/example_short_circuit_operator.py
[2024-10-08T14:54:24.502+0900] {processor.py:925} INFO - DAG(s) 'example_short_circuit_operator' retrieved from /Users/alookso/1007MLpj/myenv/lib/python3.10/site-packages/airflow/example_dags/example_short_circuit_operator.py
[2024-10-08T14:54:24.635+0900] {logging_mixin.py:190} INFO - [2024-10-08T14:54:24.635+0900] {dag.py:3239} INFO - Sync 1 DAGs
[2024-10-08T14:54:24.649+0900] {logging_mixin.py:190} INFO - [2024-10-08T14:54:24.648+0900] {dag.py:4180} INFO - Setting next_dagrun for example_short_circuit_operator to None, run_after=None
[2024-10-08T14:54:24.669+0900] {processor.py:208} INFO - Processing /Users/alookso/1007MLpj/myenv/lib/python3.10/site-packages/airflow/example_dags/example_short_circuit_operator.py took 0.204 seconds
[2024-10-08T14:57:32.064+0900] {processor.py:186} INFO - Started process (PID=22666) to work on /Users/alookso/1007MLpj/myenv/lib/python3.10/site-packages/airflow/example_dags/example_short_circuit_operator.py
[2024-10-08T14:57:32.065+0900] {processor.py:914} INFO - Processing file /Users/alookso/1007MLpj/myenv/lib/python3.10/site-packages/airflow/example_dags/example_short_circuit_operator.py for tasks to queue
[2024-10-08T14:57:32.066+0900] {logging_mixin.py:190} INFO - [2024-10-08T14:57:32.065+0900] {dagbag.py:588} INFO - Filling up the DagBag from /Users/alookso/1007MLpj/myenv/lib/python3.10/site-packages/airflow/example_dags/example_short_circuit_operator.py
[2024-10-08T14:57:32.096+0900] {processor.py:925} INFO - DAG(s) 'example_short_circuit_operator' retrieved from /Users/alookso/1007MLpj/myenv/lib/python3.10/site-packages/airflow/example_dags/example_short_circuit_operator.py
[2024-10-08T14:57:32.233+0900] {logging_mixin.py:190} INFO - [2024-10-08T14:57:32.232+0900] {dag.py:3239} INFO - Sync 1 DAGs
[2024-10-08T14:57:32.245+0900] {logging_mixin.py:190} INFO - [2024-10-08T14:57:32.245+0900] {dag.py:4180} INFO - Setting next_dagrun for example_short_circuit_operator to None, run_after=None
[2024-10-08T14:57:32.265+0900] {processor.py:208} INFO - Processing /Users/alookso/1007MLpj/myenv/lib/python3.10/site-packages/airflow/example_dags/example_short_circuit_operator.py took 0.205 seconds
[2024-10-08T15:00:42.456+0900] {processor.py:186} INFO - Started process (PID=22775) to work on /Users/alookso/1007MLpj/myenv/lib/python3.10/site-packages/airflow/example_dags/example_short_circuit_operator.py
[2024-10-08T15:00:42.457+0900] {processor.py:914} INFO - Processing file /Users/alookso/1007MLpj/myenv/lib/python3.10/site-packages/airflow/example_dags/example_short_circuit_operator.py for tasks to queue
[2024-10-08T15:00:42.458+0900] {logging_mixin.py:190} INFO - [2024-10-08T15:00:42.458+0900] {dagbag.py:588} INFO - Filling up the DagBag from /Users/alookso/1007MLpj/myenv/lib/python3.10/site-packages/airflow/example_dags/example_short_circuit_operator.py
[2024-10-08T15:00:42.490+0900] {processor.py:925} INFO - DAG(s) 'example_short_circuit_operator' retrieved from /Users/alookso/1007MLpj/myenv/lib/python3.10/site-packages/airflow/example_dags/example_short_circuit_operator.py
[2024-10-08T15:00:42.646+0900] {logging_mixin.py:190} INFO - [2024-10-08T15:00:42.646+0900] {dag.py:3239} INFO - Sync 1 DAGs
[2024-10-08T15:00:42.661+0900] {logging_mixin.py:190} INFO - [2024-10-08T15:00:42.661+0900] {dag.py:4180} INFO - Setting next_dagrun for example_short_circuit_operator to None, run_after=None
[2024-10-08T15:00:42.684+0900] {processor.py:208} INFO - Processing /Users/alookso/1007MLpj/myenv/lib/python3.10/site-packages/airflow/example_dags/example_short_circuit_operator.py took 0.232 seconds
[2024-10-08T15:03:50.343+0900] {processor.py:186} INFO - Started process (PID=22858) to work on /Users/alookso/1007MLpj/myenv/lib/python3.10/site-packages/airflow/example_dags/example_short_circuit_operator.py
[2024-10-08T15:03:50.344+0900] {processor.py:914} INFO - Processing file /Users/alookso/1007MLpj/myenv/lib/python3.10/site-packages/airflow/example_dags/example_short_circuit_operator.py for tasks to queue
[2024-10-08T15:03:50.345+0900] {logging_mixin.py:190} INFO - [2024-10-08T15:03:50.344+0900] {dagbag.py:588} INFO - Filling up the DagBag from /Users/alookso/1007MLpj/myenv/lib/python3.10/site-packages/airflow/example_dags/example_short_circuit_operator.py
[2024-10-08T15:03:50.375+0900] {processor.py:925} INFO - DAG(s) 'example_short_circuit_operator' retrieved from /Users/alookso/1007MLpj/myenv/lib/python3.10/site-packages/airflow/example_dags/example_short_circuit_operator.py
[2024-10-08T15:03:50.512+0900] {logging_mixin.py:190} INFO - [2024-10-08T15:03:50.511+0900] {dag.py:3239} INFO - Sync 1 DAGs
[2024-10-08T15:03:50.525+0900] {logging_mixin.py:190} INFO - [2024-10-08T15:03:50.525+0900] {dag.py:4180} INFO - Setting next_dagrun for example_short_circuit_operator to None, run_after=None
[2024-10-08T15:03:50.545+0900] {processor.py:208} INFO - Processing /Users/alookso/1007MLpj/myenv/lib/python3.10/site-packages/airflow/example_dags/example_short_circuit_operator.py took 0.206 seconds
[2024-10-08T15:06:54.766+0900] {processor.py:186} INFO - Started process (PID=22957) to work on /Users/alookso/1007MLpj/myenv/lib/python3.10/site-packages/airflow/example_dags/example_short_circuit_operator.py
[2024-10-08T15:06:54.767+0900] {processor.py:914} INFO - Processing file /Users/alookso/1007MLpj/myenv/lib/python3.10/site-packages/airflow/example_dags/example_short_circuit_operator.py for tasks to queue
[2024-10-08T15:06:54.768+0900] {logging_mixin.py:190} INFO - [2024-10-08T15:06:54.768+0900] {dagbag.py:588} INFO - Filling up the DagBag from /Users/alookso/1007MLpj/myenv/lib/python3.10/site-packages/airflow/example_dags/example_short_circuit_operator.py
[2024-10-08T15:06:54.801+0900] {processor.py:925} INFO - DAG(s) 'example_short_circuit_operator' retrieved from /Users/alookso/1007MLpj/myenv/lib/python3.10/site-packages/airflow/example_dags/example_short_circuit_operator.py
[2024-10-08T15:06:54.954+0900] {logging_mixin.py:190} INFO - [2024-10-08T15:06:54.954+0900] {dag.py:3239} INFO - Sync 1 DAGs
[2024-10-08T15:06:54.968+0900] {logging_mixin.py:190} INFO - [2024-10-08T15:06:54.968+0900] {dag.py:4180} INFO - Setting next_dagrun for example_short_circuit_operator to None, run_after=None
[2024-10-08T15:06:54.990+0900] {processor.py:208} INFO - Processing /Users/alookso/1007MLpj/myenv/lib/python3.10/site-packages/airflow/example_dags/example_short_circuit_operator.py took 0.229 seconds
[2024-10-08T15:10:00.746+0900] {processor.py:186} INFO - Started process (PID=23067) to work on /Users/alookso/1007MLpj/myenv/lib/python3.10/site-packages/airflow/example_dags/example_short_circuit_operator.py
[2024-10-08T15:10:00.747+0900] {processor.py:914} INFO - Processing file /Users/alookso/1007MLpj/myenv/lib/python3.10/site-packages/airflow/example_dags/example_short_circuit_operator.py for tasks to queue
[2024-10-08T15:10:00.748+0900] {logging_mixin.py:190} INFO - [2024-10-08T15:10:00.748+0900] {dagbag.py:588} INFO - Filling up the DagBag from /Users/alookso/1007MLpj/myenv/lib/python3.10/site-packages/airflow/example_dags/example_short_circuit_operator.py
[2024-10-08T15:10:00.777+0900] {processor.py:925} INFO - DAG(s) 'example_short_circuit_operator' retrieved from /Users/alookso/1007MLpj/myenv/lib/python3.10/site-packages/airflow/example_dags/example_short_circuit_operator.py
[2024-10-08T15:10:00.914+0900] {logging_mixin.py:190} INFO - [2024-10-08T15:10:00.913+0900] {dag.py:3239} INFO - Sync 1 DAGs
[2024-10-08T15:10:00.926+0900] {logging_mixin.py:190} INFO - [2024-10-08T15:10:00.926+0900] {dag.py:4180} INFO - Setting next_dagrun for example_short_circuit_operator to None, run_after=None
[2024-10-08T15:10:00.946+0900] {processor.py:208} INFO - Processing /Users/alookso/1007MLpj/myenv/lib/python3.10/site-packages/airflow/example_dags/example_short_circuit_operator.py took 0.205 seconds
[2024-10-08T15:12:59.689+0900] {processor.py:186} INFO - Started process (PID=23158) to work on /Users/alookso/1007MLpj/myenv/lib/python3.10/site-packages/airflow/example_dags/example_short_circuit_operator.py
[2024-10-08T15:12:59.690+0900] {processor.py:914} INFO - Processing file /Users/alookso/1007MLpj/myenv/lib/python3.10/site-packages/airflow/example_dags/example_short_circuit_operator.py for tasks to queue
[2024-10-08T15:12:59.691+0900] {logging_mixin.py:190} INFO - [2024-10-08T15:12:59.691+0900] {dagbag.py:588} INFO - Filling up the DagBag from /Users/alookso/1007MLpj/myenv/lib/python3.10/site-packages/airflow/example_dags/example_short_circuit_operator.py
[2024-10-08T15:12:59.721+0900] {processor.py:925} INFO - DAG(s) 'example_short_circuit_operator' retrieved from /Users/alookso/1007MLpj/myenv/lib/python3.10/site-packages/airflow/example_dags/example_short_circuit_operator.py
[2024-10-08T15:12:59.852+0900] {logging_mixin.py:190} INFO - [2024-10-08T15:12:59.852+0900] {dag.py:3239} INFO - Sync 1 DAGs
[2024-10-08T15:12:59.865+0900] {logging_mixin.py:190} INFO - [2024-10-08T15:12:59.864+0900] {dag.py:4180} INFO - Setting next_dagrun for example_short_circuit_operator to None, run_after=None
[2024-10-08T15:12:59.884+0900] {processor.py:208} INFO - Processing /Users/alookso/1007MLpj/myenv/lib/python3.10/site-packages/airflow/example_dags/example_short_circuit_operator.py took 0.199 seconds
[2024-10-08T15:15:57.796+0900] {processor.py:186} INFO - Started process (PID=23233) to work on /Users/alookso/1007MLpj/myenv/lib/python3.10/site-packages/airflow/example_dags/example_short_circuit_operator.py
[2024-10-08T15:15:57.796+0900] {processor.py:914} INFO - Processing file /Users/alookso/1007MLpj/myenv/lib/python3.10/site-packages/airflow/example_dags/example_short_circuit_operator.py for tasks to queue
[2024-10-08T15:15:57.797+0900] {logging_mixin.py:190} INFO - [2024-10-08T15:15:57.797+0900] {dagbag.py:588} INFO - Filling up the DagBag from /Users/alookso/1007MLpj/myenv/lib/python3.10/site-packages/airflow/example_dags/example_short_circuit_operator.py
[2024-10-08T15:15:57.828+0900] {processor.py:925} INFO - DAG(s) 'example_short_circuit_operator' retrieved from /Users/alookso/1007MLpj/myenv/lib/python3.10/site-packages/airflow/example_dags/example_short_circuit_operator.py
[2024-10-08T15:15:57.962+0900] {logging_mixin.py:190} INFO - [2024-10-08T15:15:57.962+0900] {dag.py:3239} INFO - Sync 1 DAGs
[2024-10-08T15:15:57.975+0900] {logging_mixin.py:190} INFO - [2024-10-08T15:15:57.975+0900] {dag.py:4180} INFO - Setting next_dagrun for example_short_circuit_operator to None, run_after=None
[2024-10-08T15:15:57.994+0900] {processor.py:208} INFO - Processing /Users/alookso/1007MLpj/myenv/lib/python3.10/site-packages/airflow/example_dags/example_short_circuit_operator.py took 0.203 seconds
[2024-10-08T15:19:07.509+0900] {processor.py:186} INFO - Started process (PID=23341) to work on /Users/alookso/1007MLpj/myenv/lib/python3.10/site-packages/airflow/example_dags/example_short_circuit_operator.py
[2024-10-08T15:19:07.510+0900] {processor.py:914} INFO - Processing file /Users/alookso/1007MLpj/myenv/lib/python3.10/site-packages/airflow/example_dags/example_short_circuit_operator.py for tasks to queue
[2024-10-08T15:19:07.511+0900] {logging_mixin.py:190} INFO - [2024-10-08T15:19:07.511+0900] {dagbag.py:588} INFO - Filling up the DagBag from /Users/alookso/1007MLpj/myenv/lib/python3.10/site-packages/airflow/example_dags/example_short_circuit_operator.py
[2024-10-08T15:19:07.542+0900] {processor.py:925} INFO - DAG(s) 'example_short_circuit_operator' retrieved from /Users/alookso/1007MLpj/myenv/lib/python3.10/site-packages/airflow/example_dags/example_short_circuit_operator.py
[2024-10-08T15:19:07.674+0900] {logging_mixin.py:190} INFO - [2024-10-08T15:19:07.674+0900] {dag.py:3239} INFO - Sync 1 DAGs
[2024-10-08T15:19:07.687+0900] {logging_mixin.py:190} INFO - [2024-10-08T15:19:07.686+0900] {dag.py:4180} INFO - Setting next_dagrun for example_short_circuit_operator to None, run_after=None
[2024-10-08T15:19:07.706+0900] {processor.py:208} INFO - Processing /Users/alookso/1007MLpj/myenv/lib/python3.10/site-packages/airflow/example_dags/example_short_circuit_operator.py took 0.201 seconds
[2024-10-08T15:22:15.594+0900] {processor.py:186} INFO - Started process (PID=23426) to work on /Users/alookso/1007MLpj/myenv/lib/python3.10/site-packages/airflow/example_dags/example_short_circuit_operator.py
[2024-10-08T15:22:15.595+0900] {processor.py:914} INFO - Processing file /Users/alookso/1007MLpj/myenv/lib/python3.10/site-packages/airflow/example_dags/example_short_circuit_operator.py for tasks to queue
[2024-10-08T15:22:15.596+0900] {logging_mixin.py:190} INFO - [2024-10-08T15:22:15.596+0900] {dagbag.py:588} INFO - Filling up the DagBag from /Users/alookso/1007MLpj/myenv/lib/python3.10/site-packages/airflow/example_dags/example_short_circuit_operator.py
[2024-10-08T15:22:15.626+0900] {processor.py:925} INFO - DAG(s) 'example_short_circuit_operator' retrieved from /Users/alookso/1007MLpj/myenv/lib/python3.10/site-packages/airflow/example_dags/example_short_circuit_operator.py
[2024-10-08T15:22:15.758+0900] {logging_mixin.py:190} INFO - [2024-10-08T15:22:15.758+0900] {dag.py:3239} INFO - Sync 1 DAGs
[2024-10-08T15:22:15.771+0900] {logging_mixin.py:190} INFO - [2024-10-08T15:22:15.771+0900] {dag.py:4180} INFO - Setting next_dagrun for example_short_circuit_operator to None, run_after=None
[2024-10-08T15:22:15.791+0900] {processor.py:208} INFO - Processing /Users/alookso/1007MLpj/myenv/lib/python3.10/site-packages/airflow/example_dags/example_short_circuit_operator.py took 0.201 seconds
[2024-10-08T15:25:20.699+0900] {processor.py:186} INFO - Started process (PID=23521) to work on /Users/alookso/1007MLpj/myenv/lib/python3.10/site-packages/airflow/example_dags/example_short_circuit_operator.py
[2024-10-08T15:25:20.700+0900] {processor.py:914} INFO - Processing file /Users/alookso/1007MLpj/myenv/lib/python3.10/site-packages/airflow/example_dags/example_short_circuit_operator.py for tasks to queue
[2024-10-08T15:25:20.701+0900] {logging_mixin.py:190} INFO - [2024-10-08T15:25:20.701+0900] {dagbag.py:588} INFO - Filling up the DagBag from /Users/alookso/1007MLpj/myenv/lib/python3.10/site-packages/airflow/example_dags/example_short_circuit_operator.py
[2024-10-08T15:25:20.731+0900] {processor.py:925} INFO - DAG(s) 'example_short_circuit_operator' retrieved from /Users/alookso/1007MLpj/myenv/lib/python3.10/site-packages/airflow/example_dags/example_short_circuit_operator.py
[2024-10-08T15:25:20.865+0900] {logging_mixin.py:190} INFO - [2024-10-08T15:25:20.865+0900] {dag.py:3239} INFO - Sync 1 DAGs
[2024-10-08T15:25:20.878+0900] {logging_mixin.py:190} INFO - [2024-10-08T15:25:20.878+0900] {dag.py:4180} INFO - Setting next_dagrun for example_short_circuit_operator to None, run_after=None
[2024-10-08T15:25:20.898+0900] {processor.py:208} INFO - Processing /Users/alookso/1007MLpj/myenv/lib/python3.10/site-packages/airflow/example_dags/example_short_circuit_operator.py took 0.203 seconds
[2024-10-08T15:28:23.624+0900] {processor.py:186} INFO - Started process (PID=23627) to work on /Users/alookso/1007MLpj/myenv/lib/python3.10/site-packages/airflow/example_dags/example_short_circuit_operator.py
[2024-10-08T15:28:23.624+0900] {processor.py:914} INFO - Processing file /Users/alookso/1007MLpj/myenv/lib/python3.10/site-packages/airflow/example_dags/example_short_circuit_operator.py for tasks to queue
[2024-10-08T15:28:23.625+0900] {logging_mixin.py:190} INFO - [2024-10-08T15:28:23.625+0900] {dagbag.py:588} INFO - Filling up the DagBag from /Users/alookso/1007MLpj/myenv/lib/python3.10/site-packages/airflow/example_dags/example_short_circuit_operator.py
[2024-10-08T15:28:23.655+0900] {processor.py:925} INFO - DAG(s) 'example_short_circuit_operator' retrieved from /Users/alookso/1007MLpj/myenv/lib/python3.10/site-packages/airflow/example_dags/example_short_circuit_operator.py
[2024-10-08T15:28:23.786+0900] {logging_mixin.py:190} INFO - [2024-10-08T15:28:23.785+0900] {dag.py:3239} INFO - Sync 1 DAGs
[2024-10-08T15:28:23.798+0900] {logging_mixin.py:190} INFO - [2024-10-08T15:28:23.798+0900] {dag.py:4180} INFO - Setting next_dagrun for example_short_circuit_operator to None, run_after=None
[2024-10-08T15:28:23.817+0900] {processor.py:208} INFO - Processing /Users/alookso/1007MLpj/myenv/lib/python3.10/site-packages/airflow/example_dags/example_short_circuit_operator.py took 0.197 seconds
[2024-10-08T15:31:24.341+0900] {processor.py:186} INFO - Started process (PID=23733) to work on /Users/alookso/1007MLpj/myenv/lib/python3.10/site-packages/airflow/example_dags/example_short_circuit_operator.py
[2024-10-08T15:31:24.342+0900] {processor.py:914} INFO - Processing file /Users/alookso/1007MLpj/myenv/lib/python3.10/site-packages/airflow/example_dags/example_short_circuit_operator.py for tasks to queue
[2024-10-08T15:31:24.343+0900] {logging_mixin.py:190} INFO - [2024-10-08T15:31:24.343+0900] {dagbag.py:588} INFO - Filling up the DagBag from /Users/alookso/1007MLpj/myenv/lib/python3.10/site-packages/airflow/example_dags/example_short_circuit_operator.py
[2024-10-08T15:31:24.374+0900] {processor.py:925} INFO - DAG(s) 'example_short_circuit_operator' retrieved from /Users/alookso/1007MLpj/myenv/lib/python3.10/site-packages/airflow/example_dags/example_short_circuit_operator.py
[2024-10-08T15:31:24.506+0900] {logging_mixin.py:190} INFO - [2024-10-08T15:31:24.506+0900] {dag.py:3239} INFO - Sync 1 DAGs
[2024-10-08T15:31:24.519+0900] {logging_mixin.py:190} INFO - [2024-10-08T15:31:24.519+0900] {dag.py:4180} INFO - Setting next_dagrun for example_short_circuit_operator to None, run_after=None
[2024-10-08T15:31:24.563+0900] {processor.py:208} INFO - Processing /Users/alookso/1007MLpj/myenv/lib/python3.10/site-packages/airflow/example_dags/example_short_circuit_operator.py took 0.226 seconds
[2024-10-08T16:36:45.640+0900] {processor.py:186} INFO - Started process (PID=25005) to work on /Users/alookso/1007MLpj/myenv/lib/python3.10/site-packages/airflow/example_dags/example_short_circuit_operator.py
[2024-10-08T16:36:45.640+0900] {processor.py:914} INFO - Processing file /Users/alookso/1007MLpj/myenv/lib/python3.10/site-packages/airflow/example_dags/example_short_circuit_operator.py for tasks to queue
[2024-10-08T16:36:45.641+0900] {logging_mixin.py:190} INFO - [2024-10-08T16:36:45.641+0900] {dagbag.py:588} INFO - Filling up the DagBag from /Users/alookso/1007MLpj/myenv/lib/python3.10/site-packages/airflow/example_dags/example_short_circuit_operator.py
[2024-10-08T16:36:45.673+0900] {processor.py:925} INFO - DAG(s) 'example_short_circuit_operator' retrieved from /Users/alookso/1007MLpj/myenv/lib/python3.10/site-packages/airflow/example_dags/example_short_circuit_operator.py
[2024-10-08T16:36:45.808+0900] {logging_mixin.py:190} INFO - [2024-10-08T16:36:45.808+0900] {dag.py:3239} INFO - Sync 1 DAGs
[2024-10-08T16:36:45.822+0900] {logging_mixin.py:190} INFO - [2024-10-08T16:36:45.821+0900] {dag.py:4180} INFO - Setting next_dagrun for example_short_circuit_operator to None, run_after=None
[2024-10-08T16:36:45.842+0900] {processor.py:208} INFO - Processing /Users/alookso/1007MLpj/myenv/lib/python3.10/site-packages/airflow/example_dags/example_short_circuit_operator.py took 0.208 seconds
[2024-10-08T17:28:17.521+0900] {processor.py:186} INFO - Started process (PID=26380) to work on /Users/alookso/1007MLpj/myenv/lib/python3.10/site-packages/airflow/example_dags/example_short_circuit_operator.py
[2024-10-08T17:28:17.522+0900] {processor.py:914} INFO - Processing file /Users/alookso/1007MLpj/myenv/lib/python3.10/site-packages/airflow/example_dags/example_short_circuit_operator.py for tasks to queue
[2024-10-08T17:28:17.523+0900] {logging_mixin.py:190} INFO - [2024-10-08T17:28:17.522+0900] {dagbag.py:588} INFO - Filling up the DagBag from /Users/alookso/1007MLpj/myenv/lib/python3.10/site-packages/airflow/example_dags/example_short_circuit_operator.py
[2024-10-08T17:28:17.553+0900] {processor.py:925} INFO - DAG(s) 'example_short_circuit_operator' retrieved from /Users/alookso/1007MLpj/myenv/lib/python3.10/site-packages/airflow/example_dags/example_short_circuit_operator.py
[2024-10-08T17:28:17.688+0900] {logging_mixin.py:190} INFO - [2024-10-08T17:28:17.688+0900] {dag.py:3239} INFO - Sync 1 DAGs
[2024-10-08T17:28:17.702+0900] {logging_mixin.py:190} INFO - [2024-10-08T17:28:17.702+0900] {dag.py:4180} INFO - Setting next_dagrun for example_short_circuit_operator to None, run_after=None
[2024-10-08T17:28:17.724+0900] {processor.py:208} INFO - Processing /Users/alookso/1007MLpj/myenv/lib/python3.10/site-packages/airflow/example_dags/example_short_circuit_operator.py took 0.208 seconds
[2024-10-08T17:43:08.720+0900] {processor.py:186} INFO - Started process (PID=26891) to work on /Users/alookso/1007MLpj/myenv/lib/python3.10/site-packages/airflow/example_dags/example_short_circuit_operator.py
[2024-10-08T17:43:08.720+0900] {processor.py:914} INFO - Processing file /Users/alookso/1007MLpj/myenv/lib/python3.10/site-packages/airflow/example_dags/example_short_circuit_operator.py for tasks to queue
[2024-10-08T17:43:08.721+0900] {logging_mixin.py:190} INFO - [2024-10-08T17:43:08.721+0900] {dagbag.py:588} INFO - Filling up the DagBag from /Users/alookso/1007MLpj/myenv/lib/python3.10/site-packages/airflow/example_dags/example_short_circuit_operator.py
[2024-10-08T17:43:08.751+0900] {processor.py:925} INFO - DAG(s) 'example_short_circuit_operator' retrieved from /Users/alookso/1007MLpj/myenv/lib/python3.10/site-packages/airflow/example_dags/example_short_circuit_operator.py
[2024-10-08T17:43:08.883+0900] {logging_mixin.py:190} INFO - [2024-10-08T17:43:08.882+0900] {dag.py:3239} INFO - Sync 1 DAGs
[2024-10-08T17:43:08.896+0900] {logging_mixin.py:190} INFO - [2024-10-08T17:43:08.895+0900] {dag.py:4180} INFO - Setting next_dagrun for example_short_circuit_operator to None, run_after=None
[2024-10-08T17:43:08.916+0900] {processor.py:208} INFO - Processing /Users/alookso/1007MLpj/myenv/lib/python3.10/site-packages/airflow/example_dags/example_short_circuit_operator.py took 0.201 seconds
[2024-10-08T17:55:31.536+0900] {processor.py:186} INFO - Started process (PID=27322) to work on /Users/alookso/1007MLpj/myenv/lib/python3.10/site-packages/airflow/example_dags/example_short_circuit_operator.py
[2024-10-08T17:55:31.537+0900] {processor.py:914} INFO - Processing file /Users/alookso/1007MLpj/myenv/lib/python3.10/site-packages/airflow/example_dags/example_short_circuit_operator.py for tasks to queue
[2024-10-08T17:55:31.538+0900] {logging_mixin.py:190} INFO - [2024-10-08T17:55:31.538+0900] {dagbag.py:588} INFO - Filling up the DagBag from /Users/alookso/1007MLpj/myenv/lib/python3.10/site-packages/airflow/example_dags/example_short_circuit_operator.py
[2024-10-08T17:55:31.569+0900] {processor.py:925} INFO - DAG(s) 'example_short_circuit_operator' retrieved from /Users/alookso/1007MLpj/myenv/lib/python3.10/site-packages/airflow/example_dags/example_short_circuit_operator.py
[2024-10-08T17:55:31.701+0900] {logging_mixin.py:190} INFO - [2024-10-08T17:55:31.701+0900] {dag.py:3239} INFO - Sync 1 DAGs
[2024-10-08T17:55:31.714+0900] {logging_mixin.py:190} INFO - [2024-10-08T17:55:31.714+0900] {dag.py:4180} INFO - Setting next_dagrun for example_short_circuit_operator to None, run_after=None
[2024-10-08T17:55:31.733+0900] {processor.py:208} INFO - Processing /Users/alookso/1007MLpj/myenv/lib/python3.10/site-packages/airflow/example_dags/example_short_circuit_operator.py took 0.201 seconds
[2024-10-08T18:00:20.241+0900] {processor.py:186} INFO - Started process (PID=27524) to work on /Users/alookso/1007MLpj/myenv/lib/python3.10/site-packages/airflow/example_dags/example_short_circuit_operator.py
[2024-10-08T18:00:20.242+0900] {processor.py:914} INFO - Processing file /Users/alookso/1007MLpj/myenv/lib/python3.10/site-packages/airflow/example_dags/example_short_circuit_operator.py for tasks to queue
[2024-10-08T18:00:20.243+0900] {logging_mixin.py:190} INFO - [2024-10-08T18:00:20.242+0900] {dagbag.py:588} INFO - Filling up the DagBag from /Users/alookso/1007MLpj/myenv/lib/python3.10/site-packages/airflow/example_dags/example_short_circuit_operator.py
[2024-10-08T18:00:20.272+0900] {processor.py:925} INFO - DAG(s) 'example_short_circuit_operator' retrieved from /Users/alookso/1007MLpj/myenv/lib/python3.10/site-packages/airflow/example_dags/example_short_circuit_operator.py
[2024-10-08T18:00:20.403+0900] {logging_mixin.py:190} INFO - [2024-10-08T18:00:20.402+0900] {dag.py:3239} INFO - Sync 1 DAGs
[2024-10-08T18:00:20.415+0900] {logging_mixin.py:190} INFO - [2024-10-08T18:00:20.415+0900] {dag.py:4180} INFO - Setting next_dagrun for example_short_circuit_operator to None, run_after=None
[2024-10-08T18:00:20.435+0900] {processor.py:208} INFO - Processing /Users/alookso/1007MLpj/myenv/lib/python3.10/site-packages/airflow/example_dags/example_short_circuit_operator.py took 0.198 seconds
[2024-10-08T18:04:01.199+0900] {processor.py:186} INFO - Started process (PID=27658) to work on /Users/alookso/1007MLpj/myenv/lib/python3.10/site-packages/airflow/example_dags/example_short_circuit_operator.py
[2024-10-08T18:04:01.200+0900] {processor.py:914} INFO - Processing file /Users/alookso/1007MLpj/myenv/lib/python3.10/site-packages/airflow/example_dags/example_short_circuit_operator.py for tasks to queue
[2024-10-08T18:04:01.201+0900] {logging_mixin.py:190} INFO - [2024-10-08T18:04:01.200+0900] {dagbag.py:588} INFO - Filling up the DagBag from /Users/alookso/1007MLpj/myenv/lib/python3.10/site-packages/airflow/example_dags/example_short_circuit_operator.py
[2024-10-08T18:04:01.233+0900] {processor.py:925} INFO - DAG(s) 'example_short_circuit_operator' retrieved from /Users/alookso/1007MLpj/myenv/lib/python3.10/site-packages/airflow/example_dags/example_short_circuit_operator.py
[2024-10-08T18:04:01.367+0900] {logging_mixin.py:190} INFO - [2024-10-08T18:04:01.367+0900] {dag.py:3239} INFO - Sync 1 DAGs
[2024-10-08T18:04:01.380+0900] {logging_mixin.py:190} INFO - [2024-10-08T18:04:01.379+0900] {dag.py:4180} INFO - Setting next_dagrun for example_short_circuit_operator to None, run_after=None
[2024-10-08T18:04:01.399+0900] {processor.py:208} INFO - Processing /Users/alookso/1007MLpj/myenv/lib/python3.10/site-packages/airflow/example_dags/example_short_circuit_operator.py took 0.206 seconds
[2024-10-08T18:06:28.466+0900] {processor.py:186} INFO - Started process (PID=27764) to work on /Users/alookso/1007MLpj/myenv/lib/python3.10/site-packages/airflow/example_dags/example_short_circuit_operator.py
[2024-10-08T18:06:28.467+0900] {processor.py:914} INFO - Processing file /Users/alookso/1007MLpj/myenv/lib/python3.10/site-packages/airflow/example_dags/example_short_circuit_operator.py for tasks to queue
[2024-10-08T18:06:28.468+0900] {logging_mixin.py:190} INFO - [2024-10-08T18:06:28.468+0900] {dagbag.py:588} INFO - Filling up the DagBag from /Users/alookso/1007MLpj/myenv/lib/python3.10/site-packages/airflow/example_dags/example_short_circuit_operator.py
[2024-10-08T18:06:28.499+0900] {processor.py:925} INFO - DAG(s) 'example_short_circuit_operator' retrieved from /Users/alookso/1007MLpj/myenv/lib/python3.10/site-packages/airflow/example_dags/example_short_circuit_operator.py
[2024-10-08T18:06:28.631+0900] {logging_mixin.py:190} INFO - [2024-10-08T18:06:28.631+0900] {dag.py:3239} INFO - Sync 1 DAGs
[2024-10-08T18:06:28.644+0900] {logging_mixin.py:190} INFO - [2024-10-08T18:06:28.644+0900] {dag.py:4180} INFO - Setting next_dagrun for example_short_circuit_operator to None, run_after=None
[2024-10-08T18:06:28.665+0900] {processor.py:208} INFO - Processing /Users/alookso/1007MLpj/myenv/lib/python3.10/site-packages/airflow/example_dags/example_short_circuit_operator.py took 0.203 seconds
[2024-10-08T18:10:06.807+0900] {processor.py:186} INFO - Started process (PID=27859) to work on /Users/alookso/1007MLpj/myenv/lib/python3.10/site-packages/airflow/example_dags/example_short_circuit_operator.py
[2024-10-08T18:10:06.807+0900] {processor.py:914} INFO - Processing file /Users/alookso/1007MLpj/myenv/lib/python3.10/site-packages/airflow/example_dags/example_short_circuit_operator.py for tasks to queue
[2024-10-08T18:10:06.808+0900] {logging_mixin.py:190} INFO - [2024-10-08T18:10:06.808+0900] {dagbag.py:588} INFO - Filling up the DagBag from /Users/alookso/1007MLpj/myenv/lib/python3.10/site-packages/airflow/example_dags/example_short_circuit_operator.py
[2024-10-08T18:10:06.839+0900] {processor.py:925} INFO - DAG(s) 'example_short_circuit_operator' retrieved from /Users/alookso/1007MLpj/myenv/lib/python3.10/site-packages/airflow/example_dags/example_short_circuit_operator.py
[2024-10-08T18:10:06.972+0900] {logging_mixin.py:190} INFO - [2024-10-08T18:10:06.971+0900] {dag.py:3239} INFO - Sync 1 DAGs
[2024-10-08T18:10:06.984+0900] {logging_mixin.py:190} INFO - [2024-10-08T18:10:06.984+0900] {dag.py:4180} INFO - Setting next_dagrun for example_short_circuit_operator to None, run_after=None
[2024-10-08T18:10:07.005+0900] {processor.py:208} INFO - Processing /Users/alookso/1007MLpj/myenv/lib/python3.10/site-packages/airflow/example_dags/example_short_circuit_operator.py took 0.202 seconds
[2024-10-08T18:13:19.445+0900] {processor.py:186} INFO - Started process (PID=27960) to work on /Users/alookso/1007MLpj/myenv/lib/python3.10/site-packages/airflow/example_dags/example_short_circuit_operator.py
[2024-10-08T18:13:19.445+0900] {processor.py:914} INFO - Processing file /Users/alookso/1007MLpj/myenv/lib/python3.10/site-packages/airflow/example_dags/example_short_circuit_operator.py for tasks to queue
[2024-10-08T18:13:19.446+0900] {logging_mixin.py:190} INFO - [2024-10-08T18:13:19.446+0900] {dagbag.py:588} INFO - Filling up the DagBag from /Users/alookso/1007MLpj/myenv/lib/python3.10/site-packages/airflow/example_dags/example_short_circuit_operator.py
[2024-10-08T18:13:19.477+0900] {processor.py:925} INFO - DAG(s) 'example_short_circuit_operator' retrieved from /Users/alookso/1007MLpj/myenv/lib/python3.10/site-packages/airflow/example_dags/example_short_circuit_operator.py
[2024-10-08T18:13:19.609+0900] {logging_mixin.py:190} INFO - [2024-10-08T18:13:19.609+0900] {dag.py:3239} INFO - Sync 1 DAGs
[2024-10-08T18:13:19.622+0900] {logging_mixin.py:190} INFO - [2024-10-08T18:13:19.622+0900] {dag.py:4180} INFO - Setting next_dagrun for example_short_circuit_operator to None, run_after=None
[2024-10-08T18:13:19.643+0900] {processor.py:208} INFO - Processing /Users/alookso/1007MLpj/myenv/lib/python3.10/site-packages/airflow/example_dags/example_short_circuit_operator.py took 0.204 seconds
[2024-10-08T18:16:28.460+0900] {processor.py:186} INFO - Started process (PID=28065) to work on /Users/alookso/1007MLpj/myenv/lib/python3.10/site-packages/airflow/example_dags/example_short_circuit_operator.py
[2024-10-08T18:16:28.461+0900] {processor.py:914} INFO - Processing file /Users/alookso/1007MLpj/myenv/lib/python3.10/site-packages/airflow/example_dags/example_short_circuit_operator.py for tasks to queue
[2024-10-08T18:16:28.462+0900] {logging_mixin.py:190} INFO - [2024-10-08T18:16:28.462+0900] {dagbag.py:588} INFO - Filling up the DagBag from /Users/alookso/1007MLpj/myenv/lib/python3.10/site-packages/airflow/example_dags/example_short_circuit_operator.py
[2024-10-08T18:16:28.491+0900] {processor.py:925} INFO - DAG(s) 'example_short_circuit_operator' retrieved from /Users/alookso/1007MLpj/myenv/lib/python3.10/site-packages/airflow/example_dags/example_short_circuit_operator.py
[2024-10-08T18:16:28.623+0900] {logging_mixin.py:190} INFO - [2024-10-08T18:16:28.622+0900] {dag.py:3239} INFO - Sync 1 DAGs
[2024-10-08T18:16:28.636+0900] {logging_mixin.py:190} INFO - [2024-10-08T18:16:28.635+0900] {dag.py:4180} INFO - Setting next_dagrun for example_short_circuit_operator to None, run_after=None
[2024-10-08T18:16:28.656+0900] {processor.py:208} INFO - Processing /Users/alookso/1007MLpj/myenv/lib/python3.10/site-packages/airflow/example_dags/example_short_circuit_operator.py took 0.200 seconds
[2024-10-08T18:19:39.976+0900] {processor.py:186} INFO - Started process (PID=28155) to work on /Users/alookso/1007MLpj/myenv/lib/python3.10/site-packages/airflow/example_dags/example_short_circuit_operator.py
[2024-10-08T18:19:39.977+0900] {processor.py:914} INFO - Processing file /Users/alookso/1007MLpj/myenv/lib/python3.10/site-packages/airflow/example_dags/example_short_circuit_operator.py for tasks to queue
[2024-10-08T18:19:39.977+0900] {logging_mixin.py:190} INFO - [2024-10-08T18:19:39.977+0900] {dagbag.py:588} INFO - Filling up the DagBag from /Users/alookso/1007MLpj/myenv/lib/python3.10/site-packages/airflow/example_dags/example_short_circuit_operator.py
[2024-10-08T18:19:40.007+0900] {processor.py:925} INFO - DAG(s) 'example_short_circuit_operator' retrieved from /Users/alookso/1007MLpj/myenv/lib/python3.10/site-packages/airflow/example_dags/example_short_circuit_operator.py
[2024-10-08T18:19:40.138+0900] {logging_mixin.py:190} INFO - [2024-10-08T18:19:40.137+0900] {dag.py:3239} INFO - Sync 1 DAGs
[2024-10-08T18:19:40.150+0900] {logging_mixin.py:190} INFO - [2024-10-08T18:19:40.150+0900] {dag.py:4180} INFO - Setting next_dagrun for example_short_circuit_operator to None, run_after=None
[2024-10-08T18:19:40.169+0900] {processor.py:208} INFO - Processing /Users/alookso/1007MLpj/myenv/lib/python3.10/site-packages/airflow/example_dags/example_short_circuit_operator.py took 0.197 seconds
[2024-10-08T18:33:25.598+0900] {processor.py:186} INFO - Started process (PID=28719) to work on /Users/alookso/1007MLpj/myenv/lib/python3.10/site-packages/airflow/example_dags/example_short_circuit_operator.py
[2024-10-08T18:33:25.599+0900] {processor.py:914} INFO - Processing file /Users/alookso/1007MLpj/myenv/lib/python3.10/site-packages/airflow/example_dags/example_short_circuit_operator.py for tasks to queue
[2024-10-08T18:33:25.600+0900] {logging_mixin.py:190} INFO - [2024-10-08T18:33:25.600+0900] {dagbag.py:588} INFO - Filling up the DagBag from /Users/alookso/1007MLpj/myenv/lib/python3.10/site-packages/airflow/example_dags/example_short_circuit_operator.py
[2024-10-08T18:33:25.631+0900] {processor.py:925} INFO - DAG(s) 'example_short_circuit_operator' retrieved from /Users/alookso/1007MLpj/myenv/lib/python3.10/site-packages/airflow/example_dags/example_short_circuit_operator.py
[2024-10-08T18:33:25.772+0900] {logging_mixin.py:190} INFO - [2024-10-08T18:33:25.771+0900] {dag.py:3239} INFO - Sync 1 DAGs
[2024-10-08T18:33:25.785+0900] {logging_mixin.py:190} INFO - [2024-10-08T18:33:25.785+0900] {dag.py:4180} INFO - Setting next_dagrun for example_short_circuit_operator to None, run_after=None
[2024-10-08T18:33:25.806+0900] {processor.py:208} INFO - Processing /Users/alookso/1007MLpj/myenv/lib/python3.10/site-packages/airflow/example_dags/example_short_circuit_operator.py took 0.212 seconds
[2024-10-08T18:46:59.197+0900] {processor.py:186} INFO - Started process (PID=29267) to work on /Users/alookso/1007MLpj/myenv/lib/python3.10/site-packages/airflow/example_dags/example_short_circuit_operator.py
[2024-10-08T18:46:59.197+0900] {processor.py:914} INFO - Processing file /Users/alookso/1007MLpj/myenv/lib/python3.10/site-packages/airflow/example_dags/example_short_circuit_operator.py for tasks to queue
[2024-10-08T18:46:59.198+0900] {logging_mixin.py:190} INFO - [2024-10-08T18:46:59.198+0900] {dagbag.py:588} INFO - Filling up the DagBag from /Users/alookso/1007MLpj/myenv/lib/python3.10/site-packages/airflow/example_dags/example_short_circuit_operator.py
[2024-10-08T18:46:59.227+0900] {processor.py:925} INFO - DAG(s) 'example_short_circuit_operator' retrieved from /Users/alookso/1007MLpj/myenv/lib/python3.10/site-packages/airflow/example_dags/example_short_circuit_operator.py
[2024-10-08T18:46:59.360+0900] {logging_mixin.py:190} INFO - [2024-10-08T18:46:59.359+0900] {dag.py:3239} INFO - Sync 1 DAGs
[2024-10-08T18:46:59.372+0900] {logging_mixin.py:190} INFO - [2024-10-08T18:46:59.372+0900] {dag.py:4180} INFO - Setting next_dagrun for example_short_circuit_operator to None, run_after=None
[2024-10-08T18:46:59.392+0900] {processor.py:208} INFO - Processing /Users/alookso/1007MLpj/myenv/lib/python3.10/site-packages/airflow/example_dags/example_short_circuit_operator.py took 0.200 seconds
