[2024-10-08T14:45:19.724+0900] {processor.py:186} INFO - Started process (PID=22281) to work on /Users/alookso/1007MLpj/myenv/lib/python3.10/site-packages/airflow/example_dags/example_latest_only_with_trigger.py
[2024-10-08T14:45:19.725+0900] {processor.py:914} INFO - Processing file /Users/alookso/1007MLpj/myenv/lib/python3.10/site-packages/airflow/example_dags/example_latest_only_with_trigger.py for tasks to queue
[2024-10-08T14:45:19.726+0900] {logging_mixin.py:190} INFO - [2024-10-08T14:45:19.726+0900] {dagbag.py:588} INFO - Filling up the DagBag from /Users/alookso/1007MLpj/myenv/lib/python3.10/site-packages/airflow/example_dags/example_latest_only_with_trigger.py
[2024-10-08T14:45:19.735+0900] {processor.py:925} INFO - DAG(s) 'latest_only_with_trigger' retrieved from /Users/alookso/1007MLpj/myenv/lib/python3.10/site-packages/airflow/example_dags/example_latest_only_with_trigger.py
[2024-10-08T14:45:19.975+0900] {logging_mixin.py:190} INFO - [2024-10-08T14:45:19.975+0900] {override.py:1901} INFO - Created Permission View: can edit on DAG:latest_only_with_trigger
[2024-10-08T14:45:19.986+0900] {logging_mixin.py:190} INFO - [2024-10-08T14:45:19.986+0900] {override.py:1901} INFO - Created Permission View: can delete on DAG:latest_only_with_trigger
[2024-10-08T14:45:19.993+0900] {logging_mixin.py:190} INFO - [2024-10-08T14:45:19.993+0900] {override.py:1901} INFO - Created Permission View: can read on DAG:latest_only_with_trigger
[2024-10-08T14:45:20.002+0900] {logging_mixin.py:190} INFO - [2024-10-08T14:45:20.002+0900] {override.py:1901} INFO - Created Permission View: menu access on DAG Run:latest_only_with_trigger
[2024-10-08T14:45:20.010+0900] {logging_mixin.py:190} INFO - [2024-10-08T14:45:20.010+0900] {override.py:1901} INFO - Created Permission View: can delete on DAG Run:latest_only_with_trigger
[2024-10-08T14:45:20.017+0900] {logging_mixin.py:190} INFO - [2024-10-08T14:45:20.017+0900] {override.py:1901} INFO - Created Permission View: can read on DAG Run:latest_only_with_trigger
[2024-10-08T14:45:20.024+0900] {logging_mixin.py:190} INFO - [2024-10-08T14:45:20.024+0900] {override.py:1901} INFO - Created Permission View: can create on DAG Run:latest_only_with_trigger
[2024-10-08T14:45:20.025+0900] {logging_mixin.py:190} INFO - [2024-10-08T14:45:20.025+0900] {dag.py:3239} INFO - Sync 1 DAGs
[2024-10-08T14:45:20.039+0900] {logging_mixin.py:190} INFO - [2024-10-08T14:45:20.039+0900] {dag.py:3262} INFO - Creating ORM DAG for latest_only_with_trigger
[2024-10-08T14:45:20.048+0900] {logging_mixin.py:190} INFO - [2024-10-08T14:45:20.048+0900] {dag.py:4180} INFO - Setting next_dagrun for latest_only_with_trigger to 2024-10-08T00:00:00+00:00, run_after=2024-10-08T04:00:00+00:00
[2024-10-08T14:45:20.067+0900] {processor.py:208} INFO - Processing /Users/alookso/1007MLpj/myenv/lib/python3.10/site-packages/airflow/example_dags/example_latest_only_with_trigger.py took 0.347 seconds
[2024-10-08T14:49:02.134+0900] {processor.py:186} INFO - Started process (PID=22375) to work on /Users/alookso/1007MLpj/myenv/lib/python3.10/site-packages/airflow/example_dags/example_latest_only_with_trigger.py
[2024-10-08T14:49:02.135+0900] {processor.py:914} INFO - Processing file /Users/alookso/1007MLpj/myenv/lib/python3.10/site-packages/airflow/example_dags/example_latest_only_with_trigger.py for tasks to queue
[2024-10-08T14:49:02.136+0900] {logging_mixin.py:190} INFO - [2024-10-08T14:49:02.136+0900] {dagbag.py:588} INFO - Filling up the DagBag from /Users/alookso/1007MLpj/myenv/lib/python3.10/site-packages/airflow/example_dags/example_latest_only_with_trigger.py
[2024-10-08T14:49:02.146+0900] {processor.py:925} INFO - DAG(s) 'latest_only_with_trigger' retrieved from /Users/alookso/1007MLpj/myenv/lib/python3.10/site-packages/airflow/example_dags/example_latest_only_with_trigger.py
[2024-10-08T14:49:02.281+0900] {logging_mixin.py:190} INFO - [2024-10-08T14:49:02.280+0900] {dag.py:3239} INFO - Sync 1 DAGs
[2024-10-08T14:49:02.308+0900] {logging_mixin.py:190} INFO - [2024-10-08T14:49:02.308+0900] {dag.py:4180} INFO - Setting next_dagrun for latest_only_with_trigger to 2024-10-08T00:00:00+00:00, run_after=2024-10-08T04:00:00+00:00
[2024-10-08T14:49:02.327+0900] {processor.py:208} INFO - Processing /Users/alookso/1007MLpj/myenv/lib/python3.10/site-packages/airflow/example_dags/example_latest_only_with_trigger.py took 0.199 seconds
[2024-10-08T14:52:10.965+0900] {processor.py:186} INFO - Started process (PID=22468) to work on /Users/alookso/1007MLpj/myenv/lib/python3.10/site-packages/airflow/example_dags/example_latest_only_with_trigger.py
[2024-10-08T14:52:10.966+0900] {processor.py:914} INFO - Processing file /Users/alookso/1007MLpj/myenv/lib/python3.10/site-packages/airflow/example_dags/example_latest_only_with_trigger.py for tasks to queue
[2024-10-08T14:52:10.967+0900] {logging_mixin.py:190} INFO - [2024-10-08T14:52:10.966+0900] {dagbag.py:588} INFO - Filling up the DagBag from /Users/alookso/1007MLpj/myenv/lib/python3.10/site-packages/airflow/example_dags/example_latest_only_with_trigger.py
[2024-10-08T14:52:10.975+0900] {processor.py:925} INFO - DAG(s) 'latest_only_with_trigger' retrieved from /Users/alookso/1007MLpj/myenv/lib/python3.10/site-packages/airflow/example_dags/example_latest_only_with_trigger.py
[2024-10-08T14:52:11.126+0900] {logging_mixin.py:190} INFO - [2024-10-08T14:52:11.125+0900] {dag.py:3239} INFO - Sync 1 DAGs
[2024-10-08T14:52:11.162+0900] {logging_mixin.py:190} INFO - [2024-10-08T14:52:11.161+0900] {dag.py:4180} INFO - Setting next_dagrun for latest_only_with_trigger to 2024-10-08T00:00:00+00:00, run_after=2024-10-08T04:00:00+00:00
[2024-10-08T14:52:11.186+0900] {processor.py:208} INFO - Processing /Users/alookso/1007MLpj/myenv/lib/python3.10/site-packages/airflow/example_dags/example_latest_only_with_trigger.py took 0.227 seconds
[2024-10-08T14:55:16.611+0900] {processor.py:186} INFO - Started process (PID=22593) to work on /Users/alookso/1007MLpj/myenv/lib/python3.10/site-packages/airflow/example_dags/example_latest_only_with_trigger.py
[2024-10-08T14:55:16.611+0900] {processor.py:914} INFO - Processing file /Users/alookso/1007MLpj/myenv/lib/python3.10/site-packages/airflow/example_dags/example_latest_only_with_trigger.py for tasks to queue
[2024-10-08T14:55:16.612+0900] {logging_mixin.py:190} INFO - [2024-10-08T14:55:16.612+0900] {dagbag.py:588} INFO - Filling up the DagBag from /Users/alookso/1007MLpj/myenv/lib/python3.10/site-packages/airflow/example_dags/example_latest_only_with_trigger.py
[2024-10-08T14:55:16.621+0900] {processor.py:925} INFO - DAG(s) 'latest_only_with_trigger' retrieved from /Users/alookso/1007MLpj/myenv/lib/python3.10/site-packages/airflow/example_dags/example_latest_only_with_trigger.py
[2024-10-08T14:55:16.755+0900] {logging_mixin.py:190} INFO - [2024-10-08T14:55:16.755+0900] {dag.py:3239} INFO - Sync 1 DAGs
[2024-10-08T14:55:16.777+0900] {logging_mixin.py:190} INFO - [2024-10-08T14:55:16.777+0900] {dag.py:4180} INFO - Setting next_dagrun for latest_only_with_trigger to 2024-10-08T00:00:00+00:00, run_after=2024-10-08T04:00:00+00:00
[2024-10-08T14:55:16.797+0900] {processor.py:208} INFO - Processing /Users/alookso/1007MLpj/myenv/lib/python3.10/site-packages/airflow/example_dags/example_latest_only_with_trigger.py took 0.190 seconds
[2024-10-08T14:58:23.408+0900] {processor.py:186} INFO - Started process (PID=22692) to work on /Users/alookso/1007MLpj/myenv/lib/python3.10/site-packages/airflow/example_dags/example_latest_only_with_trigger.py
[2024-10-08T14:58:23.409+0900] {processor.py:914} INFO - Processing file /Users/alookso/1007MLpj/myenv/lib/python3.10/site-packages/airflow/example_dags/example_latest_only_with_trigger.py for tasks to queue
[2024-10-08T14:58:23.410+0900] {logging_mixin.py:190} INFO - [2024-10-08T14:58:23.410+0900] {dagbag.py:588} INFO - Filling up the DagBag from /Users/alookso/1007MLpj/myenv/lib/python3.10/site-packages/airflow/example_dags/example_latest_only_with_trigger.py
[2024-10-08T14:58:23.419+0900] {processor.py:925} INFO - DAG(s) 'latest_only_with_trigger' retrieved from /Users/alookso/1007MLpj/myenv/lib/python3.10/site-packages/airflow/example_dags/example_latest_only_with_trigger.py
[2024-10-08T14:58:23.552+0900] {logging_mixin.py:190} INFO - [2024-10-08T14:58:23.552+0900] {dag.py:3239} INFO - Sync 1 DAGs
[2024-10-08T14:58:23.574+0900] {logging_mixin.py:190} INFO - [2024-10-08T14:58:23.574+0900] {dag.py:4180} INFO - Setting next_dagrun for latest_only_with_trigger to 2024-10-08T00:00:00+00:00, run_after=2024-10-08T04:00:00+00:00
[2024-10-08T14:58:23.596+0900] {processor.py:208} INFO - Processing /Users/alookso/1007MLpj/myenv/lib/python3.10/site-packages/airflow/example_dags/example_latest_only_with_trigger.py took 0.193 seconds
[2024-10-08T15:01:36.053+0900] {processor.py:186} INFO - Started process (PID=22797) to work on /Users/alookso/1007MLpj/myenv/lib/python3.10/site-packages/airflow/example_dags/example_latest_only_with_trigger.py
[2024-10-08T15:01:36.053+0900] {processor.py:914} INFO - Processing file /Users/alookso/1007MLpj/myenv/lib/python3.10/site-packages/airflow/example_dags/example_latest_only_with_trigger.py for tasks to queue
[2024-10-08T15:01:36.054+0900] {logging_mixin.py:190} INFO - [2024-10-08T15:01:36.054+0900] {dagbag.py:588} INFO - Filling up the DagBag from /Users/alookso/1007MLpj/myenv/lib/python3.10/site-packages/airflow/example_dags/example_latest_only_with_trigger.py
[2024-10-08T15:01:36.063+0900] {processor.py:925} INFO - DAG(s) 'latest_only_with_trigger' retrieved from /Users/alookso/1007MLpj/myenv/lib/python3.10/site-packages/airflow/example_dags/example_latest_only_with_trigger.py
[2024-10-08T15:01:36.200+0900] {logging_mixin.py:190} INFO - [2024-10-08T15:01:36.200+0900] {dag.py:3239} INFO - Sync 1 DAGs
[2024-10-08T15:01:36.221+0900] {logging_mixin.py:190} INFO - [2024-10-08T15:01:36.221+0900] {dag.py:4180} INFO - Setting next_dagrun for latest_only_with_trigger to 2024-10-08T00:00:00+00:00, run_after=2024-10-08T04:00:00+00:00
[2024-10-08T15:01:36.241+0900] {processor.py:208} INFO - Processing /Users/alookso/1007MLpj/myenv/lib/python3.10/site-packages/airflow/example_dags/example_latest_only_with_trigger.py took 0.192 seconds
[2024-10-08T15:04:41.480+0900] {processor.py:186} INFO - Started process (PID=22877) to work on /Users/alookso/1007MLpj/myenv/lib/python3.10/site-packages/airflow/example_dags/example_latest_only_with_trigger.py
[2024-10-08T15:04:41.481+0900] {processor.py:914} INFO - Processing file /Users/alookso/1007MLpj/myenv/lib/python3.10/site-packages/airflow/example_dags/example_latest_only_with_trigger.py for tasks to queue
[2024-10-08T15:04:41.482+0900] {logging_mixin.py:190} INFO - [2024-10-08T15:04:41.482+0900] {dagbag.py:588} INFO - Filling up the DagBag from /Users/alookso/1007MLpj/myenv/lib/python3.10/site-packages/airflow/example_dags/example_latest_only_with_trigger.py
[2024-10-08T15:04:41.491+0900] {processor.py:925} INFO - DAG(s) 'latest_only_with_trigger' retrieved from /Users/alookso/1007MLpj/myenv/lib/python3.10/site-packages/airflow/example_dags/example_latest_only_with_trigger.py
[2024-10-08T15:04:41.627+0900] {logging_mixin.py:190} INFO - [2024-10-08T15:04:41.627+0900] {dag.py:3239} INFO - Sync 1 DAGs
[2024-10-08T15:04:41.649+0900] {logging_mixin.py:190} INFO - [2024-10-08T15:04:41.648+0900] {dag.py:4180} INFO - Setting next_dagrun for latest_only_with_trigger to 2024-10-08T00:00:00+00:00, run_after=2024-10-08T04:00:00+00:00
[2024-10-08T15:04:41.669+0900] {processor.py:208} INFO - Processing /Users/alookso/1007MLpj/myenv/lib/python3.10/site-packages/airflow/example_dags/example_latest_only_with_trigger.py took 0.194 seconds
[2024-10-08T15:07:47.113+0900] {processor.py:186} INFO - Started process (PID=22981) to work on /Users/alookso/1007MLpj/myenv/lib/python3.10/site-packages/airflow/example_dags/example_latest_only_with_trigger.py
[2024-10-08T15:07:47.114+0900] {processor.py:914} INFO - Processing file /Users/alookso/1007MLpj/myenv/lib/python3.10/site-packages/airflow/example_dags/example_latest_only_with_trigger.py for tasks to queue
[2024-10-08T15:07:47.115+0900] {logging_mixin.py:190} INFO - [2024-10-08T15:07:47.115+0900] {dagbag.py:588} INFO - Filling up the DagBag from /Users/alookso/1007MLpj/myenv/lib/python3.10/site-packages/airflow/example_dags/example_latest_only_with_trigger.py
[2024-10-08T15:07:47.126+0900] {processor.py:925} INFO - DAG(s) 'latest_only_with_trigger' retrieved from /Users/alookso/1007MLpj/myenv/lib/python3.10/site-packages/airflow/example_dags/example_latest_only_with_trigger.py
[2024-10-08T15:07:47.276+0900] {logging_mixin.py:190} INFO - [2024-10-08T15:07:47.276+0900] {dag.py:3239} INFO - Sync 1 DAGs
[2024-10-08T15:07:47.301+0900] {logging_mixin.py:190} INFO - [2024-10-08T15:07:47.300+0900] {dag.py:4180} INFO - Setting next_dagrun for latest_only_with_trigger to 2024-10-08T00:00:00+00:00, run_after=2024-10-08T04:00:00+00:00
[2024-10-08T15:07:47.321+0900] {processor.py:208} INFO - Processing /Users/alookso/1007MLpj/myenv/lib/python3.10/site-packages/airflow/example_dags/example_latest_only_with_trigger.py took 0.214 seconds
[2024-10-08T15:10:50.597+0900] {processor.py:186} INFO - Started process (PID=23102) to work on /Users/alookso/1007MLpj/myenv/lib/python3.10/site-packages/airflow/example_dags/example_latest_only_with_trigger.py
[2024-10-08T15:10:50.598+0900] {processor.py:914} INFO - Processing file /Users/alookso/1007MLpj/myenv/lib/python3.10/site-packages/airflow/example_dags/example_latest_only_with_trigger.py for tasks to queue
[2024-10-08T15:10:50.599+0900] {logging_mixin.py:190} INFO - [2024-10-08T15:10:50.599+0900] {dagbag.py:588} INFO - Filling up the DagBag from /Users/alookso/1007MLpj/myenv/lib/python3.10/site-packages/airflow/example_dags/example_latest_only_with_trigger.py
[2024-10-08T15:10:50.608+0900] {processor.py:925} INFO - DAG(s) 'latest_only_with_trigger' retrieved from /Users/alookso/1007MLpj/myenv/lib/python3.10/site-packages/airflow/example_dags/example_latest_only_with_trigger.py
[2024-10-08T15:10:50.740+0900] {logging_mixin.py:190} INFO - [2024-10-08T15:10:50.739+0900] {dag.py:3239} INFO - Sync 1 DAGs
[2024-10-08T15:10:50.760+0900] {logging_mixin.py:190} INFO - [2024-10-08T15:10:50.760+0900] {dag.py:4180} INFO - Setting next_dagrun for latest_only_with_trigger to 2024-10-08T00:00:00+00:00, run_after=2024-10-08T04:00:00+00:00
[2024-10-08T15:10:50.779+0900] {processor.py:208} INFO - Processing /Users/alookso/1007MLpj/myenv/lib/python3.10/site-packages/airflow/example_dags/example_latest_only_with_trigger.py took 0.186 seconds
[2024-10-08T15:13:51.051+0900] {processor.py:186} INFO - Started process (PID=23179) to work on /Users/alookso/1007MLpj/myenv/lib/python3.10/site-packages/airflow/example_dags/example_latest_only_with_trigger.py
[2024-10-08T15:13:51.052+0900] {processor.py:914} INFO - Processing file /Users/alookso/1007MLpj/myenv/lib/python3.10/site-packages/airflow/example_dags/example_latest_only_with_trigger.py for tasks to queue
[2024-10-08T15:13:51.053+0900] {logging_mixin.py:190} INFO - [2024-10-08T15:13:51.053+0900] {dagbag.py:588} INFO - Filling up the DagBag from /Users/alookso/1007MLpj/myenv/lib/python3.10/site-packages/airflow/example_dags/example_latest_only_with_trigger.py
[2024-10-08T15:13:51.062+0900] {processor.py:925} INFO - DAG(s) 'latest_only_with_trigger' retrieved from /Users/alookso/1007MLpj/myenv/lib/python3.10/site-packages/airflow/example_dags/example_latest_only_with_trigger.py
[2024-10-08T15:13:51.201+0900] {logging_mixin.py:190} INFO - [2024-10-08T15:13:51.200+0900] {dag.py:3239} INFO - Sync 1 DAGs
[2024-10-08T15:13:51.224+0900] {logging_mixin.py:190} INFO - [2024-10-08T15:13:51.224+0900] {dag.py:4180} INFO - Setting next_dagrun for latest_only_with_trigger to 2024-10-08T00:00:00+00:00, run_after=2024-10-08T04:00:00+00:00
[2024-10-08T15:13:51.243+0900] {processor.py:208} INFO - Processing /Users/alookso/1007MLpj/myenv/lib/python3.10/site-packages/airflow/example_dags/example_latest_only_with_trigger.py took 0.198 seconds
[2024-10-08T15:16:51.170+0900] {processor.py:186} INFO - Started process (PID=23269) to work on /Users/alookso/1007MLpj/myenv/lib/python3.10/site-packages/airflow/example_dags/example_latest_only_with_trigger.py
[2024-10-08T15:16:51.170+0900] {processor.py:914} INFO - Processing file /Users/alookso/1007MLpj/myenv/lib/python3.10/site-packages/airflow/example_dags/example_latest_only_with_trigger.py for tasks to queue
[2024-10-08T15:16:51.171+0900] {logging_mixin.py:190} INFO - [2024-10-08T15:16:51.171+0900] {dagbag.py:588} INFO - Filling up the DagBag from /Users/alookso/1007MLpj/myenv/lib/python3.10/site-packages/airflow/example_dags/example_latest_only_with_trigger.py
[2024-10-08T15:16:51.181+0900] {processor.py:925} INFO - DAG(s) 'latest_only_with_trigger' retrieved from /Users/alookso/1007MLpj/myenv/lib/python3.10/site-packages/airflow/example_dags/example_latest_only_with_trigger.py
[2024-10-08T15:16:51.313+0900] {logging_mixin.py:190} INFO - [2024-10-08T15:16:51.313+0900] {dag.py:3239} INFO - Sync 1 DAGs
[2024-10-08T15:16:51.336+0900] {logging_mixin.py:190} INFO - [2024-10-08T15:16:51.336+0900] {dag.py:4180} INFO - Setting next_dagrun for latest_only_with_trigger to 2024-10-08T00:00:00+00:00, run_after=2024-10-08T04:00:00+00:00
[2024-10-08T15:16:51.364+0900] {processor.py:208} INFO - Processing /Users/alookso/1007MLpj/myenv/lib/python3.10/site-packages/airflow/example_dags/example_latest_only_with_trigger.py took 0.198 seconds
[2024-10-08T15:19:59.529+0900] {processor.py:186} INFO - Started process (PID=23369) to work on /Users/alookso/1007MLpj/myenv/lib/python3.10/site-packages/airflow/example_dags/example_latest_only_with_trigger.py
[2024-10-08T15:19:59.530+0900] {processor.py:914} INFO - Processing file /Users/alookso/1007MLpj/myenv/lib/python3.10/site-packages/airflow/example_dags/example_latest_only_with_trigger.py for tasks to queue
[2024-10-08T15:19:59.530+0900] {logging_mixin.py:190} INFO - [2024-10-08T15:19:59.530+0900] {dagbag.py:588} INFO - Filling up the DagBag from /Users/alookso/1007MLpj/myenv/lib/python3.10/site-packages/airflow/example_dags/example_latest_only_with_trigger.py
[2024-10-08T15:19:59.540+0900] {processor.py:925} INFO - DAG(s) 'latest_only_with_trigger' retrieved from /Users/alookso/1007MLpj/myenv/lib/python3.10/site-packages/airflow/example_dags/example_latest_only_with_trigger.py
[2024-10-08T15:19:59.671+0900] {logging_mixin.py:190} INFO - [2024-10-08T15:19:59.671+0900] {dag.py:3239} INFO - Sync 1 DAGs
[2024-10-08T15:19:59.692+0900] {logging_mixin.py:190} INFO - [2024-10-08T15:19:59.692+0900] {dag.py:4180} INFO - Setting next_dagrun for latest_only_with_trigger to 2024-10-08T00:00:00+00:00, run_after=2024-10-08T04:00:00+00:00
[2024-10-08T15:19:59.712+0900] {processor.py:208} INFO - Processing /Users/alookso/1007MLpj/myenv/lib/python3.10/site-packages/airflow/example_dags/example_latest_only_with_trigger.py took 0.188 seconds
[2024-10-08T15:23:07.351+0900] {processor.py:186} INFO - Started process (PID=23461) to work on /Users/alookso/1007MLpj/myenv/lib/python3.10/site-packages/airflow/example_dags/example_latest_only_with_trigger.py
[2024-10-08T15:23:07.351+0900] {processor.py:914} INFO - Processing file /Users/alookso/1007MLpj/myenv/lib/python3.10/site-packages/airflow/example_dags/example_latest_only_with_trigger.py for tasks to queue
[2024-10-08T15:23:07.353+0900] {logging_mixin.py:190} INFO - [2024-10-08T15:23:07.352+0900] {dagbag.py:588} INFO - Filling up the DagBag from /Users/alookso/1007MLpj/myenv/lib/python3.10/site-packages/airflow/example_dags/example_latest_only_with_trigger.py
[2024-10-08T15:23:07.362+0900] {processor.py:925} INFO - DAG(s) 'latest_only_with_trigger' retrieved from /Users/alookso/1007MLpj/myenv/lib/python3.10/site-packages/airflow/example_dags/example_latest_only_with_trigger.py
[2024-10-08T15:23:07.496+0900] {logging_mixin.py:190} INFO - [2024-10-08T15:23:07.496+0900] {dag.py:3239} INFO - Sync 1 DAGs
[2024-10-08T15:23:07.516+0900] {logging_mixin.py:190} INFO - [2024-10-08T15:23:07.516+0900] {dag.py:4180} INFO - Setting next_dagrun for latest_only_with_trigger to 2024-10-08T00:00:00+00:00, run_after=2024-10-08T04:00:00+00:00
[2024-10-08T15:23:07.536+0900] {processor.py:208} INFO - Processing /Users/alookso/1007MLpj/myenv/lib/python3.10/site-packages/airflow/example_dags/example_latest_only_with_trigger.py took 0.191 seconds
[2024-10-08T15:26:12.846+0900] {processor.py:186} INFO - Started process (PID=23540) to work on /Users/alookso/1007MLpj/myenv/lib/python3.10/site-packages/airflow/example_dags/example_latest_only_with_trigger.py
[2024-10-08T15:26:12.847+0900] {processor.py:914} INFO - Processing file /Users/alookso/1007MLpj/myenv/lib/python3.10/site-packages/airflow/example_dags/example_latest_only_with_trigger.py for tasks to queue
[2024-10-08T15:26:12.848+0900] {logging_mixin.py:190} INFO - [2024-10-08T15:26:12.848+0900] {dagbag.py:588} INFO - Filling up the DagBag from /Users/alookso/1007MLpj/myenv/lib/python3.10/site-packages/airflow/example_dags/example_latest_only_with_trigger.py
[2024-10-08T15:26:12.856+0900] {processor.py:925} INFO - DAG(s) 'latest_only_with_trigger' retrieved from /Users/alookso/1007MLpj/myenv/lib/python3.10/site-packages/airflow/example_dags/example_latest_only_with_trigger.py
[2024-10-08T15:26:12.987+0900] {logging_mixin.py:190} INFO - [2024-10-08T15:26:12.986+0900] {dag.py:3239} INFO - Sync 1 DAGs
[2024-10-08T15:26:13.008+0900] {logging_mixin.py:190} INFO - [2024-10-08T15:26:13.008+0900] {dag.py:4180} INFO - Setting next_dagrun for latest_only_with_trigger to 2024-10-08T00:00:00+00:00, run_after=2024-10-08T04:00:00+00:00
[2024-10-08T15:26:13.027+0900] {processor.py:208} INFO - Processing /Users/alookso/1007MLpj/myenv/lib/python3.10/site-packages/airflow/example_dags/example_latest_only_with_trigger.py took 0.185 seconds
[2024-10-08T15:29:14.706+0900] {processor.py:186} INFO - Started process (PID=23657) to work on /Users/alookso/1007MLpj/myenv/lib/python3.10/site-packages/airflow/example_dags/example_latest_only_with_trigger.py
[2024-10-08T15:29:14.707+0900] {processor.py:914} INFO - Processing file /Users/alookso/1007MLpj/myenv/lib/python3.10/site-packages/airflow/example_dags/example_latest_only_with_trigger.py for tasks to queue
[2024-10-08T15:29:14.708+0900] {logging_mixin.py:190} INFO - [2024-10-08T15:29:14.707+0900] {dagbag.py:588} INFO - Filling up the DagBag from /Users/alookso/1007MLpj/myenv/lib/python3.10/site-packages/airflow/example_dags/example_latest_only_with_trigger.py
[2024-10-08T15:29:14.716+0900] {processor.py:925} INFO - DAG(s) 'latest_only_with_trigger' retrieved from /Users/alookso/1007MLpj/myenv/lib/python3.10/site-packages/airflow/example_dags/example_latest_only_with_trigger.py
[2024-10-08T15:29:14.846+0900] {logging_mixin.py:190} INFO - [2024-10-08T15:29:14.846+0900] {dag.py:3239} INFO - Sync 1 DAGs
[2024-10-08T15:29:14.867+0900] {logging_mixin.py:190} INFO - [2024-10-08T15:29:14.867+0900] {dag.py:4180} INFO - Setting next_dagrun for latest_only_with_trigger to 2024-10-08T00:00:00+00:00, run_after=2024-10-08T04:00:00+00:00
[2024-10-08T15:29:14.886+0900] {processor.py:208} INFO - Processing /Users/alookso/1007MLpj/myenv/lib/python3.10/site-packages/airflow/example_dags/example_latest_only_with_trigger.py took 0.185 seconds
[2024-10-08T15:32:15.675+0900] {processor.py:186} INFO - Started process (PID=23768) to work on /Users/alookso/1007MLpj/myenv/lib/python3.10/site-packages/airflow/example_dags/example_latest_only_with_trigger.py
[2024-10-08T15:32:15.676+0900] {processor.py:914} INFO - Processing file /Users/alookso/1007MLpj/myenv/lib/python3.10/site-packages/airflow/example_dags/example_latest_only_with_trigger.py for tasks to queue
[2024-10-08T15:32:15.677+0900] {logging_mixin.py:190} INFO - [2024-10-08T15:32:15.677+0900] {dagbag.py:588} INFO - Filling up the DagBag from /Users/alookso/1007MLpj/myenv/lib/python3.10/site-packages/airflow/example_dags/example_latest_only_with_trigger.py
[2024-10-08T15:32:15.688+0900] {processor.py:925} INFO - DAG(s) 'latest_only_with_trigger' retrieved from /Users/alookso/1007MLpj/myenv/lib/python3.10/site-packages/airflow/example_dags/example_latest_only_with_trigger.py
[2024-10-08T15:32:15.830+0900] {logging_mixin.py:190} INFO - [2024-10-08T15:32:15.830+0900] {dag.py:3239} INFO - Sync 1 DAGs
[2024-10-08T15:32:15.854+0900] {logging_mixin.py:190} INFO - [2024-10-08T15:32:15.854+0900] {dag.py:4180} INFO - Setting next_dagrun for latest_only_with_trigger to 2024-10-08T00:00:00+00:00, run_after=2024-10-08T04:00:00+00:00
[2024-10-08T15:32:15.875+0900] {processor.py:208} INFO - Processing /Users/alookso/1007MLpj/myenv/lib/python3.10/site-packages/airflow/example_dags/example_latest_only_with_trigger.py took 0.207 seconds
[2024-10-08T16:37:39.216+0900] {processor.py:186} INFO - Started process (PID=25058) to work on /Users/alookso/1007MLpj/myenv/lib/python3.10/site-packages/airflow/example_dags/example_latest_only_with_trigger.py
[2024-10-08T16:37:39.216+0900] {processor.py:914} INFO - Processing file /Users/alookso/1007MLpj/myenv/lib/python3.10/site-packages/airflow/example_dags/example_latest_only_with_trigger.py for tasks to queue
[2024-10-08T16:37:39.217+0900] {logging_mixin.py:190} INFO - [2024-10-08T16:37:39.217+0900] {dagbag.py:588} INFO - Filling up the DagBag from /Users/alookso/1007MLpj/myenv/lib/python3.10/site-packages/airflow/example_dags/example_latest_only_with_trigger.py
[2024-10-08T16:37:39.227+0900] {processor.py:925} INFO - DAG(s) 'latest_only_with_trigger' retrieved from /Users/alookso/1007MLpj/myenv/lib/python3.10/site-packages/airflow/example_dags/example_latest_only_with_trigger.py
[2024-10-08T16:37:39.362+0900] {logging_mixin.py:190} INFO - [2024-10-08T16:37:39.362+0900] {dag.py:3239} INFO - Sync 1 DAGs
[2024-10-08T16:37:39.383+0900] {logging_mixin.py:190} INFO - [2024-10-08T16:37:39.383+0900] {dag.py:4180} INFO - Setting next_dagrun for latest_only_with_trigger to 2024-10-08T00:00:00+00:00, run_after=2024-10-08T04:00:00+00:00
[2024-10-08T16:37:39.403+0900] {processor.py:208} INFO - Processing /Users/alookso/1007MLpj/myenv/lib/python3.10/site-packages/airflow/example_dags/example_latest_only_with_trigger.py took 0.192 seconds
[2024-10-08T17:29:12.123+0900] {processor.py:186} INFO - Started process (PID=26426) to work on /Users/alookso/1007MLpj/myenv/lib/python3.10/site-packages/airflow/example_dags/example_latest_only_with_trigger.py
[2024-10-08T17:29:12.124+0900] {processor.py:914} INFO - Processing file /Users/alookso/1007MLpj/myenv/lib/python3.10/site-packages/airflow/example_dags/example_latest_only_with_trigger.py for tasks to queue
[2024-10-08T17:29:12.125+0900] {logging_mixin.py:190} INFO - [2024-10-08T17:29:12.124+0900] {dagbag.py:588} INFO - Filling up the DagBag from /Users/alookso/1007MLpj/myenv/lib/python3.10/site-packages/airflow/example_dags/example_latest_only_with_trigger.py
[2024-10-08T17:29:12.134+0900] {processor.py:925} INFO - DAG(s) 'latest_only_with_trigger' retrieved from /Users/alookso/1007MLpj/myenv/lib/python3.10/site-packages/airflow/example_dags/example_latest_only_with_trigger.py
[2024-10-08T17:29:12.272+0900] {logging_mixin.py:190} INFO - [2024-10-08T17:29:12.271+0900] {dag.py:3239} INFO - Sync 1 DAGs
[2024-10-08T17:29:12.294+0900] {logging_mixin.py:190} INFO - [2024-10-08T17:29:12.293+0900] {dag.py:4180} INFO - Setting next_dagrun for latest_only_with_trigger to 2024-10-08T04:00:00+00:00, run_after=2024-10-08T08:00:00+00:00
[2024-10-08T17:29:12.314+0900] {processor.py:208} INFO - Processing /Users/alookso/1007MLpj/myenv/lib/python3.10/site-packages/airflow/example_dags/example_latest_only_with_trigger.py took 0.197 seconds
[2024-10-08T17:56:22.181+0900] {processor.py:186} INFO - Started process (PID=27345) to work on /Users/alookso/1007MLpj/myenv/lib/python3.10/site-packages/airflow/example_dags/example_latest_only_with_trigger.py
[2024-10-08T17:56:22.182+0900] {processor.py:914} INFO - Processing file /Users/alookso/1007MLpj/myenv/lib/python3.10/site-packages/airflow/example_dags/example_latest_only_with_trigger.py for tasks to queue
[2024-10-08T17:56:22.182+0900] {logging_mixin.py:190} INFO - [2024-10-08T17:56:22.182+0900] {dagbag.py:588} INFO - Filling up the DagBag from /Users/alookso/1007MLpj/myenv/lib/python3.10/site-packages/airflow/example_dags/example_latest_only_with_trigger.py
[2024-10-08T17:56:22.191+0900] {processor.py:925} INFO - DAG(s) 'latest_only_with_trigger' retrieved from /Users/alookso/1007MLpj/myenv/lib/python3.10/site-packages/airflow/example_dags/example_latest_only_with_trigger.py
[2024-10-08T17:56:22.325+0900] {logging_mixin.py:190} INFO - [2024-10-08T17:56:22.325+0900] {dag.py:3239} INFO - Sync 1 DAGs
[2024-10-08T17:56:22.346+0900] {logging_mixin.py:190} INFO - [2024-10-08T17:56:22.346+0900] {dag.py:4180} INFO - Setting next_dagrun for latest_only_with_trigger to 2024-10-08T04:00:00+00:00, run_after=2024-10-08T08:00:00+00:00
[2024-10-08T17:56:22.365+0900] {processor.py:208} INFO - Processing /Users/alookso/1007MLpj/myenv/lib/python3.10/site-packages/airflow/example_dags/example_latest_only_with_trigger.py took 0.188 seconds
[2024-10-08T18:01:11.950+0900] {processor.py:186} INFO - Started process (PID=27554) to work on /Users/alookso/1007MLpj/myenv/lib/python3.10/site-packages/airflow/example_dags/example_latest_only_with_trigger.py
[2024-10-08T18:01:11.951+0900] {processor.py:914} INFO - Processing file /Users/alookso/1007MLpj/myenv/lib/python3.10/site-packages/airflow/example_dags/example_latest_only_with_trigger.py for tasks to queue
[2024-10-08T18:01:11.952+0900] {logging_mixin.py:190} INFO - [2024-10-08T18:01:11.952+0900] {dagbag.py:588} INFO - Filling up the DagBag from /Users/alookso/1007MLpj/myenv/lib/python3.10/site-packages/airflow/example_dags/example_latest_only_with_trigger.py
[2024-10-08T18:01:11.961+0900] {processor.py:925} INFO - DAG(s) 'latest_only_with_trigger' retrieved from /Users/alookso/1007MLpj/myenv/lib/python3.10/site-packages/airflow/example_dags/example_latest_only_with_trigger.py
[2024-10-08T18:01:12.183+0900] {logging_mixin.py:190} INFO - [2024-10-08T18:01:12.183+0900] {dag.py:3239} INFO - Sync 1 DAGs
[2024-10-08T18:01:12.205+0900] {logging_mixin.py:190} INFO - [2024-10-08T18:01:12.205+0900] {dag.py:4180} INFO - Setting next_dagrun for latest_only_with_trigger to 2024-10-08T04:00:00+00:00, run_after=2024-10-08T08:00:00+00:00
[2024-10-08T18:01:12.225+0900] {processor.py:208} INFO - Processing /Users/alookso/1007MLpj/myenv/lib/python3.10/site-packages/airflow/example_dags/example_latest_only_with_trigger.py took 0.279 seconds
[2024-10-08T18:07:19.143+0900] {processor.py:186} INFO - Started process (PID=27783) to work on /Users/alookso/1007MLpj/myenv/lib/python3.10/site-packages/airflow/example_dags/example_latest_only_with_trigger.py
[2024-10-08T18:07:19.143+0900] {processor.py:914} INFO - Processing file /Users/alookso/1007MLpj/myenv/lib/python3.10/site-packages/airflow/example_dags/example_latest_only_with_trigger.py for tasks to queue
[2024-10-08T18:07:19.144+0900] {logging_mixin.py:190} INFO - [2024-10-08T18:07:19.144+0900] {dagbag.py:588} INFO - Filling up the DagBag from /Users/alookso/1007MLpj/myenv/lib/python3.10/site-packages/airflow/example_dags/example_latest_only_with_trigger.py
[2024-10-08T18:07:19.153+0900] {processor.py:925} INFO - DAG(s) 'latest_only_with_trigger' retrieved from /Users/alookso/1007MLpj/myenv/lib/python3.10/site-packages/airflow/example_dags/example_latest_only_with_trigger.py
[2024-10-08T18:07:19.287+0900] {logging_mixin.py:190} INFO - [2024-10-08T18:07:19.287+0900] {dag.py:3239} INFO - Sync 1 DAGs
[2024-10-08T18:07:19.308+0900] {logging_mixin.py:190} INFO - [2024-10-08T18:07:19.308+0900] {dag.py:4180} INFO - Setting next_dagrun for latest_only_with_trigger to 2024-10-08T04:00:00+00:00, run_after=2024-10-08T08:00:00+00:00
[2024-10-08T18:07:19.328+0900] {processor.py:208} INFO - Processing /Users/alookso/1007MLpj/myenv/lib/python3.10/site-packages/airflow/example_dags/example_latest_only_with_trigger.py took 0.191 seconds
[2024-10-08T18:10:59.076+0900] {processor.py:186} INFO - Started process (PID=27895) to work on /Users/alookso/1007MLpj/myenv/lib/python3.10/site-packages/airflow/example_dags/example_latest_only_with_trigger.py
[2024-10-08T18:10:59.076+0900] {processor.py:914} INFO - Processing file /Users/alookso/1007MLpj/myenv/lib/python3.10/site-packages/airflow/example_dags/example_latest_only_with_trigger.py for tasks to queue
[2024-10-08T18:10:59.077+0900] {logging_mixin.py:190} INFO - [2024-10-08T18:10:59.077+0900] {dagbag.py:588} INFO - Filling up the DagBag from /Users/alookso/1007MLpj/myenv/lib/python3.10/site-packages/airflow/example_dags/example_latest_only_with_trigger.py
[2024-10-08T18:10:59.086+0900] {processor.py:925} INFO - DAG(s) 'latest_only_with_trigger' retrieved from /Users/alookso/1007MLpj/myenv/lib/python3.10/site-packages/airflow/example_dags/example_latest_only_with_trigger.py
[2024-10-08T18:10:59.218+0900] {logging_mixin.py:190} INFO - [2024-10-08T18:10:59.218+0900] {dag.py:3239} INFO - Sync 1 DAGs
[2024-10-08T18:10:59.240+0900] {logging_mixin.py:190} INFO - [2024-10-08T18:10:59.240+0900] {dag.py:4180} INFO - Setting next_dagrun for latest_only_with_trigger to 2024-10-08T04:00:00+00:00, run_after=2024-10-08T08:00:00+00:00
[2024-10-08T18:10:59.260+0900] {processor.py:208} INFO - Processing /Users/alookso/1007MLpj/myenv/lib/python3.10/site-packages/airflow/example_dags/example_latest_only_with_trigger.py took 0.189 seconds
[2024-10-08T18:14:10.782+0900] {processor.py:186} INFO - Started process (PID=27999) to work on /Users/alookso/1007MLpj/myenv/lib/python3.10/site-packages/airflow/example_dags/example_latest_only_with_trigger.py
[2024-10-08T18:14:10.783+0900] {processor.py:914} INFO - Processing file /Users/alookso/1007MLpj/myenv/lib/python3.10/site-packages/airflow/example_dags/example_latest_only_with_trigger.py for tasks to queue
[2024-10-08T18:14:10.783+0900] {logging_mixin.py:190} INFO - [2024-10-08T18:14:10.783+0900] {dagbag.py:588} INFO - Filling up the DagBag from /Users/alookso/1007MLpj/myenv/lib/python3.10/site-packages/airflow/example_dags/example_latest_only_with_trigger.py
[2024-10-08T18:14:10.792+0900] {processor.py:925} INFO - DAG(s) 'latest_only_with_trigger' retrieved from /Users/alookso/1007MLpj/myenv/lib/python3.10/site-packages/airflow/example_dags/example_latest_only_with_trigger.py
[2024-10-08T18:14:10.926+0900] {logging_mixin.py:190} INFO - [2024-10-08T18:14:10.925+0900] {dag.py:3239} INFO - Sync 1 DAGs
[2024-10-08T18:14:10.946+0900] {logging_mixin.py:190} INFO - [2024-10-08T18:14:10.946+0900] {dag.py:4180} INFO - Setting next_dagrun for latest_only_with_trigger to 2024-10-08T04:00:00+00:00, run_after=2024-10-08T08:00:00+00:00
[2024-10-08T18:14:10.966+0900] {processor.py:208} INFO - Processing /Users/alookso/1007MLpj/myenv/lib/python3.10/site-packages/airflow/example_dags/example_latest_only_with_trigger.py took 0.189 seconds
[2024-10-08T18:17:19.773+0900] {processor.py:186} INFO - Started process (PID=28086) to work on /Users/alookso/1007MLpj/myenv/lib/python3.10/site-packages/airflow/example_dags/example_latest_only_with_trigger.py
[2024-10-08T18:17:19.775+0900] {processor.py:914} INFO - Processing file /Users/alookso/1007MLpj/myenv/lib/python3.10/site-packages/airflow/example_dags/example_latest_only_with_trigger.py for tasks to queue
[2024-10-08T18:17:19.776+0900] {logging_mixin.py:190} INFO - [2024-10-08T18:17:19.776+0900] {dagbag.py:588} INFO - Filling up the DagBag from /Users/alookso/1007MLpj/myenv/lib/python3.10/site-packages/airflow/example_dags/example_latest_only_with_trigger.py
[2024-10-08T18:17:19.793+0900] {processor.py:925} INFO - DAG(s) 'latest_only_with_trigger' retrieved from /Users/alookso/1007MLpj/myenv/lib/python3.10/site-packages/airflow/example_dags/example_latest_only_with_trigger.py
[2024-10-08T18:17:19.946+0900] {logging_mixin.py:190} INFO - [2024-10-08T18:17:19.946+0900] {dag.py:3239} INFO - Sync 1 DAGs
[2024-10-08T18:17:19.967+0900] {logging_mixin.py:190} INFO - [2024-10-08T18:17:19.967+0900] {dag.py:4180} INFO - Setting next_dagrun for latest_only_with_trigger to 2024-10-08T04:00:00+00:00, run_after=2024-10-08T08:00:00+00:00
[2024-10-08T18:17:19.987+0900] {processor.py:208} INFO - Processing /Users/alookso/1007MLpj/myenv/lib/python3.10/site-packages/airflow/example_dags/example_latest_only_with_trigger.py took 0.221 seconds
[2024-10-08T18:20:31.541+0900] {processor.py:186} INFO - Started process (PID=28188) to work on /Users/alookso/1007MLpj/myenv/lib/python3.10/site-packages/airflow/example_dags/example_latest_only_with_trigger.py
[2024-10-08T18:20:31.542+0900] {processor.py:914} INFO - Processing file /Users/alookso/1007MLpj/myenv/lib/python3.10/site-packages/airflow/example_dags/example_latest_only_with_trigger.py for tasks to queue
[2024-10-08T18:20:31.543+0900] {logging_mixin.py:190} INFO - [2024-10-08T18:20:31.543+0900] {dagbag.py:588} INFO - Filling up the DagBag from /Users/alookso/1007MLpj/myenv/lib/python3.10/site-packages/airflow/example_dags/example_latest_only_with_trigger.py
[2024-10-08T18:20:31.552+0900] {processor.py:925} INFO - DAG(s) 'latest_only_with_trigger' retrieved from /Users/alookso/1007MLpj/myenv/lib/python3.10/site-packages/airflow/example_dags/example_latest_only_with_trigger.py
[2024-10-08T18:20:31.687+0900] {logging_mixin.py:190} INFO - [2024-10-08T18:20:31.687+0900] {dag.py:3239} INFO - Sync 1 DAGs
[2024-10-08T18:20:31.709+0900] {logging_mixin.py:190} INFO - [2024-10-08T18:20:31.708+0900] {dag.py:4180} INFO - Setting next_dagrun for latest_only_with_trigger to 2024-10-08T04:00:00+00:00, run_after=2024-10-08T08:00:00+00:00
[2024-10-08T18:20:31.728+0900] {processor.py:208} INFO - Processing /Users/alookso/1007MLpj/myenv/lib/python3.10/site-packages/airflow/example_dags/example_latest_only_with_trigger.py took 0.193 seconds
[2024-10-08T18:47:48.376+0900] {processor.py:186} INFO - Started process (PID=29287) to work on /Users/alookso/1007MLpj/myenv/lib/python3.10/site-packages/airflow/example_dags/example_latest_only_with_trigger.py
[2024-10-08T18:47:48.376+0900] {processor.py:914} INFO - Processing file /Users/alookso/1007MLpj/myenv/lib/python3.10/site-packages/airflow/example_dags/example_latest_only_with_trigger.py for tasks to queue
[2024-10-08T18:47:48.377+0900] {logging_mixin.py:190} INFO - [2024-10-08T18:47:48.377+0900] {dagbag.py:588} INFO - Filling up the DagBag from /Users/alookso/1007MLpj/myenv/lib/python3.10/site-packages/airflow/example_dags/example_latest_only_with_trigger.py
[2024-10-08T18:47:48.386+0900] {processor.py:925} INFO - DAG(s) 'latest_only_with_trigger' retrieved from /Users/alookso/1007MLpj/myenv/lib/python3.10/site-packages/airflow/example_dags/example_latest_only_with_trigger.py
[2024-10-08T18:47:48.517+0900] {logging_mixin.py:190} INFO - [2024-10-08T18:47:48.517+0900] {dag.py:3239} INFO - Sync 1 DAGs
[2024-10-08T18:47:48.538+0900] {logging_mixin.py:190} INFO - [2024-10-08T18:47:48.538+0900] {dag.py:4180} INFO - Setting next_dagrun for latest_only_with_trigger to 2024-10-08T04:00:00+00:00, run_after=2024-10-08T08:00:00+00:00
[2024-10-08T18:47:48.558+0900] {processor.py:208} INFO - Processing /Users/alookso/1007MLpj/myenv/lib/python3.10/site-packages/airflow/example_dags/example_latest_only_with_trigger.py took 0.187 seconds
