[2024-10-08T14:45:23.562+0900] {processor.py:186} INFO - Started process (PID=22282) to work on /Users/alookso/1007MLpj/myenv/lib/python3.10/site-packages/airflow/example_dags/example_latest_only.py
[2024-10-08T14:45:23.563+0900] {processor.py:914} INFO - Processing file /Users/alookso/1007MLpj/myenv/lib/python3.10/site-packages/airflow/example_dags/example_latest_only.py for tasks to queue
[2024-10-08T14:45:23.564+0900] {logging_mixin.py:190} INFO - [2024-10-08T14:45:23.564+0900] {dagbag.py:588} INFO - Filling up the DagBag from /Users/alookso/1007MLpj/myenv/lib/python3.10/site-packages/airflow/example_dags/example_latest_only.py
[2024-10-08T14:45:23.572+0900] {processor.py:925} INFO - DAG(s) 'latest_only' retrieved from /Users/alookso/1007MLpj/myenv/lib/python3.10/site-packages/airflow/example_dags/example_latest_only.py
[2024-10-08T14:45:23.809+0900] {logging_mixin.py:190} INFO - [2024-10-08T14:45:23.809+0900] {override.py:1901} INFO - Created Permission View: can read on DAG:latest_only
[2024-10-08T14:45:23.819+0900] {logging_mixin.py:190} INFO - [2024-10-08T14:45:23.819+0900] {override.py:1901} INFO - Created Permission View: can edit on DAG:latest_only
[2024-10-08T14:45:23.827+0900] {logging_mixin.py:190} INFO - [2024-10-08T14:45:23.827+0900] {override.py:1901} INFO - Created Permission View: can delete on DAG:latest_only
[2024-10-08T14:45:23.836+0900] {logging_mixin.py:190} INFO - [2024-10-08T14:45:23.836+0900] {override.py:1901} INFO - Created Permission View: can read on DAG Run:latest_only
[2024-10-08T14:45:23.844+0900] {logging_mixin.py:190} INFO - [2024-10-08T14:45:23.844+0900] {override.py:1901} INFO - Created Permission View: menu access on DAG Run:latest_only
[2024-10-08T14:45:23.851+0900] {logging_mixin.py:190} INFO - [2024-10-08T14:45:23.851+0900] {override.py:1901} INFO - Created Permission View: can create on DAG Run:latest_only
[2024-10-08T14:45:23.858+0900] {logging_mixin.py:190} INFO - [2024-10-08T14:45:23.858+0900] {override.py:1901} INFO - Created Permission View: can delete on DAG Run:latest_only
[2024-10-08T14:45:23.859+0900] {logging_mixin.py:190} INFO - [2024-10-08T14:45:23.859+0900] {dag.py:3239} INFO - Sync 1 DAGs
[2024-10-08T14:45:23.873+0900] {logging_mixin.py:190} INFO - [2024-10-08T14:45:23.873+0900] {dag.py:3262} INFO - Creating ORM DAG for latest_only
[2024-10-08T14:45:23.883+0900] {logging_mixin.py:190} INFO - [2024-10-08T14:45:23.883+0900] {dag.py:4180} INFO - Setting next_dagrun for latest_only to 2024-10-08T00:00:00+00:00, run_after=2024-10-08T04:00:00+00:00
[2024-10-08T14:45:23.902+0900] {processor.py:208} INFO - Processing /Users/alookso/1007MLpj/myenv/lib/python3.10/site-packages/airflow/example_dags/example_latest_only.py took 0.345 seconds
[2024-10-08T14:49:04.875+0900] {processor.py:186} INFO - Started process (PID=22376) to work on /Users/alookso/1007MLpj/myenv/lib/python3.10/site-packages/airflow/example_dags/example_latest_only.py
[2024-10-08T14:49:04.876+0900] {processor.py:914} INFO - Processing file /Users/alookso/1007MLpj/myenv/lib/python3.10/site-packages/airflow/example_dags/example_latest_only.py for tasks to queue
[2024-10-08T14:49:04.877+0900] {logging_mixin.py:190} INFO - [2024-10-08T14:49:04.877+0900] {dagbag.py:588} INFO - Filling up the DagBag from /Users/alookso/1007MLpj/myenv/lib/python3.10/site-packages/airflow/example_dags/example_latest_only.py
[2024-10-08T14:49:04.886+0900] {processor.py:925} INFO - DAG(s) 'latest_only' retrieved from /Users/alookso/1007MLpj/myenv/lib/python3.10/site-packages/airflow/example_dags/example_latest_only.py
[2024-10-08T14:49:05.019+0900] {logging_mixin.py:190} INFO - [2024-10-08T14:49:05.019+0900] {dag.py:3239} INFO - Sync 1 DAGs
[2024-10-08T14:49:05.040+0900] {logging_mixin.py:190} INFO - [2024-10-08T14:49:05.040+0900] {dag.py:4180} INFO - Setting next_dagrun for latest_only to 2024-10-08T00:00:00+00:00, run_after=2024-10-08T04:00:00+00:00
[2024-10-08T14:49:05.060+0900] {processor.py:208} INFO - Processing /Users/alookso/1007MLpj/myenv/lib/python3.10/site-packages/airflow/example_dags/example_latest_only.py took 0.189 seconds
[2024-10-08T14:52:14.800+0900] {processor.py:186} INFO - Started process (PID=22470) to work on /Users/alookso/1007MLpj/myenv/lib/python3.10/site-packages/airflow/example_dags/example_latest_only.py
[2024-10-08T14:52:14.801+0900] {processor.py:914} INFO - Processing file /Users/alookso/1007MLpj/myenv/lib/python3.10/site-packages/airflow/example_dags/example_latest_only.py for tasks to queue
[2024-10-08T14:52:14.802+0900] {logging_mixin.py:190} INFO - [2024-10-08T14:52:14.802+0900] {dagbag.py:588} INFO - Filling up the DagBag from /Users/alookso/1007MLpj/myenv/lib/python3.10/site-packages/airflow/example_dags/example_latest_only.py
[2024-10-08T14:52:14.810+0900] {processor.py:925} INFO - DAG(s) 'latest_only' retrieved from /Users/alookso/1007MLpj/myenv/lib/python3.10/site-packages/airflow/example_dags/example_latest_only.py
[2024-10-08T14:52:14.943+0900] {logging_mixin.py:190} INFO - [2024-10-08T14:52:14.943+0900] {dag.py:3239} INFO - Sync 1 DAGs
[2024-10-08T14:52:14.964+0900] {logging_mixin.py:190} INFO - [2024-10-08T14:52:14.964+0900] {dag.py:4180} INFO - Setting next_dagrun for latest_only to 2024-10-08T00:00:00+00:00, run_after=2024-10-08T04:00:00+00:00
[2024-10-08T14:52:14.984+0900] {processor.py:208} INFO - Processing /Users/alookso/1007MLpj/myenv/lib/python3.10/site-packages/airflow/example_dags/example_latest_only.py took 0.189 seconds
[2024-10-08T14:55:20.258+0900] {processor.py:186} INFO - Started process (PID=22594) to work on /Users/alookso/1007MLpj/myenv/lib/python3.10/site-packages/airflow/example_dags/example_latest_only.py
[2024-10-08T14:55:20.259+0900] {processor.py:914} INFO - Processing file /Users/alookso/1007MLpj/myenv/lib/python3.10/site-packages/airflow/example_dags/example_latest_only.py for tasks to queue
[2024-10-08T14:55:20.260+0900] {logging_mixin.py:190} INFO - [2024-10-08T14:55:20.260+0900] {dagbag.py:588} INFO - Filling up the DagBag from /Users/alookso/1007MLpj/myenv/lib/python3.10/site-packages/airflow/example_dags/example_latest_only.py
[2024-10-08T14:55:20.269+0900] {processor.py:925} INFO - DAG(s) 'latest_only' retrieved from /Users/alookso/1007MLpj/myenv/lib/python3.10/site-packages/airflow/example_dags/example_latest_only.py
[2024-10-08T14:55:20.399+0900] {logging_mixin.py:190} INFO - [2024-10-08T14:55:20.399+0900] {dag.py:3239} INFO - Sync 1 DAGs
[2024-10-08T14:55:20.420+0900] {logging_mixin.py:190} INFO - [2024-10-08T14:55:20.420+0900] {dag.py:4180} INFO - Setting next_dagrun for latest_only to 2024-10-08T00:00:00+00:00, run_after=2024-10-08T04:00:00+00:00
[2024-10-08T14:55:20.440+0900] {processor.py:208} INFO - Processing /Users/alookso/1007MLpj/myenv/lib/python3.10/site-packages/airflow/example_dags/example_latest_only.py took 0.186 seconds
[2024-10-08T14:58:26.477+0900] {processor.py:186} INFO - Started process (PID=22694) to work on /Users/alookso/1007MLpj/myenv/lib/python3.10/site-packages/airflow/example_dags/example_latest_only.py
[2024-10-08T14:58:26.478+0900] {processor.py:914} INFO - Processing file /Users/alookso/1007MLpj/myenv/lib/python3.10/site-packages/airflow/example_dags/example_latest_only.py for tasks to queue
[2024-10-08T14:58:26.479+0900] {logging_mixin.py:190} INFO - [2024-10-08T14:58:26.479+0900] {dagbag.py:588} INFO - Filling up the DagBag from /Users/alookso/1007MLpj/myenv/lib/python3.10/site-packages/airflow/example_dags/example_latest_only.py
[2024-10-08T14:58:26.488+0900] {processor.py:925} INFO - DAG(s) 'latest_only' retrieved from /Users/alookso/1007MLpj/myenv/lib/python3.10/site-packages/airflow/example_dags/example_latest_only.py
[2024-10-08T14:58:26.629+0900] {logging_mixin.py:190} INFO - [2024-10-08T14:58:26.629+0900] {dag.py:3239} INFO - Sync 1 DAGs
[2024-10-08T14:58:26.653+0900] {logging_mixin.py:190} INFO - [2024-10-08T14:58:26.653+0900] {dag.py:4180} INFO - Setting next_dagrun for latest_only to 2024-10-08T00:00:00+00:00, run_after=2024-10-08T04:00:00+00:00
[2024-10-08T14:58:26.675+0900] {processor.py:208} INFO - Processing /Users/alookso/1007MLpj/myenv/lib/python3.10/site-packages/airflow/example_dags/example_latest_only.py took 0.204 seconds
[2024-10-08T15:01:39.727+0900] {processor.py:186} INFO - Started process (PID=22798) to work on /Users/alookso/1007MLpj/myenv/lib/python3.10/site-packages/airflow/example_dags/example_latest_only.py
[2024-10-08T15:01:39.728+0900] {processor.py:914} INFO - Processing file /Users/alookso/1007MLpj/myenv/lib/python3.10/site-packages/airflow/example_dags/example_latest_only.py for tasks to queue
[2024-10-08T15:01:39.729+0900] {logging_mixin.py:190} INFO - [2024-10-08T15:01:39.729+0900] {dagbag.py:588} INFO - Filling up the DagBag from /Users/alookso/1007MLpj/myenv/lib/python3.10/site-packages/airflow/example_dags/example_latest_only.py
[2024-10-08T15:01:39.737+0900] {processor.py:925} INFO - DAG(s) 'latest_only' retrieved from /Users/alookso/1007MLpj/myenv/lib/python3.10/site-packages/airflow/example_dags/example_latest_only.py
[2024-10-08T15:01:39.868+0900] {logging_mixin.py:190} INFO - [2024-10-08T15:01:39.867+0900] {dag.py:3239} INFO - Sync 1 DAGs
[2024-10-08T15:01:39.889+0900] {logging_mixin.py:190} INFO - [2024-10-08T15:01:39.889+0900] {dag.py:4180} INFO - Setting next_dagrun for latest_only to 2024-10-08T00:00:00+00:00, run_after=2024-10-08T04:00:00+00:00
[2024-10-08T15:01:39.909+0900] {processor.py:208} INFO - Processing /Users/alookso/1007MLpj/myenv/lib/python3.10/site-packages/airflow/example_dags/example_latest_only.py took 0.186 seconds
[2024-10-08T15:04:45.158+0900] {processor.py:186} INFO - Started process (PID=22879) to work on /Users/alookso/1007MLpj/myenv/lib/python3.10/site-packages/airflow/example_dags/example_latest_only.py
[2024-10-08T15:04:45.159+0900] {processor.py:914} INFO - Processing file /Users/alookso/1007MLpj/myenv/lib/python3.10/site-packages/airflow/example_dags/example_latest_only.py for tasks to queue
[2024-10-08T15:04:45.160+0900] {logging_mixin.py:190} INFO - [2024-10-08T15:04:45.160+0900] {dagbag.py:588} INFO - Filling up the DagBag from /Users/alookso/1007MLpj/myenv/lib/python3.10/site-packages/airflow/example_dags/example_latest_only.py
[2024-10-08T15:04:45.169+0900] {processor.py:925} INFO - DAG(s) 'latest_only' retrieved from /Users/alookso/1007MLpj/myenv/lib/python3.10/site-packages/airflow/example_dags/example_latest_only.py
[2024-10-08T15:04:45.301+0900] {logging_mixin.py:190} INFO - [2024-10-08T15:04:45.301+0900] {dag.py:3239} INFO - Sync 1 DAGs
[2024-10-08T15:04:45.322+0900] {logging_mixin.py:190} INFO - [2024-10-08T15:04:45.322+0900] {dag.py:4180} INFO - Setting next_dagrun for latest_only to 2024-10-08T00:00:00+00:00, run_after=2024-10-08T04:00:00+00:00
[2024-10-08T15:04:45.342+0900] {processor.py:208} INFO - Processing /Users/alookso/1007MLpj/myenv/lib/python3.10/site-packages/airflow/example_dags/example_latest_only.py took 0.188 seconds
[2024-10-08T15:07:51.012+0900] {processor.py:186} INFO - Started process (PID=22984) to work on /Users/alookso/1007MLpj/myenv/lib/python3.10/site-packages/airflow/example_dags/example_latest_only.py
[2024-10-08T15:07:51.012+0900] {processor.py:914} INFO - Processing file /Users/alookso/1007MLpj/myenv/lib/python3.10/site-packages/airflow/example_dags/example_latest_only.py for tasks to queue
[2024-10-08T15:07:51.013+0900] {logging_mixin.py:190} INFO - [2024-10-08T15:07:51.013+0900] {dagbag.py:588} INFO - Filling up the DagBag from /Users/alookso/1007MLpj/myenv/lib/python3.10/site-packages/airflow/example_dags/example_latest_only.py
[2024-10-08T15:07:51.021+0900] {processor.py:925} INFO - DAG(s) 'latest_only' retrieved from /Users/alookso/1007MLpj/myenv/lib/python3.10/site-packages/airflow/example_dags/example_latest_only.py
[2024-10-08T15:07:51.153+0900] {logging_mixin.py:190} INFO - [2024-10-08T15:07:51.153+0900] {dag.py:3239} INFO - Sync 1 DAGs
[2024-10-08T15:07:51.175+0900] {logging_mixin.py:190} INFO - [2024-10-08T15:07:51.174+0900] {dag.py:4180} INFO - Setting next_dagrun for latest_only to 2024-10-08T00:00:00+00:00, run_after=2024-10-08T04:00:00+00:00
[2024-10-08T15:07:51.194+0900] {processor.py:208} INFO - Processing /Users/alookso/1007MLpj/myenv/lib/python3.10/site-packages/airflow/example_dags/example_latest_only.py took 0.187 seconds
[2024-10-08T15:10:54.149+0900] {processor.py:186} INFO - Started process (PID=23103) to work on /Users/alookso/1007MLpj/myenv/lib/python3.10/site-packages/airflow/example_dags/example_latest_only.py
[2024-10-08T15:10:54.149+0900] {processor.py:914} INFO - Processing file /Users/alookso/1007MLpj/myenv/lib/python3.10/site-packages/airflow/example_dags/example_latest_only.py for tasks to queue
[2024-10-08T15:10:54.150+0900] {logging_mixin.py:190} INFO - [2024-10-08T15:10:54.150+0900] {dagbag.py:588} INFO - Filling up the DagBag from /Users/alookso/1007MLpj/myenv/lib/python3.10/site-packages/airflow/example_dags/example_latest_only.py
[2024-10-08T15:10:54.158+0900] {processor.py:925} INFO - DAG(s) 'latest_only' retrieved from /Users/alookso/1007MLpj/myenv/lib/python3.10/site-packages/airflow/example_dags/example_latest_only.py
[2024-10-08T15:10:54.285+0900] {logging_mixin.py:190} INFO - [2024-10-08T15:10:54.285+0900] {dag.py:3239} INFO - Sync 1 DAGs
[2024-10-08T15:10:54.306+0900] {logging_mixin.py:190} INFO - [2024-10-08T15:10:54.306+0900] {dag.py:4180} INFO - Setting next_dagrun for latest_only to 2024-10-08T00:00:00+00:00, run_after=2024-10-08T04:00:00+00:00
[2024-10-08T15:10:54.325+0900] {processor.py:208} INFO - Processing /Users/alookso/1007MLpj/myenv/lib/python3.10/site-packages/airflow/example_dags/example_latest_only.py took 0.180 seconds
[2024-10-08T15:13:54.658+0900] {processor.py:186} INFO - Started process (PID=23181) to work on /Users/alookso/1007MLpj/myenv/lib/python3.10/site-packages/airflow/example_dags/example_latest_only.py
[2024-10-08T15:13:54.659+0900] {processor.py:914} INFO - Processing file /Users/alookso/1007MLpj/myenv/lib/python3.10/site-packages/airflow/example_dags/example_latest_only.py for tasks to queue
[2024-10-08T15:13:54.660+0900] {logging_mixin.py:190} INFO - [2024-10-08T15:13:54.660+0900] {dagbag.py:588} INFO - Filling up the DagBag from /Users/alookso/1007MLpj/myenv/lib/python3.10/site-packages/airflow/example_dags/example_latest_only.py
[2024-10-08T15:13:54.669+0900] {processor.py:925} INFO - DAG(s) 'latest_only' retrieved from /Users/alookso/1007MLpj/myenv/lib/python3.10/site-packages/airflow/example_dags/example_latest_only.py
[2024-10-08T15:13:54.800+0900] {logging_mixin.py:190} INFO - [2024-10-08T15:13:54.799+0900] {dag.py:3239} INFO - Sync 1 DAGs
[2024-10-08T15:13:54.821+0900] {logging_mixin.py:190} INFO - [2024-10-08T15:13:54.821+0900] {dag.py:4180} INFO - Setting next_dagrun for latest_only to 2024-10-08T00:00:00+00:00, run_after=2024-10-08T04:00:00+00:00
[2024-10-08T15:13:54.841+0900] {processor.py:208} INFO - Processing /Users/alookso/1007MLpj/myenv/lib/python3.10/site-packages/airflow/example_dags/example_latest_only.py took 0.187 seconds
[2024-10-08T15:16:54.067+0900] {processor.py:186} INFO - Started process (PID=23271) to work on /Users/alookso/1007MLpj/myenv/lib/python3.10/site-packages/airflow/example_dags/example_latest_only.py
[2024-10-08T15:16:54.068+0900] {processor.py:914} INFO - Processing file /Users/alookso/1007MLpj/myenv/lib/python3.10/site-packages/airflow/example_dags/example_latest_only.py for tasks to queue
[2024-10-08T15:16:54.069+0900] {logging_mixin.py:190} INFO - [2024-10-08T15:16:54.068+0900] {dagbag.py:588} INFO - Filling up the DagBag from /Users/alookso/1007MLpj/myenv/lib/python3.10/site-packages/airflow/example_dags/example_latest_only.py
[2024-10-08T15:16:54.077+0900] {processor.py:925} INFO - DAG(s) 'latest_only' retrieved from /Users/alookso/1007MLpj/myenv/lib/python3.10/site-packages/airflow/example_dags/example_latest_only.py
[2024-10-08T15:16:54.208+0900] {logging_mixin.py:190} INFO - [2024-10-08T15:16:54.208+0900] {dag.py:3239} INFO - Sync 1 DAGs
[2024-10-08T15:16:54.229+0900] {logging_mixin.py:190} INFO - [2024-10-08T15:16:54.229+0900] {dag.py:4180} INFO - Setting next_dagrun for latest_only to 2024-10-08T00:00:00+00:00, run_after=2024-10-08T04:00:00+00:00
[2024-10-08T15:16:54.249+0900] {processor.py:208} INFO - Processing /Users/alookso/1007MLpj/myenv/lib/python3.10/site-packages/airflow/example_dags/example_latest_only.py took 0.187 seconds
[2024-10-08T15:20:03.185+0900] {processor.py:186} INFO - Started process (PID=23370) to work on /Users/alookso/1007MLpj/myenv/lib/python3.10/site-packages/airflow/example_dags/example_latest_only.py
[2024-10-08T15:20:03.185+0900] {processor.py:914} INFO - Processing file /Users/alookso/1007MLpj/myenv/lib/python3.10/site-packages/airflow/example_dags/example_latest_only.py for tasks to queue
[2024-10-08T15:20:03.186+0900] {logging_mixin.py:190} INFO - [2024-10-08T15:20:03.186+0900] {dagbag.py:588} INFO - Filling up the DagBag from /Users/alookso/1007MLpj/myenv/lib/python3.10/site-packages/airflow/example_dags/example_latest_only.py
[2024-10-08T15:20:03.195+0900] {processor.py:925} INFO - DAG(s) 'latest_only' retrieved from /Users/alookso/1007MLpj/myenv/lib/python3.10/site-packages/airflow/example_dags/example_latest_only.py
[2024-10-08T15:20:03.405+0900] {logging_mixin.py:190} INFO - [2024-10-08T15:20:03.405+0900] {dag.py:3239} INFO - Sync 1 DAGs
[2024-10-08T15:20:03.427+0900] {logging_mixin.py:190} INFO - [2024-10-08T15:20:03.427+0900] {dag.py:4180} INFO - Setting next_dagrun for latest_only to 2024-10-08T00:00:00+00:00, run_after=2024-10-08T04:00:00+00:00
[2024-10-08T15:20:03.447+0900] {processor.py:208} INFO - Processing /Users/alookso/1007MLpj/myenv/lib/python3.10/site-packages/airflow/example_dags/example_latest_only.py took 0.267 seconds
[2024-10-08T15:23:10.112+0900] {processor.py:186} INFO - Started process (PID=23462) to work on /Users/alookso/1007MLpj/myenv/lib/python3.10/site-packages/airflow/example_dags/example_latest_only.py
[2024-10-08T15:23:10.113+0900] {processor.py:914} INFO - Processing file /Users/alookso/1007MLpj/myenv/lib/python3.10/site-packages/airflow/example_dags/example_latest_only.py for tasks to queue
[2024-10-08T15:23:10.114+0900] {logging_mixin.py:190} INFO - [2024-10-08T15:23:10.113+0900] {dagbag.py:588} INFO - Filling up the DagBag from /Users/alookso/1007MLpj/myenv/lib/python3.10/site-packages/airflow/example_dags/example_latest_only.py
[2024-10-08T15:23:10.122+0900] {processor.py:925} INFO - DAG(s) 'latest_only' retrieved from /Users/alookso/1007MLpj/myenv/lib/python3.10/site-packages/airflow/example_dags/example_latest_only.py
[2024-10-08T15:23:10.255+0900] {logging_mixin.py:190} INFO - [2024-10-08T15:23:10.255+0900] {dag.py:3239} INFO - Sync 1 DAGs
[2024-10-08T15:23:10.276+0900] {logging_mixin.py:190} INFO - [2024-10-08T15:23:10.276+0900] {dag.py:4180} INFO - Setting next_dagrun for latest_only to 2024-10-08T00:00:00+00:00, run_after=2024-10-08T04:00:00+00:00
[2024-10-08T15:23:10.296+0900] {processor.py:208} INFO - Processing /Users/alookso/1007MLpj/myenv/lib/python3.10/site-packages/airflow/example_dags/example_latest_only.py took 0.189 seconds
[2024-10-08T15:26:16.422+0900] {processor.py:186} INFO - Started process (PID=23541) to work on /Users/alookso/1007MLpj/myenv/lib/python3.10/site-packages/airflow/example_dags/example_latest_only.py
[2024-10-08T15:26:16.423+0900] {processor.py:914} INFO - Processing file /Users/alookso/1007MLpj/myenv/lib/python3.10/site-packages/airflow/example_dags/example_latest_only.py for tasks to queue
[2024-10-08T15:26:16.424+0900] {logging_mixin.py:190} INFO - [2024-10-08T15:26:16.423+0900] {dagbag.py:588} INFO - Filling up the DagBag from /Users/alookso/1007MLpj/myenv/lib/python3.10/site-packages/airflow/example_dags/example_latest_only.py
[2024-10-08T15:26:16.431+0900] {processor.py:925} INFO - DAG(s) 'latest_only' retrieved from /Users/alookso/1007MLpj/myenv/lib/python3.10/site-packages/airflow/example_dags/example_latest_only.py
[2024-10-08T15:26:16.561+0900] {logging_mixin.py:190} INFO - [2024-10-08T15:26:16.561+0900] {dag.py:3239} INFO - Sync 1 DAGs
[2024-10-08T15:26:16.581+0900] {logging_mixin.py:190} INFO - [2024-10-08T15:26:16.581+0900] {dag.py:4180} INFO - Setting next_dagrun for latest_only to 2024-10-08T00:00:00+00:00, run_after=2024-10-08T04:00:00+00:00
[2024-10-08T15:26:16.601+0900] {processor.py:208} INFO - Processing /Users/alookso/1007MLpj/myenv/lib/python3.10/site-packages/airflow/example_dags/example_latest_only.py took 0.183 seconds
[2024-10-08T15:29:18.356+0900] {processor.py:186} INFO - Started process (PID=23658) to work on /Users/alookso/1007MLpj/myenv/lib/python3.10/site-packages/airflow/example_dags/example_latest_only.py
[2024-10-08T15:29:18.357+0900] {processor.py:914} INFO - Processing file /Users/alookso/1007MLpj/myenv/lib/python3.10/site-packages/airflow/example_dags/example_latest_only.py for tasks to queue
[2024-10-08T15:29:18.358+0900] {logging_mixin.py:190} INFO - [2024-10-08T15:29:18.358+0900] {dagbag.py:588} INFO - Filling up the DagBag from /Users/alookso/1007MLpj/myenv/lib/python3.10/site-packages/airflow/example_dags/example_latest_only.py
[2024-10-08T15:29:18.367+0900] {processor.py:925} INFO - DAG(s) 'latest_only' retrieved from /Users/alookso/1007MLpj/myenv/lib/python3.10/site-packages/airflow/example_dags/example_latest_only.py
[2024-10-08T15:29:18.500+0900] {logging_mixin.py:190} INFO - [2024-10-08T15:29:18.500+0900] {dag.py:3239} INFO - Sync 1 DAGs
[2024-10-08T15:29:18.523+0900] {logging_mixin.py:190} INFO - [2024-10-08T15:29:18.522+0900] {dag.py:4180} INFO - Setting next_dagrun for latest_only to 2024-10-08T00:00:00+00:00, run_after=2024-10-08T04:00:00+00:00
[2024-10-08T15:29:18.543+0900] {processor.py:208} INFO - Processing /Users/alookso/1007MLpj/myenv/lib/python3.10/site-packages/airflow/example_dags/example_latest_only.py took 0.191 seconds
[2024-10-08T15:32:19.534+0900] {processor.py:186} INFO - Started process (PID=23771) to work on /Users/alookso/1007MLpj/myenv/lib/python3.10/site-packages/airflow/example_dags/example_latest_only.py
[2024-10-08T15:32:19.536+0900] {processor.py:914} INFO - Processing file /Users/alookso/1007MLpj/myenv/lib/python3.10/site-packages/airflow/example_dags/example_latest_only.py for tasks to queue
[2024-10-08T15:32:19.538+0900] {logging_mixin.py:190} INFO - [2024-10-08T15:32:19.538+0900] {dagbag.py:588} INFO - Filling up the DagBag from /Users/alookso/1007MLpj/myenv/lib/python3.10/site-packages/airflow/example_dags/example_latest_only.py
[2024-10-08T15:32:19.551+0900] {processor.py:925} INFO - DAG(s) 'latest_only' retrieved from /Users/alookso/1007MLpj/myenv/lib/python3.10/site-packages/airflow/example_dags/example_latest_only.py
[2024-10-08T15:32:19.680+0900] {logging_mixin.py:190} INFO - [2024-10-08T15:32:19.679+0900] {dag.py:3239} INFO - Sync 1 DAGs
[2024-10-08T15:32:19.700+0900] {logging_mixin.py:190} INFO - [2024-10-08T15:32:19.700+0900] {dag.py:4180} INFO - Setting next_dagrun for latest_only to 2024-10-08T00:00:00+00:00, run_after=2024-10-08T04:00:00+00:00
[2024-10-08T15:32:19.720+0900] {processor.py:208} INFO - Processing /Users/alookso/1007MLpj/myenv/lib/python3.10/site-packages/airflow/example_dags/example_latest_only.py took 0.197 seconds
[2024-10-08T16:37:42.826+0900] {processor.py:186} INFO - Started process (PID=25061) to work on /Users/alookso/1007MLpj/myenv/lib/python3.10/site-packages/airflow/example_dags/example_latest_only.py
[2024-10-08T16:37:42.827+0900] {processor.py:914} INFO - Processing file /Users/alookso/1007MLpj/myenv/lib/python3.10/site-packages/airflow/example_dags/example_latest_only.py for tasks to queue
[2024-10-08T16:37:42.828+0900] {logging_mixin.py:190} INFO - [2024-10-08T16:37:42.828+0900] {dagbag.py:588} INFO - Filling up the DagBag from /Users/alookso/1007MLpj/myenv/lib/python3.10/site-packages/airflow/example_dags/example_latest_only.py
[2024-10-08T16:37:42.836+0900] {processor.py:925} INFO - DAG(s) 'latest_only' retrieved from /Users/alookso/1007MLpj/myenv/lib/python3.10/site-packages/airflow/example_dags/example_latest_only.py
[2024-10-08T16:37:42.965+0900] {logging_mixin.py:190} INFO - [2024-10-08T16:37:42.965+0900] {dag.py:3239} INFO - Sync 1 DAGs
[2024-10-08T16:37:42.986+0900] {logging_mixin.py:190} INFO - [2024-10-08T16:37:42.986+0900] {dag.py:4180} INFO - Setting next_dagrun for latest_only to 2024-10-08T00:00:00+00:00, run_after=2024-10-08T04:00:00+00:00
[2024-10-08T16:37:43.005+0900] {processor.py:208} INFO - Processing /Users/alookso/1007MLpj/myenv/lib/python3.10/site-packages/airflow/example_dags/example_latest_only.py took 0.184 seconds
[2024-10-08T17:29:16.290+0900] {processor.py:186} INFO - Started process (PID=26429) to work on /Users/alookso/1007MLpj/myenv/lib/python3.10/site-packages/airflow/example_dags/example_latest_only.py
[2024-10-08T17:29:16.291+0900] {processor.py:914} INFO - Processing file /Users/alookso/1007MLpj/myenv/lib/python3.10/site-packages/airflow/example_dags/example_latest_only.py for tasks to queue
[2024-10-08T17:29:16.292+0900] {logging_mixin.py:190} INFO - [2024-10-08T17:29:16.292+0900] {dagbag.py:588} INFO - Filling up the DagBag from /Users/alookso/1007MLpj/myenv/lib/python3.10/site-packages/airflow/example_dags/example_latest_only.py
[2024-10-08T17:29:16.301+0900] {processor.py:925} INFO - DAG(s) 'latest_only' retrieved from /Users/alookso/1007MLpj/myenv/lib/python3.10/site-packages/airflow/example_dags/example_latest_only.py
[2024-10-08T17:29:16.453+0900] {logging_mixin.py:190} INFO - [2024-10-08T17:29:16.452+0900] {dag.py:3239} INFO - Sync 1 DAGs
[2024-10-08T17:29:16.478+0900] {logging_mixin.py:190} INFO - [2024-10-08T17:29:16.478+0900] {dag.py:4180} INFO - Setting next_dagrun for latest_only to 2024-10-08T04:00:00+00:00, run_after=2024-10-08T08:00:00+00:00
[2024-10-08T17:29:16.500+0900] {processor.py:208} INFO - Processing /Users/alookso/1007MLpj/myenv/lib/python3.10/site-packages/airflow/example_dags/example_latest_only.py took 0.215 seconds
[2024-10-08T17:56:25.171+0900] {processor.py:186} INFO - Started process (PID=27347) to work on /Users/alookso/1007MLpj/myenv/lib/python3.10/site-packages/airflow/example_dags/example_latest_only.py
[2024-10-08T17:56:25.172+0900] {processor.py:914} INFO - Processing file /Users/alookso/1007MLpj/myenv/lib/python3.10/site-packages/airflow/example_dags/example_latest_only.py for tasks to queue
[2024-10-08T17:56:25.173+0900] {logging_mixin.py:190} INFO - [2024-10-08T17:56:25.172+0900] {dagbag.py:588} INFO - Filling up the DagBag from /Users/alookso/1007MLpj/myenv/lib/python3.10/site-packages/airflow/example_dags/example_latest_only.py
[2024-10-08T17:56:25.181+0900] {processor.py:925} INFO - DAG(s) 'latest_only' retrieved from /Users/alookso/1007MLpj/myenv/lib/python3.10/site-packages/airflow/example_dags/example_latest_only.py
[2024-10-08T17:56:25.317+0900] {logging_mixin.py:190} INFO - [2024-10-08T17:56:25.316+0900] {dag.py:3239} INFO - Sync 1 DAGs
[2024-10-08T17:56:25.338+0900] {logging_mixin.py:190} INFO - [2024-10-08T17:56:25.337+0900] {dag.py:4180} INFO - Setting next_dagrun for latest_only to 2024-10-08T04:00:00+00:00, run_after=2024-10-08T08:00:00+00:00
[2024-10-08T17:56:25.359+0900] {processor.py:208} INFO - Processing /Users/alookso/1007MLpj/myenv/lib/python3.10/site-packages/airflow/example_dags/example_latest_only.py took 0.192 seconds
[2024-10-08T18:01:15.699+0900] {processor.py:186} INFO - Started process (PID=27556) to work on /Users/alookso/1007MLpj/myenv/lib/python3.10/site-packages/airflow/example_dags/example_latest_only.py
[2024-10-08T18:01:15.700+0900] {processor.py:914} INFO - Processing file /Users/alookso/1007MLpj/myenv/lib/python3.10/site-packages/airflow/example_dags/example_latest_only.py for tasks to queue
[2024-10-08T18:01:15.701+0900] {logging_mixin.py:190} INFO - [2024-10-08T18:01:15.700+0900] {dagbag.py:588} INFO - Filling up the DagBag from /Users/alookso/1007MLpj/myenv/lib/python3.10/site-packages/airflow/example_dags/example_latest_only.py
[2024-10-08T18:01:15.709+0900] {processor.py:925} INFO - DAG(s) 'latest_only' retrieved from /Users/alookso/1007MLpj/myenv/lib/python3.10/site-packages/airflow/example_dags/example_latest_only.py
[2024-10-08T18:01:15.839+0900] {logging_mixin.py:190} INFO - [2024-10-08T18:01:15.839+0900] {dag.py:3239} INFO - Sync 1 DAGs
[2024-10-08T18:01:15.860+0900] {logging_mixin.py:190} INFO - [2024-10-08T18:01:15.860+0900] {dag.py:4180} INFO - Setting next_dagrun for latest_only to 2024-10-08T04:00:00+00:00, run_after=2024-10-08T08:00:00+00:00
[2024-10-08T18:01:15.879+0900] {processor.py:208} INFO - Processing /Users/alookso/1007MLpj/myenv/lib/python3.10/site-packages/airflow/example_dags/example_latest_only.py took 0.185 seconds
[2024-10-08T18:07:22.752+0900] {processor.py:186} INFO - Started process (PID=27784) to work on /Users/alookso/1007MLpj/myenv/lib/python3.10/site-packages/airflow/example_dags/example_latest_only.py
[2024-10-08T18:07:22.753+0900] {processor.py:914} INFO - Processing file /Users/alookso/1007MLpj/myenv/lib/python3.10/site-packages/airflow/example_dags/example_latest_only.py for tasks to queue
[2024-10-08T18:07:22.754+0900] {logging_mixin.py:190} INFO - [2024-10-08T18:07:22.753+0900] {dagbag.py:588} INFO - Filling up the DagBag from /Users/alookso/1007MLpj/myenv/lib/python3.10/site-packages/airflow/example_dags/example_latest_only.py
[2024-10-08T18:07:22.762+0900] {processor.py:925} INFO - DAG(s) 'latest_only' retrieved from /Users/alookso/1007MLpj/myenv/lib/python3.10/site-packages/airflow/example_dags/example_latest_only.py
[2024-10-08T18:07:22.895+0900] {logging_mixin.py:190} INFO - [2024-10-08T18:07:22.895+0900] {dag.py:3239} INFO - Sync 1 DAGs
[2024-10-08T18:07:22.917+0900] {logging_mixin.py:190} INFO - [2024-10-08T18:07:22.916+0900] {dag.py:4180} INFO - Setting next_dagrun for latest_only to 2024-10-08T04:00:00+00:00, run_after=2024-10-08T08:00:00+00:00
[2024-10-08T18:07:22.936+0900] {processor.py:208} INFO - Processing /Users/alookso/1007MLpj/myenv/lib/python3.10/site-packages/airflow/example_dags/example_latest_only.py took 0.188 seconds
[2024-10-08T18:11:02.818+0900] {processor.py:186} INFO - Started process (PID=27897) to work on /Users/alookso/1007MLpj/myenv/lib/python3.10/site-packages/airflow/example_dags/example_latest_only.py
[2024-10-08T18:11:02.818+0900] {processor.py:914} INFO - Processing file /Users/alookso/1007MLpj/myenv/lib/python3.10/site-packages/airflow/example_dags/example_latest_only.py for tasks to queue
[2024-10-08T18:11:02.819+0900] {logging_mixin.py:190} INFO - [2024-10-08T18:11:02.819+0900] {dagbag.py:588} INFO - Filling up the DagBag from /Users/alookso/1007MLpj/myenv/lib/python3.10/site-packages/airflow/example_dags/example_latest_only.py
[2024-10-08T18:11:02.827+0900] {processor.py:925} INFO - DAG(s) 'latest_only' retrieved from /Users/alookso/1007MLpj/myenv/lib/python3.10/site-packages/airflow/example_dags/example_latest_only.py
[2024-10-08T18:11:02.956+0900] {logging_mixin.py:190} INFO - [2024-10-08T18:11:02.955+0900] {dag.py:3239} INFO - Sync 1 DAGs
[2024-10-08T18:11:02.976+0900] {logging_mixin.py:190} INFO - [2024-10-08T18:11:02.976+0900] {dag.py:4180} INFO - Setting next_dagrun for latest_only to 2024-10-08T04:00:00+00:00, run_after=2024-10-08T08:00:00+00:00
[2024-10-08T18:11:02.996+0900] {processor.py:208} INFO - Processing /Users/alookso/1007MLpj/myenv/lib/python3.10/site-packages/airflow/example_dags/example_latest_only.py took 0.182 seconds
[2024-10-08T18:14:13.470+0900] {processor.py:186} INFO - Started process (PID=28001) to work on /Users/alookso/1007MLpj/myenv/lib/python3.10/site-packages/airflow/example_dags/example_latest_only.py
[2024-10-08T18:14:13.471+0900] {processor.py:914} INFO - Processing file /Users/alookso/1007MLpj/myenv/lib/python3.10/site-packages/airflow/example_dags/example_latest_only.py for tasks to queue
[2024-10-08T18:14:13.472+0900] {logging_mixin.py:190} INFO - [2024-10-08T18:14:13.472+0900] {dagbag.py:588} INFO - Filling up the DagBag from /Users/alookso/1007MLpj/myenv/lib/python3.10/site-packages/airflow/example_dags/example_latest_only.py
[2024-10-08T18:14:13.481+0900] {processor.py:925} INFO - DAG(s) 'latest_only' retrieved from /Users/alookso/1007MLpj/myenv/lib/python3.10/site-packages/airflow/example_dags/example_latest_only.py
[2024-10-08T18:14:13.610+0900] {logging_mixin.py:190} INFO - [2024-10-08T18:14:13.610+0900] {dag.py:3239} INFO - Sync 1 DAGs
[2024-10-08T18:14:13.630+0900] {logging_mixin.py:190} INFO - [2024-10-08T18:14:13.630+0900] {dag.py:4180} INFO - Setting next_dagrun for latest_only to 2024-10-08T04:00:00+00:00, run_after=2024-10-08T08:00:00+00:00
[2024-10-08T18:14:13.650+0900] {processor.py:208} INFO - Processing /Users/alookso/1007MLpj/myenv/lib/python3.10/site-packages/airflow/example_dags/example_latest_only.py took 0.184 seconds
[2024-10-08T18:17:23.404+0900] {processor.py:186} INFO - Started process (PID=28087) to work on /Users/alookso/1007MLpj/myenv/lib/python3.10/site-packages/airflow/example_dags/example_latest_only.py
[2024-10-08T18:17:23.404+0900] {processor.py:914} INFO - Processing file /Users/alookso/1007MLpj/myenv/lib/python3.10/site-packages/airflow/example_dags/example_latest_only.py for tasks to queue
[2024-10-08T18:17:23.405+0900] {logging_mixin.py:190} INFO - [2024-10-08T18:17:23.405+0900] {dagbag.py:588} INFO - Filling up the DagBag from /Users/alookso/1007MLpj/myenv/lib/python3.10/site-packages/airflow/example_dags/example_latest_only.py
[2024-10-08T18:17:23.413+0900] {processor.py:925} INFO - DAG(s) 'latest_only' retrieved from /Users/alookso/1007MLpj/myenv/lib/python3.10/site-packages/airflow/example_dags/example_latest_only.py
[2024-10-08T18:17:23.543+0900] {logging_mixin.py:190} INFO - [2024-10-08T18:17:23.543+0900] {dag.py:3239} INFO - Sync 1 DAGs
[2024-10-08T18:17:23.564+0900] {logging_mixin.py:190} INFO - [2024-10-08T18:17:23.563+0900] {dag.py:4180} INFO - Setting next_dagrun for latest_only to 2024-10-08T04:00:00+00:00, run_after=2024-10-08T08:00:00+00:00
[2024-10-08T18:17:23.584+0900] {processor.py:208} INFO - Processing /Users/alookso/1007MLpj/myenv/lib/python3.10/site-packages/airflow/example_dags/example_latest_only.py took 0.184 seconds
[2024-10-08T18:20:35.280+0900] {processor.py:186} INFO - Started process (PID=28193) to work on /Users/alookso/1007MLpj/myenv/lib/python3.10/site-packages/airflow/example_dags/example_latest_only.py
[2024-10-08T18:20:35.281+0900] {processor.py:914} INFO - Processing file /Users/alookso/1007MLpj/myenv/lib/python3.10/site-packages/airflow/example_dags/example_latest_only.py for tasks to queue
[2024-10-08T18:20:35.282+0900] {logging_mixin.py:190} INFO - [2024-10-08T18:20:35.282+0900] {dagbag.py:588} INFO - Filling up the DagBag from /Users/alookso/1007MLpj/myenv/lib/python3.10/site-packages/airflow/example_dags/example_latest_only.py
[2024-10-08T18:20:35.292+0900] {processor.py:925} INFO - DAG(s) 'latest_only' retrieved from /Users/alookso/1007MLpj/myenv/lib/python3.10/site-packages/airflow/example_dags/example_latest_only.py
[2024-10-08T18:20:35.431+0900] {logging_mixin.py:190} INFO - [2024-10-08T18:20:35.430+0900] {dag.py:3239} INFO - Sync 1 DAGs
[2024-10-08T18:20:35.452+0900] {logging_mixin.py:190} INFO - [2024-10-08T18:20:35.452+0900] {dag.py:4180} INFO - Setting next_dagrun for latest_only to 2024-10-08T04:00:00+00:00, run_after=2024-10-08T08:00:00+00:00
[2024-10-08T18:20:35.473+0900] {processor.py:208} INFO - Processing /Users/alookso/1007MLpj/myenv/lib/python3.10/site-packages/airflow/example_dags/example_latest_only.py took 0.199 seconds
[2024-10-08T18:47:51.995+0900] {processor.py:186} INFO - Started process (PID=29288) to work on /Users/alookso/1007MLpj/myenv/lib/python3.10/site-packages/airflow/example_dags/example_latest_only.py
[2024-10-08T18:47:51.996+0900] {processor.py:914} INFO - Processing file /Users/alookso/1007MLpj/myenv/lib/python3.10/site-packages/airflow/example_dags/example_latest_only.py for tasks to queue
[2024-10-08T18:47:51.997+0900] {logging_mixin.py:190} INFO - [2024-10-08T18:47:51.997+0900] {dagbag.py:588} INFO - Filling up the DagBag from /Users/alookso/1007MLpj/myenv/lib/python3.10/site-packages/airflow/example_dags/example_latest_only.py
[2024-10-08T18:47:52.005+0900] {processor.py:925} INFO - DAG(s) 'latest_only' retrieved from /Users/alookso/1007MLpj/myenv/lib/python3.10/site-packages/airflow/example_dags/example_latest_only.py
[2024-10-08T18:47:52.138+0900] {logging_mixin.py:190} INFO - [2024-10-08T18:47:52.138+0900] {dag.py:3239} INFO - Sync 1 DAGs
[2024-10-08T18:47:52.159+0900] {logging_mixin.py:190} INFO - [2024-10-08T18:47:52.159+0900] {dag.py:4180} INFO - Setting next_dagrun for latest_only to 2024-10-08T04:00:00+00:00, run_after=2024-10-08T08:00:00+00:00
[2024-10-08T18:47:52.179+0900] {processor.py:208} INFO - Processing /Users/alookso/1007MLpj/myenv/lib/python3.10/site-packages/airflow/example_dags/example_latest_only.py took 0.189 seconds
