[2024-10-08T14:45:54.989+0900] {processor.py:186} INFO - Started process (PID=22294) to work on /Users/alookso/1007MLpj/myenv/lib/python3.10/site-packages/airflow/example_dags/example_dataset_alias_with_no_taskflow.py
[2024-10-08T14:45:54.989+0900] {processor.py:914} INFO - Processing file /Users/alookso/1007MLpj/myenv/lib/python3.10/site-packages/airflow/example_dags/example_dataset_alias_with_no_taskflow.py for tasks to queue
[2024-10-08T14:45:54.990+0900] {logging_mixin.py:190} INFO - [2024-10-08T14:45:54.990+0900] {dagbag.py:588} INFO - Filling up the DagBag from /Users/alookso/1007MLpj/myenv/lib/python3.10/site-packages/airflow/example_dags/example_dataset_alias_with_no_taskflow.py
[2024-10-08T14:45:55.177+0900] {processor.py:925} INFO - DAG(s) 'dataset_alias_example_alias_consumer_with_no_taskflow', 'dataset_alias_example_alias_producer_with_no_taskflow', 'dataset_s3_bucket_producer_with_no_taskflow', 'dataset_s3_bucket_consumer_with_no_taskflow' retrieved from /Users/alookso/1007MLpj/myenv/lib/python3.10/site-packages/airflow/example_dags/example_dataset_alias_with_no_taskflow.py
[2024-10-08T14:45:55.298+0900] {logging_mixin.py:190} INFO - [2024-10-08T14:45:55.298+0900] {override.py:1901} INFO - Created Permission View: can read on DAG:dataset_alias_example_alias_consumer_with_no_taskflow
[2024-10-08T14:45:55.309+0900] {logging_mixin.py:190} INFO - [2024-10-08T14:45:55.308+0900] {override.py:1901} INFO - Created Permission View: can edit on DAG:dataset_alias_example_alias_consumer_with_no_taskflow
[2024-10-08T14:45:55.316+0900] {logging_mixin.py:190} INFO - [2024-10-08T14:45:55.316+0900] {override.py:1901} INFO - Created Permission View: can delete on DAG:dataset_alias_example_alias_consumer_with_no_taskflow
[2024-10-08T14:45:55.327+0900] {logging_mixin.py:190} INFO - [2024-10-08T14:45:55.326+0900] {override.py:1901} INFO - Created Permission View: can create on DAG Run:dataset_alias_example_alias_consumer_with_no_taskflow
[2024-10-08T14:45:55.334+0900] {logging_mixin.py:190} INFO - [2024-10-08T14:45:55.333+0900] {override.py:1901} INFO - Created Permission View: can read on DAG Run:dataset_alias_example_alias_consumer_with_no_taskflow
[2024-10-08T14:45:55.341+0900] {logging_mixin.py:190} INFO - [2024-10-08T14:45:55.341+0900] {override.py:1901} INFO - Created Permission View: menu access on DAG Run:dataset_alias_example_alias_consumer_with_no_taskflow
[2024-10-08T14:45:55.349+0900] {logging_mixin.py:190} INFO - [2024-10-08T14:45:55.348+0900] {override.py:1901} INFO - Created Permission View: can delete on DAG Run:dataset_alias_example_alias_consumer_with_no_taskflow
[2024-10-08T14:45:55.365+0900] {logging_mixin.py:190} INFO - [2024-10-08T14:45:55.365+0900] {override.py:1901} INFO - Created Permission View: can read on DAG:dataset_alias_example_alias_producer_with_no_taskflow
[2024-10-08T14:45:55.372+0900] {logging_mixin.py:190} INFO - [2024-10-08T14:45:55.372+0900] {override.py:1901} INFO - Created Permission View: can edit on DAG:dataset_alias_example_alias_producer_with_no_taskflow
[2024-10-08T14:45:55.379+0900] {logging_mixin.py:190} INFO - [2024-10-08T14:45:55.379+0900] {override.py:1901} INFO - Created Permission View: can delete on DAG:dataset_alias_example_alias_producer_with_no_taskflow
[2024-10-08T14:45:55.390+0900] {logging_mixin.py:190} INFO - [2024-10-08T14:45:55.389+0900] {override.py:1901} INFO - Created Permission View: can create on DAG Run:dataset_alias_example_alias_producer_with_no_taskflow
[2024-10-08T14:45:55.397+0900] {logging_mixin.py:190} INFO - [2024-10-08T14:45:55.397+0900] {override.py:1901} INFO - Created Permission View: can read on DAG Run:dataset_alias_example_alias_producer_with_no_taskflow
[2024-10-08T14:45:55.404+0900] {logging_mixin.py:190} INFO - [2024-10-08T14:45:55.404+0900] {override.py:1901} INFO - Created Permission View: menu access on DAG Run:dataset_alias_example_alias_producer_with_no_taskflow
[2024-10-08T14:45:55.411+0900] {logging_mixin.py:190} INFO - [2024-10-08T14:45:55.411+0900] {override.py:1901} INFO - Created Permission View: can delete on DAG Run:dataset_alias_example_alias_producer_with_no_taskflow
[2024-10-08T14:45:55.426+0900] {logging_mixin.py:190} INFO - [2024-10-08T14:45:55.426+0900] {override.py:1901} INFO - Created Permission View: can read on DAG:dataset_s3_bucket_producer_with_no_taskflow
[2024-10-08T14:45:55.433+0900] {logging_mixin.py:190} INFO - [2024-10-08T14:45:55.433+0900] {override.py:1901} INFO - Created Permission View: can edit on DAG:dataset_s3_bucket_producer_with_no_taskflow
[2024-10-08T14:45:55.440+0900] {logging_mixin.py:190} INFO - [2024-10-08T14:45:55.440+0900] {override.py:1901} INFO - Created Permission View: can delete on DAG:dataset_s3_bucket_producer_with_no_taskflow
[2024-10-08T14:45:55.450+0900] {logging_mixin.py:190} INFO - [2024-10-08T14:45:55.450+0900] {override.py:1901} INFO - Created Permission View: can create on DAG Run:dataset_s3_bucket_producer_with_no_taskflow
[2024-10-08T14:45:55.457+0900] {logging_mixin.py:190} INFO - [2024-10-08T14:45:55.456+0900] {override.py:1901} INFO - Created Permission View: can read on DAG Run:dataset_s3_bucket_producer_with_no_taskflow
[2024-10-08T14:45:55.464+0900] {logging_mixin.py:190} INFO - [2024-10-08T14:45:55.464+0900] {override.py:1901} INFO - Created Permission View: menu access on DAG Run:dataset_s3_bucket_producer_with_no_taskflow
[2024-10-08T14:45:55.471+0900] {logging_mixin.py:190} INFO - [2024-10-08T14:45:55.471+0900] {override.py:1901} INFO - Created Permission View: can delete on DAG Run:dataset_s3_bucket_producer_with_no_taskflow
[2024-10-08T14:45:55.485+0900] {logging_mixin.py:190} INFO - [2024-10-08T14:45:55.485+0900] {override.py:1901} INFO - Created Permission View: can read on DAG:dataset_s3_bucket_consumer_with_no_taskflow
[2024-10-08T14:45:55.492+0900] {logging_mixin.py:190} INFO - [2024-10-08T14:45:55.492+0900] {override.py:1901} INFO - Created Permission View: can edit on DAG:dataset_s3_bucket_consumer_with_no_taskflow
[2024-10-08T14:45:55.499+0900] {logging_mixin.py:190} INFO - [2024-10-08T14:45:55.499+0900] {override.py:1901} INFO - Created Permission View: can delete on DAG:dataset_s3_bucket_consumer_with_no_taskflow
[2024-10-08T14:45:55.509+0900] {logging_mixin.py:190} INFO - [2024-10-08T14:45:55.508+0900] {override.py:1901} INFO - Created Permission View: can create on DAG Run:dataset_s3_bucket_consumer_with_no_taskflow
[2024-10-08T14:45:55.516+0900] {logging_mixin.py:190} INFO - [2024-10-08T14:45:55.516+0900] {override.py:1901} INFO - Created Permission View: can read on DAG Run:dataset_s3_bucket_consumer_with_no_taskflow
[2024-10-08T14:45:55.524+0900] {logging_mixin.py:190} INFO - [2024-10-08T14:45:55.523+0900] {override.py:1901} INFO - Created Permission View: menu access on DAG Run:dataset_s3_bucket_consumer_with_no_taskflow
[2024-10-08T14:45:55.531+0900] {logging_mixin.py:190} INFO - [2024-10-08T14:45:55.530+0900] {override.py:1901} INFO - Created Permission View: can delete on DAG Run:dataset_s3_bucket_consumer_with_no_taskflow
[2024-10-08T14:45:55.531+0900] {logging_mixin.py:190} INFO - [2024-10-08T14:45:55.531+0900] {dag.py:3239} INFO - Sync 4 DAGs
[2024-10-08T14:45:55.545+0900] {logging_mixin.py:190} INFO - [2024-10-08T14:45:55.545+0900] {dag.py:3262} INFO - Creating ORM DAG for dataset_alias_example_alias_consumer_with_no_taskflow
[2024-10-08T14:45:55.546+0900] {logging_mixin.py:190} INFO - [2024-10-08T14:45:55.546+0900] {dag.py:3262} INFO - Creating ORM DAG for dataset_s3_bucket_consumer_with_no_taskflow
[2024-10-08T14:45:55.547+0900] {logging_mixin.py:190} INFO - [2024-10-08T14:45:55.546+0900] {dag.py:3262} INFO - Creating ORM DAG for dataset_alias_example_alias_producer_with_no_taskflow
[2024-10-08T14:45:55.547+0900] {logging_mixin.py:190} INFO - [2024-10-08T14:45:55.547+0900] {dag.py:3262} INFO - Creating ORM DAG for dataset_s3_bucket_producer_with_no_taskflow
[2024-10-08T14:45:55.556+0900] {logging_mixin.py:190} INFO - [2024-10-08T14:45:55.555+0900] {dag.py:4180} INFO - Setting next_dagrun for dataset_alias_example_alias_consumer_with_no_taskflow to None, run_after=None
[2024-10-08T14:45:55.556+0900] {logging_mixin.py:190} INFO - [2024-10-08T14:45:55.556+0900] {dag.py:4180} INFO - Setting next_dagrun for dataset_alias_example_alias_producer_with_no_taskflow to None, run_after=None
[2024-10-08T14:45:55.557+0900] {logging_mixin.py:190} INFO - [2024-10-08T14:45:55.557+0900] {dag.py:4180} INFO - Setting next_dagrun for dataset_s3_bucket_consumer_with_no_taskflow to None, run_after=None
[2024-10-08T14:45:55.558+0900] {logging_mixin.py:190} INFO - [2024-10-08T14:45:55.557+0900] {dag.py:4180} INFO - Setting next_dagrun for dataset_s3_bucket_producer_with_no_taskflow to None, run_after=None
[2024-10-08T14:45:56.282+0900] {processor.py:208} INFO - Processing /Users/alookso/1007MLpj/myenv/lib/python3.10/site-packages/airflow/example_dags/example_dataset_alias_with_no_taskflow.py took 1.298 seconds
[2024-10-08T14:49:35.420+0900] {processor.py:186} INFO - Started process (PID=22387) to work on /Users/alookso/1007MLpj/myenv/lib/python3.10/site-packages/airflow/example_dags/example_dataset_alias_with_no_taskflow.py
[2024-10-08T14:49:35.420+0900] {processor.py:914} INFO - Processing file /Users/alookso/1007MLpj/myenv/lib/python3.10/site-packages/airflow/example_dags/example_dataset_alias_with_no_taskflow.py for tasks to queue
[2024-10-08T14:49:35.421+0900] {logging_mixin.py:190} INFO - [2024-10-08T14:49:35.421+0900] {dagbag.py:588} INFO - Filling up the DagBag from /Users/alookso/1007MLpj/myenv/lib/python3.10/site-packages/airflow/example_dags/example_dataset_alias_with_no_taskflow.py
[2024-10-08T14:49:35.613+0900] {processor.py:925} INFO - DAG(s) 'dataset_alias_example_alias_producer_with_no_taskflow', 'dataset_s3_bucket_consumer_with_no_taskflow', 'dataset_s3_bucket_producer_with_no_taskflow', 'dataset_alias_example_alias_consumer_with_no_taskflow' retrieved from /Users/alookso/1007MLpj/myenv/lib/python3.10/site-packages/airflow/example_dags/example_dataset_alias_with_no_taskflow.py
[2024-10-08T14:49:35.641+0900] {logging_mixin.py:190} INFO - [2024-10-08T14:49:35.641+0900] {dag.py:3239} INFO - Sync 4 DAGs
[2024-10-08T14:49:35.665+0900] {logging_mixin.py:190} INFO - [2024-10-08T14:49:35.665+0900] {dag.py:4180} INFO - Setting next_dagrun for dataset_alias_example_alias_consumer_with_no_taskflow to None, run_after=None
[2024-10-08T14:49:35.667+0900] {logging_mixin.py:190} INFO - [2024-10-08T14:49:35.667+0900] {dag.py:4180} INFO - Setting next_dagrun for dataset_alias_example_alias_producer_with_no_taskflow to None, run_after=None
[2024-10-08T14:49:35.668+0900] {logging_mixin.py:190} INFO - [2024-10-08T14:49:35.668+0900] {dag.py:4180} INFO - Setting next_dagrun for dataset_s3_bucket_consumer_with_no_taskflow to None, run_after=None
[2024-10-08T14:49:35.669+0900] {logging_mixin.py:190} INFO - [2024-10-08T14:49:35.669+0900] {dag.py:4180} INFO - Setting next_dagrun for dataset_s3_bucket_producer_with_no_taskflow to None, run_after=None
[2024-10-08T14:49:35.694+0900] {processor.py:208} INFO - Processing /Users/alookso/1007MLpj/myenv/lib/python3.10/site-packages/airflow/example_dags/example_dataset_alias_with_no_taskflow.py took 0.279 seconds
[2024-10-08T14:55:50.497+0900] {processor.py:186} INFO - Started process (PID=22607) to work on /Users/alookso/1007MLpj/myenv/lib/python3.10/site-packages/airflow/example_dags/example_dataset_alias_with_no_taskflow.py
[2024-10-08T14:55:50.497+0900] {processor.py:914} INFO - Processing file /Users/alookso/1007MLpj/myenv/lib/python3.10/site-packages/airflow/example_dags/example_dataset_alias_with_no_taskflow.py for tasks to queue
[2024-10-08T14:55:50.498+0900] {logging_mixin.py:190} INFO - [2024-10-08T14:55:50.498+0900] {dagbag.py:588} INFO - Filling up the DagBag from /Users/alookso/1007MLpj/myenv/lib/python3.10/site-packages/airflow/example_dags/example_dataset_alias_with_no_taskflow.py
[2024-10-08T14:55:50.700+0900] {processor.py:925} INFO - DAG(s) 'dataset_s3_bucket_consumer_with_no_taskflow', 'dataset_s3_bucket_producer_with_no_taskflow', 'dataset_alias_example_alias_producer_with_no_taskflow', 'dataset_alias_example_alias_consumer_with_no_taskflow' retrieved from /Users/alookso/1007MLpj/myenv/lib/python3.10/site-packages/airflow/example_dags/example_dataset_alias_with_no_taskflow.py
[2024-10-08T14:55:50.731+0900] {logging_mixin.py:190} INFO - [2024-10-08T14:55:50.731+0900] {dag.py:3239} INFO - Sync 4 DAGs
[2024-10-08T14:55:50.755+0900] {logging_mixin.py:190} INFO - [2024-10-08T14:55:50.754+0900] {dag.py:4180} INFO - Setting next_dagrun for dataset_alias_example_alias_consumer_with_no_taskflow to None, run_after=None
[2024-10-08T14:55:50.757+0900] {logging_mixin.py:190} INFO - [2024-10-08T14:55:50.757+0900] {dag.py:4180} INFO - Setting next_dagrun for dataset_alias_example_alias_producer_with_no_taskflow to None, run_after=None
[2024-10-08T14:55:50.758+0900] {logging_mixin.py:190} INFO - [2024-10-08T14:55:50.758+0900] {dag.py:4180} INFO - Setting next_dagrun for dataset_s3_bucket_consumer_with_no_taskflow to None, run_after=None
[2024-10-08T14:55:50.759+0900] {logging_mixin.py:190} INFO - [2024-10-08T14:55:50.759+0900] {dag.py:4180} INFO - Setting next_dagrun for dataset_s3_bucket_producer_with_no_taskflow to None, run_after=None
[2024-10-08T14:55:50.782+0900] {processor.py:208} INFO - Processing /Users/alookso/1007MLpj/myenv/lib/python3.10/site-packages/airflow/example_dags/example_dataset_alias_with_no_taskflow.py took 0.290 seconds
[2024-10-08T15:02:09.546+0900] {processor.py:186} INFO - Started process (PID=22810) to work on /Users/alookso/1007MLpj/myenv/lib/python3.10/site-packages/airflow/example_dags/example_dataset_alias_with_no_taskflow.py
[2024-10-08T15:02:09.547+0900] {processor.py:914} INFO - Processing file /Users/alookso/1007MLpj/myenv/lib/python3.10/site-packages/airflow/example_dags/example_dataset_alias_with_no_taskflow.py for tasks to queue
[2024-10-08T15:02:09.548+0900] {logging_mixin.py:190} INFO - [2024-10-08T15:02:09.548+0900] {dagbag.py:588} INFO - Filling up the DagBag from /Users/alookso/1007MLpj/myenv/lib/python3.10/site-packages/airflow/example_dags/example_dataset_alias_with_no_taskflow.py
[2024-10-08T15:02:09.760+0900] {processor.py:925} INFO - DAG(s) 'dataset_alias_example_alias_consumer_with_no_taskflow', 'dataset_alias_example_alias_producer_with_no_taskflow', 'dataset_s3_bucket_producer_with_no_taskflow', 'dataset_s3_bucket_consumer_with_no_taskflow' retrieved from /Users/alookso/1007MLpj/myenv/lib/python3.10/site-packages/airflow/example_dags/example_dataset_alias_with_no_taskflow.py
[2024-10-08T15:02:09.790+0900] {logging_mixin.py:190} INFO - [2024-10-08T15:02:09.790+0900] {dag.py:3239} INFO - Sync 4 DAGs
[2024-10-08T15:02:09.814+0900] {logging_mixin.py:190} INFO - [2024-10-08T15:02:09.814+0900] {dag.py:4180} INFO - Setting next_dagrun for dataset_alias_example_alias_consumer_with_no_taskflow to None, run_after=None
[2024-10-08T15:02:09.817+0900] {logging_mixin.py:190} INFO - [2024-10-08T15:02:09.817+0900] {dag.py:4180} INFO - Setting next_dagrun for dataset_alias_example_alias_producer_with_no_taskflow to None, run_after=None
[2024-10-08T15:02:09.818+0900] {logging_mixin.py:190} INFO - [2024-10-08T15:02:09.818+0900] {dag.py:4180} INFO - Setting next_dagrun for dataset_s3_bucket_consumer_with_no_taskflow to None, run_after=None
[2024-10-08T15:02:09.819+0900] {logging_mixin.py:190} INFO - [2024-10-08T15:02:09.819+0900] {dag.py:4180} INFO - Setting next_dagrun for dataset_s3_bucket_producer_with_no_taskflow to None, run_after=None
[2024-10-08T15:02:09.847+0900] {processor.py:208} INFO - Processing /Users/alookso/1007MLpj/myenv/lib/python3.10/site-packages/airflow/example_dags/example_dataset_alias_with_no_taskflow.py took 0.308 seconds
[2024-10-08T15:08:20.547+0900] {processor.py:186} INFO - Started process (PID=23013) to work on /Users/alookso/1007MLpj/myenv/lib/python3.10/site-packages/airflow/example_dags/example_dataset_alias_with_no_taskflow.py
[2024-10-08T15:08:20.548+0900] {processor.py:914} INFO - Processing file /Users/alookso/1007MLpj/myenv/lib/python3.10/site-packages/airflow/example_dags/example_dataset_alias_with_no_taskflow.py for tasks to queue
[2024-10-08T15:08:20.549+0900] {logging_mixin.py:190} INFO - [2024-10-08T15:08:20.549+0900] {dagbag.py:588} INFO - Filling up the DagBag from /Users/alookso/1007MLpj/myenv/lib/python3.10/site-packages/airflow/example_dags/example_dataset_alias_with_no_taskflow.py
[2024-10-08T15:08:20.743+0900] {processor.py:925} INFO - DAG(s) 'dataset_alias_example_alias_producer_with_no_taskflow', 'dataset_s3_bucket_consumer_with_no_taskflow', 'dataset_s3_bucket_producer_with_no_taskflow', 'dataset_alias_example_alias_consumer_with_no_taskflow' retrieved from /Users/alookso/1007MLpj/myenv/lib/python3.10/site-packages/airflow/example_dags/example_dataset_alias_with_no_taskflow.py
[2024-10-08T15:08:20.771+0900] {logging_mixin.py:190} INFO - [2024-10-08T15:08:20.771+0900] {dag.py:3239} INFO - Sync 4 DAGs
[2024-10-08T15:08:20.794+0900] {logging_mixin.py:190} INFO - [2024-10-08T15:08:20.794+0900] {dag.py:4180} INFO - Setting next_dagrun for dataset_alias_example_alias_consumer_with_no_taskflow to None, run_after=None
[2024-10-08T15:08:20.796+0900] {logging_mixin.py:190} INFO - [2024-10-08T15:08:20.796+0900] {dag.py:4180} INFO - Setting next_dagrun for dataset_alias_example_alias_producer_with_no_taskflow to None, run_after=None
[2024-10-08T15:08:20.798+0900] {logging_mixin.py:190} INFO - [2024-10-08T15:08:20.797+0900] {dag.py:4180} INFO - Setting next_dagrun for dataset_s3_bucket_consumer_with_no_taskflow to None, run_after=None
[2024-10-08T15:08:20.799+0900] {logging_mixin.py:190} INFO - [2024-10-08T15:08:20.799+0900] {dag.py:4180} INFO - Setting next_dagrun for dataset_s3_bucket_producer_with_no_taskflow to None, run_after=None
[2024-10-08T15:08:20.822+0900] {processor.py:208} INFO - Processing /Users/alookso/1007MLpj/myenv/lib/python3.10/site-packages/airflow/example_dags/example_dataset_alias_with_no_taskflow.py took 0.280 seconds
[2024-10-08T15:14:18.934+0900] {processor.py:186} INFO - Started process (PID=23193) to work on /Users/alookso/1007MLpj/myenv/lib/python3.10/site-packages/airflow/example_dags/example_dataset_alias_with_no_taskflow.py
[2024-10-08T15:14:18.935+0900] {processor.py:914} INFO - Processing file /Users/alookso/1007MLpj/myenv/lib/python3.10/site-packages/airflow/example_dags/example_dataset_alias_with_no_taskflow.py for tasks to queue
[2024-10-08T15:14:18.936+0900] {logging_mixin.py:190} INFO - [2024-10-08T15:14:18.936+0900] {dagbag.py:588} INFO - Filling up the DagBag from /Users/alookso/1007MLpj/myenv/lib/python3.10/site-packages/airflow/example_dags/example_dataset_alias_with_no_taskflow.py
[2024-10-08T15:14:19.127+0900] {processor.py:925} INFO - DAG(s) 'dataset_s3_bucket_consumer_with_no_taskflow', 'dataset_alias_example_alias_producer_with_no_taskflow', 'dataset_alias_example_alias_consumer_with_no_taskflow', 'dataset_s3_bucket_producer_with_no_taskflow' retrieved from /Users/alookso/1007MLpj/myenv/lib/python3.10/site-packages/airflow/example_dags/example_dataset_alias_with_no_taskflow.py
[2024-10-08T15:14:19.154+0900] {logging_mixin.py:190} INFO - [2024-10-08T15:14:19.154+0900] {dag.py:3239} INFO - Sync 4 DAGs
[2024-10-08T15:14:19.178+0900] {logging_mixin.py:190} INFO - [2024-10-08T15:14:19.177+0900] {dag.py:4180} INFO - Setting next_dagrun for dataset_alias_example_alias_consumer_with_no_taskflow to None, run_after=None
[2024-10-08T15:14:19.180+0900] {logging_mixin.py:190} INFO - [2024-10-08T15:14:19.180+0900] {dag.py:4180} INFO - Setting next_dagrun for dataset_alias_example_alias_producer_with_no_taskflow to None, run_after=None
[2024-10-08T15:14:19.181+0900] {logging_mixin.py:190} INFO - [2024-10-08T15:14:19.181+0900] {dag.py:4180} INFO - Setting next_dagrun for dataset_s3_bucket_consumer_with_no_taskflow to None, run_after=None
[2024-10-08T15:14:19.182+0900] {logging_mixin.py:190} INFO - [2024-10-08T15:14:19.182+0900] {dag.py:4180} INFO - Setting next_dagrun for dataset_s3_bucket_producer_with_no_taskflow to None, run_after=None
[2024-10-08T15:14:19.206+0900] {processor.py:208} INFO - Processing /Users/alookso/1007MLpj/myenv/lib/python3.10/site-packages/airflow/example_dags/example_dataset_alias_with_no_taskflow.py took 0.276 seconds
[2024-10-08T15:20:33.440+0900] {processor.py:186} INFO - Started process (PID=23381) to work on /Users/alookso/1007MLpj/myenv/lib/python3.10/site-packages/airflow/example_dags/example_dataset_alias_with_no_taskflow.py
[2024-10-08T15:20:33.441+0900] {processor.py:914} INFO - Processing file /Users/alookso/1007MLpj/myenv/lib/python3.10/site-packages/airflow/example_dags/example_dataset_alias_with_no_taskflow.py for tasks to queue
[2024-10-08T15:20:33.442+0900] {logging_mixin.py:190} INFO - [2024-10-08T15:20:33.441+0900] {dagbag.py:588} INFO - Filling up the DagBag from /Users/alookso/1007MLpj/myenv/lib/python3.10/site-packages/airflow/example_dags/example_dataset_alias_with_no_taskflow.py
[2024-10-08T15:20:33.627+0900] {processor.py:925} INFO - DAG(s) 'dataset_s3_bucket_producer_with_no_taskflow', 'dataset_s3_bucket_consumer_with_no_taskflow', 'dataset_alias_example_alias_consumer_with_no_taskflow', 'dataset_alias_example_alias_producer_with_no_taskflow' retrieved from /Users/alookso/1007MLpj/myenv/lib/python3.10/site-packages/airflow/example_dags/example_dataset_alias_with_no_taskflow.py
[2024-10-08T15:20:33.655+0900] {logging_mixin.py:190} INFO - [2024-10-08T15:20:33.655+0900] {dag.py:3239} INFO - Sync 4 DAGs
[2024-10-08T15:20:33.677+0900] {logging_mixin.py:190} INFO - [2024-10-08T15:20:33.677+0900] {dag.py:4180} INFO - Setting next_dagrun for dataset_alias_example_alias_consumer_with_no_taskflow to None, run_after=None
[2024-10-08T15:20:33.679+0900] {logging_mixin.py:190} INFO - [2024-10-08T15:20:33.679+0900] {dag.py:4180} INFO - Setting next_dagrun for dataset_alias_example_alias_producer_with_no_taskflow to None, run_after=None
[2024-10-08T15:20:33.680+0900] {logging_mixin.py:190} INFO - [2024-10-08T15:20:33.680+0900] {dag.py:4180} INFO - Setting next_dagrun for dataset_s3_bucket_consumer_with_no_taskflow to None, run_after=None
[2024-10-08T15:20:33.681+0900] {logging_mixin.py:190} INFO - [2024-10-08T15:20:33.681+0900] {dag.py:4180} INFO - Setting next_dagrun for dataset_s3_bucket_producer_with_no_taskflow to None, run_after=None
[2024-10-08T15:20:33.703+0900] {processor.py:208} INFO - Processing /Users/alookso/1007MLpj/myenv/lib/python3.10/site-packages/airflow/example_dags/example_dataset_alias_with_no_taskflow.py took 0.268 seconds
[2024-10-08T15:26:41.306+0900] {processor.py:186} INFO - Started process (PID=23559) to work on /Users/alookso/1007MLpj/myenv/lib/python3.10/site-packages/airflow/example_dags/example_dataset_alias_with_no_taskflow.py
[2024-10-08T15:26:41.307+0900] {processor.py:914} INFO - Processing file /Users/alookso/1007MLpj/myenv/lib/python3.10/site-packages/airflow/example_dags/example_dataset_alias_with_no_taskflow.py for tasks to queue
[2024-10-08T15:26:41.308+0900] {logging_mixin.py:190} INFO - [2024-10-08T15:26:41.307+0900] {dagbag.py:588} INFO - Filling up the DagBag from /Users/alookso/1007MLpj/myenv/lib/python3.10/site-packages/airflow/example_dags/example_dataset_alias_with_no_taskflow.py
[2024-10-08T15:26:41.492+0900] {processor.py:925} INFO - DAG(s) 'dataset_alias_example_alias_producer_with_no_taskflow', 'dataset_alias_example_alias_consumer_with_no_taskflow', 'dataset_s3_bucket_producer_with_no_taskflow', 'dataset_s3_bucket_consumer_with_no_taskflow' retrieved from /Users/alookso/1007MLpj/myenv/lib/python3.10/site-packages/airflow/example_dags/example_dataset_alias_with_no_taskflow.py
[2024-10-08T15:26:41.518+0900] {logging_mixin.py:190} INFO - [2024-10-08T15:26:41.517+0900] {dag.py:3239} INFO - Sync 4 DAGs
[2024-10-08T15:26:41.539+0900] {logging_mixin.py:190} INFO - [2024-10-08T15:26:41.539+0900] {dag.py:4180} INFO - Setting next_dagrun for dataset_alias_example_alias_consumer_with_no_taskflow to None, run_after=None
[2024-10-08T15:26:41.541+0900] {logging_mixin.py:190} INFO - [2024-10-08T15:26:41.541+0900] {dag.py:4180} INFO - Setting next_dagrun for dataset_alias_example_alias_producer_with_no_taskflow to None, run_after=None
[2024-10-08T15:26:41.542+0900] {logging_mixin.py:190} INFO - [2024-10-08T15:26:41.542+0900] {dag.py:4180} INFO - Setting next_dagrun for dataset_s3_bucket_consumer_with_no_taskflow to None, run_after=None
[2024-10-08T15:26:41.543+0900] {logging_mixin.py:190} INFO - [2024-10-08T15:26:41.543+0900] {dag.py:4180} INFO - Setting next_dagrun for dataset_s3_bucket_producer_with_no_taskflow to None, run_after=None
[2024-10-08T15:26:41.565+0900] {processor.py:208} INFO - Processing /Users/alookso/1007MLpj/myenv/lib/python3.10/site-packages/airflow/example_dags/example_dataset_alias_with_no_taskflow.py took 0.264 seconds
[2024-10-08T15:32:44.446+0900] {processor.py:186} INFO - Started process (PID=23783) to work on /Users/alookso/1007MLpj/myenv/lib/python3.10/site-packages/airflow/example_dags/example_dataset_alias_with_no_taskflow.py
[2024-10-08T15:32:44.447+0900] {processor.py:914} INFO - Processing file /Users/alookso/1007MLpj/myenv/lib/python3.10/site-packages/airflow/example_dags/example_dataset_alias_with_no_taskflow.py for tasks to queue
[2024-10-08T15:32:44.448+0900] {logging_mixin.py:190} INFO - [2024-10-08T15:32:44.448+0900] {dagbag.py:588} INFO - Filling up the DagBag from /Users/alookso/1007MLpj/myenv/lib/python3.10/site-packages/airflow/example_dags/example_dataset_alias_with_no_taskflow.py
[2024-10-08T15:32:44.632+0900] {processor.py:925} INFO - DAG(s) 'dataset_s3_bucket_consumer_with_no_taskflow', 'dataset_alias_example_alias_consumer_with_no_taskflow', 'dataset_alias_example_alias_producer_with_no_taskflow', 'dataset_s3_bucket_producer_with_no_taskflow' retrieved from /Users/alookso/1007MLpj/myenv/lib/python3.10/site-packages/airflow/example_dags/example_dataset_alias_with_no_taskflow.py
[2024-10-08T15:32:44.658+0900] {logging_mixin.py:190} INFO - [2024-10-08T15:32:44.658+0900] {dag.py:3239} INFO - Sync 4 DAGs
[2024-10-08T15:32:44.681+0900] {logging_mixin.py:190} INFO - [2024-10-08T15:32:44.680+0900] {dag.py:4180} INFO - Setting next_dagrun for dataset_alias_example_alias_consumer_with_no_taskflow to None, run_after=None
[2024-10-08T15:32:44.683+0900] {logging_mixin.py:190} INFO - [2024-10-08T15:32:44.683+0900] {dag.py:4180} INFO - Setting next_dagrun for dataset_alias_example_alias_producer_with_no_taskflow to None, run_after=None
[2024-10-08T15:32:44.684+0900] {logging_mixin.py:190} INFO - [2024-10-08T15:32:44.684+0900] {dag.py:4180} INFO - Setting next_dagrun for dataset_s3_bucket_consumer_with_no_taskflow to None, run_after=None
[2024-10-08T15:32:44.685+0900] {logging_mixin.py:190} INFO - [2024-10-08T15:32:44.685+0900] {dag.py:4180} INFO - Setting next_dagrun for dataset_s3_bucket_producer_with_no_taskflow to None, run_after=None
[2024-10-08T15:32:44.708+0900] {processor.py:208} INFO - Processing /Users/alookso/1007MLpj/myenv/lib/python3.10/site-packages/airflow/example_dags/example_dataset_alias_with_no_taskflow.py took 0.267 seconds
[2024-10-08T16:38:11.907+0900] {processor.py:186} INFO - Started process (PID=25073) to work on /Users/alookso/1007MLpj/myenv/lib/python3.10/site-packages/airflow/example_dags/example_dataset_alias_with_no_taskflow.py
[2024-10-08T16:38:11.927+0900] {processor.py:914} INFO - Processing file /Users/alookso/1007MLpj/myenv/lib/python3.10/site-packages/airflow/example_dags/example_dataset_alias_with_no_taskflow.py for tasks to queue
[2024-10-08T16:38:11.928+0900] {logging_mixin.py:190} INFO - [2024-10-08T16:38:11.928+0900] {dagbag.py:588} INFO - Filling up the DagBag from /Users/alookso/1007MLpj/myenv/lib/python3.10/site-packages/airflow/example_dags/example_dataset_alias_with_no_taskflow.py
[2024-10-08T16:38:12.115+0900] {processor.py:925} INFO - DAG(s) 'dataset_alias_example_alias_producer_with_no_taskflow', 'dataset_s3_bucket_producer_with_no_taskflow', 'dataset_s3_bucket_consumer_with_no_taskflow', 'dataset_alias_example_alias_consumer_with_no_taskflow' retrieved from /Users/alookso/1007MLpj/myenv/lib/python3.10/site-packages/airflow/example_dags/example_dataset_alias_with_no_taskflow.py
[2024-10-08T16:38:12.141+0900] {logging_mixin.py:190} INFO - [2024-10-08T16:38:12.140+0900] {dag.py:3239} INFO - Sync 4 DAGs
[2024-10-08T16:38:12.162+0900] {logging_mixin.py:190} INFO - [2024-10-08T16:38:12.162+0900] {dag.py:4180} INFO - Setting next_dagrun for dataset_alias_example_alias_consumer_with_no_taskflow to None, run_after=None
[2024-10-08T16:38:12.164+0900] {logging_mixin.py:190} INFO - [2024-10-08T16:38:12.164+0900] {dag.py:4180} INFO - Setting next_dagrun for dataset_alias_example_alias_producer_with_no_taskflow to None, run_after=None
[2024-10-08T16:38:12.165+0900] {logging_mixin.py:190} INFO - [2024-10-08T16:38:12.165+0900] {dag.py:4180} INFO - Setting next_dagrun for dataset_s3_bucket_consumer_with_no_taskflow to None, run_after=None
[2024-10-08T16:38:12.166+0900] {logging_mixin.py:190} INFO - [2024-10-08T16:38:12.166+0900] {dag.py:4180} INFO - Setting next_dagrun for dataset_s3_bucket_producer_with_no_taskflow to None, run_after=None
[2024-10-08T16:38:12.188+0900] {processor.py:208} INFO - Processing /Users/alookso/1007MLpj/myenv/lib/python3.10/site-packages/airflow/example_dags/example_dataset_alias_with_no_taskflow.py took 0.286 seconds
[2024-10-08T17:29:49.376+0900] {processor.py:186} INFO - Started process (PID=26455) to work on /Users/alookso/1007MLpj/myenv/lib/python3.10/site-packages/airflow/example_dags/example_dataset_alias_with_no_taskflow.py
[2024-10-08T17:29:49.377+0900] {processor.py:914} INFO - Processing file /Users/alookso/1007MLpj/myenv/lib/python3.10/site-packages/airflow/example_dags/example_dataset_alias_with_no_taskflow.py for tasks to queue
[2024-10-08T17:29:49.378+0900] {logging_mixin.py:190} INFO - [2024-10-08T17:29:49.378+0900] {dagbag.py:588} INFO - Filling up the DagBag from /Users/alookso/1007MLpj/myenv/lib/python3.10/site-packages/airflow/example_dags/example_dataset_alias_with_no_taskflow.py
[2024-10-08T17:29:49.567+0900] {processor.py:925} INFO - DAG(s) 'dataset_alias_example_alias_consumer_with_no_taskflow', 'dataset_alias_example_alias_producer_with_no_taskflow', 'dataset_s3_bucket_consumer_with_no_taskflow', 'dataset_s3_bucket_producer_with_no_taskflow' retrieved from /Users/alookso/1007MLpj/myenv/lib/python3.10/site-packages/airflow/example_dags/example_dataset_alias_with_no_taskflow.py
[2024-10-08T17:29:49.597+0900] {logging_mixin.py:190} INFO - [2024-10-08T17:29:49.596+0900] {dag.py:3239} INFO - Sync 4 DAGs
[2024-10-08T17:29:49.620+0900] {logging_mixin.py:190} INFO - [2024-10-08T17:29:49.620+0900] {dag.py:4180} INFO - Setting next_dagrun for dataset_alias_example_alias_consumer_with_no_taskflow to None, run_after=None
[2024-10-08T17:29:49.624+0900] {logging_mixin.py:190} INFO - [2024-10-08T17:29:49.624+0900] {dag.py:4180} INFO - Setting next_dagrun for dataset_alias_example_alias_producer_with_no_taskflow to None, run_after=None
[2024-10-08T17:29:49.625+0900] {logging_mixin.py:190} INFO - [2024-10-08T17:29:49.625+0900] {dag.py:4180} INFO - Setting next_dagrun for dataset_s3_bucket_consumer_with_no_taskflow to None, run_after=None
[2024-10-08T17:29:49.626+0900] {logging_mixin.py:190} INFO - [2024-10-08T17:29:49.626+0900] {dag.py:4180} INFO - Setting next_dagrun for dataset_s3_bucket_producer_with_no_taskflow to None, run_after=None
[2024-10-08T17:29:49.651+0900] {processor.py:208} INFO - Processing /Users/alookso/1007MLpj/myenv/lib/python3.10/site-packages/airflow/example_dags/example_dataset_alias_with_no_taskflow.py took 0.279 seconds
[2024-10-08T17:56:55.000+0900] {processor.py:186} INFO - Started process (PID=27366) to work on /Users/alookso/1007MLpj/myenv/lib/python3.10/site-packages/airflow/example_dags/example_dataset_alias_with_no_taskflow.py
[2024-10-08T17:56:55.001+0900] {processor.py:914} INFO - Processing file /Users/alookso/1007MLpj/myenv/lib/python3.10/site-packages/airflow/example_dags/example_dataset_alias_with_no_taskflow.py for tasks to queue
[2024-10-08T17:56:55.002+0900] {logging_mixin.py:190} INFO - [2024-10-08T17:56:55.002+0900] {dagbag.py:588} INFO - Filling up the DagBag from /Users/alookso/1007MLpj/myenv/lib/python3.10/site-packages/airflow/example_dags/example_dataset_alias_with_no_taskflow.py
[2024-10-08T17:56:55.188+0900] {processor.py:925} INFO - DAG(s) 'dataset_alias_example_alias_consumer_with_no_taskflow', 'dataset_s3_bucket_consumer_with_no_taskflow', 'dataset_alias_example_alias_producer_with_no_taskflow', 'dataset_s3_bucket_producer_with_no_taskflow' retrieved from /Users/alookso/1007MLpj/myenv/lib/python3.10/site-packages/airflow/example_dags/example_dataset_alias_with_no_taskflow.py
[2024-10-08T17:56:55.214+0900] {logging_mixin.py:190} INFO - [2024-10-08T17:56:55.213+0900] {dag.py:3239} INFO - Sync 4 DAGs
[2024-10-08T17:56:55.235+0900] {logging_mixin.py:190} INFO - [2024-10-08T17:56:55.235+0900] {dag.py:4180} INFO - Setting next_dagrun for dataset_alias_example_alias_consumer_with_no_taskflow to None, run_after=None
[2024-10-08T17:56:55.237+0900] {logging_mixin.py:190} INFO - [2024-10-08T17:56:55.237+0900] {dag.py:4180} INFO - Setting next_dagrun for dataset_alias_example_alias_producer_with_no_taskflow to None, run_after=None
[2024-10-08T17:56:55.238+0900] {logging_mixin.py:190} INFO - [2024-10-08T17:56:55.238+0900] {dag.py:4180} INFO - Setting next_dagrun for dataset_s3_bucket_consumer_with_no_taskflow to None, run_after=None
[2024-10-08T17:56:55.239+0900] {logging_mixin.py:190} INFO - [2024-10-08T17:56:55.239+0900] {dag.py:4180} INFO - Setting next_dagrun for dataset_s3_bucket_producer_with_no_taskflow to None, run_after=None
[2024-10-08T17:56:55.261+0900] {processor.py:208} INFO - Processing /Users/alookso/1007MLpj/myenv/lib/python3.10/site-packages/airflow/example_dags/example_dataset_alias_with_no_taskflow.py took 0.265 seconds
[2024-10-08T18:01:44.381+0900] {processor.py:186} INFO - Started process (PID=27579) to work on /Users/alookso/1007MLpj/myenv/lib/python3.10/site-packages/airflow/example_dags/example_dataset_alias_with_no_taskflow.py
[2024-10-08T18:01:44.382+0900] {processor.py:914} INFO - Processing file /Users/alookso/1007MLpj/myenv/lib/python3.10/site-packages/airflow/example_dags/example_dataset_alias_with_no_taskflow.py for tasks to queue
[2024-10-08T18:01:44.383+0900] {logging_mixin.py:190} INFO - [2024-10-08T18:01:44.383+0900] {dagbag.py:588} INFO - Filling up the DagBag from /Users/alookso/1007MLpj/myenv/lib/python3.10/site-packages/airflow/example_dags/example_dataset_alias_with_no_taskflow.py
[2024-10-08T18:01:44.571+0900] {processor.py:925} INFO - DAG(s) 'dataset_s3_bucket_consumer_with_no_taskflow', 'dataset_alias_example_alias_consumer_with_no_taskflow', 'dataset_s3_bucket_producer_with_no_taskflow', 'dataset_alias_example_alias_producer_with_no_taskflow' retrieved from /Users/alookso/1007MLpj/myenv/lib/python3.10/site-packages/airflow/example_dags/example_dataset_alias_with_no_taskflow.py
[2024-10-08T18:01:44.598+0900] {logging_mixin.py:190} INFO - [2024-10-08T18:01:44.598+0900] {dag.py:3239} INFO - Sync 4 DAGs
[2024-10-08T18:01:44.620+0900] {logging_mixin.py:190} INFO - [2024-10-08T18:01:44.620+0900] {dag.py:4180} INFO - Setting next_dagrun for dataset_alias_example_alias_consumer_with_no_taskflow to None, run_after=None
[2024-10-08T18:01:44.622+0900] {logging_mixin.py:190} INFO - [2024-10-08T18:01:44.622+0900] {dag.py:4180} INFO - Setting next_dagrun for dataset_alias_example_alias_producer_with_no_taskflow to None, run_after=None
[2024-10-08T18:01:44.624+0900] {logging_mixin.py:190} INFO - [2024-10-08T18:01:44.623+0900] {dag.py:4180} INFO - Setting next_dagrun for dataset_s3_bucket_consumer_with_no_taskflow to None, run_after=None
[2024-10-08T18:01:44.625+0900] {logging_mixin.py:190} INFO - [2024-10-08T18:01:44.625+0900] {dag.py:4180} INFO - Setting next_dagrun for dataset_s3_bucket_producer_with_no_taskflow to None, run_after=None
[2024-10-08T18:01:44.649+0900] {processor.py:208} INFO - Processing /Users/alookso/1007MLpj/myenv/lib/python3.10/site-packages/airflow/example_dags/example_dataset_alias_with_no_taskflow.py took 0.272 seconds
[2024-10-08T18:07:51.993+0900] {processor.py:186} INFO - Started process (PID=27798) to work on /Users/alookso/1007MLpj/myenv/lib/python3.10/site-packages/airflow/example_dags/example_dataset_alias_with_no_taskflow.py
[2024-10-08T18:07:51.993+0900] {processor.py:914} INFO - Processing file /Users/alookso/1007MLpj/myenv/lib/python3.10/site-packages/airflow/example_dags/example_dataset_alias_with_no_taskflow.py for tasks to queue
[2024-10-08T18:07:51.994+0900] {logging_mixin.py:190} INFO - [2024-10-08T18:07:51.994+0900] {dagbag.py:588} INFO - Filling up the DagBag from /Users/alookso/1007MLpj/myenv/lib/python3.10/site-packages/airflow/example_dags/example_dataset_alias_with_no_taskflow.py
[2024-10-08T18:07:52.183+0900] {processor.py:925} INFO - DAG(s) 'dataset_s3_bucket_consumer_with_no_taskflow', 'dataset_s3_bucket_producer_with_no_taskflow', 'dataset_alias_example_alias_producer_with_no_taskflow', 'dataset_alias_example_alias_consumer_with_no_taskflow' retrieved from /Users/alookso/1007MLpj/myenv/lib/python3.10/site-packages/airflow/example_dags/example_dataset_alias_with_no_taskflow.py
[2024-10-08T18:07:52.211+0900] {logging_mixin.py:190} INFO - [2024-10-08T18:07:52.211+0900] {dag.py:3239} INFO - Sync 4 DAGs
[2024-10-08T18:07:52.235+0900] {logging_mixin.py:190} INFO - [2024-10-08T18:07:52.235+0900] {dag.py:4180} INFO - Setting next_dagrun for dataset_alias_example_alias_consumer_with_no_taskflow to None, run_after=None
[2024-10-08T18:07:52.237+0900] {logging_mixin.py:190} INFO - [2024-10-08T18:07:52.237+0900] {dag.py:4180} INFO - Setting next_dagrun for dataset_alias_example_alias_producer_with_no_taskflow to None, run_after=None
[2024-10-08T18:07:52.238+0900] {logging_mixin.py:190} INFO - [2024-10-08T18:07:52.238+0900] {dag.py:4180} INFO - Setting next_dagrun for dataset_s3_bucket_consumer_with_no_taskflow to None, run_after=None
[2024-10-08T18:07:52.239+0900] {logging_mixin.py:190} INFO - [2024-10-08T18:07:52.239+0900] {dag.py:4180} INFO - Setting next_dagrun for dataset_s3_bucket_producer_with_no_taskflow to None, run_after=None
[2024-10-08T18:07:52.263+0900] {processor.py:208} INFO - Processing /Users/alookso/1007MLpj/myenv/lib/python3.10/site-packages/airflow/example_dags/example_dataset_alias_with_no_taskflow.py took 0.274 seconds
[2024-10-08T18:11:32.597+0900] {processor.py:186} INFO - Started process (PID=27911) to work on /Users/alookso/1007MLpj/myenv/lib/python3.10/site-packages/airflow/example_dags/example_dataset_alias_with_no_taskflow.py
[2024-10-08T18:11:32.597+0900] {processor.py:914} INFO - Processing file /Users/alookso/1007MLpj/myenv/lib/python3.10/site-packages/airflow/example_dags/example_dataset_alias_with_no_taskflow.py for tasks to queue
[2024-10-08T18:11:32.598+0900] {logging_mixin.py:190} INFO - [2024-10-08T18:11:32.598+0900] {dagbag.py:588} INFO - Filling up the DagBag from /Users/alookso/1007MLpj/myenv/lib/python3.10/site-packages/airflow/example_dags/example_dataset_alias_with_no_taskflow.py
[2024-10-08T18:11:32.791+0900] {processor.py:925} INFO - DAG(s) 'dataset_s3_bucket_consumer_with_no_taskflow', 'dataset_alias_example_alias_producer_with_no_taskflow', 'dataset_alias_example_alias_consumer_with_no_taskflow', 'dataset_s3_bucket_producer_with_no_taskflow' retrieved from /Users/alookso/1007MLpj/myenv/lib/python3.10/site-packages/airflow/example_dags/example_dataset_alias_with_no_taskflow.py
[2024-10-08T18:11:32.819+0900] {logging_mixin.py:190} INFO - [2024-10-08T18:11:32.818+0900] {dag.py:3239} INFO - Sync 4 DAGs
[2024-10-08T18:11:32.841+0900] {logging_mixin.py:190} INFO - [2024-10-08T18:11:32.840+0900] {dag.py:4180} INFO - Setting next_dagrun for dataset_alias_example_alias_consumer_with_no_taskflow to None, run_after=None
[2024-10-08T18:11:32.843+0900] {logging_mixin.py:190} INFO - [2024-10-08T18:11:32.843+0900] {dag.py:4180} INFO - Setting next_dagrun for dataset_alias_example_alias_producer_with_no_taskflow to None, run_after=None
[2024-10-08T18:11:32.844+0900] {logging_mixin.py:190} INFO - [2024-10-08T18:11:32.844+0900] {dag.py:4180} INFO - Setting next_dagrun for dataset_s3_bucket_consumer_with_no_taskflow to None, run_after=None
[2024-10-08T18:11:32.845+0900] {logging_mixin.py:190} INFO - [2024-10-08T18:11:32.845+0900] {dag.py:4180} INFO - Setting next_dagrun for dataset_s3_bucket_producer_with_no_taskflow to None, run_after=None
[2024-10-08T18:11:32.869+0900] {processor.py:208} INFO - Processing /Users/alookso/1007MLpj/myenv/lib/python3.10/site-packages/airflow/example_dags/example_dataset_alias_with_no_taskflow.py took 0.278 seconds
[2024-10-08T18:17:52.531+0900] {processor.py:186} INFO - Started process (PID=28106) to work on /Users/alookso/1007MLpj/myenv/lib/python3.10/site-packages/airflow/example_dags/example_dataset_alias_with_no_taskflow.py
[2024-10-08T18:17:52.532+0900] {processor.py:914} INFO - Processing file /Users/alookso/1007MLpj/myenv/lib/python3.10/site-packages/airflow/example_dags/example_dataset_alias_with_no_taskflow.py for tasks to queue
[2024-10-08T18:17:52.533+0900] {logging_mixin.py:190} INFO - [2024-10-08T18:17:52.532+0900] {dagbag.py:588} INFO - Filling up the DagBag from /Users/alookso/1007MLpj/myenv/lib/python3.10/site-packages/airflow/example_dags/example_dataset_alias_with_no_taskflow.py
[2024-10-08T18:17:52.722+0900] {processor.py:925} INFO - DAG(s) 'dataset_s3_bucket_consumer_with_no_taskflow', 'dataset_alias_example_alias_consumer_with_no_taskflow', 'dataset_alias_example_alias_producer_with_no_taskflow', 'dataset_s3_bucket_producer_with_no_taskflow' retrieved from /Users/alookso/1007MLpj/myenv/lib/python3.10/site-packages/airflow/example_dags/example_dataset_alias_with_no_taskflow.py
[2024-10-08T18:17:52.752+0900] {logging_mixin.py:190} INFO - [2024-10-08T18:17:52.752+0900] {dag.py:3239} INFO - Sync 4 DAGs
[2024-10-08T18:17:52.779+0900] {logging_mixin.py:190} INFO - [2024-10-08T18:17:52.779+0900] {dag.py:4180} INFO - Setting next_dagrun for dataset_alias_example_alias_consumer_with_no_taskflow to None, run_after=None
[2024-10-08T18:17:52.782+0900] {logging_mixin.py:190} INFO - [2024-10-08T18:17:52.781+0900] {dag.py:4180} INFO - Setting next_dagrun for dataset_alias_example_alias_producer_with_no_taskflow to None, run_after=None
[2024-10-08T18:17:52.783+0900] {logging_mixin.py:190} INFO - [2024-10-08T18:17:52.782+0900] {dag.py:4180} INFO - Setting next_dagrun for dataset_s3_bucket_consumer_with_no_taskflow to None, run_after=None
[2024-10-08T18:17:52.784+0900] {logging_mixin.py:190} INFO - [2024-10-08T18:17:52.784+0900] {dag.py:4180} INFO - Setting next_dagrun for dataset_s3_bucket_producer_with_no_taskflow to None, run_after=None
[2024-10-08T18:17:52.811+0900] {processor.py:208} INFO - Processing /Users/alookso/1007MLpj/myenv/lib/python3.10/site-packages/airflow/example_dags/example_dataset_alias_with_no_taskflow.py took 0.285 seconds
[2024-10-08T18:48:20.241+0900] {processor.py:186} INFO - Started process (PID=29299) to work on /Users/alookso/1007MLpj/myenv/lib/python3.10/site-packages/airflow/example_dags/example_dataset_alias_with_no_taskflow.py
[2024-10-08T18:48:20.242+0900] {processor.py:914} INFO - Processing file /Users/alookso/1007MLpj/myenv/lib/python3.10/site-packages/airflow/example_dags/example_dataset_alias_with_no_taskflow.py for tasks to queue
[2024-10-08T18:48:20.243+0900] {logging_mixin.py:190} INFO - [2024-10-08T18:48:20.242+0900] {dagbag.py:588} INFO - Filling up the DagBag from /Users/alookso/1007MLpj/myenv/lib/python3.10/site-packages/airflow/example_dags/example_dataset_alias_with_no_taskflow.py
[2024-10-08T18:48:20.435+0900] {processor.py:925} INFO - DAG(s) 'dataset_s3_bucket_consumer_with_no_taskflow', 'dataset_alias_example_alias_producer_with_no_taskflow', 'dataset_alias_example_alias_consumer_with_no_taskflow', 'dataset_s3_bucket_producer_with_no_taskflow' retrieved from /Users/alookso/1007MLpj/myenv/lib/python3.10/site-packages/airflow/example_dags/example_dataset_alias_with_no_taskflow.py
[2024-10-08T18:48:20.462+0900] {logging_mixin.py:190} INFO - [2024-10-08T18:48:20.462+0900] {dag.py:3239} INFO - Sync 4 DAGs
[2024-10-08T18:48:20.485+0900] {logging_mixin.py:190} INFO - [2024-10-08T18:48:20.484+0900] {dag.py:4180} INFO - Setting next_dagrun for dataset_alias_example_alias_consumer_with_no_taskflow to None, run_after=None
[2024-10-08T18:48:20.487+0900] {logging_mixin.py:190} INFO - [2024-10-08T18:48:20.487+0900] {dag.py:4180} INFO - Setting next_dagrun for dataset_alias_example_alias_producer_with_no_taskflow to None, run_after=None
[2024-10-08T18:48:20.488+0900] {logging_mixin.py:190} INFO - [2024-10-08T18:48:20.488+0900] {dag.py:4180} INFO - Setting next_dagrun for dataset_s3_bucket_consumer_with_no_taskflow to None, run_after=None
[2024-10-08T18:48:20.489+0900] {logging_mixin.py:190} INFO - [2024-10-08T18:48:20.489+0900] {dag.py:4180} INFO - Setting next_dagrun for dataset_s3_bucket_producer_with_no_taskflow to None, run_after=None
[2024-10-08T18:48:20.512+0900] {processor.py:208} INFO - Processing /Users/alookso/1007MLpj/myenv/lib/python3.10/site-packages/airflow/example_dags/example_dataset_alias_with_no_taskflow.py took 0.276 seconds
