[2024-10-08T14:44:30.689+0900] {processor.py:186} INFO - Started process (PID=22263) to work on /Users/alookso/1007MLpj/myenv/lib/python3.10/site-packages/airflow/example_dags/example_setup_teardown_taskflow.py
[2024-10-08T14:44:30.690+0900] {processor.py:914} INFO - Processing file /Users/alookso/1007MLpj/myenv/lib/python3.10/site-packages/airflow/example_dags/example_setup_teardown_taskflow.py for tasks to queue
[2024-10-08T14:44:30.691+0900] {logging_mixin.py:190} INFO - [2024-10-08T14:44:30.691+0900] {dagbag.py:588} INFO - Filling up the DagBag from /Users/alookso/1007MLpj/myenv/lib/python3.10/site-packages/airflow/example_dags/example_setup_teardown_taskflow.py
[2024-10-08T14:44:30.736+0900] {processor.py:925} INFO - DAG(s) 'example_setup_teardown_taskflow' retrieved from /Users/alookso/1007MLpj/myenv/lib/python3.10/site-packages/airflow/example_dags/example_setup_teardown_taskflow.py
[2024-10-08T14:44:30.978+0900] {logging_mixin.py:190} INFO - [2024-10-08T14:44:30.978+0900] {override.py:1901} INFO - Created Permission View: can delete on DAG:example_setup_teardown_taskflow
[2024-10-08T14:44:30.989+0900] {logging_mixin.py:190} INFO - [2024-10-08T14:44:30.988+0900] {override.py:1901} INFO - Created Permission View: can read on DAG:example_setup_teardown_taskflow
[2024-10-08T14:44:30.996+0900] {logging_mixin.py:190} INFO - [2024-10-08T14:44:30.996+0900] {override.py:1901} INFO - Created Permission View: can edit on DAG:example_setup_teardown_taskflow
[2024-10-08T14:44:31.005+0900] {logging_mixin.py:190} INFO - [2024-10-08T14:44:31.005+0900] {override.py:1901} INFO - Created Permission View: can delete on DAG Run:example_setup_teardown_taskflow
[2024-10-08T14:44:31.013+0900] {logging_mixin.py:190} INFO - [2024-10-08T14:44:31.012+0900] {override.py:1901} INFO - Created Permission View: can create on DAG Run:example_setup_teardown_taskflow
[2024-10-08T14:44:31.020+0900] {logging_mixin.py:190} INFO - [2024-10-08T14:44:31.020+0900] {override.py:1901} INFO - Created Permission View: can read on DAG Run:example_setup_teardown_taskflow
[2024-10-08T14:44:31.027+0900] {logging_mixin.py:190} INFO - [2024-10-08T14:44:31.027+0900] {override.py:1901} INFO - Created Permission View: menu access on DAG Run:example_setup_teardown_taskflow
[2024-10-08T14:44:31.027+0900] {logging_mixin.py:190} INFO - [2024-10-08T14:44:31.027+0900] {dag.py:3239} INFO - Sync 1 DAGs
[2024-10-08T14:44:31.041+0900] {logging_mixin.py:190} INFO - [2024-10-08T14:44:31.041+0900] {dag.py:3262} INFO - Creating ORM DAG for example_setup_teardown_taskflow
[2024-10-08T14:44:31.042+0900] {logging_mixin.py:190} INFO - [2024-10-08T14:44:31.042+0900] {dag.py:4180} INFO - Setting next_dagrun for example_setup_teardown_taskflow to None, run_after=None
[2024-10-08T14:44:31.061+0900] {processor.py:208} INFO - Processing /Users/alookso/1007MLpj/myenv/lib/python3.10/site-packages/airflow/example_dags/example_setup_teardown_taskflow.py took 0.378 seconds
[2024-10-08T14:48:16.154+0900] {processor.py:186} INFO - Started process (PID=22355) to work on /Users/alookso/1007MLpj/myenv/lib/python3.10/site-packages/airflow/example_dags/example_setup_teardown_taskflow.py
[2024-10-08T14:48:16.155+0900] {processor.py:914} INFO - Processing file /Users/alookso/1007MLpj/myenv/lib/python3.10/site-packages/airflow/example_dags/example_setup_teardown_taskflow.py for tasks to queue
[2024-10-08T14:48:16.156+0900] {logging_mixin.py:190} INFO - [2024-10-08T14:48:16.156+0900] {dagbag.py:588} INFO - Filling up the DagBag from /Users/alookso/1007MLpj/myenv/lib/python3.10/site-packages/airflow/example_dags/example_setup_teardown_taskflow.py
[2024-10-08T14:48:16.203+0900] {processor.py:925} INFO - DAG(s) 'example_setup_teardown_taskflow' retrieved from /Users/alookso/1007MLpj/myenv/lib/python3.10/site-packages/airflow/example_dags/example_setup_teardown_taskflow.py
[2024-10-08T14:48:16.340+0900] {logging_mixin.py:190} INFO - [2024-10-08T14:48:16.340+0900] {dag.py:3239} INFO - Sync 1 DAGs
[2024-10-08T14:48:16.354+0900] {logging_mixin.py:190} INFO - [2024-10-08T14:48:16.353+0900] {dag.py:4180} INFO - Setting next_dagrun for example_setup_teardown_taskflow to None, run_after=None
[2024-10-08T14:48:16.374+0900] {processor.py:208} INFO - Processing /Users/alookso/1007MLpj/myenv/lib/python3.10/site-packages/airflow/example_dags/example_setup_teardown_taskflow.py took 0.225 seconds
[2024-10-08T14:51:23.383+0900] {processor.py:186} INFO - Started process (PID=22429) to work on /Users/alookso/1007MLpj/myenv/lib/python3.10/site-packages/airflow/example_dags/example_setup_teardown_taskflow.py
[2024-10-08T14:51:23.383+0900] {processor.py:914} INFO - Processing file /Users/alookso/1007MLpj/myenv/lib/python3.10/site-packages/airflow/example_dags/example_setup_teardown_taskflow.py for tasks to queue
[2024-10-08T14:51:23.384+0900] {logging_mixin.py:190} INFO - [2024-10-08T14:51:23.384+0900] {dagbag.py:588} INFO - Filling up the DagBag from /Users/alookso/1007MLpj/myenv/lib/python3.10/site-packages/airflow/example_dags/example_setup_teardown_taskflow.py
[2024-10-08T14:51:23.430+0900] {processor.py:925} INFO - DAG(s) 'example_setup_teardown_taskflow' retrieved from /Users/alookso/1007MLpj/myenv/lib/python3.10/site-packages/airflow/example_dags/example_setup_teardown_taskflow.py
[2024-10-08T14:51:23.565+0900] {logging_mixin.py:190} INFO - [2024-10-08T14:51:23.565+0900] {dag.py:3239} INFO - Sync 1 DAGs
[2024-10-08T14:51:23.578+0900] {logging_mixin.py:190} INFO - [2024-10-08T14:51:23.578+0900] {dag.py:4180} INFO - Setting next_dagrun for example_setup_teardown_taskflow to None, run_after=None
[2024-10-08T14:51:23.598+0900] {processor.py:208} INFO - Processing /Users/alookso/1007MLpj/myenv/lib/python3.10/site-packages/airflow/example_dags/example_setup_teardown_taskflow.py took 0.221 seconds
[2024-10-08T14:54:32.138+0900] {processor.py:186} INFO - Started process (PID=22557) to work on /Users/alookso/1007MLpj/myenv/lib/python3.10/site-packages/airflow/example_dags/example_setup_teardown_taskflow.py
[2024-10-08T14:54:32.139+0900] {processor.py:914} INFO - Processing file /Users/alookso/1007MLpj/myenv/lib/python3.10/site-packages/airflow/example_dags/example_setup_teardown_taskflow.py for tasks to queue
[2024-10-08T14:54:32.140+0900] {logging_mixin.py:190} INFO - [2024-10-08T14:54:32.139+0900] {dagbag.py:588} INFO - Filling up the DagBag from /Users/alookso/1007MLpj/myenv/lib/python3.10/site-packages/airflow/example_dags/example_setup_teardown_taskflow.py
[2024-10-08T14:54:32.184+0900] {processor.py:925} INFO - DAG(s) 'example_setup_teardown_taskflow' retrieved from /Users/alookso/1007MLpj/myenv/lib/python3.10/site-packages/airflow/example_dags/example_setup_teardown_taskflow.py
[2024-10-08T14:54:32.318+0900] {logging_mixin.py:190} INFO - [2024-10-08T14:54:32.317+0900] {dag.py:3239} INFO - Sync 1 DAGs
[2024-10-08T14:54:32.331+0900] {logging_mixin.py:190} INFO - [2024-10-08T14:54:32.331+0900] {dag.py:4180} INFO - Setting next_dagrun for example_setup_teardown_taskflow to None, run_after=None
[2024-10-08T14:54:32.350+0900] {processor.py:208} INFO - Processing /Users/alookso/1007MLpj/myenv/lib/python3.10/site-packages/airflow/example_dags/example_setup_teardown_taskflow.py took 0.217 seconds
[2024-10-08T14:57:38.399+0900] {processor.py:186} INFO - Started process (PID=22669) to work on /Users/alookso/1007MLpj/myenv/lib/python3.10/site-packages/airflow/example_dags/example_setup_teardown_taskflow.py
[2024-10-08T14:57:38.400+0900] {processor.py:914} INFO - Processing file /Users/alookso/1007MLpj/myenv/lib/python3.10/site-packages/airflow/example_dags/example_setup_teardown_taskflow.py for tasks to queue
[2024-10-08T14:57:38.401+0900] {logging_mixin.py:190} INFO - [2024-10-08T14:57:38.400+0900] {dagbag.py:588} INFO - Filling up the DagBag from /Users/alookso/1007MLpj/myenv/lib/python3.10/site-packages/airflow/example_dags/example_setup_teardown_taskflow.py
[2024-10-08T14:57:38.447+0900] {processor.py:925} INFO - DAG(s) 'example_setup_teardown_taskflow' retrieved from /Users/alookso/1007MLpj/myenv/lib/python3.10/site-packages/airflow/example_dags/example_setup_teardown_taskflow.py
[2024-10-08T14:57:38.586+0900] {logging_mixin.py:190} INFO - [2024-10-08T14:57:38.585+0900] {dag.py:3239} INFO - Sync 1 DAGs
[2024-10-08T14:57:38.599+0900] {logging_mixin.py:190} INFO - [2024-10-08T14:57:38.598+0900] {dag.py:4180} INFO - Setting next_dagrun for example_setup_teardown_taskflow to None, run_after=None
[2024-10-08T14:57:38.619+0900] {processor.py:208} INFO - Processing /Users/alookso/1007MLpj/myenv/lib/python3.10/site-packages/airflow/example_dags/example_setup_teardown_taskflow.py took 0.224 seconds
[2024-10-08T15:00:50.155+0900] {processor.py:186} INFO - Started process (PID=22779) to work on /Users/alookso/1007MLpj/myenv/lib/python3.10/site-packages/airflow/example_dags/example_setup_teardown_taskflow.py
[2024-10-08T15:00:50.156+0900] {processor.py:914} INFO - Processing file /Users/alookso/1007MLpj/myenv/lib/python3.10/site-packages/airflow/example_dags/example_setup_teardown_taskflow.py for tasks to queue
[2024-10-08T15:00:50.157+0900] {logging_mixin.py:190} INFO - [2024-10-08T15:00:50.157+0900] {dagbag.py:588} INFO - Filling up the DagBag from /Users/alookso/1007MLpj/myenv/lib/python3.10/site-packages/airflow/example_dags/example_setup_teardown_taskflow.py
[2024-10-08T15:00:50.204+0900] {processor.py:925} INFO - DAG(s) 'example_setup_teardown_taskflow' retrieved from /Users/alookso/1007MLpj/myenv/lib/python3.10/site-packages/airflow/example_dags/example_setup_teardown_taskflow.py
[2024-10-08T15:00:50.339+0900] {logging_mixin.py:190} INFO - [2024-10-08T15:00:50.339+0900] {dag.py:3239} INFO - Sync 1 DAGs
[2024-10-08T15:00:50.352+0900] {logging_mixin.py:190} INFO - [2024-10-08T15:00:50.352+0900] {dag.py:4180} INFO - Setting next_dagrun for example_setup_teardown_taskflow to None, run_after=None
[2024-10-08T15:00:50.373+0900] {processor.py:208} INFO - Processing /Users/alookso/1007MLpj/myenv/lib/python3.10/site-packages/airflow/example_dags/example_setup_teardown_taskflow.py took 0.223 seconds
[2024-10-08T15:03:57.761+0900] {processor.py:186} INFO - Started process (PID=22861) to work on /Users/alookso/1007MLpj/myenv/lib/python3.10/site-packages/airflow/example_dags/example_setup_teardown_taskflow.py
[2024-10-08T15:03:57.762+0900] {processor.py:914} INFO - Processing file /Users/alookso/1007MLpj/myenv/lib/python3.10/site-packages/airflow/example_dags/example_setup_teardown_taskflow.py for tasks to queue
[2024-10-08T15:03:57.763+0900] {logging_mixin.py:190} INFO - [2024-10-08T15:03:57.763+0900] {dagbag.py:588} INFO - Filling up the DagBag from /Users/alookso/1007MLpj/myenv/lib/python3.10/site-packages/airflow/example_dags/example_setup_teardown_taskflow.py
[2024-10-08T15:03:57.814+0900] {processor.py:925} INFO - DAG(s) 'example_setup_teardown_taskflow' retrieved from /Users/alookso/1007MLpj/myenv/lib/python3.10/site-packages/airflow/example_dags/example_setup_teardown_taskflow.py
[2024-10-08T15:03:58.062+0900] {logging_mixin.py:190} INFO - [2024-10-08T15:03:58.062+0900] {dag.py:3239} INFO - Sync 1 DAGs
[2024-10-08T15:03:58.076+0900] {logging_mixin.py:190} INFO - [2024-10-08T15:03:58.076+0900] {dag.py:4180} INFO - Setting next_dagrun for example_setup_teardown_taskflow to None, run_after=None
[2024-10-08T15:03:58.099+0900] {processor.py:208} INFO - Processing /Users/alookso/1007MLpj/myenv/lib/python3.10/site-packages/airflow/example_dags/example_setup_teardown_taskflow.py took 0.344 seconds
[2024-10-08T15:07:02.295+0900] {processor.py:186} INFO - Started process (PID=22959) to work on /Users/alookso/1007MLpj/myenv/lib/python3.10/site-packages/airflow/example_dags/example_setup_teardown_taskflow.py
[2024-10-08T15:07:02.296+0900] {processor.py:914} INFO - Processing file /Users/alookso/1007MLpj/myenv/lib/python3.10/site-packages/airflow/example_dags/example_setup_teardown_taskflow.py for tasks to queue
[2024-10-08T15:07:02.297+0900] {logging_mixin.py:190} INFO - [2024-10-08T15:07:02.297+0900] {dagbag.py:588} INFO - Filling up the DagBag from /Users/alookso/1007MLpj/myenv/lib/python3.10/site-packages/airflow/example_dags/example_setup_teardown_taskflow.py
[2024-10-08T15:07:02.344+0900] {processor.py:925} INFO - DAG(s) 'example_setup_teardown_taskflow' retrieved from /Users/alookso/1007MLpj/myenv/lib/python3.10/site-packages/airflow/example_dags/example_setup_teardown_taskflow.py
[2024-10-08T15:07:02.477+0900] {logging_mixin.py:190} INFO - [2024-10-08T15:07:02.477+0900] {dag.py:3239} INFO - Sync 1 DAGs
[2024-10-08T15:07:02.490+0900] {logging_mixin.py:190} INFO - [2024-10-08T15:07:02.490+0900] {dag.py:4180} INFO - Setting next_dagrun for example_setup_teardown_taskflow to None, run_after=None
[2024-10-08T15:07:02.510+0900] {processor.py:208} INFO - Processing /Users/alookso/1007MLpj/myenv/lib/python3.10/site-packages/airflow/example_dags/example_setup_teardown_taskflow.py took 0.218 seconds
[2024-10-08T15:10:07.363+0900] {processor.py:186} INFO - Started process (PID=23072) to work on /Users/alookso/1007MLpj/myenv/lib/python3.10/site-packages/airflow/example_dags/example_setup_teardown_taskflow.py
[2024-10-08T15:10:07.363+0900] {processor.py:914} INFO - Processing file /Users/alookso/1007MLpj/myenv/lib/python3.10/site-packages/airflow/example_dags/example_setup_teardown_taskflow.py for tasks to queue
[2024-10-08T15:10:07.364+0900] {logging_mixin.py:190} INFO - [2024-10-08T15:10:07.364+0900] {dagbag.py:588} INFO - Filling up the DagBag from /Users/alookso/1007MLpj/myenv/lib/python3.10/site-packages/airflow/example_dags/example_setup_teardown_taskflow.py
[2024-10-08T15:10:07.409+0900] {processor.py:925} INFO - DAG(s) 'example_setup_teardown_taskflow' retrieved from /Users/alookso/1007MLpj/myenv/lib/python3.10/site-packages/airflow/example_dags/example_setup_teardown_taskflow.py
[2024-10-08T15:10:07.542+0900] {logging_mixin.py:190} INFO - [2024-10-08T15:10:07.542+0900] {dag.py:3239} INFO - Sync 1 DAGs
[2024-10-08T15:10:07.555+0900] {logging_mixin.py:190} INFO - [2024-10-08T15:10:07.555+0900] {dag.py:4180} INFO - Setting next_dagrun for example_setup_teardown_taskflow to None, run_after=None
[2024-10-08T15:10:07.574+0900] {processor.py:208} INFO - Processing /Users/alookso/1007MLpj/myenv/lib/python3.10/site-packages/airflow/example_dags/example_setup_teardown_taskflow.py took 0.217 seconds
[2024-10-08T15:13:06.819+0900] {processor.py:186} INFO - Started process (PID=23161) to work on /Users/alookso/1007MLpj/myenv/lib/python3.10/site-packages/airflow/example_dags/example_setup_teardown_taskflow.py
[2024-10-08T15:13:06.820+0900] {processor.py:914} INFO - Processing file /Users/alookso/1007MLpj/myenv/lib/python3.10/site-packages/airflow/example_dags/example_setup_teardown_taskflow.py for tasks to queue
[2024-10-08T15:13:06.820+0900] {logging_mixin.py:190} INFO - [2024-10-08T15:13:06.820+0900] {dagbag.py:588} INFO - Filling up the DagBag from /Users/alookso/1007MLpj/myenv/lib/python3.10/site-packages/airflow/example_dags/example_setup_teardown_taskflow.py
[2024-10-08T15:13:06.864+0900] {processor.py:925} INFO - DAG(s) 'example_setup_teardown_taskflow' retrieved from /Users/alookso/1007MLpj/myenv/lib/python3.10/site-packages/airflow/example_dags/example_setup_teardown_taskflow.py
[2024-10-08T15:13:06.993+0900] {logging_mixin.py:190} INFO - [2024-10-08T15:13:06.992+0900] {dag.py:3239} INFO - Sync 1 DAGs
[2024-10-08T15:13:07.005+0900] {logging_mixin.py:190} INFO - [2024-10-08T15:13:07.005+0900] {dag.py:4180} INFO - Setting next_dagrun for example_setup_teardown_taskflow to None, run_after=None
[2024-10-08T15:13:07.024+0900] {processor.py:208} INFO - Processing /Users/alookso/1007MLpj/myenv/lib/python3.10/site-packages/airflow/example_dags/example_setup_teardown_taskflow.py took 0.210 seconds
[2024-10-08T15:16:05.245+0900] {processor.py:186} INFO - Started process (PID=23238) to work on /Users/alookso/1007MLpj/myenv/lib/python3.10/site-packages/airflow/example_dags/example_setup_teardown_taskflow.py
[2024-10-08T15:16:05.246+0900] {processor.py:914} INFO - Processing file /Users/alookso/1007MLpj/myenv/lib/python3.10/site-packages/airflow/example_dags/example_setup_teardown_taskflow.py for tasks to queue
[2024-10-08T15:16:05.247+0900] {logging_mixin.py:190} INFO - [2024-10-08T15:16:05.247+0900] {dagbag.py:588} INFO - Filling up the DagBag from /Users/alookso/1007MLpj/myenv/lib/python3.10/site-packages/airflow/example_dags/example_setup_teardown_taskflow.py
[2024-10-08T15:16:05.291+0900] {processor.py:925} INFO - DAG(s) 'example_setup_teardown_taskflow' retrieved from /Users/alookso/1007MLpj/myenv/lib/python3.10/site-packages/airflow/example_dags/example_setup_teardown_taskflow.py
[2024-10-08T15:16:05.422+0900] {logging_mixin.py:190} INFO - [2024-10-08T15:16:05.421+0900] {dag.py:3239} INFO - Sync 1 DAGs
[2024-10-08T15:16:05.435+0900] {logging_mixin.py:190} INFO - [2024-10-08T15:16:05.435+0900] {dag.py:4180} INFO - Setting next_dagrun for example_setup_teardown_taskflow to None, run_after=None
[2024-10-08T15:16:05.454+0900] {processor.py:208} INFO - Processing /Users/alookso/1007MLpj/myenv/lib/python3.10/site-packages/airflow/example_dags/example_setup_teardown_taskflow.py took 0.213 seconds
[2024-10-08T15:19:14.849+0900] {processor.py:186} INFO - Started process (PID=23344) to work on /Users/alookso/1007MLpj/myenv/lib/python3.10/site-packages/airflow/example_dags/example_setup_teardown_taskflow.py
[2024-10-08T15:19:14.850+0900] {processor.py:914} INFO - Processing file /Users/alookso/1007MLpj/myenv/lib/python3.10/site-packages/airflow/example_dags/example_setup_teardown_taskflow.py for tasks to queue
[2024-10-08T15:19:14.850+0900] {logging_mixin.py:190} INFO - [2024-10-08T15:19:14.850+0900] {dagbag.py:588} INFO - Filling up the DagBag from /Users/alookso/1007MLpj/myenv/lib/python3.10/site-packages/airflow/example_dags/example_setup_teardown_taskflow.py
[2024-10-08T15:19:14.896+0900] {processor.py:925} INFO - DAG(s) 'example_setup_teardown_taskflow' retrieved from /Users/alookso/1007MLpj/myenv/lib/python3.10/site-packages/airflow/example_dags/example_setup_teardown_taskflow.py
[2024-10-08T15:19:15.033+0900] {logging_mixin.py:190} INFO - [2024-10-08T15:19:15.033+0900] {dag.py:3239} INFO - Sync 1 DAGs
[2024-10-08T15:19:15.046+0900] {logging_mixin.py:190} INFO - [2024-10-08T15:19:15.046+0900] {dag.py:4180} INFO - Setting next_dagrun for example_setup_teardown_taskflow to None, run_after=None
[2024-10-08T15:19:15.067+0900] {processor.py:208} INFO - Processing /Users/alookso/1007MLpj/myenv/lib/python3.10/site-packages/airflow/example_dags/example_setup_teardown_taskflow.py took 0.223 seconds
[2024-10-08T15:22:22.177+0900] {processor.py:186} INFO - Started process (PID=23430) to work on /Users/alookso/1007MLpj/myenv/lib/python3.10/site-packages/airflow/example_dags/example_setup_teardown_taskflow.py
[2024-10-08T15:22:22.177+0900] {processor.py:914} INFO - Processing file /Users/alookso/1007MLpj/myenv/lib/python3.10/site-packages/airflow/example_dags/example_setup_teardown_taskflow.py for tasks to queue
[2024-10-08T15:22:22.178+0900] {logging_mixin.py:190} INFO - [2024-10-08T15:22:22.178+0900] {dagbag.py:588} INFO - Filling up the DagBag from /Users/alookso/1007MLpj/myenv/lib/python3.10/site-packages/airflow/example_dags/example_setup_teardown_taskflow.py
[2024-10-08T15:22:22.222+0900] {processor.py:925} INFO - DAG(s) 'example_setup_teardown_taskflow' retrieved from /Users/alookso/1007MLpj/myenv/lib/python3.10/site-packages/airflow/example_dags/example_setup_teardown_taskflow.py
[2024-10-08T15:22:22.350+0900] {logging_mixin.py:190} INFO - [2024-10-08T15:22:22.350+0900] {dag.py:3239} INFO - Sync 1 DAGs
[2024-10-08T15:22:22.362+0900] {logging_mixin.py:190} INFO - [2024-10-08T15:22:22.362+0900] {dag.py:4180} INFO - Setting next_dagrun for example_setup_teardown_taskflow to None, run_after=None
[2024-10-08T15:22:22.382+0900] {processor.py:208} INFO - Processing /Users/alookso/1007MLpj/myenv/lib/python3.10/site-packages/airflow/example_dags/example_setup_teardown_taskflow.py took 0.209 seconds
[2024-10-08T15:25:27.956+0900] {processor.py:186} INFO - Started process (PID=23524) to work on /Users/alookso/1007MLpj/myenv/lib/python3.10/site-packages/airflow/example_dags/example_setup_teardown_taskflow.py
[2024-10-08T15:25:27.956+0900] {processor.py:914} INFO - Processing file /Users/alookso/1007MLpj/myenv/lib/python3.10/site-packages/airflow/example_dags/example_setup_teardown_taskflow.py for tasks to queue
[2024-10-08T15:25:27.957+0900] {logging_mixin.py:190} INFO - [2024-10-08T15:25:27.957+0900] {dagbag.py:588} INFO - Filling up the DagBag from /Users/alookso/1007MLpj/myenv/lib/python3.10/site-packages/airflow/example_dags/example_setup_teardown_taskflow.py
[2024-10-08T15:25:28.002+0900] {processor.py:925} INFO - DAG(s) 'example_setup_teardown_taskflow' retrieved from /Users/alookso/1007MLpj/myenv/lib/python3.10/site-packages/airflow/example_dags/example_setup_teardown_taskflow.py
[2024-10-08T15:25:28.136+0900] {logging_mixin.py:190} INFO - [2024-10-08T15:25:28.135+0900] {dag.py:3239} INFO - Sync 1 DAGs
[2024-10-08T15:25:28.148+0900] {logging_mixin.py:190} INFO - [2024-10-08T15:25:28.148+0900] {dag.py:4180} INFO - Setting next_dagrun for example_setup_teardown_taskflow to None, run_after=None
[2024-10-08T15:25:28.167+0900] {processor.py:208} INFO - Processing /Users/alookso/1007MLpj/myenv/lib/python3.10/site-packages/airflow/example_dags/example_setup_teardown_taskflow.py took 0.216 seconds
[2024-10-08T15:28:30.987+0900] {processor.py:186} INFO - Started process (PID=23635) to work on /Users/alookso/1007MLpj/myenv/lib/python3.10/site-packages/airflow/example_dags/example_setup_teardown_taskflow.py
[2024-10-08T15:28:30.988+0900] {processor.py:914} INFO - Processing file /Users/alookso/1007MLpj/myenv/lib/python3.10/site-packages/airflow/example_dags/example_setup_teardown_taskflow.py for tasks to queue
[2024-10-08T15:28:30.988+0900] {logging_mixin.py:190} INFO - [2024-10-08T15:28:30.988+0900] {dagbag.py:588} INFO - Filling up the DagBag from /Users/alookso/1007MLpj/myenv/lib/python3.10/site-packages/airflow/example_dags/example_setup_teardown_taskflow.py
[2024-10-08T15:28:31.035+0900] {processor.py:925} INFO - DAG(s) 'example_setup_teardown_taskflow' retrieved from /Users/alookso/1007MLpj/myenv/lib/python3.10/site-packages/airflow/example_dags/example_setup_teardown_taskflow.py
[2024-10-08T15:28:31.171+0900] {logging_mixin.py:190} INFO - [2024-10-08T15:28:31.170+0900] {dag.py:3239} INFO - Sync 1 DAGs
[2024-10-08T15:28:31.184+0900] {logging_mixin.py:190} INFO - [2024-10-08T15:28:31.184+0900] {dag.py:4180} INFO - Setting next_dagrun for example_setup_teardown_taskflow to None, run_after=None
[2024-10-08T15:28:31.206+0900] {processor.py:208} INFO - Processing /Users/alookso/1007MLpj/myenv/lib/python3.10/site-packages/airflow/example_dags/example_setup_teardown_taskflow.py took 0.224 seconds
[2024-10-08T15:31:31.787+0900] {processor.py:186} INFO - Started process (PID=23735) to work on /Users/alookso/1007MLpj/myenv/lib/python3.10/site-packages/airflow/example_dags/example_setup_teardown_taskflow.py
[2024-10-08T15:31:31.788+0900] {processor.py:914} INFO - Processing file /Users/alookso/1007MLpj/myenv/lib/python3.10/site-packages/airflow/example_dags/example_setup_teardown_taskflow.py for tasks to queue
[2024-10-08T15:31:31.788+0900] {logging_mixin.py:190} INFO - [2024-10-08T15:31:31.788+0900] {dagbag.py:588} INFO - Filling up the DagBag from /Users/alookso/1007MLpj/myenv/lib/python3.10/site-packages/airflow/example_dags/example_setup_teardown_taskflow.py
[2024-10-08T15:31:31.832+0900] {processor.py:925} INFO - DAG(s) 'example_setup_teardown_taskflow' retrieved from /Users/alookso/1007MLpj/myenv/lib/python3.10/site-packages/airflow/example_dags/example_setup_teardown_taskflow.py
[2024-10-08T15:31:31.962+0900] {logging_mixin.py:190} INFO - [2024-10-08T15:31:31.962+0900] {dag.py:3239} INFO - Sync 1 DAGs
[2024-10-08T15:31:31.974+0900] {logging_mixin.py:190} INFO - [2024-10-08T15:31:31.974+0900] {dag.py:4180} INFO - Setting next_dagrun for example_setup_teardown_taskflow to None, run_after=None
[2024-10-08T15:31:31.993+0900] {processor.py:208} INFO - Processing /Users/alookso/1007MLpj/myenv/lib/python3.10/site-packages/airflow/example_dags/example_setup_teardown_taskflow.py took 0.210 seconds
[2024-10-08T16:36:53.152+0900] {processor.py:186} INFO - Started process (PID=25016) to work on /Users/alookso/1007MLpj/myenv/lib/python3.10/site-packages/airflow/example_dags/example_setup_teardown_taskflow.py
[2024-10-08T16:36:53.153+0900] {processor.py:914} INFO - Processing file /Users/alookso/1007MLpj/myenv/lib/python3.10/site-packages/airflow/example_dags/example_setup_teardown_taskflow.py for tasks to queue
[2024-10-08T16:36:53.154+0900] {logging_mixin.py:190} INFO - [2024-10-08T16:36:53.154+0900] {dagbag.py:588} INFO - Filling up the DagBag from /Users/alookso/1007MLpj/myenv/lib/python3.10/site-packages/airflow/example_dags/example_setup_teardown_taskflow.py
[2024-10-08T16:36:53.199+0900] {processor.py:925} INFO - DAG(s) 'example_setup_teardown_taskflow' retrieved from /Users/alookso/1007MLpj/myenv/lib/python3.10/site-packages/airflow/example_dags/example_setup_teardown_taskflow.py
[2024-10-08T16:36:53.445+0900] {logging_mixin.py:190} INFO - [2024-10-08T16:36:53.445+0900] {dag.py:3239} INFO - Sync 1 DAGs
[2024-10-08T16:36:53.460+0900] {logging_mixin.py:190} INFO - [2024-10-08T16:36:53.459+0900] {dag.py:4180} INFO - Setting next_dagrun for example_setup_teardown_taskflow to None, run_after=None
[2024-10-08T16:36:53.481+0900] {processor.py:208} INFO - Processing /Users/alookso/1007MLpj/myenv/lib/python3.10/site-packages/airflow/example_dags/example_setup_teardown_taskflow.py took 0.333 seconds
[2024-10-08T17:28:25.030+0900] {processor.py:186} INFO - Started process (PID=26387) to work on /Users/alookso/1007MLpj/myenv/lib/python3.10/site-packages/airflow/example_dags/example_setup_teardown_taskflow.py
[2024-10-08T17:28:25.031+0900] {processor.py:914} INFO - Processing file /Users/alookso/1007MLpj/myenv/lib/python3.10/site-packages/airflow/example_dags/example_setup_teardown_taskflow.py for tasks to queue
[2024-10-08T17:28:25.032+0900] {logging_mixin.py:190} INFO - [2024-10-08T17:28:25.032+0900] {dagbag.py:588} INFO - Filling up the DagBag from /Users/alookso/1007MLpj/myenv/lib/python3.10/site-packages/airflow/example_dags/example_setup_teardown_taskflow.py
[2024-10-08T17:28:25.078+0900] {processor.py:925} INFO - DAG(s) 'example_setup_teardown_taskflow' retrieved from /Users/alookso/1007MLpj/myenv/lib/python3.10/site-packages/airflow/example_dags/example_setup_teardown_taskflow.py
[2024-10-08T17:28:25.221+0900] {logging_mixin.py:190} INFO - [2024-10-08T17:28:25.221+0900] {dag.py:3239} INFO - Sync 1 DAGs
[2024-10-08T17:28:25.234+0900] {logging_mixin.py:190} INFO - [2024-10-08T17:28:25.234+0900] {dag.py:4180} INFO - Setting next_dagrun for example_setup_teardown_taskflow to None, run_after=None
[2024-10-08T17:28:25.257+0900] {processor.py:208} INFO - Processing /Users/alookso/1007MLpj/myenv/lib/python3.10/site-packages/airflow/example_dags/example_setup_teardown_taskflow.py took 0.233 seconds
[2024-10-08T17:43:15.104+0900] {processor.py:186} INFO - Started process (PID=26894) to work on /Users/alookso/1007MLpj/myenv/lib/python3.10/site-packages/airflow/example_dags/example_setup_teardown_taskflow.py
[2024-10-08T17:43:15.104+0900] {processor.py:914} INFO - Processing file /Users/alookso/1007MLpj/myenv/lib/python3.10/site-packages/airflow/example_dags/example_setup_teardown_taskflow.py for tasks to queue
[2024-10-08T17:43:15.105+0900] {logging_mixin.py:190} INFO - [2024-10-08T17:43:15.105+0900] {dagbag.py:588} INFO - Filling up the DagBag from /Users/alookso/1007MLpj/myenv/lib/python3.10/site-packages/airflow/example_dags/example_setup_teardown_taskflow.py
[2024-10-08T17:43:15.150+0900] {processor.py:925} INFO - DAG(s) 'example_setup_teardown_taskflow' retrieved from /Users/alookso/1007MLpj/myenv/lib/python3.10/site-packages/airflow/example_dags/example_setup_teardown_taskflow.py
[2024-10-08T17:43:15.284+0900] {logging_mixin.py:190} INFO - [2024-10-08T17:43:15.283+0900] {dag.py:3239} INFO - Sync 1 DAGs
[2024-10-08T17:43:15.296+0900] {logging_mixin.py:190} INFO - [2024-10-08T17:43:15.296+0900] {dag.py:4180} INFO - Setting next_dagrun for example_setup_teardown_taskflow to None, run_after=None
[2024-10-08T17:43:15.315+0900] {processor.py:208} INFO - Processing /Users/alookso/1007MLpj/myenv/lib/python3.10/site-packages/airflow/example_dags/example_setup_teardown_taskflow.py took 0.216 seconds
[2024-10-08T17:55:37.787+0900] {processor.py:186} INFO - Started process (PID=27324) to work on /Users/alookso/1007MLpj/myenv/lib/python3.10/site-packages/airflow/example_dags/example_setup_teardown_taskflow.py
[2024-10-08T17:55:37.788+0900] {processor.py:914} INFO - Processing file /Users/alookso/1007MLpj/myenv/lib/python3.10/site-packages/airflow/example_dags/example_setup_teardown_taskflow.py for tasks to queue
[2024-10-08T17:55:37.788+0900] {logging_mixin.py:190} INFO - [2024-10-08T17:55:37.788+0900] {dagbag.py:588} INFO - Filling up the DagBag from /Users/alookso/1007MLpj/myenv/lib/python3.10/site-packages/airflow/example_dags/example_setup_teardown_taskflow.py
[2024-10-08T17:55:37.833+0900] {processor.py:925} INFO - DAG(s) 'example_setup_teardown_taskflow' retrieved from /Users/alookso/1007MLpj/myenv/lib/python3.10/site-packages/airflow/example_dags/example_setup_teardown_taskflow.py
[2024-10-08T17:55:37.964+0900] {logging_mixin.py:190} INFO - [2024-10-08T17:55:37.964+0900] {dag.py:3239} INFO - Sync 1 DAGs
[2024-10-08T17:55:37.977+0900] {logging_mixin.py:190} INFO - [2024-10-08T17:55:37.977+0900] {dag.py:4180} INFO - Setting next_dagrun for example_setup_teardown_taskflow to None, run_after=None
[2024-10-08T17:55:37.996+0900] {processor.py:208} INFO - Processing /Users/alookso/1007MLpj/myenv/lib/python3.10/site-packages/airflow/example_dags/example_setup_teardown_taskflow.py took 0.214 seconds
[2024-10-08T18:00:27.480+0900] {processor.py:186} INFO - Started process (PID=27527) to work on /Users/alookso/1007MLpj/myenv/lib/python3.10/site-packages/airflow/example_dags/example_setup_teardown_taskflow.py
[2024-10-08T18:00:27.481+0900] {processor.py:914} INFO - Processing file /Users/alookso/1007MLpj/myenv/lib/python3.10/site-packages/airflow/example_dags/example_setup_teardown_taskflow.py for tasks to queue
[2024-10-08T18:00:27.482+0900] {logging_mixin.py:190} INFO - [2024-10-08T18:00:27.481+0900] {dagbag.py:588} INFO - Filling up the DagBag from /Users/alookso/1007MLpj/myenv/lib/python3.10/site-packages/airflow/example_dags/example_setup_teardown_taskflow.py
[2024-10-08T18:00:27.528+0900] {processor.py:925} INFO - DAG(s) 'example_setup_teardown_taskflow' retrieved from /Users/alookso/1007MLpj/myenv/lib/python3.10/site-packages/airflow/example_dags/example_setup_teardown_taskflow.py
[2024-10-08T18:00:27.661+0900] {logging_mixin.py:190} INFO - [2024-10-08T18:00:27.661+0900] {dag.py:3239} INFO - Sync 1 DAGs
[2024-10-08T18:00:27.674+0900] {logging_mixin.py:190} INFO - [2024-10-08T18:00:27.673+0900] {dag.py:4180} INFO - Setting next_dagrun for example_setup_teardown_taskflow to None, run_after=None
[2024-10-08T18:00:27.692+0900] {processor.py:208} INFO - Processing /Users/alookso/1007MLpj/myenv/lib/python3.10/site-packages/airflow/example_dags/example_setup_teardown_taskflow.py took 0.217 seconds
[2024-10-08T18:04:08.543+0900] {processor.py:186} INFO - Started process (PID=27665) to work on /Users/alookso/1007MLpj/myenv/lib/python3.10/site-packages/airflow/example_dags/example_setup_teardown_taskflow.py
[2024-10-08T18:04:08.544+0900] {processor.py:914} INFO - Processing file /Users/alookso/1007MLpj/myenv/lib/python3.10/site-packages/airflow/example_dags/example_setup_teardown_taskflow.py for tasks to queue
[2024-10-08T18:04:08.544+0900] {logging_mixin.py:190} INFO - [2024-10-08T18:04:08.544+0900] {dagbag.py:588} INFO - Filling up the DagBag from /Users/alookso/1007MLpj/myenv/lib/python3.10/site-packages/airflow/example_dags/example_setup_teardown_taskflow.py
[2024-10-08T18:04:08.588+0900] {processor.py:925} INFO - DAG(s) 'example_setup_teardown_taskflow' retrieved from /Users/alookso/1007MLpj/myenv/lib/python3.10/site-packages/airflow/example_dags/example_setup_teardown_taskflow.py
[2024-10-08T18:04:08.720+0900] {logging_mixin.py:190} INFO - [2024-10-08T18:04:08.720+0900] {dag.py:3239} INFO - Sync 1 DAGs
[2024-10-08T18:04:08.733+0900] {logging_mixin.py:190} INFO - [2024-10-08T18:04:08.733+0900] {dag.py:4180} INFO - Setting next_dagrun for example_setup_teardown_taskflow to None, run_after=None
[2024-10-08T18:04:08.753+0900] {processor.py:208} INFO - Processing /Users/alookso/1007MLpj/myenv/lib/python3.10/site-packages/airflow/example_dags/example_setup_teardown_taskflow.py took 0.215 seconds
[2024-10-08T18:06:35.832+0900] {processor.py:186} INFO - Started process (PID=27766) to work on /Users/alookso/1007MLpj/myenv/lib/python3.10/site-packages/airflow/example_dags/example_setup_teardown_taskflow.py
[2024-10-08T18:06:35.833+0900] {processor.py:914} INFO - Processing file /Users/alookso/1007MLpj/myenv/lib/python3.10/site-packages/airflow/example_dags/example_setup_teardown_taskflow.py for tasks to queue
[2024-10-08T18:06:35.834+0900] {logging_mixin.py:190} INFO - [2024-10-08T18:06:35.834+0900] {dagbag.py:588} INFO - Filling up the DagBag from /Users/alookso/1007MLpj/myenv/lib/python3.10/site-packages/airflow/example_dags/example_setup_teardown_taskflow.py
[2024-10-08T18:06:35.879+0900] {processor.py:925} INFO - DAG(s) 'example_setup_teardown_taskflow' retrieved from /Users/alookso/1007MLpj/myenv/lib/python3.10/site-packages/airflow/example_dags/example_setup_teardown_taskflow.py
[2024-10-08T18:06:36.011+0900] {logging_mixin.py:190} INFO - [2024-10-08T18:06:36.011+0900] {dag.py:3239} INFO - Sync 1 DAGs
[2024-10-08T18:06:36.024+0900] {logging_mixin.py:190} INFO - [2024-10-08T18:06:36.024+0900] {dag.py:4180} INFO - Setting next_dagrun for example_setup_teardown_taskflow to None, run_after=None
[2024-10-08T18:06:36.044+0900] {processor.py:208} INFO - Processing /Users/alookso/1007MLpj/myenv/lib/python3.10/site-packages/airflow/example_dags/example_setup_teardown_taskflow.py took 0.216 seconds
[2024-10-08T18:10:14.109+0900] {processor.py:186} INFO - Started process (PID=27863) to work on /Users/alookso/1007MLpj/myenv/lib/python3.10/site-packages/airflow/example_dags/example_setup_teardown_taskflow.py
[2024-10-08T18:10:14.110+0900] {processor.py:914} INFO - Processing file /Users/alookso/1007MLpj/myenv/lib/python3.10/site-packages/airflow/example_dags/example_setup_teardown_taskflow.py for tasks to queue
[2024-10-08T18:10:14.111+0900] {logging_mixin.py:190} INFO - [2024-10-08T18:10:14.111+0900] {dagbag.py:588} INFO - Filling up the DagBag from /Users/alookso/1007MLpj/myenv/lib/python3.10/site-packages/airflow/example_dags/example_setup_teardown_taskflow.py
[2024-10-08T18:10:14.163+0900] {processor.py:925} INFO - DAG(s) 'example_setup_teardown_taskflow' retrieved from /Users/alookso/1007MLpj/myenv/lib/python3.10/site-packages/airflow/example_dags/example_setup_teardown_taskflow.py
[2024-10-08T18:10:14.306+0900] {logging_mixin.py:190} INFO - [2024-10-08T18:10:14.306+0900] {dag.py:3239} INFO - Sync 1 DAGs
[2024-10-08T18:10:14.320+0900] {logging_mixin.py:190} INFO - [2024-10-08T18:10:14.319+0900] {dag.py:4180} INFO - Setting next_dagrun for example_setup_teardown_taskflow to None, run_after=None
[2024-10-08T18:10:14.340+0900] {processor.py:208} INFO - Processing /Users/alookso/1007MLpj/myenv/lib/python3.10/site-packages/airflow/example_dags/example_setup_teardown_taskflow.py took 0.237 seconds
[2024-10-08T18:13:25.877+0900] {processor.py:186} INFO - Started process (PID=27963) to work on /Users/alookso/1007MLpj/myenv/lib/python3.10/site-packages/airflow/example_dags/example_setup_teardown_taskflow.py
[2024-10-08T18:13:25.878+0900] {processor.py:914} INFO - Processing file /Users/alookso/1007MLpj/myenv/lib/python3.10/site-packages/airflow/example_dags/example_setup_teardown_taskflow.py for tasks to queue
[2024-10-08T18:13:25.879+0900] {logging_mixin.py:190} INFO - [2024-10-08T18:13:25.879+0900] {dagbag.py:588} INFO - Filling up the DagBag from /Users/alookso/1007MLpj/myenv/lib/python3.10/site-packages/airflow/example_dags/example_setup_teardown_taskflow.py
[2024-10-08T18:13:25.923+0900] {processor.py:925} INFO - DAG(s) 'example_setup_teardown_taskflow' retrieved from /Users/alookso/1007MLpj/myenv/lib/python3.10/site-packages/airflow/example_dags/example_setup_teardown_taskflow.py
[2024-10-08T18:13:26.053+0900] {logging_mixin.py:190} INFO - [2024-10-08T18:13:26.052+0900] {dag.py:3239} INFO - Sync 1 DAGs
[2024-10-08T18:13:26.065+0900] {logging_mixin.py:190} INFO - [2024-10-08T18:13:26.065+0900] {dag.py:4180} INFO - Setting next_dagrun for example_setup_teardown_taskflow to None, run_after=None
[2024-10-08T18:13:26.084+0900] {processor.py:208} INFO - Processing /Users/alookso/1007MLpj/myenv/lib/python3.10/site-packages/airflow/example_dags/example_setup_teardown_taskflow.py took 0.211 seconds
[2024-10-08T18:16:34.829+0900] {processor.py:186} INFO - Started process (PID=28068) to work on /Users/alookso/1007MLpj/myenv/lib/python3.10/site-packages/airflow/example_dags/example_setup_teardown_taskflow.py
[2024-10-08T18:16:34.829+0900] {processor.py:914} INFO - Processing file /Users/alookso/1007MLpj/myenv/lib/python3.10/site-packages/airflow/example_dags/example_setup_teardown_taskflow.py for tasks to queue
[2024-10-08T18:16:34.830+0900] {logging_mixin.py:190} INFO - [2024-10-08T18:16:34.830+0900] {dagbag.py:588} INFO - Filling up the DagBag from /Users/alookso/1007MLpj/myenv/lib/python3.10/site-packages/airflow/example_dags/example_setup_teardown_taskflow.py
[2024-10-08T18:16:34.874+0900] {processor.py:925} INFO - DAG(s) 'example_setup_teardown_taskflow' retrieved from /Users/alookso/1007MLpj/myenv/lib/python3.10/site-packages/airflow/example_dags/example_setup_teardown_taskflow.py
[2024-10-08T18:16:35.005+0900] {logging_mixin.py:190} INFO - [2024-10-08T18:16:35.004+0900] {dag.py:3239} INFO - Sync 1 DAGs
[2024-10-08T18:16:35.017+0900] {logging_mixin.py:190} INFO - [2024-10-08T18:16:35.017+0900] {dag.py:4180} INFO - Setting next_dagrun for example_setup_teardown_taskflow to None, run_after=None
[2024-10-08T18:16:35.036+0900] {processor.py:208} INFO - Processing /Users/alookso/1007MLpj/myenv/lib/python3.10/site-packages/airflow/example_dags/example_setup_teardown_taskflow.py took 0.212 seconds
[2024-10-08T18:19:46.981+0900] {processor.py:186} INFO - Started process (PID=28162) to work on /Users/alookso/1007MLpj/myenv/lib/python3.10/site-packages/airflow/example_dags/example_setup_teardown_taskflow.py
[2024-10-08T18:19:46.982+0900] {processor.py:914} INFO - Processing file /Users/alookso/1007MLpj/myenv/lib/python3.10/site-packages/airflow/example_dags/example_setup_teardown_taskflow.py for tasks to queue
[2024-10-08T18:19:46.983+0900] {logging_mixin.py:190} INFO - [2024-10-08T18:19:46.983+0900] {dagbag.py:588} INFO - Filling up the DagBag from /Users/alookso/1007MLpj/myenv/lib/python3.10/site-packages/airflow/example_dags/example_setup_teardown_taskflow.py
[2024-10-08T18:19:47.029+0900] {processor.py:925} INFO - DAG(s) 'example_setup_teardown_taskflow' retrieved from /Users/alookso/1007MLpj/myenv/lib/python3.10/site-packages/airflow/example_dags/example_setup_teardown_taskflow.py
[2024-10-08T18:19:47.161+0900] {logging_mixin.py:190} INFO - [2024-10-08T18:19:47.161+0900] {dag.py:3239} INFO - Sync 1 DAGs
[2024-10-08T18:19:47.174+0900] {logging_mixin.py:190} INFO - [2024-10-08T18:19:47.174+0900] {dag.py:4180} INFO - Setting next_dagrun for example_setup_teardown_taskflow to None, run_after=None
[2024-10-08T18:19:47.193+0900] {processor.py:208} INFO - Processing /Users/alookso/1007MLpj/myenv/lib/python3.10/site-packages/airflow/example_dags/example_setup_teardown_taskflow.py took 0.217 seconds
[2024-10-08T18:47:05.972+0900] {processor.py:186} INFO - Started process (PID=29270) to work on /Users/alookso/1007MLpj/myenv/lib/python3.10/site-packages/airflow/example_dags/example_setup_teardown_taskflow.py
[2024-10-08T18:47:05.972+0900] {processor.py:914} INFO - Processing file /Users/alookso/1007MLpj/myenv/lib/python3.10/site-packages/airflow/example_dags/example_setup_teardown_taskflow.py for tasks to queue
[2024-10-08T18:47:05.973+0900] {logging_mixin.py:190} INFO - [2024-10-08T18:47:05.973+0900] {dagbag.py:588} INFO - Filling up the DagBag from /Users/alookso/1007MLpj/myenv/lib/python3.10/site-packages/airflow/example_dags/example_setup_teardown_taskflow.py
[2024-10-08T18:47:06.017+0900] {processor.py:925} INFO - DAG(s) 'example_setup_teardown_taskflow' retrieved from /Users/alookso/1007MLpj/myenv/lib/python3.10/site-packages/airflow/example_dags/example_setup_teardown_taskflow.py
[2024-10-08T18:47:06.148+0900] {logging_mixin.py:190} INFO - [2024-10-08T18:47:06.148+0900] {dag.py:3239} INFO - Sync 1 DAGs
[2024-10-08T18:47:06.161+0900] {logging_mixin.py:190} INFO - [2024-10-08T18:47:06.160+0900] {dag.py:4180} INFO - Setting next_dagrun for example_setup_teardown_taskflow to None, run_after=None
[2024-10-08T18:47:06.180+0900] {processor.py:208} INFO - Processing /Users/alookso/1007MLpj/myenv/lib/python3.10/site-packages/airflow/example_dags/example_setup_teardown_taskflow.py took 0.212 seconds
