[2024-10-08T14:43:29.571+0900] {processor.py:186} INFO - Started process (PID=22238) to work on /Users/alookso/1007MLpj/myenv/lib/python3.10/site-packages/airflow/example_dags/tutorial_dag.py
[2024-10-08T14:43:29.572+0900] {processor.py:914} INFO - Processing file /Users/alookso/1007MLpj/myenv/lib/python3.10/site-packages/airflow/example_dags/tutorial_dag.py for tasks to queue
[2024-10-08T14:43:29.573+0900] {logging_mixin.py:190} INFO - [2024-10-08T14:43:29.573+0900] {dagbag.py:588} INFO - Filling up the DagBag from /Users/alookso/1007MLpj/myenv/lib/python3.10/site-packages/airflow/example_dags/tutorial_dag.py
[2024-10-08T14:43:29.604+0900] {processor.py:925} INFO - DAG(s) 'tutorial_dag' retrieved from /Users/alookso/1007MLpj/myenv/lib/python3.10/site-packages/airflow/example_dags/tutorial_dag.py
[2024-10-08T14:43:29.856+0900] {logging_mixin.py:190} INFO - [2024-10-08T14:43:29.855+0900] {override.py:1901} INFO - Created Permission View: can read on DAG:tutorial_dag
[2024-10-08T14:43:29.866+0900] {logging_mixin.py:190} INFO - [2024-10-08T14:43:29.866+0900] {override.py:1901} INFO - Created Permission View: can edit on DAG:tutorial_dag
[2024-10-08T14:43:29.874+0900] {logging_mixin.py:190} INFO - [2024-10-08T14:43:29.874+0900] {override.py:1901} INFO - Created Permission View: can delete on DAG:tutorial_dag
[2024-10-08T14:43:29.884+0900] {logging_mixin.py:190} INFO - [2024-10-08T14:43:29.884+0900] {override.py:1901} INFO - Created Permission View: can read on DAG Run:tutorial_dag
[2024-10-08T14:43:29.892+0900] {logging_mixin.py:190} INFO - [2024-10-08T14:43:29.892+0900] {override.py:1901} INFO - Created Permission View: can create on DAG Run:tutorial_dag
[2024-10-08T14:43:29.899+0900] {logging_mixin.py:190} INFO - [2024-10-08T14:43:29.898+0900] {override.py:1901} INFO - Created Permission View: can delete on DAG Run:tutorial_dag
[2024-10-08T14:43:29.907+0900] {logging_mixin.py:190} INFO - [2024-10-08T14:43:29.906+0900] {override.py:1901} INFO - Created Permission View: menu access on DAG Run:tutorial_dag
[2024-10-08T14:43:29.907+0900] {logging_mixin.py:190} INFO - [2024-10-08T14:43:29.907+0900] {dag.py:3239} INFO - Sync 1 DAGs
[2024-10-08T14:43:29.923+0900] {logging_mixin.py:190} INFO - [2024-10-08T14:43:29.923+0900] {dag.py:3262} INFO - Creating ORM DAG for tutorial_dag
[2024-10-08T14:43:29.924+0900] {logging_mixin.py:190} INFO - [2024-10-08T14:43:29.924+0900] {dag.py:4180} INFO - Setting next_dagrun for tutorial_dag to None, run_after=None
[2024-10-08T14:43:29.943+0900] {processor.py:208} INFO - Processing /Users/alookso/1007MLpj/myenv/lib/python3.10/site-packages/airflow/example_dags/tutorial_dag.py took 0.378 seconds
[2024-10-08T14:47:19.084+0900] {processor.py:186} INFO - Started process (PID=22329) to work on /Users/alookso/1007MLpj/myenv/lib/python3.10/site-packages/airflow/example_dags/tutorial_dag.py
[2024-10-08T14:47:19.085+0900] {processor.py:914} INFO - Processing file /Users/alookso/1007MLpj/myenv/lib/python3.10/site-packages/airflow/example_dags/tutorial_dag.py for tasks to queue
[2024-10-08T14:47:19.086+0900] {logging_mixin.py:190} INFO - [2024-10-08T14:47:19.086+0900] {dagbag.py:588} INFO - Filling up the DagBag from /Users/alookso/1007MLpj/myenv/lib/python3.10/site-packages/airflow/example_dags/tutorial_dag.py
[2024-10-08T14:47:19.115+0900] {processor.py:925} INFO - DAG(s) 'tutorial_dag' retrieved from /Users/alookso/1007MLpj/myenv/lib/python3.10/site-packages/airflow/example_dags/tutorial_dag.py
[2024-10-08T14:47:19.282+0900] {logging_mixin.py:190} INFO - [2024-10-08T14:47:19.281+0900] {dag.py:3239} INFO - Sync 1 DAGs
[2024-10-08T14:47:19.299+0900] {logging_mixin.py:190} INFO - [2024-10-08T14:47:19.299+0900] {dag.py:4180} INFO - Setting next_dagrun for tutorial_dag to None, run_after=None
[2024-10-08T14:47:19.328+0900] {processor.py:208} INFO - Processing /Users/alookso/1007MLpj/myenv/lib/python3.10/site-packages/airflow/example_dags/tutorial_dag.py took 0.248 seconds
[2024-10-08T14:50:27.664+0900] {processor.py:186} INFO - Started process (PID=22407) to work on /Users/alookso/1007MLpj/myenv/lib/python3.10/site-packages/airflow/example_dags/tutorial_dag.py
[2024-10-08T14:50:27.665+0900] {processor.py:914} INFO - Processing file /Users/alookso/1007MLpj/myenv/lib/python3.10/site-packages/airflow/example_dags/tutorial_dag.py for tasks to queue
[2024-10-08T14:50:27.666+0900] {logging_mixin.py:190} INFO - [2024-10-08T14:50:27.665+0900] {dagbag.py:588} INFO - Filling up the DagBag from /Users/alookso/1007MLpj/myenv/lib/python3.10/site-packages/airflow/example_dags/tutorial_dag.py
[2024-10-08T14:50:27.694+0900] {processor.py:925} INFO - DAG(s) 'tutorial_dag' retrieved from /Users/alookso/1007MLpj/myenv/lib/python3.10/site-packages/airflow/example_dags/tutorial_dag.py
[2024-10-08T14:50:27.827+0900] {logging_mixin.py:190} INFO - [2024-10-08T14:50:27.827+0900] {dag.py:3239} INFO - Sync 1 DAGs
[2024-10-08T14:50:27.841+0900] {logging_mixin.py:190} INFO - [2024-10-08T14:50:27.841+0900] {dag.py:4180} INFO - Setting next_dagrun for tutorial_dag to None, run_after=None
[2024-10-08T14:50:27.861+0900] {processor.py:208} INFO - Processing /Users/alookso/1007MLpj/myenv/lib/python3.10/site-packages/airflow/example_dags/tutorial_dag.py took 0.203 seconds
[2024-10-08T14:53:35.630+0900] {processor.py:186} INFO - Started process (PID=22519) to work on /Users/alookso/1007MLpj/myenv/lib/python3.10/site-packages/airflow/example_dags/tutorial_dag.py
[2024-10-08T14:53:35.631+0900] {processor.py:914} INFO - Processing file /Users/alookso/1007MLpj/myenv/lib/python3.10/site-packages/airflow/example_dags/tutorial_dag.py for tasks to queue
[2024-10-08T14:53:35.631+0900] {logging_mixin.py:190} INFO - [2024-10-08T14:53:35.631+0900] {dagbag.py:588} INFO - Filling up the DagBag from /Users/alookso/1007MLpj/myenv/lib/python3.10/site-packages/airflow/example_dags/tutorial_dag.py
[2024-10-08T14:53:35.660+0900] {processor.py:925} INFO - DAG(s) 'tutorial_dag' retrieved from /Users/alookso/1007MLpj/myenv/lib/python3.10/site-packages/airflow/example_dags/tutorial_dag.py
[2024-10-08T14:53:35.790+0900] {logging_mixin.py:190} INFO - [2024-10-08T14:53:35.790+0900] {dag.py:3239} INFO - Sync 1 DAGs
[2024-10-08T14:53:35.803+0900] {logging_mixin.py:190} INFO - [2024-10-08T14:53:35.803+0900] {dag.py:4180} INFO - Setting next_dagrun for tutorial_dag to None, run_after=None
[2024-10-08T14:53:35.822+0900] {processor.py:208} INFO - Processing /Users/alookso/1007MLpj/myenv/lib/python3.10/site-packages/airflow/example_dags/tutorial_dag.py took 0.197 seconds
[2024-10-08T14:56:43.800+0900] {processor.py:186} INFO - Started process (PID=22635) to work on /Users/alookso/1007MLpj/myenv/lib/python3.10/site-packages/airflow/example_dags/tutorial_dag.py
[2024-10-08T14:56:43.800+0900] {processor.py:914} INFO - Processing file /Users/alookso/1007MLpj/myenv/lib/python3.10/site-packages/airflow/example_dags/tutorial_dag.py for tasks to queue
[2024-10-08T14:56:43.801+0900] {logging_mixin.py:190} INFO - [2024-10-08T14:56:43.801+0900] {dagbag.py:588} INFO - Filling up the DagBag from /Users/alookso/1007MLpj/myenv/lib/python3.10/site-packages/airflow/example_dags/tutorial_dag.py
[2024-10-08T14:56:43.829+0900] {processor.py:925} INFO - DAG(s) 'tutorial_dag' retrieved from /Users/alookso/1007MLpj/myenv/lib/python3.10/site-packages/airflow/example_dags/tutorial_dag.py
[2024-10-08T14:56:43.959+0900] {logging_mixin.py:190} INFO - [2024-10-08T14:56:43.958+0900] {dag.py:3239} INFO - Sync 1 DAGs
[2024-10-08T14:56:43.972+0900] {logging_mixin.py:190} INFO - [2024-10-08T14:56:43.971+0900] {dag.py:4180} INFO - Setting next_dagrun for tutorial_dag to None, run_after=None
[2024-10-08T14:56:43.991+0900] {processor.py:208} INFO - Processing /Users/alookso/1007MLpj/myenv/lib/python3.10/site-packages/airflow/example_dags/tutorial_dag.py took 0.197 seconds
[2024-10-08T14:59:52.327+0900] {processor.py:186} INFO - Started process (PID=22753) to work on /Users/alookso/1007MLpj/myenv/lib/python3.10/site-packages/airflow/example_dags/tutorial_dag.py
[2024-10-08T14:59:52.328+0900] {processor.py:914} INFO - Processing file /Users/alookso/1007MLpj/myenv/lib/python3.10/site-packages/airflow/example_dags/tutorial_dag.py for tasks to queue
[2024-10-08T14:59:52.329+0900] {logging_mixin.py:190} INFO - [2024-10-08T14:59:52.328+0900] {dagbag.py:588} INFO - Filling up the DagBag from /Users/alookso/1007MLpj/myenv/lib/python3.10/site-packages/airflow/example_dags/tutorial_dag.py
[2024-10-08T14:59:52.356+0900] {processor.py:925} INFO - DAG(s) 'tutorial_dag' retrieved from /Users/alookso/1007MLpj/myenv/lib/python3.10/site-packages/airflow/example_dags/tutorial_dag.py
[2024-10-08T14:59:52.487+0900] {logging_mixin.py:190} INFO - [2024-10-08T14:59:52.487+0900] {dag.py:3239} INFO - Sync 1 DAGs
[2024-10-08T14:59:52.500+0900] {logging_mixin.py:190} INFO - [2024-10-08T14:59:52.500+0900] {dag.py:4180} INFO - Setting next_dagrun for tutorial_dag to None, run_after=None
[2024-10-08T14:59:52.520+0900] {processor.py:208} INFO - Processing /Users/alookso/1007MLpj/myenv/lib/python3.10/site-packages/airflow/example_dags/tutorial_dag.py took 0.198 seconds
[2024-10-08T15:03:01.976+0900] {processor.py:186} INFO - Started process (PID=22833) to work on /Users/alookso/1007MLpj/myenv/lib/python3.10/site-packages/airflow/example_dags/tutorial_dag.py
[2024-10-08T15:03:01.977+0900] {processor.py:914} INFO - Processing file /Users/alookso/1007MLpj/myenv/lib/python3.10/site-packages/airflow/example_dags/tutorial_dag.py for tasks to queue
[2024-10-08T15:03:01.978+0900] {logging_mixin.py:190} INFO - [2024-10-08T15:03:01.978+0900] {dagbag.py:588} INFO - Filling up the DagBag from /Users/alookso/1007MLpj/myenv/lib/python3.10/site-packages/airflow/example_dags/tutorial_dag.py
[2024-10-08T15:03:02.006+0900] {processor.py:925} INFO - DAG(s) 'tutorial_dag' retrieved from /Users/alookso/1007MLpj/myenv/lib/python3.10/site-packages/airflow/example_dags/tutorial_dag.py
[2024-10-08T15:03:02.135+0900] {logging_mixin.py:190} INFO - [2024-10-08T15:03:02.135+0900] {dag.py:3239} INFO - Sync 1 DAGs
[2024-10-08T15:03:02.149+0900] {logging_mixin.py:190} INFO - [2024-10-08T15:03:02.148+0900] {dag.py:4180} INFO - Setting next_dagrun for tutorial_dag to None, run_after=None
[2024-10-08T15:03:02.168+0900] {processor.py:208} INFO - Processing /Users/alookso/1007MLpj/myenv/lib/python3.10/site-packages/airflow/example_dags/tutorial_dag.py took 0.197 seconds
[2024-10-08T15:06:06.274+0900] {processor.py:186} INFO - Started process (PID=22915) to work on /Users/alookso/1007MLpj/myenv/lib/python3.10/site-packages/airflow/example_dags/tutorial_dag.py
[2024-10-08T15:06:06.275+0900] {processor.py:914} INFO - Processing file /Users/alookso/1007MLpj/myenv/lib/python3.10/site-packages/airflow/example_dags/tutorial_dag.py for tasks to queue
[2024-10-08T15:06:06.275+0900] {logging_mixin.py:190} INFO - [2024-10-08T15:06:06.275+0900] {dagbag.py:588} INFO - Filling up the DagBag from /Users/alookso/1007MLpj/myenv/lib/python3.10/site-packages/airflow/example_dags/tutorial_dag.py
[2024-10-08T15:06:06.303+0900] {processor.py:925} INFO - DAG(s) 'tutorial_dag' retrieved from /Users/alookso/1007MLpj/myenv/lib/python3.10/site-packages/airflow/example_dags/tutorial_dag.py
[2024-10-08T15:06:06.435+0900] {logging_mixin.py:190} INFO - [2024-10-08T15:06:06.435+0900] {dag.py:3239} INFO - Sync 1 DAGs
[2024-10-08T15:06:06.448+0900] {logging_mixin.py:190} INFO - [2024-10-08T15:06:06.448+0900] {dag.py:4180} INFO - Setting next_dagrun for tutorial_dag to None, run_after=None
[2024-10-08T15:06:06.468+0900] {processor.py:208} INFO - Processing /Users/alookso/1007MLpj/myenv/lib/python3.10/site-packages/airflow/example_dags/tutorial_dag.py took 0.200 seconds
[2024-10-08T15:09:12.957+0900] {processor.py:186} INFO - Started process (PID=23037) to work on /Users/alookso/1007MLpj/myenv/lib/python3.10/site-packages/airflow/example_dags/tutorial_dag.py
[2024-10-08T15:09:12.958+0900] {processor.py:914} INFO - Processing file /Users/alookso/1007MLpj/myenv/lib/python3.10/site-packages/airflow/example_dags/tutorial_dag.py for tasks to queue
[2024-10-08T15:09:12.959+0900] {logging_mixin.py:190} INFO - [2024-10-08T15:09:12.959+0900] {dagbag.py:588} INFO - Filling up the DagBag from /Users/alookso/1007MLpj/myenv/lib/python3.10/site-packages/airflow/example_dags/tutorial_dag.py
[2024-10-08T15:09:12.988+0900] {processor.py:925} INFO - DAG(s) 'tutorial_dag' retrieved from /Users/alookso/1007MLpj/myenv/lib/python3.10/site-packages/airflow/example_dags/tutorial_dag.py
[2024-10-08T15:09:13.116+0900] {logging_mixin.py:190} INFO - [2024-10-08T15:09:13.115+0900] {dag.py:3239} INFO - Sync 1 DAGs
[2024-10-08T15:09:13.128+0900] {logging_mixin.py:190} INFO - [2024-10-08T15:09:13.128+0900] {dag.py:4180} INFO - Setting next_dagrun for tutorial_dag to None, run_after=None
[2024-10-08T15:09:13.148+0900] {processor.py:208} INFO - Processing /Users/alookso/1007MLpj/myenv/lib/python3.10/site-packages/airflow/example_dags/tutorial_dag.py took 0.195 seconds
[2024-10-08T15:12:12.263+0900] {processor.py:186} INFO - Started process (PID=23133) to work on /Users/alookso/1007MLpj/myenv/lib/python3.10/site-packages/airflow/example_dags/tutorial_dag.py
[2024-10-08T15:12:12.264+0900] {processor.py:914} INFO - Processing file /Users/alookso/1007MLpj/myenv/lib/python3.10/site-packages/airflow/example_dags/tutorial_dag.py for tasks to queue
[2024-10-08T15:12:12.264+0900] {logging_mixin.py:190} INFO - [2024-10-08T15:12:12.264+0900] {dagbag.py:588} INFO - Filling up the DagBag from /Users/alookso/1007MLpj/myenv/lib/python3.10/site-packages/airflow/example_dags/tutorial_dag.py
[2024-10-08T15:12:12.292+0900] {processor.py:925} INFO - DAG(s) 'tutorial_dag' retrieved from /Users/alookso/1007MLpj/myenv/lib/python3.10/site-packages/airflow/example_dags/tutorial_dag.py
[2024-10-08T15:12:12.418+0900] {logging_mixin.py:190} INFO - [2024-10-08T15:12:12.418+0900] {dag.py:3239} INFO - Sync 1 DAGs
[2024-10-08T15:12:12.431+0900] {logging_mixin.py:190} INFO - [2024-10-08T15:12:12.431+0900] {dag.py:4180} INFO - Setting next_dagrun for tutorial_dag to None, run_after=None
[2024-10-08T15:12:12.450+0900] {processor.py:208} INFO - Processing /Users/alookso/1007MLpj/myenv/lib/python3.10/site-packages/airflow/example_dags/tutorial_dag.py took 0.192 seconds
[2024-10-08T15:15:10.410+0900] {processor.py:186} INFO - Started process (PID=23213) to work on /Users/alookso/1007MLpj/myenv/lib/python3.10/site-packages/airflow/example_dags/tutorial_dag.py
[2024-10-08T15:15:10.429+0900] {processor.py:914} INFO - Processing file /Users/alookso/1007MLpj/myenv/lib/python3.10/site-packages/airflow/example_dags/tutorial_dag.py for tasks to queue
[2024-10-08T15:15:10.430+0900] {logging_mixin.py:190} INFO - [2024-10-08T15:15:10.430+0900] {dagbag.py:588} INFO - Filling up the DagBag from /Users/alookso/1007MLpj/myenv/lib/python3.10/site-packages/airflow/example_dags/tutorial_dag.py
[2024-10-08T15:15:10.457+0900] {processor.py:925} INFO - DAG(s) 'tutorial_dag' retrieved from /Users/alookso/1007MLpj/myenv/lib/python3.10/site-packages/airflow/example_dags/tutorial_dag.py
[2024-10-08T15:15:10.584+0900] {logging_mixin.py:190} INFO - [2024-10-08T15:15:10.583+0900] {dag.py:3239} INFO - Sync 1 DAGs
[2024-10-08T15:15:10.596+0900] {logging_mixin.py:190} INFO - [2024-10-08T15:15:10.596+0900] {dag.py:4180} INFO - Setting next_dagrun for tutorial_dag to None, run_after=None
[2024-10-08T15:15:10.616+0900] {processor.py:208} INFO - Processing /Users/alookso/1007MLpj/myenv/lib/python3.10/site-packages/airflow/example_dags/tutorial_dag.py took 0.210 seconds
[2024-10-08T15:18:17.949+0900] {processor.py:186} INFO - Started process (PID=23316) to work on /Users/alookso/1007MLpj/myenv/lib/python3.10/site-packages/airflow/example_dags/tutorial_dag.py
[2024-10-08T15:18:17.949+0900] {processor.py:914} INFO - Processing file /Users/alookso/1007MLpj/myenv/lib/python3.10/site-packages/airflow/example_dags/tutorial_dag.py for tasks to queue
[2024-10-08T15:18:17.950+0900] {logging_mixin.py:190} INFO - [2024-10-08T15:18:17.950+0900] {dagbag.py:588} INFO - Filling up the DagBag from /Users/alookso/1007MLpj/myenv/lib/python3.10/site-packages/airflow/example_dags/tutorial_dag.py
[2024-10-08T15:18:17.977+0900] {processor.py:925} INFO - DAG(s) 'tutorial_dag' retrieved from /Users/alookso/1007MLpj/myenv/lib/python3.10/site-packages/airflow/example_dags/tutorial_dag.py
[2024-10-08T15:18:18.104+0900] {logging_mixin.py:190} INFO - [2024-10-08T15:18:18.104+0900] {dag.py:3239} INFO - Sync 1 DAGs
[2024-10-08T15:18:18.117+0900] {logging_mixin.py:190} INFO - [2024-10-08T15:18:18.116+0900] {dag.py:4180} INFO - Setting next_dagrun for tutorial_dag to None, run_after=None
[2024-10-08T15:18:18.135+0900] {processor.py:208} INFO - Processing /Users/alookso/1007MLpj/myenv/lib/python3.10/site-packages/airflow/example_dags/tutorial_dag.py took 0.191 seconds
[2024-10-08T15:21:26.790+0900] {processor.py:186} INFO - Started process (PID=23403) to work on /Users/alookso/1007MLpj/myenv/lib/python3.10/site-packages/airflow/example_dags/tutorial_dag.py
[2024-10-08T15:21:26.791+0900] {processor.py:914} INFO - Processing file /Users/alookso/1007MLpj/myenv/lib/python3.10/site-packages/airflow/example_dags/tutorial_dag.py for tasks to queue
[2024-10-08T15:21:26.792+0900] {logging_mixin.py:190} INFO - [2024-10-08T15:21:26.792+0900] {dagbag.py:588} INFO - Filling up the DagBag from /Users/alookso/1007MLpj/myenv/lib/python3.10/site-packages/airflow/example_dags/tutorial_dag.py
[2024-10-08T15:21:26.820+0900] {processor.py:925} INFO - DAG(s) 'tutorial_dag' retrieved from /Users/alookso/1007MLpj/myenv/lib/python3.10/site-packages/airflow/example_dags/tutorial_dag.py
[2024-10-08T15:21:26.945+0900] {logging_mixin.py:190} INFO - [2024-10-08T15:21:26.944+0900] {dag.py:3239} INFO - Sync 1 DAGs
[2024-10-08T15:21:26.957+0900] {logging_mixin.py:190} INFO - [2024-10-08T15:21:26.957+0900] {dag.py:4180} INFO - Setting next_dagrun for tutorial_dag to None, run_after=None
[2024-10-08T15:21:26.976+0900] {processor.py:208} INFO - Processing /Users/alookso/1007MLpj/myenv/lib/python3.10/site-packages/airflow/example_dags/tutorial_dag.py took 0.190 seconds
[2024-10-08T15:24:30.877+0900] {processor.py:186} INFO - Started process (PID=23497) to work on /Users/alookso/1007MLpj/myenv/lib/python3.10/site-packages/airflow/example_dags/tutorial_dag.py
[2024-10-08T15:24:30.878+0900] {processor.py:914} INFO - Processing file /Users/alookso/1007MLpj/myenv/lib/python3.10/site-packages/airflow/example_dags/tutorial_dag.py for tasks to queue
[2024-10-08T15:24:30.879+0900] {logging_mixin.py:190} INFO - [2024-10-08T15:24:30.879+0900] {dagbag.py:588} INFO - Filling up the DagBag from /Users/alookso/1007MLpj/myenv/lib/python3.10/site-packages/airflow/example_dags/tutorial_dag.py
[2024-10-08T15:24:30.906+0900] {processor.py:925} INFO - DAG(s) 'tutorial_dag' retrieved from /Users/alookso/1007MLpj/myenv/lib/python3.10/site-packages/airflow/example_dags/tutorial_dag.py
[2024-10-08T15:24:31.031+0900] {logging_mixin.py:190} INFO - [2024-10-08T15:24:31.031+0900] {dag.py:3239} INFO - Sync 1 DAGs
[2024-10-08T15:24:31.044+0900] {logging_mixin.py:190} INFO - [2024-10-08T15:24:31.044+0900] {dag.py:4180} INFO - Setting next_dagrun for tutorial_dag to None, run_after=None
[2024-10-08T15:24:31.063+0900] {processor.py:208} INFO - Processing /Users/alookso/1007MLpj/myenv/lib/python3.10/site-packages/airflow/example_dags/tutorial_dag.py took 0.190 seconds
[2024-10-08T15:27:32.842+0900] {processor.py:186} INFO - Started process (PID=23592) to work on /Users/alookso/1007MLpj/myenv/lib/python3.10/site-packages/airflow/example_dags/tutorial_dag.py
[2024-10-08T15:27:32.843+0900] {processor.py:914} INFO - Processing file /Users/alookso/1007MLpj/myenv/lib/python3.10/site-packages/airflow/example_dags/tutorial_dag.py for tasks to queue
[2024-10-08T15:27:32.844+0900] {logging_mixin.py:190} INFO - [2024-10-08T15:27:32.844+0900] {dagbag.py:588} INFO - Filling up the DagBag from /Users/alookso/1007MLpj/myenv/lib/python3.10/site-packages/airflow/example_dags/tutorial_dag.py
[2024-10-08T15:27:32.872+0900] {processor.py:925} INFO - DAG(s) 'tutorial_dag' retrieved from /Users/alookso/1007MLpj/myenv/lib/python3.10/site-packages/airflow/example_dags/tutorial_dag.py
[2024-10-08T15:27:33.002+0900] {logging_mixin.py:190} INFO - [2024-10-08T15:27:33.001+0900] {dag.py:3239} INFO - Sync 1 DAGs
[2024-10-08T15:27:33.014+0900] {logging_mixin.py:190} INFO - [2024-10-08T15:27:33.014+0900] {dag.py:4180} INFO - Setting next_dagrun for tutorial_dag to None, run_after=None
[2024-10-08T15:27:33.033+0900] {processor.py:208} INFO - Processing /Users/alookso/1007MLpj/myenv/lib/python3.10/site-packages/airflow/example_dags/tutorial_dag.py took 0.196 seconds
[2024-10-08T15:30:34.085+0900] {processor.py:186} INFO - Started process (PID=23712) to work on /Users/alookso/1007MLpj/myenv/lib/python3.10/site-packages/airflow/example_dags/tutorial_dag.py
[2024-10-08T15:30:34.086+0900] {processor.py:914} INFO - Processing file /Users/alookso/1007MLpj/myenv/lib/python3.10/site-packages/airflow/example_dags/tutorial_dag.py for tasks to queue
[2024-10-08T15:30:34.087+0900] {logging_mixin.py:190} INFO - [2024-10-08T15:30:34.087+0900] {dagbag.py:588} INFO - Filling up the DagBag from /Users/alookso/1007MLpj/myenv/lib/python3.10/site-packages/airflow/example_dags/tutorial_dag.py
[2024-10-08T15:30:34.116+0900] {processor.py:925} INFO - DAG(s) 'tutorial_dag' retrieved from /Users/alookso/1007MLpj/myenv/lib/python3.10/site-packages/airflow/example_dags/tutorial_dag.py
[2024-10-08T15:30:34.241+0900] {logging_mixin.py:190} INFO - [2024-10-08T15:30:34.240+0900] {dag.py:3239} INFO - Sync 1 DAGs
[2024-10-08T15:30:34.253+0900] {logging_mixin.py:190} INFO - [2024-10-08T15:30:34.253+0900] {dag.py:4180} INFO - Setting next_dagrun for tutorial_dag to None, run_after=None
[2024-10-08T15:30:34.272+0900] {processor.py:208} INFO - Processing /Users/alookso/1007MLpj/myenv/lib/python3.10/site-packages/airflow/example_dags/tutorial_dag.py took 0.192 seconds
[2024-10-08T15:33:36.180+0900] {processor.py:186} INFO - Started process (PID=23807) to work on /Users/alookso/1007MLpj/myenv/lib/python3.10/site-packages/airflow/example_dags/tutorial_dag.py
[2024-10-08T15:33:36.181+0900] {processor.py:914} INFO - Processing file /Users/alookso/1007MLpj/myenv/lib/python3.10/site-packages/airflow/example_dags/tutorial_dag.py for tasks to queue
[2024-10-08T15:33:36.181+0900] {logging_mixin.py:190} INFO - [2024-10-08T15:33:36.181+0900] {dagbag.py:588} INFO - Filling up the DagBag from /Users/alookso/1007MLpj/myenv/lib/python3.10/site-packages/airflow/example_dags/tutorial_dag.py
[2024-10-08T15:33:36.210+0900] {processor.py:925} INFO - DAG(s) 'tutorial_dag' retrieved from /Users/alookso/1007MLpj/myenv/lib/python3.10/site-packages/airflow/example_dags/tutorial_dag.py
[2024-10-08T15:33:36.343+0900] {logging_mixin.py:190} INFO - [2024-10-08T15:33:36.343+0900] {dag.py:3239} INFO - Sync 1 DAGs
[2024-10-08T15:33:36.356+0900] {logging_mixin.py:190} INFO - [2024-10-08T15:33:36.356+0900] {dag.py:4180} INFO - Setting next_dagrun for tutorial_dag to None, run_after=None
[2024-10-08T15:33:36.376+0900] {processor.py:208} INFO - Processing /Users/alookso/1007MLpj/myenv/lib/python3.10/site-packages/airflow/example_dags/tutorial_dag.py took 0.201 seconds
[2024-10-08T15:35:17.562+0900] {processor.py:186} INFO - Started process (PID=23880) to work on /Users/alookso/1007MLpj/myenv/lib/python3.10/site-packages/airflow/example_dags/tutorial_dag.py
[2024-10-08T15:35:17.563+0900] {processor.py:914} INFO - Processing file /Users/alookso/1007MLpj/myenv/lib/python3.10/site-packages/airflow/example_dags/tutorial_dag.py for tasks to queue
[2024-10-08T15:35:17.564+0900] {logging_mixin.py:190} INFO - [2024-10-08T15:35:17.564+0900] {dagbag.py:588} INFO - Filling up the DagBag from /Users/alookso/1007MLpj/myenv/lib/python3.10/site-packages/airflow/example_dags/tutorial_dag.py
[2024-10-08T15:35:17.593+0900] {processor.py:925} INFO - DAG(s) 'tutorial_dag' retrieved from /Users/alookso/1007MLpj/myenv/lib/python3.10/site-packages/airflow/example_dags/tutorial_dag.py
[2024-10-08T15:35:17.723+0900] {logging_mixin.py:190} INFO - [2024-10-08T15:35:17.723+0900] {dag.py:3239} INFO - Sync 1 DAGs
[2024-10-08T15:35:17.735+0900] {logging_mixin.py:190} INFO - [2024-10-08T15:35:17.735+0900] {dag.py:4180} INFO - Setting next_dagrun for tutorial_dag to None, run_after=None
[2024-10-08T15:35:17.755+0900] {processor.py:208} INFO - Processing /Users/alookso/1007MLpj/myenv/lib/python3.10/site-packages/airflow/example_dags/tutorial_dag.py took 0.199 seconds
[2024-10-08T15:38:21.994+0900] {processor.py:186} INFO - Started process (PID=24006) to work on /Users/alookso/1007MLpj/myenv/lib/python3.10/site-packages/airflow/example_dags/tutorial_dag.py
[2024-10-08T15:38:21.995+0900] {processor.py:914} INFO - Processing file /Users/alookso/1007MLpj/myenv/lib/python3.10/site-packages/airflow/example_dags/tutorial_dag.py for tasks to queue
[2024-10-08T15:38:21.996+0900] {logging_mixin.py:190} INFO - [2024-10-08T15:38:21.995+0900] {dagbag.py:588} INFO - Filling up the DagBag from /Users/alookso/1007MLpj/myenv/lib/python3.10/site-packages/airflow/example_dags/tutorial_dag.py
[2024-10-08T15:38:22.026+0900] {processor.py:925} INFO - DAG(s) 'tutorial_dag' retrieved from /Users/alookso/1007MLpj/myenv/lib/python3.10/site-packages/airflow/example_dags/tutorial_dag.py
[2024-10-08T15:38:22.173+0900] {logging_mixin.py:190} INFO - [2024-10-08T15:38:22.173+0900] {dag.py:3239} INFO - Sync 1 DAGs
[2024-10-08T15:38:22.188+0900] {logging_mixin.py:190} INFO - [2024-10-08T15:38:22.187+0900] {dag.py:4180} INFO - Setting next_dagrun for tutorial_dag to None, run_after=None
[2024-10-08T15:38:22.211+0900] {processor.py:208} INFO - Processing /Users/alookso/1007MLpj/myenv/lib/python3.10/site-packages/airflow/example_dags/tutorial_dag.py took 0.223 seconds
[2024-10-08T16:35:56.567+0900] {processor.py:186} INFO - Started process (PID=24967) to work on /Users/alookso/1007MLpj/myenv/lib/python3.10/site-packages/airflow/example_dags/tutorial_dag.py
[2024-10-08T16:35:56.567+0900] {processor.py:914} INFO - Processing file /Users/alookso/1007MLpj/myenv/lib/python3.10/site-packages/airflow/example_dags/tutorial_dag.py for tasks to queue
[2024-10-08T16:35:56.568+0900] {logging_mixin.py:190} INFO - [2024-10-08T16:35:56.568+0900] {dagbag.py:588} INFO - Filling up the DagBag from /Users/alookso/1007MLpj/myenv/lib/python3.10/site-packages/airflow/example_dags/tutorial_dag.py
[2024-10-08T16:35:56.596+0900] {processor.py:925} INFO - DAG(s) 'tutorial_dag' retrieved from /Users/alookso/1007MLpj/myenv/lib/python3.10/site-packages/airflow/example_dags/tutorial_dag.py
[2024-10-08T16:35:56.724+0900] {logging_mixin.py:190} INFO - [2024-10-08T16:35:56.723+0900] {dag.py:3239} INFO - Sync 1 DAGs
[2024-10-08T16:35:56.737+0900] {logging_mixin.py:190} INFO - [2024-10-08T16:35:56.736+0900] {dag.py:4180} INFO - Setting next_dagrun for tutorial_dag to None, run_after=None
[2024-10-08T16:35:56.756+0900] {processor.py:208} INFO - Processing /Users/alookso/1007MLpj/myenv/lib/python3.10/site-packages/airflow/example_dags/tutorial_dag.py took 0.193 seconds
[2024-10-08T16:39:29.641+0900] {processor.py:186} INFO - Started process (PID=25138) to work on /Users/alookso/1007MLpj/myenv/lib/python3.10/site-packages/airflow/example_dags/tutorial_dag.py
[2024-10-08T16:39:29.643+0900] {processor.py:914} INFO - Processing file /Users/alookso/1007MLpj/myenv/lib/python3.10/site-packages/airflow/example_dags/tutorial_dag.py for tasks to queue
[2024-10-08T16:39:29.645+0900] {logging_mixin.py:190} INFO - [2024-10-08T16:39:29.645+0900] {dagbag.py:588} INFO - Filling up the DagBag from /Users/alookso/1007MLpj/myenv/lib/python3.10/site-packages/airflow/example_dags/tutorial_dag.py
[2024-10-08T16:39:29.701+0900] {processor.py:925} INFO - DAG(s) 'tutorial_dag' retrieved from /Users/alookso/1007MLpj/myenv/lib/python3.10/site-packages/airflow/example_dags/tutorial_dag.py
[2024-10-08T16:39:29.829+0900] {logging_mixin.py:190} INFO - [2024-10-08T16:39:29.829+0900] {dag.py:3239} INFO - Sync 1 DAGs
[2024-10-08T16:39:29.842+0900] {logging_mixin.py:190} INFO - [2024-10-08T16:39:29.842+0900] {dag.py:4180} INFO - Setting next_dagrun for tutorial_dag to None, run_after=None
[2024-10-08T16:39:29.862+0900] {processor.py:208} INFO - Processing /Users/alookso/1007MLpj/myenv/lib/python3.10/site-packages/airflow/example_dags/tutorial_dag.py took 0.228 seconds
[2024-10-08T17:27:26.856+0900] {processor.py:186} INFO - Started process (PID=26336) to work on /Users/alookso/1007MLpj/myenv/lib/python3.10/site-packages/airflow/example_dags/tutorial_dag.py
[2024-10-08T17:27:26.856+0900] {processor.py:914} INFO - Processing file /Users/alookso/1007MLpj/myenv/lib/python3.10/site-packages/airflow/example_dags/tutorial_dag.py for tasks to queue
[2024-10-08T17:27:26.857+0900] {logging_mixin.py:190} INFO - [2024-10-08T17:27:26.857+0900] {dagbag.py:588} INFO - Filling up the DagBag from /Users/alookso/1007MLpj/myenv/lib/python3.10/site-packages/airflow/example_dags/tutorial_dag.py
[2024-10-08T17:27:26.886+0900] {processor.py:925} INFO - DAG(s) 'tutorial_dag' retrieved from /Users/alookso/1007MLpj/myenv/lib/python3.10/site-packages/airflow/example_dags/tutorial_dag.py
[2024-10-08T17:27:27.018+0900] {logging_mixin.py:190} INFO - [2024-10-08T17:27:27.018+0900] {dag.py:3239} INFO - Sync 1 DAGs
[2024-10-08T17:27:27.031+0900] {logging_mixin.py:190} INFO - [2024-10-08T17:27:27.031+0900] {dag.py:4180} INFO - Setting next_dagrun for tutorial_dag to None, run_after=None
[2024-10-08T17:27:27.051+0900] {processor.py:208} INFO - Processing /Users/alookso/1007MLpj/myenv/lib/python3.10/site-packages/airflow/example_dags/tutorial_dag.py took 0.201 seconds
[2024-10-08T17:31:14.143+0900] {processor.py:186} INFO - Started process (PID=26528) to work on /Users/alookso/1007MLpj/myenv/lib/python3.10/site-packages/airflow/example_dags/tutorial_dag.py
[2024-10-08T17:31:14.144+0900] {processor.py:914} INFO - Processing file /Users/alookso/1007MLpj/myenv/lib/python3.10/site-packages/airflow/example_dags/tutorial_dag.py for tasks to queue
[2024-10-08T17:31:14.145+0900] {logging_mixin.py:190} INFO - [2024-10-08T17:31:14.145+0900] {dagbag.py:588} INFO - Filling up the DagBag from /Users/alookso/1007MLpj/myenv/lib/python3.10/site-packages/airflow/example_dags/tutorial_dag.py
[2024-10-08T17:31:14.178+0900] {processor.py:925} INFO - DAG(s) 'tutorial_dag' retrieved from /Users/alookso/1007MLpj/myenv/lib/python3.10/site-packages/airflow/example_dags/tutorial_dag.py
[2024-10-08T17:31:14.325+0900] {logging_mixin.py:190} INFO - [2024-10-08T17:31:14.325+0900] {dag.py:3239} INFO - Sync 1 DAGs
[2024-10-08T17:31:14.340+0900] {logging_mixin.py:190} INFO - [2024-10-08T17:31:14.340+0900] {dag.py:4180} INFO - Setting next_dagrun for tutorial_dag to None, run_after=None
[2024-10-08T17:31:14.365+0900] {processor.py:208} INFO - Processing /Users/alookso/1007MLpj/myenv/lib/python3.10/site-packages/airflow/example_dags/tutorial_dag.py took 0.229 seconds
[2024-10-08T17:42:20.470+0900] {processor.py:186} INFO - Started process (PID=26869) to work on /Users/alookso/1007MLpj/myenv/lib/python3.10/site-packages/airflow/example_dags/tutorial_dag.py
[2024-10-08T17:42:20.471+0900] {processor.py:914} INFO - Processing file /Users/alookso/1007MLpj/myenv/lib/python3.10/site-packages/airflow/example_dags/tutorial_dag.py for tasks to queue
[2024-10-08T17:42:20.472+0900] {logging_mixin.py:190} INFO - [2024-10-08T17:42:20.471+0900] {dagbag.py:588} INFO - Filling up the DagBag from /Users/alookso/1007MLpj/myenv/lib/python3.10/site-packages/airflow/example_dags/tutorial_dag.py
[2024-10-08T17:42:20.501+0900] {processor.py:925} INFO - DAG(s) 'tutorial_dag' retrieved from /Users/alookso/1007MLpj/myenv/lib/python3.10/site-packages/airflow/example_dags/tutorial_dag.py
[2024-10-08T17:42:20.632+0900] {logging_mixin.py:190} INFO - [2024-10-08T17:42:20.632+0900] {dag.py:3239} INFO - Sync 1 DAGs
[2024-10-08T17:42:20.645+0900] {logging_mixin.py:190} INFO - [2024-10-08T17:42:20.645+0900] {dag.py:4180} INFO - Setting next_dagrun for tutorial_dag to None, run_after=None
[2024-10-08T17:42:20.665+0900] {processor.py:208} INFO - Processing /Users/alookso/1007MLpj/myenv/lib/python3.10/site-packages/airflow/example_dags/tutorial_dag.py took 0.200 seconds
[2024-10-08T17:54:45.935+0900] {processor.py:186} INFO - Started process (PID=27284) to work on /Users/alookso/1007MLpj/myenv/lib/python3.10/site-packages/airflow/example_dags/tutorial_dag.py
[2024-10-08T17:54:45.936+0900] {processor.py:914} INFO - Processing file /Users/alookso/1007MLpj/myenv/lib/python3.10/site-packages/airflow/example_dags/tutorial_dag.py for tasks to queue
[2024-10-08T17:54:45.937+0900] {logging_mixin.py:190} INFO - [2024-10-08T17:54:45.937+0900] {dagbag.py:588} INFO - Filling up the DagBag from /Users/alookso/1007MLpj/myenv/lib/python3.10/site-packages/airflow/example_dags/tutorial_dag.py
[2024-10-08T17:54:45.965+0900] {processor.py:925} INFO - DAG(s) 'tutorial_dag' retrieved from /Users/alookso/1007MLpj/myenv/lib/python3.10/site-packages/airflow/example_dags/tutorial_dag.py
[2024-10-08T17:54:46.092+0900] {logging_mixin.py:190} INFO - [2024-10-08T17:54:46.092+0900] {dag.py:3239} INFO - Sync 1 DAGs
[2024-10-08T17:54:46.105+0900] {logging_mixin.py:190} INFO - [2024-10-08T17:54:46.105+0900] {dag.py:4180} INFO - Setting next_dagrun for tutorial_dag to None, run_after=None
[2024-10-08T17:54:46.125+0900] {processor.py:208} INFO - Processing /Users/alookso/1007MLpj/myenv/lib/python3.10/site-packages/airflow/example_dags/tutorial_dag.py took 0.195 seconds
[2024-10-08T17:58:15.921+0900] {processor.py:186} INFO - Started process (PID=27416) to work on /Users/alookso/1007MLpj/myenv/lib/python3.10/site-packages/airflow/example_dags/tutorial_dag.py
[2024-10-08T17:58:15.922+0900] {processor.py:914} INFO - Processing file /Users/alookso/1007MLpj/myenv/lib/python3.10/site-packages/airflow/example_dags/tutorial_dag.py for tasks to queue
[2024-10-08T17:58:15.923+0900] {logging_mixin.py:190} INFO - [2024-10-08T17:58:15.923+0900] {dagbag.py:588} INFO - Filling up the DagBag from /Users/alookso/1007MLpj/myenv/lib/python3.10/site-packages/airflow/example_dags/tutorial_dag.py
[2024-10-08T17:58:15.951+0900] {processor.py:925} INFO - DAG(s) 'tutorial_dag' retrieved from /Users/alookso/1007MLpj/myenv/lib/python3.10/site-packages/airflow/example_dags/tutorial_dag.py
[2024-10-08T17:58:16.079+0900] {logging_mixin.py:190} INFO - [2024-10-08T17:58:16.079+0900] {dag.py:3239} INFO - Sync 1 DAGs
[2024-10-08T17:58:16.092+0900] {logging_mixin.py:190} INFO - [2024-10-08T17:58:16.092+0900] {dag.py:4180} INFO - Setting next_dagrun for tutorial_dag to None, run_after=None
[2024-10-08T17:58:16.111+0900] {processor.py:208} INFO - Processing /Users/alookso/1007MLpj/myenv/lib/python3.10/site-packages/airflow/example_dags/tutorial_dag.py took 0.194 seconds
[2024-10-08T17:59:23.240+0900] {processor.py:186} INFO - Started process (PID=27475) to work on /Users/alookso/1007MLpj/myenv/lib/python3.10/site-packages/airflow/example_dags/tutorial_dag.py
[2024-10-08T17:59:23.240+0900] {processor.py:914} INFO - Processing file /Users/alookso/1007MLpj/myenv/lib/python3.10/site-packages/airflow/example_dags/tutorial_dag.py for tasks to queue
[2024-10-08T17:59:23.241+0900] {logging_mixin.py:190} INFO - [2024-10-08T17:59:23.241+0900] {dagbag.py:588} INFO - Filling up the DagBag from /Users/alookso/1007MLpj/myenv/lib/python3.10/site-packages/airflow/example_dags/tutorial_dag.py
[2024-10-08T17:59:23.269+0900] {processor.py:925} INFO - DAG(s) 'tutorial_dag' retrieved from /Users/alookso/1007MLpj/myenv/lib/python3.10/site-packages/airflow/example_dags/tutorial_dag.py
[2024-10-08T17:59:23.399+0900] {logging_mixin.py:190} INFO - [2024-10-08T17:59:23.399+0900] {dag.py:3239} INFO - Sync 1 DAGs
[2024-10-08T17:59:23.412+0900] {logging_mixin.py:190} INFO - [2024-10-08T17:59:23.412+0900] {dag.py:4180} INFO - Setting next_dagrun for tutorial_dag to None, run_after=None
[2024-10-08T17:59:23.431+0900] {processor.py:208} INFO - Processing /Users/alookso/1007MLpj/myenv/lib/python3.10/site-packages/airflow/example_dags/tutorial_dag.py took 0.196 seconds
[2024-10-08T18:03:07.659+0900] {processor.py:186} INFO - Started process (PID=27624) to work on /Users/alookso/1007MLpj/myenv/lib/python3.10/site-packages/airflow/example_dags/tutorial_dag.py
[2024-10-08T18:03:07.660+0900] {processor.py:914} INFO - Processing file /Users/alookso/1007MLpj/myenv/lib/python3.10/site-packages/airflow/example_dags/tutorial_dag.py for tasks to queue
[2024-10-08T18:03:07.661+0900] {logging_mixin.py:190} INFO - [2024-10-08T18:03:07.660+0900] {dagbag.py:588} INFO - Filling up the DagBag from /Users/alookso/1007MLpj/myenv/lib/python3.10/site-packages/airflow/example_dags/tutorial_dag.py
[2024-10-08T18:03:07.693+0900] {processor.py:925} INFO - DAG(s) 'tutorial_dag' retrieved from /Users/alookso/1007MLpj/myenv/lib/python3.10/site-packages/airflow/example_dags/tutorial_dag.py
[2024-10-08T18:03:07.823+0900] {logging_mixin.py:190} INFO - [2024-10-08T18:03:07.822+0900] {dag.py:3239} INFO - Sync 1 DAGs
[2024-10-08T18:03:07.835+0900] {logging_mixin.py:190} INFO - [2024-10-08T18:03:07.835+0900] {dag.py:4180} INFO - Setting next_dagrun for tutorial_dag to None, run_after=None
[2024-10-08T18:03:07.854+0900] {processor.py:208} INFO - Processing /Users/alookso/1007MLpj/myenv/lib/python3.10/site-packages/airflow/example_dags/tutorial_dag.py took 0.200 seconds
[2024-10-08T18:05:40.070+0900] {processor.py:186} INFO - Started process (PID=27742) to work on /Users/alookso/1007MLpj/myenv/lib/python3.10/site-packages/airflow/example_dags/tutorial_dag.py
[2024-10-08T18:05:40.071+0900] {processor.py:914} INFO - Processing file /Users/alookso/1007MLpj/myenv/lib/python3.10/site-packages/airflow/example_dags/tutorial_dag.py for tasks to queue
[2024-10-08T18:05:40.072+0900] {logging_mixin.py:190} INFO - [2024-10-08T18:05:40.072+0900] {dagbag.py:588} INFO - Filling up the DagBag from /Users/alookso/1007MLpj/myenv/lib/python3.10/site-packages/airflow/example_dags/tutorial_dag.py
[2024-10-08T18:05:40.100+0900] {processor.py:925} INFO - DAG(s) 'tutorial_dag' retrieved from /Users/alookso/1007MLpj/myenv/lib/python3.10/site-packages/airflow/example_dags/tutorial_dag.py
[2024-10-08T18:05:40.228+0900] {logging_mixin.py:190} INFO - [2024-10-08T18:05:40.228+0900] {dag.py:3239} INFO - Sync 1 DAGs
[2024-10-08T18:05:40.241+0900] {logging_mixin.py:190} INFO - [2024-10-08T18:05:40.241+0900] {dag.py:4180} INFO - Setting next_dagrun for tutorial_dag to None, run_after=None
[2024-10-08T18:05:40.260+0900] {processor.py:208} INFO - Processing /Users/alookso/1007MLpj/myenv/lib/python3.10/site-packages/airflow/example_dags/tutorial_dag.py took 0.194 seconds
[2024-10-08T18:09:19.062+0900] {processor.py:186} INFO - Started process (PID=27840) to work on /Users/alookso/1007MLpj/myenv/lib/python3.10/site-packages/airflow/example_dags/tutorial_dag.py
[2024-10-08T18:09:19.063+0900] {processor.py:914} INFO - Processing file /Users/alookso/1007MLpj/myenv/lib/python3.10/site-packages/airflow/example_dags/tutorial_dag.py for tasks to queue
[2024-10-08T18:09:19.063+0900] {logging_mixin.py:190} INFO - [2024-10-08T18:09:19.063+0900] {dagbag.py:588} INFO - Filling up the DagBag from /Users/alookso/1007MLpj/myenv/lib/python3.10/site-packages/airflow/example_dags/tutorial_dag.py
[2024-10-08T18:09:19.091+0900] {processor.py:925} INFO - DAG(s) 'tutorial_dag' retrieved from /Users/alookso/1007MLpj/myenv/lib/python3.10/site-packages/airflow/example_dags/tutorial_dag.py
[2024-10-08T18:09:19.219+0900] {logging_mixin.py:190} INFO - [2024-10-08T18:09:19.219+0900] {dag.py:3239} INFO - Sync 1 DAGs
[2024-10-08T18:09:19.231+0900] {logging_mixin.py:190} INFO - [2024-10-08T18:09:19.231+0900] {dag.py:4180} INFO - Setting next_dagrun for tutorial_dag to None, run_after=None
[2024-10-08T18:09:19.251+0900] {processor.py:208} INFO - Processing /Users/alookso/1007MLpj/myenv/lib/python3.10/site-packages/airflow/example_dags/tutorial_dag.py took 0.194 seconds
[2024-10-08T18:12:31.191+0900] {processor.py:186} INFO - Started process (PID=27943) to work on /Users/alookso/1007MLpj/myenv/lib/python3.10/site-packages/airflow/example_dags/tutorial_dag.py
[2024-10-08T18:12:31.192+0900] {processor.py:914} INFO - Processing file /Users/alookso/1007MLpj/myenv/lib/python3.10/site-packages/airflow/example_dags/tutorial_dag.py for tasks to queue
[2024-10-08T18:12:31.193+0900] {logging_mixin.py:190} INFO - [2024-10-08T18:12:31.192+0900] {dagbag.py:588} INFO - Filling up the DagBag from /Users/alookso/1007MLpj/myenv/lib/python3.10/site-packages/airflow/example_dags/tutorial_dag.py
[2024-10-08T18:12:31.219+0900] {processor.py:925} INFO - DAG(s) 'tutorial_dag' retrieved from /Users/alookso/1007MLpj/myenv/lib/python3.10/site-packages/airflow/example_dags/tutorial_dag.py
[2024-10-08T18:12:31.345+0900] {logging_mixin.py:190} INFO - [2024-10-08T18:12:31.345+0900] {dag.py:3239} INFO - Sync 1 DAGs
[2024-10-08T18:12:31.358+0900] {logging_mixin.py:190} INFO - [2024-10-08T18:12:31.357+0900] {dag.py:4180} INFO - Setting next_dagrun for tutorial_dag to None, run_after=None
[2024-10-08T18:12:31.377+0900] {processor.py:208} INFO - Processing /Users/alookso/1007MLpj/myenv/lib/python3.10/site-packages/airflow/example_dags/tutorial_dag.py took 0.190 seconds
[2024-10-08T18:15:40.561+0900] {processor.py:186} INFO - Started process (PID=28045) to work on /Users/alookso/1007MLpj/myenv/lib/python3.10/site-packages/airflow/example_dags/tutorial_dag.py
[2024-10-08T18:15:40.562+0900] {processor.py:914} INFO - Processing file /Users/alookso/1007MLpj/myenv/lib/python3.10/site-packages/airflow/example_dags/tutorial_dag.py for tasks to queue
[2024-10-08T18:15:40.563+0900] {logging_mixin.py:190} INFO - [2024-10-08T18:15:40.563+0900] {dagbag.py:588} INFO - Filling up the DagBag from /Users/alookso/1007MLpj/myenv/lib/python3.10/site-packages/airflow/example_dags/tutorial_dag.py
[2024-10-08T18:15:40.593+0900] {processor.py:925} INFO - DAG(s) 'tutorial_dag' retrieved from /Users/alookso/1007MLpj/myenv/lib/python3.10/site-packages/airflow/example_dags/tutorial_dag.py
[2024-10-08T18:15:40.721+0900] {logging_mixin.py:190} INFO - [2024-10-08T18:15:40.721+0900] {dag.py:3239} INFO - Sync 1 DAGs
[2024-10-08T18:15:40.734+0900] {logging_mixin.py:190} INFO - [2024-10-08T18:15:40.734+0900] {dag.py:4180} INFO - Setting next_dagrun for tutorial_dag to None, run_after=None
[2024-10-08T18:15:40.754+0900] {processor.py:208} INFO - Processing /Users/alookso/1007MLpj/myenv/lib/python3.10/site-packages/airflow/example_dags/tutorial_dag.py took 0.199 seconds
[2024-10-08T18:18:51.427+0900] {processor.py:186} INFO - Started process (PID=28130) to work on /Users/alookso/1007MLpj/myenv/lib/python3.10/site-packages/airflow/example_dags/tutorial_dag.py
[2024-10-08T18:18:51.429+0900] {processor.py:914} INFO - Processing file /Users/alookso/1007MLpj/myenv/lib/python3.10/site-packages/airflow/example_dags/tutorial_dag.py for tasks to queue
[2024-10-08T18:18:51.431+0900] {logging_mixin.py:190} INFO - [2024-10-08T18:18:51.430+0900] {dagbag.py:588} INFO - Filling up the DagBag from /Users/alookso/1007MLpj/myenv/lib/python3.10/site-packages/airflow/example_dags/tutorial_dag.py
[2024-10-08T18:18:51.486+0900] {processor.py:925} INFO - DAG(s) 'tutorial_dag' retrieved from /Users/alookso/1007MLpj/myenv/lib/python3.10/site-packages/airflow/example_dags/tutorial_dag.py
[2024-10-08T18:18:51.743+0900] {logging_mixin.py:190} INFO - [2024-10-08T18:18:51.743+0900] {dag.py:3239} INFO - Sync 1 DAGs
[2024-10-08T18:18:51.757+0900] {logging_mixin.py:190} INFO - [2024-10-08T18:18:51.757+0900] {dag.py:4180} INFO - Setting next_dagrun for tutorial_dag to None, run_after=None
[2024-10-08T18:18:51.785+0900] {processor.py:208} INFO - Processing /Users/alookso/1007MLpj/myenv/lib/python3.10/site-packages/airflow/example_dags/tutorial_dag.py took 0.366 seconds
[2024-10-08T18:21:34.082+0900] {processor.py:186} INFO - Started process (PID=28250) to work on /Users/alookso/1007MLpj/myenv/lib/python3.10/site-packages/airflow/example_dags/tutorial_dag.py
[2024-10-08T18:21:34.083+0900] {processor.py:914} INFO - Processing file /Users/alookso/1007MLpj/myenv/lib/python3.10/site-packages/airflow/example_dags/tutorial_dag.py for tasks to queue
[2024-10-08T18:21:34.084+0900] {logging_mixin.py:190} INFO - [2024-10-08T18:21:34.084+0900] {dagbag.py:588} INFO - Filling up the DagBag from /Users/alookso/1007MLpj/myenv/lib/python3.10/site-packages/airflow/example_dags/tutorial_dag.py
[2024-10-08T18:21:34.128+0900] {processor.py:925} INFO - DAG(s) 'tutorial_dag' retrieved from /Users/alookso/1007MLpj/myenv/lib/python3.10/site-packages/airflow/example_dags/tutorial_dag.py
[2024-10-08T18:21:34.278+0900] {logging_mixin.py:190} INFO - [2024-10-08T18:21:34.278+0900] {dag.py:3239} INFO - Sync 1 DAGs
[2024-10-08T18:21:34.291+0900] {logging_mixin.py:190} INFO - [2024-10-08T18:21:34.291+0900] {dag.py:4180} INFO - Setting next_dagrun for tutorial_dag to None, run_after=None
[2024-10-08T18:21:34.312+0900] {processor.py:208} INFO - Processing /Users/alookso/1007MLpj/myenv/lib/python3.10/site-packages/airflow/example_dags/tutorial_dag.py took 0.236 seconds
[2024-10-08T18:32:35.358+0900] {processor.py:186} INFO - Started process (PID=28679) to work on /Users/alookso/1007MLpj/myenv/lib/python3.10/site-packages/airflow/example_dags/tutorial_dag.py
[2024-10-08T18:32:35.359+0900] {processor.py:914} INFO - Processing file /Users/alookso/1007MLpj/myenv/lib/python3.10/site-packages/airflow/example_dags/tutorial_dag.py for tasks to queue
[2024-10-08T18:32:35.360+0900] {logging_mixin.py:190} INFO - [2024-10-08T18:32:35.360+0900] {dagbag.py:588} INFO - Filling up the DagBag from /Users/alookso/1007MLpj/myenv/lib/python3.10/site-packages/airflow/example_dags/tutorial_dag.py
[2024-10-08T18:32:35.390+0900] {processor.py:925} INFO - DAG(s) 'tutorial_dag' retrieved from /Users/alookso/1007MLpj/myenv/lib/python3.10/site-packages/airflow/example_dags/tutorial_dag.py
[2024-10-08T18:32:35.545+0900] {logging_mixin.py:190} INFO - [2024-10-08T18:32:35.545+0900] {dag.py:3239} INFO - Sync 1 DAGs
[2024-10-08T18:32:35.558+0900] {logging_mixin.py:190} INFO - [2024-10-08T18:32:35.558+0900] {dag.py:4180} INFO - Setting next_dagrun for tutorial_dag to None, run_after=None
[2024-10-08T18:32:35.580+0900] {processor.py:208} INFO - Processing /Users/alookso/1007MLpj/myenv/lib/python3.10/site-packages/airflow/example_dags/tutorial_dag.py took 0.227 seconds
[2024-10-08T18:34:30.001+0900] {processor.py:186} INFO - Started process (PID=28780) to work on /Users/alookso/1007MLpj/myenv/lib/python3.10/site-packages/airflow/example_dags/tutorial_dag.py
[2024-10-08T18:34:30.002+0900] {processor.py:914} INFO - Processing file /Users/alookso/1007MLpj/myenv/lib/python3.10/site-packages/airflow/example_dags/tutorial_dag.py for tasks to queue
[2024-10-08T18:34:30.003+0900] {logging_mixin.py:190} INFO - [2024-10-08T18:34:30.002+0900] {dagbag.py:588} INFO - Filling up the DagBag from /Users/alookso/1007MLpj/myenv/lib/python3.10/site-packages/airflow/example_dags/tutorial_dag.py
[2024-10-08T18:34:30.031+0900] {processor.py:925} INFO - DAG(s) 'tutorial_dag' retrieved from /Users/alookso/1007MLpj/myenv/lib/python3.10/site-packages/airflow/example_dags/tutorial_dag.py
[2024-10-08T18:34:30.158+0900] {logging_mixin.py:190} INFO - [2024-10-08T18:34:30.158+0900] {dag.py:3239} INFO - Sync 1 DAGs
[2024-10-08T18:34:30.171+0900] {logging_mixin.py:190} INFO - [2024-10-08T18:34:30.171+0900] {dag.py:4180} INFO - Setting next_dagrun for tutorial_dag to None, run_after=None
[2024-10-08T18:34:30.191+0900] {processor.py:208} INFO - Processing /Users/alookso/1007MLpj/myenv/lib/python3.10/site-packages/airflow/example_dags/tutorial_dag.py took 0.195 seconds
[2024-10-08T18:46:09.819+0900] {processor.py:186} INFO - Started process (PID=29237) to work on /Users/alookso/1007MLpj/myenv/lib/python3.10/site-packages/airflow/example_dags/tutorial_dag.py
[2024-10-08T18:46:09.819+0900] {processor.py:914} INFO - Processing file /Users/alookso/1007MLpj/myenv/lib/python3.10/site-packages/airflow/example_dags/tutorial_dag.py for tasks to queue
[2024-10-08T18:46:09.820+0900] {logging_mixin.py:190} INFO - [2024-10-08T18:46:09.820+0900] {dagbag.py:588} INFO - Filling up the DagBag from /Users/alookso/1007MLpj/myenv/lib/python3.10/site-packages/airflow/example_dags/tutorial_dag.py
[2024-10-08T18:46:09.848+0900] {processor.py:925} INFO - DAG(s) 'tutorial_dag' retrieved from /Users/alookso/1007MLpj/myenv/lib/python3.10/site-packages/airflow/example_dags/tutorial_dag.py
[2024-10-08T18:46:09.975+0900] {logging_mixin.py:190} INFO - [2024-10-08T18:46:09.975+0900] {dag.py:3239} INFO - Sync 1 DAGs
[2024-10-08T18:46:09.988+0900] {logging_mixin.py:190} INFO - [2024-10-08T18:46:09.988+0900] {dag.py:4180} INFO - Setting next_dagrun for tutorial_dag to None, run_after=None
[2024-10-08T18:46:10.008+0900] {processor.py:208} INFO - Processing /Users/alookso/1007MLpj/myenv/lib/python3.10/site-packages/airflow/example_dags/tutorial_dag.py took 0.194 seconds
