[2024-10-08T14:43:21.522+0900] {processor.py:186} INFO - Started process (PID=22235) to work on /Users/alookso/1007MLpj/myenv/lib/python3.10/site-packages/airflow/example_dags/tutorial_taskflow_api.py
[2024-10-08T14:43:21.523+0900] {processor.py:914} INFO - Processing file /Users/alookso/1007MLpj/myenv/lib/python3.10/site-packages/airflow/example_dags/tutorial_taskflow_api.py for tasks to queue
[2024-10-08T14:43:21.525+0900] {logging_mixin.py:190} INFO - [2024-10-08T14:43:21.524+0900] {dagbag.py:588} INFO - Filling up the DagBag from /Users/alookso/1007MLpj/myenv/lib/python3.10/site-packages/airflow/example_dags/tutorial_taskflow_api.py
[2024-10-08T14:43:21.570+0900] {processor.py:925} INFO - DAG(s) 'tutorial_taskflow_api' retrieved from /Users/alookso/1007MLpj/myenv/lib/python3.10/site-packages/airflow/example_dags/tutorial_taskflow_api.py
[2024-10-08T14:43:21.823+0900] {logging_mixin.py:190} INFO - [2024-10-08T14:43:21.822+0900] {override.py:1901} INFO - Created Permission View: can edit on DAG:tutorial_taskflow_api
[2024-10-08T14:43:21.833+0900] {logging_mixin.py:190} INFO - [2024-10-08T14:43:21.833+0900] {override.py:1901} INFO - Created Permission View: can delete on DAG:tutorial_taskflow_api
[2024-10-08T14:43:21.841+0900] {logging_mixin.py:190} INFO - [2024-10-08T14:43:21.841+0900] {override.py:1901} INFO - Created Permission View: can read on DAG:tutorial_taskflow_api
[2024-10-08T14:43:21.851+0900] {logging_mixin.py:190} INFO - [2024-10-08T14:43:21.851+0900] {override.py:1901} INFO - Created Permission View: can delete on DAG Run:tutorial_taskflow_api
[2024-10-08T14:43:21.859+0900] {logging_mixin.py:190} INFO - [2024-10-08T14:43:21.859+0900] {override.py:1901} INFO - Created Permission View: can create on DAG Run:tutorial_taskflow_api
[2024-10-08T14:43:21.866+0900] {logging_mixin.py:190} INFO - [2024-10-08T14:43:21.866+0900] {override.py:1901} INFO - Created Permission View: menu access on DAG Run:tutorial_taskflow_api
[2024-10-08T14:43:21.874+0900] {logging_mixin.py:190} INFO - [2024-10-08T14:43:21.874+0900] {override.py:1901} INFO - Created Permission View: can read on DAG Run:tutorial_taskflow_api
[2024-10-08T14:43:21.875+0900] {logging_mixin.py:190} INFO - [2024-10-08T14:43:21.875+0900] {dag.py:3239} INFO - Sync 1 DAGs
[2024-10-08T14:43:21.890+0900] {logging_mixin.py:190} INFO - [2024-10-08T14:43:21.890+0900] {dag.py:3262} INFO - Creating ORM DAG for tutorial_taskflow_api
[2024-10-08T14:43:21.891+0900] {logging_mixin.py:190} INFO - [2024-10-08T14:43:21.891+0900] {dag.py:4180} INFO - Setting next_dagrun for tutorial_taskflow_api to None, run_after=None
[2024-10-08T14:43:21.910+0900] {processor.py:208} INFO - Processing /Users/alookso/1007MLpj/myenv/lib/python3.10/site-packages/airflow/example_dags/tutorial_taskflow_api.py took 0.394 seconds
[2024-10-08T14:47:11.541+0900] {processor.py:186} INFO - Started process (PID=22325) to work on /Users/alookso/1007MLpj/myenv/lib/python3.10/site-packages/airflow/example_dags/tutorial_taskflow_api.py
[2024-10-08T14:47:11.542+0900] {processor.py:914} INFO - Processing file /Users/alookso/1007MLpj/myenv/lib/python3.10/site-packages/airflow/example_dags/tutorial_taskflow_api.py for tasks to queue
[2024-10-08T14:47:11.543+0900] {logging_mixin.py:190} INFO - [2024-10-08T14:47:11.543+0900] {dagbag.py:588} INFO - Filling up the DagBag from /Users/alookso/1007MLpj/myenv/lib/python3.10/site-packages/airflow/example_dags/tutorial_taskflow_api.py
[2024-10-08T14:47:11.586+0900] {processor.py:925} INFO - DAG(s) 'tutorial_taskflow_api' retrieved from /Users/alookso/1007MLpj/myenv/lib/python3.10/site-packages/airflow/example_dags/tutorial_taskflow_api.py
[2024-10-08T14:47:11.718+0900] {logging_mixin.py:190} INFO - [2024-10-08T14:47:11.718+0900] {dag.py:3239} INFO - Sync 1 DAGs
[2024-10-08T14:47:11.731+0900] {logging_mixin.py:190} INFO - [2024-10-08T14:47:11.731+0900] {dag.py:4180} INFO - Setting next_dagrun for tutorial_taskflow_api to None, run_after=None
[2024-10-08T14:47:11.751+0900] {processor.py:208} INFO - Processing /Users/alookso/1007MLpj/myenv/lib/python3.10/site-packages/airflow/example_dags/tutorial_taskflow_api.py took 0.215 seconds
[2024-10-08T14:50:20.793+0900] {processor.py:186} INFO - Started process (PID=22404) to work on /Users/alookso/1007MLpj/myenv/lib/python3.10/site-packages/airflow/example_dags/tutorial_taskflow_api.py
[2024-10-08T14:50:20.794+0900] {processor.py:914} INFO - Processing file /Users/alookso/1007MLpj/myenv/lib/python3.10/site-packages/airflow/example_dags/tutorial_taskflow_api.py for tasks to queue
[2024-10-08T14:50:20.795+0900] {logging_mixin.py:190} INFO - [2024-10-08T14:50:20.795+0900] {dagbag.py:588} INFO - Filling up the DagBag from /Users/alookso/1007MLpj/myenv/lib/python3.10/site-packages/airflow/example_dags/tutorial_taskflow_api.py
[2024-10-08T14:50:20.838+0900] {processor.py:925} INFO - DAG(s) 'tutorial_taskflow_api' retrieved from /Users/alookso/1007MLpj/myenv/lib/python3.10/site-packages/airflow/example_dags/tutorial_taskflow_api.py
[2024-10-08T14:50:20.972+0900] {logging_mixin.py:190} INFO - [2024-10-08T14:50:20.972+0900] {dag.py:3239} INFO - Sync 1 DAGs
[2024-10-08T14:50:20.985+0900] {logging_mixin.py:190} INFO - [2024-10-08T14:50:20.985+0900] {dag.py:4180} INFO - Setting next_dagrun for tutorial_taskflow_api to None, run_after=None
[2024-10-08T14:50:21.005+0900] {processor.py:208} INFO - Processing /Users/alookso/1007MLpj/myenv/lib/python3.10/site-packages/airflow/example_dags/tutorial_taskflow_api.py took 0.217 seconds
[2024-10-08T14:53:28.280+0900] {processor.py:186} INFO - Started process (PID=22516) to work on /Users/alookso/1007MLpj/myenv/lib/python3.10/site-packages/airflow/example_dags/tutorial_taskflow_api.py
[2024-10-08T14:53:28.281+0900] {processor.py:914} INFO - Processing file /Users/alookso/1007MLpj/myenv/lib/python3.10/site-packages/airflow/example_dags/tutorial_taskflow_api.py for tasks to queue
[2024-10-08T14:53:28.282+0900] {logging_mixin.py:190} INFO - [2024-10-08T14:53:28.282+0900] {dagbag.py:588} INFO - Filling up the DagBag from /Users/alookso/1007MLpj/myenv/lib/python3.10/site-packages/airflow/example_dags/tutorial_taskflow_api.py
[2024-10-08T14:53:28.324+0900] {processor.py:925} INFO - DAG(s) 'tutorial_taskflow_api' retrieved from /Users/alookso/1007MLpj/myenv/lib/python3.10/site-packages/airflow/example_dags/tutorial_taskflow_api.py
[2024-10-08T14:53:28.451+0900] {logging_mixin.py:190} INFO - [2024-10-08T14:53:28.451+0900] {dag.py:3239} INFO - Sync 1 DAGs
[2024-10-08T14:53:28.464+0900] {logging_mixin.py:190} INFO - [2024-10-08T14:53:28.464+0900] {dag.py:4180} INFO - Setting next_dagrun for tutorial_taskflow_api to None, run_after=None
[2024-10-08T14:53:28.483+0900] {processor.py:208} INFO - Processing /Users/alookso/1007MLpj/myenv/lib/python3.10/site-packages/airflow/example_dags/tutorial_taskflow_api.py took 0.208 seconds
[2024-10-08T14:56:36.939+0900] {processor.py:186} INFO - Started process (PID=22633) to work on /Users/alookso/1007MLpj/myenv/lib/python3.10/site-packages/airflow/example_dags/tutorial_taskflow_api.py
[2024-10-08T14:56:36.940+0900] {processor.py:914} INFO - Processing file /Users/alookso/1007MLpj/myenv/lib/python3.10/site-packages/airflow/example_dags/tutorial_taskflow_api.py for tasks to queue
[2024-10-08T14:56:36.941+0900] {logging_mixin.py:190} INFO - [2024-10-08T14:56:36.940+0900] {dagbag.py:588} INFO - Filling up the DagBag from /Users/alookso/1007MLpj/myenv/lib/python3.10/site-packages/airflow/example_dags/tutorial_taskflow_api.py
[2024-10-08T14:56:36.982+0900] {processor.py:925} INFO - DAG(s) 'tutorial_taskflow_api' retrieved from /Users/alookso/1007MLpj/myenv/lib/python3.10/site-packages/airflow/example_dags/tutorial_taskflow_api.py
[2024-10-08T14:56:37.110+0900] {logging_mixin.py:190} INFO - [2024-10-08T14:56:37.110+0900] {dag.py:3239} INFO - Sync 1 DAGs
[2024-10-08T14:56:37.123+0900] {logging_mixin.py:190} INFO - [2024-10-08T14:56:37.123+0900] {dag.py:4180} INFO - Setting next_dagrun for tutorial_taskflow_api to None, run_after=None
[2024-10-08T14:56:37.143+0900] {processor.py:208} INFO - Processing /Users/alookso/1007MLpj/myenv/lib/python3.10/site-packages/airflow/example_dags/tutorial_taskflow_api.py took 0.208 seconds
[2024-10-08T14:59:44.746+0900] {processor.py:186} INFO - Started process (PID=22750) to work on /Users/alookso/1007MLpj/myenv/lib/python3.10/site-packages/airflow/example_dags/tutorial_taskflow_api.py
[2024-10-08T14:59:44.747+0900] {processor.py:914} INFO - Processing file /Users/alookso/1007MLpj/myenv/lib/python3.10/site-packages/airflow/example_dags/tutorial_taskflow_api.py for tasks to queue
[2024-10-08T14:59:44.747+0900] {logging_mixin.py:190} INFO - [2024-10-08T14:59:44.747+0900] {dagbag.py:588} INFO - Filling up the DagBag from /Users/alookso/1007MLpj/myenv/lib/python3.10/site-packages/airflow/example_dags/tutorial_taskflow_api.py
[2024-10-08T14:59:44.790+0900] {processor.py:925} INFO - DAG(s) 'tutorial_taskflow_api' retrieved from /Users/alookso/1007MLpj/myenv/lib/python3.10/site-packages/airflow/example_dags/tutorial_taskflow_api.py
[2024-10-08T14:59:44.925+0900] {logging_mixin.py:190} INFO - [2024-10-08T14:59:44.924+0900] {dag.py:3239} INFO - Sync 1 DAGs
[2024-10-08T14:59:44.938+0900] {logging_mixin.py:190} INFO - [2024-10-08T14:59:44.938+0900] {dag.py:4180} INFO - Setting next_dagrun for tutorial_taskflow_api to None, run_after=None
[2024-10-08T14:59:44.959+0900] {processor.py:208} INFO - Processing /Users/alookso/1007MLpj/myenv/lib/python3.10/site-packages/airflow/example_dags/tutorial_taskflow_api.py took 0.218 seconds
[2024-10-08T15:02:55.221+0900] {processor.py:186} INFO - Started process (PID=22830) to work on /Users/alookso/1007MLpj/myenv/lib/python3.10/site-packages/airflow/example_dags/tutorial_taskflow_api.py
[2024-10-08T15:02:55.221+0900] {processor.py:914} INFO - Processing file /Users/alookso/1007MLpj/myenv/lib/python3.10/site-packages/airflow/example_dags/tutorial_taskflow_api.py for tasks to queue
[2024-10-08T15:02:55.223+0900] {logging_mixin.py:190} INFO - [2024-10-08T15:02:55.222+0900] {dagbag.py:588} INFO - Filling up the DagBag from /Users/alookso/1007MLpj/myenv/lib/python3.10/site-packages/airflow/example_dags/tutorial_taskflow_api.py
[2024-10-08T15:02:55.265+0900] {processor.py:925} INFO - DAG(s) 'tutorial_taskflow_api' retrieved from /Users/alookso/1007MLpj/myenv/lib/python3.10/site-packages/airflow/example_dags/tutorial_taskflow_api.py
[2024-10-08T15:02:55.396+0900] {logging_mixin.py:190} INFO - [2024-10-08T15:02:55.395+0900] {dag.py:3239} INFO - Sync 1 DAGs
[2024-10-08T15:02:55.409+0900] {logging_mixin.py:190} INFO - [2024-10-08T15:02:55.409+0900] {dag.py:4180} INFO - Setting next_dagrun for tutorial_taskflow_api to None, run_after=None
[2024-10-08T15:02:55.429+0900] {processor.py:208} INFO - Processing /Users/alookso/1007MLpj/myenv/lib/python3.10/site-packages/airflow/example_dags/tutorial_taskflow_api.py took 0.213 seconds
[2024-10-08T15:05:59.166+0900] {processor.py:186} INFO - Started process (PID=22912) to work on /Users/alookso/1007MLpj/myenv/lib/python3.10/site-packages/airflow/example_dags/tutorial_taskflow_api.py
[2024-10-08T15:05:59.167+0900] {processor.py:914} INFO - Processing file /Users/alookso/1007MLpj/myenv/lib/python3.10/site-packages/airflow/example_dags/tutorial_taskflow_api.py for tasks to queue
[2024-10-08T15:05:59.168+0900] {logging_mixin.py:190} INFO - [2024-10-08T15:05:59.167+0900] {dagbag.py:588} INFO - Filling up the DagBag from /Users/alookso/1007MLpj/myenv/lib/python3.10/site-packages/airflow/example_dags/tutorial_taskflow_api.py
[2024-10-08T15:05:59.207+0900] {processor.py:925} INFO - DAG(s) 'tutorial_taskflow_api' retrieved from /Users/alookso/1007MLpj/myenv/lib/python3.10/site-packages/airflow/example_dags/tutorial_taskflow_api.py
[2024-10-08T15:05:59.335+0900] {logging_mixin.py:190} INFO - [2024-10-08T15:05:59.335+0900] {dag.py:3239} INFO - Sync 1 DAGs
[2024-10-08T15:05:59.347+0900] {logging_mixin.py:190} INFO - [2024-10-08T15:05:59.347+0900] {dag.py:4180} INFO - Setting next_dagrun for tutorial_taskflow_api to None, run_after=None
[2024-10-08T15:05:59.367+0900] {processor.py:208} INFO - Processing /Users/alookso/1007MLpj/myenv/lib/python3.10/site-packages/airflow/example_dags/tutorial_taskflow_api.py took 0.205 seconds
[2024-10-08T15:09:06.137+0900] {processor.py:186} INFO - Started process (PID=23035) to work on /Users/alookso/1007MLpj/myenv/lib/python3.10/site-packages/airflow/example_dags/tutorial_taskflow_api.py
[2024-10-08T15:09:06.137+0900] {processor.py:914} INFO - Processing file /Users/alookso/1007MLpj/myenv/lib/python3.10/site-packages/airflow/example_dags/tutorial_taskflow_api.py for tasks to queue
[2024-10-08T15:09:06.138+0900] {logging_mixin.py:190} INFO - [2024-10-08T15:09:06.138+0900] {dagbag.py:588} INFO - Filling up the DagBag from /Users/alookso/1007MLpj/myenv/lib/python3.10/site-packages/airflow/example_dags/tutorial_taskflow_api.py
[2024-10-08T15:09:06.179+0900] {processor.py:925} INFO - DAG(s) 'tutorial_taskflow_api' retrieved from /Users/alookso/1007MLpj/myenv/lib/python3.10/site-packages/airflow/example_dags/tutorial_taskflow_api.py
[2024-10-08T15:09:06.309+0900] {logging_mixin.py:190} INFO - [2024-10-08T15:09:06.308+0900] {dag.py:3239} INFO - Sync 1 DAGs
[2024-10-08T15:09:06.321+0900] {logging_mixin.py:190} INFO - [2024-10-08T15:09:06.321+0900] {dag.py:4180} INFO - Setting next_dagrun for tutorial_taskflow_api to None, run_after=None
[2024-10-08T15:09:06.341+0900] {processor.py:208} INFO - Processing /Users/alookso/1007MLpj/myenv/lib/python3.10/site-packages/airflow/example_dags/tutorial_taskflow_api.py took 0.209 seconds
[2024-10-08T15:12:04.985+0900] {processor.py:186} INFO - Started process (PID=23129) to work on /Users/alookso/1007MLpj/myenv/lib/python3.10/site-packages/airflow/example_dags/tutorial_taskflow_api.py
[2024-10-08T15:12:04.985+0900] {processor.py:914} INFO - Processing file /Users/alookso/1007MLpj/myenv/lib/python3.10/site-packages/airflow/example_dags/tutorial_taskflow_api.py for tasks to queue
[2024-10-08T15:12:04.986+0900] {logging_mixin.py:190} INFO - [2024-10-08T15:12:04.986+0900] {dagbag.py:588} INFO - Filling up the DagBag from /Users/alookso/1007MLpj/myenv/lib/python3.10/site-packages/airflow/example_dags/tutorial_taskflow_api.py
[2024-10-08T15:12:05.026+0900] {processor.py:925} INFO - DAG(s) 'tutorial_taskflow_api' retrieved from /Users/alookso/1007MLpj/myenv/lib/python3.10/site-packages/airflow/example_dags/tutorial_taskflow_api.py
[2024-10-08T15:12:05.153+0900] {logging_mixin.py:190} INFO - [2024-10-08T15:12:05.152+0900] {dag.py:3239} INFO - Sync 1 DAGs
[2024-10-08T15:12:05.165+0900] {logging_mixin.py:190} INFO - [2024-10-08T15:12:05.165+0900] {dag.py:4180} INFO - Setting next_dagrun for tutorial_taskflow_api to None, run_after=None
[2024-10-08T15:12:05.184+0900] {processor.py:208} INFO - Processing /Users/alookso/1007MLpj/myenv/lib/python3.10/site-packages/airflow/example_dags/tutorial_taskflow_api.py took 0.205 seconds
[2024-10-08T15:15:03.196+0900] {processor.py:186} INFO - Started process (PID=23210) to work on /Users/alookso/1007MLpj/myenv/lib/python3.10/site-packages/airflow/example_dags/tutorial_taskflow_api.py
[2024-10-08T15:15:03.197+0900] {processor.py:914} INFO - Processing file /Users/alookso/1007MLpj/myenv/lib/python3.10/site-packages/airflow/example_dags/tutorial_taskflow_api.py for tasks to queue
[2024-10-08T15:15:03.198+0900] {logging_mixin.py:190} INFO - [2024-10-08T15:15:03.198+0900] {dagbag.py:588} INFO - Filling up the DagBag from /Users/alookso/1007MLpj/myenv/lib/python3.10/site-packages/airflow/example_dags/tutorial_taskflow_api.py
[2024-10-08T15:15:03.239+0900] {processor.py:925} INFO - DAG(s) 'tutorial_taskflow_api' retrieved from /Users/alookso/1007MLpj/myenv/lib/python3.10/site-packages/airflow/example_dags/tutorial_taskflow_api.py
[2024-10-08T15:15:03.367+0900] {logging_mixin.py:190} INFO - [2024-10-08T15:15:03.366+0900] {dag.py:3239} INFO - Sync 1 DAGs
[2024-10-08T15:15:03.379+0900] {logging_mixin.py:190} INFO - [2024-10-08T15:15:03.379+0900] {dag.py:4180} INFO - Setting next_dagrun for tutorial_taskflow_api to None, run_after=None
[2024-10-08T15:15:03.398+0900] {processor.py:208} INFO - Processing /Users/alookso/1007MLpj/myenv/lib/python3.10/site-packages/airflow/example_dags/tutorial_taskflow_api.py took 0.207 seconds
[2024-10-08T15:18:10.638+0900] {processor.py:186} INFO - Started process (PID=23313) to work on /Users/alookso/1007MLpj/myenv/lib/python3.10/site-packages/airflow/example_dags/tutorial_taskflow_api.py
[2024-10-08T15:18:10.639+0900] {processor.py:914} INFO - Processing file /Users/alookso/1007MLpj/myenv/lib/python3.10/site-packages/airflow/example_dags/tutorial_taskflow_api.py for tasks to queue
[2024-10-08T15:18:10.640+0900] {logging_mixin.py:190} INFO - [2024-10-08T15:18:10.640+0900] {dagbag.py:588} INFO - Filling up the DagBag from /Users/alookso/1007MLpj/myenv/lib/python3.10/site-packages/airflow/example_dags/tutorial_taskflow_api.py
[2024-10-08T15:18:10.682+0900] {processor.py:925} INFO - DAG(s) 'tutorial_taskflow_api' retrieved from /Users/alookso/1007MLpj/myenv/lib/python3.10/site-packages/airflow/example_dags/tutorial_taskflow_api.py
[2024-10-08T15:18:10.812+0900] {logging_mixin.py:190} INFO - [2024-10-08T15:18:10.812+0900] {dag.py:3239} INFO - Sync 1 DAGs
[2024-10-08T15:18:10.825+0900] {logging_mixin.py:190} INFO - [2024-10-08T15:18:10.824+0900] {dag.py:4180} INFO - Setting next_dagrun for tutorial_taskflow_api to None, run_after=None
[2024-10-08T15:18:10.843+0900] {processor.py:208} INFO - Processing /Users/alookso/1007MLpj/myenv/lib/python3.10/site-packages/airflow/example_dags/tutorial_taskflow_api.py took 0.212 seconds
[2024-10-08T15:21:19.400+0900] {processor.py:186} INFO - Started process (PID=23400) to work on /Users/alookso/1007MLpj/myenv/lib/python3.10/site-packages/airflow/example_dags/tutorial_taskflow_api.py
[2024-10-08T15:21:19.402+0900] {processor.py:914} INFO - Processing file /Users/alookso/1007MLpj/myenv/lib/python3.10/site-packages/airflow/example_dags/tutorial_taskflow_api.py for tasks to queue
[2024-10-08T15:21:19.404+0900] {logging_mixin.py:190} INFO - [2024-10-08T15:21:19.404+0900] {dagbag.py:588} INFO - Filling up the DagBag from /Users/alookso/1007MLpj/myenv/lib/python3.10/site-packages/airflow/example_dags/tutorial_taskflow_api.py
[2024-10-08T15:21:19.454+0900] {processor.py:925} INFO - DAG(s) 'tutorial_taskflow_api' retrieved from /Users/alookso/1007MLpj/myenv/lib/python3.10/site-packages/airflow/example_dags/tutorial_taskflow_api.py
[2024-10-08T15:21:19.587+0900] {logging_mixin.py:190} INFO - [2024-10-08T15:21:19.586+0900] {dag.py:3239} INFO - Sync 1 DAGs
[2024-10-08T15:21:19.599+0900] {logging_mixin.py:190} INFO - [2024-10-08T15:21:19.599+0900] {dag.py:4180} INFO - Setting next_dagrun for tutorial_taskflow_api to None, run_after=None
[2024-10-08T15:21:19.619+0900] {processor.py:208} INFO - Processing /Users/alookso/1007MLpj/myenv/lib/python3.10/site-packages/airflow/example_dags/tutorial_taskflow_api.py took 0.232 seconds
[2024-10-08T15:24:23.638+0900] {processor.py:186} INFO - Started process (PID=23494) to work on /Users/alookso/1007MLpj/myenv/lib/python3.10/site-packages/airflow/example_dags/tutorial_taskflow_api.py
[2024-10-08T15:24:23.639+0900] {processor.py:914} INFO - Processing file /Users/alookso/1007MLpj/myenv/lib/python3.10/site-packages/airflow/example_dags/tutorial_taskflow_api.py for tasks to queue
[2024-10-08T15:24:23.640+0900] {logging_mixin.py:190} INFO - [2024-10-08T15:24:23.639+0900] {dagbag.py:588} INFO - Filling up the DagBag from /Users/alookso/1007MLpj/myenv/lib/python3.10/site-packages/airflow/example_dags/tutorial_taskflow_api.py
[2024-10-08T15:24:23.681+0900] {processor.py:925} INFO - DAG(s) 'tutorial_taskflow_api' retrieved from /Users/alookso/1007MLpj/myenv/lib/python3.10/site-packages/airflow/example_dags/tutorial_taskflow_api.py
[2024-10-08T15:24:23.809+0900] {logging_mixin.py:190} INFO - [2024-10-08T15:24:23.809+0900] {dag.py:3239} INFO - Sync 1 DAGs
[2024-10-08T15:24:23.822+0900] {logging_mixin.py:190} INFO - [2024-10-08T15:24:23.822+0900] {dag.py:4180} INFO - Setting next_dagrun for tutorial_taskflow_api to None, run_after=None
[2024-10-08T15:24:23.841+0900] {processor.py:208} INFO - Processing /Users/alookso/1007MLpj/myenv/lib/python3.10/site-packages/airflow/example_dags/tutorial_taskflow_api.py took 0.208 seconds
[2024-10-08T15:27:26.229+0900] {processor.py:186} INFO - Started process (PID=23581) to work on /Users/alookso/1007MLpj/myenv/lib/python3.10/site-packages/airflow/example_dags/tutorial_taskflow_api.py
[2024-10-08T15:27:26.230+0900] {processor.py:914} INFO - Processing file /Users/alookso/1007MLpj/myenv/lib/python3.10/site-packages/airflow/example_dags/tutorial_taskflow_api.py for tasks to queue
[2024-10-08T15:27:26.231+0900] {logging_mixin.py:190} INFO - [2024-10-08T15:27:26.231+0900] {dagbag.py:588} INFO - Filling up the DagBag from /Users/alookso/1007MLpj/myenv/lib/python3.10/site-packages/airflow/example_dags/tutorial_taskflow_api.py
[2024-10-08T15:27:26.277+0900] {processor.py:925} INFO - DAG(s) 'tutorial_taskflow_api' retrieved from /Users/alookso/1007MLpj/myenv/lib/python3.10/site-packages/airflow/example_dags/tutorial_taskflow_api.py
[2024-10-08T15:27:26.403+0900] {logging_mixin.py:190} INFO - [2024-10-08T15:27:26.403+0900] {dag.py:3239} INFO - Sync 1 DAGs
[2024-10-08T15:27:26.416+0900] {logging_mixin.py:190} INFO - [2024-10-08T15:27:26.416+0900] {dag.py:4180} INFO - Setting next_dagrun for tutorial_taskflow_api to None, run_after=None
[2024-10-08T15:27:26.437+0900] {processor.py:208} INFO - Processing /Users/alookso/1007MLpj/myenv/lib/python3.10/site-packages/airflow/example_dags/tutorial_taskflow_api.py took 0.212 seconds
[2024-10-08T15:30:26.839+0900] {processor.py:186} INFO - Started process (PID=23709) to work on /Users/alookso/1007MLpj/myenv/lib/python3.10/site-packages/airflow/example_dags/tutorial_taskflow_api.py
[2024-10-08T15:30:26.840+0900] {processor.py:914} INFO - Processing file /Users/alookso/1007MLpj/myenv/lib/python3.10/site-packages/airflow/example_dags/tutorial_taskflow_api.py for tasks to queue
[2024-10-08T15:30:26.841+0900] {logging_mixin.py:190} INFO - [2024-10-08T15:30:26.841+0900] {dagbag.py:588} INFO - Filling up the DagBag from /Users/alookso/1007MLpj/myenv/lib/python3.10/site-packages/airflow/example_dags/tutorial_taskflow_api.py
[2024-10-08T15:30:26.883+0900] {processor.py:925} INFO - DAG(s) 'tutorial_taskflow_api' retrieved from /Users/alookso/1007MLpj/myenv/lib/python3.10/site-packages/airflow/example_dags/tutorial_taskflow_api.py
[2024-10-08T15:30:27.013+0900] {logging_mixin.py:190} INFO - [2024-10-08T15:30:27.012+0900] {dag.py:3239} INFO - Sync 1 DAGs
[2024-10-08T15:30:27.026+0900] {logging_mixin.py:190} INFO - [2024-10-08T15:30:27.026+0900] {dag.py:4180} INFO - Setting next_dagrun for tutorial_taskflow_api to None, run_after=None
[2024-10-08T15:30:27.046+0900] {processor.py:208} INFO - Processing /Users/alookso/1007MLpj/myenv/lib/python3.10/site-packages/airflow/example_dags/tutorial_taskflow_api.py took 0.211 seconds
[2024-10-08T15:33:28.855+0900] {processor.py:186} INFO - Started process (PID=23802) to work on /Users/alookso/1007MLpj/myenv/lib/python3.10/site-packages/airflow/example_dags/tutorial_taskflow_api.py
[2024-10-08T15:33:28.855+0900] {processor.py:914} INFO - Processing file /Users/alookso/1007MLpj/myenv/lib/python3.10/site-packages/airflow/example_dags/tutorial_taskflow_api.py for tasks to queue
[2024-10-08T15:33:28.856+0900] {logging_mixin.py:190} INFO - [2024-10-08T15:33:28.856+0900] {dagbag.py:588} INFO - Filling up the DagBag from /Users/alookso/1007MLpj/myenv/lib/python3.10/site-packages/airflow/example_dags/tutorial_taskflow_api.py
[2024-10-08T15:33:28.897+0900] {processor.py:925} INFO - DAG(s) 'tutorial_taskflow_api' retrieved from /Users/alookso/1007MLpj/myenv/lib/python3.10/site-packages/airflow/example_dags/tutorial_taskflow_api.py
[2024-10-08T15:33:29.026+0900] {logging_mixin.py:190} INFO - [2024-10-08T15:33:29.026+0900] {dag.py:3239} INFO - Sync 1 DAGs
[2024-10-08T15:33:29.039+0900] {logging_mixin.py:190} INFO - [2024-10-08T15:33:29.039+0900] {dag.py:4180} INFO - Setting next_dagrun for tutorial_taskflow_api to None, run_after=None
[2024-10-08T15:33:29.058+0900] {processor.py:208} INFO - Processing /Users/alookso/1007MLpj/myenv/lib/python3.10/site-packages/airflow/example_dags/tutorial_taskflow_api.py took 0.208 seconds
[2024-10-08T15:35:09.982+0900] {processor.py:186} INFO - Started process (PID=23877) to work on /Users/alookso/1007MLpj/myenv/lib/python3.10/site-packages/airflow/example_dags/tutorial_taskflow_api.py
[2024-10-08T15:35:09.983+0900] {processor.py:914} INFO - Processing file /Users/alookso/1007MLpj/myenv/lib/python3.10/site-packages/airflow/example_dags/tutorial_taskflow_api.py for tasks to queue
[2024-10-08T15:35:09.985+0900] {logging_mixin.py:190} INFO - [2024-10-08T15:35:09.984+0900] {dagbag.py:588} INFO - Filling up the DagBag from /Users/alookso/1007MLpj/myenv/lib/python3.10/site-packages/airflow/example_dags/tutorial_taskflow_api.py
[2024-10-08T15:35:10.031+0900] {processor.py:925} INFO - DAG(s) 'tutorial_taskflow_api' retrieved from /Users/alookso/1007MLpj/myenv/lib/python3.10/site-packages/airflow/example_dags/tutorial_taskflow_api.py
[2024-10-08T15:35:10.169+0900] {logging_mixin.py:190} INFO - [2024-10-08T15:35:10.169+0900] {dag.py:3239} INFO - Sync 1 DAGs
[2024-10-08T15:35:10.183+0900] {logging_mixin.py:190} INFO - [2024-10-08T15:35:10.183+0900] {dag.py:4180} INFO - Setting next_dagrun for tutorial_taskflow_api to None, run_after=None
[2024-10-08T15:35:10.204+0900] {processor.py:208} INFO - Processing /Users/alookso/1007MLpj/myenv/lib/python3.10/site-packages/airflow/example_dags/tutorial_taskflow_api.py took 0.230 seconds
[2024-10-08T15:38:14.232+0900] {processor.py:186} INFO - Started process (PID=23999) to work on /Users/alookso/1007MLpj/myenv/lib/python3.10/site-packages/airflow/example_dags/tutorial_taskflow_api.py
[2024-10-08T15:38:14.233+0900] {processor.py:914} INFO - Processing file /Users/alookso/1007MLpj/myenv/lib/python3.10/site-packages/airflow/example_dags/tutorial_taskflow_api.py for tasks to queue
[2024-10-08T15:38:14.233+0900] {logging_mixin.py:190} INFO - [2024-10-08T15:38:14.233+0900] {dagbag.py:588} INFO - Filling up the DagBag from /Users/alookso/1007MLpj/myenv/lib/python3.10/site-packages/airflow/example_dags/tutorial_taskflow_api.py
[2024-10-08T15:38:14.275+0900] {processor.py:925} INFO - DAG(s) 'tutorial_taskflow_api' retrieved from /Users/alookso/1007MLpj/myenv/lib/python3.10/site-packages/airflow/example_dags/tutorial_taskflow_api.py
[2024-10-08T15:38:14.403+0900] {logging_mixin.py:190} INFO - [2024-10-08T15:38:14.403+0900] {dag.py:3239} INFO - Sync 1 DAGs
[2024-10-08T15:38:14.416+0900] {logging_mixin.py:190} INFO - [2024-10-08T15:38:14.416+0900] {dag.py:4180} INFO - Setting next_dagrun for tutorial_taskflow_api to None, run_after=None
[2024-10-08T15:38:14.436+0900] {processor.py:208} INFO - Processing /Users/alookso/1007MLpj/myenv/lib/python3.10/site-packages/airflow/example_dags/tutorial_taskflow_api.py took 0.209 seconds
[2024-10-08T16:35:49.304+0900] {processor.py:186} INFO - Started process (PID=24962) to work on /Users/alookso/1007MLpj/myenv/lib/python3.10/site-packages/airflow/example_dags/tutorial_taskflow_api.py
[2024-10-08T16:35:49.305+0900] {processor.py:914} INFO - Processing file /Users/alookso/1007MLpj/myenv/lib/python3.10/site-packages/airflow/example_dags/tutorial_taskflow_api.py for tasks to queue
[2024-10-08T16:35:49.306+0900] {logging_mixin.py:190} INFO - [2024-10-08T16:35:49.305+0900] {dagbag.py:588} INFO - Filling up the DagBag from /Users/alookso/1007MLpj/myenv/lib/python3.10/site-packages/airflow/example_dags/tutorial_taskflow_api.py
[2024-10-08T16:35:49.346+0900] {processor.py:925} INFO - DAG(s) 'tutorial_taskflow_api' retrieved from /Users/alookso/1007MLpj/myenv/lib/python3.10/site-packages/airflow/example_dags/tutorial_taskflow_api.py
[2024-10-08T16:35:49.473+0900] {logging_mixin.py:190} INFO - [2024-10-08T16:35:49.473+0900] {dag.py:3239} INFO - Sync 1 DAGs
[2024-10-08T16:35:49.486+0900] {logging_mixin.py:190} INFO - [2024-10-08T16:35:49.486+0900] {dag.py:4180} INFO - Setting next_dagrun for tutorial_taskflow_api to None, run_after=None
[2024-10-08T16:35:49.504+0900] {processor.py:208} INFO - Processing /Users/alookso/1007MLpj/myenv/lib/python3.10/site-packages/airflow/example_dags/tutorial_taskflow_api.py took 0.204 seconds
[2024-10-08T16:39:22.237+0900] {processor.py:186} INFO - Started process (PID=25131) to work on /Users/alookso/1007MLpj/myenv/lib/python3.10/site-packages/airflow/example_dags/tutorial_taskflow_api.py
[2024-10-08T16:39:22.238+0900] {processor.py:914} INFO - Processing file /Users/alookso/1007MLpj/myenv/lib/python3.10/site-packages/airflow/example_dags/tutorial_taskflow_api.py for tasks to queue
[2024-10-08T16:39:22.239+0900] {logging_mixin.py:190} INFO - [2024-10-08T16:39:22.239+0900] {dagbag.py:588} INFO - Filling up the DagBag from /Users/alookso/1007MLpj/myenv/lib/python3.10/site-packages/airflow/example_dags/tutorial_taskflow_api.py
[2024-10-08T16:39:22.279+0900] {processor.py:925} INFO - DAG(s) 'tutorial_taskflow_api' retrieved from /Users/alookso/1007MLpj/myenv/lib/python3.10/site-packages/airflow/example_dags/tutorial_taskflow_api.py
[2024-10-08T16:39:22.407+0900] {logging_mixin.py:190} INFO - [2024-10-08T16:39:22.407+0900] {dag.py:3239} INFO - Sync 1 DAGs
[2024-10-08T16:39:22.420+0900] {logging_mixin.py:190} INFO - [2024-10-08T16:39:22.420+0900] {dag.py:4180} INFO - Setting next_dagrun for tutorial_taskflow_api to None, run_after=None
[2024-10-08T16:39:22.441+0900] {processor.py:208} INFO - Processing /Users/alookso/1007MLpj/myenv/lib/python3.10/site-packages/airflow/example_dags/tutorial_taskflow_api.py took 0.208 seconds
[2024-10-08T17:27:19.445+0900] {processor.py:186} INFO - Started process (PID=26331) to work on /Users/alookso/1007MLpj/myenv/lib/python3.10/site-packages/airflow/example_dags/tutorial_taskflow_api.py
[2024-10-08T17:27:19.446+0900] {processor.py:914} INFO - Processing file /Users/alookso/1007MLpj/myenv/lib/python3.10/site-packages/airflow/example_dags/tutorial_taskflow_api.py for tasks to queue
[2024-10-08T17:27:19.447+0900] {logging_mixin.py:190} INFO - [2024-10-08T17:27:19.447+0900] {dagbag.py:588} INFO - Filling up the DagBag from /Users/alookso/1007MLpj/myenv/lib/python3.10/site-packages/airflow/example_dags/tutorial_taskflow_api.py
[2024-10-08T17:27:19.488+0900] {processor.py:925} INFO - DAG(s) 'tutorial_taskflow_api' retrieved from /Users/alookso/1007MLpj/myenv/lib/python3.10/site-packages/airflow/example_dags/tutorial_taskflow_api.py
[2024-10-08T17:27:19.621+0900] {logging_mixin.py:190} INFO - [2024-10-08T17:27:19.621+0900] {dag.py:3239} INFO - Sync 1 DAGs
[2024-10-08T17:27:19.635+0900] {logging_mixin.py:190} INFO - [2024-10-08T17:27:19.635+0900] {dag.py:4180} INFO - Setting next_dagrun for tutorial_taskflow_api to None, run_after=None
[2024-10-08T17:27:19.656+0900] {processor.py:208} INFO - Processing /Users/alookso/1007MLpj/myenv/lib/python3.10/site-packages/airflow/example_dags/tutorial_taskflow_api.py took 0.215 seconds
[2024-10-08T17:31:06.603+0900] {processor.py:186} INFO - Started process (PID=26522) to work on /Users/alookso/1007MLpj/myenv/lib/python3.10/site-packages/airflow/example_dags/tutorial_taskflow_api.py
[2024-10-08T17:31:06.603+0900] {processor.py:914} INFO - Processing file /Users/alookso/1007MLpj/myenv/lib/python3.10/site-packages/airflow/example_dags/tutorial_taskflow_api.py for tasks to queue
[2024-10-08T17:31:06.604+0900] {logging_mixin.py:190} INFO - [2024-10-08T17:31:06.604+0900] {dagbag.py:588} INFO - Filling up the DagBag from /Users/alookso/1007MLpj/myenv/lib/python3.10/site-packages/airflow/example_dags/tutorial_taskflow_api.py
[2024-10-08T17:31:06.646+0900] {processor.py:925} INFO - DAG(s) 'tutorial_taskflow_api' retrieved from /Users/alookso/1007MLpj/myenv/lib/python3.10/site-packages/airflow/example_dags/tutorial_taskflow_api.py
[2024-10-08T17:31:06.777+0900] {logging_mixin.py:190} INFO - [2024-10-08T17:31:06.777+0900] {dag.py:3239} INFO - Sync 1 DAGs
[2024-10-08T17:31:06.790+0900] {logging_mixin.py:190} INFO - [2024-10-08T17:31:06.790+0900] {dag.py:4180} INFO - Setting next_dagrun for tutorial_taskflow_api to None, run_after=None
[2024-10-08T17:31:06.809+0900] {processor.py:208} INFO - Processing /Users/alookso/1007MLpj/myenv/lib/python3.10/site-packages/airflow/example_dags/tutorial_taskflow_api.py took 0.212 seconds
[2024-10-08T17:42:12.909+0900] {processor.py:186} INFO - Started process (PID=26867) to work on /Users/alookso/1007MLpj/myenv/lib/python3.10/site-packages/airflow/example_dags/tutorial_taskflow_api.py
[2024-10-08T17:42:12.910+0900] {processor.py:914} INFO - Processing file /Users/alookso/1007MLpj/myenv/lib/python3.10/site-packages/airflow/example_dags/tutorial_taskflow_api.py for tasks to queue
[2024-10-08T17:42:12.911+0900] {logging_mixin.py:190} INFO - [2024-10-08T17:42:12.911+0900] {dagbag.py:588} INFO - Filling up the DagBag from /Users/alookso/1007MLpj/myenv/lib/python3.10/site-packages/airflow/example_dags/tutorial_taskflow_api.py
[2024-10-08T17:42:12.953+0900] {processor.py:925} INFO - DAG(s) 'tutorial_taskflow_api' retrieved from /Users/alookso/1007MLpj/myenv/lib/python3.10/site-packages/airflow/example_dags/tutorial_taskflow_api.py
[2024-10-08T17:42:13.081+0900] {logging_mixin.py:190} INFO - [2024-10-08T17:42:13.080+0900] {dag.py:3239} INFO - Sync 1 DAGs
[2024-10-08T17:42:13.093+0900] {logging_mixin.py:190} INFO - [2024-10-08T17:42:13.093+0900] {dag.py:4180} INFO - Setting next_dagrun for tutorial_taskflow_api to None, run_after=None
[2024-10-08T17:42:13.113+0900] {processor.py:208} INFO - Processing /Users/alookso/1007MLpj/myenv/lib/python3.10/site-packages/airflow/example_dags/tutorial_taskflow_api.py took 0.208 seconds
[2024-10-08T17:54:38.691+0900] {processor.py:186} INFO - Started process (PID=27281) to work on /Users/alookso/1007MLpj/myenv/lib/python3.10/site-packages/airflow/example_dags/tutorial_taskflow_api.py
[2024-10-08T17:54:38.691+0900] {processor.py:914} INFO - Processing file /Users/alookso/1007MLpj/myenv/lib/python3.10/site-packages/airflow/example_dags/tutorial_taskflow_api.py for tasks to queue
[2024-10-08T17:54:38.692+0900] {logging_mixin.py:190} INFO - [2024-10-08T17:54:38.692+0900] {dagbag.py:588} INFO - Filling up the DagBag from /Users/alookso/1007MLpj/myenv/lib/python3.10/site-packages/airflow/example_dags/tutorial_taskflow_api.py
[2024-10-08T17:54:38.733+0900] {processor.py:925} INFO - DAG(s) 'tutorial_taskflow_api' retrieved from /Users/alookso/1007MLpj/myenv/lib/python3.10/site-packages/airflow/example_dags/tutorial_taskflow_api.py
[2024-10-08T17:54:38.864+0900] {logging_mixin.py:190} INFO - [2024-10-08T17:54:38.863+0900] {dag.py:3239} INFO - Sync 1 DAGs
[2024-10-08T17:54:38.877+0900] {logging_mixin.py:190} INFO - [2024-10-08T17:54:38.877+0900] {dag.py:4180} INFO - Setting next_dagrun for tutorial_taskflow_api to None, run_after=None
[2024-10-08T17:54:38.897+0900] {processor.py:208} INFO - Processing /Users/alookso/1007MLpj/myenv/lib/python3.10/site-packages/airflow/example_dags/tutorial_taskflow_api.py took 0.211 seconds
[2024-10-08T17:58:08.493+0900] {processor.py:186} INFO - Started process (PID=27413) to work on /Users/alookso/1007MLpj/myenv/lib/python3.10/site-packages/airflow/example_dags/tutorial_taskflow_api.py
[2024-10-08T17:58:08.493+0900] {processor.py:914} INFO - Processing file /Users/alookso/1007MLpj/myenv/lib/python3.10/site-packages/airflow/example_dags/tutorial_taskflow_api.py for tasks to queue
[2024-10-08T17:58:08.494+0900] {logging_mixin.py:190} INFO - [2024-10-08T17:58:08.494+0900] {dagbag.py:588} INFO - Filling up the DagBag from /Users/alookso/1007MLpj/myenv/lib/python3.10/site-packages/airflow/example_dags/tutorial_taskflow_api.py
[2024-10-08T17:58:08.537+0900] {processor.py:925} INFO - DAG(s) 'tutorial_taskflow_api' retrieved from /Users/alookso/1007MLpj/myenv/lib/python3.10/site-packages/airflow/example_dags/tutorial_taskflow_api.py
[2024-10-08T17:58:08.666+0900] {logging_mixin.py:190} INFO - [2024-10-08T17:58:08.666+0900] {dag.py:3239} INFO - Sync 1 DAGs
[2024-10-08T17:58:08.679+0900] {logging_mixin.py:190} INFO - [2024-10-08T17:58:08.679+0900] {dag.py:4180} INFO - Setting next_dagrun for tutorial_taskflow_api to None, run_after=None
[2024-10-08T17:58:08.698+0900] {processor.py:208} INFO - Processing /Users/alookso/1007MLpj/myenv/lib/python3.10/site-packages/airflow/example_dags/tutorial_taskflow_api.py took 0.210 seconds
[2024-10-08T17:59:15.966+0900] {processor.py:186} INFO - Started process (PID=27472) to work on /Users/alookso/1007MLpj/myenv/lib/python3.10/site-packages/airflow/example_dags/tutorial_taskflow_api.py
[2024-10-08T17:59:15.967+0900] {processor.py:914} INFO - Processing file /Users/alookso/1007MLpj/myenv/lib/python3.10/site-packages/airflow/example_dags/tutorial_taskflow_api.py for tasks to queue
[2024-10-08T17:59:15.968+0900] {logging_mixin.py:190} INFO - [2024-10-08T17:59:15.968+0900] {dagbag.py:588} INFO - Filling up the DagBag from /Users/alookso/1007MLpj/myenv/lib/python3.10/site-packages/airflow/example_dags/tutorial_taskflow_api.py
[2024-10-08T17:59:16.009+0900] {processor.py:925} INFO - DAG(s) 'tutorial_taskflow_api' retrieved from /Users/alookso/1007MLpj/myenv/lib/python3.10/site-packages/airflow/example_dags/tutorial_taskflow_api.py
[2024-10-08T17:59:16.140+0900] {logging_mixin.py:190} INFO - [2024-10-08T17:59:16.139+0900] {dag.py:3239} INFO - Sync 1 DAGs
[2024-10-08T17:59:16.153+0900] {logging_mixin.py:190} INFO - [2024-10-08T17:59:16.152+0900] {dag.py:4180} INFO - Setting next_dagrun for tutorial_taskflow_api to None, run_after=None
[2024-10-08T17:59:16.172+0900] {processor.py:208} INFO - Processing /Users/alookso/1007MLpj/myenv/lib/python3.10/site-packages/airflow/example_dags/tutorial_taskflow_api.py took 0.210 seconds
[2024-10-08T18:03:00.276+0900] {processor.py:186} INFO - Started process (PID=27621) to work on /Users/alookso/1007MLpj/myenv/lib/python3.10/site-packages/airflow/example_dags/tutorial_taskflow_api.py
[2024-10-08T18:03:00.277+0900] {processor.py:914} INFO - Processing file /Users/alookso/1007MLpj/myenv/lib/python3.10/site-packages/airflow/example_dags/tutorial_taskflow_api.py for tasks to queue
[2024-10-08T18:03:00.278+0900] {logging_mixin.py:190} INFO - [2024-10-08T18:03:00.278+0900] {dagbag.py:588} INFO - Filling up the DagBag from /Users/alookso/1007MLpj/myenv/lib/python3.10/site-packages/airflow/example_dags/tutorial_taskflow_api.py
[2024-10-08T18:03:00.321+0900] {processor.py:925} INFO - DAG(s) 'tutorial_taskflow_api' retrieved from /Users/alookso/1007MLpj/myenv/lib/python3.10/site-packages/airflow/example_dags/tutorial_taskflow_api.py
[2024-10-08T18:03:00.451+0900] {logging_mixin.py:190} INFO - [2024-10-08T18:03:00.451+0900] {dag.py:3239} INFO - Sync 1 DAGs
[2024-10-08T18:03:00.464+0900] {logging_mixin.py:190} INFO - [2024-10-08T18:03:00.464+0900] {dag.py:4180} INFO - Setting next_dagrun for tutorial_taskflow_api to None, run_after=None
[2024-10-08T18:03:00.484+0900] {processor.py:208} INFO - Processing /Users/alookso/1007MLpj/myenv/lib/python3.10/site-packages/airflow/example_dags/tutorial_taskflow_api.py took 0.213 seconds
[2024-10-08T18:05:32.726+0900] {processor.py:186} INFO - Started process (PID=27732) to work on /Users/alookso/1007MLpj/myenv/lib/python3.10/site-packages/airflow/example_dags/tutorial_taskflow_api.py
[2024-10-08T18:05:32.726+0900] {processor.py:914} INFO - Processing file /Users/alookso/1007MLpj/myenv/lib/python3.10/site-packages/airflow/example_dags/tutorial_taskflow_api.py for tasks to queue
[2024-10-08T18:05:32.727+0900] {logging_mixin.py:190} INFO - [2024-10-08T18:05:32.727+0900] {dagbag.py:588} INFO - Filling up the DagBag from /Users/alookso/1007MLpj/myenv/lib/python3.10/site-packages/airflow/example_dags/tutorial_taskflow_api.py
[2024-10-08T18:05:32.770+0900] {processor.py:925} INFO - DAG(s) 'tutorial_taskflow_api' retrieved from /Users/alookso/1007MLpj/myenv/lib/python3.10/site-packages/airflow/example_dags/tutorial_taskflow_api.py
[2024-10-08T18:05:32.900+0900] {logging_mixin.py:190} INFO - [2024-10-08T18:05:32.900+0900] {dag.py:3239} INFO - Sync 1 DAGs
[2024-10-08T18:05:32.913+0900] {logging_mixin.py:190} INFO - [2024-10-08T18:05:32.913+0900] {dag.py:4180} INFO - Setting next_dagrun for tutorial_taskflow_api to None, run_after=None
[2024-10-08T18:05:32.933+0900] {processor.py:208} INFO - Processing /Users/alookso/1007MLpj/myenv/lib/python3.10/site-packages/airflow/example_dags/tutorial_taskflow_api.py took 0.212 seconds
[2024-10-08T18:09:12.248+0900] {processor.py:186} INFO - Started process (PID=27837) to work on /Users/alookso/1007MLpj/myenv/lib/python3.10/site-packages/airflow/example_dags/tutorial_taskflow_api.py
[2024-10-08T18:09:12.249+0900] {processor.py:914} INFO - Processing file /Users/alookso/1007MLpj/myenv/lib/python3.10/site-packages/airflow/example_dags/tutorial_taskflow_api.py for tasks to queue
[2024-10-08T18:09:12.250+0900] {logging_mixin.py:190} INFO - [2024-10-08T18:09:12.250+0900] {dagbag.py:588} INFO - Filling up the DagBag from /Users/alookso/1007MLpj/myenv/lib/python3.10/site-packages/airflow/example_dags/tutorial_taskflow_api.py
[2024-10-08T18:09:12.291+0900] {processor.py:925} INFO - DAG(s) 'tutorial_taskflow_api' retrieved from /Users/alookso/1007MLpj/myenv/lib/python3.10/site-packages/airflow/example_dags/tutorial_taskflow_api.py
[2024-10-08T18:09:12.417+0900] {logging_mixin.py:190} INFO - [2024-10-08T18:09:12.417+0900] {dag.py:3239} INFO - Sync 1 DAGs
[2024-10-08T18:09:12.430+0900] {logging_mixin.py:190} INFO - [2024-10-08T18:09:12.430+0900] {dag.py:4180} INFO - Setting next_dagrun for tutorial_taskflow_api to None, run_after=None
[2024-10-08T18:09:12.449+0900] {processor.py:208} INFO - Processing /Users/alookso/1007MLpj/myenv/lib/python3.10/site-packages/airflow/example_dags/tutorial_taskflow_api.py took 0.206 seconds
[2024-10-08T18:12:24.017+0900] {processor.py:186} INFO - Started process (PID=27940) to work on /Users/alookso/1007MLpj/myenv/lib/python3.10/site-packages/airflow/example_dags/tutorial_taskflow_api.py
[2024-10-08T18:12:24.018+0900] {processor.py:914} INFO - Processing file /Users/alookso/1007MLpj/myenv/lib/python3.10/site-packages/airflow/example_dags/tutorial_taskflow_api.py for tasks to queue
[2024-10-08T18:12:24.019+0900] {logging_mixin.py:190} INFO - [2024-10-08T18:12:24.019+0900] {dagbag.py:588} INFO - Filling up the DagBag from /Users/alookso/1007MLpj/myenv/lib/python3.10/site-packages/airflow/example_dags/tutorial_taskflow_api.py
[2024-10-08T18:12:24.060+0900] {processor.py:925} INFO - DAG(s) 'tutorial_taskflow_api' retrieved from /Users/alookso/1007MLpj/myenv/lib/python3.10/site-packages/airflow/example_dags/tutorial_taskflow_api.py
[2024-10-08T18:12:24.187+0900] {logging_mixin.py:190} INFO - [2024-10-08T18:12:24.187+0900] {dag.py:3239} INFO - Sync 1 DAGs
[2024-10-08T18:12:24.199+0900] {logging_mixin.py:190} INFO - [2024-10-08T18:12:24.199+0900] {dag.py:4180} INFO - Setting next_dagrun for tutorial_taskflow_api to None, run_after=None
[2024-10-08T18:12:24.218+0900] {processor.py:208} INFO - Processing /Users/alookso/1007MLpj/myenv/lib/python3.10/site-packages/airflow/example_dags/tutorial_taskflow_api.py took 0.205 seconds
[2024-10-08T18:15:33.612+0900] {processor.py:186} INFO - Started process (PID=28043) to work on /Users/alookso/1007MLpj/myenv/lib/python3.10/site-packages/airflow/example_dags/tutorial_taskflow_api.py
[2024-10-08T18:15:33.613+0900] {processor.py:914} INFO - Processing file /Users/alookso/1007MLpj/myenv/lib/python3.10/site-packages/airflow/example_dags/tutorial_taskflow_api.py for tasks to queue
[2024-10-08T18:15:33.613+0900] {logging_mixin.py:190} INFO - [2024-10-08T18:15:33.613+0900] {dagbag.py:588} INFO - Filling up the DagBag from /Users/alookso/1007MLpj/myenv/lib/python3.10/site-packages/airflow/example_dags/tutorial_taskflow_api.py
[2024-10-08T18:15:33.655+0900] {processor.py:925} INFO - DAG(s) 'tutorial_taskflow_api' retrieved from /Users/alookso/1007MLpj/myenv/lib/python3.10/site-packages/airflow/example_dags/tutorial_taskflow_api.py
[2024-10-08T18:15:33.786+0900] {logging_mixin.py:190} INFO - [2024-10-08T18:15:33.786+0900] {dag.py:3239} INFO - Sync 1 DAGs
[2024-10-08T18:15:33.799+0900] {logging_mixin.py:190} INFO - [2024-10-08T18:15:33.799+0900] {dag.py:4180} INFO - Setting next_dagrun for tutorial_taskflow_api to None, run_after=None
[2024-10-08T18:15:33.819+0900] {processor.py:208} INFO - Processing /Users/alookso/1007MLpj/myenv/lib/python3.10/site-packages/airflow/example_dags/tutorial_taskflow_api.py took 0.211 seconds
[2024-10-08T18:18:44.059+0900] {processor.py:186} INFO - Started process (PID=28127) to work on /Users/alookso/1007MLpj/myenv/lib/python3.10/site-packages/airflow/example_dags/tutorial_taskflow_api.py
[2024-10-08T18:18:44.060+0900] {processor.py:914} INFO - Processing file /Users/alookso/1007MLpj/myenv/lib/python3.10/site-packages/airflow/example_dags/tutorial_taskflow_api.py for tasks to queue
[2024-10-08T18:18:44.061+0900] {logging_mixin.py:190} INFO - [2024-10-08T18:18:44.061+0900] {dagbag.py:588} INFO - Filling up the DagBag from /Users/alookso/1007MLpj/myenv/lib/python3.10/site-packages/airflow/example_dags/tutorial_taskflow_api.py
[2024-10-08T18:18:44.102+0900] {processor.py:925} INFO - DAG(s) 'tutorial_taskflow_api' retrieved from /Users/alookso/1007MLpj/myenv/lib/python3.10/site-packages/airflow/example_dags/tutorial_taskflow_api.py
[2024-10-08T18:18:44.230+0900] {logging_mixin.py:190} INFO - [2024-10-08T18:18:44.229+0900] {dag.py:3239} INFO - Sync 1 DAGs
[2024-10-08T18:18:44.242+0900] {logging_mixin.py:190} INFO - [2024-10-08T18:18:44.242+0900] {dag.py:4180} INFO - Setting next_dagrun for tutorial_taskflow_api to None, run_after=None
[2024-10-08T18:18:44.261+0900] {processor.py:208} INFO - Processing /Users/alookso/1007MLpj/myenv/lib/python3.10/site-packages/airflow/example_dags/tutorial_taskflow_api.py took 0.207 seconds
[2024-10-08T18:21:27.587+0900] {processor.py:186} INFO - Started process (PID=28248) to work on /Users/alookso/1007MLpj/myenv/lib/python3.10/site-packages/airflow/example_dags/tutorial_taskflow_api.py
[2024-10-08T18:21:27.588+0900] {processor.py:914} INFO - Processing file /Users/alookso/1007MLpj/myenv/lib/python3.10/site-packages/airflow/example_dags/tutorial_taskflow_api.py for tasks to queue
[2024-10-08T18:21:27.589+0900] {logging_mixin.py:190} INFO - [2024-10-08T18:21:27.589+0900] {dagbag.py:588} INFO - Filling up the DagBag from /Users/alookso/1007MLpj/myenv/lib/python3.10/site-packages/airflow/example_dags/tutorial_taskflow_api.py
[2024-10-08T18:21:27.630+0900] {processor.py:925} INFO - DAG(s) 'tutorial_taskflow_api' retrieved from /Users/alookso/1007MLpj/myenv/lib/python3.10/site-packages/airflow/example_dags/tutorial_taskflow_api.py
[2024-10-08T18:21:27.757+0900] {logging_mixin.py:190} INFO - [2024-10-08T18:21:27.757+0900] {dag.py:3239} INFO - Sync 1 DAGs
[2024-10-08T18:21:27.770+0900] {logging_mixin.py:190} INFO - [2024-10-08T18:21:27.770+0900] {dag.py:4180} INFO - Setting next_dagrun for tutorial_taskflow_api to None, run_after=None
[2024-10-08T18:21:27.789+0900] {processor.py:208} INFO - Processing /Users/alookso/1007MLpj/myenv/lib/python3.10/site-packages/airflow/example_dags/tutorial_taskflow_api.py took 0.206 seconds
[2024-10-08T18:32:27.868+0900] {processor.py:186} INFO - Started process (PID=28675) to work on /Users/alookso/1007MLpj/myenv/lib/python3.10/site-packages/airflow/example_dags/tutorial_taskflow_api.py
[2024-10-08T18:32:27.869+0900] {processor.py:914} INFO - Processing file /Users/alookso/1007MLpj/myenv/lib/python3.10/site-packages/airflow/example_dags/tutorial_taskflow_api.py for tasks to queue
[2024-10-08T18:32:27.870+0900] {logging_mixin.py:190} INFO - [2024-10-08T18:32:27.870+0900] {dagbag.py:588} INFO - Filling up the DagBag from /Users/alookso/1007MLpj/myenv/lib/python3.10/site-packages/airflow/example_dags/tutorial_taskflow_api.py
[2024-10-08T18:32:27.912+0900] {processor.py:925} INFO - DAG(s) 'tutorial_taskflow_api' retrieved from /Users/alookso/1007MLpj/myenv/lib/python3.10/site-packages/airflow/example_dags/tutorial_taskflow_api.py
[2024-10-08T18:32:28.042+0900] {logging_mixin.py:190} INFO - [2024-10-08T18:32:28.042+0900] {dag.py:3239} INFO - Sync 1 DAGs
[2024-10-08T18:32:28.056+0900] {logging_mixin.py:190} INFO - [2024-10-08T18:32:28.055+0900] {dag.py:4180} INFO - Setting next_dagrun for tutorial_taskflow_api to None, run_after=None
[2024-10-08T18:32:28.075+0900] {processor.py:208} INFO - Processing /Users/alookso/1007MLpj/myenv/lib/python3.10/site-packages/airflow/example_dags/tutorial_taskflow_api.py took 0.211 seconds
[2024-10-08T18:34:22.306+0900] {processor.py:186} INFO - Started process (PID=28775) to work on /Users/alookso/1007MLpj/myenv/lib/python3.10/site-packages/airflow/example_dags/tutorial_taskflow_api.py
[2024-10-08T18:34:22.307+0900] {processor.py:914} INFO - Processing file /Users/alookso/1007MLpj/myenv/lib/python3.10/site-packages/airflow/example_dags/tutorial_taskflow_api.py for tasks to queue
[2024-10-08T18:34:22.308+0900] {logging_mixin.py:190} INFO - [2024-10-08T18:34:22.308+0900] {dagbag.py:588} INFO - Filling up the DagBag from /Users/alookso/1007MLpj/myenv/lib/python3.10/site-packages/airflow/example_dags/tutorial_taskflow_api.py
[2024-10-08T18:34:22.349+0900] {processor.py:925} INFO - DAG(s) 'tutorial_taskflow_api' retrieved from /Users/alookso/1007MLpj/myenv/lib/python3.10/site-packages/airflow/example_dags/tutorial_taskflow_api.py
[2024-10-08T18:34:22.480+0900] {logging_mixin.py:190} INFO - [2024-10-08T18:34:22.480+0900] {dag.py:3239} INFO - Sync 1 DAGs
[2024-10-08T18:34:22.493+0900] {logging_mixin.py:190} INFO - [2024-10-08T18:34:22.493+0900] {dag.py:4180} INFO - Setting next_dagrun for tutorial_taskflow_api to None, run_after=None
[2024-10-08T18:34:22.514+0900] {processor.py:208} INFO - Processing /Users/alookso/1007MLpj/myenv/lib/python3.10/site-packages/airflow/example_dags/tutorial_taskflow_api.py took 0.213 seconds
[2024-10-08T18:46:03.386+0900] {processor.py:186} INFO - Started process (PID=29234) to work on /Users/alookso/1007MLpj/myenv/lib/python3.10/site-packages/airflow/example_dags/tutorial_taskflow_api.py
[2024-10-08T18:46:03.387+0900] {processor.py:914} INFO - Processing file /Users/alookso/1007MLpj/myenv/lib/python3.10/site-packages/airflow/example_dags/tutorial_taskflow_api.py for tasks to queue
[2024-10-08T18:46:03.388+0900] {logging_mixin.py:190} INFO - [2024-10-08T18:46:03.388+0900] {dagbag.py:588} INFO - Filling up the DagBag from /Users/alookso/1007MLpj/myenv/lib/python3.10/site-packages/airflow/example_dags/tutorial_taskflow_api.py
[2024-10-08T18:46:03.429+0900] {processor.py:925} INFO - DAG(s) 'tutorial_taskflow_api' retrieved from /Users/alookso/1007MLpj/myenv/lib/python3.10/site-packages/airflow/example_dags/tutorial_taskflow_api.py
[2024-10-08T18:46:03.558+0900] {logging_mixin.py:190} INFO - [2024-10-08T18:46:03.558+0900] {dag.py:3239} INFO - Sync 1 DAGs
[2024-10-08T18:46:03.571+0900] {logging_mixin.py:190} INFO - [2024-10-08T18:46:03.571+0900] {dag.py:4180} INFO - Setting next_dagrun for tutorial_taskflow_api to None, run_after=None
[2024-10-08T18:46:03.591+0900] {processor.py:208} INFO - Processing /Users/alookso/1007MLpj/myenv/lib/python3.10/site-packages/airflow/example_dags/tutorial_taskflow_api.py took 0.209 seconds
