[2024-10-08T14:43:33.583+0900] {processor.py:186} INFO - Started process (PID=22239) to work on /Users/alookso/1007MLpj/myenv/lib/python3.10/site-packages/airflow/example_dags/tutorial.py
[2024-10-08T14:43:33.584+0900] {processor.py:914} INFO - Processing file /Users/alookso/1007MLpj/myenv/lib/python3.10/site-packages/airflow/example_dags/tutorial.py for tasks to queue
[2024-10-08T14:43:33.585+0900] {logging_mixin.py:190} INFO - [2024-10-08T14:43:33.585+0900] {dagbag.py:588} INFO - Filling up the DagBag from /Users/alookso/1007MLpj/myenv/lib/python3.10/site-packages/airflow/example_dags/tutorial.py
[2024-10-08T14:43:33.595+0900] {processor.py:925} INFO - DAG(s) 'tutorial' retrieved from /Users/alookso/1007MLpj/myenv/lib/python3.10/site-packages/airflow/example_dags/tutorial.py
[2024-10-08T14:43:33.846+0900] {logging_mixin.py:190} INFO - [2024-10-08T14:43:33.846+0900] {override.py:1901} INFO - Created Permission View: can read on DAG:tutorial
[2024-10-08T14:43:33.857+0900] {logging_mixin.py:190} INFO - [2024-10-08T14:43:33.857+0900] {override.py:1901} INFO - Created Permission View: can delete on DAG:tutorial
[2024-10-08T14:43:33.865+0900] {logging_mixin.py:190} INFO - [2024-10-08T14:43:33.864+0900] {override.py:1901} INFO - Created Permission View: can edit on DAG:tutorial
[2024-10-08T14:43:33.875+0900] {logging_mixin.py:190} INFO - [2024-10-08T14:43:33.875+0900] {override.py:1901} INFO - Created Permission View: can create on DAG Run:tutorial
[2024-10-08T14:43:33.883+0900] {logging_mixin.py:190} INFO - [2024-10-08T14:43:33.882+0900] {override.py:1901} INFO - Created Permission View: can read on DAG Run:tutorial
[2024-10-08T14:43:33.891+0900] {logging_mixin.py:190} INFO - [2024-10-08T14:43:33.891+0900] {override.py:1901} INFO - Created Permission View: can delete on DAG Run:tutorial
[2024-10-08T14:43:33.898+0900] {logging_mixin.py:190} INFO - [2024-10-08T14:43:33.898+0900] {override.py:1901} INFO - Created Permission View: menu access on DAG Run:tutorial
[2024-10-08T14:43:33.898+0900] {logging_mixin.py:190} INFO - [2024-10-08T14:43:33.898+0900] {dag.py:3239} INFO - Sync 1 DAGs
[2024-10-08T14:43:33.913+0900] {logging_mixin.py:190} INFO - [2024-10-08T14:43:33.912+0900] {dag.py:3262} INFO - Creating ORM DAG for tutorial
[2024-10-08T14:43:33.923+0900] {logging_mixin.py:190} INFO - [2024-10-08T14:43:33.922+0900] {dag.py:4180} INFO - Setting next_dagrun for tutorial to 2024-10-07T00:00:00+00:00, run_after=2024-10-08T00:00:00+00:00
[2024-10-08T14:43:33.943+0900] {processor.py:208} INFO - Processing /Users/alookso/1007MLpj/myenv/lib/python3.10/site-packages/airflow/example_dags/tutorial.py took 0.365 seconds
[2024-10-08T14:47:22.892+0900] {processor.py:186} INFO - Started process (PID=22331) to work on /Users/alookso/1007MLpj/myenv/lib/python3.10/site-packages/airflow/example_dags/tutorial.py
[2024-10-08T14:47:22.893+0900] {processor.py:914} INFO - Processing file /Users/alookso/1007MLpj/myenv/lib/python3.10/site-packages/airflow/example_dags/tutorial.py for tasks to queue
[2024-10-08T14:47:22.893+0900] {logging_mixin.py:190} INFO - [2024-10-08T14:47:22.893+0900] {dagbag.py:588} INFO - Filling up the DagBag from /Users/alookso/1007MLpj/myenv/lib/python3.10/site-packages/airflow/example_dags/tutorial.py
[2024-10-08T14:47:22.903+0900] {processor.py:925} INFO - DAG(s) 'tutorial' retrieved from /Users/alookso/1007MLpj/myenv/lib/python3.10/site-packages/airflow/example_dags/tutorial.py
[2024-10-08T14:47:23.036+0900] {logging_mixin.py:190} INFO - [2024-10-08T14:47:23.035+0900] {dag.py:3239} INFO - Sync 1 DAGs
[2024-10-08T14:47:23.058+0900] {logging_mixin.py:190} INFO - [2024-10-08T14:47:23.057+0900] {dag.py:4180} INFO - Setting next_dagrun for tutorial to 2024-10-07T00:00:00+00:00, run_after=2024-10-08T00:00:00+00:00
[2024-10-08T14:47:23.078+0900] {processor.py:208} INFO - Processing /Users/alookso/1007MLpj/myenv/lib/python3.10/site-packages/airflow/example_dags/tutorial.py took 0.190 seconds
[2024-10-08T14:50:31.378+0900] {processor.py:186} INFO - Started process (PID=22408) to work on /Users/alookso/1007MLpj/myenv/lib/python3.10/site-packages/airflow/example_dags/tutorial.py
[2024-10-08T14:50:31.379+0900] {processor.py:914} INFO - Processing file /Users/alookso/1007MLpj/myenv/lib/python3.10/site-packages/airflow/example_dags/tutorial.py for tasks to queue
[2024-10-08T14:50:31.380+0900] {logging_mixin.py:190} INFO - [2024-10-08T14:50:31.380+0900] {dagbag.py:588} INFO - Filling up the DagBag from /Users/alookso/1007MLpj/myenv/lib/python3.10/site-packages/airflow/example_dags/tutorial.py
[2024-10-08T14:50:31.390+0900] {processor.py:925} INFO - DAG(s) 'tutorial' retrieved from /Users/alookso/1007MLpj/myenv/lib/python3.10/site-packages/airflow/example_dags/tutorial.py
[2024-10-08T14:50:31.522+0900] {logging_mixin.py:190} INFO - [2024-10-08T14:50:31.522+0900] {dag.py:3239} INFO - Sync 1 DAGs
[2024-10-08T14:50:31.544+0900] {logging_mixin.py:190} INFO - [2024-10-08T14:50:31.543+0900] {dag.py:4180} INFO - Setting next_dagrun for tutorial to 2024-10-07T00:00:00+00:00, run_after=2024-10-08T00:00:00+00:00
[2024-10-08T14:50:31.564+0900] {processor.py:208} INFO - Processing /Users/alookso/1007MLpj/myenv/lib/python3.10/site-packages/airflow/example_dags/tutorial.py took 0.191 seconds
[2024-10-08T14:53:39.282+0900] {processor.py:186} INFO - Started process (PID=22520) to work on /Users/alookso/1007MLpj/myenv/lib/python3.10/site-packages/airflow/example_dags/tutorial.py
[2024-10-08T14:53:39.283+0900] {processor.py:914} INFO - Processing file /Users/alookso/1007MLpj/myenv/lib/python3.10/site-packages/airflow/example_dags/tutorial.py for tasks to queue
[2024-10-08T14:53:39.284+0900] {logging_mixin.py:190} INFO - [2024-10-08T14:53:39.284+0900] {dagbag.py:588} INFO - Filling up the DagBag from /Users/alookso/1007MLpj/myenv/lib/python3.10/site-packages/airflow/example_dags/tutorial.py
[2024-10-08T14:53:39.293+0900] {processor.py:925} INFO - DAG(s) 'tutorial' retrieved from /Users/alookso/1007MLpj/myenv/lib/python3.10/site-packages/airflow/example_dags/tutorial.py
[2024-10-08T14:53:39.428+0900] {logging_mixin.py:190} INFO - [2024-10-08T14:53:39.428+0900] {dag.py:3239} INFO - Sync 1 DAGs
[2024-10-08T14:53:39.450+0900] {logging_mixin.py:190} INFO - [2024-10-08T14:53:39.450+0900] {dag.py:4180} INFO - Setting next_dagrun for tutorial to 2024-10-07T00:00:00+00:00, run_after=2024-10-08T00:00:00+00:00
[2024-10-08T14:53:39.470+0900] {processor.py:208} INFO - Processing /Users/alookso/1007MLpj/myenv/lib/python3.10/site-packages/airflow/example_dags/tutorial.py took 0.191 seconds
[2024-10-08T14:56:47.524+0900] {processor.py:186} INFO - Started process (PID=22643) to work on /Users/alookso/1007MLpj/myenv/lib/python3.10/site-packages/airflow/example_dags/tutorial.py
[2024-10-08T14:56:47.525+0900] {processor.py:914} INFO - Processing file /Users/alookso/1007MLpj/myenv/lib/python3.10/site-packages/airflow/example_dags/tutorial.py for tasks to queue
[2024-10-08T14:56:47.526+0900] {logging_mixin.py:190} INFO - [2024-10-08T14:56:47.526+0900] {dagbag.py:588} INFO - Filling up the DagBag from /Users/alookso/1007MLpj/myenv/lib/python3.10/site-packages/airflow/example_dags/tutorial.py
[2024-10-08T14:56:47.535+0900] {processor.py:925} INFO - DAG(s) 'tutorial' retrieved from /Users/alookso/1007MLpj/myenv/lib/python3.10/site-packages/airflow/example_dags/tutorial.py
[2024-10-08T14:56:47.669+0900] {logging_mixin.py:190} INFO - [2024-10-08T14:56:47.669+0900] {dag.py:3239} INFO - Sync 1 DAGs
[2024-10-08T14:56:47.690+0900] {logging_mixin.py:190} INFO - [2024-10-08T14:56:47.690+0900] {dag.py:4180} INFO - Setting next_dagrun for tutorial to 2024-10-07T00:00:00+00:00, run_after=2024-10-08T00:00:00+00:00
[2024-10-08T14:56:47.711+0900] {processor.py:208} INFO - Processing /Users/alookso/1007MLpj/myenv/lib/python3.10/site-packages/airflow/example_dags/tutorial.py took 0.191 seconds
[2024-10-08T14:59:55.982+0900] {processor.py:186} INFO - Started process (PID=22754) to work on /Users/alookso/1007MLpj/myenv/lib/python3.10/site-packages/airflow/example_dags/tutorial.py
[2024-10-08T14:59:55.983+0900] {processor.py:914} INFO - Processing file /Users/alookso/1007MLpj/myenv/lib/python3.10/site-packages/airflow/example_dags/tutorial.py for tasks to queue
[2024-10-08T14:59:55.984+0900] {logging_mixin.py:190} INFO - [2024-10-08T14:59:55.983+0900] {dagbag.py:588} INFO - Filling up the DagBag from /Users/alookso/1007MLpj/myenv/lib/python3.10/site-packages/airflow/example_dags/tutorial.py
[2024-10-08T14:59:55.993+0900] {processor.py:925} INFO - DAG(s) 'tutorial' retrieved from /Users/alookso/1007MLpj/myenv/lib/python3.10/site-packages/airflow/example_dags/tutorial.py
[2024-10-08T14:59:56.125+0900] {logging_mixin.py:190} INFO - [2024-10-08T14:59:56.125+0900] {dag.py:3239} INFO - Sync 1 DAGs
[2024-10-08T14:59:56.146+0900] {logging_mixin.py:190} INFO - [2024-10-08T14:59:56.146+0900] {dag.py:4180} INFO - Setting next_dagrun for tutorial to 2024-10-07T00:00:00+00:00, run_after=2024-10-08T00:00:00+00:00
[2024-10-08T14:59:56.165+0900] {processor.py:208} INFO - Processing /Users/alookso/1007MLpj/myenv/lib/python3.10/site-packages/airflow/example_dags/tutorial.py took 0.188 seconds
[2024-10-08T15:03:05.469+0900] {processor.py:186} INFO - Started process (PID=22834) to work on /Users/alookso/1007MLpj/myenv/lib/python3.10/site-packages/airflow/example_dags/tutorial.py
[2024-10-08T15:03:05.469+0900] {processor.py:914} INFO - Processing file /Users/alookso/1007MLpj/myenv/lib/python3.10/site-packages/airflow/example_dags/tutorial.py for tasks to queue
[2024-10-08T15:03:05.470+0900] {logging_mixin.py:190} INFO - [2024-10-08T15:03:05.470+0900] {dagbag.py:588} INFO - Filling up the DagBag from /Users/alookso/1007MLpj/myenv/lib/python3.10/site-packages/airflow/example_dags/tutorial.py
[2024-10-08T15:03:05.480+0900] {processor.py:925} INFO - DAG(s) 'tutorial' retrieved from /Users/alookso/1007MLpj/myenv/lib/python3.10/site-packages/airflow/example_dags/tutorial.py
[2024-10-08T15:03:05.613+0900] {logging_mixin.py:190} INFO - [2024-10-08T15:03:05.613+0900] {dag.py:3239} INFO - Sync 1 DAGs
[2024-10-08T15:03:05.635+0900] {logging_mixin.py:190} INFO - [2024-10-08T15:03:05.634+0900] {dag.py:4180} INFO - Setting next_dagrun for tutorial to 2024-10-07T00:00:00+00:00, run_after=2024-10-08T00:00:00+00:00
[2024-10-08T15:03:05.656+0900] {processor.py:208} INFO - Processing /Users/alookso/1007MLpj/myenv/lib/python3.10/site-packages/airflow/example_dags/tutorial.py took 0.192 seconds
[2024-10-08T15:06:09.925+0900] {processor.py:186} INFO - Started process (PID=22916) to work on /Users/alookso/1007MLpj/myenv/lib/python3.10/site-packages/airflow/example_dags/tutorial.py
[2024-10-08T15:06:09.926+0900] {processor.py:914} INFO - Processing file /Users/alookso/1007MLpj/myenv/lib/python3.10/site-packages/airflow/example_dags/tutorial.py for tasks to queue
[2024-10-08T15:06:09.927+0900] {logging_mixin.py:190} INFO - [2024-10-08T15:06:09.927+0900] {dagbag.py:588} INFO - Filling up the DagBag from /Users/alookso/1007MLpj/myenv/lib/python3.10/site-packages/airflow/example_dags/tutorial.py
[2024-10-08T15:06:09.936+0900] {processor.py:925} INFO - DAG(s) 'tutorial' retrieved from /Users/alookso/1007MLpj/myenv/lib/python3.10/site-packages/airflow/example_dags/tutorial.py
[2024-10-08T15:06:10.074+0900] {logging_mixin.py:190} INFO - [2024-10-08T15:06:10.074+0900] {dag.py:3239} INFO - Sync 1 DAGs
[2024-10-08T15:06:10.096+0900] {logging_mixin.py:190} INFO - [2024-10-08T15:06:10.096+0900] {dag.py:4180} INFO - Setting next_dagrun for tutorial to 2024-10-07T00:00:00+00:00, run_after=2024-10-08T00:00:00+00:00
[2024-10-08T15:06:10.115+0900] {processor.py:208} INFO - Processing /Users/alookso/1007MLpj/myenv/lib/python3.10/site-packages/airflow/example_dags/tutorial.py took 0.195 seconds
[2024-10-08T15:09:16.534+0900] {processor.py:186} INFO - Started process (PID=23039) to work on /Users/alookso/1007MLpj/myenv/lib/python3.10/site-packages/airflow/example_dags/tutorial.py
[2024-10-08T15:09:16.535+0900] {processor.py:914} INFO - Processing file /Users/alookso/1007MLpj/myenv/lib/python3.10/site-packages/airflow/example_dags/tutorial.py for tasks to queue
[2024-10-08T15:09:16.536+0900] {logging_mixin.py:190} INFO - [2024-10-08T15:09:16.536+0900] {dagbag.py:588} INFO - Filling up the DagBag from /Users/alookso/1007MLpj/myenv/lib/python3.10/site-packages/airflow/example_dags/tutorial.py
[2024-10-08T15:09:16.545+0900] {processor.py:925} INFO - DAG(s) 'tutorial' retrieved from /Users/alookso/1007MLpj/myenv/lib/python3.10/site-packages/airflow/example_dags/tutorial.py
[2024-10-08T15:09:16.677+0900] {logging_mixin.py:190} INFO - [2024-10-08T15:09:16.677+0900] {dag.py:3239} INFO - Sync 1 DAGs
[2024-10-08T15:09:16.697+0900] {logging_mixin.py:190} INFO - [2024-10-08T15:09:16.697+0900] {dag.py:4180} INFO - Setting next_dagrun for tutorial to 2024-10-07T00:00:00+00:00, run_after=2024-10-08T00:00:00+00:00
[2024-10-08T15:09:16.717+0900] {processor.py:208} INFO - Processing /Users/alookso/1007MLpj/myenv/lib/python3.10/site-packages/airflow/example_dags/tutorial.py took 0.187 seconds
[2024-10-08T15:12:15.392+0900] {processor.py:186} INFO - Started process (PID=23134) to work on /Users/alookso/1007MLpj/myenv/lib/python3.10/site-packages/airflow/example_dags/tutorial.py
[2024-10-08T15:12:15.393+0900] {processor.py:914} INFO - Processing file /Users/alookso/1007MLpj/myenv/lib/python3.10/site-packages/airflow/example_dags/tutorial.py for tasks to queue
[2024-10-08T15:12:15.394+0900] {logging_mixin.py:190} INFO - [2024-10-08T15:12:15.393+0900] {dagbag.py:588} INFO - Filling up the DagBag from /Users/alookso/1007MLpj/myenv/lib/python3.10/site-packages/airflow/example_dags/tutorial.py
[2024-10-08T15:12:15.403+0900] {processor.py:925} INFO - DAG(s) 'tutorial' retrieved from /Users/alookso/1007MLpj/myenv/lib/python3.10/site-packages/airflow/example_dags/tutorial.py
[2024-10-08T15:12:15.531+0900] {logging_mixin.py:190} INFO - [2024-10-08T15:12:15.531+0900] {dag.py:3239} INFO - Sync 1 DAGs
[2024-10-08T15:12:15.551+0900] {logging_mixin.py:190} INFO - [2024-10-08T15:12:15.551+0900] {dag.py:4180} INFO - Setting next_dagrun for tutorial to 2024-10-07T00:00:00+00:00, run_after=2024-10-08T00:00:00+00:00
[2024-10-08T15:12:15.571+0900] {processor.py:208} INFO - Processing /Users/alookso/1007MLpj/myenv/lib/python3.10/site-packages/airflow/example_dags/tutorial.py took 0.183 seconds
[2024-10-08T15:15:14.157+0900] {processor.py:186} INFO - Started process (PID=23214) to work on /Users/alookso/1007MLpj/myenv/lib/python3.10/site-packages/airflow/example_dags/tutorial.py
[2024-10-08T15:15:14.157+0900] {processor.py:914} INFO - Processing file /Users/alookso/1007MLpj/myenv/lib/python3.10/site-packages/airflow/example_dags/tutorial.py for tasks to queue
[2024-10-08T15:15:14.158+0900] {logging_mixin.py:190} INFO - [2024-10-08T15:15:14.158+0900] {dagbag.py:588} INFO - Filling up the DagBag from /Users/alookso/1007MLpj/myenv/lib/python3.10/site-packages/airflow/example_dags/tutorial.py
[2024-10-08T15:15:14.167+0900] {processor.py:925} INFO - DAG(s) 'tutorial' retrieved from /Users/alookso/1007MLpj/myenv/lib/python3.10/site-packages/airflow/example_dags/tutorial.py
[2024-10-08T15:15:14.299+0900] {logging_mixin.py:190} INFO - [2024-10-08T15:15:14.299+0900] {dag.py:3239} INFO - Sync 1 DAGs
[2024-10-08T15:15:14.321+0900] {logging_mixin.py:190} INFO - [2024-10-08T15:15:14.320+0900] {dag.py:4180} INFO - Setting next_dagrun for tutorial to 2024-10-07T00:00:00+00:00, run_after=2024-10-08T00:00:00+00:00
[2024-10-08T15:15:14.340+0900] {processor.py:208} INFO - Processing /Users/alookso/1007MLpj/myenv/lib/python3.10/site-packages/airflow/example_dags/tutorial.py took 0.188 seconds
[2024-10-08T15:18:21.557+0900] {processor.py:186} INFO - Started process (PID=23317) to work on /Users/alookso/1007MLpj/myenv/lib/python3.10/site-packages/airflow/example_dags/tutorial.py
[2024-10-08T15:18:21.558+0900] {processor.py:914} INFO - Processing file /Users/alookso/1007MLpj/myenv/lib/python3.10/site-packages/airflow/example_dags/tutorial.py for tasks to queue
[2024-10-08T15:18:21.558+0900] {logging_mixin.py:190} INFO - [2024-10-08T15:18:21.558+0900] {dagbag.py:588} INFO - Filling up the DagBag from /Users/alookso/1007MLpj/myenv/lib/python3.10/site-packages/airflow/example_dags/tutorial.py
[2024-10-08T15:18:21.567+0900] {processor.py:925} INFO - DAG(s) 'tutorial' retrieved from /Users/alookso/1007MLpj/myenv/lib/python3.10/site-packages/airflow/example_dags/tutorial.py
[2024-10-08T15:18:21.701+0900] {logging_mixin.py:190} INFO - [2024-10-08T15:18:21.700+0900] {dag.py:3239} INFO - Sync 1 DAGs
[2024-10-08T15:18:21.721+0900] {logging_mixin.py:190} INFO - [2024-10-08T15:18:21.721+0900] {dag.py:4180} INFO - Setting next_dagrun for tutorial to 2024-10-07T00:00:00+00:00, run_after=2024-10-08T00:00:00+00:00
[2024-10-08T15:18:21.740+0900] {processor.py:208} INFO - Processing /Users/alookso/1007MLpj/myenv/lib/python3.10/site-packages/airflow/example_dags/tutorial.py took 0.188 seconds
[2024-10-08T15:21:29.761+0900] {processor.py:186} INFO - Started process (PID=23404) to work on /Users/alookso/1007MLpj/myenv/lib/python3.10/site-packages/airflow/example_dags/tutorial.py
[2024-10-08T15:21:29.761+0900] {processor.py:914} INFO - Processing file /Users/alookso/1007MLpj/myenv/lib/python3.10/site-packages/airflow/example_dags/tutorial.py for tasks to queue
[2024-10-08T15:21:29.762+0900] {logging_mixin.py:190} INFO - [2024-10-08T15:21:29.762+0900] {dagbag.py:588} INFO - Filling up the DagBag from /Users/alookso/1007MLpj/myenv/lib/python3.10/site-packages/airflow/example_dags/tutorial.py
[2024-10-08T15:21:29.771+0900] {processor.py:925} INFO - DAG(s) 'tutorial' retrieved from /Users/alookso/1007MLpj/myenv/lib/python3.10/site-packages/airflow/example_dags/tutorial.py
[2024-10-08T15:21:29.902+0900] {logging_mixin.py:190} INFO - [2024-10-08T15:21:29.902+0900] {dag.py:3239} INFO - Sync 1 DAGs
[2024-10-08T15:21:29.922+0900] {logging_mixin.py:190} INFO - [2024-10-08T15:21:29.922+0900] {dag.py:4180} INFO - Setting next_dagrun for tutorial to 2024-10-07T00:00:00+00:00, run_after=2024-10-08T00:00:00+00:00
[2024-10-08T15:21:29.942+0900] {processor.py:208} INFO - Processing /Users/alookso/1007MLpj/myenv/lib/python3.10/site-packages/airflow/example_dags/tutorial.py took 0.186 seconds
[2024-10-08T15:24:33.958+0900] {processor.py:186} INFO - Started process (PID=23498) to work on /Users/alookso/1007MLpj/myenv/lib/python3.10/site-packages/airflow/example_dags/tutorial.py
[2024-10-08T15:24:33.958+0900] {processor.py:914} INFO - Processing file /Users/alookso/1007MLpj/myenv/lib/python3.10/site-packages/airflow/example_dags/tutorial.py for tasks to queue
[2024-10-08T15:24:33.959+0900] {logging_mixin.py:190} INFO - [2024-10-08T15:24:33.959+0900] {dagbag.py:588} INFO - Filling up the DagBag from /Users/alookso/1007MLpj/myenv/lib/python3.10/site-packages/airflow/example_dags/tutorial.py
[2024-10-08T15:24:33.968+0900] {processor.py:925} INFO - DAG(s) 'tutorial' retrieved from /Users/alookso/1007MLpj/myenv/lib/python3.10/site-packages/airflow/example_dags/tutorial.py
[2024-10-08T15:24:34.099+0900] {logging_mixin.py:190} INFO - [2024-10-08T15:24:34.099+0900] {dag.py:3239} INFO - Sync 1 DAGs
[2024-10-08T15:24:34.120+0900] {logging_mixin.py:190} INFO - [2024-10-08T15:24:34.120+0900] {dag.py:4180} INFO - Setting next_dagrun for tutorial to 2024-10-07T00:00:00+00:00, run_after=2024-10-08T00:00:00+00:00
[2024-10-08T15:24:34.139+0900] {processor.py:208} INFO - Processing /Users/alookso/1007MLpj/myenv/lib/python3.10/site-packages/airflow/example_dags/tutorial.py took 0.186 seconds
[2024-10-08T15:27:36.514+0900] {processor.py:186} INFO - Started process (PID=23593) to work on /Users/alookso/1007MLpj/myenv/lib/python3.10/site-packages/airflow/example_dags/tutorial.py
[2024-10-08T15:27:36.515+0900] {processor.py:914} INFO - Processing file /Users/alookso/1007MLpj/myenv/lib/python3.10/site-packages/airflow/example_dags/tutorial.py for tasks to queue
[2024-10-08T15:27:36.516+0900] {logging_mixin.py:190} INFO - [2024-10-08T15:27:36.515+0900] {dagbag.py:588} INFO - Filling up the DagBag from /Users/alookso/1007MLpj/myenv/lib/python3.10/site-packages/airflow/example_dags/tutorial.py
[2024-10-08T15:27:36.525+0900] {processor.py:925} INFO - DAG(s) 'tutorial' retrieved from /Users/alookso/1007MLpj/myenv/lib/python3.10/site-packages/airflow/example_dags/tutorial.py
[2024-10-08T15:27:36.658+0900] {logging_mixin.py:190} INFO - [2024-10-08T15:27:36.658+0900] {dag.py:3239} INFO - Sync 1 DAGs
[2024-10-08T15:27:36.680+0900] {logging_mixin.py:190} INFO - [2024-10-08T15:27:36.679+0900] {dag.py:4180} INFO - Setting next_dagrun for tutorial to 2024-10-07T00:00:00+00:00, run_after=2024-10-08T00:00:00+00:00
[2024-10-08T15:27:36.699+0900] {processor.py:208} INFO - Processing /Users/alookso/1007MLpj/myenv/lib/python3.10/site-packages/airflow/example_dags/tutorial.py took 0.190 seconds
[2024-10-08T15:30:37.706+0900] {processor.py:186} INFO - Started process (PID=23713) to work on /Users/alookso/1007MLpj/myenv/lib/python3.10/site-packages/airflow/example_dags/tutorial.py
[2024-10-08T15:30:37.707+0900] {processor.py:914} INFO - Processing file /Users/alookso/1007MLpj/myenv/lib/python3.10/site-packages/airflow/example_dags/tutorial.py for tasks to queue
[2024-10-08T15:30:37.708+0900] {logging_mixin.py:190} INFO - [2024-10-08T15:30:37.708+0900] {dagbag.py:588} INFO - Filling up the DagBag from /Users/alookso/1007MLpj/myenv/lib/python3.10/site-packages/airflow/example_dags/tutorial.py
[2024-10-08T15:30:37.717+0900] {processor.py:925} INFO - DAG(s) 'tutorial' retrieved from /Users/alookso/1007MLpj/myenv/lib/python3.10/site-packages/airflow/example_dags/tutorial.py
[2024-10-08T15:30:37.852+0900] {logging_mixin.py:190} INFO - [2024-10-08T15:30:37.852+0900] {dag.py:3239} INFO - Sync 1 DAGs
[2024-10-08T15:30:37.874+0900] {logging_mixin.py:190} INFO - [2024-10-08T15:30:37.873+0900] {dag.py:4180} INFO - Setting next_dagrun for tutorial to 2024-10-07T00:00:00+00:00, run_after=2024-10-08T00:00:00+00:00
[2024-10-08T15:30:37.893+0900] {processor.py:208} INFO - Processing /Users/alookso/1007MLpj/myenv/lib/python3.10/site-packages/airflow/example_dags/tutorial.py took 0.193 seconds
[2024-10-08T15:33:39.213+0900] {processor.py:186} INFO - Started process (PID=23810) to work on /Users/alookso/1007MLpj/myenv/lib/python3.10/site-packages/airflow/example_dags/tutorial.py
[2024-10-08T15:33:39.213+0900] {processor.py:914} INFO - Processing file /Users/alookso/1007MLpj/myenv/lib/python3.10/site-packages/airflow/example_dags/tutorial.py for tasks to queue
[2024-10-08T15:33:39.214+0900] {logging_mixin.py:190} INFO - [2024-10-08T15:33:39.214+0900] {dagbag.py:588} INFO - Filling up the DagBag from /Users/alookso/1007MLpj/myenv/lib/python3.10/site-packages/airflow/example_dags/tutorial.py
[2024-10-08T15:33:39.223+0900] {processor.py:925} INFO - DAG(s) 'tutorial' retrieved from /Users/alookso/1007MLpj/myenv/lib/python3.10/site-packages/airflow/example_dags/tutorial.py
[2024-10-08T15:33:39.359+0900] {logging_mixin.py:190} INFO - [2024-10-08T15:33:39.359+0900] {dag.py:3239} INFO - Sync 1 DAGs
[2024-10-08T15:33:39.407+0900] {logging_mixin.py:190} INFO - [2024-10-08T15:33:39.407+0900] {dag.py:4180} INFO - Setting next_dagrun for tutorial to 2024-10-07T00:00:00+00:00, run_after=2024-10-08T00:00:00+00:00
[2024-10-08T15:33:39.432+0900] {processor.py:208} INFO - Processing /Users/alookso/1007MLpj/myenv/lib/python3.10/site-packages/airflow/example_dags/tutorial.py took 0.224 seconds
[2024-10-08T15:35:21.389+0900] {processor.py:186} INFO - Started process (PID=23881) to work on /Users/alookso/1007MLpj/myenv/lib/python3.10/site-packages/airflow/example_dags/tutorial.py
[2024-10-08T15:35:21.390+0900] {processor.py:914} INFO - Processing file /Users/alookso/1007MLpj/myenv/lib/python3.10/site-packages/airflow/example_dags/tutorial.py for tasks to queue
[2024-10-08T15:35:21.391+0900] {logging_mixin.py:190} INFO - [2024-10-08T15:35:21.391+0900] {dagbag.py:588} INFO - Filling up the DagBag from /Users/alookso/1007MLpj/myenv/lib/python3.10/site-packages/airflow/example_dags/tutorial.py
[2024-10-08T15:35:21.402+0900] {processor.py:925} INFO - DAG(s) 'tutorial' retrieved from /Users/alookso/1007MLpj/myenv/lib/python3.10/site-packages/airflow/example_dags/tutorial.py
[2024-10-08T15:35:21.544+0900] {logging_mixin.py:190} INFO - [2024-10-08T15:35:21.544+0900] {dag.py:3239} INFO - Sync 1 DAGs
[2024-10-08T15:35:21.566+0900] {logging_mixin.py:190} INFO - [2024-10-08T15:35:21.566+0900] {dag.py:4180} INFO - Setting next_dagrun for tutorial to 2024-10-07T00:00:00+00:00, run_after=2024-10-08T00:00:00+00:00
[2024-10-08T15:35:21.588+0900] {processor.py:208} INFO - Processing /Users/alookso/1007MLpj/myenv/lib/python3.10/site-packages/airflow/example_dags/tutorial.py took 0.204 seconds
[2024-10-08T15:38:25.708+0900] {processor.py:186} INFO - Started process (PID=24010) to work on /Users/alookso/1007MLpj/myenv/lib/python3.10/site-packages/airflow/example_dags/tutorial.py
[2024-10-08T15:38:25.709+0900] {processor.py:914} INFO - Processing file /Users/alookso/1007MLpj/myenv/lib/python3.10/site-packages/airflow/example_dags/tutorial.py for tasks to queue
[2024-10-08T15:38:25.710+0900] {logging_mixin.py:190} INFO - [2024-10-08T15:38:25.710+0900] {dagbag.py:588} INFO - Filling up the DagBag from /Users/alookso/1007MLpj/myenv/lib/python3.10/site-packages/airflow/example_dags/tutorial.py
[2024-10-08T15:38:25.719+0900] {processor.py:925} INFO - DAG(s) 'tutorial' retrieved from /Users/alookso/1007MLpj/myenv/lib/python3.10/site-packages/airflow/example_dags/tutorial.py
[2024-10-08T15:38:25.848+0900] {logging_mixin.py:190} INFO - [2024-10-08T15:38:25.848+0900] {dag.py:3239} INFO - Sync 1 DAGs
[2024-10-08T15:38:25.869+0900] {logging_mixin.py:190} INFO - [2024-10-08T15:38:25.869+0900] {dag.py:4180} INFO - Setting next_dagrun for tutorial to 2024-10-07T00:00:00+00:00, run_after=2024-10-08T00:00:00+00:00
[2024-10-08T15:38:25.889+0900] {processor.py:208} INFO - Processing /Users/alookso/1007MLpj/myenv/lib/python3.10/site-packages/airflow/example_dags/tutorial.py took 0.185 seconds
[2024-10-08T16:36:00.198+0900] {processor.py:186} INFO - Started process (PID=24968) to work on /Users/alookso/1007MLpj/myenv/lib/python3.10/site-packages/airflow/example_dags/tutorial.py
[2024-10-08T16:36:00.198+0900] {processor.py:914} INFO - Processing file /Users/alookso/1007MLpj/myenv/lib/python3.10/site-packages/airflow/example_dags/tutorial.py for tasks to queue
[2024-10-08T16:36:00.199+0900] {logging_mixin.py:190} INFO - [2024-10-08T16:36:00.199+0900] {dagbag.py:588} INFO - Filling up the DagBag from /Users/alookso/1007MLpj/myenv/lib/python3.10/site-packages/airflow/example_dags/tutorial.py
[2024-10-08T16:36:00.208+0900] {processor.py:925} INFO - DAG(s) 'tutorial' retrieved from /Users/alookso/1007MLpj/myenv/lib/python3.10/site-packages/airflow/example_dags/tutorial.py
[2024-10-08T16:36:00.341+0900] {logging_mixin.py:190} INFO - [2024-10-08T16:36:00.340+0900] {dag.py:3239} INFO - Sync 1 DAGs
[2024-10-08T16:36:00.361+0900] {logging_mixin.py:190} INFO - [2024-10-08T16:36:00.361+0900] {dag.py:4180} INFO - Setting next_dagrun for tutorial to 2024-10-07T00:00:00+00:00, run_after=2024-10-08T00:00:00+00:00
[2024-10-08T16:36:00.381+0900] {processor.py:208} INFO - Processing /Users/alookso/1007MLpj/myenv/lib/python3.10/site-packages/airflow/example_dags/tutorial.py took 0.188 seconds
[2024-10-08T16:39:33.311+0900] {processor.py:186} INFO - Started process (PID=25141) to work on /Users/alookso/1007MLpj/myenv/lib/python3.10/site-packages/airflow/example_dags/tutorial.py
[2024-10-08T16:39:33.312+0900] {processor.py:914} INFO - Processing file /Users/alookso/1007MLpj/myenv/lib/python3.10/site-packages/airflow/example_dags/tutorial.py for tasks to queue
[2024-10-08T16:39:33.312+0900] {logging_mixin.py:190} INFO - [2024-10-08T16:39:33.312+0900] {dagbag.py:588} INFO - Filling up the DagBag from /Users/alookso/1007MLpj/myenv/lib/python3.10/site-packages/airflow/example_dags/tutorial.py
[2024-10-08T16:39:33.322+0900] {processor.py:925} INFO - DAG(s) 'tutorial' retrieved from /Users/alookso/1007MLpj/myenv/lib/python3.10/site-packages/airflow/example_dags/tutorial.py
[2024-10-08T16:39:33.451+0900] {logging_mixin.py:190} INFO - [2024-10-08T16:39:33.451+0900] {dag.py:3239} INFO - Sync 1 DAGs
[2024-10-08T16:39:33.471+0900] {logging_mixin.py:190} INFO - [2024-10-08T16:39:33.471+0900] {dag.py:4180} INFO - Setting next_dagrun for tutorial to 2024-10-07T00:00:00+00:00, run_after=2024-10-08T00:00:00+00:00
[2024-10-08T16:39:33.490+0900] {processor.py:208} INFO - Processing /Users/alookso/1007MLpj/myenv/lib/python3.10/site-packages/airflow/example_dags/tutorial.py took 0.183 seconds
[2024-10-08T17:27:30.539+0900] {processor.py:186} INFO - Started process (PID=26341) to work on /Users/alookso/1007MLpj/myenv/lib/python3.10/site-packages/airflow/example_dags/tutorial.py
[2024-10-08T17:27:30.540+0900] {processor.py:914} INFO - Processing file /Users/alookso/1007MLpj/myenv/lib/python3.10/site-packages/airflow/example_dags/tutorial.py for tasks to queue
[2024-10-08T17:27:30.541+0900] {logging_mixin.py:190} INFO - [2024-10-08T17:27:30.540+0900] {dagbag.py:588} INFO - Filling up the DagBag from /Users/alookso/1007MLpj/myenv/lib/python3.10/site-packages/airflow/example_dags/tutorial.py
[2024-10-08T17:27:30.549+0900] {processor.py:925} INFO - DAG(s) 'tutorial' retrieved from /Users/alookso/1007MLpj/myenv/lib/python3.10/site-packages/airflow/example_dags/tutorial.py
[2024-10-08T17:27:30.684+0900] {logging_mixin.py:190} INFO - [2024-10-08T17:27:30.683+0900] {dag.py:3239} INFO - Sync 1 DAGs
[2024-10-08T17:27:30.736+0900] {logging_mixin.py:190} INFO - [2024-10-08T17:27:30.735+0900] {dag.py:4180} INFO - Setting next_dagrun for tutorial to 2024-10-07T00:00:00+00:00, run_after=2024-10-08T00:00:00+00:00
[2024-10-08T17:27:30.756+0900] {processor.py:208} INFO - Processing /Users/alookso/1007MLpj/myenv/lib/python3.10/site-packages/airflow/example_dags/tutorial.py took 0.222 seconds
[2024-10-08T17:31:17.906+0900] {processor.py:186} INFO - Started process (PID=26531) to work on /Users/alookso/1007MLpj/myenv/lib/python3.10/site-packages/airflow/example_dags/tutorial.py
[2024-10-08T17:31:17.907+0900] {processor.py:914} INFO - Processing file /Users/alookso/1007MLpj/myenv/lib/python3.10/site-packages/airflow/example_dags/tutorial.py for tasks to queue
[2024-10-08T17:31:17.908+0900] {logging_mixin.py:190} INFO - [2024-10-08T17:31:17.908+0900] {dagbag.py:588} INFO - Filling up the DagBag from /Users/alookso/1007MLpj/myenv/lib/python3.10/site-packages/airflow/example_dags/tutorial.py
[2024-10-08T17:31:17.918+0900] {processor.py:925} INFO - DAG(s) 'tutorial' retrieved from /Users/alookso/1007MLpj/myenv/lib/python3.10/site-packages/airflow/example_dags/tutorial.py
[2024-10-08T17:31:18.047+0900] {logging_mixin.py:190} INFO - [2024-10-08T17:31:18.047+0900] {dag.py:3239} INFO - Sync 1 DAGs
[2024-10-08T17:31:18.068+0900] {logging_mixin.py:190} INFO - [2024-10-08T17:31:18.068+0900] {dag.py:4180} INFO - Setting next_dagrun for tutorial to 2024-10-07T00:00:00+00:00, run_after=2024-10-08T00:00:00+00:00
[2024-10-08T17:31:18.087+0900] {processor.py:208} INFO - Processing /Users/alookso/1007MLpj/myenv/lib/python3.10/site-packages/airflow/example_dags/tutorial.py took 0.187 seconds
[2024-10-08T17:42:24.080+0900] {processor.py:186} INFO - Started process (PID=26872) to work on /Users/alookso/1007MLpj/myenv/lib/python3.10/site-packages/airflow/example_dags/tutorial.py
[2024-10-08T17:42:24.081+0900] {processor.py:914} INFO - Processing file /Users/alookso/1007MLpj/myenv/lib/python3.10/site-packages/airflow/example_dags/tutorial.py for tasks to queue
[2024-10-08T17:42:24.082+0900] {logging_mixin.py:190} INFO - [2024-10-08T17:42:24.082+0900] {dagbag.py:588} INFO - Filling up the DagBag from /Users/alookso/1007MLpj/myenv/lib/python3.10/site-packages/airflow/example_dags/tutorial.py
[2024-10-08T17:42:24.092+0900] {processor.py:925} INFO - DAG(s) 'tutorial' retrieved from /Users/alookso/1007MLpj/myenv/lib/python3.10/site-packages/airflow/example_dags/tutorial.py
[2024-10-08T17:42:24.223+0900] {logging_mixin.py:190} INFO - [2024-10-08T17:42:24.223+0900] {dag.py:3239} INFO - Sync 1 DAGs
[2024-10-08T17:42:24.244+0900] {logging_mixin.py:190} INFO - [2024-10-08T17:42:24.244+0900] {dag.py:4180} INFO - Setting next_dagrun for tutorial to 2024-10-07T00:00:00+00:00, run_after=2024-10-08T00:00:00+00:00
[2024-10-08T17:42:24.264+0900] {processor.py:208} INFO - Processing /Users/alookso/1007MLpj/myenv/lib/python3.10/site-packages/airflow/example_dags/tutorial.py took 0.189 seconds
[2024-10-08T17:54:49.629+0900] {processor.py:186} INFO - Started process (PID=27286) to work on /Users/alookso/1007MLpj/myenv/lib/python3.10/site-packages/airflow/example_dags/tutorial.py
[2024-10-08T17:54:49.630+0900] {processor.py:914} INFO - Processing file /Users/alookso/1007MLpj/myenv/lib/python3.10/site-packages/airflow/example_dags/tutorial.py for tasks to queue
[2024-10-08T17:54:49.630+0900] {logging_mixin.py:190} INFO - [2024-10-08T17:54:49.630+0900] {dagbag.py:588} INFO - Filling up the DagBag from /Users/alookso/1007MLpj/myenv/lib/python3.10/site-packages/airflow/example_dags/tutorial.py
[2024-10-08T17:54:49.640+0900] {processor.py:925} INFO - DAG(s) 'tutorial' retrieved from /Users/alookso/1007MLpj/myenv/lib/python3.10/site-packages/airflow/example_dags/tutorial.py
[2024-10-08T17:54:49.776+0900] {logging_mixin.py:190} INFO - [2024-10-08T17:54:49.776+0900] {dag.py:3239} INFO - Sync 1 DAGs
[2024-10-08T17:54:49.797+0900] {logging_mixin.py:190} INFO - [2024-10-08T17:54:49.797+0900] {dag.py:4180} INFO - Setting next_dagrun for tutorial to 2024-10-07T00:00:00+00:00, run_after=2024-10-08T00:00:00+00:00
[2024-10-08T17:54:49.817+0900] {processor.py:208} INFO - Processing /Users/alookso/1007MLpj/myenv/lib/python3.10/site-packages/airflow/example_dags/tutorial.py took 0.192 seconds
[2024-10-08T17:58:18.836+0900] {processor.py:186} INFO - Started process (PID=27417) to work on /Users/alookso/1007MLpj/myenv/lib/python3.10/site-packages/airflow/example_dags/tutorial.py
[2024-10-08T17:58:18.837+0900] {processor.py:914} INFO - Processing file /Users/alookso/1007MLpj/myenv/lib/python3.10/site-packages/airflow/example_dags/tutorial.py for tasks to queue
[2024-10-08T17:58:18.838+0900] {logging_mixin.py:190} INFO - [2024-10-08T17:58:18.838+0900] {dagbag.py:588} INFO - Filling up the DagBag from /Users/alookso/1007MLpj/myenv/lib/python3.10/site-packages/airflow/example_dags/tutorial.py
[2024-10-08T17:58:18.847+0900] {processor.py:925} INFO - DAG(s) 'tutorial' retrieved from /Users/alookso/1007MLpj/myenv/lib/python3.10/site-packages/airflow/example_dags/tutorial.py
[2024-10-08T17:58:18.980+0900] {logging_mixin.py:190} INFO - [2024-10-08T17:58:18.979+0900] {dag.py:3239} INFO - Sync 1 DAGs
[2024-10-08T17:58:19.000+0900] {logging_mixin.py:190} INFO - [2024-10-08T17:58:19.000+0900] {dag.py:4180} INFO - Setting next_dagrun for tutorial to 2024-10-07T00:00:00+00:00, run_after=2024-10-08T00:00:00+00:00
[2024-10-08T17:58:19.020+0900] {processor.py:208} INFO - Processing /Users/alookso/1007MLpj/myenv/lib/python3.10/site-packages/airflow/example_dags/tutorial.py took 0.188 seconds
[2024-10-08T17:59:26.868+0900] {processor.py:186} INFO - Started process (PID=27476) to work on /Users/alookso/1007MLpj/myenv/lib/python3.10/site-packages/airflow/example_dags/tutorial.py
[2024-10-08T17:59:26.868+0900] {processor.py:914} INFO - Processing file /Users/alookso/1007MLpj/myenv/lib/python3.10/site-packages/airflow/example_dags/tutorial.py for tasks to queue
[2024-10-08T17:59:26.869+0900] {logging_mixin.py:190} INFO - [2024-10-08T17:59:26.869+0900] {dagbag.py:588} INFO - Filling up the DagBag from /Users/alookso/1007MLpj/myenv/lib/python3.10/site-packages/airflow/example_dags/tutorial.py
[2024-10-08T17:59:26.878+0900] {processor.py:925} INFO - DAG(s) 'tutorial' retrieved from /Users/alookso/1007MLpj/myenv/lib/python3.10/site-packages/airflow/example_dags/tutorial.py
[2024-10-08T17:59:27.008+0900] {logging_mixin.py:190} INFO - [2024-10-08T17:59:27.008+0900] {dag.py:3239} INFO - Sync 1 DAGs
[2024-10-08T17:59:27.029+0900] {logging_mixin.py:190} INFO - [2024-10-08T17:59:27.029+0900] {dag.py:4180} INFO - Setting next_dagrun for tutorial to 2024-10-07T00:00:00+00:00, run_after=2024-10-08T00:00:00+00:00
[2024-10-08T17:59:27.048+0900] {processor.py:208} INFO - Processing /Users/alookso/1007MLpj/myenv/lib/python3.10/site-packages/airflow/example_dags/tutorial.py took 0.184 seconds
[2024-10-08T18:03:11.283+0900] {processor.py:186} INFO - Started process (PID=27625) to work on /Users/alookso/1007MLpj/myenv/lib/python3.10/site-packages/airflow/example_dags/tutorial.py
[2024-10-08T18:03:11.284+0900] {processor.py:914} INFO - Processing file /Users/alookso/1007MLpj/myenv/lib/python3.10/site-packages/airflow/example_dags/tutorial.py for tasks to queue
[2024-10-08T18:03:11.285+0900] {logging_mixin.py:190} INFO - [2024-10-08T18:03:11.284+0900] {dagbag.py:588} INFO - Filling up the DagBag from /Users/alookso/1007MLpj/myenv/lib/python3.10/site-packages/airflow/example_dags/tutorial.py
[2024-10-08T18:03:11.295+0900] {processor.py:925} INFO - DAG(s) 'tutorial' retrieved from /Users/alookso/1007MLpj/myenv/lib/python3.10/site-packages/airflow/example_dags/tutorial.py
[2024-10-08T18:03:11.427+0900] {logging_mixin.py:190} INFO - [2024-10-08T18:03:11.427+0900] {dag.py:3239} INFO - Sync 1 DAGs
[2024-10-08T18:03:11.447+0900] {logging_mixin.py:190} INFO - [2024-10-08T18:03:11.447+0900] {dag.py:4180} INFO - Setting next_dagrun for tutorial to 2024-10-07T00:00:00+00:00, run_after=2024-10-08T00:00:00+00:00
[2024-10-08T18:03:11.466+0900] {processor.py:208} INFO - Processing /Users/alookso/1007MLpj/myenv/lib/python3.10/site-packages/airflow/example_dags/tutorial.py took 0.188 seconds
[2024-10-08T18:05:42.993+0900] {processor.py:186} INFO - Started process (PID=27743) to work on /Users/alookso/1007MLpj/myenv/lib/python3.10/site-packages/airflow/example_dags/tutorial.py
[2024-10-08T18:05:42.994+0900] {processor.py:914} INFO - Processing file /Users/alookso/1007MLpj/myenv/lib/python3.10/site-packages/airflow/example_dags/tutorial.py for tasks to queue
[2024-10-08T18:05:42.995+0900] {logging_mixin.py:190} INFO - [2024-10-08T18:05:42.995+0900] {dagbag.py:588} INFO - Filling up the DagBag from /Users/alookso/1007MLpj/myenv/lib/python3.10/site-packages/airflow/example_dags/tutorial.py
[2024-10-08T18:05:43.004+0900] {processor.py:925} INFO - DAG(s) 'tutorial' retrieved from /Users/alookso/1007MLpj/myenv/lib/python3.10/site-packages/airflow/example_dags/tutorial.py
[2024-10-08T18:05:43.141+0900] {logging_mixin.py:190} INFO - [2024-10-08T18:05:43.140+0900] {dag.py:3239} INFO - Sync 1 DAGs
[2024-10-08T18:05:43.162+0900] {logging_mixin.py:190} INFO - [2024-10-08T18:05:43.162+0900] {dag.py:4180} INFO - Setting next_dagrun for tutorial to 2024-10-07T00:00:00+00:00, run_after=2024-10-08T00:00:00+00:00
[2024-10-08T18:05:43.184+0900] {processor.py:208} INFO - Processing /Users/alookso/1007MLpj/myenv/lib/python3.10/site-packages/airflow/example_dags/tutorial.py took 0.195 seconds
[2024-10-08T18:09:22.702+0900] {processor.py:186} INFO - Started process (PID=27841) to work on /Users/alookso/1007MLpj/myenv/lib/python3.10/site-packages/airflow/example_dags/tutorial.py
[2024-10-08T18:09:22.703+0900] {processor.py:914} INFO - Processing file /Users/alookso/1007MLpj/myenv/lib/python3.10/site-packages/airflow/example_dags/tutorial.py for tasks to queue
[2024-10-08T18:09:22.704+0900] {logging_mixin.py:190} INFO - [2024-10-08T18:09:22.704+0900] {dagbag.py:588} INFO - Filling up the DagBag from /Users/alookso/1007MLpj/myenv/lib/python3.10/site-packages/airflow/example_dags/tutorial.py
[2024-10-08T18:09:22.713+0900] {processor.py:925} INFO - DAG(s) 'tutorial' retrieved from /Users/alookso/1007MLpj/myenv/lib/python3.10/site-packages/airflow/example_dags/tutorial.py
[2024-10-08T18:09:22.844+0900] {logging_mixin.py:190} INFO - [2024-10-08T18:09:22.844+0900] {dag.py:3239} INFO - Sync 1 DAGs
[2024-10-08T18:09:22.865+0900] {logging_mixin.py:190} INFO - [2024-10-08T18:09:22.865+0900] {dag.py:4180} INFO - Setting next_dagrun for tutorial to 2024-10-07T00:00:00+00:00, run_after=2024-10-08T00:00:00+00:00
[2024-10-08T18:09:22.885+0900] {processor.py:208} INFO - Processing /Users/alookso/1007MLpj/myenv/lib/python3.10/site-packages/airflow/example_dags/tutorial.py took 0.188 seconds
[2024-10-08T18:12:34.456+0900] {processor.py:186} INFO - Started process (PID=27944) to work on /Users/alookso/1007MLpj/myenv/lib/python3.10/site-packages/airflow/example_dags/tutorial.py
[2024-10-08T18:12:34.456+0900] {processor.py:914} INFO - Processing file /Users/alookso/1007MLpj/myenv/lib/python3.10/site-packages/airflow/example_dags/tutorial.py for tasks to queue
[2024-10-08T18:12:34.457+0900] {logging_mixin.py:190} INFO - [2024-10-08T18:12:34.457+0900] {dagbag.py:588} INFO - Filling up the DagBag from /Users/alookso/1007MLpj/myenv/lib/python3.10/site-packages/airflow/example_dags/tutorial.py
[2024-10-08T18:12:34.467+0900] {processor.py:925} INFO - DAG(s) 'tutorial' retrieved from /Users/alookso/1007MLpj/myenv/lib/python3.10/site-packages/airflow/example_dags/tutorial.py
[2024-10-08T18:12:34.599+0900] {logging_mixin.py:190} INFO - [2024-10-08T18:12:34.599+0900] {dag.py:3239} INFO - Sync 1 DAGs
[2024-10-08T18:12:34.620+0900] {logging_mixin.py:190} INFO - [2024-10-08T18:12:34.620+0900] {dag.py:4180} INFO - Setting next_dagrun for tutorial to 2024-10-07T00:00:00+00:00, run_after=2024-10-08T00:00:00+00:00
[2024-10-08T18:12:34.639+0900] {processor.py:208} INFO - Processing /Users/alookso/1007MLpj/myenv/lib/python3.10/site-packages/airflow/example_dags/tutorial.py took 0.188 seconds
[2024-10-08T18:15:44.192+0900] {processor.py:186} INFO - Started process (PID=28049) to work on /Users/alookso/1007MLpj/myenv/lib/python3.10/site-packages/airflow/example_dags/tutorial.py
[2024-10-08T18:15:44.192+0900] {processor.py:914} INFO - Processing file /Users/alookso/1007MLpj/myenv/lib/python3.10/site-packages/airflow/example_dags/tutorial.py for tasks to queue
[2024-10-08T18:15:44.193+0900] {logging_mixin.py:190} INFO - [2024-10-08T18:15:44.193+0900] {dagbag.py:588} INFO - Filling up the DagBag from /Users/alookso/1007MLpj/myenv/lib/python3.10/site-packages/airflow/example_dags/tutorial.py
[2024-10-08T18:15:44.202+0900] {processor.py:925} INFO - DAG(s) 'tutorial' retrieved from /Users/alookso/1007MLpj/myenv/lib/python3.10/site-packages/airflow/example_dags/tutorial.py
[2024-10-08T18:15:44.333+0900] {logging_mixin.py:190} INFO - [2024-10-08T18:15:44.333+0900] {dag.py:3239} INFO - Sync 1 DAGs
[2024-10-08T18:15:44.354+0900] {logging_mixin.py:190} INFO - [2024-10-08T18:15:44.354+0900] {dag.py:4180} INFO - Setting next_dagrun for tutorial to 2024-10-07T00:00:00+00:00, run_after=2024-10-08T00:00:00+00:00
[2024-10-08T18:15:44.374+0900] {processor.py:208} INFO - Processing /Users/alookso/1007MLpj/myenv/lib/python3.10/site-packages/airflow/example_dags/tutorial.py took 0.187 seconds
[2024-10-08T18:18:55.247+0900] {processor.py:186} INFO - Started process (PID=28132) to work on /Users/alookso/1007MLpj/myenv/lib/python3.10/site-packages/airflow/example_dags/tutorial.py
[2024-10-08T18:18:55.248+0900] {processor.py:914} INFO - Processing file /Users/alookso/1007MLpj/myenv/lib/python3.10/site-packages/airflow/example_dags/tutorial.py for tasks to queue
[2024-10-08T18:18:55.249+0900] {logging_mixin.py:190} INFO - [2024-10-08T18:18:55.249+0900] {dagbag.py:588} INFO - Filling up the DagBag from /Users/alookso/1007MLpj/myenv/lib/python3.10/site-packages/airflow/example_dags/tutorial.py
[2024-10-08T18:18:55.258+0900] {processor.py:925} INFO - DAG(s) 'tutorial' retrieved from /Users/alookso/1007MLpj/myenv/lib/python3.10/site-packages/airflow/example_dags/tutorial.py
[2024-10-08T18:18:55.387+0900] {logging_mixin.py:190} INFO - [2024-10-08T18:18:55.387+0900] {dag.py:3239} INFO - Sync 1 DAGs
[2024-10-08T18:18:55.407+0900] {logging_mixin.py:190} INFO - [2024-10-08T18:18:55.407+0900] {dag.py:4180} INFO - Setting next_dagrun for tutorial to 2024-10-07T00:00:00+00:00, run_after=2024-10-08T00:00:00+00:00
[2024-10-08T18:18:55.427+0900] {processor.py:208} INFO - Processing /Users/alookso/1007MLpj/myenv/lib/python3.10/site-packages/airflow/example_dags/tutorial.py took 0.184 seconds
[2024-10-08T18:21:37.927+0900] {processor.py:186} INFO - Started process (PID=28256) to work on /Users/alookso/1007MLpj/myenv/lib/python3.10/site-packages/airflow/example_dags/tutorial.py
[2024-10-08T18:21:37.947+0900] {processor.py:914} INFO - Processing file /Users/alookso/1007MLpj/myenv/lib/python3.10/site-packages/airflow/example_dags/tutorial.py for tasks to queue
[2024-10-08T18:21:37.948+0900] {logging_mixin.py:190} INFO - [2024-10-08T18:21:37.948+0900] {dagbag.py:588} INFO - Filling up the DagBag from /Users/alookso/1007MLpj/myenv/lib/python3.10/site-packages/airflow/example_dags/tutorial.py
[2024-10-08T18:21:37.957+0900] {processor.py:925} INFO - DAG(s) 'tutorial' retrieved from /Users/alookso/1007MLpj/myenv/lib/python3.10/site-packages/airflow/example_dags/tutorial.py
[2024-10-08T18:21:38.091+0900] {logging_mixin.py:190} INFO - [2024-10-08T18:21:38.090+0900] {dag.py:3239} INFO - Sync 1 DAGs
[2024-10-08T18:21:38.112+0900] {logging_mixin.py:190} INFO - [2024-10-08T18:21:38.111+0900] {dag.py:4180} INFO - Setting next_dagrun for tutorial to 2024-10-07T00:00:00+00:00, run_after=2024-10-08T00:00:00+00:00
[2024-10-08T18:21:38.132+0900] {processor.py:208} INFO - Processing /Users/alookso/1007MLpj/myenv/lib/python3.10/site-packages/airflow/example_dags/tutorial.py took 0.210 seconds
[2024-10-08T18:32:39.167+0900] {processor.py:186} INFO - Started process (PID=28682) to work on /Users/alookso/1007MLpj/myenv/lib/python3.10/site-packages/airflow/example_dags/tutorial.py
[2024-10-08T18:32:39.168+0900] {processor.py:914} INFO - Processing file /Users/alookso/1007MLpj/myenv/lib/python3.10/site-packages/airflow/example_dags/tutorial.py for tasks to queue
[2024-10-08T18:32:39.169+0900] {logging_mixin.py:190} INFO - [2024-10-08T18:32:39.169+0900] {dagbag.py:588} INFO - Filling up the DagBag from /Users/alookso/1007MLpj/myenv/lib/python3.10/site-packages/airflow/example_dags/tutorial.py
[2024-10-08T18:32:39.178+0900] {processor.py:925} INFO - DAG(s) 'tutorial' retrieved from /Users/alookso/1007MLpj/myenv/lib/python3.10/site-packages/airflow/example_dags/tutorial.py
[2024-10-08T18:32:39.311+0900] {logging_mixin.py:190} INFO - [2024-10-08T18:32:39.311+0900] {dag.py:3239} INFO - Sync 1 DAGs
[2024-10-08T18:32:39.332+0900] {logging_mixin.py:190} INFO - [2024-10-08T18:32:39.332+0900] {dag.py:4180} INFO - Setting next_dagrun for tutorial to 2024-10-07T00:00:00+00:00, run_after=2024-10-08T00:00:00+00:00
[2024-10-08T18:32:39.351+0900] {processor.py:208} INFO - Processing /Users/alookso/1007MLpj/myenv/lib/python3.10/site-packages/airflow/example_dags/tutorial.py took 0.188 seconds
[2024-10-08T18:34:33.771+0900] {processor.py:186} INFO - Started process (PID=28783) to work on /Users/alookso/1007MLpj/myenv/lib/python3.10/site-packages/airflow/example_dags/tutorial.py
[2024-10-08T18:34:33.772+0900] {processor.py:914} INFO - Processing file /Users/alookso/1007MLpj/myenv/lib/python3.10/site-packages/airflow/example_dags/tutorial.py for tasks to queue
[2024-10-08T18:34:33.773+0900] {logging_mixin.py:190} INFO - [2024-10-08T18:34:33.773+0900] {dagbag.py:588} INFO - Filling up the DagBag from /Users/alookso/1007MLpj/myenv/lib/python3.10/site-packages/airflow/example_dags/tutorial.py
[2024-10-08T18:34:33.782+0900] {processor.py:925} INFO - DAG(s) 'tutorial' retrieved from /Users/alookso/1007MLpj/myenv/lib/python3.10/site-packages/airflow/example_dags/tutorial.py
[2024-10-08T18:34:33.912+0900] {logging_mixin.py:190} INFO - [2024-10-08T18:34:33.911+0900] {dag.py:3239} INFO - Sync 1 DAGs
[2024-10-08T18:34:33.932+0900] {logging_mixin.py:190} INFO - [2024-10-08T18:34:33.932+0900] {dag.py:4180} INFO - Setting next_dagrun for tutorial to 2024-10-07T00:00:00+00:00, run_after=2024-10-08T00:00:00+00:00
[2024-10-08T18:34:33.951+0900] {processor.py:208} INFO - Processing /Users/alookso/1007MLpj/myenv/lib/python3.10/site-packages/airflow/example_dags/tutorial.py took 0.184 seconds
[2024-10-08T18:46:13.544+0900] {processor.py:186} INFO - Started process (PID=29238) to work on /Users/alookso/1007MLpj/myenv/lib/python3.10/site-packages/airflow/example_dags/tutorial.py
[2024-10-08T18:46:13.545+0900] {processor.py:914} INFO - Processing file /Users/alookso/1007MLpj/myenv/lib/python3.10/site-packages/airflow/example_dags/tutorial.py for tasks to queue
[2024-10-08T18:46:13.546+0900] {logging_mixin.py:190} INFO - [2024-10-08T18:46:13.545+0900] {dagbag.py:588} INFO - Filling up the DagBag from /Users/alookso/1007MLpj/myenv/lib/python3.10/site-packages/airflow/example_dags/tutorial.py
[2024-10-08T18:46:13.556+0900] {processor.py:925} INFO - DAG(s) 'tutorial' retrieved from /Users/alookso/1007MLpj/myenv/lib/python3.10/site-packages/airflow/example_dags/tutorial.py
[2024-10-08T18:46:13.702+0900] {logging_mixin.py:190} INFO - [2024-10-08T18:46:13.702+0900] {dag.py:3239} INFO - Sync 1 DAGs
[2024-10-08T18:46:13.724+0900] {logging_mixin.py:190} INFO - [2024-10-08T18:46:13.724+0900] {dag.py:4180} INFO - Setting next_dagrun for tutorial to 2024-10-07T00:00:00+00:00, run_after=2024-10-08T00:00:00+00:00
[2024-10-08T18:46:13.744+0900] {processor.py:208} INFO - Processing /Users/alookso/1007MLpj/myenv/lib/python3.10/site-packages/airflow/example_dags/tutorial.py took 0.206 seconds
