[2024-10-08T14:43:25.495+0900] {processor.py:186} INFO - Started process (PID=22236) to work on /Users/alookso/1007MLpj/myenv/lib/python3.10/site-packages/airflow/example_dags/tutorial_objectstorage.py
[2024-10-08T14:43:25.496+0900] {processor.py:914} INFO - Processing file /Users/alookso/1007MLpj/myenv/lib/python3.10/site-packages/airflow/example_dags/tutorial_objectstorage.py for tasks to queue
[2024-10-08T14:43:25.497+0900] {logging_mixin.py:190} INFO - [2024-10-08T14:43:25.496+0900] {dagbag.py:588} INFO - Filling up the DagBag from /Users/alookso/1007MLpj/myenv/lib/python3.10/site-packages/airflow/example_dags/tutorial_objectstorage.py
[2024-10-08T14:43:25.539+0900] {processor.py:925} INFO - DAG(s) 'tutorial_objectstorage' retrieved from /Users/alookso/1007MLpj/myenv/lib/python3.10/site-packages/airflow/example_dags/tutorial_objectstorage.py
[2024-10-08T14:43:25.809+0900] {logging_mixin.py:190} INFO - [2024-10-08T14:43:25.808+0900] {override.py:1901} INFO - Created Permission View: can edit on DAG:tutorial_objectstorage
[2024-10-08T14:43:25.823+0900] {logging_mixin.py:190} INFO - [2024-10-08T14:43:25.823+0900] {override.py:1901} INFO - Created Permission View: can delete on DAG:tutorial_objectstorage
[2024-10-08T14:43:25.832+0900] {logging_mixin.py:190} INFO - [2024-10-08T14:43:25.832+0900] {override.py:1901} INFO - Created Permission View: can read on DAG:tutorial_objectstorage
[2024-10-08T14:43:25.845+0900] {logging_mixin.py:190} INFO - [2024-10-08T14:43:25.845+0900] {override.py:1901} INFO - Created Permission View: can create on DAG Run:tutorial_objectstorage
[2024-10-08T14:43:25.856+0900] {logging_mixin.py:190} INFO - [2024-10-08T14:43:25.855+0900] {override.py:1901} INFO - Created Permission View: can delete on DAG Run:tutorial_objectstorage
[2024-10-08T14:43:25.865+0900] {logging_mixin.py:190} INFO - [2024-10-08T14:43:25.865+0900] {override.py:1901} INFO - Created Permission View: can read on DAG Run:tutorial_objectstorage
[2024-10-08T14:43:25.874+0900] {logging_mixin.py:190} INFO - [2024-10-08T14:43:25.874+0900] {override.py:1901} INFO - Created Permission View: menu access on DAG Run:tutorial_objectstorage
[2024-10-08T14:43:25.875+0900] {logging_mixin.py:190} INFO - [2024-10-08T14:43:25.875+0900] {dag.py:3239} INFO - Sync 1 DAGs
[2024-10-08T14:43:25.893+0900] {logging_mixin.py:190} INFO - [2024-10-08T14:43:25.893+0900] {dag.py:3262} INFO - Creating ORM DAG for tutorial_objectstorage
[2024-10-08T14:43:25.894+0900] {logging_mixin.py:190} INFO - [2024-10-08T14:43:25.894+0900] {dag.py:4180} INFO - Setting next_dagrun for tutorial_objectstorage to None, run_after=None
[2024-10-08T14:43:25.917+0900] {processor.py:208} INFO - Processing /Users/alookso/1007MLpj/myenv/lib/python3.10/site-packages/airflow/example_dags/tutorial_objectstorage.py took 0.427 seconds
[2024-10-08T14:47:15.307+0900] {processor.py:186} INFO - Started process (PID=22327) to work on /Users/alookso/1007MLpj/myenv/lib/python3.10/site-packages/airflow/example_dags/tutorial_objectstorage.py
[2024-10-08T14:47:15.308+0900] {processor.py:914} INFO - Processing file /Users/alookso/1007MLpj/myenv/lib/python3.10/site-packages/airflow/example_dags/tutorial_objectstorage.py for tasks to queue
[2024-10-08T14:47:15.309+0900] {logging_mixin.py:190} INFO - [2024-10-08T14:47:15.309+0900] {dagbag.py:588} INFO - Filling up the DagBag from /Users/alookso/1007MLpj/myenv/lib/python3.10/site-packages/airflow/example_dags/tutorial_objectstorage.py
[2024-10-08T14:47:15.352+0900] {processor.py:925} INFO - DAG(s) 'tutorial_objectstorage' retrieved from /Users/alookso/1007MLpj/myenv/lib/python3.10/site-packages/airflow/example_dags/tutorial_objectstorage.py
[2024-10-08T14:47:15.486+0900] {logging_mixin.py:190} INFO - [2024-10-08T14:47:15.485+0900] {dag.py:3239} INFO - Sync 1 DAGs
[2024-10-08T14:47:15.499+0900] {logging_mixin.py:190} INFO - [2024-10-08T14:47:15.498+0900] {dag.py:4180} INFO - Setting next_dagrun for tutorial_objectstorage to None, run_after=None
[2024-10-08T14:47:15.518+0900] {processor.py:208} INFO - Processing /Users/alookso/1007MLpj/myenv/lib/python3.10/site-packages/airflow/example_dags/tutorial_objectstorage.py took 0.216 seconds
[2024-10-08T14:50:24.480+0900] {processor.py:186} INFO - Started process (PID=22406) to work on /Users/alookso/1007MLpj/myenv/lib/python3.10/site-packages/airflow/example_dags/tutorial_objectstorage.py
[2024-10-08T14:50:24.480+0900] {processor.py:914} INFO - Processing file /Users/alookso/1007MLpj/myenv/lib/python3.10/site-packages/airflow/example_dags/tutorial_objectstorage.py for tasks to queue
[2024-10-08T14:50:24.481+0900] {logging_mixin.py:190} INFO - [2024-10-08T14:50:24.481+0900] {dagbag.py:588} INFO - Filling up the DagBag from /Users/alookso/1007MLpj/myenv/lib/python3.10/site-packages/airflow/example_dags/tutorial_objectstorage.py
[2024-10-08T14:50:24.524+0900] {processor.py:925} INFO - DAG(s) 'tutorial_objectstorage' retrieved from /Users/alookso/1007MLpj/myenv/lib/python3.10/site-packages/airflow/example_dags/tutorial_objectstorage.py
[2024-10-08T14:50:24.657+0900] {logging_mixin.py:190} INFO - [2024-10-08T14:50:24.657+0900] {dag.py:3239} INFO - Sync 1 DAGs
[2024-10-08T14:50:24.670+0900] {logging_mixin.py:190} INFO - [2024-10-08T14:50:24.670+0900] {dag.py:4180} INFO - Setting next_dagrun for tutorial_objectstorage to None, run_after=None
[2024-10-08T14:50:24.691+0900] {processor.py:208} INFO - Processing /Users/alookso/1007MLpj/myenv/lib/python3.10/site-packages/airflow/example_dags/tutorial_objectstorage.py took 0.216 seconds
[2024-10-08T14:53:31.964+0900] {processor.py:186} INFO - Started process (PID=22517) to work on /Users/alookso/1007MLpj/myenv/lib/python3.10/site-packages/airflow/example_dags/tutorial_objectstorage.py
[2024-10-08T14:53:31.965+0900] {processor.py:914} INFO - Processing file /Users/alookso/1007MLpj/myenv/lib/python3.10/site-packages/airflow/example_dags/tutorial_objectstorage.py for tasks to queue
[2024-10-08T14:53:31.966+0900] {logging_mixin.py:190} INFO - [2024-10-08T14:53:31.966+0900] {dagbag.py:588} INFO - Filling up the DagBag from /Users/alookso/1007MLpj/myenv/lib/python3.10/site-packages/airflow/example_dags/tutorial_objectstorage.py
[2024-10-08T14:53:32.009+0900] {processor.py:925} INFO - DAG(s) 'tutorial_objectstorage' retrieved from /Users/alookso/1007MLpj/myenv/lib/python3.10/site-packages/airflow/example_dags/tutorial_objectstorage.py
[2024-10-08T14:53:32.139+0900] {logging_mixin.py:190} INFO - [2024-10-08T14:53:32.138+0900] {dag.py:3239} INFO - Sync 1 DAGs
[2024-10-08T14:53:32.152+0900] {logging_mixin.py:190} INFO - [2024-10-08T14:53:32.151+0900] {dag.py:4180} INFO - Setting next_dagrun for tutorial_objectstorage to None, run_after=None
[2024-10-08T14:53:32.171+0900] {processor.py:208} INFO - Processing /Users/alookso/1007MLpj/myenv/lib/python3.10/site-packages/airflow/example_dags/tutorial_objectstorage.py took 0.211 seconds
[2024-10-08T14:56:40.590+0900] {processor.py:186} INFO - Started process (PID=22634) to work on /Users/alookso/1007MLpj/myenv/lib/python3.10/site-packages/airflow/example_dags/tutorial_objectstorage.py
[2024-10-08T14:56:40.591+0900] {processor.py:914} INFO - Processing file /Users/alookso/1007MLpj/myenv/lib/python3.10/site-packages/airflow/example_dags/tutorial_objectstorage.py for tasks to queue
[2024-10-08T14:56:40.592+0900] {logging_mixin.py:190} INFO - [2024-10-08T14:56:40.592+0900] {dagbag.py:588} INFO - Filling up the DagBag from /Users/alookso/1007MLpj/myenv/lib/python3.10/site-packages/airflow/example_dags/tutorial_objectstorage.py
[2024-10-08T14:56:40.638+0900] {processor.py:925} INFO - DAG(s) 'tutorial_objectstorage' retrieved from /Users/alookso/1007MLpj/myenv/lib/python3.10/site-packages/airflow/example_dags/tutorial_objectstorage.py
[2024-10-08T14:56:40.771+0900] {logging_mixin.py:190} INFO - [2024-10-08T14:56:40.771+0900] {dag.py:3239} INFO - Sync 1 DAGs
[2024-10-08T14:56:40.785+0900] {logging_mixin.py:190} INFO - [2024-10-08T14:56:40.785+0900] {dag.py:4180} INFO - Setting next_dagrun for tutorial_objectstorage to None, run_after=None
[2024-10-08T14:56:40.807+0900] {processor.py:208} INFO - Processing /Users/alookso/1007MLpj/myenv/lib/python3.10/site-packages/airflow/example_dags/tutorial_objectstorage.py took 0.222 seconds
[2024-10-08T14:59:48.482+0900] {processor.py:186} INFO - Started process (PID=22751) to work on /Users/alookso/1007MLpj/myenv/lib/python3.10/site-packages/airflow/example_dags/tutorial_objectstorage.py
[2024-10-08T14:59:48.482+0900] {processor.py:914} INFO - Processing file /Users/alookso/1007MLpj/myenv/lib/python3.10/site-packages/airflow/example_dags/tutorial_objectstorage.py for tasks to queue
[2024-10-08T14:59:48.483+0900] {logging_mixin.py:190} INFO - [2024-10-08T14:59:48.483+0900] {dagbag.py:588} INFO - Filling up the DagBag from /Users/alookso/1007MLpj/myenv/lib/python3.10/site-packages/airflow/example_dags/tutorial_objectstorage.py
[2024-10-08T14:59:48.525+0900] {processor.py:925} INFO - DAG(s) 'tutorial_objectstorage' retrieved from /Users/alookso/1007MLpj/myenv/lib/python3.10/site-packages/airflow/example_dags/tutorial_objectstorage.py
[2024-10-08T14:59:48.655+0900] {logging_mixin.py:190} INFO - [2024-10-08T14:59:48.655+0900] {dag.py:3239} INFO - Sync 1 DAGs
[2024-10-08T14:59:48.669+0900] {logging_mixin.py:190} INFO - [2024-10-08T14:59:48.669+0900] {dag.py:4180} INFO - Setting next_dagrun for tutorial_objectstorage to None, run_after=None
[2024-10-08T14:59:48.690+0900] {processor.py:208} INFO - Processing /Users/alookso/1007MLpj/myenv/lib/python3.10/site-packages/airflow/example_dags/tutorial_objectstorage.py took 0.213 seconds
[2024-10-08T15:02:59.036+0900] {processor.py:186} INFO - Started process (PID=22831) to work on /Users/alookso/1007MLpj/myenv/lib/python3.10/site-packages/airflow/example_dags/tutorial_objectstorage.py
[2024-10-08T15:02:59.036+0900] {processor.py:914} INFO - Processing file /Users/alookso/1007MLpj/myenv/lib/python3.10/site-packages/airflow/example_dags/tutorial_objectstorage.py for tasks to queue
[2024-10-08T15:02:59.037+0900] {logging_mixin.py:190} INFO - [2024-10-08T15:02:59.037+0900] {dagbag.py:588} INFO - Filling up the DagBag from /Users/alookso/1007MLpj/myenv/lib/python3.10/site-packages/airflow/example_dags/tutorial_objectstorage.py
[2024-10-08T15:02:59.080+0900] {processor.py:925} INFO - DAG(s) 'tutorial_objectstorage' retrieved from /Users/alookso/1007MLpj/myenv/lib/python3.10/site-packages/airflow/example_dags/tutorial_objectstorage.py
[2024-10-08T15:02:59.209+0900] {logging_mixin.py:190} INFO - [2024-10-08T15:02:59.208+0900] {dag.py:3239} INFO - Sync 1 DAGs
[2024-10-08T15:02:59.222+0900] {logging_mixin.py:190} INFO - [2024-10-08T15:02:59.221+0900] {dag.py:4180} INFO - Setting next_dagrun for tutorial_objectstorage to None, run_after=None
[2024-10-08T15:02:59.242+0900] {processor.py:208} INFO - Processing /Users/alookso/1007MLpj/myenv/lib/python3.10/site-packages/airflow/example_dags/tutorial_objectstorage.py took 0.211 seconds
[2024-10-08T15:06:02.834+0900] {processor.py:186} INFO - Started process (PID=22913) to work on /Users/alookso/1007MLpj/myenv/lib/python3.10/site-packages/airflow/example_dags/tutorial_objectstorage.py
[2024-10-08T15:06:02.835+0900] {processor.py:914} INFO - Processing file /Users/alookso/1007MLpj/myenv/lib/python3.10/site-packages/airflow/example_dags/tutorial_objectstorage.py for tasks to queue
[2024-10-08T15:06:02.836+0900] {logging_mixin.py:190} INFO - [2024-10-08T15:06:02.836+0900] {dagbag.py:588} INFO - Filling up the DagBag from /Users/alookso/1007MLpj/myenv/lib/python3.10/site-packages/airflow/example_dags/tutorial_objectstorage.py
[2024-10-08T15:06:02.878+0900] {processor.py:925} INFO - DAG(s) 'tutorial_objectstorage' retrieved from /Users/alookso/1007MLpj/myenv/lib/python3.10/site-packages/airflow/example_dags/tutorial_objectstorage.py
[2024-10-08T15:06:03.005+0900] {logging_mixin.py:190} INFO - [2024-10-08T15:06:03.005+0900] {dag.py:3239} INFO - Sync 1 DAGs
[2024-10-08T15:06:03.018+0900] {logging_mixin.py:190} INFO - [2024-10-08T15:06:03.018+0900] {dag.py:4180} INFO - Setting next_dagrun for tutorial_objectstorage to None, run_after=None
[2024-10-08T15:06:03.039+0900] {processor.py:208} INFO - Processing /Users/alookso/1007MLpj/myenv/lib/python3.10/site-packages/airflow/example_dags/tutorial_objectstorage.py took 0.210 seconds
[2024-10-08T15:09:09.775+0900] {processor.py:186} INFO - Started process (PID=23036) to work on /Users/alookso/1007MLpj/myenv/lib/python3.10/site-packages/airflow/example_dags/tutorial_objectstorage.py
[2024-10-08T15:09:09.776+0900] {processor.py:914} INFO - Processing file /Users/alookso/1007MLpj/myenv/lib/python3.10/site-packages/airflow/example_dags/tutorial_objectstorage.py for tasks to queue
[2024-10-08T15:09:09.777+0900] {logging_mixin.py:190} INFO - [2024-10-08T15:09:09.777+0900] {dagbag.py:588} INFO - Filling up the DagBag from /Users/alookso/1007MLpj/myenv/lib/python3.10/site-packages/airflow/example_dags/tutorial_objectstorage.py
[2024-10-08T15:09:09.817+0900] {processor.py:925} INFO - DAG(s) 'tutorial_objectstorage' retrieved from /Users/alookso/1007MLpj/myenv/lib/python3.10/site-packages/airflow/example_dags/tutorial_objectstorage.py
[2024-10-08T15:09:09.946+0900] {logging_mixin.py:190} INFO - [2024-10-08T15:09:09.946+0900] {dag.py:3239} INFO - Sync 1 DAGs
[2024-10-08T15:09:09.959+0900] {logging_mixin.py:190} INFO - [2024-10-08T15:09:09.959+0900] {dag.py:4180} INFO - Setting next_dagrun for tutorial_objectstorage to None, run_after=None
[2024-10-08T15:09:09.979+0900] {processor.py:208} INFO - Processing /Users/alookso/1007MLpj/myenv/lib/python3.10/site-packages/airflow/example_dags/tutorial_objectstorage.py took 0.208 seconds
[2024-10-08T15:12:08.624+0900] {processor.py:186} INFO - Started process (PID=23131) to work on /Users/alookso/1007MLpj/myenv/lib/python3.10/site-packages/airflow/example_dags/tutorial_objectstorage.py
[2024-10-08T15:12:08.625+0900] {processor.py:914} INFO - Processing file /Users/alookso/1007MLpj/myenv/lib/python3.10/site-packages/airflow/example_dags/tutorial_objectstorage.py for tasks to queue
[2024-10-08T15:12:08.625+0900] {logging_mixin.py:190} INFO - [2024-10-08T15:12:08.625+0900] {dagbag.py:588} INFO - Filling up the DagBag from /Users/alookso/1007MLpj/myenv/lib/python3.10/site-packages/airflow/example_dags/tutorial_objectstorage.py
[2024-10-08T15:12:08.667+0900] {processor.py:925} INFO - DAG(s) 'tutorial_objectstorage' retrieved from /Users/alookso/1007MLpj/myenv/lib/python3.10/site-packages/airflow/example_dags/tutorial_objectstorage.py
[2024-10-08T15:12:08.795+0900] {logging_mixin.py:190} INFO - [2024-10-08T15:12:08.794+0900] {dag.py:3239} INFO - Sync 1 DAGs
[2024-10-08T15:12:08.807+0900] {logging_mixin.py:190} INFO - [2024-10-08T15:12:08.807+0900] {dag.py:4180} INFO - Setting next_dagrun for tutorial_objectstorage to None, run_after=None
[2024-10-08T15:12:08.827+0900] {processor.py:208} INFO - Processing /Users/alookso/1007MLpj/myenv/lib/python3.10/site-packages/airflow/example_dags/tutorial_objectstorage.py took 0.207 seconds
[2024-10-08T15:15:06.825+0900] {processor.py:186} INFO - Started process (PID=23211) to work on /Users/alookso/1007MLpj/myenv/lib/python3.10/site-packages/airflow/example_dags/tutorial_objectstorage.py
[2024-10-08T15:15:06.826+0900] {processor.py:914} INFO - Processing file /Users/alookso/1007MLpj/myenv/lib/python3.10/site-packages/airflow/example_dags/tutorial_objectstorage.py for tasks to queue
[2024-10-08T15:15:06.827+0900] {logging_mixin.py:190} INFO - [2024-10-08T15:15:06.827+0900] {dagbag.py:588} INFO - Filling up the DagBag from /Users/alookso/1007MLpj/myenv/lib/python3.10/site-packages/airflow/example_dags/tutorial_objectstorage.py
[2024-10-08T15:15:06.868+0900] {processor.py:925} INFO - DAG(s) 'tutorial_objectstorage' retrieved from /Users/alookso/1007MLpj/myenv/lib/python3.10/site-packages/airflow/example_dags/tutorial_objectstorage.py
[2024-10-08T15:15:06.995+0900] {logging_mixin.py:190} INFO - [2024-10-08T15:15:06.995+0900] {dag.py:3239} INFO - Sync 1 DAGs
[2024-10-08T15:15:07.008+0900] {logging_mixin.py:190} INFO - [2024-10-08T15:15:07.008+0900] {dag.py:4180} INFO - Setting next_dagrun for tutorial_objectstorage to None, run_after=None
[2024-10-08T15:15:07.027+0900] {processor.py:208} INFO - Processing /Users/alookso/1007MLpj/myenv/lib/python3.10/site-packages/airflow/example_dags/tutorial_objectstorage.py took 0.206 seconds
[2024-10-08T15:18:14.266+0900] {processor.py:186} INFO - Started process (PID=23315) to work on /Users/alookso/1007MLpj/myenv/lib/python3.10/site-packages/airflow/example_dags/tutorial_objectstorage.py
[2024-10-08T15:18:14.267+0900] {processor.py:914} INFO - Processing file /Users/alookso/1007MLpj/myenv/lib/python3.10/site-packages/airflow/example_dags/tutorial_objectstorage.py for tasks to queue
[2024-10-08T15:18:14.268+0900] {logging_mixin.py:190} INFO - [2024-10-08T15:18:14.268+0900] {dagbag.py:588} INFO - Filling up the DagBag from /Users/alookso/1007MLpj/myenv/lib/python3.10/site-packages/airflow/example_dags/tutorial_objectstorage.py
[2024-10-08T15:18:14.309+0900] {processor.py:925} INFO - DAG(s) 'tutorial_objectstorage' retrieved from /Users/alookso/1007MLpj/myenv/lib/python3.10/site-packages/airflow/example_dags/tutorial_objectstorage.py
[2024-10-08T15:18:14.433+0900] {logging_mixin.py:190} INFO - [2024-10-08T15:18:14.432+0900] {dag.py:3239} INFO - Sync 1 DAGs
[2024-10-08T15:18:14.445+0900] {logging_mixin.py:190} INFO - [2024-10-08T15:18:14.445+0900] {dag.py:4180} INFO - Setting next_dagrun for tutorial_objectstorage to None, run_after=None
[2024-10-08T15:18:14.465+0900] {processor.py:208} INFO - Processing /Users/alookso/1007MLpj/myenv/lib/python3.10/site-packages/airflow/example_dags/tutorial_objectstorage.py took 0.203 seconds
[2024-10-08T15:21:23.129+0900] {processor.py:186} INFO - Started process (PID=23401) to work on /Users/alookso/1007MLpj/myenv/lib/python3.10/site-packages/airflow/example_dags/tutorial_objectstorage.py
[2024-10-08T15:21:23.130+0900] {processor.py:914} INFO - Processing file /Users/alookso/1007MLpj/myenv/lib/python3.10/site-packages/airflow/example_dags/tutorial_objectstorage.py for tasks to queue
[2024-10-08T15:21:23.131+0900] {logging_mixin.py:190} INFO - [2024-10-08T15:21:23.131+0900] {dagbag.py:588} INFO - Filling up the DagBag from /Users/alookso/1007MLpj/myenv/lib/python3.10/site-packages/airflow/example_dags/tutorial_objectstorage.py
[2024-10-08T15:21:23.177+0900] {processor.py:925} INFO - DAG(s) 'tutorial_objectstorage' retrieved from /Users/alookso/1007MLpj/myenv/lib/python3.10/site-packages/airflow/example_dags/tutorial_objectstorage.py
[2024-10-08T15:21:23.305+0900] {logging_mixin.py:190} INFO - [2024-10-08T15:21:23.304+0900] {dag.py:3239} INFO - Sync 1 DAGs
[2024-10-08T15:21:23.318+0900] {logging_mixin.py:190} INFO - [2024-10-08T15:21:23.318+0900] {dag.py:4180} INFO - Setting next_dagrun for tutorial_objectstorage to None, run_after=None
[2024-10-08T15:21:23.337+0900] {processor.py:208} INFO - Processing /Users/alookso/1007MLpj/myenv/lib/python3.10/site-packages/airflow/example_dags/tutorial_objectstorage.py took 0.212 seconds
[2024-10-08T15:24:27.269+0900] {processor.py:186} INFO - Started process (PID=23496) to work on /Users/alookso/1007MLpj/myenv/lib/python3.10/site-packages/airflow/example_dags/tutorial_objectstorage.py
[2024-10-08T15:24:27.270+0900] {processor.py:914} INFO - Processing file /Users/alookso/1007MLpj/myenv/lib/python3.10/site-packages/airflow/example_dags/tutorial_objectstorage.py for tasks to queue
[2024-10-08T15:24:27.271+0900] {logging_mixin.py:190} INFO - [2024-10-08T15:24:27.271+0900] {dagbag.py:588} INFO - Filling up the DagBag from /Users/alookso/1007MLpj/myenv/lib/python3.10/site-packages/airflow/example_dags/tutorial_objectstorage.py
[2024-10-08T15:24:27.312+0900] {processor.py:925} INFO - DAG(s) 'tutorial_objectstorage' retrieved from /Users/alookso/1007MLpj/myenv/lib/python3.10/site-packages/airflow/example_dags/tutorial_objectstorage.py
[2024-10-08T15:24:27.438+0900] {logging_mixin.py:190} INFO - [2024-10-08T15:24:27.438+0900] {dag.py:3239} INFO - Sync 1 DAGs
[2024-10-08T15:24:27.451+0900] {logging_mixin.py:190} INFO - [2024-10-08T15:24:27.451+0900] {dag.py:4180} INFO - Setting next_dagrun for tutorial_objectstorage to None, run_after=None
[2024-10-08T15:24:27.470+0900] {processor.py:208} INFO - Processing /Users/alookso/1007MLpj/myenv/lib/python3.10/site-packages/airflow/example_dags/tutorial_objectstorage.py took 0.205 seconds
[2024-10-08T15:27:30.054+0900] {processor.py:186} INFO - Started process (PID=23591) to work on /Users/alookso/1007MLpj/myenv/lib/python3.10/site-packages/airflow/example_dags/tutorial_objectstorage.py
[2024-10-08T15:27:30.055+0900] {processor.py:914} INFO - Processing file /Users/alookso/1007MLpj/myenv/lib/python3.10/site-packages/airflow/example_dags/tutorial_objectstorage.py for tasks to queue
[2024-10-08T15:27:30.056+0900] {logging_mixin.py:190} INFO - [2024-10-08T15:27:30.055+0900] {dagbag.py:588} INFO - Filling up the DagBag from /Users/alookso/1007MLpj/myenv/lib/python3.10/site-packages/airflow/example_dags/tutorial_objectstorage.py
[2024-10-08T15:27:30.096+0900] {processor.py:925} INFO - DAG(s) 'tutorial_objectstorage' retrieved from /Users/alookso/1007MLpj/myenv/lib/python3.10/site-packages/airflow/example_dags/tutorial_objectstorage.py
[2024-10-08T15:27:30.223+0900] {logging_mixin.py:190} INFO - [2024-10-08T15:27:30.223+0900] {dag.py:3239} INFO - Sync 1 DAGs
[2024-10-08T15:27:30.236+0900] {logging_mixin.py:190} INFO - [2024-10-08T15:27:30.236+0900] {dag.py:4180} INFO - Setting next_dagrun for tutorial_objectstorage to None, run_after=None
[2024-10-08T15:27:30.255+0900] {processor.py:208} INFO - Processing /Users/alookso/1007MLpj/myenv/lib/python3.10/site-packages/airflow/example_dags/tutorial_objectstorage.py took 0.205 seconds
[2024-10-08T15:30:30.457+0900] {processor.py:186} INFO - Started process (PID=23710) to work on /Users/alookso/1007MLpj/myenv/lib/python3.10/site-packages/airflow/example_dags/tutorial_objectstorage.py
[2024-10-08T15:30:30.458+0900] {processor.py:914} INFO - Processing file /Users/alookso/1007MLpj/myenv/lib/python3.10/site-packages/airflow/example_dags/tutorial_objectstorage.py for tasks to queue
[2024-10-08T15:30:30.459+0900] {logging_mixin.py:190} INFO - [2024-10-08T15:30:30.459+0900] {dagbag.py:588} INFO - Filling up the DagBag from /Users/alookso/1007MLpj/myenv/lib/python3.10/site-packages/airflow/example_dags/tutorial_objectstorage.py
[2024-10-08T15:30:30.500+0900] {processor.py:925} INFO - DAG(s) 'tutorial_objectstorage' retrieved from /Users/alookso/1007MLpj/myenv/lib/python3.10/site-packages/airflow/example_dags/tutorial_objectstorage.py
[2024-10-08T15:30:30.629+0900] {logging_mixin.py:190} INFO - [2024-10-08T15:30:30.629+0900] {dag.py:3239} INFO - Sync 1 DAGs
[2024-10-08T15:30:30.641+0900] {logging_mixin.py:190} INFO - [2024-10-08T15:30:30.641+0900] {dag.py:4180} INFO - Setting next_dagrun for tutorial_objectstorage to None, run_after=None
[2024-10-08T15:30:30.660+0900] {processor.py:208} INFO - Processing /Users/alookso/1007MLpj/myenv/lib/python3.10/site-packages/airflow/example_dags/tutorial_objectstorage.py took 0.207 seconds
[2024-10-08T15:33:32.521+0900] {processor.py:186} INFO - Started process (PID=23803) to work on /Users/alookso/1007MLpj/myenv/lib/python3.10/site-packages/airflow/example_dags/tutorial_objectstorage.py
[2024-10-08T15:33:32.522+0900] {processor.py:914} INFO - Processing file /Users/alookso/1007MLpj/myenv/lib/python3.10/site-packages/airflow/example_dags/tutorial_objectstorage.py for tasks to queue
[2024-10-08T15:33:32.522+0900] {logging_mixin.py:190} INFO - [2024-10-08T15:33:32.522+0900] {dagbag.py:588} INFO - Filling up the DagBag from /Users/alookso/1007MLpj/myenv/lib/python3.10/site-packages/airflow/example_dags/tutorial_objectstorage.py
[2024-10-08T15:33:32.564+0900] {processor.py:925} INFO - DAG(s) 'tutorial_objectstorage' retrieved from /Users/alookso/1007MLpj/myenv/lib/python3.10/site-packages/airflow/example_dags/tutorial_objectstorage.py
[2024-10-08T15:33:32.692+0900] {logging_mixin.py:190} INFO - [2024-10-08T15:33:32.692+0900] {dag.py:3239} INFO - Sync 1 DAGs
[2024-10-08T15:33:32.705+0900] {logging_mixin.py:190} INFO - [2024-10-08T15:33:32.705+0900] {dag.py:4180} INFO - Setting next_dagrun for tutorial_objectstorage to None, run_after=None
[2024-10-08T15:33:32.724+0900] {processor.py:208} INFO - Processing /Users/alookso/1007MLpj/myenv/lib/python3.10/site-packages/airflow/example_dags/tutorial_objectstorage.py took 0.209 seconds
[2024-10-08T15:35:13.799+0900] {processor.py:186} INFO - Started process (PID=23878) to work on /Users/alookso/1007MLpj/myenv/lib/python3.10/site-packages/airflow/example_dags/tutorial_objectstorage.py
[2024-10-08T15:35:13.800+0900] {processor.py:914} INFO - Processing file /Users/alookso/1007MLpj/myenv/lib/python3.10/site-packages/airflow/example_dags/tutorial_objectstorage.py for tasks to queue
[2024-10-08T15:35:13.801+0900] {logging_mixin.py:190} INFO - [2024-10-08T15:35:13.801+0900] {dagbag.py:588} INFO - Filling up the DagBag from /Users/alookso/1007MLpj/myenv/lib/python3.10/site-packages/airflow/example_dags/tutorial_objectstorage.py
[2024-10-08T15:35:13.844+0900] {processor.py:925} INFO - DAG(s) 'tutorial_objectstorage' retrieved from /Users/alookso/1007MLpj/myenv/lib/python3.10/site-packages/airflow/example_dags/tutorial_objectstorage.py
[2024-10-08T15:35:13.976+0900] {logging_mixin.py:190} INFO - [2024-10-08T15:35:13.976+0900] {dag.py:3239} INFO - Sync 1 DAGs
[2024-10-08T15:35:13.990+0900] {logging_mixin.py:190} INFO - [2024-10-08T15:35:13.990+0900] {dag.py:4180} INFO - Setting next_dagrun for tutorial_objectstorage to None, run_after=None
[2024-10-08T15:35:14.010+0900] {processor.py:208} INFO - Processing /Users/alookso/1007MLpj/myenv/lib/python3.10/site-packages/airflow/example_dags/tutorial_objectstorage.py took 0.217 seconds
[2024-10-08T15:38:18.086+0900] {processor.py:186} INFO - Started process (PID=24001) to work on /Users/alookso/1007MLpj/myenv/lib/python3.10/site-packages/airflow/example_dags/tutorial_objectstorage.py
[2024-10-08T15:38:18.087+0900] {processor.py:914} INFO - Processing file /Users/alookso/1007MLpj/myenv/lib/python3.10/site-packages/airflow/example_dags/tutorial_objectstorage.py for tasks to queue
[2024-10-08T15:38:18.088+0900] {logging_mixin.py:190} INFO - [2024-10-08T15:38:18.088+0900] {dagbag.py:588} INFO - Filling up the DagBag from /Users/alookso/1007MLpj/myenv/lib/python3.10/site-packages/airflow/example_dags/tutorial_objectstorage.py
[2024-10-08T15:38:18.131+0900] {processor.py:925} INFO - DAG(s) 'tutorial_objectstorage' retrieved from /Users/alookso/1007MLpj/myenv/lib/python3.10/site-packages/airflow/example_dags/tutorial_objectstorage.py
[2024-10-08T15:38:18.259+0900] {logging_mixin.py:190} INFO - [2024-10-08T15:38:18.259+0900] {dag.py:3239} INFO - Sync 1 DAGs
[2024-10-08T15:38:18.272+0900] {logging_mixin.py:190} INFO - [2024-10-08T15:38:18.272+0900] {dag.py:4180} INFO - Setting next_dagrun for tutorial_objectstorage to None, run_after=None
[2024-10-08T15:38:18.292+0900] {processor.py:208} INFO - Processing /Users/alookso/1007MLpj/myenv/lib/python3.10/site-packages/airflow/example_dags/tutorial_objectstorage.py took 0.210 seconds
[2024-10-08T16:35:52.901+0900] {processor.py:186} INFO - Started process (PID=24963) to work on /Users/alookso/1007MLpj/myenv/lib/python3.10/site-packages/airflow/example_dags/tutorial_objectstorage.py
[2024-10-08T16:35:52.901+0900] {processor.py:914} INFO - Processing file /Users/alookso/1007MLpj/myenv/lib/python3.10/site-packages/airflow/example_dags/tutorial_objectstorage.py for tasks to queue
[2024-10-08T16:35:52.902+0900] {logging_mixin.py:190} INFO - [2024-10-08T16:35:52.902+0900] {dagbag.py:588} INFO - Filling up the DagBag from /Users/alookso/1007MLpj/myenv/lib/python3.10/site-packages/airflow/example_dags/tutorial_objectstorage.py
[2024-10-08T16:35:52.944+0900] {processor.py:925} INFO - DAG(s) 'tutorial_objectstorage' retrieved from /Users/alookso/1007MLpj/myenv/lib/python3.10/site-packages/airflow/example_dags/tutorial_objectstorage.py
[2024-10-08T16:35:53.075+0900] {logging_mixin.py:190} INFO - [2024-10-08T16:35:53.075+0900] {dag.py:3239} INFO - Sync 1 DAGs
[2024-10-08T16:35:53.089+0900] {logging_mixin.py:190} INFO - [2024-10-08T16:35:53.089+0900] {dag.py:4180} INFO - Setting next_dagrun for tutorial_objectstorage to None, run_after=None
[2024-10-08T16:35:53.109+0900] {processor.py:208} INFO - Processing /Users/alookso/1007MLpj/myenv/lib/python3.10/site-packages/airflow/example_dags/tutorial_objectstorage.py took 0.213 seconds
[2024-10-08T16:39:25.956+0900] {processor.py:186} INFO - Started process (PID=25134) to work on /Users/alookso/1007MLpj/myenv/lib/python3.10/site-packages/airflow/example_dags/tutorial_objectstorage.py
[2024-10-08T16:39:25.957+0900] {processor.py:914} INFO - Processing file /Users/alookso/1007MLpj/myenv/lib/python3.10/site-packages/airflow/example_dags/tutorial_objectstorage.py for tasks to queue
[2024-10-08T16:39:25.958+0900] {logging_mixin.py:190} INFO - [2024-10-08T16:39:25.958+0900] {dagbag.py:588} INFO - Filling up the DagBag from /Users/alookso/1007MLpj/myenv/lib/python3.10/site-packages/airflow/example_dags/tutorial_objectstorage.py
[2024-10-08T16:39:26.002+0900] {processor.py:925} INFO - DAG(s) 'tutorial_objectstorage' retrieved from /Users/alookso/1007MLpj/myenv/lib/python3.10/site-packages/airflow/example_dags/tutorial_objectstorage.py
[2024-10-08T16:39:26.133+0900] {logging_mixin.py:190} INFO - [2024-10-08T16:39:26.132+0900] {dag.py:3239} INFO - Sync 1 DAGs
[2024-10-08T16:39:26.145+0900] {logging_mixin.py:190} INFO - [2024-10-08T16:39:26.145+0900] {dag.py:4180} INFO - Setting next_dagrun for tutorial_objectstorage to None, run_after=None
[2024-10-08T16:39:26.165+0900] {processor.py:208} INFO - Processing /Users/alookso/1007MLpj/myenv/lib/python3.10/site-packages/airflow/example_dags/tutorial_objectstorage.py took 0.213 seconds
[2024-10-08T17:27:23.170+0900] {processor.py:186} INFO - Started process (PID=26333) to work on /Users/alookso/1007MLpj/myenv/lib/python3.10/site-packages/airflow/example_dags/tutorial_objectstorage.py
[2024-10-08T17:27:23.170+0900] {processor.py:914} INFO - Processing file /Users/alookso/1007MLpj/myenv/lib/python3.10/site-packages/airflow/example_dags/tutorial_objectstorage.py for tasks to queue
[2024-10-08T17:27:23.171+0900] {logging_mixin.py:190} INFO - [2024-10-08T17:27:23.171+0900] {dagbag.py:588} INFO - Filling up the DagBag from /Users/alookso/1007MLpj/myenv/lib/python3.10/site-packages/airflow/example_dags/tutorial_objectstorage.py
[2024-10-08T17:27:23.214+0900] {processor.py:925} INFO - DAG(s) 'tutorial_objectstorage' retrieved from /Users/alookso/1007MLpj/myenv/lib/python3.10/site-packages/airflow/example_dags/tutorial_objectstorage.py
[2024-10-08T17:27:23.343+0900] {logging_mixin.py:190} INFO - [2024-10-08T17:27:23.343+0900] {dag.py:3239} INFO - Sync 1 DAGs
[2024-10-08T17:27:23.356+0900] {logging_mixin.py:190} INFO - [2024-10-08T17:27:23.356+0900] {dag.py:4180} INFO - Setting next_dagrun for tutorial_objectstorage to None, run_after=None
[2024-10-08T17:27:23.375+0900] {processor.py:208} INFO - Processing /Users/alookso/1007MLpj/myenv/lib/python3.10/site-packages/airflow/example_dags/tutorial_objectstorage.py took 0.211 seconds
[2024-10-08T17:31:10.416+0900] {processor.py:186} INFO - Started process (PID=26526) to work on /Users/alookso/1007MLpj/myenv/lib/python3.10/site-packages/airflow/example_dags/tutorial_objectstorage.py
[2024-10-08T17:31:10.417+0900] {processor.py:914} INFO - Processing file /Users/alookso/1007MLpj/myenv/lib/python3.10/site-packages/airflow/example_dags/tutorial_objectstorage.py for tasks to queue
[2024-10-08T17:31:10.419+0900] {logging_mixin.py:190} INFO - [2024-10-08T17:31:10.418+0900] {dagbag.py:588} INFO - Filling up the DagBag from /Users/alookso/1007MLpj/myenv/lib/python3.10/site-packages/airflow/example_dags/tutorial_objectstorage.py
[2024-10-08T17:31:10.461+0900] {processor.py:925} INFO - DAG(s) 'tutorial_objectstorage' retrieved from /Users/alookso/1007MLpj/myenv/lib/python3.10/site-packages/airflow/example_dags/tutorial_objectstorage.py
[2024-10-08T17:31:10.601+0900] {logging_mixin.py:190} INFO - [2024-10-08T17:31:10.601+0900] {dag.py:3239} INFO - Sync 1 DAGs
[2024-10-08T17:31:10.614+0900] {logging_mixin.py:190} INFO - [2024-10-08T17:31:10.614+0900] {dag.py:4180} INFO - Setting next_dagrun for tutorial_objectstorage to None, run_after=None
[2024-10-08T17:31:10.635+0900] {processor.py:208} INFO - Processing /Users/alookso/1007MLpj/myenv/lib/python3.10/site-packages/airflow/example_dags/tutorial_objectstorage.py took 0.223 seconds
[2024-10-08T17:42:16.627+0900] {processor.py:186} INFO - Started process (PID=26868) to work on /Users/alookso/1007MLpj/myenv/lib/python3.10/site-packages/airflow/example_dags/tutorial_objectstorage.py
[2024-10-08T17:42:16.628+0900] {processor.py:914} INFO - Processing file /Users/alookso/1007MLpj/myenv/lib/python3.10/site-packages/airflow/example_dags/tutorial_objectstorage.py for tasks to queue
[2024-10-08T17:42:16.629+0900] {logging_mixin.py:190} INFO - [2024-10-08T17:42:16.628+0900] {dagbag.py:588} INFO - Filling up the DagBag from /Users/alookso/1007MLpj/myenv/lib/python3.10/site-packages/airflow/example_dags/tutorial_objectstorage.py
[2024-10-08T17:42:16.670+0900] {processor.py:925} INFO - DAG(s) 'tutorial_objectstorage' retrieved from /Users/alookso/1007MLpj/myenv/lib/python3.10/site-packages/airflow/example_dags/tutorial_objectstorage.py
[2024-10-08T17:42:16.797+0900] {logging_mixin.py:190} INFO - [2024-10-08T17:42:16.797+0900] {dag.py:3239} INFO - Sync 1 DAGs
[2024-10-08T17:42:16.810+0900] {logging_mixin.py:190} INFO - [2024-10-08T17:42:16.809+0900] {dag.py:4180} INFO - Setting next_dagrun for tutorial_objectstorage to None, run_after=None
[2024-10-08T17:42:16.829+0900] {processor.py:208} INFO - Processing /Users/alookso/1007MLpj/myenv/lib/python3.10/site-packages/airflow/example_dags/tutorial_objectstorage.py took 0.206 seconds
[2024-10-08T17:54:42.295+0900] {processor.py:186} INFO - Started process (PID=27283) to work on /Users/alookso/1007MLpj/myenv/lib/python3.10/site-packages/airflow/example_dags/tutorial_objectstorage.py
[2024-10-08T17:54:42.296+0900] {processor.py:914} INFO - Processing file /Users/alookso/1007MLpj/myenv/lib/python3.10/site-packages/airflow/example_dags/tutorial_objectstorage.py for tasks to queue
[2024-10-08T17:54:42.297+0900] {logging_mixin.py:190} INFO - [2024-10-08T17:54:42.297+0900] {dagbag.py:588} INFO - Filling up the DagBag from /Users/alookso/1007MLpj/myenv/lib/python3.10/site-packages/airflow/example_dags/tutorial_objectstorage.py
[2024-10-08T17:54:42.339+0900] {processor.py:925} INFO - DAG(s) 'tutorial_objectstorage' retrieved from /Users/alookso/1007MLpj/myenv/lib/python3.10/site-packages/airflow/example_dags/tutorial_objectstorage.py
[2024-10-08T17:54:42.470+0900] {logging_mixin.py:190} INFO - [2024-10-08T17:54:42.470+0900] {dag.py:3239} INFO - Sync 1 DAGs
[2024-10-08T17:54:42.484+0900] {logging_mixin.py:190} INFO - [2024-10-08T17:54:42.483+0900] {dag.py:4180} INFO - Setting next_dagrun for tutorial_objectstorage to None, run_after=None
[2024-10-08T17:54:42.505+0900] {processor.py:208} INFO - Processing /Users/alookso/1007MLpj/myenv/lib/python3.10/site-packages/airflow/example_dags/tutorial_objectstorage.py took 0.214 seconds
[2024-10-08T17:58:12.154+0900] {processor.py:186} INFO - Started process (PID=27415) to work on /Users/alookso/1007MLpj/myenv/lib/python3.10/site-packages/airflow/example_dags/tutorial_objectstorage.py
[2024-10-08T17:58:12.155+0900] {processor.py:914} INFO - Processing file /Users/alookso/1007MLpj/myenv/lib/python3.10/site-packages/airflow/example_dags/tutorial_objectstorage.py for tasks to queue
[2024-10-08T17:58:12.156+0900] {logging_mixin.py:190} INFO - [2024-10-08T17:58:12.156+0900] {dagbag.py:588} INFO - Filling up the DagBag from /Users/alookso/1007MLpj/myenv/lib/python3.10/site-packages/airflow/example_dags/tutorial_objectstorage.py
[2024-10-08T17:58:12.198+0900] {processor.py:925} INFO - DAG(s) 'tutorial_objectstorage' retrieved from /Users/alookso/1007MLpj/myenv/lib/python3.10/site-packages/airflow/example_dags/tutorial_objectstorage.py
[2024-10-08T17:58:12.325+0900] {logging_mixin.py:190} INFO - [2024-10-08T17:58:12.325+0900] {dag.py:3239} INFO - Sync 1 DAGs
[2024-10-08T17:58:12.339+0900] {logging_mixin.py:190} INFO - [2024-10-08T17:58:12.338+0900] {dag.py:4180} INFO - Setting next_dagrun for tutorial_objectstorage to None, run_after=None
[2024-10-08T17:58:12.359+0900] {processor.py:208} INFO - Processing /Users/alookso/1007MLpj/myenv/lib/python3.10/site-packages/airflow/example_dags/tutorial_objectstorage.py took 0.209 seconds
[2024-10-08T17:59:19.598+0900] {processor.py:186} INFO - Started process (PID=27473) to work on /Users/alookso/1007MLpj/myenv/lib/python3.10/site-packages/airflow/example_dags/tutorial_objectstorage.py
[2024-10-08T17:59:19.598+0900] {processor.py:914} INFO - Processing file /Users/alookso/1007MLpj/myenv/lib/python3.10/site-packages/airflow/example_dags/tutorial_objectstorage.py for tasks to queue
[2024-10-08T17:59:19.599+0900] {logging_mixin.py:190} INFO - [2024-10-08T17:59:19.599+0900] {dagbag.py:588} INFO - Filling up the DagBag from /Users/alookso/1007MLpj/myenv/lib/python3.10/site-packages/airflow/example_dags/tutorial_objectstorage.py
[2024-10-08T17:59:19.641+0900] {processor.py:925} INFO - DAG(s) 'tutorial_objectstorage' retrieved from /Users/alookso/1007MLpj/myenv/lib/python3.10/site-packages/airflow/example_dags/tutorial_objectstorage.py
[2024-10-08T17:59:19.769+0900] {logging_mixin.py:190} INFO - [2024-10-08T17:59:19.768+0900] {dag.py:3239} INFO - Sync 1 DAGs
[2024-10-08T17:59:19.782+0900] {logging_mixin.py:190} INFO - [2024-10-08T17:59:19.782+0900] {dag.py:4180} INFO - Setting next_dagrun for tutorial_objectstorage to None, run_after=None
[2024-10-08T17:59:19.801+0900] {processor.py:208} INFO - Processing /Users/alookso/1007MLpj/myenv/lib/python3.10/site-packages/airflow/example_dags/tutorial_objectstorage.py took 0.208 seconds
[2024-10-08T18:03:03.986+0900] {processor.py:186} INFO - Started process (PID=27622) to work on /Users/alookso/1007MLpj/myenv/lib/python3.10/site-packages/airflow/example_dags/tutorial_objectstorage.py
[2024-10-08T18:03:03.987+0900] {processor.py:914} INFO - Processing file /Users/alookso/1007MLpj/myenv/lib/python3.10/site-packages/airflow/example_dags/tutorial_objectstorage.py for tasks to queue
[2024-10-08T18:03:03.988+0900] {logging_mixin.py:190} INFO - [2024-10-08T18:03:03.988+0900] {dagbag.py:588} INFO - Filling up the DagBag from /Users/alookso/1007MLpj/myenv/lib/python3.10/site-packages/airflow/example_dags/tutorial_objectstorage.py
[2024-10-08T18:03:04.030+0900] {processor.py:925} INFO - DAG(s) 'tutorial_objectstorage' retrieved from /Users/alookso/1007MLpj/myenv/lib/python3.10/site-packages/airflow/example_dags/tutorial_objectstorage.py
[2024-10-08T18:03:04.162+0900] {logging_mixin.py:190} INFO - [2024-10-08T18:03:04.161+0900] {dag.py:3239} INFO - Sync 1 DAGs
[2024-10-08T18:03:04.174+0900] {logging_mixin.py:190} INFO - [2024-10-08T18:03:04.174+0900] {dag.py:4180} INFO - Setting next_dagrun for tutorial_objectstorage to None, run_after=None
[2024-10-08T18:03:04.193+0900] {processor.py:208} INFO - Processing /Users/alookso/1007MLpj/myenv/lib/python3.10/site-packages/airflow/example_dags/tutorial_objectstorage.py took 0.211 seconds
[2024-10-08T18:05:36.348+0900] {processor.py:186} INFO - Started process (PID=27741) to work on /Users/alookso/1007MLpj/myenv/lib/python3.10/site-packages/airflow/example_dags/tutorial_objectstorage.py
[2024-10-08T18:05:36.349+0900] {processor.py:914} INFO - Processing file /Users/alookso/1007MLpj/myenv/lib/python3.10/site-packages/airflow/example_dags/tutorial_objectstorage.py for tasks to queue
[2024-10-08T18:05:36.350+0900] {logging_mixin.py:190} INFO - [2024-10-08T18:05:36.349+0900] {dagbag.py:588} INFO - Filling up the DagBag from /Users/alookso/1007MLpj/myenv/lib/python3.10/site-packages/airflow/example_dags/tutorial_objectstorage.py
[2024-10-08T18:05:36.390+0900] {processor.py:925} INFO - DAG(s) 'tutorial_objectstorage' retrieved from /Users/alookso/1007MLpj/myenv/lib/python3.10/site-packages/airflow/example_dags/tutorial_objectstorage.py
[2024-10-08T18:05:36.517+0900] {logging_mixin.py:190} INFO - [2024-10-08T18:05:36.517+0900] {dag.py:3239} INFO - Sync 1 DAGs
[2024-10-08T18:05:36.530+0900] {logging_mixin.py:190} INFO - [2024-10-08T18:05:36.529+0900] {dag.py:4180} INFO - Setting next_dagrun for tutorial_objectstorage to None, run_after=None
[2024-10-08T18:05:36.550+0900] {processor.py:208} INFO - Processing /Users/alookso/1007MLpj/myenv/lib/python3.10/site-packages/airflow/example_dags/tutorial_objectstorage.py took 0.207 seconds
[2024-10-08T18:09:15.434+0900] {processor.py:186} INFO - Started process (PID=27838) to work on /Users/alookso/1007MLpj/myenv/lib/python3.10/site-packages/airflow/example_dags/tutorial_objectstorage.py
[2024-10-08T18:09:15.435+0900] {processor.py:914} INFO - Processing file /Users/alookso/1007MLpj/myenv/lib/python3.10/site-packages/airflow/example_dags/tutorial_objectstorage.py for tasks to queue
[2024-10-08T18:09:15.435+0900] {logging_mixin.py:190} INFO - [2024-10-08T18:09:15.435+0900] {dagbag.py:588} INFO - Filling up the DagBag from /Users/alookso/1007MLpj/myenv/lib/python3.10/site-packages/airflow/example_dags/tutorial_objectstorage.py
[2024-10-08T18:09:15.476+0900] {processor.py:925} INFO - DAG(s) 'tutorial_objectstorage' retrieved from /Users/alookso/1007MLpj/myenv/lib/python3.10/site-packages/airflow/example_dags/tutorial_objectstorage.py
[2024-10-08T18:09:15.605+0900] {logging_mixin.py:190} INFO - [2024-10-08T18:09:15.604+0900] {dag.py:3239} INFO - Sync 1 DAGs
[2024-10-08T18:09:15.618+0900] {logging_mixin.py:190} INFO - [2024-10-08T18:09:15.617+0900] {dag.py:4180} INFO - Setting next_dagrun for tutorial_objectstorage to None, run_after=None
[2024-10-08T18:09:15.637+0900] {processor.py:208} INFO - Processing /Users/alookso/1007MLpj/myenv/lib/python3.10/site-packages/airflow/example_dags/tutorial_objectstorage.py took 0.208 seconds
[2024-10-08T18:12:27.597+0900] {processor.py:186} INFO - Started process (PID=27941) to work on /Users/alookso/1007MLpj/myenv/lib/python3.10/site-packages/airflow/example_dags/tutorial_objectstorage.py
[2024-10-08T18:12:27.598+0900] {processor.py:914} INFO - Processing file /Users/alookso/1007MLpj/myenv/lib/python3.10/site-packages/airflow/example_dags/tutorial_objectstorage.py for tasks to queue
[2024-10-08T18:12:27.599+0900] {logging_mixin.py:190} INFO - [2024-10-08T18:12:27.599+0900] {dagbag.py:588} INFO - Filling up the DagBag from /Users/alookso/1007MLpj/myenv/lib/python3.10/site-packages/airflow/example_dags/tutorial_objectstorage.py
[2024-10-08T18:12:27.640+0900] {processor.py:925} INFO - DAG(s) 'tutorial_objectstorage' retrieved from /Users/alookso/1007MLpj/myenv/lib/python3.10/site-packages/airflow/example_dags/tutorial_objectstorage.py
[2024-10-08T18:12:27.768+0900] {logging_mixin.py:190} INFO - [2024-10-08T18:12:27.768+0900] {dag.py:3239} INFO - Sync 1 DAGs
[2024-10-08T18:12:27.780+0900] {logging_mixin.py:190} INFO - [2024-10-08T18:12:27.780+0900] {dag.py:4180} INFO - Setting next_dagrun for tutorial_objectstorage to None, run_after=None
[2024-10-08T18:12:27.799+0900] {processor.py:208} INFO - Processing /Users/alookso/1007MLpj/myenv/lib/python3.10/site-packages/airflow/example_dags/tutorial_objectstorage.py took 0.206 seconds
[2024-10-08T18:15:37.210+0900] {processor.py:186} INFO - Started process (PID=28044) to work on /Users/alookso/1007MLpj/myenv/lib/python3.10/site-packages/airflow/example_dags/tutorial_objectstorage.py
[2024-10-08T18:15:37.210+0900] {processor.py:914} INFO - Processing file /Users/alookso/1007MLpj/myenv/lib/python3.10/site-packages/airflow/example_dags/tutorial_objectstorage.py for tasks to queue
[2024-10-08T18:15:37.211+0900] {logging_mixin.py:190} INFO - [2024-10-08T18:15:37.211+0900] {dagbag.py:588} INFO - Filling up the DagBag from /Users/alookso/1007MLpj/myenv/lib/python3.10/site-packages/airflow/example_dags/tutorial_objectstorage.py
[2024-10-08T18:15:37.253+0900] {processor.py:925} INFO - DAG(s) 'tutorial_objectstorage' retrieved from /Users/alookso/1007MLpj/myenv/lib/python3.10/site-packages/airflow/example_dags/tutorial_objectstorage.py
[2024-10-08T18:15:37.383+0900] {logging_mixin.py:190} INFO - [2024-10-08T18:15:37.383+0900] {dag.py:3239} INFO - Sync 1 DAGs
[2024-10-08T18:15:37.396+0900] {logging_mixin.py:190} INFO - [2024-10-08T18:15:37.396+0900] {dag.py:4180} INFO - Setting next_dagrun for tutorial_objectstorage to None, run_after=None
[2024-10-08T18:15:37.415+0900] {processor.py:208} INFO - Processing /Users/alookso/1007MLpj/myenv/lib/python3.10/site-packages/airflow/example_dags/tutorial_objectstorage.py took 0.209 seconds
[2024-10-08T18:18:47.644+0900] {processor.py:186} INFO - Started process (PID=28129) to work on /Users/alookso/1007MLpj/myenv/lib/python3.10/site-packages/airflow/example_dags/tutorial_objectstorage.py
[2024-10-08T18:18:47.644+0900] {processor.py:914} INFO - Processing file /Users/alookso/1007MLpj/myenv/lib/python3.10/site-packages/airflow/example_dags/tutorial_objectstorage.py for tasks to queue
[2024-10-08T18:18:47.645+0900] {logging_mixin.py:190} INFO - [2024-10-08T18:18:47.645+0900] {dagbag.py:588} INFO - Filling up the DagBag from /Users/alookso/1007MLpj/myenv/lib/python3.10/site-packages/airflow/example_dags/tutorial_objectstorage.py
[2024-10-08T18:18:47.686+0900] {processor.py:925} INFO - DAG(s) 'tutorial_objectstorage' retrieved from /Users/alookso/1007MLpj/myenv/lib/python3.10/site-packages/airflow/example_dags/tutorial_objectstorage.py
[2024-10-08T18:18:47.810+0900] {logging_mixin.py:190} INFO - [2024-10-08T18:18:47.810+0900] {dag.py:3239} INFO - Sync 1 DAGs
[2024-10-08T18:18:47.823+0900] {logging_mixin.py:190} INFO - [2024-10-08T18:18:47.823+0900] {dag.py:4180} INFO - Setting next_dagrun for tutorial_objectstorage to None, run_after=None
[2024-10-08T18:18:47.842+0900] {processor.py:208} INFO - Processing /Users/alookso/1007MLpj/myenv/lib/python3.10/site-packages/airflow/example_dags/tutorial_objectstorage.py took 0.204 seconds
[2024-10-08T18:21:30.323+0900] {processor.py:186} INFO - Started process (PID=28249) to work on /Users/alookso/1007MLpj/myenv/lib/python3.10/site-packages/airflow/example_dags/tutorial_objectstorage.py
[2024-10-08T18:21:30.324+0900] {processor.py:914} INFO - Processing file /Users/alookso/1007MLpj/myenv/lib/python3.10/site-packages/airflow/example_dags/tutorial_objectstorage.py for tasks to queue
[2024-10-08T18:21:30.325+0900] {logging_mixin.py:190} INFO - [2024-10-08T18:21:30.325+0900] {dagbag.py:588} INFO - Filling up the DagBag from /Users/alookso/1007MLpj/myenv/lib/python3.10/site-packages/airflow/example_dags/tutorial_objectstorage.py
[2024-10-08T18:21:30.366+0900] {processor.py:925} INFO - DAG(s) 'tutorial_objectstorage' retrieved from /Users/alookso/1007MLpj/myenv/lib/python3.10/site-packages/airflow/example_dags/tutorial_objectstorage.py
[2024-10-08T18:21:30.490+0900] {logging_mixin.py:190} INFO - [2024-10-08T18:21:30.490+0900] {dag.py:3239} INFO - Sync 1 DAGs
[2024-10-08T18:21:30.503+0900] {logging_mixin.py:190} INFO - [2024-10-08T18:21:30.503+0900] {dag.py:4180} INFO - Setting next_dagrun for tutorial_objectstorage to None, run_after=None
[2024-10-08T18:21:30.523+0900] {processor.py:208} INFO - Processing /Users/alookso/1007MLpj/myenv/lib/python3.10/site-packages/airflow/example_dags/tutorial_objectstorage.py took 0.204 seconds
[2024-10-08T18:32:31.581+0900] {processor.py:186} INFO - Started process (PID=28676) to work on /Users/alookso/1007MLpj/myenv/lib/python3.10/site-packages/airflow/example_dags/tutorial_objectstorage.py
[2024-10-08T18:32:31.581+0900] {processor.py:914} INFO - Processing file /Users/alookso/1007MLpj/myenv/lib/python3.10/site-packages/airflow/example_dags/tutorial_objectstorage.py for tasks to queue
[2024-10-08T18:32:31.582+0900] {logging_mixin.py:190} INFO - [2024-10-08T18:32:31.582+0900] {dagbag.py:588} INFO - Filling up the DagBag from /Users/alookso/1007MLpj/myenv/lib/python3.10/site-packages/airflow/example_dags/tutorial_objectstorage.py
[2024-10-08T18:32:31.623+0900] {processor.py:925} INFO - DAG(s) 'tutorial_objectstorage' retrieved from /Users/alookso/1007MLpj/myenv/lib/python3.10/site-packages/airflow/example_dags/tutorial_objectstorage.py
[2024-10-08T18:32:31.752+0900] {logging_mixin.py:190} INFO - [2024-10-08T18:32:31.752+0900] {dag.py:3239} INFO - Sync 1 DAGs
[2024-10-08T18:32:31.766+0900] {logging_mixin.py:190} INFO - [2024-10-08T18:32:31.765+0900] {dag.py:4180} INFO - Setting next_dagrun for tutorial_objectstorage to None, run_after=None
[2024-10-08T18:32:31.785+0900] {processor.py:208} INFO - Processing /Users/alookso/1007MLpj/myenv/lib/python3.10/site-packages/airflow/example_dags/tutorial_objectstorage.py took 0.209 seconds
[2024-10-08T18:34:25.936+0900] {processor.py:186} INFO - Started process (PID=28778) to work on /Users/alookso/1007MLpj/myenv/lib/python3.10/site-packages/airflow/example_dags/tutorial_objectstorage.py
[2024-10-08T18:34:25.937+0900] {processor.py:914} INFO - Processing file /Users/alookso/1007MLpj/myenv/lib/python3.10/site-packages/airflow/example_dags/tutorial_objectstorage.py for tasks to queue
[2024-10-08T18:34:25.938+0900] {logging_mixin.py:190} INFO - [2024-10-08T18:34:25.938+0900] {dagbag.py:588} INFO - Filling up the DagBag from /Users/alookso/1007MLpj/myenv/lib/python3.10/site-packages/airflow/example_dags/tutorial_objectstorage.py
[2024-10-08T18:34:25.979+0900] {processor.py:925} INFO - DAG(s) 'tutorial_objectstorage' retrieved from /Users/alookso/1007MLpj/myenv/lib/python3.10/site-packages/airflow/example_dags/tutorial_objectstorage.py
[2024-10-08T18:34:26.113+0900] {logging_mixin.py:190} INFO - [2024-10-08T18:34:26.113+0900] {dag.py:3239} INFO - Sync 1 DAGs
[2024-10-08T18:34:26.132+0900] {logging_mixin.py:190} INFO - [2024-10-08T18:34:26.132+0900] {dag.py:4180} INFO - Setting next_dagrun for tutorial_objectstorage to None, run_after=None
[2024-10-08T18:34:26.186+0900] {processor.py:208} INFO - Processing /Users/alookso/1007MLpj/myenv/lib/python3.10/site-packages/airflow/example_dags/tutorial_objectstorage.py took 0.254 seconds
[2024-10-08T18:46:06.164+0900] {processor.py:186} INFO - Started process (PID=29236) to work on /Users/alookso/1007MLpj/myenv/lib/python3.10/site-packages/airflow/example_dags/tutorial_objectstorage.py
[2024-10-08T18:46:06.165+0900] {processor.py:914} INFO - Processing file /Users/alookso/1007MLpj/myenv/lib/python3.10/site-packages/airflow/example_dags/tutorial_objectstorage.py for tasks to queue
[2024-10-08T18:46:06.166+0900] {logging_mixin.py:190} INFO - [2024-10-08T18:46:06.166+0900] {dagbag.py:588} INFO - Filling up the DagBag from /Users/alookso/1007MLpj/myenv/lib/python3.10/site-packages/airflow/example_dags/tutorial_objectstorage.py
[2024-10-08T18:46:06.208+0900] {processor.py:925} INFO - DAG(s) 'tutorial_objectstorage' retrieved from /Users/alookso/1007MLpj/myenv/lib/python3.10/site-packages/airflow/example_dags/tutorial_objectstorage.py
[2024-10-08T18:46:06.332+0900] {logging_mixin.py:190} INFO - [2024-10-08T18:46:06.332+0900] {dag.py:3239} INFO - Sync 1 DAGs
[2024-10-08T18:46:06.345+0900] {logging_mixin.py:190} INFO - [2024-10-08T18:46:06.345+0900] {dag.py:4180} INFO - Setting next_dagrun for tutorial_objectstorage to None, run_after=None
[2024-10-08T18:46:06.364+0900] {processor.py:208} INFO - Processing /Users/alookso/1007MLpj/myenv/lib/python3.10/site-packages/airflow/example_dags/tutorial_objectstorage.py took 0.204 seconds
