2024-10-08 16:50:44,637 INFO Predictions: [3, 3, 3, 1]
2024-10-08 17:08:36,402 INFO Predictions: [5, 1, 4, 1]
2024-10-08 17:08:52,371 INFO Predictions: [4, 8, 8, 8]
2024-10-08 17:09:07,939 INFO Predictions: [7, 7, 3, 8]
2024-10-08 17:09:18,840 INFO Predictions: [1, 1, 1, 1]
2024-10-08 17:09:30,918 INFO Predictions: [2, 2, 7, 2]
2024-10-08 17:09:42,971 INFO Predictions: [3, 3, 3, 5]
2024-10-08 17:09:54,633 INFO Predictions: [7, 4, 7, 4]
2024-10-08 17:10:08,274 INFO Predictions: [5, 3, 5, 3]
2024-10-08 17:10:17,350 INFO Predictions: [6, 6, 6, 6]
2024-10-08 17:10:29,560 INFO Predictions: [3, 7, 7, 3]
2024-10-08 17:10:45,118 INFO Predictions: [8, 8, 3, 9]
2024-10-08 17:10:55,732 INFO Predictions: [8, 9, 9, 9]
2024-10-08 17:11:06,126 INFO Predictions: [9, 0, 9, 9]
2024-10-08 17:37:55,513 INFO Predictions: [8, 2, 8, 4]
2024-10-08 17:47:24,029 INFO Predictions: [1, 8, 8, 4]
2024-10-08 17:48:45,054 INFO Predictions: [7, 4, 4, 7]
2024-10-08 17:49:03,316 INFO Predictions: [1, 1, 4, 7]
2024-10-08 17:49:06,166 INFO Predictions: [1, 1, 1, 1]
2024-10-08 17:49:31,094 INFO Predictions: [7, 4, 4, 7]
2024-10-08 17:50:23,438 INFO Predictions: [8, 2, 3, 4]
2024-10-08 17:50:41,549 INFO Predictions: [8, 8, 4, 3]
2024-10-08 17:56:37,568 INFO Predictions: [1, 8, 3, 8]
2024-10-08 17:57:47,175 INFO Predictions: [1, 8, 3, 8]
2024-10-08 17:57:57,498 INFO Predictions: [1, 8, 3, 8]
2024-10-08 17:58:04,118 INFO Predictions: [8, 8, 8, 8]
2024-10-08 18:00:13,099 INFO Predictions: [8, 8, 8, 8]
2024-10-08 18:00:21,520 INFO Predictions: [1, 7, 8, 4]
2024-10-08 18:00:33,738 INFO Predictions: [8, 8, 8, 4]
2024-10-08 18:02:51,004 INFO Predictions: [8, 8, 8, 4]
2024-10-08 18:02:58,966 INFO Predictions: [8, 8, 5, 4]
2024-10-08 18:03:07,793 INFO Predictions: [8, 8, 4, 3]
2024-10-08 18:03:17,193 INFO Predictions: [8, 8, 8, 4]
2024-10-08 18:04:40,287 INFO Predictions: [8, 8, 8, 4]
2024-10-08 18:04:51,565 INFO Predictions: [6, 2, 8, 8]
2024-10-08 18:04:58,499 INFO Predictions: [3, 8, 9, 8]
2024-10-08 18:04:59,176 INFO Predictions: [8, 8, 8, 8]
2024-10-08 18:04:59,844 INFO Predictions: [8, 8, 8, 8]
2024-10-08 18:05:00,333 INFO Predictions: [8, 8, 8, 8]
2024-10-08 18:05:10,392 INFO Predictions: [2, 8, 4, 5]
2024-10-08 18:05:23,558 INFO Predictions: [2, 3, 4, 2]
2024-10-08 18:05:39,243 INFO Predictions: [6, 7, 8, 9]
2024-10-08 18:18:34,384 INFO Predictions: [8, 4, 3, 4]
2024-10-08 18:18:38,654 INFO Predictions: [8, 8, 8, 8]
2024-10-08 18:18:48,406 INFO Predictions: [8, 3, 4, 3]
2024-10-08 18:19:36,180 INFO Predictions: [8, 3, 4, 3]
2024-10-08 18:19:42,203 INFO Predictions: [8, 6, 8, 4]
2024-10-08 18:20:01,215 INFO Predictions: [1, 8, 4, 5]
2024-10-08 18:20:17,657 INFO Predictions: [1, 8, 4, 3]
2024-10-08 18:20:33,100 INFO Predictions: [9, 2, 2, 8]
2024-10-08 18:45:09,283 INFO Predictions: [4, 7, 6, 3]
2024-10-08 18:58:24,061 INFO Predictions: [6, 7, 3, 6]
2024-10-08 18:58:38,568 INFO Predictions: [5, 5, 4, 5]
2024-10-08 18:58:53,089 INFO Predictions: [0, 3, 5, 5]
2024-10-08 18:59:04,096 INFO Predictions: [3, 3, 1, 1]
2024-10-10 14:21:17,092 INFO Predictions: [2, 1, 3, 5]
2024-10-11 13:02:57,355 INFO Model loaded successfully from saved_model.pth
2024-10-11 14:21:14,634 INFO Model loaded successfully from saved_model.pth
2024-10-11 14:21:23,492 INFO Predictions: [4, 1, 5, 5]
