[2024-10-08T14:42:59.178+0900] {processor.py:186} INFO - Started process (PID=22220) to work on /Users/alookso/1007MLpj/myenv/lib/python3.10/site-packages/airflow/example_dags/subdags/subdag.py
[2024-10-08T14:42:59.179+0900] {processor.py:914} INFO - Processing file /Users/alookso/1007MLpj/myenv/lib/python3.10/site-packages/airflow/example_dags/subdags/subdag.py for tasks to queue
[2024-10-08T14:42:59.180+0900] {logging_mixin.py:190} INFO - [2024-10-08T14:42:59.179+0900] {dagbag.py:588} INFO - Filling up the DagBag from /Users/alookso/1007MLpj/myenv/lib/python3.10/site-packages/airflow/example_dags/subdags/subdag.py
[2024-10-08T14:42:59.182+0900] {processor.py:927} WARNING - No viable dags retrieved from /Users/alookso/1007MLpj/myenv/lib/python3.10/site-packages/airflow/example_dags/subdags/subdag.py
[2024-10-08T14:42:59.333+0900] {processor.py:208} INFO - Processing /Users/alookso/1007MLpj/myenv/lib/python3.10/site-packages/airflow/example_dags/subdags/subdag.py took 0.163 seconds
[2024-10-08T14:46:50.258+0900] {processor.py:186} INFO - Started process (PID=22317) to work on /Users/alookso/1007MLpj/myenv/lib/python3.10/site-packages/airflow/example_dags/subdags/subdag.py
[2024-10-08T14:46:50.259+0900] {processor.py:914} INFO - Processing file /Users/alookso/1007MLpj/myenv/lib/python3.10/site-packages/airflow/example_dags/subdags/subdag.py for tasks to queue
[2024-10-08T14:46:50.260+0900] {logging_mixin.py:190} INFO - [2024-10-08T14:46:50.260+0900] {dagbag.py:588} INFO - Filling up the DagBag from /Users/alookso/1007MLpj/myenv/lib/python3.10/site-packages/airflow/example_dags/subdags/subdag.py
[2024-10-08T14:46:50.262+0900] {processor.py:927} WARNING - No viable dags retrieved from /Users/alookso/1007MLpj/myenv/lib/python3.10/site-packages/airflow/example_dags/subdags/subdag.py
[2024-10-08T14:46:50.386+0900] {processor.py:208} INFO - Processing /Users/alookso/1007MLpj/myenv/lib/python3.10/site-packages/airflow/example_dags/subdags/subdag.py took 0.133 seconds
[2024-10-08T14:49:58.434+0900] {processor.py:186} INFO - Started process (PID=22395) to work on /Users/alookso/1007MLpj/myenv/lib/python3.10/site-packages/airflow/example_dags/subdags/subdag.py
[2024-10-08T14:49:58.435+0900] {processor.py:914} INFO - Processing file /Users/alookso/1007MLpj/myenv/lib/python3.10/site-packages/airflow/example_dags/subdags/subdag.py for tasks to queue
[2024-10-08T14:49:58.436+0900] {logging_mixin.py:190} INFO - [2024-10-08T14:49:58.436+0900] {dagbag.py:588} INFO - Filling up the DagBag from /Users/alookso/1007MLpj/myenv/lib/python3.10/site-packages/airflow/example_dags/subdags/subdag.py
[2024-10-08T14:49:58.438+0900] {processor.py:927} WARNING - No viable dags retrieved from /Users/alookso/1007MLpj/myenv/lib/python3.10/site-packages/airflow/example_dags/subdags/subdag.py
[2024-10-08T14:49:58.559+0900] {processor.py:208} INFO - Processing /Users/alookso/1007MLpj/myenv/lib/python3.10/site-packages/airflow/example_dags/subdags/subdag.py took 0.129 seconds
[2024-10-08T14:53:06.416+0900] {processor.py:186} INFO - Started process (PID=22495) to work on /Users/alookso/1007MLpj/myenv/lib/python3.10/site-packages/airflow/example_dags/subdags/subdag.py
[2024-10-08T14:53:06.417+0900] {processor.py:914} INFO - Processing file /Users/alookso/1007MLpj/myenv/lib/python3.10/site-packages/airflow/example_dags/subdags/subdag.py for tasks to queue
[2024-10-08T14:53:06.418+0900] {logging_mixin.py:190} INFO - [2024-10-08T14:53:06.418+0900] {dagbag.py:588} INFO - Filling up the DagBag from /Users/alookso/1007MLpj/myenv/lib/python3.10/site-packages/airflow/example_dags/subdags/subdag.py
[2024-10-08T14:53:06.420+0900] {processor.py:927} WARNING - No viable dags retrieved from /Users/alookso/1007MLpj/myenv/lib/python3.10/site-packages/airflow/example_dags/subdags/subdag.py
[2024-10-08T14:53:06.542+0900] {processor.py:208} INFO - Processing /Users/alookso/1007MLpj/myenv/lib/python3.10/site-packages/airflow/example_dags/subdags/subdag.py took 0.130 seconds
[2024-10-08T14:56:14.286+0900] {processor.py:186} INFO - Started process (PID=22622) to work on /Users/alookso/1007MLpj/myenv/lib/python3.10/site-packages/airflow/example_dags/subdags/subdag.py
[2024-10-08T14:56:14.286+0900] {processor.py:914} INFO - Processing file /Users/alookso/1007MLpj/myenv/lib/python3.10/site-packages/airflow/example_dags/subdags/subdag.py for tasks to queue
[2024-10-08T14:56:14.287+0900] {logging_mixin.py:190} INFO - [2024-10-08T14:56:14.287+0900] {dagbag.py:588} INFO - Filling up the DagBag from /Users/alookso/1007MLpj/myenv/lib/python3.10/site-packages/airflow/example_dags/subdags/subdag.py
[2024-10-08T14:56:14.290+0900] {processor.py:927} WARNING - No viable dags retrieved from /Users/alookso/1007MLpj/myenv/lib/python3.10/site-packages/airflow/example_dags/subdags/subdag.py
[2024-10-08T14:56:14.420+0900] {processor.py:208} INFO - Processing /Users/alookso/1007MLpj/myenv/lib/python3.10/site-packages/airflow/example_dags/subdags/subdag.py took 0.140 seconds
[2024-10-08T14:59:21.354+0900] {processor.py:186} INFO - Started process (PID=22726) to work on /Users/alookso/1007MLpj/myenv/lib/python3.10/site-packages/airflow/example_dags/subdags/subdag.py
[2024-10-08T14:59:21.355+0900] {processor.py:914} INFO - Processing file /Users/alookso/1007MLpj/myenv/lib/python3.10/site-packages/airflow/example_dags/subdags/subdag.py for tasks to queue
[2024-10-08T14:59:21.355+0900] {logging_mixin.py:190} INFO - [2024-10-08T14:59:21.355+0900] {dagbag.py:588} INFO - Filling up the DagBag from /Users/alookso/1007MLpj/myenv/lib/python3.10/site-packages/airflow/example_dags/subdags/subdag.py
[2024-10-08T14:59:21.358+0900] {processor.py:927} WARNING - No viable dags retrieved from /Users/alookso/1007MLpj/myenv/lib/python3.10/site-packages/airflow/example_dags/subdags/subdag.py
[2024-10-08T14:59:21.479+0900] {processor.py:208} INFO - Processing /Users/alookso/1007MLpj/myenv/lib/python3.10/site-packages/airflow/example_dags/subdags/subdag.py took 0.130 seconds
[2024-10-08T15:02:32.820+0900] {processor.py:186} INFO - Started process (PID=22820) to work on /Users/alookso/1007MLpj/myenv/lib/python3.10/site-packages/airflow/example_dags/subdags/subdag.py
[2024-10-08T15:02:32.821+0900] {processor.py:914} INFO - Processing file /Users/alookso/1007MLpj/myenv/lib/python3.10/site-packages/airflow/example_dags/subdags/subdag.py for tasks to queue
[2024-10-08T15:02:32.822+0900] {logging_mixin.py:190} INFO - [2024-10-08T15:02:32.822+0900] {dagbag.py:588} INFO - Filling up the DagBag from /Users/alookso/1007MLpj/myenv/lib/python3.10/site-packages/airflow/example_dags/subdags/subdag.py
[2024-10-08T15:02:32.825+0900] {processor.py:927} WARNING - No viable dags retrieved from /Users/alookso/1007MLpj/myenv/lib/python3.10/site-packages/airflow/example_dags/subdags/subdag.py
[2024-10-08T15:02:32.947+0900] {processor.py:208} INFO - Processing /Users/alookso/1007MLpj/myenv/lib/python3.10/site-packages/airflow/example_dags/subdags/subdag.py took 0.132 seconds
[2024-10-08T15:05:37.292+0900] {processor.py:186} INFO - Started process (PID=22902) to work on /Users/alookso/1007MLpj/myenv/lib/python3.10/site-packages/airflow/example_dags/subdags/subdag.py
[2024-10-08T15:05:37.293+0900] {processor.py:914} INFO - Processing file /Users/alookso/1007MLpj/myenv/lib/python3.10/site-packages/airflow/example_dags/subdags/subdag.py for tasks to queue
[2024-10-08T15:05:37.294+0900] {logging_mixin.py:190} INFO - [2024-10-08T15:05:37.294+0900] {dagbag.py:588} INFO - Filling up the DagBag from /Users/alookso/1007MLpj/myenv/lib/python3.10/site-packages/airflow/example_dags/subdags/subdag.py
[2024-10-08T15:05:37.296+0900] {processor.py:927} WARNING - No viable dags retrieved from /Users/alookso/1007MLpj/myenv/lib/python3.10/site-packages/airflow/example_dags/subdags/subdag.py
[2024-10-08T15:05:37.423+0900] {processor.py:208} INFO - Processing /Users/alookso/1007MLpj/myenv/lib/python3.10/site-packages/airflow/example_dags/subdags/subdag.py took 0.135 seconds
[2024-10-08T15:08:44.140+0900] {processor.py:186} INFO - Started process (PID=23022) to work on /Users/alookso/1007MLpj/myenv/lib/python3.10/site-packages/airflow/example_dags/subdags/subdag.py
[2024-10-08T15:08:44.141+0900] {processor.py:914} INFO - Processing file /Users/alookso/1007MLpj/myenv/lib/python3.10/site-packages/airflow/example_dags/subdags/subdag.py for tasks to queue
[2024-10-08T15:08:44.141+0900] {logging_mixin.py:190} INFO - [2024-10-08T15:08:44.141+0900] {dagbag.py:588} INFO - Filling up the DagBag from /Users/alookso/1007MLpj/myenv/lib/python3.10/site-packages/airflow/example_dags/subdags/subdag.py
[2024-10-08T15:08:44.144+0900] {processor.py:927} WARNING - No viable dags retrieved from /Users/alookso/1007MLpj/myenv/lib/python3.10/site-packages/airflow/example_dags/subdags/subdag.py
[2024-10-08T15:08:44.262+0900] {processor.py:208} INFO - Processing /Users/alookso/1007MLpj/myenv/lib/python3.10/site-packages/airflow/example_dags/subdags/subdag.py took 0.126 seconds
[2024-10-08T15:11:43.914+0900] {processor.py:186} INFO - Started process (PID=23121) to work on /Users/alookso/1007MLpj/myenv/lib/python3.10/site-packages/airflow/example_dags/subdags/subdag.py
[2024-10-08T15:11:43.915+0900] {processor.py:914} INFO - Processing file /Users/alookso/1007MLpj/myenv/lib/python3.10/site-packages/airflow/example_dags/subdags/subdag.py for tasks to queue
[2024-10-08T15:11:43.916+0900] {logging_mixin.py:190} INFO - [2024-10-08T15:11:43.915+0900] {dagbag.py:588} INFO - Filling up the DagBag from /Users/alookso/1007MLpj/myenv/lib/python3.10/site-packages/airflow/example_dags/subdags/subdag.py
[2024-10-08T15:11:43.918+0900] {processor.py:927} WARNING - No viable dags retrieved from /Users/alookso/1007MLpj/myenv/lib/python3.10/site-packages/airflow/example_dags/subdags/subdag.py
[2024-10-08T15:11:44.039+0900] {processor.py:208} INFO - Processing /Users/alookso/1007MLpj/myenv/lib/python3.10/site-packages/airflow/example_dags/subdags/subdag.py took 0.129 seconds
[2024-10-08T15:14:41.384+0900] {processor.py:186} INFO - Started process (PID=23201) to work on /Users/alookso/1007MLpj/myenv/lib/python3.10/site-packages/airflow/example_dags/subdags/subdag.py
[2024-10-08T15:14:41.385+0900] {processor.py:914} INFO - Processing file /Users/alookso/1007MLpj/myenv/lib/python3.10/site-packages/airflow/example_dags/subdags/subdag.py for tasks to queue
[2024-10-08T15:14:41.385+0900] {logging_mixin.py:190} INFO - [2024-10-08T15:14:41.385+0900] {dagbag.py:588} INFO - Filling up the DagBag from /Users/alookso/1007MLpj/myenv/lib/python3.10/site-packages/airflow/example_dags/subdags/subdag.py
[2024-10-08T15:14:41.388+0900] {processor.py:927} WARNING - No viable dags retrieved from /Users/alookso/1007MLpj/myenv/lib/python3.10/site-packages/airflow/example_dags/subdags/subdag.py
[2024-10-08T15:14:41.507+0900] {processor.py:208} INFO - Processing /Users/alookso/1007MLpj/myenv/lib/python3.10/site-packages/airflow/example_dags/subdags/subdag.py took 0.129 seconds
[2024-10-08T15:17:47.082+0900] {processor.py:186} INFO - Started process (PID=23293) to work on /Users/alookso/1007MLpj/myenv/lib/python3.10/site-packages/airflow/example_dags/subdags/subdag.py
[2024-10-08T15:17:47.083+0900] {processor.py:914} INFO - Processing file /Users/alookso/1007MLpj/myenv/lib/python3.10/site-packages/airflow/example_dags/subdags/subdag.py for tasks to queue
[2024-10-08T15:17:47.084+0900] {logging_mixin.py:190} INFO - [2024-10-08T15:17:47.084+0900] {dagbag.py:588} INFO - Filling up the DagBag from /Users/alookso/1007MLpj/myenv/lib/python3.10/site-packages/airflow/example_dags/subdags/subdag.py
[2024-10-08T15:17:47.086+0900] {processor.py:927} WARNING - No viable dags retrieved from /Users/alookso/1007MLpj/myenv/lib/python3.10/site-packages/airflow/example_dags/subdags/subdag.py
[2024-10-08T15:17:47.218+0900] {processor.py:208} INFO - Processing /Users/alookso/1007MLpj/myenv/lib/python3.10/site-packages/airflow/example_dags/subdags/subdag.py took 0.143 seconds
[2024-10-08T15:20:57.065+0900] {processor.py:186} INFO - Started process (PID=23389) to work on /Users/alookso/1007MLpj/myenv/lib/python3.10/site-packages/airflow/example_dags/subdags/subdag.py
[2024-10-08T15:20:57.066+0900] {processor.py:914} INFO - Processing file /Users/alookso/1007MLpj/myenv/lib/python3.10/site-packages/airflow/example_dags/subdags/subdag.py for tasks to queue
[2024-10-08T15:20:57.067+0900] {logging_mixin.py:190} INFO - [2024-10-08T15:20:57.067+0900] {dagbag.py:588} INFO - Filling up the DagBag from /Users/alookso/1007MLpj/myenv/lib/python3.10/site-packages/airflow/example_dags/subdags/subdag.py
[2024-10-08T15:20:57.069+0900] {processor.py:927} WARNING - No viable dags retrieved from /Users/alookso/1007MLpj/myenv/lib/python3.10/site-packages/airflow/example_dags/subdags/subdag.py
[2024-10-08T15:20:57.194+0900] {processor.py:208} INFO - Processing /Users/alookso/1007MLpj/myenv/lib/python3.10/site-packages/airflow/example_dags/subdags/subdag.py took 0.134 seconds
[2024-10-08T15:24:02.270+0900] {processor.py:186} INFO - Started process (PID=23485) to work on /Users/alookso/1007MLpj/myenv/lib/python3.10/site-packages/airflow/example_dags/subdags/subdag.py
[2024-10-08T15:24:02.270+0900] {processor.py:914} INFO - Processing file /Users/alookso/1007MLpj/myenv/lib/python3.10/site-packages/airflow/example_dags/subdags/subdag.py for tasks to queue
[2024-10-08T15:24:02.271+0900] {logging_mixin.py:190} INFO - [2024-10-08T15:24:02.271+0900] {dagbag.py:588} INFO - Filling up the DagBag from /Users/alookso/1007MLpj/myenv/lib/python3.10/site-packages/airflow/example_dags/subdags/subdag.py
[2024-10-08T15:24:02.273+0900] {processor.py:927} WARNING - No viable dags retrieved from /Users/alookso/1007MLpj/myenv/lib/python3.10/site-packages/airflow/example_dags/subdags/subdag.py
[2024-10-08T15:24:02.392+0900] {processor.py:208} INFO - Processing /Users/alookso/1007MLpj/myenv/lib/python3.10/site-packages/airflow/example_dags/subdags/subdag.py took 0.127 seconds
[2024-10-08T15:27:03.857+0900] {processor.py:186} INFO - Started process (PID=23566) to work on /Users/alookso/1007MLpj/myenv/lib/python3.10/site-packages/airflow/example_dags/subdags/subdag.py
[2024-10-08T15:27:03.858+0900] {processor.py:914} INFO - Processing file /Users/alookso/1007MLpj/myenv/lib/python3.10/site-packages/airflow/example_dags/subdags/subdag.py for tasks to queue
[2024-10-08T15:27:03.859+0900] {logging_mixin.py:190} INFO - [2024-10-08T15:27:03.859+0900] {dagbag.py:588} INFO - Filling up the DagBag from /Users/alookso/1007MLpj/myenv/lib/python3.10/site-packages/airflow/example_dags/subdags/subdag.py
[2024-10-08T15:27:03.861+0900] {processor.py:927} WARNING - No viable dags retrieved from /Users/alookso/1007MLpj/myenv/lib/python3.10/site-packages/airflow/example_dags/subdags/subdag.py
[2024-10-08T15:27:03.987+0900] {processor.py:208} INFO - Processing /Users/alookso/1007MLpj/myenv/lib/python3.10/site-packages/airflow/example_dags/subdags/subdag.py took 0.136 seconds
[2024-10-08T15:30:06.545+0900] {processor.py:186} INFO - Started process (PID=23695) to work on /Users/alookso/1007MLpj/myenv/lib/python3.10/site-packages/airflow/example_dags/subdags/subdag.py
[2024-10-08T15:30:06.546+0900] {processor.py:914} INFO - Processing file /Users/alookso/1007MLpj/myenv/lib/python3.10/site-packages/airflow/example_dags/subdags/subdag.py for tasks to queue
[2024-10-08T15:30:06.547+0900] {logging_mixin.py:190} INFO - [2024-10-08T15:30:06.546+0900] {dagbag.py:588} INFO - Filling up the DagBag from /Users/alookso/1007MLpj/myenv/lib/python3.10/site-packages/airflow/example_dags/subdags/subdag.py
[2024-10-08T15:30:06.549+0900] {processor.py:927} WARNING - No viable dags retrieved from /Users/alookso/1007MLpj/myenv/lib/python3.10/site-packages/airflow/example_dags/subdags/subdag.py
[2024-10-08T15:30:06.669+0900] {processor.py:208} INFO - Processing /Users/alookso/1007MLpj/myenv/lib/python3.10/site-packages/airflow/example_dags/subdags/subdag.py took 0.128 seconds
[2024-10-08T15:33:06.478+0900] {processor.py:186} INFO - Started process (PID=23792) to work on /Users/alookso/1007MLpj/myenv/lib/python3.10/site-packages/airflow/example_dags/subdags/subdag.py
[2024-10-08T15:33:06.479+0900] {processor.py:914} INFO - Processing file /Users/alookso/1007MLpj/myenv/lib/python3.10/site-packages/airflow/example_dags/subdags/subdag.py for tasks to queue
[2024-10-08T15:33:06.479+0900] {logging_mixin.py:190} INFO - [2024-10-08T15:33:06.479+0900] {dagbag.py:588} INFO - Filling up the DagBag from /Users/alookso/1007MLpj/myenv/lib/python3.10/site-packages/airflow/example_dags/subdags/subdag.py
[2024-10-08T15:33:06.482+0900] {processor.py:927} WARNING - No viable dags retrieved from /Users/alookso/1007MLpj/myenv/lib/python3.10/site-packages/airflow/example_dags/subdags/subdag.py
[2024-10-08T15:33:06.603+0900] {processor.py:208} INFO - Processing /Users/alookso/1007MLpj/myenv/lib/python3.10/site-packages/airflow/example_dags/subdags/subdag.py took 0.130 seconds
[2024-10-08T15:34:46.714+0900] {processor.py:186} INFO - Started process (PID=23866) to work on /Users/alookso/1007MLpj/myenv/lib/python3.10/site-packages/airflow/example_dags/subdags/subdag.py
[2024-10-08T15:34:46.714+0900] {processor.py:914} INFO - Processing file /Users/alookso/1007MLpj/myenv/lib/python3.10/site-packages/airflow/example_dags/subdags/subdag.py for tasks to queue
[2024-10-08T15:34:46.715+0900] {logging_mixin.py:190} INFO - [2024-10-08T15:34:46.715+0900] {dagbag.py:588} INFO - Filling up the DagBag from /Users/alookso/1007MLpj/myenv/lib/python3.10/site-packages/airflow/example_dags/subdags/subdag.py
[2024-10-08T15:34:46.717+0900] {processor.py:927} WARNING - No viable dags retrieved from /Users/alookso/1007MLpj/myenv/lib/python3.10/site-packages/airflow/example_dags/subdags/subdag.py
[2024-10-08T15:34:46.841+0900] {processor.py:208} INFO - Processing /Users/alookso/1007MLpj/myenv/lib/python3.10/site-packages/airflow/example_dags/subdags/subdag.py took 0.132 seconds
[2024-10-08T15:37:52.150+0900] {processor.py:186} INFO - Started process (PID=23985) to work on /Users/alookso/1007MLpj/myenv/lib/python3.10/site-packages/airflow/example_dags/subdags/subdag.py
[2024-10-08T15:37:52.151+0900] {processor.py:914} INFO - Processing file /Users/alookso/1007MLpj/myenv/lib/python3.10/site-packages/airflow/example_dags/subdags/subdag.py for tasks to queue
[2024-10-08T15:37:52.152+0900] {logging_mixin.py:190} INFO - [2024-10-08T15:37:52.152+0900] {dagbag.py:588} INFO - Filling up the DagBag from /Users/alookso/1007MLpj/myenv/lib/python3.10/site-packages/airflow/example_dags/subdags/subdag.py
[2024-10-08T15:37:52.154+0900] {processor.py:927} WARNING - No viable dags retrieved from /Users/alookso/1007MLpj/myenv/lib/python3.10/site-packages/airflow/example_dags/subdags/subdag.py
[2024-10-08T15:37:52.276+0900] {processor.py:208} INFO - Processing /Users/alookso/1007MLpj/myenv/lib/python3.10/site-packages/airflow/example_dags/subdags/subdag.py took 0.132 seconds
[2024-10-08T16:35:27.487+0900] {processor.py:186} INFO - Started process (PID=24945) to work on /Users/alookso/1007MLpj/myenv/lib/python3.10/site-packages/airflow/example_dags/subdags/subdag.py
[2024-10-08T16:35:27.488+0900] {processor.py:914} INFO - Processing file /Users/alookso/1007MLpj/myenv/lib/python3.10/site-packages/airflow/example_dags/subdags/subdag.py for tasks to queue
[2024-10-08T16:35:27.489+0900] {logging_mixin.py:190} INFO - [2024-10-08T16:35:27.489+0900] {dagbag.py:588} INFO - Filling up the DagBag from /Users/alookso/1007MLpj/myenv/lib/python3.10/site-packages/airflow/example_dags/subdags/subdag.py
[2024-10-08T16:35:27.491+0900] {processor.py:927} WARNING - No viable dags retrieved from /Users/alookso/1007MLpj/myenv/lib/python3.10/site-packages/airflow/example_dags/subdags/subdag.py
[2024-10-08T16:35:27.615+0900] {processor.py:208} INFO - Processing /Users/alookso/1007MLpj/myenv/lib/python3.10/site-packages/airflow/example_dags/subdags/subdag.py took 0.132 seconds
[2024-10-08T16:39:01.895+0900] {processor.py:186} INFO - Started process (PID=25115) to work on /Users/alookso/1007MLpj/myenv/lib/python3.10/site-packages/airflow/example_dags/subdags/subdag.py
[2024-10-08T16:39:01.896+0900] {processor.py:914} INFO - Processing file /Users/alookso/1007MLpj/myenv/lib/python3.10/site-packages/airflow/example_dags/subdags/subdag.py for tasks to queue
[2024-10-08T16:39:01.896+0900] {logging_mixin.py:190} INFO - [2024-10-08T16:39:01.896+0900] {dagbag.py:588} INFO - Filling up the DagBag from /Users/alookso/1007MLpj/myenv/lib/python3.10/site-packages/airflow/example_dags/subdags/subdag.py
[2024-10-08T16:39:01.898+0900] {processor.py:927} WARNING - No viable dags retrieved from /Users/alookso/1007MLpj/myenv/lib/python3.10/site-packages/airflow/example_dags/subdags/subdag.py
[2024-10-08T16:39:02.020+0900] {processor.py:208} INFO - Processing /Users/alookso/1007MLpj/myenv/lib/python3.10/site-packages/airflow/example_dags/subdags/subdag.py took 0.129 seconds
[2024-10-08T16:50:12.416+0900] {processor.py:186} INFO - Started process (PID=25607) to work on /Users/alookso/1007MLpj/myenv/lib/python3.10/site-packages/airflow/example_dags/subdags/subdag.py
[2024-10-08T16:50:12.417+0900] {processor.py:914} INFO - Processing file /Users/alookso/1007MLpj/myenv/lib/python3.10/site-packages/airflow/example_dags/subdags/subdag.py for tasks to queue
[2024-10-08T16:50:12.418+0900] {logging_mixin.py:190} INFO - [2024-10-08T16:50:12.418+0900] {dagbag.py:588} INFO - Filling up the DagBag from /Users/alookso/1007MLpj/myenv/lib/python3.10/site-packages/airflow/example_dags/subdags/subdag.py
[2024-10-08T16:50:12.420+0900] {processor.py:927} WARNING - No viable dags retrieved from /Users/alookso/1007MLpj/myenv/lib/python3.10/site-packages/airflow/example_dags/subdags/subdag.py
[2024-10-08T16:50:12.543+0900] {processor.py:208} INFO - Processing /Users/alookso/1007MLpj/myenv/lib/python3.10/site-packages/airflow/example_dags/subdags/subdag.py took 0.133 seconds
[2024-10-08T17:26:57.418+0900] {processor.py:186} INFO - Started process (PID=26309) to work on /Users/alookso/1007MLpj/myenv/lib/python3.10/site-packages/airflow/example_dags/subdags/subdag.py
[2024-10-08T17:26:57.419+0900] {processor.py:914} INFO - Processing file /Users/alookso/1007MLpj/myenv/lib/python3.10/site-packages/airflow/example_dags/subdags/subdag.py for tasks to queue
[2024-10-08T17:26:57.420+0900] {logging_mixin.py:190} INFO - [2024-10-08T17:26:57.419+0900] {dagbag.py:588} INFO - Filling up the DagBag from /Users/alookso/1007MLpj/myenv/lib/python3.10/site-packages/airflow/example_dags/subdags/subdag.py
[2024-10-08T17:26:57.422+0900] {processor.py:927} WARNING - No viable dags retrieved from /Users/alookso/1007MLpj/myenv/lib/python3.10/site-packages/airflow/example_dags/subdags/subdag.py
[2024-10-08T17:26:57.547+0900] {processor.py:208} INFO - Processing /Users/alookso/1007MLpj/myenv/lib/python3.10/site-packages/airflow/example_dags/subdags/subdag.py took 0.135 seconds
[2024-10-08T17:30:44.765+0900] {processor.py:186} INFO - Started process (PID=26499) to work on /Users/alookso/1007MLpj/myenv/lib/python3.10/site-packages/airflow/example_dags/subdags/subdag.py
[2024-10-08T17:30:44.766+0900] {processor.py:914} INFO - Processing file /Users/alookso/1007MLpj/myenv/lib/python3.10/site-packages/airflow/example_dags/subdags/subdag.py for tasks to queue
[2024-10-08T17:30:44.767+0900] {logging_mixin.py:190} INFO - [2024-10-08T17:30:44.767+0900] {dagbag.py:588} INFO - Filling up the DagBag from /Users/alookso/1007MLpj/myenv/lib/python3.10/site-packages/airflow/example_dags/subdags/subdag.py
[2024-10-08T17:30:44.770+0900] {processor.py:927} WARNING - No viable dags retrieved from /Users/alookso/1007MLpj/myenv/lib/python3.10/site-packages/airflow/example_dags/subdags/subdag.py
[2024-10-08T17:30:44.905+0900] {processor.py:208} INFO - Processing /Users/alookso/1007MLpj/myenv/lib/python3.10/site-packages/airflow/example_dags/subdags/subdag.py took 0.146 seconds
[2024-10-08T17:41:51.152+0900] {processor.py:186} INFO - Started process (PID=26859) to work on /Users/alookso/1007MLpj/myenv/lib/python3.10/site-packages/airflow/example_dags/subdags/subdag.py
[2024-10-08T17:41:51.153+0900] {processor.py:914} INFO - Processing file /Users/alookso/1007MLpj/myenv/lib/python3.10/site-packages/airflow/example_dags/subdags/subdag.py for tasks to queue
[2024-10-08T17:41:51.154+0900] {logging_mixin.py:190} INFO - [2024-10-08T17:41:51.153+0900] {dagbag.py:588} INFO - Filling up the DagBag from /Users/alookso/1007MLpj/myenv/lib/python3.10/site-packages/airflow/example_dags/subdags/subdag.py
[2024-10-08T17:41:51.156+0900] {processor.py:927} WARNING - No viable dags retrieved from /Users/alookso/1007MLpj/myenv/lib/python3.10/site-packages/airflow/example_dags/subdags/subdag.py
[2024-10-08T17:41:51.274+0900] {processor.py:208} INFO - Processing /Users/alookso/1007MLpj/myenv/lib/python3.10/site-packages/airflow/example_dags/subdags/subdag.py took 0.126 seconds
[2024-10-08T17:54:16.799+0900] {processor.py:186} INFO - Started process (PID=27273) to work on /Users/alookso/1007MLpj/myenv/lib/python3.10/site-packages/airflow/example_dags/subdags/subdag.py
[2024-10-08T17:54:16.800+0900] {processor.py:914} INFO - Processing file /Users/alookso/1007MLpj/myenv/lib/python3.10/site-packages/airflow/example_dags/subdags/subdag.py for tasks to queue
[2024-10-08T17:54:16.801+0900] {logging_mixin.py:190} INFO - [2024-10-08T17:54:16.801+0900] {dagbag.py:588} INFO - Filling up the DagBag from /Users/alookso/1007MLpj/myenv/lib/python3.10/site-packages/airflow/example_dags/subdags/subdag.py
[2024-10-08T17:54:16.803+0900] {processor.py:927} WARNING - No viable dags retrieved from /Users/alookso/1007MLpj/myenv/lib/python3.10/site-packages/airflow/example_dags/subdags/subdag.py
[2024-10-08T17:54:16.921+0900] {processor.py:208} INFO - Processing /Users/alookso/1007MLpj/myenv/lib/python3.10/site-packages/airflow/example_dags/subdags/subdag.py took 0.126 seconds
[2024-10-08T17:57:46.139+0900] {processor.py:186} INFO - Started process (PID=27389) to work on /Users/alookso/1007MLpj/myenv/lib/python3.10/site-packages/airflow/example_dags/subdags/subdag.py
[2024-10-08T17:57:46.140+0900] {processor.py:914} INFO - Processing file /Users/alookso/1007MLpj/myenv/lib/python3.10/site-packages/airflow/example_dags/subdags/subdag.py for tasks to queue
[2024-10-08T17:57:46.141+0900] {logging_mixin.py:190} INFO - [2024-10-08T17:57:46.141+0900] {dagbag.py:588} INFO - Filling up the DagBag from /Users/alookso/1007MLpj/myenv/lib/python3.10/site-packages/airflow/example_dags/subdags/subdag.py
[2024-10-08T17:57:46.143+0900] {processor.py:927} WARNING - No viable dags retrieved from /Users/alookso/1007MLpj/myenv/lib/python3.10/site-packages/airflow/example_dags/subdags/subdag.py
[2024-10-08T17:57:46.268+0900] {processor.py:208} INFO - Processing /Users/alookso/1007MLpj/myenv/lib/python3.10/site-packages/airflow/example_dags/subdags/subdag.py took 0.135 seconds
[2024-10-08T17:58:55.744+0900] {processor.py:186} INFO - Started process (PID=27461) to work on /Users/alookso/1007MLpj/myenv/lib/python3.10/site-packages/airflow/example_dags/subdags/subdag.py
[2024-10-08T17:58:55.745+0900] {processor.py:914} INFO - Processing file /Users/alookso/1007MLpj/myenv/lib/python3.10/site-packages/airflow/example_dags/subdags/subdag.py for tasks to queue
[2024-10-08T17:58:55.746+0900] {logging_mixin.py:190} INFO - [2024-10-08T17:58:55.745+0900] {dagbag.py:588} INFO - Filling up the DagBag from /Users/alookso/1007MLpj/myenv/lib/python3.10/site-packages/airflow/example_dags/subdags/subdag.py
[2024-10-08T17:58:55.748+0900] {processor.py:927} WARNING - No viable dags retrieved from /Users/alookso/1007MLpj/myenv/lib/python3.10/site-packages/airflow/example_dags/subdags/subdag.py
[2024-10-08T17:58:55.871+0900] {processor.py:208} INFO - Processing /Users/alookso/1007MLpj/myenv/lib/python3.10/site-packages/airflow/example_dags/subdags/subdag.py took 0.132 seconds
[2024-10-08T18:02:39.796+0900] {processor.py:186} INFO - Started process (PID=27610) to work on /Users/alookso/1007MLpj/myenv/lib/python3.10/site-packages/airflow/example_dags/subdags/subdag.py
[2024-10-08T18:02:39.797+0900] {processor.py:914} INFO - Processing file /Users/alookso/1007MLpj/myenv/lib/python3.10/site-packages/airflow/example_dags/subdags/subdag.py for tasks to queue
[2024-10-08T18:02:39.798+0900] {logging_mixin.py:190} INFO - [2024-10-08T18:02:39.798+0900] {dagbag.py:588} INFO - Filling up the DagBag from /Users/alookso/1007MLpj/myenv/lib/python3.10/site-packages/airflow/example_dags/subdags/subdag.py
[2024-10-08T18:02:39.800+0900] {processor.py:927} WARNING - No viable dags retrieved from /Users/alookso/1007MLpj/myenv/lib/python3.10/site-packages/airflow/example_dags/subdags/subdag.py
[2024-10-08T18:02:39.917+0900] {processor.py:208} INFO - Processing /Users/alookso/1007MLpj/myenv/lib/python3.10/site-packages/airflow/example_dags/subdags/subdag.py took 0.126 seconds
[2024-10-08T18:05:11.205+0900] {processor.py:186} INFO - Started process (PID=27717) to work on /Users/alookso/1007MLpj/myenv/lib/python3.10/site-packages/airflow/example_dags/subdags/subdag.py
[2024-10-08T18:05:11.206+0900] {processor.py:914} INFO - Processing file /Users/alookso/1007MLpj/myenv/lib/python3.10/site-packages/airflow/example_dags/subdags/subdag.py for tasks to queue
[2024-10-08T18:05:11.207+0900] {logging_mixin.py:190} INFO - [2024-10-08T18:05:11.207+0900] {dagbag.py:588} INFO - Filling up the DagBag from /Users/alookso/1007MLpj/myenv/lib/python3.10/site-packages/airflow/example_dags/subdags/subdag.py
[2024-10-08T18:05:11.209+0900] {processor.py:927} WARNING - No viable dags retrieved from /Users/alookso/1007MLpj/myenv/lib/python3.10/site-packages/airflow/example_dags/subdags/subdag.py
[2024-10-08T18:05:11.331+0900] {processor.py:208} INFO - Processing /Users/alookso/1007MLpj/myenv/lib/python3.10/site-packages/airflow/example_dags/subdags/subdag.py took 0.130 seconds
[2024-10-08T18:08:51.404+0900] {processor.py:186} INFO - Started process (PID=27826) to work on /Users/alookso/1007MLpj/myenv/lib/python3.10/site-packages/airflow/example_dags/subdags/subdag.py
[2024-10-08T18:08:51.405+0900] {processor.py:914} INFO - Processing file /Users/alookso/1007MLpj/myenv/lib/python3.10/site-packages/airflow/example_dags/subdags/subdag.py for tasks to queue
[2024-10-08T18:08:51.405+0900] {logging_mixin.py:190} INFO - [2024-10-08T18:08:51.405+0900] {dagbag.py:588} INFO - Filling up the DagBag from /Users/alookso/1007MLpj/myenv/lib/python3.10/site-packages/airflow/example_dags/subdags/subdag.py
[2024-10-08T18:08:51.408+0900] {processor.py:927} WARNING - No viable dags retrieved from /Users/alookso/1007MLpj/myenv/lib/python3.10/site-packages/airflow/example_dags/subdags/subdag.py
[2024-10-08T18:08:51.527+0900] {processor.py:208} INFO - Processing /Users/alookso/1007MLpj/myenv/lib/python3.10/site-packages/airflow/example_dags/subdags/subdag.py took 0.129 seconds
[2024-10-08T18:12:01.119+0900] {processor.py:186} INFO - Started process (PID=27920) to work on /Users/alookso/1007MLpj/myenv/lib/python3.10/site-packages/airflow/example_dags/subdags/subdag.py
[2024-10-08T18:12:01.120+0900] {processor.py:914} INFO - Processing file /Users/alookso/1007MLpj/myenv/lib/python3.10/site-packages/airflow/example_dags/subdags/subdag.py for tasks to queue
[2024-10-08T18:12:01.121+0900] {logging_mixin.py:190} INFO - [2024-10-08T18:12:01.121+0900] {dagbag.py:588} INFO - Filling up the DagBag from /Users/alookso/1007MLpj/myenv/lib/python3.10/site-packages/airflow/example_dags/subdags/subdag.py
[2024-10-08T18:12:01.123+0900] {processor.py:927} WARNING - No viable dags retrieved from /Users/alookso/1007MLpj/myenv/lib/python3.10/site-packages/airflow/example_dags/subdags/subdag.py
[2024-10-08T18:12:01.246+0900] {processor.py:208} INFO - Processing /Users/alookso/1007MLpj/myenv/lib/python3.10/site-packages/airflow/example_dags/subdags/subdag.py took 0.133 seconds
[2024-10-08T18:15:11.159+0900] {processor.py:186} INFO - Started process (PID=28027) to work on /Users/alookso/1007MLpj/myenv/lib/python3.10/site-packages/airflow/example_dags/subdags/subdag.py
[2024-10-08T18:15:11.160+0900] {processor.py:914} INFO - Processing file /Users/alookso/1007MLpj/myenv/lib/python3.10/site-packages/airflow/example_dags/subdags/subdag.py for tasks to queue
[2024-10-08T18:15:11.161+0900] {logging_mixin.py:190} INFO - [2024-10-08T18:15:11.161+0900] {dagbag.py:588} INFO - Filling up the DagBag from /Users/alookso/1007MLpj/myenv/lib/python3.10/site-packages/airflow/example_dags/subdags/subdag.py
[2024-10-08T18:15:11.163+0900] {processor.py:927} WARNING - No viable dags retrieved from /Users/alookso/1007MLpj/myenv/lib/python3.10/site-packages/airflow/example_dags/subdags/subdag.py
[2024-10-08T18:15:11.287+0900] {processor.py:208} INFO - Processing /Users/alookso/1007MLpj/myenv/lib/python3.10/site-packages/airflow/example_dags/subdags/subdag.py took 0.133 seconds
[2024-10-08T18:18:20.983+0900] {processor.py:186} INFO - Started process (PID=28115) to work on /Users/alookso/1007MLpj/myenv/lib/python3.10/site-packages/airflow/example_dags/subdags/subdag.py
[2024-10-08T18:18:20.984+0900] {processor.py:914} INFO - Processing file /Users/alookso/1007MLpj/myenv/lib/python3.10/site-packages/airflow/example_dags/subdags/subdag.py for tasks to queue
[2024-10-08T18:18:20.985+0900] {logging_mixin.py:190} INFO - [2024-10-08T18:18:20.985+0900] {dagbag.py:588} INFO - Filling up the DagBag from /Users/alookso/1007MLpj/myenv/lib/python3.10/site-packages/airflow/example_dags/subdags/subdag.py
[2024-10-08T18:18:20.987+0900] {processor.py:927} WARNING - No viable dags retrieved from /Users/alookso/1007MLpj/myenv/lib/python3.10/site-packages/airflow/example_dags/subdags/subdag.py
[2024-10-08T18:18:21.110+0900] {processor.py:208} INFO - Processing /Users/alookso/1007MLpj/myenv/lib/python3.10/site-packages/airflow/example_dags/subdags/subdag.py took 0.133 seconds
[2024-10-08T18:21:06.487+0900] {processor.py:186} INFO - Started process (PID=28239) to work on /Users/alookso/1007MLpj/myenv/lib/python3.10/site-packages/airflow/example_dags/subdags/subdag.py
[2024-10-08T18:21:06.488+0900] {processor.py:914} INFO - Processing file /Users/alookso/1007MLpj/myenv/lib/python3.10/site-packages/airflow/example_dags/subdags/subdag.py for tasks to queue
[2024-10-08T18:21:06.489+0900] {logging_mixin.py:190} INFO - [2024-10-08T18:21:06.488+0900] {dagbag.py:588} INFO - Filling up the DagBag from /Users/alookso/1007MLpj/myenv/lib/python3.10/site-packages/airflow/example_dags/subdags/subdag.py
[2024-10-08T18:21:06.491+0900] {processor.py:927} WARNING - No viable dags retrieved from /Users/alookso/1007MLpj/myenv/lib/python3.10/site-packages/airflow/example_dags/subdags/subdag.py
[2024-10-08T18:21:06.614+0900] {processor.py:208} INFO - Processing /Users/alookso/1007MLpj/myenv/lib/python3.10/site-packages/airflow/example_dags/subdags/subdag.py took 0.132 seconds
[2024-10-08T18:27:23.084+0900] {processor.py:186} INFO - Started process (PID=28479) to work on /Users/alookso/1007MLpj/myenv/lib/python3.10/site-packages/airflow/example_dags/subdags/subdag.py
[2024-10-08T18:27:23.085+0900] {processor.py:914} INFO - Processing file /Users/alookso/1007MLpj/myenv/lib/python3.10/site-packages/airflow/example_dags/subdags/subdag.py for tasks to queue
[2024-10-08T18:27:23.086+0900] {logging_mixin.py:190} INFO - [2024-10-08T18:27:23.086+0900] {dagbag.py:588} INFO - Filling up the DagBag from /Users/alookso/1007MLpj/myenv/lib/python3.10/site-packages/airflow/example_dags/subdags/subdag.py
[2024-10-08T18:27:23.088+0900] {processor.py:927} WARNING - No viable dags retrieved from /Users/alookso/1007MLpj/myenv/lib/python3.10/site-packages/airflow/example_dags/subdags/subdag.py
[2024-10-08T18:27:23.210+0900] {processor.py:208} INFO - Processing /Users/alookso/1007MLpj/myenv/lib/python3.10/site-packages/airflow/example_dags/subdags/subdag.py took 0.130 seconds
[2024-10-08T18:31:57.951+0900] {processor.py:186} INFO - Started process (PID=28649) to work on /Users/alookso/1007MLpj/myenv/lib/python3.10/site-packages/airflow/example_dags/subdags/subdag.py
[2024-10-08T18:31:57.952+0900] {processor.py:914} INFO - Processing file /Users/alookso/1007MLpj/myenv/lib/python3.10/site-packages/airflow/example_dags/subdags/subdag.py for tasks to queue
[2024-10-08T18:31:57.953+0900] {logging_mixin.py:190} INFO - [2024-10-08T18:31:57.952+0900] {dagbag.py:588} INFO - Filling up the DagBag from /Users/alookso/1007MLpj/myenv/lib/python3.10/site-packages/airflow/example_dags/subdags/subdag.py
[2024-10-08T18:31:57.955+0900] {processor.py:927} WARNING - No viable dags retrieved from /Users/alookso/1007MLpj/myenv/lib/python3.10/site-packages/airflow/example_dags/subdags/subdag.py
[2024-10-08T18:31:58.079+0900] {processor.py:208} INFO - Processing /Users/alookso/1007MLpj/myenv/lib/python3.10/site-packages/airflow/example_dags/subdags/subdag.py took 0.134 seconds
[2024-10-08T18:34:00.979+0900] {processor.py:186} INFO - Started process (PID=28763) to work on /Users/alookso/1007MLpj/myenv/lib/python3.10/site-packages/airflow/example_dags/subdags/subdag.py
[2024-10-08T18:34:00.979+0900] {processor.py:914} INFO - Processing file /Users/alookso/1007MLpj/myenv/lib/python3.10/site-packages/airflow/example_dags/subdags/subdag.py for tasks to queue
[2024-10-08T18:34:00.980+0900] {logging_mixin.py:190} INFO - [2024-10-08T18:34:00.980+0900] {dagbag.py:588} INFO - Filling up the DagBag from /Users/alookso/1007MLpj/myenv/lib/python3.10/site-packages/airflow/example_dags/subdags/subdag.py
[2024-10-08T18:34:00.982+0900] {processor.py:927} WARNING - No viable dags retrieved from /Users/alookso/1007MLpj/myenv/lib/python3.10/site-packages/airflow/example_dags/subdags/subdag.py
[2024-10-08T18:34:01.105+0900] {processor.py:208} INFO - Processing /Users/alookso/1007MLpj/myenv/lib/python3.10/site-packages/airflow/example_dags/subdags/subdag.py took 0.130 seconds
[2024-10-08T18:40:09.923+0900] {processor.py:186} INFO - Started process (PID=29021) to work on /Users/alookso/1007MLpj/myenv/lib/python3.10/site-packages/airflow/example_dags/subdags/subdag.py
[2024-10-08T18:40:09.924+0900] {processor.py:914} INFO - Processing file /Users/alookso/1007MLpj/myenv/lib/python3.10/site-packages/airflow/example_dags/subdags/subdag.py for tasks to queue
[2024-10-08T18:40:09.925+0900] {logging_mixin.py:190} INFO - [2024-10-08T18:40:09.925+0900] {dagbag.py:588} INFO - Filling up the DagBag from /Users/alookso/1007MLpj/myenv/lib/python3.10/site-packages/airflow/example_dags/subdags/subdag.py
[2024-10-08T18:40:09.927+0900] {processor.py:927} WARNING - No viable dags retrieved from /Users/alookso/1007MLpj/myenv/lib/python3.10/site-packages/airflow/example_dags/subdags/subdag.py
[2024-10-08T18:40:10.048+0900] {processor.py:208} INFO - Processing /Users/alookso/1007MLpj/myenv/lib/python3.10/site-packages/airflow/example_dags/subdags/subdag.py took 0.129 seconds
[2024-10-08T18:45:42.325+0900] {processor.py:186} INFO - Started process (PID=29220) to work on /Users/alookso/1007MLpj/myenv/lib/python3.10/site-packages/airflow/example_dags/subdags/subdag.py
[2024-10-08T18:45:42.326+0900] {processor.py:914} INFO - Processing file /Users/alookso/1007MLpj/myenv/lib/python3.10/site-packages/airflow/example_dags/subdags/subdag.py for tasks to queue
[2024-10-08T18:45:42.328+0900] {logging_mixin.py:190} INFO - [2024-10-08T18:45:42.328+0900] {dagbag.py:588} INFO - Filling up the DagBag from /Users/alookso/1007MLpj/myenv/lib/python3.10/site-packages/airflow/example_dags/subdags/subdag.py
[2024-10-08T18:45:42.332+0900] {processor.py:927} WARNING - No viable dags retrieved from /Users/alookso/1007MLpj/myenv/lib/python3.10/site-packages/airflow/example_dags/subdags/subdag.py
[2024-10-08T18:45:42.458+0900] {processor.py:208} INFO - Processing /Users/alookso/1007MLpj/myenv/lib/python3.10/site-packages/airflow/example_dags/subdags/subdag.py took 0.142 seconds
[2024-10-08T18:54:40.786+0900] {processor.py:186} INFO - Started process (PID=29386) to work on /Users/alookso/1007MLpj/myenv/lib/python3.10/site-packages/airflow/example_dags/subdags/subdag.py
[2024-10-08T18:54:40.787+0900] {processor.py:914} INFO - Processing file /Users/alookso/1007MLpj/myenv/lib/python3.10/site-packages/airflow/example_dags/subdags/subdag.py for tasks to queue
[2024-10-08T18:54:40.788+0900] {logging_mixin.py:190} INFO - [2024-10-08T18:54:40.788+0900] {dagbag.py:588} INFO - Filling up the DagBag from /Users/alookso/1007MLpj/myenv/lib/python3.10/site-packages/airflow/example_dags/subdags/subdag.py
[2024-10-08T18:54:40.790+0900] {processor.py:927} WARNING - No viable dags retrieved from /Users/alookso/1007MLpj/myenv/lib/python3.10/site-packages/airflow/example_dags/subdags/subdag.py
[2024-10-08T18:54:40.914+0900] {processor.py:208} INFO - Processing /Users/alookso/1007MLpj/myenv/lib/python3.10/site-packages/airflow/example_dags/subdags/subdag.py took 0.133 seconds
