[2024-10-10T16:46:38.147+0900] {local_task_job_runner.py:123} INFO - ::group::Pre task execution logs
[2024-10-10T16:46:38.158+0900] {taskinstance.py:2612} INFO - Dependencies all met for dep_context=non-requeueable deps ti=<TaskInstance: handwriting_dag.new_data_sensor manual__2024-10-10T07:46:29.765355+00:00 [queued]>
[2024-10-10T16:46:38.164+0900] {taskinstance.py:2612} INFO - Dependencies all met for dep_context=requeueable deps ti=<TaskInstance: handwriting_dag.new_data_sensor manual__2024-10-10T07:46:29.765355+00:00 [queued]>
[2024-10-10T16:46:38.164+0900] {taskinstance.py:2865} INFO - Starting attempt 1 of 2
[2024-10-10T16:46:38.177+0900] {taskinstance.py:2888} INFO - Executing <Task(FileSensor): new_data_sensor> on 2024-10-10 07:46:29.765355+00:00
[2024-10-10T16:46:38.195+0900] {standard_task_runner.py:72} INFO - Started process 58373 to run task
[2024-10-10T16:46:38.208+0900] {standard_task_runner.py:104} INFO - Running: ['airflow', 'tasks', 'run', 'handwriting_dag', 'new_data_sensor', 'manual__2024-10-10T07:46:29.765355+00:00', '--job-id', '20', '--raw', '--subdir', 'DAGS_FOLDER/model_dag.py', '--cfg-path', '/var/folders/tx/bcbxk5bj33x4r2rt041m7bmr0000gn/T/tmp0ol3ejlm']
[2024-10-10T16:46:38.210+0900] {standard_task_runner.py:105} INFO - Job 20: Subtask new_data_sensor
[2024-10-10T16:46:38.261+0900] {task_command.py:467} INFO - Running <TaskInstance: handwriting_dag.new_data_sensor manual__2024-10-10T07:46:29.765355+00:00 [running]> on host hyowon-kim-macbook-pro.local
[2024-10-10T16:46:38.333+0900] {taskinstance.py:3131} INFO - Exporting env vars: AIRFLOW_CTX_DAG_OWNER='airflow' AIRFLOW_CTX_DAG_ID='handwriting_dag' AIRFLOW_CTX_TASK_ID='new_data_sensor' AIRFLOW_CTX_EXECUTION_DATE='2024-10-10T07:46:29.765355+00:00' AIRFLOW_CTX_TRY_NUMBER='1' AIRFLOW_CTX_DAG_RUN_ID='manual__2024-10-10T07:46:29.765355+00:00'
[2024-10-10T16:46:38.335+0900] {logging_mixin.py:190} INFO - Task instance is in running state
[2024-10-10T16:46:38.335+0900] {logging_mixin.py:190} INFO -  Previous state of the Task instance: queued
[2024-10-10T16:46:38.336+0900] {logging_mixin.py:190} INFO - Current task name:new_data_sensor state:running start_date:2024-10-10 07:46:38.158520+00:00
[2024-10-10T16:46:38.337+0900] {logging_mixin.py:190} INFO - Dag name:handwriting_dag and current dag run status:running
[2024-10-10T16:46:38.337+0900] {taskinstance.py:731} INFO - ::endgroup::
[2024-10-10T16:46:38.338+0900] {baseoperator.py:405} WARNING - FileSensor.execute cannot be called outside TaskInstance!
[2024-10-10T16:46:38.344+0900] {base.py:84} INFO - Retrieving connection 'file_sensor'
[2024-10-10T16:46:38.345+0900] {filesystem.py:109} INFO - Poking for file /Users/alookso/1010LMpj/ml-project-ml-pjt-7/saved_images
[2024-10-10T16:46:38.346+0900] {base.py:336} INFO - Success criteria met. Exiting.
[2024-10-10T16:46:38.347+0900] {filesystem.py:109} INFO - Poking for file /Users/alookso/1010LMpj/ml-project-ml-pjt-7/saved_images
[2024-10-10T16:46:38.352+0900] {taskinstance.py:340} INFO - ::group::Post task execution logs
[2024-10-10T16:46:38.353+0900] {taskinstance.py:352} INFO - Marking task as SUCCESS. dag_id=handwriting_dag, task_id=new_data_sensor, run_id=manual__2024-10-10T07:46:29.765355+00:00, execution_date=20241010T074629, start_date=20241010T074638, end_date=20241010T074638
[2024-10-10T16:46:38.361+0900] {logging_mixin.py:190} INFO - Task instance in success state
[2024-10-10T16:46:38.361+0900] {logging_mixin.py:190} INFO -  Previous state of the Task instance: running
[2024-10-10T16:46:38.362+0900] {logging_mixin.py:190} INFO - Dag name:handwriting_dag queued_at:2024-10-10 07:46:29.780545+00:00
[2024-10-10T16:46:38.362+0900] {logging_mixin.py:190} INFO - Task hostname:hyowon-kim-macbook-pro.local operator:FileSensor
[2024-10-10T16:46:38.390+0900] {local_task_job_runner.py:266} INFO - Task exited with return code 0
[2024-10-10T16:46:38.423+0900] {taskinstance.py:3900} INFO - 1 downstream tasks scheduled from follow-on schedule check
[2024-10-10T16:46:38.424+0900] {local_task_job_runner.py:245} INFO - ::endgroup::
