[2024-10-08T18:54:47.768+0900] {local_task_job_runner.py:123} INFO - ::group::Pre task execution logs
[2024-10-08T18:54:47.780+0900] {taskinstance.py:2612} INFO - Dependencies all met for dep_context=non-requeueable deps ti=<TaskInstance: mnist_model_workflow_2.new_data_sensor scheduled__2024-10-08T09:45:00+00:00 [queued]>
[2024-10-08T18:54:47.786+0900] {taskinstance.py:2612} INFO - Dependencies all met for dep_context=requeueable deps ti=<TaskInstance: mnist_model_workflow_2.new_data_sensor scheduled__2024-10-08T09:45:00+00:00 [queued]>
[2024-10-08T18:54:47.786+0900] {taskinstance.py:2865} INFO - Starting attempt 1 of 2
[2024-10-08T18:54:47.799+0900] {taskinstance.py:2888} INFO - Executing <Task(FileSensor): new_data_sensor> on 2024-10-08 09:45:00+00:00
[2024-10-08T18:54:47.813+0900] {standard_task_runner.py:72} INFO - Started process 29390 to run task
[2024-10-08T18:54:47.825+0900] {standard_task_runner.py:104} INFO - Running: ['airflow', 'tasks', 'run', 'mnist_model_workflow_2', 'new_data_sensor', 'scheduled__2024-10-08T09:45:00+00:00', '--job-id', '28', '--raw', '--subdir', 'DAGS_FOLDER/mnist_model_dag22.py', '--cfg-path', '/var/folders/tx/bcbxk5bj33x4r2rt041m7bmr0000gn/T/tmpo74768ra']
[2024-10-08T18:54:47.827+0900] {standard_task_runner.py:105} INFO - Job 28: Subtask new_data_sensor
[2024-10-08T18:54:47.887+0900] {task_command.py:467} INFO - Running <TaskInstance: mnist_model_workflow_2.new_data_sensor scheduled__2024-10-08T09:45:00+00:00 [running]> on host hyowon-kim-macbook-pro.local
[2024-10-08T18:54:47.955+0900] {taskinstance.py:3131} INFO - Exporting env vars: AIRFLOW_CTX_DAG_OWNER='airflow' AIRFLOW_CTX_DAG_ID='mnist_model_workflow_2' AIRFLOW_CTX_TASK_ID='new_data_sensor' AIRFLOW_CTX_EXECUTION_DATE='2024-10-08T09:45:00+00:00' AIRFLOW_CTX_TRY_NUMBER='1' AIRFLOW_CTX_DAG_RUN_ID='scheduled__2024-10-08T09:45:00+00:00'
[2024-10-08T18:54:47.957+0900] {logging_mixin.py:190} INFO - Task instance is in running state
[2024-10-08T18:54:47.958+0900] {logging_mixin.py:190} INFO -  Previous state of the Task instance: queued
[2024-10-08T18:54:47.958+0900] {logging_mixin.py:190} INFO - Current task name:new_data_sensor state:running start_date:2024-10-08 09:54:47.780553+00:00
[2024-10-08T18:54:47.959+0900] {logging_mixin.py:190} INFO - Dag name:mnist_model_workflow_2 and current dag run status:running
[2024-10-08T18:54:47.959+0900] {taskinstance.py:731} INFO - ::endgroup::
[2024-10-08T18:54:47.960+0900] {baseoperator.py:405} WARNING - FileSensor.execute cannot be called outside TaskInstance!
[2024-10-08T18:54:47.967+0900] {base.py:84} INFO - Retrieving connection 'fs_default'
[2024-10-08T18:54:47.968+0900] {filesystem.py:109} INFO - Poking for file /Users/alookso/1007MLpj/ml-project-ml-pjt-7/uploads/*.png}
[2024-10-08T18:55:47.972+0900] {filesystem.py:109} INFO - Poking for file /Users/alookso/1007MLpj/ml-project-ml-pjt-7/uploads/*.png}
[2024-10-08T18:56:47.976+0900] {filesystem.py:109} INFO - Poking for file /Users/alookso/1007MLpj/ml-project-ml-pjt-7/uploads/*.png}
[2024-10-08T18:57:08.745+0900] {local_task_job_runner.py:346} WARNING - State of this instance has been externally set to skipped. Terminating instance.
[2024-10-08T18:57:08.745+0900] {local_task_job_runner.py:245} INFO - ::endgroup::
[2024-10-08T18:57:08.765+0900] {process_utils.py:132} INFO - Sending Signals.SIGTERM to group 29390. PIDs of all processes in the group: [29390]
[2024-10-08T18:57:08.765+0900] {process_utils.py:87} INFO - Sending the signal Signals.SIGTERM to group 29390
[2024-10-08T18:57:08.765+0900] {taskinstance.py:3092} ERROR - Received SIGTERM. Terminating subprocesses.
[2024-10-08T18:57:08.777+0900] {taskinstance.py:340} INFO - ::group::Post task execution logs
[2024-10-08T18:57:08.792+0900] {process_utils.py:80} INFO - Process psutil.Process(pid=29390, status='terminated', exitcode=0, started='18:54:47') (29390) terminated with exit code 0
