[2024-10-10T16:19:43.350+0900] {local_task_job_runner.py:123} INFO - ::group::Pre task execution logs
[2024-10-10T16:19:43.368+0900] {taskinstance.py:2612} INFO - Dependencies all met for dep_context=non-requeueable deps ti=<TaskInstance: handwriting_dag.preprocessing_new_data manual__2024-10-10T07:19:21.406122+00:00 [queued]>
[2024-10-10T16:19:43.376+0900] {taskinstance.py:2612} INFO - Dependencies all met for dep_context=requeueable deps ti=<TaskInstance: handwriting_dag.preprocessing_new_data manual__2024-10-10T07:19:21.406122+00:00 [queued]>
[2024-10-10T16:19:43.377+0900] {taskinstance.py:2865} INFO - Starting attempt 1 of 2
[2024-10-10T16:19:43.390+0900] {taskinstance.py:2888} INFO - Executing <Task(PythonOperator): preprocessing_new_data> on 2024-10-10 07:19:21.406122+00:00
[2024-10-10T16:19:43.408+0900] {standard_task_runner.py:72} INFO - Started process 57396 to run task
[2024-10-10T16:19:43.421+0900] {standard_task_runner.py:104} INFO - Running: ['airflow', 'tasks', 'run', 'handwriting_dag', 'preprocessing_new_data', 'manual__2024-10-10T07:19:21.406122+00:00', '--job-id', '11', '--raw', '--subdir', 'DAGS_FOLDER/model_dag.py', '--cfg-path', '/var/folders/tx/bcbxk5bj33x4r2rt041m7bmr0000gn/T/tmppjxi5c3_']
[2024-10-10T16:19:43.423+0900] {standard_task_runner.py:105} INFO - Job 11: Subtask preprocessing_new_data
[2024-10-10T16:19:43.482+0900] {task_command.py:467} INFO - Running <TaskInstance: handwriting_dag.preprocessing_new_data manual__2024-10-10T07:19:21.406122+00:00 [running]> on host hyowon-kim-macbook-pro.local
[2024-10-10T16:19:43.547+0900] {taskinstance.py:3131} INFO - Exporting env vars: AIRFLOW_CTX_DAG_OWNER='airflow' AIRFLOW_CTX_DAG_ID='handwriting_dag' AIRFLOW_CTX_TASK_ID='preprocessing_new_data' AIRFLOW_CTX_EXECUTION_DATE='2024-10-10T07:19:21.406122+00:00' AIRFLOW_CTX_TRY_NUMBER='1' AIRFLOW_CTX_DAG_RUN_ID='manual__2024-10-10T07:19:21.406122+00:00'
[2024-10-10T16:19:43.549+0900] {logging_mixin.py:190} INFO - Task instance is in running state
[2024-10-10T16:19:43.550+0900] {logging_mixin.py:190} INFO -  Previous state of the Task instance: queued
[2024-10-10T16:19:43.550+0900] {logging_mixin.py:190} INFO - Current task name:preprocessing_new_data state:running start_date:2024-10-10 07:19:43.369009+00:00
[2024-10-10T16:19:43.551+0900] {logging_mixin.py:190} INFO - Dag name:handwriting_dag and current dag run status:running
[2024-10-10T16:19:43.552+0900] {taskinstance.py:731} INFO - ::endgroup::
[2024-10-10T16:19:43.575+0900] {model_dag.py:62} ERROR - Error processing 5.png: pic should be PIL Image or ndarray. Got <class 'torch.Tensor'>
[2024-10-10T16:19:43.576+0900] {model_dag.py:62} ERROR - Error processing 2.png: pic should be PIL Image or ndarray. Got <class 'torch.Tensor'>
[2024-10-10T16:19:43.578+0900] {model_dag.py:62} ERROR - Error processing 3.png: pic should be PIL Image or ndarray. Got <class 'torch.Tensor'>
[2024-10-10T16:19:43.579+0900] {model_dag.py:62} ERROR - Error processing 1.png: pic should be PIL Image or ndarray. Got <class 'torch.Tensor'>
[2024-10-10T16:19:43.579+0900] {model_dag.py:70} WARNING - No new images processed
[2024-10-10T16:19:43.580+0900] {python.py:240} INFO - Done. Returned value was: (None, None)
[2024-10-10T16:19:43.597+0900] {taskinstance.py:340} INFO - ::group::Post task execution logs
[2024-10-10T16:19:43.598+0900] {taskinstance.py:352} INFO - Marking task as SUCCESS. dag_id=handwriting_dag, task_id=preprocessing_new_data, run_id=manual__2024-10-10T07:19:21.406122+00:00, execution_date=20241010T071921, start_date=20241010T071943, end_date=20241010T071943
[2024-10-10T16:19:43.606+0900] {logging_mixin.py:190} INFO - Task instance in success state
[2024-10-10T16:19:43.606+0900] {logging_mixin.py:190} INFO -  Previous state of the Task instance: running
[2024-10-10T16:19:43.607+0900] {logging_mixin.py:190} INFO - Dag name:handwriting_dag queued_at:2024-10-10 07:19:21.422642+00:00
[2024-10-10T16:19:43.607+0900] {logging_mixin.py:190} INFO - Task hostname:hyowon-kim-macbook-pro.local operator:PythonOperator
[2024-10-10T16:19:43.643+0900] {local_task_job_runner.py:266} INFO - Task exited with return code 0
[2024-10-10T16:19:43.659+0900] {taskinstance.py:3900} INFO - 0 downstream tasks scheduled from follow-on schedule check
[2024-10-10T16:19:43.660+0900] {local_task_job_runner.py:245} INFO - ::endgroup::
