[2024-10-10T15:33:12.235+0900] {processor.py:186} INFO - Started process (PID=56057) to work on /Users/alookso/1007MLpj/myenv/lib/python3.10/site-packages/airflow/example_dags/example_short_circuit_operator.py
[2024-10-10T15:33:12.236+0900] {processor.py:914} INFO - Processing file /Users/alookso/1007MLpj/myenv/lib/python3.10/site-packages/airflow/example_dags/example_short_circuit_operator.py for tasks to queue
[2024-10-10T15:33:12.237+0900] {logging_mixin.py:190} INFO - [2024-10-10T15:33:12.237+0900] {dagbag.py:588} INFO - Filling up the DagBag from /Users/alookso/1007MLpj/myenv/lib/python3.10/site-packages/airflow/example_dags/example_short_circuit_operator.py
[2024-10-10T15:33:12.268+0900] {processor.py:925} INFO - DAG(s) 'example_short_circuit_operator' retrieved from /Users/alookso/1007MLpj/myenv/lib/python3.10/site-packages/airflow/example_dags/example_short_circuit_operator.py
[2024-10-10T15:33:12.511+0900] {logging_mixin.py:190} INFO - [2024-10-10T15:33:12.511+0900] {override.py:1901} INFO - Created Permission View: can edit on DAG:example_short_circuit_operator
[2024-10-10T15:33:12.522+0900] {logging_mixin.py:190} INFO - [2024-10-10T15:33:12.521+0900] {override.py:1901} INFO - Created Permission View: can read on DAG:example_short_circuit_operator
[2024-10-10T15:33:12.529+0900] {logging_mixin.py:190} INFO - [2024-10-10T15:33:12.529+0900] {override.py:1901} INFO - Created Permission View: can delete on DAG:example_short_circuit_operator
[2024-10-10T15:33:12.539+0900] {logging_mixin.py:190} INFO - [2024-10-10T15:33:12.539+0900] {override.py:1901} INFO - Created Permission View: can read on DAG Run:example_short_circuit_operator
[2024-10-10T15:33:12.548+0900] {logging_mixin.py:190} INFO - [2024-10-10T15:33:12.548+0900] {override.py:1901} INFO - Created Permission View: menu access on DAG Run:example_short_circuit_operator
[2024-10-10T15:33:12.555+0900] {logging_mixin.py:190} INFO - [2024-10-10T15:33:12.555+0900] {override.py:1901} INFO - Created Permission View: can delete on DAG Run:example_short_circuit_operator
[2024-10-10T15:33:12.563+0900] {logging_mixin.py:190} INFO - [2024-10-10T15:33:12.562+0900] {override.py:1901} INFO - Created Permission View: can create on DAG Run:example_short_circuit_operator
[2024-10-10T15:33:12.563+0900] {logging_mixin.py:190} INFO - [2024-10-10T15:33:12.563+0900] {dag.py:3239} INFO - Sync 1 DAGs
[2024-10-10T15:33:12.579+0900] {logging_mixin.py:190} INFO - [2024-10-10T15:33:12.578+0900] {dag.py:3262} INFO - Creating ORM DAG for example_short_circuit_operator
[2024-10-10T15:33:12.579+0900] {logging_mixin.py:190} INFO - [2024-10-10T15:33:12.579+0900] {dag.py:4180} INFO - Setting next_dagrun for example_short_circuit_operator to None, run_after=None
[2024-10-10T15:33:12.601+0900] {processor.py:208} INFO - Processing /Users/alookso/1007MLpj/myenv/lib/python3.10/site-packages/airflow/example_dags/example_short_circuit_operator.py took 0.371 seconds
[2024-10-10T15:37:44.357+0900] {processor.py:186} INFO - Started process (PID=56244) to work on /Users/alookso/1007MLpj/myenv/lib/python3.10/site-packages/airflow/example_dags/example_short_circuit_operator.py
[2024-10-10T15:37:44.358+0900] {processor.py:914} INFO - Processing file /Users/alookso/1007MLpj/myenv/lib/python3.10/site-packages/airflow/example_dags/example_short_circuit_operator.py for tasks to queue
[2024-10-10T15:37:44.359+0900] {logging_mixin.py:190} INFO - [2024-10-10T15:37:44.359+0900] {dagbag.py:588} INFO - Filling up the DagBag from /Users/alookso/1007MLpj/myenv/lib/python3.10/site-packages/airflow/example_dags/example_short_circuit_operator.py
[2024-10-10T15:37:44.389+0900] {processor.py:925} INFO - DAG(s) 'example_short_circuit_operator' retrieved from /Users/alookso/1007MLpj/myenv/lib/python3.10/site-packages/airflow/example_dags/example_short_circuit_operator.py
[2024-10-10T15:37:44.524+0900] {logging_mixin.py:190} INFO - [2024-10-10T15:37:44.523+0900] {dag.py:3239} INFO - Sync 1 DAGs
[2024-10-10T15:37:44.539+0900] {logging_mixin.py:190} INFO - [2024-10-10T15:37:44.538+0900] {dag.py:4180} INFO - Setting next_dagrun for example_short_circuit_operator to None, run_after=None
[2024-10-10T15:37:44.559+0900] {processor.py:208} INFO - Processing /Users/alookso/1007MLpj/myenv/lib/python3.10/site-packages/airflow/example_dags/example_short_circuit_operator.py took 0.207 seconds
[2024-10-10T15:42:22.553+0900] {processor.py:186} INFO - Started process (PID=56444) to work on /Users/alookso/1007MLpj/myenv/lib/python3.10/site-packages/airflow/example_dags/example_short_circuit_operator.py
[2024-10-10T15:42:22.554+0900] {processor.py:914} INFO - Processing file /Users/alookso/1007MLpj/myenv/lib/python3.10/site-packages/airflow/example_dags/example_short_circuit_operator.py for tasks to queue
[2024-10-10T15:42:22.555+0900] {logging_mixin.py:190} INFO - [2024-10-10T15:42:22.555+0900] {dagbag.py:588} INFO - Filling up the DagBag from /Users/alookso/1007MLpj/myenv/lib/python3.10/site-packages/airflow/example_dags/example_short_circuit_operator.py
[2024-10-10T15:42:22.589+0900] {processor.py:925} INFO - DAG(s) 'example_short_circuit_operator' retrieved from /Users/alookso/1007MLpj/myenv/lib/python3.10/site-packages/airflow/example_dags/example_short_circuit_operator.py
[2024-10-10T15:42:22.744+0900] {logging_mixin.py:190} INFO - [2024-10-10T15:42:22.743+0900] {dag.py:3239} INFO - Sync 1 DAGs
[2024-10-10T15:42:22.758+0900] {logging_mixin.py:190} INFO - [2024-10-10T15:42:22.758+0900] {dag.py:4180} INFO - Setting next_dagrun for example_short_circuit_operator to None, run_after=None
[2024-10-10T15:42:22.779+0900] {processor.py:208} INFO - Processing /Users/alookso/1007MLpj/myenv/lib/python3.10/site-packages/airflow/example_dags/example_short_circuit_operator.py took 0.233 seconds
[2024-10-10T15:47:37.563+0900] {processor.py:186} INFO - Started process (PID=56694) to work on /Users/alookso/1007MLpj/myenv/lib/python3.10/site-packages/airflow/example_dags/example_short_circuit_operator.py
[2024-10-10T15:47:37.566+0900] {processor.py:914} INFO - Processing file /Users/alookso/1007MLpj/myenv/lib/python3.10/site-packages/airflow/example_dags/example_short_circuit_operator.py for tasks to queue
[2024-10-10T15:47:37.567+0900] {logging_mixin.py:190} INFO - [2024-10-10T15:47:37.567+0900] {dagbag.py:588} INFO - Filling up the DagBag from /Users/alookso/1007MLpj/myenv/lib/python3.10/site-packages/airflow/example_dags/example_short_circuit_operator.py
[2024-10-10T15:47:37.606+0900] {processor.py:925} INFO - DAG(s) 'example_short_circuit_operator' retrieved from /Users/alookso/1007MLpj/myenv/lib/python3.10/site-packages/airflow/example_dags/example_short_circuit_operator.py
[2024-10-10T15:47:37.779+0900] {logging_mixin.py:190} INFO - [2024-10-10T15:47:37.779+0900] {dag.py:3239} INFO - Sync 1 DAGs
[2024-10-10T15:47:37.797+0900] {logging_mixin.py:190} INFO - [2024-10-10T15:47:37.796+0900] {dag.py:4180} INFO - Setting next_dagrun for example_short_circuit_operator to None, run_after=None
[2024-10-10T15:47:37.823+0900] {processor.py:208} INFO - Processing /Users/alookso/1007MLpj/myenv/lib/python3.10/site-packages/airflow/example_dags/example_short_circuit_operator.py took 0.268 seconds
[2024-10-10T15:51:54.869+0900] {processor.py:186} INFO - Started process (PID=56895) to work on /Users/alookso/1007MLpj/myenv/lib/python3.10/site-packages/airflow/example_dags/example_short_circuit_operator.py
[2024-10-10T15:51:54.870+0900] {processor.py:914} INFO - Processing file /Users/alookso/1007MLpj/myenv/lib/python3.10/site-packages/airflow/example_dags/example_short_circuit_operator.py for tasks to queue
[2024-10-10T15:51:54.871+0900] {logging_mixin.py:190} INFO - [2024-10-10T15:51:54.871+0900] {dagbag.py:588} INFO - Filling up the DagBag from /Users/alookso/1007MLpj/myenv/lib/python3.10/site-packages/airflow/example_dags/example_short_circuit_operator.py
[2024-10-10T15:51:54.901+0900] {processor.py:925} INFO - DAG(s) 'example_short_circuit_operator' retrieved from /Users/alookso/1007MLpj/myenv/lib/python3.10/site-packages/airflow/example_dags/example_short_circuit_operator.py
[2024-10-10T15:51:55.035+0900] {logging_mixin.py:190} INFO - [2024-10-10T15:51:55.034+0900] {dag.py:3239} INFO - Sync 1 DAGs
[2024-10-10T15:51:55.048+0900] {logging_mixin.py:190} INFO - [2024-10-10T15:51:55.048+0900] {dag.py:4180} INFO - Setting next_dagrun for example_short_circuit_operator to None, run_after=None
[2024-10-10T15:51:55.068+0900] {processor.py:208} INFO - Processing /Users/alookso/1007MLpj/myenv/lib/python3.10/site-packages/airflow/example_dags/example_short_circuit_operator.py took 0.204 seconds
[2024-10-10T16:18:46.456+0900] {processor.py:186} INFO - Started process (PID=57350) to work on /Users/alookso/1007MLpj/myenv/lib/python3.10/site-packages/airflow/example_dags/example_short_circuit_operator.py
[2024-10-10T16:18:46.458+0900] {processor.py:914} INFO - Processing file /Users/alookso/1007MLpj/myenv/lib/python3.10/site-packages/airflow/example_dags/example_short_circuit_operator.py for tasks to queue
[2024-10-10T16:18:46.459+0900] {logging_mixin.py:190} INFO - [2024-10-10T16:18:46.458+0900] {dagbag.py:588} INFO - Filling up the DagBag from /Users/alookso/1007MLpj/myenv/lib/python3.10/site-packages/airflow/example_dags/example_short_circuit_operator.py
[2024-10-10T16:18:46.488+0900] {processor.py:925} INFO - DAG(s) 'example_short_circuit_operator' retrieved from /Users/alookso/1007MLpj/myenv/lib/python3.10/site-packages/airflow/example_dags/example_short_circuit_operator.py
[2024-10-10T16:18:46.683+0900] {logging_mixin.py:190} INFO - [2024-10-10T16:18:46.682+0900] {dag.py:3239} INFO - Sync 1 DAGs
[2024-10-10T16:18:46.697+0900] {logging_mixin.py:190} INFO - [2024-10-10T16:18:46.697+0900] {dag.py:4180} INFO - Setting next_dagrun for example_short_circuit_operator to None, run_after=None
[2024-10-10T16:18:46.717+0900] {processor.py:208} INFO - Processing /Users/alookso/1007MLpj/myenv/lib/python3.10/site-packages/airflow/example_dags/example_short_circuit_operator.py took 0.265 seconds
[2024-10-10T16:23:06.165+0900] {processor.py:186} INFO - Started process (PID=57493) to work on /Users/alookso/1007MLpj/myenv/lib/python3.10/site-packages/airflow/example_dags/example_short_circuit_operator.py
[2024-10-10T16:23:06.166+0900] {processor.py:914} INFO - Processing file /Users/alookso/1007MLpj/myenv/lib/python3.10/site-packages/airflow/example_dags/example_short_circuit_operator.py for tasks to queue
[2024-10-10T16:23:06.167+0900] {logging_mixin.py:190} INFO - [2024-10-10T16:23:06.167+0900] {dagbag.py:588} INFO - Filling up the DagBag from /Users/alookso/1007MLpj/myenv/lib/python3.10/site-packages/airflow/example_dags/example_short_circuit_operator.py
[2024-10-10T16:23:06.198+0900] {processor.py:925} INFO - DAG(s) 'example_short_circuit_operator' retrieved from /Users/alookso/1007MLpj/myenv/lib/python3.10/site-packages/airflow/example_dags/example_short_circuit_operator.py
[2024-10-10T16:23:06.332+0900] {logging_mixin.py:190} INFO - [2024-10-10T16:23:06.332+0900] {dag.py:3239} INFO - Sync 1 DAGs
[2024-10-10T16:23:06.346+0900] {logging_mixin.py:190} INFO - [2024-10-10T16:23:06.346+0900] {dag.py:4180} INFO - Setting next_dagrun for example_short_circuit_operator to None, run_after=None
[2024-10-10T16:23:06.365+0900] {processor.py:208} INFO - Processing /Users/alookso/1007MLpj/myenv/lib/python3.10/site-packages/airflow/example_dags/example_short_circuit_operator.py took 0.205 seconds
[2024-10-10T16:26:45.900+0900] {processor.py:186} INFO - Started process (PID=57664) to work on /Users/alookso/1007MLpj/myenv/lib/python3.10/site-packages/airflow/example_dags/example_short_circuit_operator.py
[2024-10-10T16:26:45.902+0900] {processor.py:914} INFO - Processing file /Users/alookso/1007MLpj/myenv/lib/python3.10/site-packages/airflow/example_dags/example_short_circuit_operator.py for tasks to queue
[2024-10-10T16:26:45.904+0900] {logging_mixin.py:190} INFO - [2024-10-10T16:26:45.903+0900] {dagbag.py:588} INFO - Filling up the DagBag from /Users/alookso/1007MLpj/myenv/lib/python3.10/site-packages/airflow/example_dags/example_short_circuit_operator.py
[2024-10-10T16:26:45.945+0900] {processor.py:925} INFO - DAG(s) 'example_short_circuit_operator' retrieved from /Users/alookso/1007MLpj/myenv/lib/python3.10/site-packages/airflow/example_dags/example_short_circuit_operator.py
[2024-10-10T16:26:46.103+0900] {logging_mixin.py:190} INFO - [2024-10-10T16:26:46.103+0900] {dag.py:3239} INFO - Sync 1 DAGs
[2024-10-10T16:26:46.121+0900] {logging_mixin.py:190} INFO - [2024-10-10T16:26:46.121+0900] {dag.py:4180} INFO - Setting next_dagrun for example_short_circuit_operator to None, run_after=None
[2024-10-10T16:26:46.163+0900] {processor.py:208} INFO - Processing /Users/alookso/1007MLpj/myenv/lib/python3.10/site-packages/airflow/example_dags/example_short_circuit_operator.py took 0.271 seconds
[2024-10-10T16:33:11.540+0900] {processor.py:186} INFO - Started process (PID=57976) to work on /Users/alookso/1007MLpj/myenv/lib/python3.10/site-packages/airflow/example_dags/example_short_circuit_operator.py
[2024-10-10T16:33:11.550+0900] {processor.py:914} INFO - Processing file /Users/alookso/1007MLpj/myenv/lib/python3.10/site-packages/airflow/example_dags/example_short_circuit_operator.py for tasks to queue
[2024-10-10T16:33:11.552+0900] {logging_mixin.py:190} INFO - [2024-10-10T16:33:11.552+0900] {dagbag.py:588} INFO - Filling up the DagBag from /Users/alookso/1007MLpj/myenv/lib/python3.10/site-packages/airflow/example_dags/example_short_circuit_operator.py
[2024-10-10T16:33:11.612+0900] {processor.py:925} INFO - DAG(s) 'example_short_circuit_operator' retrieved from /Users/alookso/1007MLpj/myenv/lib/python3.10/site-packages/airflow/example_dags/example_short_circuit_operator.py
[2024-10-10T16:33:11.749+0900] {logging_mixin.py:190} INFO - [2024-10-10T16:33:11.748+0900] {dag.py:3239} INFO - Sync 1 DAGs
[2024-10-10T16:33:11.764+0900] {logging_mixin.py:190} INFO - [2024-10-10T16:33:11.763+0900] {dag.py:4180} INFO - Setting next_dagrun for example_short_circuit_operator to None, run_after=None
[2024-10-10T16:33:11.787+0900] {processor.py:208} INFO - Processing /Users/alookso/1007MLpj/myenv/lib/python3.10/site-packages/airflow/example_dags/example_short_circuit_operator.py took 0.287 seconds
[2024-10-10T16:37:10.259+0900] {processor.py:186} INFO - Started process (PID=58080) to work on /Users/alookso/1007MLpj/myenv/lib/python3.10/site-packages/airflow/example_dags/example_short_circuit_operator.py
[2024-10-10T16:37:10.260+0900] {processor.py:914} INFO - Processing file /Users/alookso/1007MLpj/myenv/lib/python3.10/site-packages/airflow/example_dags/example_short_circuit_operator.py for tasks to queue
[2024-10-10T16:37:10.261+0900] {logging_mixin.py:190} INFO - [2024-10-10T16:37:10.261+0900] {dagbag.py:588} INFO - Filling up the DagBag from /Users/alookso/1007MLpj/myenv/lib/python3.10/site-packages/airflow/example_dags/example_short_circuit_operator.py
[2024-10-10T16:37:10.294+0900] {processor.py:925} INFO - DAG(s) 'example_short_circuit_operator' retrieved from /Users/alookso/1007MLpj/myenv/lib/python3.10/site-packages/airflow/example_dags/example_short_circuit_operator.py
[2024-10-10T16:37:10.455+0900] {logging_mixin.py:190} INFO - [2024-10-10T16:37:10.454+0900] {dag.py:3239} INFO - Sync 1 DAGs
[2024-10-10T16:37:10.469+0900] {logging_mixin.py:190} INFO - [2024-10-10T16:37:10.468+0900] {dag.py:4180} INFO - Setting next_dagrun for example_short_circuit_operator to None, run_after=None
[2024-10-10T16:37:10.488+0900] {processor.py:208} INFO - Processing /Users/alookso/1007MLpj/myenv/lib/python3.10/site-packages/airflow/example_dags/example_short_circuit_operator.py took 0.234 seconds
[2024-10-10T16:40:49.225+0900] {processor.py:186} INFO - Started process (PID=58167) to work on /Users/alookso/1007MLpj/myenv/lib/python3.10/site-packages/airflow/example_dags/example_short_circuit_operator.py
[2024-10-10T16:40:49.227+0900] {processor.py:914} INFO - Processing file /Users/alookso/1007MLpj/myenv/lib/python3.10/site-packages/airflow/example_dags/example_short_circuit_operator.py for tasks to queue
[2024-10-10T16:40:49.228+0900] {logging_mixin.py:190} INFO - [2024-10-10T16:40:49.228+0900] {dagbag.py:588} INFO - Filling up the DagBag from /Users/alookso/1007MLpj/myenv/lib/python3.10/site-packages/airflow/example_dags/example_short_circuit_operator.py
[2024-10-10T16:40:49.263+0900] {processor.py:925} INFO - DAG(s) 'example_short_circuit_operator' retrieved from /Users/alookso/1007MLpj/myenv/lib/python3.10/site-packages/airflow/example_dags/example_short_circuit_operator.py
[2024-10-10T16:40:49.416+0900] {logging_mixin.py:190} INFO - [2024-10-10T16:40:49.416+0900] {dag.py:3239} INFO - Sync 1 DAGs
[2024-10-10T16:40:49.433+0900] {logging_mixin.py:190} INFO - [2024-10-10T16:40:49.433+0900] {dag.py:4180} INFO - Setting next_dagrun for example_short_circuit_operator to None, run_after=None
[2024-10-10T16:40:49.455+0900] {processor.py:208} INFO - Processing /Users/alookso/1007MLpj/myenv/lib/python3.10/site-packages/airflow/example_dags/example_short_circuit_operator.py took 0.236 seconds
[2024-10-10T16:44:24.114+0900] {processor.py:186} INFO - Started process (PID=58277) to work on /Users/alookso/1007MLpj/myenv/lib/python3.10/site-packages/airflow/example_dags/example_short_circuit_operator.py
[2024-10-10T16:44:24.116+0900] {processor.py:914} INFO - Processing file /Users/alookso/1007MLpj/myenv/lib/python3.10/site-packages/airflow/example_dags/example_short_circuit_operator.py for tasks to queue
[2024-10-10T16:44:24.117+0900] {logging_mixin.py:190} INFO - [2024-10-10T16:44:24.117+0900] {dagbag.py:588} INFO - Filling up the DagBag from /Users/alookso/1007MLpj/myenv/lib/python3.10/site-packages/airflow/example_dags/example_short_circuit_operator.py
[2024-10-10T16:44:24.148+0900] {processor.py:925} INFO - DAG(s) 'example_short_circuit_operator' retrieved from /Users/alookso/1007MLpj/myenv/lib/python3.10/site-packages/airflow/example_dags/example_short_circuit_operator.py
[2024-10-10T16:44:24.282+0900] {logging_mixin.py:190} INFO - [2024-10-10T16:44:24.282+0900] {dag.py:3239} INFO - Sync 1 DAGs
[2024-10-10T16:44:24.296+0900] {logging_mixin.py:190} INFO - [2024-10-10T16:44:24.296+0900] {dag.py:4180} INFO - Setting next_dagrun for example_short_circuit_operator to None, run_after=None
[2024-10-10T16:44:24.316+0900] {processor.py:208} INFO - Processing /Users/alookso/1007MLpj/myenv/lib/python3.10/site-packages/airflow/example_dags/example_short_circuit_operator.py took 0.206 seconds
[2024-10-10T16:50:39.401+0900] {processor.py:186} INFO - Started process (PID=58618) to work on /Users/alookso/1007MLpj/myenv/lib/python3.10/site-packages/airflow/example_dags/example_short_circuit_operator.py
[2024-10-10T16:50:39.402+0900] {processor.py:914} INFO - Processing file /Users/alookso/1007MLpj/myenv/lib/python3.10/site-packages/airflow/example_dags/example_short_circuit_operator.py for tasks to queue
[2024-10-10T16:50:39.403+0900] {logging_mixin.py:190} INFO - [2024-10-10T16:50:39.403+0900] {dagbag.py:588} INFO - Filling up the DagBag from /Users/alookso/1007MLpj/myenv/lib/python3.10/site-packages/airflow/example_dags/example_short_circuit_operator.py
[2024-10-10T16:50:39.434+0900] {processor.py:925} INFO - DAG(s) 'example_short_circuit_operator' retrieved from /Users/alookso/1007MLpj/myenv/lib/python3.10/site-packages/airflow/example_dags/example_short_circuit_operator.py
[2024-10-10T16:50:39.574+0900] {logging_mixin.py:190} INFO - [2024-10-10T16:50:39.573+0900] {dag.py:3239} INFO - Sync 1 DAGs
[2024-10-10T16:50:39.589+0900] {logging_mixin.py:190} INFO - [2024-10-10T16:50:39.589+0900] {dag.py:4180} INFO - Setting next_dagrun for example_short_circuit_operator to None, run_after=None
[2024-10-10T16:50:39.610+0900] {processor.py:208} INFO - Processing /Users/alookso/1007MLpj/myenv/lib/python3.10/site-packages/airflow/example_dags/example_short_circuit_operator.py took 0.214 seconds
[2024-10-10T23:48:32.514+0900] {processor.py:186} INFO - Started process (PID=63451) to work on /Users/alookso/1007MLpj/myenv/lib/python3.10/site-packages/airflow/example_dags/example_short_circuit_operator.py
[2024-10-10T23:48:32.515+0900] {processor.py:914} INFO - Processing file /Users/alookso/1007MLpj/myenv/lib/python3.10/site-packages/airflow/example_dags/example_short_circuit_operator.py for tasks to queue
[2024-10-10T23:48:32.516+0900] {logging_mixin.py:190} INFO - [2024-10-10T23:48:32.516+0900] {dagbag.py:588} INFO - Filling up the DagBag from /Users/alookso/1007MLpj/myenv/lib/python3.10/site-packages/airflow/example_dags/example_short_circuit_operator.py
[2024-10-10T23:48:32.546+0900] {processor.py:925} INFO - DAG(s) 'example_short_circuit_operator' retrieved from /Users/alookso/1007MLpj/myenv/lib/python3.10/site-packages/airflow/example_dags/example_short_circuit_operator.py
[2024-10-10T23:48:32.681+0900] {logging_mixin.py:190} INFO - [2024-10-10T23:48:32.681+0900] {dag.py:3239} INFO - Sync 1 DAGs
[2024-10-10T23:48:32.695+0900] {logging_mixin.py:190} INFO - [2024-10-10T23:48:32.695+0900] {dag.py:4180} INFO - Setting next_dagrun for example_short_circuit_operator to None, run_after=None
[2024-10-10T23:48:32.716+0900] {processor.py:208} INFO - Processing /Users/alookso/1007MLpj/myenv/lib/python3.10/site-packages/airflow/example_dags/example_short_circuit_operator.py took 0.208 seconds
[2024-10-10T23:51:51.140+0900] {processor.py:186} INFO - Started process (PID=63648) to work on /Users/alookso/1007MLpj/myenv/lib/python3.10/site-packages/airflow/example_dags/example_short_circuit_operator.py
[2024-10-10T23:51:51.141+0900] {processor.py:914} INFO - Processing file /Users/alookso/1007MLpj/myenv/lib/python3.10/site-packages/airflow/example_dags/example_short_circuit_operator.py for tasks to queue
[2024-10-10T23:51:51.142+0900] {logging_mixin.py:190} INFO - [2024-10-10T23:51:51.142+0900] {dagbag.py:588} INFO - Filling up the DagBag from /Users/alookso/1007MLpj/myenv/lib/python3.10/site-packages/airflow/example_dags/example_short_circuit_operator.py
[2024-10-10T23:51:51.175+0900] {processor.py:925} INFO - DAG(s) 'example_short_circuit_operator' retrieved from /Users/alookso/1007MLpj/myenv/lib/python3.10/site-packages/airflow/example_dags/example_short_circuit_operator.py
[2024-10-10T23:51:51.319+0900] {logging_mixin.py:190} INFO - [2024-10-10T23:51:51.319+0900] {dag.py:3239} INFO - Sync 1 DAGs
[2024-10-10T23:51:51.334+0900] {logging_mixin.py:190} INFO - [2024-10-10T23:51:51.334+0900] {dag.py:4180} INFO - Setting next_dagrun for example_short_circuit_operator to None, run_after=None
[2024-10-10T23:51:51.356+0900] {processor.py:208} INFO - Processing /Users/alookso/1007MLpj/myenv/lib/python3.10/site-packages/airflow/example_dags/example_short_circuit_operator.py took 0.222 seconds
[2024-10-10T23:54:48.399+0900] {processor.py:186} INFO - Started process (PID=63784) to work on /Users/alookso/1007MLpj/myenv/lib/python3.10/site-packages/airflow/example_dags/example_short_circuit_operator.py
[2024-10-10T23:54:48.400+0900] {processor.py:914} INFO - Processing file /Users/alookso/1007MLpj/myenv/lib/python3.10/site-packages/airflow/example_dags/example_short_circuit_operator.py for tasks to queue
[2024-10-10T23:54:48.401+0900] {logging_mixin.py:190} INFO - [2024-10-10T23:54:48.401+0900] {dagbag.py:588} INFO - Filling up the DagBag from /Users/alookso/1007MLpj/myenv/lib/python3.10/site-packages/airflow/example_dags/example_short_circuit_operator.py
[2024-10-10T23:54:48.430+0900] {processor.py:925} INFO - DAG(s) 'example_short_circuit_operator' retrieved from /Users/alookso/1007MLpj/myenv/lib/python3.10/site-packages/airflow/example_dags/example_short_circuit_operator.py
[2024-10-10T23:54:48.562+0900] {logging_mixin.py:190} INFO - [2024-10-10T23:54:48.562+0900] {dag.py:3239} INFO - Sync 1 DAGs
[2024-10-10T23:54:48.575+0900] {logging_mixin.py:190} INFO - [2024-10-10T23:54:48.575+0900] {dag.py:4180} INFO - Setting next_dagrun for example_short_circuit_operator to None, run_after=None
[2024-10-10T23:54:48.594+0900] {processor.py:208} INFO - Processing /Users/alookso/1007MLpj/myenv/lib/python3.10/site-packages/airflow/example_dags/example_short_circuit_operator.py took 0.199 seconds
[2024-10-10T23:57:19.222+0900] {processor.py:186} INFO - Started process (PID=63876) to work on /Users/alookso/1007MLpj/myenv/lib/python3.10/site-packages/airflow/example_dags/example_short_circuit_operator.py
[2024-10-10T23:57:19.224+0900] {processor.py:914} INFO - Processing file /Users/alookso/1007MLpj/myenv/lib/python3.10/site-packages/airflow/example_dags/example_short_circuit_operator.py for tasks to queue
[2024-10-10T23:57:19.226+0900] {logging_mixin.py:190} INFO - [2024-10-10T23:57:19.225+0900] {dagbag.py:588} INFO - Filling up the DagBag from /Users/alookso/1007MLpj/myenv/lib/python3.10/site-packages/airflow/example_dags/example_short_circuit_operator.py
[2024-10-10T23:57:19.264+0900] {processor.py:925} INFO - DAG(s) 'example_short_circuit_operator' retrieved from /Users/alookso/1007MLpj/myenv/lib/python3.10/site-packages/airflow/example_dags/example_short_circuit_operator.py
[2024-10-10T23:57:19.439+0900] {logging_mixin.py:190} INFO - [2024-10-10T23:57:19.438+0900] {dag.py:3239} INFO - Sync 1 DAGs
[2024-10-10T23:57:19.456+0900] {logging_mixin.py:190} INFO - [2024-10-10T23:57:19.456+0900] {dag.py:4180} INFO - Setting next_dagrun for example_short_circuit_operator to None, run_after=None
[2024-10-10T23:57:19.483+0900] {processor.py:208} INFO - Processing /Users/alookso/1007MLpj/myenv/lib/python3.10/site-packages/airflow/example_dags/example_short_circuit_operator.py took 0.268 seconds
[2024-10-11T00:01:52.334+0900] {processor.py:186} INFO - Started process (PID=64099) to work on /Users/alookso/1007MLpj/myenv/lib/python3.10/site-packages/airflow/example_dags/example_short_circuit_operator.py
[2024-10-11T00:01:52.335+0900] {processor.py:914} INFO - Processing file /Users/alookso/1007MLpj/myenv/lib/python3.10/site-packages/airflow/example_dags/example_short_circuit_operator.py for tasks to queue
[2024-10-11T00:01:52.336+0900] {logging_mixin.py:190} INFO - [2024-10-11T00:01:52.336+0900] {dagbag.py:588} INFO - Filling up the DagBag from /Users/alookso/1007MLpj/myenv/lib/python3.10/site-packages/airflow/example_dags/example_short_circuit_operator.py
[2024-10-11T00:01:52.388+0900] {processor.py:925} INFO - DAG(s) 'example_short_circuit_operator' retrieved from /Users/alookso/1007MLpj/myenv/lib/python3.10/site-packages/airflow/example_dags/example_short_circuit_operator.py
[2024-10-11T00:01:52.530+0900] {logging_mixin.py:190} INFO - [2024-10-11T00:01:52.530+0900] {dag.py:3239} INFO - Sync 1 DAGs
[2024-10-11T00:01:52.544+0900] {logging_mixin.py:190} INFO - [2024-10-11T00:01:52.544+0900] {dag.py:4180} INFO - Setting next_dagrun for example_short_circuit_operator to None, run_after=None
[2024-10-11T00:01:52.564+0900] {processor.py:208} INFO - Processing /Users/alookso/1007MLpj/myenv/lib/python3.10/site-packages/airflow/example_dags/example_short_circuit_operator.py took 0.237 seconds
[2024-10-11T00:05:03.533+0900] {processor.py:186} INFO - Started process (PID=64270) to work on /Users/alookso/1007MLpj/myenv/lib/python3.10/site-packages/airflow/example_dags/example_short_circuit_operator.py
[2024-10-11T00:05:03.534+0900] {processor.py:914} INFO - Processing file /Users/alookso/1007MLpj/myenv/lib/python3.10/site-packages/airflow/example_dags/example_short_circuit_operator.py for tasks to queue
[2024-10-11T00:05:03.535+0900] {logging_mixin.py:190} INFO - [2024-10-11T00:05:03.535+0900] {dagbag.py:588} INFO - Filling up the DagBag from /Users/alookso/1007MLpj/myenv/lib/python3.10/site-packages/airflow/example_dags/example_short_circuit_operator.py
[2024-10-11T00:05:03.564+0900] {processor.py:925} INFO - DAG(s) 'example_short_circuit_operator' retrieved from /Users/alookso/1007MLpj/myenv/lib/python3.10/site-packages/airflow/example_dags/example_short_circuit_operator.py
[2024-10-11T00:05:03.696+0900] {logging_mixin.py:190} INFO - [2024-10-11T00:05:03.696+0900] {dag.py:3239} INFO - Sync 1 DAGs
[2024-10-11T00:05:03.710+0900] {logging_mixin.py:190} INFO - [2024-10-11T00:05:03.710+0900] {dag.py:4180} INFO - Setting next_dagrun for example_short_circuit_operator to None, run_after=None
[2024-10-11T00:05:03.729+0900] {processor.py:208} INFO - Processing /Users/alookso/1007MLpj/myenv/lib/python3.10/site-packages/airflow/example_dags/example_short_circuit_operator.py took 0.201 seconds
[2024-10-11T00:09:00.782+0900] {processor.py:186} INFO - Started process (PID=64500) to work on /Users/alookso/1007MLpj/myenv/lib/python3.10/site-packages/airflow/example_dags/example_short_circuit_operator.py
[2024-10-11T00:09:00.783+0900] {processor.py:914} INFO - Processing file /Users/alookso/1007MLpj/myenv/lib/python3.10/site-packages/airflow/example_dags/example_short_circuit_operator.py for tasks to queue
[2024-10-11T00:09:00.784+0900] {logging_mixin.py:190} INFO - [2024-10-11T00:09:00.784+0900] {dagbag.py:588} INFO - Filling up the DagBag from /Users/alookso/1007MLpj/myenv/lib/python3.10/site-packages/airflow/example_dags/example_short_circuit_operator.py
[2024-10-11T00:09:00.825+0900] {processor.py:925} INFO - DAG(s) 'example_short_circuit_operator' retrieved from /Users/alookso/1007MLpj/myenv/lib/python3.10/site-packages/airflow/example_dags/example_short_circuit_operator.py
[2024-10-11T00:09:00.985+0900] {logging_mixin.py:190} INFO - [2024-10-11T00:09:00.984+0900] {dag.py:3239} INFO - Sync 1 DAGs
[2024-10-11T00:09:00.999+0900] {logging_mixin.py:190} INFO - [2024-10-11T00:09:00.999+0900] {dag.py:4180} INFO - Setting next_dagrun for example_short_circuit_operator to None, run_after=None
[2024-10-11T00:09:01.020+0900] {processor.py:208} INFO - Processing /Users/alookso/1007MLpj/myenv/lib/python3.10/site-packages/airflow/example_dags/example_short_circuit_operator.py took 0.243 seconds
[2024-10-11T00:12:03.047+0900] {processor.py:186} INFO - Started process (PID=64627) to work on /Users/alookso/1007MLpj/myenv/lib/python3.10/site-packages/airflow/example_dags/example_short_circuit_operator.py
[2024-10-11T00:12:03.048+0900] {processor.py:914} INFO - Processing file /Users/alookso/1007MLpj/myenv/lib/python3.10/site-packages/airflow/example_dags/example_short_circuit_operator.py for tasks to queue
[2024-10-11T00:12:03.048+0900] {logging_mixin.py:190} INFO - [2024-10-11T00:12:03.048+0900] {dagbag.py:588} INFO - Filling up the DagBag from /Users/alookso/1007MLpj/myenv/lib/python3.10/site-packages/airflow/example_dags/example_short_circuit_operator.py
[2024-10-11T00:12:03.080+0900] {processor.py:925} INFO - DAG(s) 'example_short_circuit_operator' retrieved from /Users/alookso/1007MLpj/myenv/lib/python3.10/site-packages/airflow/example_dags/example_short_circuit_operator.py
[2024-10-11T00:12:03.214+0900] {logging_mixin.py:190} INFO - [2024-10-11T00:12:03.214+0900] {dag.py:3239} INFO - Sync 1 DAGs
[2024-10-11T00:12:03.228+0900] {logging_mixin.py:190} INFO - [2024-10-11T00:12:03.228+0900] {dag.py:4180} INFO - Setting next_dagrun for example_short_circuit_operator to None, run_after=None
[2024-10-11T00:12:03.247+0900] {processor.py:208} INFO - Processing /Users/alookso/1007MLpj/myenv/lib/python3.10/site-packages/airflow/example_dags/example_short_circuit_operator.py took 0.206 seconds
[2024-10-11T00:14:33.082+0900] {processor.py:186} INFO - Started process (PID=64745) to work on /Users/alookso/1007MLpj/myenv/lib/python3.10/site-packages/airflow/example_dags/example_short_circuit_operator.py
[2024-10-11T00:14:33.083+0900] {processor.py:914} INFO - Processing file /Users/alookso/1007MLpj/myenv/lib/python3.10/site-packages/airflow/example_dags/example_short_circuit_operator.py for tasks to queue
[2024-10-11T00:14:33.084+0900] {logging_mixin.py:190} INFO - [2024-10-11T00:14:33.084+0900] {dagbag.py:588} INFO - Filling up the DagBag from /Users/alookso/1007MLpj/myenv/lib/python3.10/site-packages/airflow/example_dags/example_short_circuit_operator.py
[2024-10-11T00:14:33.113+0900] {processor.py:925} INFO - DAG(s) 'example_short_circuit_operator' retrieved from /Users/alookso/1007MLpj/myenv/lib/python3.10/site-packages/airflow/example_dags/example_short_circuit_operator.py
[2024-10-11T00:14:33.244+0900] {logging_mixin.py:190} INFO - [2024-10-11T00:14:33.243+0900] {dag.py:3239} INFO - Sync 1 DAGs
[2024-10-11T00:14:33.257+0900] {logging_mixin.py:190} INFO - [2024-10-11T00:14:33.257+0900] {dag.py:4180} INFO - Setting next_dagrun for example_short_circuit_operator to None, run_after=None
[2024-10-11T00:14:33.276+0900] {processor.py:208} INFO - Processing /Users/alookso/1007MLpj/myenv/lib/python3.10/site-packages/airflow/example_dags/example_short_circuit_operator.py took 0.198 seconds
[2024-10-11T00:17:11.407+0900] {processor.py:186} INFO - Started process (PID=64824) to work on /Users/alookso/1007MLpj/myenv/lib/python3.10/site-packages/airflow/example_dags/example_short_circuit_operator.py
[2024-10-11T00:17:11.408+0900] {processor.py:914} INFO - Processing file /Users/alookso/1007MLpj/myenv/lib/python3.10/site-packages/airflow/example_dags/example_short_circuit_operator.py for tasks to queue
[2024-10-11T00:17:11.409+0900] {logging_mixin.py:190} INFO - [2024-10-11T00:17:11.408+0900] {dagbag.py:588} INFO - Filling up the DagBag from /Users/alookso/1007MLpj/myenv/lib/python3.10/site-packages/airflow/example_dags/example_short_circuit_operator.py
[2024-10-11T00:17:11.441+0900] {processor.py:925} INFO - DAG(s) 'example_short_circuit_operator' retrieved from /Users/alookso/1007MLpj/myenv/lib/python3.10/site-packages/airflow/example_dags/example_short_circuit_operator.py
[2024-10-11T00:17:11.590+0900] {logging_mixin.py:190} INFO - [2024-10-11T00:17:11.590+0900] {dag.py:3239} INFO - Sync 1 DAGs
[2024-10-11T00:17:11.604+0900] {logging_mixin.py:190} INFO - [2024-10-11T00:17:11.604+0900] {dag.py:4180} INFO - Setting next_dagrun for example_short_circuit_operator to None, run_after=None
[2024-10-11T00:17:11.625+0900] {processor.py:208} INFO - Processing /Users/alookso/1007MLpj/myenv/lib/python3.10/site-packages/airflow/example_dags/example_short_circuit_operator.py took 0.225 seconds
[2024-10-11T00:19:46.006+0900] {processor.py:186} INFO - Started process (PID=64918) to work on /Users/alookso/1007MLpj/myenv/lib/python3.10/site-packages/airflow/example_dags/example_short_circuit_operator.py
[2024-10-11T00:19:46.006+0900] {processor.py:914} INFO - Processing file /Users/alookso/1007MLpj/myenv/lib/python3.10/site-packages/airflow/example_dags/example_short_circuit_operator.py for tasks to queue
[2024-10-11T00:19:46.007+0900] {logging_mixin.py:190} INFO - [2024-10-11T00:19:46.007+0900] {dagbag.py:588} INFO - Filling up the DagBag from /Users/alookso/1007MLpj/myenv/lib/python3.10/site-packages/airflow/example_dags/example_short_circuit_operator.py
[2024-10-11T00:19:46.036+0900] {processor.py:925} INFO - DAG(s) 'example_short_circuit_operator' retrieved from /Users/alookso/1007MLpj/myenv/lib/python3.10/site-packages/airflow/example_dags/example_short_circuit_operator.py
[2024-10-11T00:19:46.166+0900] {logging_mixin.py:190} INFO - [2024-10-11T00:19:46.166+0900] {dag.py:3239} INFO - Sync 1 DAGs
[2024-10-11T00:19:46.180+0900] {logging_mixin.py:190} INFO - [2024-10-11T00:19:46.180+0900] {dag.py:4180} INFO - Setting next_dagrun for example_short_circuit_operator to None, run_after=None
[2024-10-11T00:19:46.199+0900] {processor.py:208} INFO - Processing /Users/alookso/1007MLpj/myenv/lib/python3.10/site-packages/airflow/example_dags/example_short_circuit_operator.py took 0.198 seconds
[2024-10-11T00:22:23.730+0900] {processor.py:186} INFO - Started process (PID=65016) to work on /Users/alookso/1007MLpj/myenv/lib/python3.10/site-packages/airflow/example_dags/example_short_circuit_operator.py
[2024-10-11T00:22:23.731+0900] {processor.py:914} INFO - Processing file /Users/alookso/1007MLpj/myenv/lib/python3.10/site-packages/airflow/example_dags/example_short_circuit_operator.py for tasks to queue
[2024-10-11T00:22:23.731+0900] {logging_mixin.py:190} INFO - [2024-10-11T00:22:23.731+0900] {dagbag.py:588} INFO - Filling up the DagBag from /Users/alookso/1007MLpj/myenv/lib/python3.10/site-packages/airflow/example_dags/example_short_circuit_operator.py
[2024-10-11T00:22:23.761+0900] {processor.py:925} INFO - DAG(s) 'example_short_circuit_operator' retrieved from /Users/alookso/1007MLpj/myenv/lib/python3.10/site-packages/airflow/example_dags/example_short_circuit_operator.py
[2024-10-11T00:22:23.894+0900] {logging_mixin.py:190} INFO - [2024-10-11T00:22:23.894+0900] {dag.py:3239} INFO - Sync 1 DAGs
[2024-10-11T00:22:23.908+0900] {logging_mixin.py:190} INFO - [2024-10-11T00:22:23.908+0900] {dag.py:4180} INFO - Setting next_dagrun for example_short_circuit_operator to None, run_after=None
[2024-10-11T00:22:23.928+0900] {processor.py:208} INFO - Processing /Users/alookso/1007MLpj/myenv/lib/python3.10/site-packages/airflow/example_dags/example_short_circuit_operator.py took 0.203 seconds
[2024-10-11T00:24:57.052+0900] {processor.py:186} INFO - Started process (PID=65090) to work on /Users/alookso/1007MLpj/myenv/lib/python3.10/site-packages/airflow/example_dags/example_short_circuit_operator.py
[2024-10-11T00:24:57.052+0900] {processor.py:914} INFO - Processing file /Users/alookso/1007MLpj/myenv/lib/python3.10/site-packages/airflow/example_dags/example_short_circuit_operator.py for tasks to queue
[2024-10-11T00:24:57.053+0900] {logging_mixin.py:190} INFO - [2024-10-11T00:24:57.053+0900] {dagbag.py:588} INFO - Filling up the DagBag from /Users/alookso/1007MLpj/myenv/lib/python3.10/site-packages/airflow/example_dags/example_short_circuit_operator.py
[2024-10-11T00:24:57.085+0900] {processor.py:925} INFO - DAG(s) 'example_short_circuit_operator' retrieved from /Users/alookso/1007MLpj/myenv/lib/python3.10/site-packages/airflow/example_dags/example_short_circuit_operator.py
[2024-10-11T00:24:57.231+0900] {logging_mixin.py:190} INFO - [2024-10-11T00:24:57.230+0900] {dag.py:3239} INFO - Sync 1 DAGs
[2024-10-11T00:24:57.246+0900] {logging_mixin.py:190} INFO - [2024-10-11T00:24:57.246+0900] {dag.py:4180} INFO - Setting next_dagrun for example_short_circuit_operator to None, run_after=None
[2024-10-11T00:24:57.266+0900] {processor.py:208} INFO - Processing /Users/alookso/1007MLpj/myenv/lib/python3.10/site-packages/airflow/example_dags/example_short_circuit_operator.py took 0.219 seconds
[2024-10-11T00:28:02.440+0900] {processor.py:186} INFO - Started process (PID=65242) to work on /Users/alookso/1007MLpj/myenv/lib/python3.10/site-packages/airflow/example_dags/example_short_circuit_operator.py
[2024-10-11T00:28:02.441+0900] {processor.py:914} INFO - Processing file /Users/alookso/1007MLpj/myenv/lib/python3.10/site-packages/airflow/example_dags/example_short_circuit_operator.py for tasks to queue
[2024-10-11T00:28:02.442+0900] {logging_mixin.py:190} INFO - [2024-10-11T00:28:02.442+0900] {dagbag.py:588} INFO - Filling up the DagBag from /Users/alookso/1007MLpj/myenv/lib/python3.10/site-packages/airflow/example_dags/example_short_circuit_operator.py
[2024-10-11T00:28:02.472+0900] {processor.py:925} INFO - DAG(s) 'example_short_circuit_operator' retrieved from /Users/alookso/1007MLpj/myenv/lib/python3.10/site-packages/airflow/example_dags/example_short_circuit_operator.py
[2024-10-11T00:28:02.613+0900] {logging_mixin.py:190} INFO - [2024-10-11T00:28:02.613+0900] {dag.py:3239} INFO - Sync 1 DAGs
[2024-10-11T00:28:02.628+0900] {logging_mixin.py:190} INFO - [2024-10-11T00:28:02.627+0900] {dag.py:4180} INFO - Setting next_dagrun for example_short_circuit_operator to None, run_after=None
[2024-10-11T00:28:02.647+0900] {processor.py:208} INFO - Processing /Users/alookso/1007MLpj/myenv/lib/python3.10/site-packages/airflow/example_dags/example_short_circuit_operator.py took 0.212 seconds
[2024-10-11T00:31:25.882+0900] {processor.py:186} INFO - Started process (PID=65423) to work on /Users/alookso/1007MLpj/myenv/lib/python3.10/site-packages/airflow/example_dags/example_short_circuit_operator.py
[2024-10-11T00:31:25.883+0900] {processor.py:914} INFO - Processing file /Users/alookso/1007MLpj/myenv/lib/python3.10/site-packages/airflow/example_dags/example_short_circuit_operator.py for tasks to queue
[2024-10-11T00:31:25.884+0900] {logging_mixin.py:190} INFO - [2024-10-11T00:31:25.884+0900] {dagbag.py:588} INFO - Filling up the DagBag from /Users/alookso/1007MLpj/myenv/lib/python3.10/site-packages/airflow/example_dags/example_short_circuit_operator.py
[2024-10-11T00:31:25.913+0900] {processor.py:925} INFO - DAG(s) 'example_short_circuit_operator' retrieved from /Users/alookso/1007MLpj/myenv/lib/python3.10/site-packages/airflow/example_dags/example_short_circuit_operator.py
[2024-10-11T00:31:26.046+0900] {logging_mixin.py:190} INFO - [2024-10-11T00:31:26.046+0900] {dag.py:3239} INFO - Sync 1 DAGs
[2024-10-11T00:31:26.060+0900] {logging_mixin.py:190} INFO - [2024-10-11T00:31:26.060+0900] {dag.py:4180} INFO - Setting next_dagrun for example_short_circuit_operator to None, run_after=None
[2024-10-11T00:31:26.079+0900] {processor.py:208} INFO - Processing /Users/alookso/1007MLpj/myenv/lib/python3.10/site-packages/airflow/example_dags/example_short_circuit_operator.py took 0.202 seconds
[2024-10-11T00:35:13.751+0900] {processor.py:186} INFO - Started process (PID=65592) to work on /Users/alookso/1007MLpj/myenv/lib/python3.10/site-packages/airflow/example_dags/example_short_circuit_operator.py
[2024-10-11T00:35:13.752+0900] {processor.py:914} INFO - Processing file /Users/alookso/1007MLpj/myenv/lib/python3.10/site-packages/airflow/example_dags/example_short_circuit_operator.py for tasks to queue
[2024-10-11T00:35:13.753+0900] {logging_mixin.py:190} INFO - [2024-10-11T00:35:13.753+0900] {dagbag.py:588} INFO - Filling up the DagBag from /Users/alookso/1007MLpj/myenv/lib/python3.10/site-packages/airflow/example_dags/example_short_circuit_operator.py
[2024-10-11T00:35:13.782+0900] {processor.py:925} INFO - DAG(s) 'example_short_circuit_operator' retrieved from /Users/alookso/1007MLpj/myenv/lib/python3.10/site-packages/airflow/example_dags/example_short_circuit_operator.py
[2024-10-11T00:35:13.913+0900] {logging_mixin.py:190} INFO - [2024-10-11T00:35:13.913+0900] {dag.py:3239} INFO - Sync 1 DAGs
[2024-10-11T00:35:13.926+0900] {logging_mixin.py:190} INFO - [2024-10-11T00:35:13.926+0900] {dag.py:4180} INFO - Setting next_dagrun for example_short_circuit_operator to None, run_after=None
[2024-10-11T00:35:13.945+0900] {processor.py:208} INFO - Processing /Users/alookso/1007MLpj/myenv/lib/python3.10/site-packages/airflow/example_dags/example_short_circuit_operator.py took 0.199 seconds
[2024-10-11T00:38:57.303+0900] {processor.py:186} INFO - Started process (PID=65776) to work on /Users/alookso/1007MLpj/myenv/lib/python3.10/site-packages/airflow/example_dags/example_short_circuit_operator.py
[2024-10-11T00:38:57.304+0900] {processor.py:914} INFO - Processing file /Users/alookso/1007MLpj/myenv/lib/python3.10/site-packages/airflow/example_dags/example_short_circuit_operator.py for tasks to queue
[2024-10-11T00:38:57.305+0900] {logging_mixin.py:190} INFO - [2024-10-11T00:38:57.305+0900] {dagbag.py:588} INFO - Filling up the DagBag from /Users/alookso/1007MLpj/myenv/lib/python3.10/site-packages/airflow/example_dags/example_short_circuit_operator.py
[2024-10-11T00:38:57.334+0900] {processor.py:925} INFO - DAG(s) 'example_short_circuit_operator' retrieved from /Users/alookso/1007MLpj/myenv/lib/python3.10/site-packages/airflow/example_dags/example_short_circuit_operator.py
[2024-10-11T00:38:57.464+0900] {logging_mixin.py:190} INFO - [2024-10-11T00:38:57.463+0900] {dag.py:3239} INFO - Sync 1 DAGs
[2024-10-11T00:38:57.477+0900] {logging_mixin.py:190} INFO - [2024-10-11T00:38:57.477+0900] {dag.py:4180} INFO - Setting next_dagrun for example_short_circuit_operator to None, run_after=None
[2024-10-11T00:38:57.496+0900] {processor.py:208} INFO - Processing /Users/alookso/1007MLpj/myenv/lib/python3.10/site-packages/airflow/example_dags/example_short_circuit_operator.py took 0.198 seconds
[2024-10-11T00:42:30.390+0900] {processor.py:186} INFO - Started process (PID=65954) to work on /Users/alookso/1007MLpj/myenv/lib/python3.10/site-packages/airflow/example_dags/example_short_circuit_operator.py
[2024-10-11T00:42:30.391+0900] {processor.py:914} INFO - Processing file /Users/alookso/1007MLpj/myenv/lib/python3.10/site-packages/airflow/example_dags/example_short_circuit_operator.py for tasks to queue
[2024-10-11T00:42:30.392+0900] {logging_mixin.py:190} INFO - [2024-10-11T00:42:30.391+0900] {dagbag.py:588} INFO - Filling up the DagBag from /Users/alookso/1007MLpj/myenv/lib/python3.10/site-packages/airflow/example_dags/example_short_circuit_operator.py
[2024-10-11T00:42:30.430+0900] {processor.py:925} INFO - DAG(s) 'example_short_circuit_operator' retrieved from /Users/alookso/1007MLpj/myenv/lib/python3.10/site-packages/airflow/example_dags/example_short_circuit_operator.py
[2024-10-11T00:42:30.602+0900] {logging_mixin.py:190} INFO - [2024-10-11T00:42:30.601+0900] {dag.py:3239} INFO - Sync 1 DAGs
[2024-10-11T00:42:30.622+0900] {logging_mixin.py:190} INFO - [2024-10-11T00:42:30.621+0900] {dag.py:4180} INFO - Setting next_dagrun for example_short_circuit_operator to None, run_after=None
[2024-10-11T00:42:30.647+0900] {processor.py:208} INFO - Processing /Users/alookso/1007MLpj/myenv/lib/python3.10/site-packages/airflow/example_dags/example_short_circuit_operator.py took 0.263 seconds
[2024-10-11T00:45:35.794+0900] {processor.py:186} INFO - Started process (PID=66074) to work on /Users/alookso/1007MLpj/myenv/lib/python3.10/site-packages/airflow/example_dags/example_short_circuit_operator.py
[2024-10-11T00:45:35.795+0900] {processor.py:914} INFO - Processing file /Users/alookso/1007MLpj/myenv/lib/python3.10/site-packages/airflow/example_dags/example_short_circuit_operator.py for tasks to queue
[2024-10-11T00:45:35.796+0900] {logging_mixin.py:190} INFO - [2024-10-11T00:45:35.795+0900] {dagbag.py:588} INFO - Filling up the DagBag from /Users/alookso/1007MLpj/myenv/lib/python3.10/site-packages/airflow/example_dags/example_short_circuit_operator.py
[2024-10-11T00:45:35.826+0900] {processor.py:925} INFO - DAG(s) 'example_short_circuit_operator' retrieved from /Users/alookso/1007MLpj/myenv/lib/python3.10/site-packages/airflow/example_dags/example_short_circuit_operator.py
[2024-10-11T00:45:35.958+0900] {logging_mixin.py:190} INFO - [2024-10-11T00:45:35.958+0900] {dag.py:3239} INFO - Sync 1 DAGs
[2024-10-11T00:45:35.972+0900] {logging_mixin.py:190} INFO - [2024-10-11T00:45:35.971+0900] {dag.py:4180} INFO - Setting next_dagrun for example_short_circuit_operator to None, run_after=None
[2024-10-11T00:45:35.990+0900] {processor.py:208} INFO - Processing /Users/alookso/1007MLpj/myenv/lib/python3.10/site-packages/airflow/example_dags/example_short_circuit_operator.py took 0.201 seconds
[2024-10-11T00:49:57.538+0900] {processor.py:186} INFO - Started process (PID=66309) to work on /Users/alookso/1007MLpj/myenv/lib/python3.10/site-packages/airflow/example_dags/example_short_circuit_operator.py
[2024-10-11T00:49:57.539+0900] {processor.py:914} INFO - Processing file /Users/alookso/1007MLpj/myenv/lib/python3.10/site-packages/airflow/example_dags/example_short_circuit_operator.py for tasks to queue
[2024-10-11T00:49:57.540+0900] {logging_mixin.py:190} INFO - [2024-10-11T00:49:57.540+0900] {dagbag.py:588} INFO - Filling up the DagBag from /Users/alookso/1007MLpj/myenv/lib/python3.10/site-packages/airflow/example_dags/example_short_circuit_operator.py
[2024-10-11T00:49:57.569+0900] {processor.py:925} INFO - DAG(s) 'example_short_circuit_operator' retrieved from /Users/alookso/1007MLpj/myenv/lib/python3.10/site-packages/airflow/example_dags/example_short_circuit_operator.py
[2024-10-11T00:49:57.706+0900] {logging_mixin.py:190} INFO - [2024-10-11T00:49:57.705+0900] {dag.py:3239} INFO - Sync 1 DAGs
[2024-10-11T00:49:57.719+0900] {logging_mixin.py:190} INFO - [2024-10-11T00:49:57.719+0900] {dag.py:4180} INFO - Setting next_dagrun for example_short_circuit_operator to None, run_after=None
[2024-10-11T00:49:57.738+0900] {processor.py:208} INFO - Processing /Users/alookso/1007MLpj/myenv/lib/python3.10/site-packages/airflow/example_dags/example_short_circuit_operator.py took 0.204 seconds
[2024-10-11T00:53:00.815+0900] {processor.py:186} INFO - Started process (PID=66481) to work on /Users/alookso/1007MLpj/myenv/lib/python3.10/site-packages/airflow/example_dags/example_short_circuit_operator.py
[2024-10-11T00:53:00.815+0900] {processor.py:914} INFO - Processing file /Users/alookso/1007MLpj/myenv/lib/python3.10/site-packages/airflow/example_dags/example_short_circuit_operator.py for tasks to queue
[2024-10-11T00:53:00.816+0900] {logging_mixin.py:190} INFO - [2024-10-11T00:53:00.816+0900] {dagbag.py:588} INFO - Filling up the DagBag from /Users/alookso/1007MLpj/myenv/lib/python3.10/site-packages/airflow/example_dags/example_short_circuit_operator.py
[2024-10-11T00:53:00.846+0900] {processor.py:925} INFO - DAG(s) 'example_short_circuit_operator' retrieved from /Users/alookso/1007MLpj/myenv/lib/python3.10/site-packages/airflow/example_dags/example_short_circuit_operator.py
[2024-10-11T00:53:00.979+0900] {logging_mixin.py:190} INFO - [2024-10-11T00:53:00.979+0900] {dag.py:3239} INFO - Sync 1 DAGs
[2024-10-11T00:53:00.993+0900] {logging_mixin.py:190} INFO - [2024-10-11T00:53:00.993+0900] {dag.py:4180} INFO - Setting next_dagrun for example_short_circuit_operator to None, run_after=None
[2024-10-11T00:53:01.013+0900] {processor.py:208} INFO - Processing /Users/alookso/1007MLpj/myenv/lib/python3.10/site-packages/airflow/example_dags/example_short_circuit_operator.py took 0.203 seconds
