[2024-10-10T15:33:21.138+0900] {processor.py:186} INFO - Started process (PID=56065) to work on /Users/alookso/1007MLpj/myenv/lib/python3.10/site-packages/airflow/example_dags/example_setup_teardown_taskflow.py
[2024-10-10T15:33:21.140+0900] {processor.py:914} INFO - Processing file /Users/alookso/1007MLpj/myenv/lib/python3.10/site-packages/airflow/example_dags/example_setup_teardown_taskflow.py for tasks to queue
[2024-10-10T15:33:21.141+0900] {logging_mixin.py:190} INFO - [2024-10-10T15:33:21.141+0900] {dagbag.py:588} INFO - Filling up the DagBag from /Users/alookso/1007MLpj/myenv/lib/python3.10/site-packages/airflow/example_dags/example_setup_teardown_taskflow.py
[2024-10-10T15:33:21.186+0900] {processor.py:925} INFO - DAG(s) 'example_setup_teardown_taskflow' retrieved from /Users/alookso/1007MLpj/myenv/lib/python3.10/site-packages/airflow/example_dags/example_setup_teardown_taskflow.py
[2024-10-10T15:33:21.420+0900] {logging_mixin.py:190} INFO - [2024-10-10T15:33:21.420+0900] {override.py:1901} INFO - Created Permission View: can edit on DAG:example_setup_teardown_taskflow
[2024-10-10T15:33:21.454+0900] {logging_mixin.py:190} INFO - [2024-10-10T15:33:21.454+0900] {override.py:1901} INFO - Created Permission View: can read on DAG:example_setup_teardown_taskflow
[2024-10-10T15:33:21.462+0900] {logging_mixin.py:190} INFO - [2024-10-10T15:33:21.461+0900] {override.py:1901} INFO - Created Permission View: can delete on DAG:example_setup_teardown_taskflow
[2024-10-10T15:33:21.472+0900] {logging_mixin.py:190} INFO - [2024-10-10T15:33:21.472+0900] {override.py:1901} INFO - Created Permission View: menu access on DAG Run:example_setup_teardown_taskflow
[2024-10-10T15:33:21.480+0900] {logging_mixin.py:190} INFO - [2024-10-10T15:33:21.479+0900] {override.py:1901} INFO - Created Permission View: can create on DAG Run:example_setup_teardown_taskflow
[2024-10-10T15:33:21.487+0900] {logging_mixin.py:190} INFO - [2024-10-10T15:33:21.487+0900] {override.py:1901} INFO - Created Permission View: can read on DAG Run:example_setup_teardown_taskflow
[2024-10-10T15:33:21.495+0900] {logging_mixin.py:190} INFO - [2024-10-10T15:33:21.494+0900] {override.py:1901} INFO - Created Permission View: can delete on DAG Run:example_setup_teardown_taskflow
[2024-10-10T15:33:21.495+0900] {logging_mixin.py:190} INFO - [2024-10-10T15:33:21.495+0900] {dag.py:3239} INFO - Sync 1 DAGs
[2024-10-10T15:33:21.512+0900] {logging_mixin.py:190} INFO - [2024-10-10T15:33:21.512+0900] {dag.py:3262} INFO - Creating ORM DAG for example_setup_teardown_taskflow
[2024-10-10T15:33:21.513+0900] {logging_mixin.py:190} INFO - [2024-10-10T15:33:21.512+0900] {dag.py:4180} INFO - Setting next_dagrun for example_setup_teardown_taskflow to None, run_after=None
[2024-10-10T15:33:21.531+0900] {processor.py:208} INFO - Processing /Users/alookso/1007MLpj/myenv/lib/python3.10/site-packages/airflow/example_dags/example_setup_teardown_taskflow.py took 0.398 seconds
[2024-10-10T15:37:52.388+0900] {processor.py:186} INFO - Started process (PID=56247) to work on /Users/alookso/1007MLpj/myenv/lib/python3.10/site-packages/airflow/example_dags/example_setup_teardown_taskflow.py
[2024-10-10T15:37:52.390+0900] {processor.py:914} INFO - Processing file /Users/alookso/1007MLpj/myenv/lib/python3.10/site-packages/airflow/example_dags/example_setup_teardown_taskflow.py for tasks to queue
[2024-10-10T15:37:52.391+0900] {logging_mixin.py:190} INFO - [2024-10-10T15:37:52.391+0900] {dagbag.py:588} INFO - Filling up the DagBag from /Users/alookso/1007MLpj/myenv/lib/python3.10/site-packages/airflow/example_dags/example_setup_teardown_taskflow.py
[2024-10-10T15:37:52.435+0900] {processor.py:925} INFO - DAG(s) 'example_setup_teardown_taskflow' retrieved from /Users/alookso/1007MLpj/myenv/lib/python3.10/site-packages/airflow/example_dags/example_setup_teardown_taskflow.py
[2024-10-10T15:37:52.566+0900] {logging_mixin.py:190} INFO - [2024-10-10T15:37:52.566+0900] {dag.py:3239} INFO - Sync 1 DAGs
[2024-10-10T15:37:52.581+0900] {logging_mixin.py:190} INFO - [2024-10-10T15:37:52.580+0900] {dag.py:4180} INFO - Setting next_dagrun for example_setup_teardown_taskflow to None, run_after=None
[2024-10-10T15:37:52.600+0900] {processor.py:208} INFO - Processing /Users/alookso/1007MLpj/myenv/lib/python3.10/site-packages/airflow/example_dags/example_setup_teardown_taskflow.py took 0.217 seconds
[2024-10-10T15:42:30.473+0900] {processor.py:186} INFO - Started process (PID=56449) to work on /Users/alookso/1007MLpj/myenv/lib/python3.10/site-packages/airflow/example_dags/example_setup_teardown_taskflow.py
[2024-10-10T15:42:30.473+0900] {processor.py:914} INFO - Processing file /Users/alookso/1007MLpj/myenv/lib/python3.10/site-packages/airflow/example_dags/example_setup_teardown_taskflow.py for tasks to queue
[2024-10-10T15:42:30.474+0900] {logging_mixin.py:190} INFO - [2024-10-10T15:42:30.474+0900] {dagbag.py:588} INFO - Filling up the DagBag from /Users/alookso/1007MLpj/myenv/lib/python3.10/site-packages/airflow/example_dags/example_setup_teardown_taskflow.py
[2024-10-10T15:42:30.518+0900] {processor.py:925} INFO - DAG(s) 'example_setup_teardown_taskflow' retrieved from /Users/alookso/1007MLpj/myenv/lib/python3.10/site-packages/airflow/example_dags/example_setup_teardown_taskflow.py
[2024-10-10T15:42:30.650+0900] {logging_mixin.py:190} INFO - [2024-10-10T15:42:30.650+0900] {dag.py:3239} INFO - Sync 1 DAGs
[2024-10-10T15:42:30.665+0900] {logging_mixin.py:190} INFO - [2024-10-10T15:42:30.664+0900] {dag.py:4180} INFO - Setting next_dagrun for example_setup_teardown_taskflow to None, run_after=None
[2024-10-10T15:42:30.684+0900] {processor.py:208} INFO - Processing /Users/alookso/1007MLpj/myenv/lib/python3.10/site-packages/airflow/example_dags/example_setup_teardown_taskflow.py took 0.216 seconds
[2024-10-10T15:47:46.912+0900] {processor.py:186} INFO - Started process (PID=56699) to work on /Users/alookso/1007MLpj/myenv/lib/python3.10/site-packages/airflow/example_dags/example_setup_teardown_taskflow.py
[2024-10-10T15:47:46.915+0900] {processor.py:914} INFO - Processing file /Users/alookso/1007MLpj/myenv/lib/python3.10/site-packages/airflow/example_dags/example_setup_teardown_taskflow.py for tasks to queue
[2024-10-10T15:47:46.916+0900] {logging_mixin.py:190} INFO - [2024-10-10T15:47:46.916+0900] {dagbag.py:588} INFO - Filling up the DagBag from /Users/alookso/1007MLpj/myenv/lib/python3.10/site-packages/airflow/example_dags/example_setup_teardown_taskflow.py
[2024-10-10T15:47:46.978+0900] {processor.py:925} INFO - DAG(s) 'example_setup_teardown_taskflow' retrieved from /Users/alookso/1007MLpj/myenv/lib/python3.10/site-packages/airflow/example_dags/example_setup_teardown_taskflow.py
[2024-10-10T15:47:47.174+0900] {logging_mixin.py:190} INFO - [2024-10-10T15:47:47.174+0900] {dag.py:3239} INFO - Sync 1 DAGs
[2024-10-10T15:47:47.196+0900] {logging_mixin.py:190} INFO - [2024-10-10T15:47:47.196+0900] {dag.py:4180} INFO - Setting next_dagrun for example_setup_teardown_taskflow to None, run_after=None
[2024-10-10T15:47:47.227+0900] {processor.py:208} INFO - Processing /Users/alookso/1007MLpj/myenv/lib/python3.10/site-packages/airflow/example_dags/example_setup_teardown_taskflow.py took 0.323 seconds
[2024-10-10T15:52:02.955+0900] {processor.py:186} INFO - Started process (PID=56898) to work on /Users/alookso/1007MLpj/myenv/lib/python3.10/site-packages/airflow/example_dags/example_setup_teardown_taskflow.py
[2024-10-10T15:52:02.957+0900] {processor.py:914} INFO - Processing file /Users/alookso/1007MLpj/myenv/lib/python3.10/site-packages/airflow/example_dags/example_setup_teardown_taskflow.py for tasks to queue
[2024-10-10T15:52:02.957+0900] {logging_mixin.py:190} INFO - [2024-10-10T15:52:02.957+0900] {dagbag.py:588} INFO - Filling up the DagBag from /Users/alookso/1007MLpj/myenv/lib/python3.10/site-packages/airflow/example_dags/example_setup_teardown_taskflow.py
[2024-10-10T15:52:03.000+0900] {processor.py:925} INFO - DAG(s) 'example_setup_teardown_taskflow' retrieved from /Users/alookso/1007MLpj/myenv/lib/python3.10/site-packages/airflow/example_dags/example_setup_teardown_taskflow.py
[2024-10-10T15:52:03.132+0900] {logging_mixin.py:190} INFO - [2024-10-10T15:52:03.131+0900] {dag.py:3239} INFO - Sync 1 DAGs
[2024-10-10T15:52:03.146+0900] {logging_mixin.py:190} INFO - [2024-10-10T15:52:03.145+0900] {dag.py:4180} INFO - Setting next_dagrun for example_setup_teardown_taskflow to None, run_after=None
[2024-10-10T15:52:03.165+0900] {processor.py:208} INFO - Processing /Users/alookso/1007MLpj/myenv/lib/python3.10/site-packages/airflow/example_dags/example_setup_teardown_taskflow.py took 0.215 seconds
[2024-10-10T16:18:54.804+0900] {processor.py:186} INFO - Started process (PID=57355) to work on /Users/alookso/1007MLpj/myenv/lib/python3.10/site-packages/airflow/example_dags/example_setup_teardown_taskflow.py
[2024-10-10T16:18:54.806+0900] {processor.py:914} INFO - Processing file /Users/alookso/1007MLpj/myenv/lib/python3.10/site-packages/airflow/example_dags/example_setup_teardown_taskflow.py for tasks to queue
[2024-10-10T16:18:54.807+0900] {logging_mixin.py:190} INFO - [2024-10-10T16:18:54.807+0900] {dagbag.py:588} INFO - Filling up the DagBag from /Users/alookso/1007MLpj/myenv/lib/python3.10/site-packages/airflow/example_dags/example_setup_teardown_taskflow.py
[2024-10-10T16:18:54.851+0900] {processor.py:925} INFO - DAG(s) 'example_setup_teardown_taskflow' retrieved from /Users/alookso/1007MLpj/myenv/lib/python3.10/site-packages/airflow/example_dags/example_setup_teardown_taskflow.py
[2024-10-10T16:18:54.983+0900] {logging_mixin.py:190} INFO - [2024-10-10T16:18:54.983+0900] {dag.py:3239} INFO - Sync 1 DAGs
[2024-10-10T16:18:54.997+0900] {logging_mixin.py:190} INFO - [2024-10-10T16:18:54.997+0900] {dag.py:4180} INFO - Setting next_dagrun for example_setup_teardown_taskflow to None, run_after=None
[2024-10-10T16:18:55.017+0900] {processor.py:208} INFO - Processing /Users/alookso/1007MLpj/myenv/lib/python3.10/site-packages/airflow/example_dags/example_setup_teardown_taskflow.py took 0.217 seconds
[2024-10-10T16:23:14.319+0900] {processor.py:186} INFO - Started process (PID=57496) to work on /Users/alookso/1007MLpj/myenv/lib/python3.10/site-packages/airflow/example_dags/example_setup_teardown_taskflow.py
[2024-10-10T16:23:14.320+0900] {processor.py:914} INFO - Processing file /Users/alookso/1007MLpj/myenv/lib/python3.10/site-packages/airflow/example_dags/example_setup_teardown_taskflow.py for tasks to queue
[2024-10-10T16:23:14.321+0900] {logging_mixin.py:190} INFO - [2024-10-10T16:23:14.321+0900] {dagbag.py:588} INFO - Filling up the DagBag from /Users/alookso/1007MLpj/myenv/lib/python3.10/site-packages/airflow/example_dags/example_setup_teardown_taskflow.py
[2024-10-10T16:23:14.367+0900] {processor.py:925} INFO - DAG(s) 'example_setup_teardown_taskflow' retrieved from /Users/alookso/1007MLpj/myenv/lib/python3.10/site-packages/airflow/example_dags/example_setup_teardown_taskflow.py
[2024-10-10T16:23:14.502+0900] {logging_mixin.py:190} INFO - [2024-10-10T16:23:14.502+0900] {dag.py:3239} INFO - Sync 1 DAGs
[2024-10-10T16:23:14.516+0900] {logging_mixin.py:190} INFO - [2024-10-10T16:23:14.516+0900] {dag.py:4180} INFO - Setting next_dagrun for example_setup_teardown_taskflow to None, run_after=None
[2024-10-10T16:23:14.536+0900] {processor.py:208} INFO - Processing /Users/alookso/1007MLpj/myenv/lib/python3.10/site-packages/airflow/example_dags/example_setup_teardown_taskflow.py took 0.222 seconds
[2024-10-10T16:26:55.295+0900] {processor.py:186} INFO - Started process (PID=57671) to work on /Users/alookso/1007MLpj/myenv/lib/python3.10/site-packages/airflow/example_dags/example_setup_teardown_taskflow.py
[2024-10-10T16:26:55.297+0900] {processor.py:914} INFO - Processing file /Users/alookso/1007MLpj/myenv/lib/python3.10/site-packages/airflow/example_dags/example_setup_teardown_taskflow.py for tasks to queue
[2024-10-10T16:26:55.299+0900] {logging_mixin.py:190} INFO - [2024-10-10T16:26:55.298+0900] {dagbag.py:588} INFO - Filling up the DagBag from /Users/alookso/1007MLpj/myenv/lib/python3.10/site-packages/airflow/example_dags/example_setup_teardown_taskflow.py
[2024-10-10T16:26:55.347+0900] {processor.py:925} INFO - DAG(s) 'example_setup_teardown_taskflow' retrieved from /Users/alookso/1007MLpj/myenv/lib/python3.10/site-packages/airflow/example_dags/example_setup_teardown_taskflow.py
[2024-10-10T16:26:55.489+0900] {logging_mixin.py:190} INFO - [2024-10-10T16:26:55.488+0900] {dag.py:3239} INFO - Sync 1 DAGs
[2024-10-10T16:26:55.503+0900] {logging_mixin.py:190} INFO - [2024-10-10T16:26:55.503+0900] {dag.py:4180} INFO - Setting next_dagrun for example_setup_teardown_taskflow to None, run_after=None
[2024-10-10T16:26:55.524+0900] {processor.py:208} INFO - Processing /Users/alookso/1007MLpj/myenv/lib/python3.10/site-packages/airflow/example_dags/example_setup_teardown_taskflow.py took 0.234 seconds
[2024-10-10T16:33:19.657+0900] {processor.py:186} INFO - Started process (PID=57982) to work on /Users/alookso/1007MLpj/myenv/lib/python3.10/site-packages/airflow/example_dags/example_setup_teardown_taskflow.py
[2024-10-10T16:33:19.658+0900] {processor.py:914} INFO - Processing file /Users/alookso/1007MLpj/myenv/lib/python3.10/site-packages/airflow/example_dags/example_setup_teardown_taskflow.py for tasks to queue
[2024-10-10T16:33:19.659+0900] {logging_mixin.py:190} INFO - [2024-10-10T16:33:19.658+0900] {dagbag.py:588} INFO - Filling up the DagBag from /Users/alookso/1007MLpj/myenv/lib/python3.10/site-packages/airflow/example_dags/example_setup_teardown_taskflow.py
[2024-10-10T16:33:19.701+0900] {processor.py:925} INFO - DAG(s) 'example_setup_teardown_taskflow' retrieved from /Users/alookso/1007MLpj/myenv/lib/python3.10/site-packages/airflow/example_dags/example_setup_teardown_taskflow.py
[2024-10-10T16:33:19.833+0900] {logging_mixin.py:190} INFO - [2024-10-10T16:33:19.832+0900] {dag.py:3239} INFO - Sync 1 DAGs
[2024-10-10T16:33:19.846+0900] {logging_mixin.py:190} INFO - [2024-10-10T16:33:19.846+0900] {dag.py:4180} INFO - Setting next_dagrun for example_setup_teardown_taskflow to None, run_after=None
[2024-10-10T16:33:19.865+0900] {processor.py:208} INFO - Processing /Users/alookso/1007MLpj/myenv/lib/python3.10/site-packages/airflow/example_dags/example_setup_teardown_taskflow.py took 0.213 seconds
[2024-10-10T16:37:18.595+0900] {processor.py:186} INFO - Started process (PID=58083) to work on /Users/alookso/1007MLpj/myenv/lib/python3.10/site-packages/airflow/example_dags/example_setup_teardown_taskflow.py
[2024-10-10T16:37:18.596+0900] {processor.py:914} INFO - Processing file /Users/alookso/1007MLpj/myenv/lib/python3.10/site-packages/airflow/example_dags/example_setup_teardown_taskflow.py for tasks to queue
[2024-10-10T16:37:18.597+0900] {logging_mixin.py:190} INFO - [2024-10-10T16:37:18.596+0900] {dagbag.py:588} INFO - Filling up the DagBag from /Users/alookso/1007MLpj/myenv/lib/python3.10/site-packages/airflow/example_dags/example_setup_teardown_taskflow.py
[2024-10-10T16:37:18.642+0900] {processor.py:925} INFO - DAG(s) 'example_setup_teardown_taskflow' retrieved from /Users/alookso/1007MLpj/myenv/lib/python3.10/site-packages/airflow/example_dags/example_setup_teardown_taskflow.py
[2024-10-10T16:37:18.778+0900] {logging_mixin.py:190} INFO - [2024-10-10T16:37:18.777+0900] {dag.py:3239} INFO - Sync 1 DAGs
[2024-10-10T16:37:18.792+0900] {logging_mixin.py:190} INFO - [2024-10-10T16:37:18.791+0900] {dag.py:4180} INFO - Setting next_dagrun for example_setup_teardown_taskflow to None, run_after=None
[2024-10-10T16:37:18.813+0900] {processor.py:208} INFO - Processing /Users/alookso/1007MLpj/myenv/lib/python3.10/site-packages/airflow/example_dags/example_setup_teardown_taskflow.py took 0.224 seconds
[2024-10-10T16:40:57.917+0900] {processor.py:186} INFO - Started process (PID=58171) to work on /Users/alookso/1007MLpj/myenv/lib/python3.10/site-packages/airflow/example_dags/example_setup_teardown_taskflow.py
[2024-10-10T16:40:57.919+0900] {processor.py:914} INFO - Processing file /Users/alookso/1007MLpj/myenv/lib/python3.10/site-packages/airflow/example_dags/example_setup_teardown_taskflow.py for tasks to queue
[2024-10-10T16:40:57.920+0900] {logging_mixin.py:190} INFO - [2024-10-10T16:40:57.920+0900] {dagbag.py:588} INFO - Filling up the DagBag from /Users/alookso/1007MLpj/myenv/lib/python3.10/site-packages/airflow/example_dags/example_setup_teardown_taskflow.py
[2024-10-10T16:40:57.971+0900] {processor.py:925} INFO - DAG(s) 'example_setup_teardown_taskflow' retrieved from /Users/alookso/1007MLpj/myenv/lib/python3.10/site-packages/airflow/example_dags/example_setup_teardown_taskflow.py
[2024-10-10T16:40:58.124+0900] {logging_mixin.py:190} INFO - [2024-10-10T16:40:58.124+0900] {dag.py:3239} INFO - Sync 1 DAGs
[2024-10-10T16:40:58.139+0900] {logging_mixin.py:190} INFO - [2024-10-10T16:40:58.139+0900] {dag.py:4180} INFO - Setting next_dagrun for example_setup_teardown_taskflow to None, run_after=None
[2024-10-10T16:40:58.159+0900] {processor.py:208} INFO - Processing /Users/alookso/1007MLpj/myenv/lib/python3.10/site-packages/airflow/example_dags/example_setup_teardown_taskflow.py took 0.249 seconds
[2024-10-10T16:44:32.165+0900] {processor.py:186} INFO - Started process (PID=58282) to work on /Users/alookso/1007MLpj/myenv/lib/python3.10/site-packages/airflow/example_dags/example_setup_teardown_taskflow.py
[2024-10-10T16:44:32.167+0900] {processor.py:914} INFO - Processing file /Users/alookso/1007MLpj/myenv/lib/python3.10/site-packages/airflow/example_dags/example_setup_teardown_taskflow.py for tasks to queue
[2024-10-10T16:44:32.168+0900] {logging_mixin.py:190} INFO - [2024-10-10T16:44:32.168+0900] {dagbag.py:588} INFO - Filling up the DagBag from /Users/alookso/1007MLpj/myenv/lib/python3.10/site-packages/airflow/example_dags/example_setup_teardown_taskflow.py
[2024-10-10T16:44:32.216+0900] {processor.py:925} INFO - DAG(s) 'example_setup_teardown_taskflow' retrieved from /Users/alookso/1007MLpj/myenv/lib/python3.10/site-packages/airflow/example_dags/example_setup_teardown_taskflow.py
[2024-10-10T16:44:32.354+0900] {logging_mixin.py:190} INFO - [2024-10-10T16:44:32.353+0900] {dag.py:3239} INFO - Sync 1 DAGs
[2024-10-10T16:44:32.368+0900] {logging_mixin.py:190} INFO - [2024-10-10T16:44:32.368+0900] {dag.py:4180} INFO - Setting next_dagrun for example_setup_teardown_taskflow to None, run_after=None
[2024-10-10T16:44:32.388+0900] {processor.py:208} INFO - Processing /Users/alookso/1007MLpj/myenv/lib/python3.10/site-packages/airflow/example_dags/example_setup_teardown_taskflow.py took 0.230 seconds
[2024-10-10T16:50:45.836+0900] {processor.py:186} INFO - Started process (PID=58623) to work on /Users/alookso/1007MLpj/myenv/lib/python3.10/site-packages/airflow/example_dags/example_setup_teardown_taskflow.py
[2024-10-10T16:50:45.838+0900] {processor.py:914} INFO - Processing file /Users/alookso/1007MLpj/myenv/lib/python3.10/site-packages/airflow/example_dags/example_setup_teardown_taskflow.py for tasks to queue
[2024-10-10T16:50:45.839+0900] {logging_mixin.py:190} INFO - [2024-10-10T16:50:45.839+0900] {dagbag.py:588} INFO - Filling up the DagBag from /Users/alookso/1007MLpj/myenv/lib/python3.10/site-packages/airflow/example_dags/example_setup_teardown_taskflow.py
[2024-10-10T16:50:45.883+0900] {processor.py:925} INFO - DAG(s) 'example_setup_teardown_taskflow' retrieved from /Users/alookso/1007MLpj/myenv/lib/python3.10/site-packages/airflow/example_dags/example_setup_teardown_taskflow.py
[2024-10-10T16:50:46.011+0900] {logging_mixin.py:190} INFO - [2024-10-10T16:50:46.011+0900] {dag.py:3239} INFO - Sync 1 DAGs
[2024-10-10T16:50:46.026+0900] {logging_mixin.py:190} INFO - [2024-10-10T16:50:46.025+0900] {dag.py:4180} INFO - Setting next_dagrun for example_setup_teardown_taskflow to None, run_after=None
[2024-10-10T16:50:46.045+0900] {processor.py:208} INFO - Processing /Users/alookso/1007MLpj/myenv/lib/python3.10/site-packages/airflow/example_dags/example_setup_teardown_taskflow.py took 0.213 seconds
[2024-10-10T23:48:39.459+0900] {processor.py:186} INFO - Started process (PID=63456) to work on /Users/alookso/1007MLpj/myenv/lib/python3.10/site-packages/airflow/example_dags/example_setup_teardown_taskflow.py
[2024-10-10T23:48:39.461+0900] {processor.py:914} INFO - Processing file /Users/alookso/1007MLpj/myenv/lib/python3.10/site-packages/airflow/example_dags/example_setup_teardown_taskflow.py for tasks to queue
[2024-10-10T23:48:39.462+0900] {logging_mixin.py:190} INFO - [2024-10-10T23:48:39.462+0900] {dagbag.py:588} INFO - Filling up the DagBag from /Users/alookso/1007MLpj/myenv/lib/python3.10/site-packages/airflow/example_dags/example_setup_teardown_taskflow.py
[2024-10-10T23:48:39.512+0900] {processor.py:925} INFO - DAG(s) 'example_setup_teardown_taskflow' retrieved from /Users/alookso/1007MLpj/myenv/lib/python3.10/site-packages/airflow/example_dags/example_setup_teardown_taskflow.py
[2024-10-10T23:48:39.663+0900] {logging_mixin.py:190} INFO - [2024-10-10T23:48:39.663+0900] {dag.py:3239} INFO - Sync 1 DAGs
[2024-10-10T23:48:39.679+0900] {logging_mixin.py:190} INFO - [2024-10-10T23:48:39.679+0900] {dag.py:4180} INFO - Setting next_dagrun for example_setup_teardown_taskflow to None, run_after=None
[2024-10-10T23:48:39.703+0900] {processor.py:208} INFO - Processing /Users/alookso/1007MLpj/myenv/lib/python3.10/site-packages/airflow/example_dags/example_setup_teardown_taskflow.py took 0.249 seconds
[2024-10-10T23:51:57.512+0900] {processor.py:186} INFO - Started process (PID=63655) to work on /Users/alookso/1007MLpj/myenv/lib/python3.10/site-packages/airflow/example_dags/example_setup_teardown_taskflow.py
[2024-10-10T23:51:57.512+0900] {processor.py:914} INFO - Processing file /Users/alookso/1007MLpj/myenv/lib/python3.10/site-packages/airflow/example_dags/example_setup_teardown_taskflow.py for tasks to queue
[2024-10-10T23:51:57.513+0900] {logging_mixin.py:190} INFO - [2024-10-10T23:51:57.513+0900] {dagbag.py:588} INFO - Filling up the DagBag from /Users/alookso/1007MLpj/myenv/lib/python3.10/site-packages/airflow/example_dags/example_setup_teardown_taskflow.py
[2024-10-10T23:51:57.557+0900] {processor.py:925} INFO - DAG(s) 'example_setup_teardown_taskflow' retrieved from /Users/alookso/1007MLpj/myenv/lib/python3.10/site-packages/airflow/example_dags/example_setup_teardown_taskflow.py
[2024-10-10T23:51:57.686+0900] {logging_mixin.py:190} INFO - [2024-10-10T23:51:57.686+0900] {dag.py:3239} INFO - Sync 1 DAGs
[2024-10-10T23:51:57.700+0900] {logging_mixin.py:190} INFO - [2024-10-10T23:51:57.700+0900] {dag.py:4180} INFO - Setting next_dagrun for example_setup_teardown_taskflow to None, run_after=None
[2024-10-10T23:51:57.721+0900] {processor.py:208} INFO - Processing /Users/alookso/1007MLpj/myenv/lib/python3.10/site-packages/airflow/example_dags/example_setup_teardown_taskflow.py took 0.213 seconds
[2024-10-10T23:54:54.380+0900] {processor.py:186} INFO - Started process (PID=63787) to work on /Users/alookso/1007MLpj/myenv/lib/python3.10/site-packages/airflow/example_dags/example_setup_teardown_taskflow.py
[2024-10-10T23:54:54.381+0900] {processor.py:914} INFO - Processing file /Users/alookso/1007MLpj/myenv/lib/python3.10/site-packages/airflow/example_dags/example_setup_teardown_taskflow.py for tasks to queue
[2024-10-10T23:54:54.382+0900] {logging_mixin.py:190} INFO - [2024-10-10T23:54:54.382+0900] {dagbag.py:588} INFO - Filling up the DagBag from /Users/alookso/1007MLpj/myenv/lib/python3.10/site-packages/airflow/example_dags/example_setup_teardown_taskflow.py
[2024-10-10T23:54:54.424+0900] {processor.py:925} INFO - DAG(s) 'example_setup_teardown_taskflow' retrieved from /Users/alookso/1007MLpj/myenv/lib/python3.10/site-packages/airflow/example_dags/example_setup_teardown_taskflow.py
[2024-10-10T23:54:54.556+0900] {logging_mixin.py:190} INFO - [2024-10-10T23:54:54.555+0900] {dag.py:3239} INFO - Sync 1 DAGs
[2024-10-10T23:54:54.571+0900] {logging_mixin.py:190} INFO - [2024-10-10T23:54:54.570+0900] {dag.py:4180} INFO - Setting next_dagrun for example_setup_teardown_taskflow to None, run_after=None
[2024-10-10T23:54:54.590+0900] {processor.py:208} INFO - Processing /Users/alookso/1007MLpj/myenv/lib/python3.10/site-packages/airflow/example_dags/example_setup_teardown_taskflow.py took 0.214 seconds
[2024-10-10T23:57:28.063+0900] {processor.py:186} INFO - Started process (PID=63879) to work on /Users/alookso/1007MLpj/myenv/lib/python3.10/site-packages/airflow/example_dags/example_setup_teardown_taskflow.py
[2024-10-10T23:57:28.064+0900] {processor.py:914} INFO - Processing file /Users/alookso/1007MLpj/myenv/lib/python3.10/site-packages/airflow/example_dags/example_setup_teardown_taskflow.py for tasks to queue
[2024-10-10T23:57:28.065+0900] {logging_mixin.py:190} INFO - [2024-10-10T23:57:28.065+0900] {dagbag.py:588} INFO - Filling up the DagBag from /Users/alookso/1007MLpj/myenv/lib/python3.10/site-packages/airflow/example_dags/example_setup_teardown_taskflow.py
[2024-10-10T23:57:28.119+0900] {processor.py:925} INFO - DAG(s) 'example_setup_teardown_taskflow' retrieved from /Users/alookso/1007MLpj/myenv/lib/python3.10/site-packages/airflow/example_dags/example_setup_teardown_taskflow.py
[2024-10-10T23:57:28.281+0900] {logging_mixin.py:190} INFO - [2024-10-10T23:57:28.281+0900] {dag.py:3239} INFO - Sync 1 DAGs
[2024-10-10T23:57:28.300+0900] {logging_mixin.py:190} INFO - [2024-10-10T23:57:28.300+0900] {dag.py:4180} INFO - Setting next_dagrun for example_setup_teardown_taskflow to None, run_after=None
[2024-10-10T23:57:28.327+0900] {processor.py:208} INFO - Processing /Users/alookso/1007MLpj/myenv/lib/python3.10/site-packages/airflow/example_dags/example_setup_teardown_taskflow.py took 0.271 seconds
[2024-10-11T00:01:59.246+0900] {processor.py:186} INFO - Started process (PID=64107) to work on /Users/alookso/1007MLpj/myenv/lib/python3.10/site-packages/airflow/example_dags/example_setup_teardown_taskflow.py
[2024-10-11T00:01:59.247+0900] {processor.py:914} INFO - Processing file /Users/alookso/1007MLpj/myenv/lib/python3.10/site-packages/airflow/example_dags/example_setup_teardown_taskflow.py for tasks to queue
[2024-10-11T00:01:59.247+0900] {logging_mixin.py:190} INFO - [2024-10-11T00:01:59.247+0900] {dagbag.py:588} INFO - Filling up the DagBag from /Users/alookso/1007MLpj/myenv/lib/python3.10/site-packages/airflow/example_dags/example_setup_teardown_taskflow.py
[2024-10-11T00:01:59.291+0900] {processor.py:925} INFO - DAG(s) 'example_setup_teardown_taskflow' retrieved from /Users/alookso/1007MLpj/myenv/lib/python3.10/site-packages/airflow/example_dags/example_setup_teardown_taskflow.py
[2024-10-11T00:01:59.425+0900] {logging_mixin.py:190} INFO - [2024-10-11T00:01:59.425+0900] {dag.py:3239} INFO - Sync 1 DAGs
[2024-10-11T00:01:59.439+0900] {logging_mixin.py:190} INFO - [2024-10-11T00:01:59.439+0900] {dag.py:4180} INFO - Setting next_dagrun for example_setup_teardown_taskflow to None, run_after=None
[2024-10-11T00:01:59.459+0900] {processor.py:208} INFO - Processing /Users/alookso/1007MLpj/myenv/lib/python3.10/site-packages/airflow/example_dags/example_setup_teardown_taskflow.py took 0.217 seconds
[2024-10-11T00:05:09.749+0900] {processor.py:186} INFO - Started process (PID=64275) to work on /Users/alookso/1007MLpj/myenv/lib/python3.10/site-packages/airflow/example_dags/example_setup_teardown_taskflow.py
[2024-10-11T00:05:09.750+0900] {processor.py:914} INFO - Processing file /Users/alookso/1007MLpj/myenv/lib/python3.10/site-packages/airflow/example_dags/example_setup_teardown_taskflow.py for tasks to queue
[2024-10-11T00:05:09.751+0900] {logging_mixin.py:190} INFO - [2024-10-11T00:05:09.751+0900] {dagbag.py:588} INFO - Filling up the DagBag from /Users/alookso/1007MLpj/myenv/lib/python3.10/site-packages/airflow/example_dags/example_setup_teardown_taskflow.py
[2024-10-11T00:05:09.794+0900] {processor.py:925} INFO - DAG(s) 'example_setup_teardown_taskflow' retrieved from /Users/alookso/1007MLpj/myenv/lib/python3.10/site-packages/airflow/example_dags/example_setup_teardown_taskflow.py
[2024-10-11T00:05:09.930+0900] {logging_mixin.py:190} INFO - [2024-10-11T00:05:09.929+0900] {dag.py:3239} INFO - Sync 1 DAGs
[2024-10-11T00:05:09.945+0900] {logging_mixin.py:190} INFO - [2024-10-11T00:05:09.944+0900] {dag.py:4180} INFO - Setting next_dagrun for example_setup_teardown_taskflow to None, run_after=None
[2024-10-11T00:05:09.967+0900] {processor.py:208} INFO - Processing /Users/alookso/1007MLpj/myenv/lib/python3.10/site-packages/airflow/example_dags/example_setup_teardown_taskflow.py took 0.222 seconds
[2024-10-11T00:09:07.545+0900] {processor.py:186} INFO - Started process (PID=64504) to work on /Users/alookso/1007MLpj/myenv/lib/python3.10/site-packages/airflow/example_dags/example_setup_teardown_taskflow.py
[2024-10-11T00:09:07.546+0900] {processor.py:914} INFO - Processing file /Users/alookso/1007MLpj/myenv/lib/python3.10/site-packages/airflow/example_dags/example_setup_teardown_taskflow.py for tasks to queue
[2024-10-11T00:09:07.547+0900] {logging_mixin.py:190} INFO - [2024-10-11T00:09:07.547+0900] {dagbag.py:588} INFO - Filling up the DagBag from /Users/alookso/1007MLpj/myenv/lib/python3.10/site-packages/airflow/example_dags/example_setup_teardown_taskflow.py
[2024-10-11T00:09:07.622+0900] {processor.py:925} INFO - DAG(s) 'example_setup_teardown_taskflow' retrieved from /Users/alookso/1007MLpj/myenv/lib/python3.10/site-packages/airflow/example_dags/example_setup_teardown_taskflow.py
[2024-10-11T00:09:07.787+0900] {logging_mixin.py:190} INFO - [2024-10-11T00:09:07.787+0900] {dag.py:3239} INFO - Sync 1 DAGs
[2024-10-11T00:09:07.803+0900] {logging_mixin.py:190} INFO - [2024-10-11T00:09:07.803+0900] {dag.py:4180} INFO - Setting next_dagrun for example_setup_teardown_taskflow to None, run_after=None
[2024-10-11T00:09:07.824+0900] {processor.py:208} INFO - Processing /Users/alookso/1007MLpj/myenv/lib/python3.10/site-packages/airflow/example_dags/example_setup_teardown_taskflow.py took 0.287 seconds
[2024-10-11T00:12:09.046+0900] {processor.py:186} INFO - Started process (PID=64633) to work on /Users/alookso/1007MLpj/myenv/lib/python3.10/site-packages/airflow/example_dags/example_setup_teardown_taskflow.py
[2024-10-11T00:12:09.047+0900] {processor.py:914} INFO - Processing file /Users/alookso/1007MLpj/myenv/lib/python3.10/site-packages/airflow/example_dags/example_setup_teardown_taskflow.py for tasks to queue
[2024-10-11T00:12:09.048+0900] {logging_mixin.py:190} INFO - [2024-10-11T00:12:09.048+0900] {dagbag.py:588} INFO - Filling up the DagBag from /Users/alookso/1007MLpj/myenv/lib/python3.10/site-packages/airflow/example_dags/example_setup_teardown_taskflow.py
[2024-10-11T00:12:09.092+0900] {processor.py:925} INFO - DAG(s) 'example_setup_teardown_taskflow' retrieved from /Users/alookso/1007MLpj/myenv/lib/python3.10/site-packages/airflow/example_dags/example_setup_teardown_taskflow.py
[2024-10-11T00:12:09.225+0900] {logging_mixin.py:190} INFO - [2024-10-11T00:12:09.224+0900] {dag.py:3239} INFO - Sync 1 DAGs
[2024-10-11T00:12:09.238+0900] {logging_mixin.py:190} INFO - [2024-10-11T00:12:09.238+0900] {dag.py:4180} INFO - Setting next_dagrun for example_setup_teardown_taskflow to None, run_after=None
[2024-10-11T00:12:09.257+0900] {processor.py:208} INFO - Processing /Users/alookso/1007MLpj/myenv/lib/python3.10/site-packages/airflow/example_dags/example_setup_teardown_taskflow.py took 0.216 seconds
[2024-10-11T00:14:38.868+0900] {processor.py:186} INFO - Started process (PID=64748) to work on /Users/alookso/1007MLpj/myenv/lib/python3.10/site-packages/airflow/example_dags/example_setup_teardown_taskflow.py
[2024-10-11T00:14:38.869+0900] {processor.py:914} INFO - Processing file /Users/alookso/1007MLpj/myenv/lib/python3.10/site-packages/airflow/example_dags/example_setup_teardown_taskflow.py for tasks to queue
[2024-10-11T00:14:38.870+0900] {logging_mixin.py:190} INFO - [2024-10-11T00:14:38.869+0900] {dagbag.py:588} INFO - Filling up the DagBag from /Users/alookso/1007MLpj/myenv/lib/python3.10/site-packages/airflow/example_dags/example_setup_teardown_taskflow.py
[2024-10-11T00:14:38.912+0900] {processor.py:925} INFO - DAG(s) 'example_setup_teardown_taskflow' retrieved from /Users/alookso/1007MLpj/myenv/lib/python3.10/site-packages/airflow/example_dags/example_setup_teardown_taskflow.py
[2024-10-11T00:14:39.042+0900] {logging_mixin.py:190} INFO - [2024-10-11T00:14:39.041+0900] {dag.py:3239} INFO - Sync 1 DAGs
[2024-10-11T00:14:39.055+0900] {logging_mixin.py:190} INFO - [2024-10-11T00:14:39.055+0900] {dag.py:4180} INFO - Setting next_dagrun for example_setup_teardown_taskflow to None, run_after=None
[2024-10-11T00:14:39.074+0900] {processor.py:208} INFO - Processing /Users/alookso/1007MLpj/myenv/lib/python3.10/site-packages/airflow/example_dags/example_setup_teardown_taskflow.py took 0.210 seconds
[2024-10-11T00:17:18.909+0900] {processor.py:186} INFO - Started process (PID=64835) to work on /Users/alookso/1007MLpj/myenv/lib/python3.10/site-packages/airflow/example_dags/example_setup_teardown_taskflow.py
[2024-10-11T00:17:18.910+0900] {processor.py:914} INFO - Processing file /Users/alookso/1007MLpj/myenv/lib/python3.10/site-packages/airflow/example_dags/example_setup_teardown_taskflow.py for tasks to queue
[2024-10-11T00:17:18.911+0900] {logging_mixin.py:190} INFO - [2024-10-11T00:17:18.910+0900] {dagbag.py:588} INFO - Filling up the DagBag from /Users/alookso/1007MLpj/myenv/lib/python3.10/site-packages/airflow/example_dags/example_setup_teardown_taskflow.py
[2024-10-11T00:17:18.954+0900] {processor.py:925} INFO - DAG(s) 'example_setup_teardown_taskflow' retrieved from /Users/alookso/1007MLpj/myenv/lib/python3.10/site-packages/airflow/example_dags/example_setup_teardown_taskflow.py
[2024-10-11T00:17:19.083+0900] {logging_mixin.py:190} INFO - [2024-10-11T00:17:19.083+0900] {dag.py:3239} INFO - Sync 1 DAGs
[2024-10-11T00:17:19.097+0900] {logging_mixin.py:190} INFO - [2024-10-11T00:17:19.096+0900] {dag.py:4180} INFO - Setting next_dagrun for example_setup_teardown_taskflow to None, run_after=None
[2024-10-11T00:17:19.115+0900] {processor.py:208} INFO - Processing /Users/alookso/1007MLpj/myenv/lib/python3.10/site-packages/airflow/example_dags/example_setup_teardown_taskflow.py took 0.211 seconds
[2024-10-11T00:19:51.988+0900] {processor.py:186} INFO - Started process (PID=64921) to work on /Users/alookso/1007MLpj/myenv/lib/python3.10/site-packages/airflow/example_dags/example_setup_teardown_taskflow.py
[2024-10-11T00:19:51.988+0900] {processor.py:914} INFO - Processing file /Users/alookso/1007MLpj/myenv/lib/python3.10/site-packages/airflow/example_dags/example_setup_teardown_taskflow.py for tasks to queue
[2024-10-11T00:19:51.989+0900] {logging_mixin.py:190} INFO - [2024-10-11T00:19:51.989+0900] {dagbag.py:588} INFO - Filling up the DagBag from /Users/alookso/1007MLpj/myenv/lib/python3.10/site-packages/airflow/example_dags/example_setup_teardown_taskflow.py
[2024-10-11T00:19:52.032+0900] {processor.py:925} INFO - DAG(s) 'example_setup_teardown_taskflow' retrieved from /Users/alookso/1007MLpj/myenv/lib/python3.10/site-packages/airflow/example_dags/example_setup_teardown_taskflow.py
[2024-10-11T00:19:52.169+0900] {logging_mixin.py:190} INFO - [2024-10-11T00:19:52.169+0900] {dag.py:3239} INFO - Sync 1 DAGs
[2024-10-11T00:19:52.183+0900] {logging_mixin.py:190} INFO - [2024-10-11T00:19:52.183+0900] {dag.py:4180} INFO - Setting next_dagrun for example_setup_teardown_taskflow to None, run_after=None
[2024-10-11T00:19:52.203+0900] {processor.py:208} INFO - Processing /Users/alookso/1007MLpj/myenv/lib/python3.10/site-packages/airflow/example_dags/example_setup_teardown_taskflow.py took 0.220 seconds
[2024-10-11T00:22:30.002+0900] {processor.py:186} INFO - Started process (PID=65019) to work on /Users/alookso/1007MLpj/myenv/lib/python3.10/site-packages/airflow/example_dags/example_setup_teardown_taskflow.py
[2024-10-11T00:22:30.003+0900] {processor.py:914} INFO - Processing file /Users/alookso/1007MLpj/myenv/lib/python3.10/site-packages/airflow/example_dags/example_setup_teardown_taskflow.py for tasks to queue
[2024-10-11T00:22:30.004+0900] {logging_mixin.py:190} INFO - [2024-10-11T00:22:30.004+0900] {dagbag.py:588} INFO - Filling up the DagBag from /Users/alookso/1007MLpj/myenv/lib/python3.10/site-packages/airflow/example_dags/example_setup_teardown_taskflow.py
[2024-10-11T00:22:30.046+0900] {processor.py:925} INFO - DAG(s) 'example_setup_teardown_taskflow' retrieved from /Users/alookso/1007MLpj/myenv/lib/python3.10/site-packages/airflow/example_dags/example_setup_teardown_taskflow.py
[2024-10-11T00:22:30.174+0900] {logging_mixin.py:190} INFO - [2024-10-11T00:22:30.174+0900] {dag.py:3239} INFO - Sync 1 DAGs
[2024-10-11T00:22:30.187+0900] {logging_mixin.py:190} INFO - [2024-10-11T00:22:30.187+0900] {dag.py:4180} INFO - Setting next_dagrun for example_setup_teardown_taskflow to None, run_after=None
[2024-10-11T00:22:30.206+0900] {processor.py:208} INFO - Processing /Users/alookso/1007MLpj/myenv/lib/python3.10/site-packages/airflow/example_dags/example_setup_teardown_taskflow.py took 0.208 seconds
[2024-10-11T00:25:03.269+0900] {processor.py:186} INFO - Started process (PID=65093) to work on /Users/alookso/1007MLpj/myenv/lib/python3.10/site-packages/airflow/example_dags/example_setup_teardown_taskflow.py
[2024-10-11T00:25:03.270+0900] {processor.py:914} INFO - Processing file /Users/alookso/1007MLpj/myenv/lib/python3.10/site-packages/airflow/example_dags/example_setup_teardown_taskflow.py for tasks to queue
[2024-10-11T00:25:03.271+0900] {logging_mixin.py:190} INFO - [2024-10-11T00:25:03.271+0900] {dagbag.py:588} INFO - Filling up the DagBag from /Users/alookso/1007MLpj/myenv/lib/python3.10/site-packages/airflow/example_dags/example_setup_teardown_taskflow.py
[2024-10-11T00:25:03.318+0900] {processor.py:925} INFO - DAG(s) 'example_setup_teardown_taskflow' retrieved from /Users/alookso/1007MLpj/myenv/lib/python3.10/site-packages/airflow/example_dags/example_setup_teardown_taskflow.py
[2024-10-11T00:25:03.449+0900] {logging_mixin.py:190} INFO - [2024-10-11T00:25:03.449+0900] {dag.py:3239} INFO - Sync 1 DAGs
[2024-10-11T00:25:03.463+0900] {logging_mixin.py:190} INFO - [2024-10-11T00:25:03.463+0900] {dag.py:4180} INFO - Setting next_dagrun for example_setup_teardown_taskflow to None, run_after=None
[2024-10-11T00:25:03.482+0900] {processor.py:208} INFO - Processing /Users/alookso/1007MLpj/myenv/lib/python3.10/site-packages/airflow/example_dags/example_setup_teardown_taskflow.py took 0.218 seconds
[2024-10-11T00:28:11.001+0900] {processor.py:186} INFO - Started process (PID=65263) to work on /Users/alookso/1007MLpj/myenv/lib/python3.10/site-packages/airflow/example_dags/example_setup_teardown_taskflow.py
[2024-10-11T00:28:11.002+0900] {processor.py:914} INFO - Processing file /Users/alookso/1007MLpj/myenv/lib/python3.10/site-packages/airflow/example_dags/example_setup_teardown_taskflow.py for tasks to queue
[2024-10-11T00:28:11.003+0900] {logging_mixin.py:190} INFO - [2024-10-11T00:28:11.003+0900] {dagbag.py:588} INFO - Filling up the DagBag from /Users/alookso/1007MLpj/myenv/lib/python3.10/site-packages/airflow/example_dags/example_setup_teardown_taskflow.py
[2024-10-11T00:28:11.053+0900] {processor.py:925} INFO - DAG(s) 'example_setup_teardown_taskflow' retrieved from /Users/alookso/1007MLpj/myenv/lib/python3.10/site-packages/airflow/example_dags/example_setup_teardown_taskflow.py
[2024-10-11T00:28:11.201+0900] {logging_mixin.py:190} INFO - [2024-10-11T00:28:11.200+0900] {dag.py:3239} INFO - Sync 1 DAGs
[2024-10-11T00:28:11.215+0900] {logging_mixin.py:190} INFO - [2024-10-11T00:28:11.214+0900] {dag.py:4180} INFO - Setting next_dagrun for example_setup_teardown_taskflow to None, run_after=None
[2024-10-11T00:28:11.238+0900] {processor.py:208} INFO - Processing /Users/alookso/1007MLpj/myenv/lib/python3.10/site-packages/airflow/example_dags/example_setup_teardown_taskflow.py took 0.243 seconds
[2024-10-11T00:31:34.020+0900] {processor.py:186} INFO - Started process (PID=65427) to work on /Users/alookso/1007MLpj/myenv/lib/python3.10/site-packages/airflow/example_dags/example_setup_teardown_taskflow.py
[2024-10-11T00:31:34.021+0900] {processor.py:914} INFO - Processing file /Users/alookso/1007MLpj/myenv/lib/python3.10/site-packages/airflow/example_dags/example_setup_teardown_taskflow.py for tasks to queue
[2024-10-11T00:31:34.022+0900] {logging_mixin.py:190} INFO - [2024-10-11T00:31:34.022+0900] {dagbag.py:588} INFO - Filling up the DagBag from /Users/alookso/1007MLpj/myenv/lib/python3.10/site-packages/airflow/example_dags/example_setup_teardown_taskflow.py
[2024-10-11T00:31:34.066+0900] {processor.py:925} INFO - DAG(s) 'example_setup_teardown_taskflow' retrieved from /Users/alookso/1007MLpj/myenv/lib/python3.10/site-packages/airflow/example_dags/example_setup_teardown_taskflow.py
[2024-10-11T00:31:34.200+0900] {logging_mixin.py:190} INFO - [2024-10-11T00:31:34.199+0900] {dag.py:3239} INFO - Sync 1 DAGs
[2024-10-11T00:31:34.214+0900] {logging_mixin.py:190} INFO - [2024-10-11T00:31:34.213+0900] {dag.py:4180} INFO - Setting next_dagrun for example_setup_teardown_taskflow to None, run_after=None
[2024-10-11T00:31:34.233+0900] {processor.py:208} INFO - Processing /Users/alookso/1007MLpj/myenv/lib/python3.10/site-packages/airflow/example_dags/example_setup_teardown_taskflow.py took 0.218 seconds
[2024-10-11T00:35:21.865+0900] {processor.py:186} INFO - Started process (PID=65597) to work on /Users/alookso/1007MLpj/myenv/lib/python3.10/site-packages/airflow/example_dags/example_setup_teardown_taskflow.py
[2024-10-11T00:35:21.866+0900] {processor.py:914} INFO - Processing file /Users/alookso/1007MLpj/myenv/lib/python3.10/site-packages/airflow/example_dags/example_setup_teardown_taskflow.py for tasks to queue
[2024-10-11T00:35:21.867+0900] {logging_mixin.py:190} INFO - [2024-10-11T00:35:21.867+0900] {dagbag.py:588} INFO - Filling up the DagBag from /Users/alookso/1007MLpj/myenv/lib/python3.10/site-packages/airflow/example_dags/example_setup_teardown_taskflow.py
[2024-10-11T00:35:21.909+0900] {processor.py:925} INFO - DAG(s) 'example_setup_teardown_taskflow' retrieved from /Users/alookso/1007MLpj/myenv/lib/python3.10/site-packages/airflow/example_dags/example_setup_teardown_taskflow.py
[2024-10-11T00:35:22.041+0900] {logging_mixin.py:190} INFO - [2024-10-11T00:35:22.040+0900] {dag.py:3239} INFO - Sync 1 DAGs
[2024-10-11T00:35:22.055+0900] {logging_mixin.py:190} INFO - [2024-10-11T00:35:22.054+0900] {dag.py:4180} INFO - Setting next_dagrun for example_setup_teardown_taskflow to None, run_after=None
[2024-10-11T00:35:22.075+0900] {processor.py:208} INFO - Processing /Users/alookso/1007MLpj/myenv/lib/python3.10/site-packages/airflow/example_dags/example_setup_teardown_taskflow.py took 0.214 seconds
[2024-10-11T00:39:05.284+0900] {processor.py:186} INFO - Started process (PID=65783) to work on /Users/alookso/1007MLpj/myenv/lib/python3.10/site-packages/airflow/example_dags/example_setup_teardown_taskflow.py
[2024-10-11T00:39:05.285+0900] {processor.py:914} INFO - Processing file /Users/alookso/1007MLpj/myenv/lib/python3.10/site-packages/airflow/example_dags/example_setup_teardown_taskflow.py for tasks to queue
[2024-10-11T00:39:05.286+0900] {logging_mixin.py:190} INFO - [2024-10-11T00:39:05.286+0900] {dagbag.py:588} INFO - Filling up the DagBag from /Users/alookso/1007MLpj/myenv/lib/python3.10/site-packages/airflow/example_dags/example_setup_teardown_taskflow.py
[2024-10-11T00:39:05.329+0900] {processor.py:925} INFO - DAG(s) 'example_setup_teardown_taskflow' retrieved from /Users/alookso/1007MLpj/myenv/lib/python3.10/site-packages/airflow/example_dags/example_setup_teardown_taskflow.py
[2024-10-11T00:39:05.457+0900] {logging_mixin.py:190} INFO - [2024-10-11T00:39:05.457+0900] {dag.py:3239} INFO - Sync 1 DAGs
[2024-10-11T00:39:05.471+0900] {logging_mixin.py:190} INFO - [2024-10-11T00:39:05.471+0900] {dag.py:4180} INFO - Setting next_dagrun for example_setup_teardown_taskflow to None, run_after=None
[2024-10-11T00:39:05.490+0900] {processor.py:208} INFO - Processing /Users/alookso/1007MLpj/myenv/lib/python3.10/site-packages/airflow/example_dags/example_setup_teardown_taskflow.py took 0.211 seconds
[2024-10-11T00:42:39.160+0900] {processor.py:186} INFO - Started process (PID=65961) to work on /Users/alookso/1007MLpj/myenv/lib/python3.10/site-packages/airflow/example_dags/example_setup_teardown_taskflow.py
[2024-10-11T00:42:39.161+0900] {processor.py:914} INFO - Processing file /Users/alookso/1007MLpj/myenv/lib/python3.10/site-packages/airflow/example_dags/example_setup_teardown_taskflow.py for tasks to queue
[2024-10-11T00:42:39.162+0900] {logging_mixin.py:190} INFO - [2024-10-11T00:42:39.162+0900] {dagbag.py:588} INFO - Filling up the DagBag from /Users/alookso/1007MLpj/myenv/lib/python3.10/site-packages/airflow/example_dags/example_setup_teardown_taskflow.py
[2024-10-11T00:42:39.213+0900] {processor.py:925} INFO - DAG(s) 'example_setup_teardown_taskflow' retrieved from /Users/alookso/1007MLpj/myenv/lib/python3.10/site-packages/airflow/example_dags/example_setup_teardown_taskflow.py
[2024-10-11T00:42:39.370+0900] {logging_mixin.py:190} INFO - [2024-10-11T00:42:39.369+0900] {dag.py:3239} INFO - Sync 1 DAGs
[2024-10-11T00:42:39.386+0900] {logging_mixin.py:190} INFO - [2024-10-11T00:42:39.386+0900] {dag.py:4180} INFO - Setting next_dagrun for example_setup_teardown_taskflow to None, run_after=None
[2024-10-11T00:42:39.411+0900] {processor.py:208} INFO - Processing /Users/alookso/1007MLpj/myenv/lib/python3.10/site-packages/airflow/example_dags/example_setup_teardown_taskflow.py took 0.258 seconds
[2024-10-11T00:45:42.723+0900] {processor.py:186} INFO - Started process (PID=66085) to work on /Users/alookso/1007MLpj/myenv/lib/python3.10/site-packages/airflow/example_dags/example_setup_teardown_taskflow.py
[2024-10-11T00:45:42.725+0900] {processor.py:914} INFO - Processing file /Users/alookso/1007MLpj/myenv/lib/python3.10/site-packages/airflow/example_dags/example_setup_teardown_taskflow.py for tasks to queue
[2024-10-11T00:45:42.791+0900] {logging_mixin.py:190} INFO - [2024-10-11T00:45:42.790+0900] {dagbag.py:588} INFO - Filling up the DagBag from /Users/alookso/1007MLpj/myenv/lib/python3.10/site-packages/airflow/example_dags/example_setup_teardown_taskflow.py
[2024-10-11T00:45:42.898+0900] {processor.py:925} INFO - DAG(s) 'example_setup_teardown_taskflow' retrieved from /Users/alookso/1007MLpj/myenv/lib/python3.10/site-packages/airflow/example_dags/example_setup_teardown_taskflow.py
[2024-10-11T00:45:43.241+0900] {logging_mixin.py:190} INFO - [2024-10-11T00:45:43.240+0900] {dag.py:3239} INFO - Sync 1 DAGs
[2024-10-11T00:45:43.256+0900] {logging_mixin.py:190} INFO - [2024-10-11T00:45:43.256+0900] {dag.py:4180} INFO - Setting next_dagrun for example_setup_teardown_taskflow to None, run_after=None
[2024-10-11T00:45:43.287+0900] {processor.py:208} INFO - Processing /Users/alookso/1007MLpj/myenv/lib/python3.10/site-packages/airflow/example_dags/example_setup_teardown_taskflow.py took 0.571 seconds
[2024-10-11T00:50:03.606+0900] {processor.py:186} INFO - Started process (PID=66314) to work on /Users/alookso/1007MLpj/myenv/lib/python3.10/site-packages/airflow/example_dags/example_setup_teardown_taskflow.py
[2024-10-11T00:50:03.607+0900] {processor.py:914} INFO - Processing file /Users/alookso/1007MLpj/myenv/lib/python3.10/site-packages/airflow/example_dags/example_setup_teardown_taskflow.py for tasks to queue
[2024-10-11T00:50:03.607+0900] {logging_mixin.py:190} INFO - [2024-10-11T00:50:03.607+0900] {dagbag.py:588} INFO - Filling up the DagBag from /Users/alookso/1007MLpj/myenv/lib/python3.10/site-packages/airflow/example_dags/example_setup_teardown_taskflow.py
[2024-10-11T00:50:03.655+0900] {processor.py:925} INFO - DAG(s) 'example_setup_teardown_taskflow' retrieved from /Users/alookso/1007MLpj/myenv/lib/python3.10/site-packages/airflow/example_dags/example_setup_teardown_taskflow.py
[2024-10-11T00:50:03.813+0900] {logging_mixin.py:190} INFO - [2024-10-11T00:50:03.813+0900] {dag.py:3239} INFO - Sync 1 DAGs
[2024-10-11T00:50:03.827+0900] {logging_mixin.py:190} INFO - [2024-10-11T00:50:03.827+0900] {dag.py:4180} INFO - Setting next_dagrun for example_setup_teardown_taskflow to None, run_after=None
[2024-10-11T00:50:03.848+0900] {processor.py:208} INFO - Processing /Users/alookso/1007MLpj/myenv/lib/python3.10/site-packages/airflow/example_dags/example_setup_teardown_taskflow.py took 0.247 seconds
[2024-10-11T00:53:07.305+0900] {processor.py:186} INFO - Started process (PID=66485) to work on /Users/alookso/1007MLpj/myenv/lib/python3.10/site-packages/airflow/example_dags/example_setup_teardown_taskflow.py
[2024-10-11T00:53:07.306+0900] {processor.py:914} INFO - Processing file /Users/alookso/1007MLpj/myenv/lib/python3.10/site-packages/airflow/example_dags/example_setup_teardown_taskflow.py for tasks to queue
[2024-10-11T00:53:07.307+0900] {logging_mixin.py:190} INFO - [2024-10-11T00:53:07.307+0900] {dagbag.py:588} INFO - Filling up the DagBag from /Users/alookso/1007MLpj/myenv/lib/python3.10/site-packages/airflow/example_dags/example_setup_teardown_taskflow.py
[2024-10-11T00:53:07.354+0900] {processor.py:925} INFO - DAG(s) 'example_setup_teardown_taskflow' retrieved from /Users/alookso/1007MLpj/myenv/lib/python3.10/site-packages/airflow/example_dags/example_setup_teardown_taskflow.py
[2024-10-11T00:53:07.487+0900] {logging_mixin.py:190} INFO - [2024-10-11T00:53:07.486+0900] {dag.py:3239} INFO - Sync 1 DAGs
[2024-10-11T00:53:07.501+0900] {logging_mixin.py:190} INFO - [2024-10-11T00:53:07.501+0900] {dag.py:4180} INFO - Setting next_dagrun for example_setup_teardown_taskflow to None, run_after=None
[2024-10-11T00:53:07.523+0900] {processor.py:208} INFO - Processing /Users/alookso/1007MLpj/myenv/lib/python3.10/site-packages/airflow/example_dags/example_setup_teardown_taskflow.py took 0.222 seconds
