[2024-10-10T15:33:16.426+0900] {processor.py:186} INFO - Started process (PID=56060) to work on /Users/alookso/1007MLpj/myenv/lib/python3.10/site-packages/airflow/example_dags/example_short_circuit_decorator.py
[2024-10-10T15:33:16.427+0900] {processor.py:914} INFO - Processing file /Users/alookso/1007MLpj/myenv/lib/python3.10/site-packages/airflow/example_dags/example_short_circuit_decorator.py for tasks to queue
[2024-10-10T15:33:16.428+0900] {logging_mixin.py:190} INFO - [2024-10-10T15:33:16.428+0900] {dagbag.py:588} INFO - Filling up the DagBag from /Users/alookso/1007MLpj/myenv/lib/python3.10/site-packages/airflow/example_dags/example_short_circuit_decorator.py
[2024-10-10T15:33:16.484+0900] {processor.py:925} INFO - DAG(s) 'example_short_circuit_decorator' retrieved from /Users/alookso/1007MLpj/myenv/lib/python3.10/site-packages/airflow/example_dags/example_short_circuit_decorator.py
[2024-10-10T15:33:16.924+0900] {logging_mixin.py:190} INFO - [2024-10-10T15:33:16.924+0900] {override.py:1901} INFO - Created Permission View: can read on DAG:example_short_circuit_decorator
[2024-10-10T15:33:16.935+0900] {logging_mixin.py:190} INFO - [2024-10-10T15:33:16.934+0900] {override.py:1901} INFO - Created Permission View: can edit on DAG:example_short_circuit_decorator
[2024-10-10T15:33:16.942+0900] {logging_mixin.py:190} INFO - [2024-10-10T15:33:16.942+0900] {override.py:1901} INFO - Created Permission View: can delete on DAG:example_short_circuit_decorator
[2024-10-10T15:33:16.951+0900] {logging_mixin.py:190} INFO - [2024-10-10T15:33:16.951+0900] {override.py:1901} INFO - Created Permission View: can read on DAG Run:example_short_circuit_decorator
[2024-10-10T15:33:16.958+0900] {logging_mixin.py:190} INFO - [2024-10-10T15:33:16.958+0900] {override.py:1901} INFO - Created Permission View: menu access on DAG Run:example_short_circuit_decorator
[2024-10-10T15:33:16.965+0900] {logging_mixin.py:190} INFO - [2024-10-10T15:33:16.964+0900] {override.py:1901} INFO - Created Permission View: can delete on DAG Run:example_short_circuit_decorator
[2024-10-10T15:33:16.972+0900] {logging_mixin.py:190} INFO - [2024-10-10T15:33:16.971+0900] {override.py:1901} INFO - Created Permission View: can create on DAG Run:example_short_circuit_decorator
[2024-10-10T15:33:16.972+0900] {logging_mixin.py:190} INFO - [2024-10-10T15:33:16.972+0900] {dag.py:3239} INFO - Sync 1 DAGs
[2024-10-10T15:33:16.988+0900] {logging_mixin.py:190} INFO - [2024-10-10T15:33:16.988+0900] {dag.py:3262} INFO - Creating ORM DAG for example_short_circuit_decorator
[2024-10-10T15:33:16.989+0900] {logging_mixin.py:190} INFO - [2024-10-10T15:33:16.989+0900] {dag.py:4180} INFO - Setting next_dagrun for example_short_circuit_decorator to None, run_after=None
[2024-10-10T15:33:17.009+0900] {processor.py:208} INFO - Processing /Users/alookso/1007MLpj/myenv/lib/python3.10/site-packages/airflow/example_dags/example_short_circuit_decorator.py took 0.588 seconds
[2024-10-10T15:37:48.210+0900] {processor.py:186} INFO - Started process (PID=56246) to work on /Users/alookso/1007MLpj/myenv/lib/python3.10/site-packages/airflow/example_dags/example_short_circuit_decorator.py
[2024-10-10T15:37:48.212+0900] {processor.py:914} INFO - Processing file /Users/alookso/1007MLpj/myenv/lib/python3.10/site-packages/airflow/example_dags/example_short_circuit_decorator.py for tasks to queue
[2024-10-10T15:37:48.213+0900] {logging_mixin.py:190} INFO - [2024-10-10T15:37:48.213+0900] {dagbag.py:588} INFO - Filling up the DagBag from /Users/alookso/1007MLpj/myenv/lib/python3.10/site-packages/airflow/example_dags/example_short_circuit_decorator.py
[2024-10-10T15:37:48.259+0900] {processor.py:925} INFO - DAG(s) 'example_short_circuit_decorator' retrieved from /Users/alookso/1007MLpj/myenv/lib/python3.10/site-packages/airflow/example_dags/example_short_circuit_decorator.py
[2024-10-10T15:37:48.406+0900] {logging_mixin.py:190} INFO - [2024-10-10T15:37:48.405+0900] {dag.py:3239} INFO - Sync 1 DAGs
[2024-10-10T15:37:48.420+0900] {logging_mixin.py:190} INFO - [2024-10-10T15:37:48.420+0900] {dag.py:4180} INFO - Setting next_dagrun for example_short_circuit_decorator to None, run_after=None
[2024-10-10T15:37:48.441+0900] {processor.py:208} INFO - Processing /Users/alookso/1007MLpj/myenv/lib/python3.10/site-packages/airflow/example_dags/example_short_circuit_decorator.py took 0.236 seconds
[2024-10-10T15:42:26.380+0900] {processor.py:186} INFO - Started process (PID=56447) to work on /Users/alookso/1007MLpj/myenv/lib/python3.10/site-packages/airflow/example_dags/example_short_circuit_decorator.py
[2024-10-10T15:42:26.381+0900] {processor.py:914} INFO - Processing file /Users/alookso/1007MLpj/myenv/lib/python3.10/site-packages/airflow/example_dags/example_short_circuit_decorator.py for tasks to queue
[2024-10-10T15:42:26.382+0900] {logging_mixin.py:190} INFO - [2024-10-10T15:42:26.382+0900] {dagbag.py:588} INFO - Filling up the DagBag from /Users/alookso/1007MLpj/myenv/lib/python3.10/site-packages/airflow/example_dags/example_short_circuit_decorator.py
[2024-10-10T15:42:26.428+0900] {processor.py:925} INFO - DAG(s) 'example_short_circuit_decorator' retrieved from /Users/alookso/1007MLpj/myenv/lib/python3.10/site-packages/airflow/example_dags/example_short_circuit_decorator.py
[2024-10-10T15:42:26.565+0900] {logging_mixin.py:190} INFO - [2024-10-10T15:42:26.564+0900] {dag.py:3239} INFO - Sync 1 DAGs
[2024-10-10T15:42:26.578+0900] {logging_mixin.py:190} INFO - [2024-10-10T15:42:26.578+0900] {dag.py:4180} INFO - Setting next_dagrun for example_short_circuit_decorator to None, run_after=None
[2024-10-10T15:42:26.598+0900] {processor.py:208} INFO - Processing /Users/alookso/1007MLpj/myenv/lib/python3.10/site-packages/airflow/example_dags/example_short_circuit_decorator.py took 0.223 seconds
[2024-10-10T15:47:42.698+0900] {processor.py:186} INFO - Started process (PID=56697) to work on /Users/alookso/1007MLpj/myenv/lib/python3.10/site-packages/airflow/example_dags/example_short_circuit_decorator.py
[2024-10-10T15:47:42.701+0900] {processor.py:914} INFO - Processing file /Users/alookso/1007MLpj/myenv/lib/python3.10/site-packages/airflow/example_dags/example_short_circuit_decorator.py for tasks to queue
[2024-10-10T15:47:42.703+0900] {logging_mixin.py:190} INFO - [2024-10-10T15:47:42.702+0900] {dagbag.py:588} INFO - Filling up the DagBag from /Users/alookso/1007MLpj/myenv/lib/python3.10/site-packages/airflow/example_dags/example_short_circuit_decorator.py
[2024-10-10T15:47:42.759+0900] {processor.py:925} INFO - DAG(s) 'example_short_circuit_decorator' retrieved from /Users/alookso/1007MLpj/myenv/lib/python3.10/site-packages/airflow/example_dags/example_short_circuit_decorator.py
[2024-10-10T15:47:42.923+0900] {logging_mixin.py:190} INFO - [2024-10-10T15:47:42.921+0900] {dag.py:3239} INFO - Sync 1 DAGs
[2024-10-10T15:47:42.937+0900] {logging_mixin.py:190} INFO - [2024-10-10T15:47:42.937+0900] {dag.py:4180} INFO - Setting next_dagrun for example_short_circuit_decorator to None, run_after=None
[2024-10-10T15:47:42.960+0900] {processor.py:208} INFO - Processing /Users/alookso/1007MLpj/myenv/lib/python3.10/site-packages/airflow/example_dags/example_short_circuit_decorator.py took 0.269 seconds
[2024-10-10T15:51:58.935+0900] {processor.py:186} INFO - Started process (PID=56897) to work on /Users/alookso/1007MLpj/myenv/lib/python3.10/site-packages/airflow/example_dags/example_short_circuit_decorator.py
[2024-10-10T15:51:58.937+0900] {processor.py:914} INFO - Processing file /Users/alookso/1007MLpj/myenv/lib/python3.10/site-packages/airflow/example_dags/example_short_circuit_decorator.py for tasks to queue
[2024-10-10T15:51:58.938+0900] {logging_mixin.py:190} INFO - [2024-10-10T15:51:58.937+0900] {dagbag.py:588} INFO - Filling up the DagBag from /Users/alookso/1007MLpj/myenv/lib/python3.10/site-packages/airflow/example_dags/example_short_circuit_decorator.py
[2024-10-10T15:51:58.981+0900] {processor.py:925} INFO - DAG(s) 'example_short_circuit_decorator' retrieved from /Users/alookso/1007MLpj/myenv/lib/python3.10/site-packages/airflow/example_dags/example_short_circuit_decorator.py
[2024-10-10T15:51:59.113+0900] {logging_mixin.py:190} INFO - [2024-10-10T15:51:59.112+0900] {dag.py:3239} INFO - Sync 1 DAGs
[2024-10-10T15:51:59.126+0900] {logging_mixin.py:190} INFO - [2024-10-10T15:51:59.126+0900] {dag.py:4180} INFO - Setting next_dagrun for example_short_circuit_decorator to None, run_after=None
[2024-10-10T15:51:59.145+0900] {processor.py:208} INFO - Processing /Users/alookso/1007MLpj/myenv/lib/python3.10/site-packages/airflow/example_dags/example_short_circuit_decorator.py took 0.215 seconds
[2024-10-10T16:18:50.604+0900] {processor.py:186} INFO - Started process (PID=57354) to work on /Users/alookso/1007MLpj/myenv/lib/python3.10/site-packages/airflow/example_dags/example_short_circuit_decorator.py
[2024-10-10T16:18:50.606+0900] {processor.py:914} INFO - Processing file /Users/alookso/1007MLpj/myenv/lib/python3.10/site-packages/airflow/example_dags/example_short_circuit_decorator.py for tasks to queue
[2024-10-10T16:18:50.607+0900] {logging_mixin.py:190} INFO - [2024-10-10T16:18:50.607+0900] {dagbag.py:588} INFO - Filling up the DagBag from /Users/alookso/1007MLpj/myenv/lib/python3.10/site-packages/airflow/example_dags/example_short_circuit_decorator.py
[2024-10-10T16:18:50.659+0900] {processor.py:925} INFO - DAG(s) 'example_short_circuit_decorator' retrieved from /Users/alookso/1007MLpj/myenv/lib/python3.10/site-packages/airflow/example_dags/example_short_circuit_decorator.py
[2024-10-10T16:18:50.817+0900] {logging_mixin.py:190} INFO - [2024-10-10T16:18:50.816+0900] {dag.py:3239} INFO - Sync 1 DAGs
[2024-10-10T16:18:50.831+0900] {logging_mixin.py:190} INFO - [2024-10-10T16:18:50.831+0900] {dag.py:4180} INFO - Setting next_dagrun for example_short_circuit_decorator to None, run_after=None
[2024-10-10T16:18:50.855+0900] {processor.py:208} INFO - Processing /Users/alookso/1007MLpj/myenv/lib/python3.10/site-packages/airflow/example_dags/example_short_circuit_decorator.py took 0.260 seconds
[2024-10-10T16:23:10.267+0900] {processor.py:186} INFO - Started process (PID=57495) to work on /Users/alookso/1007MLpj/myenv/lib/python3.10/site-packages/airflow/example_dags/example_short_circuit_decorator.py
[2024-10-10T16:23:10.267+0900] {processor.py:914} INFO - Processing file /Users/alookso/1007MLpj/myenv/lib/python3.10/site-packages/airflow/example_dags/example_short_circuit_decorator.py for tasks to queue
[2024-10-10T16:23:10.268+0900] {logging_mixin.py:190} INFO - [2024-10-10T16:23:10.268+0900] {dagbag.py:588} INFO - Filling up the DagBag from /Users/alookso/1007MLpj/myenv/lib/python3.10/site-packages/airflow/example_dags/example_short_circuit_decorator.py
[2024-10-10T16:23:10.310+0900] {processor.py:925} INFO - DAG(s) 'example_short_circuit_decorator' retrieved from /Users/alookso/1007MLpj/myenv/lib/python3.10/site-packages/airflow/example_dags/example_short_circuit_decorator.py
[2024-10-10T16:23:10.440+0900] {logging_mixin.py:190} INFO - [2024-10-10T16:23:10.439+0900] {dag.py:3239} INFO - Sync 1 DAGs
[2024-10-10T16:23:10.453+0900] {logging_mixin.py:190} INFO - [2024-10-10T16:23:10.452+0900] {dag.py:4180} INFO - Setting next_dagrun for example_short_circuit_decorator to None, run_after=None
[2024-10-10T16:23:10.472+0900] {processor.py:208} INFO - Processing /Users/alookso/1007MLpj/myenv/lib/python3.10/site-packages/airflow/example_dags/example_short_circuit_decorator.py took 0.210 seconds
[2024-10-10T16:26:50.803+0900] {processor.py:186} INFO - Started process (PID=57665) to work on /Users/alookso/1007MLpj/myenv/lib/python3.10/site-packages/airflow/example_dags/example_short_circuit_decorator.py
[2024-10-10T16:26:50.805+0900] {processor.py:914} INFO - Processing file /Users/alookso/1007MLpj/myenv/lib/python3.10/site-packages/airflow/example_dags/example_short_circuit_decorator.py for tasks to queue
[2024-10-10T16:26:50.807+0900] {logging_mixin.py:190} INFO - [2024-10-10T16:26:50.806+0900] {dagbag.py:588} INFO - Filling up the DagBag from /Users/alookso/1007MLpj/myenv/lib/python3.10/site-packages/airflow/example_dags/example_short_circuit_decorator.py
[2024-10-10T16:26:50.854+0900] {processor.py:925} INFO - DAG(s) 'example_short_circuit_decorator' retrieved from /Users/alookso/1007MLpj/myenv/lib/python3.10/site-packages/airflow/example_dags/example_short_circuit_decorator.py
[2024-10-10T16:26:51.004+0900] {logging_mixin.py:190} INFO - [2024-10-10T16:26:51.002+0900] {dag.py:3239} INFO - Sync 1 DAGs
[2024-10-10T16:26:51.019+0900] {logging_mixin.py:190} INFO - [2024-10-10T16:26:51.018+0900] {dag.py:4180} INFO - Setting next_dagrun for example_short_circuit_decorator to None, run_after=None
[2024-10-10T16:26:51.041+0900] {processor.py:208} INFO - Processing /Users/alookso/1007MLpj/myenv/lib/python3.10/site-packages/airflow/example_dags/example_short_circuit_decorator.py took 0.245 seconds
[2024-10-10T16:33:15.419+0900] {processor.py:186} INFO - Started process (PID=57980) to work on /Users/alookso/1007MLpj/myenv/lib/python3.10/site-packages/airflow/example_dags/example_short_circuit_decorator.py
[2024-10-10T16:33:15.420+0900] {processor.py:914} INFO - Processing file /Users/alookso/1007MLpj/myenv/lib/python3.10/site-packages/airflow/example_dags/example_short_circuit_decorator.py for tasks to queue
[2024-10-10T16:33:15.421+0900] {logging_mixin.py:190} INFO - [2024-10-10T16:33:15.421+0900] {dagbag.py:588} INFO - Filling up the DagBag from /Users/alookso/1007MLpj/myenv/lib/python3.10/site-packages/airflow/example_dags/example_short_circuit_decorator.py
[2024-10-10T16:33:15.464+0900] {processor.py:925} INFO - DAG(s) 'example_short_circuit_decorator' retrieved from /Users/alookso/1007MLpj/myenv/lib/python3.10/site-packages/airflow/example_dags/example_short_circuit_decorator.py
[2024-10-10T16:33:15.601+0900] {logging_mixin.py:190} INFO - [2024-10-10T16:33:15.600+0900] {dag.py:3239} INFO - Sync 1 DAGs
[2024-10-10T16:33:15.614+0900] {logging_mixin.py:190} INFO - [2024-10-10T16:33:15.614+0900] {dag.py:4180} INFO - Setting next_dagrun for example_short_circuit_decorator to None, run_after=None
[2024-10-10T16:33:15.635+0900] {processor.py:208} INFO - Processing /Users/alookso/1007MLpj/myenv/lib/python3.10/site-packages/airflow/example_dags/example_short_circuit_decorator.py took 0.219 seconds
[2024-10-10T16:37:14.526+0900] {processor.py:186} INFO - Started process (PID=58082) to work on /Users/alookso/1007MLpj/myenv/lib/python3.10/site-packages/airflow/example_dags/example_short_circuit_decorator.py
[2024-10-10T16:37:14.526+0900] {processor.py:914} INFO - Processing file /Users/alookso/1007MLpj/myenv/lib/python3.10/site-packages/airflow/example_dags/example_short_circuit_decorator.py for tasks to queue
[2024-10-10T16:37:14.527+0900] {logging_mixin.py:190} INFO - [2024-10-10T16:37:14.527+0900] {dagbag.py:588} INFO - Filling up the DagBag from /Users/alookso/1007MLpj/myenv/lib/python3.10/site-packages/airflow/example_dags/example_short_circuit_decorator.py
[2024-10-10T16:37:14.572+0900] {processor.py:925} INFO - DAG(s) 'example_short_circuit_decorator' retrieved from /Users/alookso/1007MLpj/myenv/lib/python3.10/site-packages/airflow/example_dags/example_short_circuit_decorator.py
[2024-10-10T16:37:14.705+0900] {logging_mixin.py:190} INFO - [2024-10-10T16:37:14.704+0900] {dag.py:3239} INFO - Sync 1 DAGs
[2024-10-10T16:37:14.718+0900] {logging_mixin.py:190} INFO - [2024-10-10T16:37:14.718+0900] {dag.py:4180} INFO - Setting next_dagrun for example_short_circuit_decorator to None, run_after=None
[2024-10-10T16:37:14.738+0900] {processor.py:208} INFO - Processing /Users/alookso/1007MLpj/myenv/lib/python3.10/site-packages/airflow/example_dags/example_short_circuit_decorator.py took 0.217 seconds
[2024-10-10T16:40:53.294+0900] {processor.py:186} INFO - Started process (PID=58169) to work on /Users/alookso/1007MLpj/myenv/lib/python3.10/site-packages/airflow/example_dags/example_short_circuit_decorator.py
[2024-10-10T16:40:53.296+0900] {processor.py:914} INFO - Processing file /Users/alookso/1007MLpj/myenv/lib/python3.10/site-packages/airflow/example_dags/example_short_circuit_decorator.py for tasks to queue
[2024-10-10T16:40:53.297+0900] {logging_mixin.py:190} INFO - [2024-10-10T16:40:53.297+0900] {dagbag.py:588} INFO - Filling up the DagBag from /Users/alookso/1007MLpj/myenv/lib/python3.10/site-packages/airflow/example_dags/example_short_circuit_decorator.py
[2024-10-10T16:40:53.346+0900] {processor.py:925} INFO - DAG(s) 'example_short_circuit_decorator' retrieved from /Users/alookso/1007MLpj/myenv/lib/python3.10/site-packages/airflow/example_dags/example_short_circuit_decorator.py
[2024-10-10T16:40:53.497+0900] {logging_mixin.py:190} INFO - [2024-10-10T16:40:53.495+0900] {dag.py:3239} INFO - Sync 1 DAGs
[2024-10-10T16:40:53.512+0900] {logging_mixin.py:190} INFO - [2024-10-10T16:40:53.512+0900] {dag.py:4180} INFO - Setting next_dagrun for example_short_circuit_decorator to None, run_after=None
[2024-10-10T16:40:53.535+0900] {processor.py:208} INFO - Processing /Users/alookso/1007MLpj/myenv/lib/python3.10/site-packages/airflow/example_dags/example_short_circuit_decorator.py took 0.246 seconds
[2024-10-10T16:44:27.981+0900] {processor.py:186} INFO - Started process (PID=58281) to work on /Users/alookso/1007MLpj/myenv/lib/python3.10/site-packages/airflow/example_dags/example_short_circuit_decorator.py
[2024-10-10T16:44:27.983+0900] {processor.py:914} INFO - Processing file /Users/alookso/1007MLpj/myenv/lib/python3.10/site-packages/airflow/example_dags/example_short_circuit_decorator.py for tasks to queue
[2024-10-10T16:44:27.983+0900] {logging_mixin.py:190} INFO - [2024-10-10T16:44:27.983+0900] {dagbag.py:588} INFO - Filling up the DagBag from /Users/alookso/1007MLpj/myenv/lib/python3.10/site-packages/airflow/example_dags/example_short_circuit_decorator.py
[2024-10-10T16:44:28.026+0900] {processor.py:925} INFO - DAG(s) 'example_short_circuit_decorator' retrieved from /Users/alookso/1007MLpj/myenv/lib/python3.10/site-packages/airflow/example_dags/example_short_circuit_decorator.py
[2024-10-10T16:44:28.160+0900] {logging_mixin.py:190} INFO - [2024-10-10T16:44:28.158+0900] {dag.py:3239} INFO - Sync 1 DAGs
[2024-10-10T16:44:28.172+0900] {logging_mixin.py:190} INFO - [2024-10-10T16:44:28.172+0900] {dag.py:4180} INFO - Setting next_dagrun for example_short_circuit_decorator to None, run_after=None
[2024-10-10T16:44:28.192+0900] {processor.py:208} INFO - Processing /Users/alookso/1007MLpj/myenv/lib/python3.10/site-packages/airflow/example_dags/example_short_circuit_decorator.py took 0.215 seconds
[2024-10-10T16:50:42.699+0900] {processor.py:186} INFO - Started process (PID=58620) to work on /Users/alookso/1007MLpj/myenv/lib/python3.10/site-packages/airflow/example_dags/example_short_circuit_decorator.py
[2024-10-10T16:50:42.700+0900] {processor.py:914} INFO - Processing file /Users/alookso/1007MLpj/myenv/lib/python3.10/site-packages/airflow/example_dags/example_short_circuit_decorator.py for tasks to queue
[2024-10-10T16:50:42.701+0900] {logging_mixin.py:190} INFO - [2024-10-10T16:50:42.701+0900] {dagbag.py:588} INFO - Filling up the DagBag from /Users/alookso/1007MLpj/myenv/lib/python3.10/site-packages/airflow/example_dags/example_short_circuit_decorator.py
[2024-10-10T16:50:42.745+0900] {processor.py:925} INFO - DAG(s) 'example_short_circuit_decorator' retrieved from /Users/alookso/1007MLpj/myenv/lib/python3.10/site-packages/airflow/example_dags/example_short_circuit_decorator.py
[2024-10-10T16:50:42.915+0900] {logging_mixin.py:190} INFO - [2024-10-10T16:50:42.914+0900] {dag.py:3239} INFO - Sync 1 DAGs
[2024-10-10T16:50:42.928+0900] {logging_mixin.py:190} INFO - [2024-10-10T16:50:42.928+0900] {dag.py:4180} INFO - Setting next_dagrun for example_short_circuit_decorator to None, run_after=None
[2024-10-10T16:50:42.948+0900] {processor.py:208} INFO - Processing /Users/alookso/1007MLpj/myenv/lib/python3.10/site-packages/airflow/example_dags/example_short_circuit_decorator.py took 0.253 seconds
[2024-10-10T23:48:35.740+0900] {processor.py:186} INFO - Started process (PID=63453) to work on /Users/alookso/1007MLpj/myenv/lib/python3.10/site-packages/airflow/example_dags/example_short_circuit_decorator.py
[2024-10-10T23:48:35.742+0900] {processor.py:914} INFO - Processing file /Users/alookso/1007MLpj/myenv/lib/python3.10/site-packages/airflow/example_dags/example_short_circuit_decorator.py for tasks to queue
[2024-10-10T23:48:35.744+0900] {logging_mixin.py:190} INFO - [2024-10-10T23:48:35.743+0900] {dagbag.py:588} INFO - Filling up the DagBag from /Users/alookso/1007MLpj/myenv/lib/python3.10/site-packages/airflow/example_dags/example_short_circuit_decorator.py
[2024-10-10T23:48:35.806+0900] {processor.py:925} INFO - DAG(s) 'example_short_circuit_decorator' retrieved from /Users/alookso/1007MLpj/myenv/lib/python3.10/site-packages/airflow/example_dags/example_short_circuit_decorator.py
[2024-10-10T23:48:35.982+0900] {logging_mixin.py:190} INFO - [2024-10-10T23:48:35.980+0900] {dag.py:3239} INFO - Sync 1 DAGs
[2024-10-10T23:48:35.997+0900] {logging_mixin.py:190} INFO - [2024-10-10T23:48:35.996+0900] {dag.py:4180} INFO - Setting next_dagrun for example_short_circuit_decorator to None, run_after=None
[2024-10-10T23:48:36.020+0900] {processor.py:208} INFO - Processing /Users/alookso/1007MLpj/myenv/lib/python3.10/site-packages/airflow/example_dags/example_short_circuit_decorator.py took 0.287 seconds
[2024-10-10T23:51:54.418+0900] {processor.py:186} INFO - Started process (PID=63651) to work on /Users/alookso/1007MLpj/myenv/lib/python3.10/site-packages/airflow/example_dags/example_short_circuit_decorator.py
[2024-10-10T23:51:54.419+0900] {processor.py:914} INFO - Processing file /Users/alookso/1007MLpj/myenv/lib/python3.10/site-packages/airflow/example_dags/example_short_circuit_decorator.py for tasks to queue
[2024-10-10T23:51:54.420+0900] {logging_mixin.py:190} INFO - [2024-10-10T23:51:54.420+0900] {dagbag.py:588} INFO - Filling up the DagBag from /Users/alookso/1007MLpj/myenv/lib/python3.10/site-packages/airflow/example_dags/example_short_circuit_decorator.py
[2024-10-10T23:51:54.465+0900] {processor.py:925} INFO - DAG(s) 'example_short_circuit_decorator' retrieved from /Users/alookso/1007MLpj/myenv/lib/python3.10/site-packages/airflow/example_dags/example_short_circuit_decorator.py
[2024-10-10T23:51:54.604+0900] {logging_mixin.py:190} INFO - [2024-10-10T23:51:54.603+0900] {dag.py:3239} INFO - Sync 1 DAGs
[2024-10-10T23:51:54.617+0900] {logging_mixin.py:190} INFO - [2024-10-10T23:51:54.617+0900] {dag.py:4180} INFO - Setting next_dagrun for example_short_circuit_decorator to None, run_after=None
[2024-10-10T23:51:54.637+0900] {processor.py:208} INFO - Processing /Users/alookso/1007MLpj/myenv/lib/python3.10/site-packages/airflow/example_dags/example_short_circuit_decorator.py took 0.223 seconds
[2024-10-10T23:54:51.390+0900] {processor.py:186} INFO - Started process (PID=63786) to work on /Users/alookso/1007MLpj/myenv/lib/python3.10/site-packages/airflow/example_dags/example_short_circuit_decorator.py
[2024-10-10T23:54:51.391+0900] {processor.py:914} INFO - Processing file /Users/alookso/1007MLpj/myenv/lib/python3.10/site-packages/airflow/example_dags/example_short_circuit_decorator.py for tasks to queue
[2024-10-10T23:54:51.392+0900] {logging_mixin.py:190} INFO - [2024-10-10T23:54:51.391+0900] {dagbag.py:588} INFO - Filling up the DagBag from /Users/alookso/1007MLpj/myenv/lib/python3.10/site-packages/airflow/example_dags/example_short_circuit_decorator.py
[2024-10-10T23:54:51.436+0900] {processor.py:925} INFO - DAG(s) 'example_short_circuit_decorator' retrieved from /Users/alookso/1007MLpj/myenv/lib/python3.10/site-packages/airflow/example_dags/example_short_circuit_decorator.py
[2024-10-10T23:54:51.573+0900] {logging_mixin.py:190} INFO - [2024-10-10T23:54:51.571+0900] {dag.py:3239} INFO - Sync 1 DAGs
[2024-10-10T23:54:51.586+0900] {logging_mixin.py:190} INFO - [2024-10-10T23:54:51.585+0900] {dag.py:4180} INFO - Setting next_dagrun for example_short_circuit_decorator to None, run_after=None
[2024-10-10T23:54:51.605+0900] {processor.py:208} INFO - Processing /Users/alookso/1007MLpj/myenv/lib/python3.10/site-packages/airflow/example_dags/example_short_circuit_decorator.py took 0.219 seconds
[2024-10-10T23:57:24.004+0900] {processor.py:186} INFO - Started process (PID=63878) to work on /Users/alookso/1007MLpj/myenv/lib/python3.10/site-packages/airflow/example_dags/example_short_circuit_decorator.py
[2024-10-10T23:57:24.005+0900] {processor.py:914} INFO - Processing file /Users/alookso/1007MLpj/myenv/lib/python3.10/site-packages/airflow/example_dags/example_short_circuit_decorator.py for tasks to queue
[2024-10-10T23:57:24.006+0900] {logging_mixin.py:190} INFO - [2024-10-10T23:57:24.006+0900] {dagbag.py:588} INFO - Filling up the DagBag from /Users/alookso/1007MLpj/myenv/lib/python3.10/site-packages/airflow/example_dags/example_short_circuit_decorator.py
[2024-10-10T23:57:24.056+0900] {processor.py:925} INFO - DAG(s) 'example_short_circuit_decorator' retrieved from /Users/alookso/1007MLpj/myenv/lib/python3.10/site-packages/airflow/example_dags/example_short_circuit_decorator.py
[2024-10-10T23:57:24.211+0900] {logging_mixin.py:190} INFO - [2024-10-10T23:57:24.210+0900] {dag.py:3239} INFO - Sync 1 DAGs
[2024-10-10T23:57:24.227+0900] {logging_mixin.py:190} INFO - [2024-10-10T23:57:24.226+0900] {dag.py:4180} INFO - Setting next_dagrun for example_short_circuit_decorator to None, run_after=None
[2024-10-10T23:57:24.250+0900] {processor.py:208} INFO - Processing /Users/alookso/1007MLpj/myenv/lib/python3.10/site-packages/airflow/example_dags/example_short_circuit_decorator.py took 0.250 seconds
[2024-10-11T00:01:55.539+0900] {processor.py:186} INFO - Started process (PID=64104) to work on /Users/alookso/1007MLpj/myenv/lib/python3.10/site-packages/airflow/example_dags/example_short_circuit_decorator.py
[2024-10-11T00:01:55.540+0900] {processor.py:914} INFO - Processing file /Users/alookso/1007MLpj/myenv/lib/python3.10/site-packages/airflow/example_dags/example_short_circuit_decorator.py for tasks to queue
[2024-10-11T00:01:55.541+0900] {logging_mixin.py:190} INFO - [2024-10-11T00:01:55.541+0900] {dagbag.py:588} INFO - Filling up the DagBag from /Users/alookso/1007MLpj/myenv/lib/python3.10/site-packages/airflow/example_dags/example_short_circuit_decorator.py
[2024-10-11T00:01:55.590+0900] {processor.py:925} INFO - DAG(s) 'example_short_circuit_decorator' retrieved from /Users/alookso/1007MLpj/myenv/lib/python3.10/site-packages/airflow/example_dags/example_short_circuit_decorator.py
[2024-10-11T00:01:55.746+0900] {logging_mixin.py:190} INFO - [2024-10-11T00:01:55.744+0900] {dag.py:3239} INFO - Sync 1 DAGs
[2024-10-11T00:01:55.770+0900] {logging_mixin.py:190} INFO - [2024-10-11T00:01:55.770+0900] {dag.py:4180} INFO - Setting next_dagrun for example_short_circuit_decorator to None, run_after=None
[2024-10-11T00:01:55.800+0900] {processor.py:208} INFO - Processing /Users/alookso/1007MLpj/myenv/lib/python3.10/site-packages/airflow/example_dags/example_short_circuit_decorator.py took 0.268 seconds
[2024-10-11T00:05:06.659+0900] {processor.py:186} INFO - Started process (PID=64271) to work on /Users/alookso/1007MLpj/myenv/lib/python3.10/site-packages/airflow/example_dags/example_short_circuit_decorator.py
[2024-10-11T00:05:06.660+0900] {processor.py:914} INFO - Processing file /Users/alookso/1007MLpj/myenv/lib/python3.10/site-packages/airflow/example_dags/example_short_circuit_decorator.py for tasks to queue
[2024-10-11T00:05:06.661+0900] {logging_mixin.py:190} INFO - [2024-10-11T00:05:06.661+0900] {dagbag.py:588} INFO - Filling up the DagBag from /Users/alookso/1007MLpj/myenv/lib/python3.10/site-packages/airflow/example_dags/example_short_circuit_decorator.py
[2024-10-11T00:05:06.709+0900] {processor.py:925} INFO - DAG(s) 'example_short_circuit_decorator' retrieved from /Users/alookso/1007MLpj/myenv/lib/python3.10/site-packages/airflow/example_dags/example_short_circuit_decorator.py
[2024-10-11T00:05:06.849+0900] {logging_mixin.py:190} INFO - [2024-10-11T00:05:06.847+0900] {dag.py:3239} INFO - Sync 1 DAGs
[2024-10-11T00:05:06.862+0900] {logging_mixin.py:190} INFO - [2024-10-11T00:05:06.862+0900] {dag.py:4180} INFO - Setting next_dagrun for example_short_circuit_decorator to None, run_after=None
[2024-10-11T00:05:06.881+0900] {processor.py:208} INFO - Processing /Users/alookso/1007MLpj/myenv/lib/python3.10/site-packages/airflow/example_dags/example_short_circuit_decorator.py took 0.229 seconds
[2024-10-11T00:09:03.918+0900] {processor.py:186} INFO - Started process (PID=64502) to work on /Users/alookso/1007MLpj/myenv/lib/python3.10/site-packages/airflow/example_dags/example_short_circuit_decorator.py
[2024-10-11T00:09:03.919+0900] {processor.py:914} INFO - Processing file /Users/alookso/1007MLpj/myenv/lib/python3.10/site-packages/airflow/example_dags/example_short_circuit_decorator.py for tasks to queue
[2024-10-11T00:09:03.920+0900] {logging_mixin.py:190} INFO - [2024-10-11T00:09:03.920+0900] {dagbag.py:588} INFO - Filling up the DagBag from /Users/alookso/1007MLpj/myenv/lib/python3.10/site-packages/airflow/example_dags/example_short_circuit_decorator.py
[2024-10-11T00:09:03.964+0900] {processor.py:925} INFO - DAG(s) 'example_short_circuit_decorator' retrieved from /Users/alookso/1007MLpj/myenv/lib/python3.10/site-packages/airflow/example_dags/example_short_circuit_decorator.py
[2024-10-11T00:09:04.100+0900] {logging_mixin.py:190} INFO - [2024-10-11T00:09:04.098+0900] {dag.py:3239} INFO - Sync 1 DAGs
[2024-10-11T00:09:04.114+0900] {logging_mixin.py:190} INFO - [2024-10-11T00:09:04.114+0900] {dag.py:4180} INFO - Setting next_dagrun for example_short_circuit_decorator to None, run_after=None
[2024-10-11T00:09:04.134+0900] {processor.py:208} INFO - Processing /Users/alookso/1007MLpj/myenv/lib/python3.10/site-packages/airflow/example_dags/example_short_circuit_decorator.py took 0.220 seconds
[2024-10-11T00:12:06.033+0900] {processor.py:186} INFO - Started process (PID=64628) to work on /Users/alookso/1007MLpj/myenv/lib/python3.10/site-packages/airflow/example_dags/example_short_circuit_decorator.py
[2024-10-11T00:12:06.034+0900] {processor.py:914} INFO - Processing file /Users/alookso/1007MLpj/myenv/lib/python3.10/site-packages/airflow/example_dags/example_short_circuit_decorator.py for tasks to queue
[2024-10-11T00:12:06.034+0900] {logging_mixin.py:190} INFO - [2024-10-11T00:12:06.034+0900] {dagbag.py:588} INFO - Filling up the DagBag from /Users/alookso/1007MLpj/myenv/lib/python3.10/site-packages/airflow/example_dags/example_short_circuit_decorator.py
[2024-10-11T00:12:06.080+0900] {processor.py:925} INFO - DAG(s) 'example_short_circuit_decorator' retrieved from /Users/alookso/1007MLpj/myenv/lib/python3.10/site-packages/airflow/example_dags/example_short_circuit_decorator.py
[2024-10-11T00:12:06.214+0900] {logging_mixin.py:190} INFO - [2024-10-11T00:12:06.213+0900] {dag.py:3239} INFO - Sync 1 DAGs
[2024-10-11T00:12:06.227+0900] {logging_mixin.py:190} INFO - [2024-10-11T00:12:06.227+0900] {dag.py:4180} INFO - Setting next_dagrun for example_short_circuit_decorator to None, run_after=None
[2024-10-11T00:12:06.246+0900] {processor.py:208} INFO - Processing /Users/alookso/1007MLpj/myenv/lib/python3.10/site-packages/airflow/example_dags/example_short_circuit_decorator.py took 0.219 seconds
[2024-10-11T00:14:35.971+0900] {processor.py:186} INFO - Started process (PID=64747) to work on /Users/alookso/1007MLpj/myenv/lib/python3.10/site-packages/airflow/example_dags/example_short_circuit_decorator.py
[2024-10-11T00:14:35.972+0900] {processor.py:914} INFO - Processing file /Users/alookso/1007MLpj/myenv/lib/python3.10/site-packages/airflow/example_dags/example_short_circuit_decorator.py for tasks to queue
[2024-10-11T00:14:35.973+0900] {logging_mixin.py:190} INFO - [2024-10-11T00:14:35.973+0900] {dagbag.py:588} INFO - Filling up the DagBag from /Users/alookso/1007MLpj/myenv/lib/python3.10/site-packages/airflow/example_dags/example_short_circuit_decorator.py
[2024-10-11T00:14:36.015+0900] {processor.py:925} INFO - DAG(s) 'example_short_circuit_decorator' retrieved from /Users/alookso/1007MLpj/myenv/lib/python3.10/site-packages/airflow/example_dags/example_short_circuit_decorator.py
[2024-10-11T00:14:36.144+0900] {logging_mixin.py:190} INFO - [2024-10-11T00:14:36.143+0900] {dag.py:3239} INFO - Sync 1 DAGs
[2024-10-11T00:14:36.156+0900] {logging_mixin.py:190} INFO - [2024-10-11T00:14:36.156+0900] {dag.py:4180} INFO - Setting next_dagrun for example_short_circuit_decorator to None, run_after=None
[2024-10-11T00:14:36.175+0900] {processor.py:208} INFO - Processing /Users/alookso/1007MLpj/myenv/lib/python3.10/site-packages/airflow/example_dags/example_short_circuit_decorator.py took 0.208 seconds
[2024-10-11T00:17:15.511+0900] {processor.py:186} INFO - Started process (PID=64825) to work on /Users/alookso/1007MLpj/myenv/lib/python3.10/site-packages/airflow/example_dags/example_short_circuit_decorator.py
[2024-10-11T00:17:15.512+0900] {processor.py:914} INFO - Processing file /Users/alookso/1007MLpj/myenv/lib/python3.10/site-packages/airflow/example_dags/example_short_circuit_decorator.py for tasks to queue
[2024-10-11T00:17:15.513+0900] {logging_mixin.py:190} INFO - [2024-10-11T00:17:15.513+0900] {dagbag.py:588} INFO - Filling up the DagBag from /Users/alookso/1007MLpj/myenv/lib/python3.10/site-packages/airflow/example_dags/example_short_circuit_decorator.py
[2024-10-11T00:17:15.556+0900] {processor.py:925} INFO - DAG(s) 'example_short_circuit_decorator' retrieved from /Users/alookso/1007MLpj/myenv/lib/python3.10/site-packages/airflow/example_dags/example_short_circuit_decorator.py
[2024-10-11T00:17:15.712+0900] {logging_mixin.py:190} INFO - [2024-10-11T00:17:15.711+0900] {dag.py:3239} INFO - Sync 1 DAGs
[2024-10-11T00:17:15.727+0900] {logging_mixin.py:190} INFO - [2024-10-11T00:17:15.727+0900] {dag.py:4180} INFO - Setting next_dagrun for example_short_circuit_decorator to None, run_after=None
[2024-10-11T00:17:15.752+0900] {processor.py:208} INFO - Processing /Users/alookso/1007MLpj/myenv/lib/python3.10/site-packages/airflow/example_dags/example_short_circuit_decorator.py took 0.244 seconds
[2024-10-11T00:19:48.956+0900] {processor.py:186} INFO - Started process (PID=64920) to work on /Users/alookso/1007MLpj/myenv/lib/python3.10/site-packages/airflow/example_dags/example_short_circuit_decorator.py
[2024-10-11T00:19:48.957+0900] {processor.py:914} INFO - Processing file /Users/alookso/1007MLpj/myenv/lib/python3.10/site-packages/airflow/example_dags/example_short_circuit_decorator.py for tasks to queue
[2024-10-11T00:19:48.958+0900] {logging_mixin.py:190} INFO - [2024-10-11T00:19:48.958+0900] {dagbag.py:588} INFO - Filling up the DagBag from /Users/alookso/1007MLpj/myenv/lib/python3.10/site-packages/airflow/example_dags/example_short_circuit_decorator.py
[2024-10-11T00:19:49.000+0900] {processor.py:925} INFO - DAG(s) 'example_short_circuit_decorator' retrieved from /Users/alookso/1007MLpj/myenv/lib/python3.10/site-packages/airflow/example_dags/example_short_circuit_decorator.py
[2024-10-11T00:19:49.132+0900] {logging_mixin.py:190} INFO - [2024-10-11T00:19:49.131+0900] {dag.py:3239} INFO - Sync 1 DAGs
[2024-10-11T00:19:49.145+0900] {logging_mixin.py:190} INFO - [2024-10-11T00:19:49.145+0900] {dag.py:4180} INFO - Setting next_dagrun for example_short_circuit_decorator to None, run_after=None
[2024-10-11T00:19:49.164+0900] {processor.py:208} INFO - Processing /Users/alookso/1007MLpj/myenv/lib/python3.10/site-packages/airflow/example_dags/example_short_circuit_decorator.py took 0.212 seconds
[2024-10-11T00:22:26.862+0900] {processor.py:186} INFO - Started process (PID=65017) to work on /Users/alookso/1007MLpj/myenv/lib/python3.10/site-packages/airflow/example_dags/example_short_circuit_decorator.py
[2024-10-11T00:22:26.863+0900] {processor.py:914} INFO - Processing file /Users/alookso/1007MLpj/myenv/lib/python3.10/site-packages/airflow/example_dags/example_short_circuit_decorator.py for tasks to queue
[2024-10-11T00:22:26.864+0900] {logging_mixin.py:190} INFO - [2024-10-11T00:22:26.864+0900] {dagbag.py:588} INFO - Filling up the DagBag from /Users/alookso/1007MLpj/myenv/lib/python3.10/site-packages/airflow/example_dags/example_short_circuit_decorator.py
[2024-10-11T00:22:26.910+0900] {processor.py:925} INFO - DAG(s) 'example_short_circuit_decorator' retrieved from /Users/alookso/1007MLpj/myenv/lib/python3.10/site-packages/airflow/example_dags/example_short_circuit_decorator.py
[2024-10-11T00:22:27.050+0900] {logging_mixin.py:190} INFO - [2024-10-11T00:22:27.049+0900] {dag.py:3239} INFO - Sync 1 DAGs
[2024-10-11T00:22:27.063+0900] {logging_mixin.py:190} INFO - [2024-10-11T00:22:27.063+0900] {dag.py:4180} INFO - Setting next_dagrun for example_short_circuit_decorator to None, run_after=None
[2024-10-11T00:22:27.082+0900] {processor.py:208} INFO - Processing /Users/alookso/1007MLpj/myenv/lib/python3.10/site-packages/airflow/example_dags/example_short_circuit_decorator.py took 0.225 seconds
[2024-10-11T00:25:00.134+0900] {processor.py:186} INFO - Started process (PID=65091) to work on /Users/alookso/1007MLpj/myenv/lib/python3.10/site-packages/airflow/example_dags/example_short_circuit_decorator.py
[2024-10-11T00:25:00.135+0900] {processor.py:914} INFO - Processing file /Users/alookso/1007MLpj/myenv/lib/python3.10/site-packages/airflow/example_dags/example_short_circuit_decorator.py for tasks to queue
[2024-10-11T00:25:00.136+0900] {logging_mixin.py:190} INFO - [2024-10-11T00:25:00.136+0900] {dagbag.py:588} INFO - Filling up the DagBag from /Users/alookso/1007MLpj/myenv/lib/python3.10/site-packages/airflow/example_dags/example_short_circuit_decorator.py
[2024-10-11T00:25:00.180+0900] {processor.py:925} INFO - DAG(s) 'example_short_circuit_decorator' retrieved from /Users/alookso/1007MLpj/myenv/lib/python3.10/site-packages/airflow/example_dags/example_short_circuit_decorator.py
[2024-10-11T00:25:00.316+0900] {logging_mixin.py:190} INFO - [2024-10-11T00:25:00.315+0900] {dag.py:3239} INFO - Sync 1 DAGs
[2024-10-11T00:25:00.329+0900] {logging_mixin.py:190} INFO - [2024-10-11T00:25:00.329+0900] {dag.py:4180} INFO - Setting next_dagrun for example_short_circuit_decorator to None, run_after=None
[2024-10-11T00:25:00.348+0900] {processor.py:208} INFO - Processing /Users/alookso/1007MLpj/myenv/lib/python3.10/site-packages/airflow/example_dags/example_short_circuit_decorator.py took 0.219 seconds
[2024-10-11T00:28:06.586+0900] {processor.py:186} INFO - Started process (PID=65248) to work on /Users/alookso/1007MLpj/myenv/lib/python3.10/site-packages/airflow/example_dags/example_short_circuit_decorator.py
[2024-10-11T00:28:06.587+0900] {processor.py:914} INFO - Processing file /Users/alookso/1007MLpj/myenv/lib/python3.10/site-packages/airflow/example_dags/example_short_circuit_decorator.py for tasks to queue
[2024-10-11T00:28:06.588+0900] {logging_mixin.py:190} INFO - [2024-10-11T00:28:06.588+0900] {dagbag.py:588} INFO - Filling up the DagBag from /Users/alookso/1007MLpj/myenv/lib/python3.10/site-packages/airflow/example_dags/example_short_circuit_decorator.py
[2024-10-11T00:28:06.634+0900] {processor.py:925} INFO - DAG(s) 'example_short_circuit_decorator' retrieved from /Users/alookso/1007MLpj/myenv/lib/python3.10/site-packages/airflow/example_dags/example_short_circuit_decorator.py
[2024-10-11T00:28:06.788+0900] {logging_mixin.py:190} INFO - [2024-10-11T00:28:06.786+0900] {dag.py:3239} INFO - Sync 1 DAGs
[2024-10-11T00:28:06.803+0900] {logging_mixin.py:190} INFO - [2024-10-11T00:28:06.803+0900] {dag.py:4180} INFO - Setting next_dagrun for example_short_circuit_decorator to None, run_after=None
[2024-10-11T00:28:06.824+0900] {processor.py:208} INFO - Processing /Users/alookso/1007MLpj/myenv/lib/python3.10/site-packages/airflow/example_dags/example_short_circuit_decorator.py took 0.245 seconds
[2024-10-11T00:31:29.813+0900] {processor.py:186} INFO - Started process (PID=65424) to work on /Users/alookso/1007MLpj/myenv/lib/python3.10/site-packages/airflow/example_dags/example_short_circuit_decorator.py
[2024-10-11T00:31:29.814+0900] {processor.py:914} INFO - Processing file /Users/alookso/1007MLpj/myenv/lib/python3.10/site-packages/airflow/example_dags/example_short_circuit_decorator.py for tasks to queue
[2024-10-11T00:31:29.815+0900] {logging_mixin.py:190} INFO - [2024-10-11T00:31:29.815+0900] {dagbag.py:588} INFO - Filling up the DagBag from /Users/alookso/1007MLpj/myenv/lib/python3.10/site-packages/airflow/example_dags/example_short_circuit_decorator.py
[2024-10-11T00:31:29.865+0900] {processor.py:925} INFO - DAG(s) 'example_short_circuit_decorator' retrieved from /Users/alookso/1007MLpj/myenv/lib/python3.10/site-packages/airflow/example_dags/example_short_circuit_decorator.py
[2024-10-11T00:31:30.015+0900] {logging_mixin.py:190} INFO - [2024-10-11T00:31:30.013+0900] {dag.py:3239} INFO - Sync 1 DAGs
[2024-10-11T00:31:30.030+0900] {logging_mixin.py:190} INFO - [2024-10-11T00:31:30.030+0900] {dag.py:4180} INFO - Setting next_dagrun for example_short_circuit_decorator to None, run_after=None
[2024-10-11T00:31:30.053+0900] {processor.py:208} INFO - Processing /Users/alookso/1007MLpj/myenv/lib/python3.10/site-packages/airflow/example_dags/example_short_circuit_decorator.py took 0.246 seconds
[2024-10-11T00:35:17.774+0900] {processor.py:186} INFO - Started process (PID=65595) to work on /Users/alookso/1007MLpj/myenv/lib/python3.10/site-packages/airflow/example_dags/example_short_circuit_decorator.py
[2024-10-11T00:35:17.775+0900] {processor.py:914} INFO - Processing file /Users/alookso/1007MLpj/myenv/lib/python3.10/site-packages/airflow/example_dags/example_short_circuit_decorator.py for tasks to queue
[2024-10-11T00:35:17.776+0900] {logging_mixin.py:190} INFO - [2024-10-11T00:35:17.776+0900] {dagbag.py:588} INFO - Filling up the DagBag from /Users/alookso/1007MLpj/myenv/lib/python3.10/site-packages/airflow/example_dags/example_short_circuit_decorator.py
[2024-10-11T00:35:17.820+0900] {processor.py:925} INFO - DAG(s) 'example_short_circuit_decorator' retrieved from /Users/alookso/1007MLpj/myenv/lib/python3.10/site-packages/airflow/example_dags/example_short_circuit_decorator.py
[2024-10-11T00:35:17.953+0900] {logging_mixin.py:190} INFO - [2024-10-11T00:35:17.951+0900] {dag.py:3239} INFO - Sync 1 DAGs
[2024-10-11T00:35:17.965+0900] {logging_mixin.py:190} INFO - [2024-10-11T00:35:17.965+0900] {dag.py:4180} INFO - Setting next_dagrun for example_short_circuit_decorator to None, run_after=None
[2024-10-11T00:35:17.984+0900] {processor.py:208} INFO - Processing /Users/alookso/1007MLpj/myenv/lib/python3.10/site-packages/airflow/example_dags/example_short_circuit_decorator.py took 0.214 seconds
[2024-10-11T00:39:01.278+0900] {processor.py:186} INFO - Started process (PID=65780) to work on /Users/alookso/1007MLpj/myenv/lib/python3.10/site-packages/airflow/example_dags/example_short_circuit_decorator.py
[2024-10-11T00:39:01.279+0900] {processor.py:914} INFO - Processing file /Users/alookso/1007MLpj/myenv/lib/python3.10/site-packages/airflow/example_dags/example_short_circuit_decorator.py for tasks to queue
[2024-10-11T00:39:01.280+0900] {logging_mixin.py:190} INFO - [2024-10-11T00:39:01.280+0900] {dagbag.py:588} INFO - Filling up the DagBag from /Users/alookso/1007MLpj/myenv/lib/python3.10/site-packages/airflow/example_dags/example_short_circuit_decorator.py
[2024-10-11T00:39:01.324+0900] {processor.py:925} INFO - DAG(s) 'example_short_circuit_decorator' retrieved from /Users/alookso/1007MLpj/myenv/lib/python3.10/site-packages/airflow/example_dags/example_short_circuit_decorator.py
[2024-10-11T00:39:01.456+0900] {logging_mixin.py:190} INFO - [2024-10-11T00:39:01.454+0900] {dag.py:3239} INFO - Sync 1 DAGs
[2024-10-11T00:39:01.468+0900] {logging_mixin.py:190} INFO - [2024-10-11T00:39:01.468+0900] {dag.py:4180} INFO - Setting next_dagrun for example_short_circuit_decorator to None, run_after=None
[2024-10-11T00:39:01.487+0900] {processor.py:208} INFO - Processing /Users/alookso/1007MLpj/myenv/lib/python3.10/site-packages/airflow/example_dags/example_short_circuit_decorator.py took 0.213 seconds
[2024-10-11T00:42:34.674+0900] {processor.py:186} INFO - Started process (PID=65958) to work on /Users/alookso/1007MLpj/myenv/lib/python3.10/site-packages/airflow/example_dags/example_short_circuit_decorator.py
[2024-10-11T00:42:34.675+0900] {processor.py:914} INFO - Processing file /Users/alookso/1007MLpj/myenv/lib/python3.10/site-packages/airflow/example_dags/example_short_circuit_decorator.py for tasks to queue
[2024-10-11T00:42:34.676+0900] {logging_mixin.py:190} INFO - [2024-10-11T00:42:34.676+0900] {dagbag.py:588} INFO - Filling up the DagBag from /Users/alookso/1007MLpj/myenv/lib/python3.10/site-packages/airflow/example_dags/example_short_circuit_decorator.py
[2024-10-11T00:42:34.725+0900] {processor.py:925} INFO - DAG(s) 'example_short_circuit_decorator' retrieved from /Users/alookso/1007MLpj/myenv/lib/python3.10/site-packages/airflow/example_dags/example_short_circuit_decorator.py
[2024-10-11T00:42:34.878+0900] {logging_mixin.py:190} INFO - [2024-10-11T00:42:34.876+0900] {dag.py:3239} INFO - Sync 1 DAGs
[2024-10-11T00:42:34.892+0900] {logging_mixin.py:190} INFO - [2024-10-11T00:42:34.892+0900] {dag.py:4180} INFO - Setting next_dagrun for example_short_circuit_decorator to None, run_after=None
[2024-10-11T00:42:34.914+0900] {processor.py:208} INFO - Processing /Users/alookso/1007MLpj/myenv/lib/python3.10/site-packages/airflow/example_dags/example_short_circuit_decorator.py took 0.246 seconds
[2024-10-11T00:45:39.353+0900] {processor.py:186} INFO - Started process (PID=66077) to work on /Users/alookso/1007MLpj/myenv/lib/python3.10/site-packages/airflow/example_dags/example_short_circuit_decorator.py
[2024-10-11T00:45:39.355+0900] {processor.py:914} INFO - Processing file /Users/alookso/1007MLpj/myenv/lib/python3.10/site-packages/airflow/example_dags/example_short_circuit_decorator.py for tasks to queue
[2024-10-11T00:45:39.356+0900] {logging_mixin.py:190} INFO - [2024-10-11T00:45:39.356+0900] {dagbag.py:588} INFO - Filling up the DagBag from /Users/alookso/1007MLpj/myenv/lib/python3.10/site-packages/airflow/example_dags/example_short_circuit_decorator.py
[2024-10-11T00:45:39.401+0900] {processor.py:925} INFO - DAG(s) 'example_short_circuit_decorator' retrieved from /Users/alookso/1007MLpj/myenv/lib/python3.10/site-packages/airflow/example_dags/example_short_circuit_decorator.py
[2024-10-11T00:45:39.535+0900] {logging_mixin.py:190} INFO - [2024-10-11T00:45:39.533+0900] {dag.py:3239} INFO - Sync 1 DAGs
[2024-10-11T00:45:39.549+0900] {logging_mixin.py:190} INFO - [2024-10-11T00:45:39.549+0900] {dag.py:4180} INFO - Setting next_dagrun for example_short_circuit_decorator to None, run_after=None
[2024-10-11T00:45:39.571+0900] {processor.py:208} INFO - Processing /Users/alookso/1007MLpj/myenv/lib/python3.10/site-packages/airflow/example_dags/example_short_circuit_decorator.py took 0.223 seconds
[2024-10-11T00:50:00.496+0900] {processor.py:186} INFO - Started process (PID=66313) to work on /Users/alookso/1007MLpj/myenv/lib/python3.10/site-packages/airflow/example_dags/example_short_circuit_decorator.py
[2024-10-11T00:50:00.497+0900] {processor.py:914} INFO - Processing file /Users/alookso/1007MLpj/myenv/lib/python3.10/site-packages/airflow/example_dags/example_short_circuit_decorator.py for tasks to queue
[2024-10-11T00:50:00.498+0900] {logging_mixin.py:190} INFO - [2024-10-11T00:50:00.498+0900] {dagbag.py:588} INFO - Filling up the DagBag from /Users/alookso/1007MLpj/myenv/lib/python3.10/site-packages/airflow/example_dags/example_short_circuit_decorator.py
[2024-10-11T00:50:00.541+0900] {processor.py:925} INFO - DAG(s) 'example_short_circuit_decorator' retrieved from /Users/alookso/1007MLpj/myenv/lib/python3.10/site-packages/airflow/example_dags/example_short_circuit_decorator.py
[2024-10-11T00:50:00.675+0900] {logging_mixin.py:190} INFO - [2024-10-11T00:50:00.673+0900] {dag.py:3239} INFO - Sync 1 DAGs
[2024-10-11T00:50:00.687+0900] {logging_mixin.py:190} INFO - [2024-10-11T00:50:00.687+0900] {dag.py:4180} INFO - Setting next_dagrun for example_short_circuit_decorator to None, run_after=None
[2024-10-11T00:50:00.707+0900] {processor.py:208} INFO - Processing /Users/alookso/1007MLpj/myenv/lib/python3.10/site-packages/airflow/example_dags/example_short_circuit_decorator.py took 0.215 seconds
[2024-10-11T00:53:03.940+0900] {processor.py:186} INFO - Started process (PID=66482) to work on /Users/alookso/1007MLpj/myenv/lib/python3.10/site-packages/airflow/example_dags/example_short_circuit_decorator.py
[2024-10-11T00:53:03.941+0900] {processor.py:914} INFO - Processing file /Users/alookso/1007MLpj/myenv/lib/python3.10/site-packages/airflow/example_dags/example_short_circuit_decorator.py for tasks to queue
[2024-10-11T00:53:03.942+0900] {logging_mixin.py:190} INFO - [2024-10-11T00:53:03.942+0900] {dagbag.py:588} INFO - Filling up the DagBag from /Users/alookso/1007MLpj/myenv/lib/python3.10/site-packages/airflow/example_dags/example_short_circuit_decorator.py
[2024-10-11T00:53:04.000+0900] {processor.py:925} INFO - DAG(s) 'example_short_circuit_decorator' retrieved from /Users/alookso/1007MLpj/myenv/lib/python3.10/site-packages/airflow/example_dags/example_short_circuit_decorator.py
[2024-10-11T00:53:04.139+0900] {logging_mixin.py:190} INFO - [2024-10-11T00:53:04.137+0900] {dag.py:3239} INFO - Sync 1 DAGs
[2024-10-11T00:53:04.152+0900] {logging_mixin.py:190} INFO - [2024-10-11T00:53:04.152+0900] {dag.py:4180} INFO - Setting next_dagrun for example_short_circuit_decorator to None, run_after=None
[2024-10-11T00:53:04.172+0900] {processor.py:208} INFO - Processing /Users/alookso/1007MLpj/myenv/lib/python3.10/site-packages/airflow/example_dags/example_short_circuit_decorator.py took 0.237 seconds
