[2024-10-10T15:35:32.059+0900] {processor.py:186} INFO - Started process (PID=56143) to work on /Users/alookso/1007MLpj/myenv/lib/python3.10/site-packages/airflow/example_dags/example_branch_day_of_week_operator.py
[2024-10-10T15:35:32.060+0900] {processor.py:914} INFO - Processing file /Users/alookso/1007MLpj/myenv/lib/python3.10/site-packages/airflow/example_dags/example_branch_day_of_week_operator.py for tasks to queue
[2024-10-10T15:35:32.062+0900] {logging_mixin.py:190} INFO - [2024-10-10T15:35:32.061+0900] {dagbag.py:588} INFO - Filling up the DagBag from /Users/alookso/1007MLpj/myenv/lib/python3.10/site-packages/airflow/example_dags/example_branch_day_of_week_operator.py
[2024-10-10T15:35:32.074+0900] {processor.py:925} INFO - DAG(s) 'example_weekday_branch_operator' retrieved from /Users/alookso/1007MLpj/myenv/lib/python3.10/site-packages/airflow/example_dags/example_branch_day_of_week_operator.py
[2024-10-10T15:35:32.337+0900] {logging_mixin.py:190} INFO - [2024-10-10T15:35:32.336+0900] {override.py:1901} INFO - Created Permission View: can edit on DAG:example_weekday_branch_operator
[2024-10-10T15:35:32.348+0900] {logging_mixin.py:190} INFO - [2024-10-10T15:35:32.347+0900] {override.py:1901} INFO - Created Permission View: can delete on DAG:example_weekday_branch_operator
[2024-10-10T15:35:32.355+0900] {logging_mixin.py:190} INFO - [2024-10-10T15:35:32.355+0900] {override.py:1901} INFO - Created Permission View: can read on DAG:example_weekday_branch_operator
[2024-10-10T15:35:32.365+0900] {logging_mixin.py:190} INFO - [2024-10-10T15:35:32.365+0900] {override.py:1901} INFO - Created Permission View: can create on DAG Run:example_weekday_branch_operator
[2024-10-10T15:35:32.373+0900] {logging_mixin.py:190} INFO - [2024-10-10T15:35:32.372+0900] {override.py:1901} INFO - Created Permission View: can delete on DAG Run:example_weekday_branch_operator
[2024-10-10T15:35:32.379+0900] {logging_mixin.py:190} INFO - [2024-10-10T15:35:32.379+0900] {override.py:1901} INFO - Created Permission View: menu access on DAG Run:example_weekday_branch_operator
[2024-10-10T15:35:32.387+0900] {logging_mixin.py:190} INFO - [2024-10-10T15:35:32.386+0900] {override.py:1901} INFO - Created Permission View: can read on DAG Run:example_weekday_branch_operator
[2024-10-10T15:35:32.387+0900] {logging_mixin.py:190} INFO - [2024-10-10T15:35:32.387+0900] {dag.py:3239} INFO - Sync 1 DAGs
[2024-10-10T15:35:32.402+0900] {logging_mixin.py:190} INFO - [2024-10-10T15:35:32.401+0900] {dag.py:3262} INFO - Creating ORM DAG for example_weekday_branch_operator
[2024-10-10T15:35:32.411+0900] {logging_mixin.py:190} INFO - [2024-10-10T15:35:32.411+0900] {dag.py:4180} INFO - Setting next_dagrun for example_weekday_branch_operator to 2024-10-09T00:00:00+00:00, run_after=2024-10-10T00:00:00+00:00
[2024-10-10T15:35:32.430+0900] {processor.py:208} INFO - Processing /Users/alookso/1007MLpj/myenv/lib/python3.10/site-packages/airflow/example_dags/example_branch_day_of_week_operator.py took 0.376 seconds
[2024-10-10T15:40:00.316+0900] {processor.py:186} INFO - Started process (PID=56295) to work on /Users/alookso/1007MLpj/myenv/lib/python3.10/site-packages/airflow/example_dags/example_branch_day_of_week_operator.py
[2024-10-10T15:40:00.318+0900] {processor.py:914} INFO - Processing file /Users/alookso/1007MLpj/myenv/lib/python3.10/site-packages/airflow/example_dags/example_branch_day_of_week_operator.py for tasks to queue
[2024-10-10T15:40:00.319+0900] {logging_mixin.py:190} INFO - [2024-10-10T15:40:00.319+0900] {dagbag.py:588} INFO - Filling up the DagBag from /Users/alookso/1007MLpj/myenv/lib/python3.10/site-packages/airflow/example_dags/example_branch_day_of_week_operator.py
[2024-10-10T15:40:00.334+0900] {processor.py:925} INFO - DAG(s) 'example_weekday_branch_operator' retrieved from /Users/alookso/1007MLpj/myenv/lib/python3.10/site-packages/airflow/example_dags/example_branch_day_of_week_operator.py
[2024-10-10T15:40:00.477+0900] {logging_mixin.py:190} INFO - [2024-10-10T15:40:00.476+0900] {dag.py:3239} INFO - Sync 1 DAGs
[2024-10-10T15:40:00.499+0900] {logging_mixin.py:190} INFO - [2024-10-10T15:40:00.499+0900] {dag.py:4180} INFO - Setting next_dagrun for example_weekday_branch_operator to 2024-10-09T00:00:00+00:00, run_after=2024-10-10T00:00:00+00:00
[2024-10-10T15:40:00.521+0900] {processor.py:208} INFO - Processing /Users/alookso/1007MLpj/myenv/lib/python3.10/site-packages/airflow/example_dags/example_branch_day_of_week_operator.py took 0.213 seconds
[2024-10-10T15:49:53.271+0900] {processor.py:186} INFO - Started process (PID=56807) to work on /Users/alookso/1007MLpj/myenv/lib/python3.10/site-packages/airflow/example_dags/example_branch_day_of_week_operator.py
[2024-10-10T15:49:53.273+0900] {processor.py:914} INFO - Processing file /Users/alookso/1007MLpj/myenv/lib/python3.10/site-packages/airflow/example_dags/example_branch_day_of_week_operator.py for tasks to queue
[2024-10-10T15:49:53.274+0900] {logging_mixin.py:190} INFO - [2024-10-10T15:49:53.274+0900] {dagbag.py:588} INFO - Filling up the DagBag from /Users/alookso/1007MLpj/myenv/lib/python3.10/site-packages/airflow/example_dags/example_branch_day_of_week_operator.py
[2024-10-10T15:49:53.288+0900] {processor.py:925} INFO - DAG(s) 'example_weekday_branch_operator' retrieved from /Users/alookso/1007MLpj/myenv/lib/python3.10/site-packages/airflow/example_dags/example_branch_day_of_week_operator.py
[2024-10-10T15:49:53.439+0900] {logging_mixin.py:190} INFO - [2024-10-10T15:49:53.439+0900] {dag.py:3239} INFO - Sync 1 DAGs
[2024-10-10T15:49:53.463+0900] {logging_mixin.py:190} INFO - [2024-10-10T15:49:53.463+0900] {dag.py:4180} INFO - Setting next_dagrun for example_weekday_branch_operator to 2024-10-09T00:00:00+00:00, run_after=2024-10-10T00:00:00+00:00
[2024-10-10T15:49:53.486+0900] {processor.py:208} INFO - Processing /Users/alookso/1007MLpj/myenv/lib/python3.10/site-packages/airflow/example_dags/example_branch_day_of_week_operator.py took 0.220 seconds
[2024-10-10T16:21:12.772+0900] {processor.py:186} INFO - Started process (PID=57437) to work on /Users/alookso/1007MLpj/myenv/lib/python3.10/site-packages/airflow/example_dags/example_branch_day_of_week_operator.py
[2024-10-10T16:21:12.775+0900] {processor.py:914} INFO - Processing file /Users/alookso/1007MLpj/myenv/lib/python3.10/site-packages/airflow/example_dags/example_branch_day_of_week_operator.py for tasks to queue
[2024-10-10T16:21:12.776+0900] {logging_mixin.py:190} INFO - [2024-10-10T16:21:12.776+0900] {dagbag.py:588} INFO - Filling up the DagBag from /Users/alookso/1007MLpj/myenv/lib/python3.10/site-packages/airflow/example_dags/example_branch_day_of_week_operator.py
[2024-10-10T16:21:12.788+0900] {processor.py:925} INFO - DAG(s) 'example_weekday_branch_operator' retrieved from /Users/alookso/1007MLpj/myenv/lib/python3.10/site-packages/airflow/example_dags/example_branch_day_of_week_operator.py
[2024-10-10T16:21:13.055+0900] {logging_mixin.py:190} INFO - [2024-10-10T16:21:13.055+0900] {dag.py:3239} INFO - Sync 1 DAGs
[2024-10-10T16:21:13.082+0900] {logging_mixin.py:190} INFO - [2024-10-10T16:21:13.082+0900] {dag.py:4180} INFO - Setting next_dagrun for example_weekday_branch_operator to 2024-10-09T00:00:00+00:00, run_after=2024-10-10T00:00:00+00:00
[2024-10-10T16:21:13.104+0900] {processor.py:208} INFO - Processing /Users/alookso/1007MLpj/myenv/lib/python3.10/site-packages/airflow/example_dags/example_branch_day_of_week_operator.py took 0.337 seconds
[2024-10-10T16:28:56.759+0900] {processor.py:186} INFO - Started process (PID=57764) to work on /Users/alookso/1007MLpj/myenv/lib/python3.10/site-packages/airflow/example_dags/example_branch_day_of_week_operator.py
[2024-10-10T16:28:56.761+0900] {processor.py:914} INFO - Processing file /Users/alookso/1007MLpj/myenv/lib/python3.10/site-packages/airflow/example_dags/example_branch_day_of_week_operator.py for tasks to queue
[2024-10-10T16:28:56.762+0900] {logging_mixin.py:190} INFO - [2024-10-10T16:28:56.762+0900] {dagbag.py:588} INFO - Filling up the DagBag from /Users/alookso/1007MLpj/myenv/lib/python3.10/site-packages/airflow/example_dags/example_branch_day_of_week_operator.py
[2024-10-10T16:28:56.774+0900] {processor.py:925} INFO - DAG(s) 'example_weekday_branch_operator' retrieved from /Users/alookso/1007MLpj/myenv/lib/python3.10/site-packages/airflow/example_dags/example_branch_day_of_week_operator.py
[2024-10-10T16:28:56.911+0900] {logging_mixin.py:190} INFO - [2024-10-10T16:28:56.911+0900] {dag.py:3239} INFO - Sync 1 DAGs
[2024-10-10T16:28:56.932+0900] {logging_mixin.py:190} INFO - [2024-10-10T16:28:56.932+0900] {dag.py:4180} INFO - Setting next_dagrun for example_weekday_branch_operator to 2024-10-09T00:00:00+00:00, run_after=2024-10-10T00:00:00+00:00
[2024-10-10T16:28:56.953+0900] {processor.py:208} INFO - Processing /Users/alookso/1007MLpj/myenv/lib/python3.10/site-packages/airflow/example_dags/example_branch_day_of_week_operator.py took 0.197 seconds
[2024-10-10T16:35:18.532+0900] {processor.py:186} INFO - Started process (PID=58033) to work on /Users/alookso/1007MLpj/myenv/lib/python3.10/site-packages/airflow/example_dags/example_branch_day_of_week_operator.py
[2024-10-10T16:35:18.533+0900] {processor.py:914} INFO - Processing file /Users/alookso/1007MLpj/myenv/lib/python3.10/site-packages/airflow/example_dags/example_branch_day_of_week_operator.py for tasks to queue
[2024-10-10T16:35:18.534+0900] {logging_mixin.py:190} INFO - [2024-10-10T16:35:18.534+0900] {dagbag.py:588} INFO - Filling up the DagBag from /Users/alookso/1007MLpj/myenv/lib/python3.10/site-packages/airflow/example_dags/example_branch_day_of_week_operator.py
[2024-10-10T16:35:18.546+0900] {processor.py:925} INFO - DAG(s) 'example_weekday_branch_operator' retrieved from /Users/alookso/1007MLpj/myenv/lib/python3.10/site-packages/airflow/example_dags/example_branch_day_of_week_operator.py
[2024-10-10T16:35:18.679+0900] {logging_mixin.py:190} INFO - [2024-10-10T16:35:18.679+0900] {dag.py:3239} INFO - Sync 1 DAGs
[2024-10-10T16:35:18.701+0900] {logging_mixin.py:190} INFO - [2024-10-10T16:35:18.701+0900] {dag.py:4180} INFO - Setting next_dagrun for example_weekday_branch_operator to 2024-10-09T00:00:00+00:00, run_after=2024-10-10T00:00:00+00:00
[2024-10-10T16:35:18.722+0900] {processor.py:208} INFO - Processing /Users/alookso/1007MLpj/myenv/lib/python3.10/site-packages/airflow/example_dags/example_branch_day_of_week_operator.py took 0.195 seconds
[2024-10-10T16:42:30.607+0900] {processor.py:186} INFO - Started process (PID=58211) to work on /Users/alookso/1007MLpj/myenv/lib/python3.10/site-packages/airflow/example_dags/example_branch_day_of_week_operator.py
[2024-10-10T16:42:30.609+0900] {processor.py:914} INFO - Processing file /Users/alookso/1007MLpj/myenv/lib/python3.10/site-packages/airflow/example_dags/example_branch_day_of_week_operator.py for tasks to queue
[2024-10-10T16:42:30.610+0900] {logging_mixin.py:190} INFO - [2024-10-10T16:42:30.610+0900] {dagbag.py:588} INFO - Filling up the DagBag from /Users/alookso/1007MLpj/myenv/lib/python3.10/site-packages/airflow/example_dags/example_branch_day_of_week_operator.py
[2024-10-10T16:42:30.623+0900] {processor.py:925} INFO - DAG(s) 'example_weekday_branch_operator' retrieved from /Users/alookso/1007MLpj/myenv/lib/python3.10/site-packages/airflow/example_dags/example_branch_day_of_week_operator.py
[2024-10-10T16:42:30.755+0900] {logging_mixin.py:190} INFO - [2024-10-10T16:42:30.754+0900] {dag.py:3239} INFO - Sync 1 DAGs
[2024-10-10T16:42:30.776+0900] {logging_mixin.py:190} INFO - [2024-10-10T16:42:30.776+0900] {dag.py:4180} INFO - Setting next_dagrun for example_weekday_branch_operator to 2024-10-09T00:00:00+00:00, run_after=2024-10-10T00:00:00+00:00
[2024-10-10T16:42:30.797+0900] {processor.py:208} INFO - Processing /Users/alookso/1007MLpj/myenv/lib/python3.10/site-packages/airflow/example_dags/example_branch_day_of_week_operator.py took 0.195 seconds
[2024-10-10T16:52:19.399+0900] {processor.py:186} INFO - Started process (PID=58703) to work on /Users/alookso/1007MLpj/myenv/lib/python3.10/site-packages/airflow/example_dags/example_branch_day_of_week_operator.py
[2024-10-10T16:52:19.403+0900] {processor.py:914} INFO - Processing file /Users/alookso/1007MLpj/myenv/lib/python3.10/site-packages/airflow/example_dags/example_branch_day_of_week_operator.py for tasks to queue
[2024-10-10T16:52:19.404+0900] {logging_mixin.py:190} INFO - [2024-10-10T16:52:19.403+0900] {dagbag.py:588} INFO - Filling up the DagBag from /Users/alookso/1007MLpj/myenv/lib/python3.10/site-packages/airflow/example_dags/example_branch_day_of_week_operator.py
[2024-10-10T16:52:19.416+0900] {processor.py:925} INFO - DAG(s) 'example_weekday_branch_operator' retrieved from /Users/alookso/1007MLpj/myenv/lib/python3.10/site-packages/airflow/example_dags/example_branch_day_of_week_operator.py
[2024-10-10T16:52:19.549+0900] {logging_mixin.py:190} INFO - [2024-10-10T16:52:19.549+0900] {dag.py:3239} INFO - Sync 1 DAGs
[2024-10-10T16:52:19.571+0900] {logging_mixin.py:190} INFO - [2024-10-10T16:52:19.571+0900] {dag.py:4180} INFO - Setting next_dagrun for example_weekday_branch_operator to 2024-10-09T00:00:00+00:00, run_after=2024-10-10T00:00:00+00:00
[2024-10-10T16:52:19.592+0900] {processor.py:208} INFO - Processing /Users/alookso/1007MLpj/myenv/lib/python3.10/site-packages/airflow/example_dags/example_branch_day_of_week_operator.py took 0.198 seconds
[2024-10-10T23:50:22.421+0900] {processor.py:186} INFO - Started process (PID=63549) to work on /Users/alookso/1007MLpj/myenv/lib/python3.10/site-packages/airflow/example_dags/example_branch_day_of_week_operator.py
[2024-10-10T23:50:22.423+0900] {processor.py:914} INFO - Processing file /Users/alookso/1007MLpj/myenv/lib/python3.10/site-packages/airflow/example_dags/example_branch_day_of_week_operator.py for tasks to queue
[2024-10-10T23:50:22.424+0900] {logging_mixin.py:190} INFO - [2024-10-10T23:50:22.424+0900] {dagbag.py:588} INFO - Filling up the DagBag from /Users/alookso/1007MLpj/myenv/lib/python3.10/site-packages/airflow/example_dags/example_branch_day_of_week_operator.py
[2024-10-10T23:50:22.438+0900] {processor.py:925} INFO - DAG(s) 'example_weekday_branch_operator' retrieved from /Users/alookso/1007MLpj/myenv/lib/python3.10/site-packages/airflow/example_dags/example_branch_day_of_week_operator.py
[2024-10-10T23:50:22.583+0900] {logging_mixin.py:190} INFO - [2024-10-10T23:50:22.582+0900] {dag.py:3239} INFO - Sync 1 DAGs
[2024-10-10T23:50:22.606+0900] {logging_mixin.py:190} INFO - [2024-10-10T23:50:22.606+0900] {dag.py:4180} INFO - Setting next_dagrun for example_weekday_branch_operator to 2024-10-09T00:00:00+00:00, run_after=2024-10-10T00:00:00+00:00
[2024-10-10T23:50:22.630+0900] {processor.py:208} INFO - Processing /Users/alookso/1007MLpj/myenv/lib/python3.10/site-packages/airflow/example_dags/example_branch_day_of_week_operator.py took 0.214 seconds
[2024-10-10T23:59:28.639+0900] {processor.py:186} INFO - Started process (PID=63932) to work on /Users/alookso/1007MLpj/myenv/lib/python3.10/site-packages/airflow/example_dags/example_branch_day_of_week_operator.py
[2024-10-10T23:59:28.640+0900] {processor.py:914} INFO - Processing file /Users/alookso/1007MLpj/myenv/lib/python3.10/site-packages/airflow/example_dags/example_branch_day_of_week_operator.py for tasks to queue
[2024-10-10T23:59:28.641+0900] {logging_mixin.py:190} INFO - [2024-10-10T23:59:28.641+0900] {dagbag.py:588} INFO - Filling up the DagBag from /Users/alookso/1007MLpj/myenv/lib/python3.10/site-packages/airflow/example_dags/example_branch_day_of_week_operator.py
[2024-10-10T23:59:28.652+0900] {processor.py:925} INFO - DAG(s) 'example_weekday_branch_operator' retrieved from /Users/alookso/1007MLpj/myenv/lib/python3.10/site-packages/airflow/example_dags/example_branch_day_of_week_operator.py
[2024-10-10T23:59:28.783+0900] {logging_mixin.py:190} INFO - [2024-10-10T23:59:28.783+0900] {dag.py:3239} INFO - Sync 1 DAGs
[2024-10-10T23:59:28.804+0900] {logging_mixin.py:190} INFO - [2024-10-10T23:59:28.804+0900] {dag.py:4180} INFO - Setting next_dagrun for example_weekday_branch_operator to 2024-10-09T00:00:00+00:00, run_after=2024-10-10T00:00:00+00:00
[2024-10-10T23:59:28.824+0900] {processor.py:208} INFO - Processing /Users/alookso/1007MLpj/myenv/lib/python3.10/site-packages/airflow/example_dags/example_branch_day_of_week_operator.py took 0.189 seconds
[2024-10-11T00:03:36.522+0900] {processor.py:186} INFO - Started process (PID=64188) to work on /Users/alookso/1007MLpj/myenv/lib/python3.10/site-packages/airflow/example_dags/example_branch_day_of_week_operator.py
[2024-10-11T00:03:36.523+0900] {processor.py:914} INFO - Processing file /Users/alookso/1007MLpj/myenv/lib/python3.10/site-packages/airflow/example_dags/example_branch_day_of_week_operator.py for tasks to queue
[2024-10-11T00:03:36.524+0900] {logging_mixin.py:190} INFO - [2024-10-11T00:03:36.524+0900] {dagbag.py:588} INFO - Filling up the DagBag from /Users/alookso/1007MLpj/myenv/lib/python3.10/site-packages/airflow/example_dags/example_branch_day_of_week_operator.py
[2024-10-11T00:03:36.537+0900] {processor.py:925} INFO - DAG(s) 'example_weekday_branch_operator' retrieved from /Users/alookso/1007MLpj/myenv/lib/python3.10/site-packages/airflow/example_dags/example_branch_day_of_week_operator.py
[2024-10-11T00:03:36.682+0900] {logging_mixin.py:190} INFO - [2024-10-11T00:03:36.681+0900] {dag.py:3239} INFO - Sync 1 DAGs
[2024-10-11T00:03:36.704+0900] {logging_mixin.py:190} INFO - [2024-10-11T00:03:36.704+0900] {dag.py:4180} INFO - Setting next_dagrun for example_weekday_branch_operator to 2024-10-09T00:00:00+00:00, run_after=2024-10-10T00:00:00+00:00
[2024-10-11T00:03:36.726+0900] {processor.py:208} INFO - Processing /Users/alookso/1007MLpj/myenv/lib/python3.10/site-packages/airflow/example_dags/example_branch_day_of_week_operator.py took 0.211 seconds
[2024-10-11T00:10:37.251+0900] {processor.py:186} INFO - Started process (PID=64548) to work on /Users/alookso/1007MLpj/myenv/lib/python3.10/site-packages/airflow/example_dags/example_branch_day_of_week_operator.py
[2024-10-11T00:10:37.251+0900] {processor.py:914} INFO - Processing file /Users/alookso/1007MLpj/myenv/lib/python3.10/site-packages/airflow/example_dags/example_branch_day_of_week_operator.py for tasks to queue
[2024-10-11T00:10:37.252+0900] {logging_mixin.py:190} INFO - [2024-10-11T00:10:37.252+0900] {dagbag.py:588} INFO - Filling up the DagBag from /Users/alookso/1007MLpj/myenv/lib/python3.10/site-packages/airflow/example_dags/example_branch_day_of_week_operator.py
[2024-10-11T00:10:37.264+0900] {processor.py:925} INFO - DAG(s) 'example_weekday_branch_operator' retrieved from /Users/alookso/1007MLpj/myenv/lib/python3.10/site-packages/airflow/example_dags/example_branch_day_of_week_operator.py
[2024-10-11T00:10:37.394+0900] {logging_mixin.py:190} INFO - [2024-10-11T00:10:37.394+0900] {dag.py:3239} INFO - Sync 1 DAGs
[2024-10-11T00:10:37.415+0900] {logging_mixin.py:190} INFO - [2024-10-11T00:10:37.414+0900] {dag.py:4180} INFO - Setting next_dagrun for example_weekday_branch_operator to 2024-10-09T00:00:00+00:00, run_after=2024-10-10T00:00:00+00:00
[2024-10-11T00:10:37.434+0900] {processor.py:208} INFO - Processing /Users/alookso/1007MLpj/myenv/lib/python3.10/site-packages/airflow/example_dags/example_branch_day_of_week_operator.py took 0.189 seconds
[2024-10-11T00:15:48.213+0900] {processor.py:186} INFO - Started process (PID=64784) to work on /Users/alookso/1007MLpj/myenv/lib/python3.10/site-packages/airflow/example_dags/example_branch_day_of_week_operator.py
[2024-10-11T00:15:48.214+0900] {processor.py:914} INFO - Processing file /Users/alookso/1007MLpj/myenv/lib/python3.10/site-packages/airflow/example_dags/example_branch_day_of_week_operator.py for tasks to queue
[2024-10-11T00:15:48.215+0900] {logging_mixin.py:190} INFO - [2024-10-11T00:15:48.215+0900] {dagbag.py:588} INFO - Filling up the DagBag from /Users/alookso/1007MLpj/myenv/lib/python3.10/site-packages/airflow/example_dags/example_branch_day_of_week_operator.py
[2024-10-11T00:15:48.227+0900] {processor.py:925} INFO - DAG(s) 'example_weekday_branch_operator' retrieved from /Users/alookso/1007MLpj/myenv/lib/python3.10/site-packages/airflow/example_dags/example_branch_day_of_week_operator.py
[2024-10-11T00:15:48.360+0900] {logging_mixin.py:190} INFO - [2024-10-11T00:15:48.360+0900] {dag.py:3239} INFO - Sync 1 DAGs
[2024-10-11T00:15:48.383+0900] {logging_mixin.py:190} INFO - [2024-10-11T00:15:48.382+0900] {dag.py:4180} INFO - Setting next_dagrun for example_weekday_branch_operator to 2024-10-09T00:00:00+00:00, run_after=2024-10-10T00:00:00+00:00
[2024-10-11T00:15:48.403+0900] {processor.py:208} INFO - Processing /Users/alookso/1007MLpj/myenv/lib/python3.10/site-packages/airflow/example_dags/example_branch_day_of_week_operator.py took 0.195 seconds
[2024-10-11T00:20:55.982+0900] {processor.py:186} INFO - Started process (PID=64974) to work on /Users/alookso/1007MLpj/myenv/lib/python3.10/site-packages/airflow/example_dags/example_branch_day_of_week_operator.py
[2024-10-11T00:20:55.983+0900] {processor.py:914} INFO - Processing file /Users/alookso/1007MLpj/myenv/lib/python3.10/site-packages/airflow/example_dags/example_branch_day_of_week_operator.py for tasks to queue
[2024-10-11T00:20:55.984+0900] {logging_mixin.py:190} INFO - [2024-10-11T00:20:55.984+0900] {dagbag.py:588} INFO - Filling up the DagBag from /Users/alookso/1007MLpj/myenv/lib/python3.10/site-packages/airflow/example_dags/example_branch_day_of_week_operator.py
[2024-10-11T00:20:55.996+0900] {processor.py:925} INFO - DAG(s) 'example_weekday_branch_operator' retrieved from /Users/alookso/1007MLpj/myenv/lib/python3.10/site-packages/airflow/example_dags/example_branch_day_of_week_operator.py
[2024-10-11T00:20:56.131+0900] {logging_mixin.py:190} INFO - [2024-10-11T00:20:56.130+0900] {dag.py:3239} INFO - Sync 1 DAGs
[2024-10-11T00:20:56.152+0900] {logging_mixin.py:190} INFO - [2024-10-11T00:20:56.152+0900] {dag.py:4180} INFO - Setting next_dagrun for example_weekday_branch_operator to 2024-10-09T00:00:00+00:00, run_after=2024-10-10T00:00:00+00:00
[2024-10-11T00:20:56.173+0900] {processor.py:208} INFO - Processing /Users/alookso/1007MLpj/myenv/lib/python3.10/site-packages/airflow/example_dags/example_branch_day_of_week_operator.py took 0.196 seconds
[2024-10-11T00:26:02.961+0900] {processor.py:186} INFO - Started process (PID=65130) to work on /Users/alookso/1007MLpj/myenv/lib/python3.10/site-packages/airflow/example_dags/example_branch_day_of_week_operator.py
[2024-10-11T00:26:02.962+0900] {processor.py:914} INFO - Processing file /Users/alookso/1007MLpj/myenv/lib/python3.10/site-packages/airflow/example_dags/example_branch_day_of_week_operator.py for tasks to queue
[2024-10-11T00:26:02.963+0900] {logging_mixin.py:190} INFO - [2024-10-11T00:26:02.962+0900] {dagbag.py:588} INFO - Filling up the DagBag from /Users/alookso/1007MLpj/myenv/lib/python3.10/site-packages/airflow/example_dags/example_branch_day_of_week_operator.py
[2024-10-11T00:26:02.974+0900] {processor.py:925} INFO - DAG(s) 'example_weekday_branch_operator' retrieved from /Users/alookso/1007MLpj/myenv/lib/python3.10/site-packages/airflow/example_dags/example_branch_day_of_week_operator.py
[2024-10-11T00:26:03.106+0900] {logging_mixin.py:190} INFO - [2024-10-11T00:26:03.105+0900] {dag.py:3239} INFO - Sync 1 DAGs
[2024-10-11T00:26:03.127+0900] {logging_mixin.py:190} INFO - [2024-10-11T00:26:03.127+0900] {dag.py:4180} INFO - Setting next_dagrun for example_weekday_branch_operator to 2024-10-09T00:00:00+00:00, run_after=2024-10-10T00:00:00+00:00
[2024-10-11T00:26:03.148+0900] {processor.py:208} INFO - Processing /Users/alookso/1007MLpj/myenv/lib/python3.10/site-packages/airflow/example_dags/example_branch_day_of_week_operator.py took 0.191 seconds
[2024-10-11T00:33:08.385+0900] {processor.py:186} INFO - Started process (PID=65497) to work on /Users/alookso/1007MLpj/myenv/lib/python3.10/site-packages/airflow/example_dags/example_branch_day_of_week_operator.py
[2024-10-11T00:33:08.386+0900] {processor.py:914} INFO - Processing file /Users/alookso/1007MLpj/myenv/lib/python3.10/site-packages/airflow/example_dags/example_branch_day_of_week_operator.py for tasks to queue
[2024-10-11T00:33:08.386+0900] {logging_mixin.py:190} INFO - [2024-10-11T00:33:08.386+0900] {dagbag.py:588} INFO - Filling up the DagBag from /Users/alookso/1007MLpj/myenv/lib/python3.10/site-packages/airflow/example_dags/example_branch_day_of_week_operator.py
[2024-10-11T00:33:08.398+0900] {processor.py:925} INFO - DAG(s) 'example_weekday_branch_operator' retrieved from /Users/alookso/1007MLpj/myenv/lib/python3.10/site-packages/airflow/example_dags/example_branch_day_of_week_operator.py
[2024-10-11T00:33:08.529+0900] {logging_mixin.py:190} INFO - [2024-10-11T00:33:08.529+0900] {dag.py:3239} INFO - Sync 1 DAGs
[2024-10-11T00:33:08.551+0900] {logging_mixin.py:190} INFO - [2024-10-11T00:33:08.551+0900] {dag.py:4180} INFO - Setting next_dagrun for example_weekday_branch_operator to 2024-10-09T00:00:00+00:00, run_after=2024-10-10T00:00:00+00:00
[2024-10-11T00:33:08.572+0900] {processor.py:208} INFO - Processing /Users/alookso/1007MLpj/myenv/lib/python3.10/site-packages/airflow/example_dags/example_branch_day_of_week_operator.py took 0.192 seconds
[2024-10-11T00:40:34.836+0900] {processor.py:186} INFO - Started process (PID=65852) to work on /Users/alookso/1007MLpj/myenv/lib/python3.10/site-packages/airflow/example_dags/example_branch_day_of_week_operator.py
[2024-10-11T00:40:34.837+0900] {processor.py:914} INFO - Processing file /Users/alookso/1007MLpj/myenv/lib/python3.10/site-packages/airflow/example_dags/example_branch_day_of_week_operator.py for tasks to queue
[2024-10-11T00:40:34.838+0900] {logging_mixin.py:190} INFO - [2024-10-11T00:40:34.837+0900] {dagbag.py:588} INFO - Filling up the DagBag from /Users/alookso/1007MLpj/myenv/lib/python3.10/site-packages/airflow/example_dags/example_branch_day_of_week_operator.py
[2024-10-11T00:40:34.849+0900] {processor.py:925} INFO - DAG(s) 'example_weekday_branch_operator' retrieved from /Users/alookso/1007MLpj/myenv/lib/python3.10/site-packages/airflow/example_dags/example_branch_day_of_week_operator.py
[2024-10-11T00:40:34.983+0900] {logging_mixin.py:190} INFO - [2024-10-11T00:40:34.982+0900] {dag.py:3239} INFO - Sync 1 DAGs
[2024-10-11T00:40:35.004+0900] {logging_mixin.py:190} INFO - [2024-10-11T00:40:35.003+0900] {dag.py:4180} INFO - Setting next_dagrun for example_weekday_branch_operator to 2024-10-09T00:00:00+00:00, run_after=2024-10-10T00:00:00+00:00
[2024-10-11T00:40:35.024+0900] {processor.py:208} INFO - Processing /Users/alookso/1007MLpj/myenv/lib/python3.10/site-packages/airflow/example_dags/example_branch_day_of_week_operator.py took 0.193 seconds
[2024-10-11T00:46:43.173+0900] {processor.py:186} INFO - Started process (PID=66112) to work on /Users/alookso/1007MLpj/myenv/lib/python3.10/site-packages/airflow/example_dags/example_branch_day_of_week_operator.py
[2024-10-11T00:46:43.174+0900] {processor.py:914} INFO - Processing file /Users/alookso/1007MLpj/myenv/lib/python3.10/site-packages/airflow/example_dags/example_branch_day_of_week_operator.py for tasks to queue
[2024-10-11T00:46:43.175+0900] {logging_mixin.py:190} INFO - [2024-10-11T00:46:43.174+0900] {dagbag.py:588} INFO - Filling up the DagBag from /Users/alookso/1007MLpj/myenv/lib/python3.10/site-packages/airflow/example_dags/example_branch_day_of_week_operator.py
[2024-10-11T00:46:43.186+0900] {processor.py:925} INFO - DAG(s) 'example_weekday_branch_operator' retrieved from /Users/alookso/1007MLpj/myenv/lib/python3.10/site-packages/airflow/example_dags/example_branch_day_of_week_operator.py
[2024-10-11T00:46:43.320+0900] {logging_mixin.py:190} INFO - [2024-10-11T00:46:43.320+0900] {dag.py:3239} INFO - Sync 1 DAGs
[2024-10-11T00:46:43.343+0900] {logging_mixin.py:190} INFO - [2024-10-11T00:46:43.343+0900] {dag.py:4180} INFO - Setting next_dagrun for example_weekday_branch_operator to 2024-10-09T00:00:00+00:00, run_after=2024-10-10T00:00:00+00:00
[2024-10-11T00:46:43.365+0900] {processor.py:208} INFO - Processing /Users/alookso/1007MLpj/myenv/lib/python3.10/site-packages/airflow/example_dags/example_branch_day_of_week_operator.py took 0.196 seconds
[2024-10-11T00:51:35.431+0900] {processor.py:186} INFO - Started process (PID=66391) to work on /Users/alookso/1007MLpj/myenv/lib/python3.10/site-packages/airflow/example_dags/example_branch_day_of_week_operator.py
[2024-10-11T00:51:35.432+0900] {processor.py:914} INFO - Processing file /Users/alookso/1007MLpj/myenv/lib/python3.10/site-packages/airflow/example_dags/example_branch_day_of_week_operator.py for tasks to queue
[2024-10-11T00:51:35.433+0900] {logging_mixin.py:190} INFO - [2024-10-11T00:51:35.433+0900] {dagbag.py:588} INFO - Filling up the DagBag from /Users/alookso/1007MLpj/myenv/lib/python3.10/site-packages/airflow/example_dags/example_branch_day_of_week_operator.py
[2024-10-11T00:51:35.444+0900] {processor.py:925} INFO - DAG(s) 'example_weekday_branch_operator' retrieved from /Users/alookso/1007MLpj/myenv/lib/python3.10/site-packages/airflow/example_dags/example_branch_day_of_week_operator.py
[2024-10-11T00:51:35.577+0900] {logging_mixin.py:190} INFO - [2024-10-11T00:51:35.577+0900] {dag.py:3239} INFO - Sync 1 DAGs
[2024-10-11T00:51:35.599+0900] {logging_mixin.py:190} INFO - [2024-10-11T00:51:35.599+0900] {dag.py:4180} INFO - Setting next_dagrun for example_weekday_branch_operator to 2024-10-09T00:00:00+00:00, run_after=2024-10-10T00:00:00+00:00
[2024-10-11T00:51:35.619+0900] {processor.py:208} INFO - Processing /Users/alookso/1007MLpj/myenv/lib/python3.10/site-packages/airflow/example_dags/example_branch_day_of_week_operator.py took 0.194 seconds
