[2024-10-10T15:34:40.614+0900] {processor.py:186} INFO - Started process (PID=56112) to work on /Users/alookso/1007MLpj/myenv/lib/python3.10/site-packages/airflow/example_dags/example_dynamic_task_mapping.py
[2024-10-10T15:34:40.615+0900] {processor.py:914} INFO - Processing file /Users/alookso/1007MLpj/myenv/lib/python3.10/site-packages/airflow/example_dags/example_dynamic_task_mapping.py for tasks to queue
[2024-10-10T15:34:40.616+0900] {logging_mixin.py:190} INFO - [2024-10-10T15:34:40.616+0900] {dagbag.py:588} INFO - Filling up the DagBag from /Users/alookso/1007MLpj/myenv/lib/python3.10/site-packages/airflow/example_dags/example_dynamic_task_mapping.py
[2024-10-10T15:34:40.658+0900] {processor.py:925} INFO - DAG(s) 'example_dynamic_task_mapping' retrieved from /Users/alookso/1007MLpj/myenv/lib/python3.10/site-packages/airflow/example_dags/example_dynamic_task_mapping.py
[2024-10-10T15:34:40.899+0900] {logging_mixin.py:190} INFO - [2024-10-10T15:34:40.898+0900] {override.py:1901} INFO - Created Permission View: can edit on DAG:example_dynamic_task_mapping
[2024-10-10T15:34:40.909+0900] {logging_mixin.py:190} INFO - [2024-10-10T15:34:40.909+0900] {override.py:1901} INFO - Created Permission View: can read on DAG:example_dynamic_task_mapping
[2024-10-10T15:34:40.917+0900] {logging_mixin.py:190} INFO - [2024-10-10T15:34:40.916+0900] {override.py:1901} INFO - Created Permission View: can delete on DAG:example_dynamic_task_mapping
[2024-10-10T15:34:40.926+0900] {logging_mixin.py:190} INFO - [2024-10-10T15:34:40.925+0900] {override.py:1901} INFO - Created Permission View: menu access on DAG Run:example_dynamic_task_mapping
[2024-10-10T15:34:40.933+0900] {logging_mixin.py:190} INFO - [2024-10-10T15:34:40.933+0900] {override.py:1901} INFO - Created Permission View: can delete on DAG Run:example_dynamic_task_mapping
[2024-10-10T15:34:40.940+0900] {logging_mixin.py:190} INFO - [2024-10-10T15:34:40.940+0900] {override.py:1901} INFO - Created Permission View: can read on DAG Run:example_dynamic_task_mapping
[2024-10-10T15:34:40.948+0900] {logging_mixin.py:190} INFO - [2024-10-10T15:34:40.948+0900] {override.py:1901} INFO - Created Permission View: can create on DAG Run:example_dynamic_task_mapping
[2024-10-10T15:34:40.949+0900] {logging_mixin.py:190} INFO - [2024-10-10T15:34:40.949+0900] {dag.py:3239} INFO - Sync 1 DAGs
[2024-10-10T15:34:40.964+0900] {logging_mixin.py:190} INFO - [2024-10-10T15:34:40.964+0900] {dag.py:3262} INFO - Creating ORM DAG for example_dynamic_task_mapping
[2024-10-10T15:34:40.965+0900] {logging_mixin.py:190} INFO - [2024-10-10T15:34:40.965+0900] {dag.py:4180} INFO - Setting next_dagrun for example_dynamic_task_mapping to None, run_after=None
[2024-10-10T15:34:40.983+0900] {processor.py:208} INFO - Processing /Users/alookso/1007MLpj/myenv/lib/python3.10/site-packages/airflow/example_dags/example_dynamic_task_mapping.py took 0.374 seconds
[2024-10-10T15:39:14.745+0900] {processor.py:186} INFO - Started process (PID=56278) to work on /Users/alookso/1007MLpj/myenv/lib/python3.10/site-packages/airflow/example_dags/example_dynamic_task_mapping.py
[2024-10-10T15:39:14.747+0900] {processor.py:914} INFO - Processing file /Users/alookso/1007MLpj/myenv/lib/python3.10/site-packages/airflow/example_dags/example_dynamic_task_mapping.py for tasks to queue
[2024-10-10T15:39:14.748+0900] {logging_mixin.py:190} INFO - [2024-10-10T15:39:14.748+0900] {dagbag.py:588} INFO - Filling up the DagBag from /Users/alookso/1007MLpj/myenv/lib/python3.10/site-packages/airflow/example_dags/example_dynamic_task_mapping.py
[2024-10-10T15:39:14.789+0900] {processor.py:925} INFO - DAG(s) 'example_dynamic_task_mapping' retrieved from /Users/alookso/1007MLpj/myenv/lib/python3.10/site-packages/airflow/example_dags/example_dynamic_task_mapping.py
[2024-10-10T15:39:14.920+0900] {logging_mixin.py:190} INFO - [2024-10-10T15:39:14.919+0900] {dag.py:3239} INFO - Sync 1 DAGs
[2024-10-10T15:39:14.933+0900] {logging_mixin.py:190} INFO - [2024-10-10T15:39:14.933+0900] {dag.py:4180} INFO - Setting next_dagrun for example_dynamic_task_mapping to None, run_after=None
[2024-10-10T15:39:14.952+0900] {processor.py:208} INFO - Processing /Users/alookso/1007MLpj/myenv/lib/python3.10/site-packages/airflow/example_dags/example_dynamic_task_mapping.py took 0.212 seconds
[2024-10-10T15:49:06.818+0900] {processor.py:186} INFO - Started process (PID=56772) to work on /Users/alookso/1007MLpj/myenv/lib/python3.10/site-packages/airflow/example_dags/example_dynamic_task_mapping.py
[2024-10-10T15:49:06.819+0900] {processor.py:914} INFO - Processing file /Users/alookso/1007MLpj/myenv/lib/python3.10/site-packages/airflow/example_dags/example_dynamic_task_mapping.py for tasks to queue
[2024-10-10T15:49:06.820+0900] {logging_mixin.py:190} INFO - [2024-10-10T15:49:06.820+0900] {dagbag.py:588} INFO - Filling up the DagBag from /Users/alookso/1007MLpj/myenv/lib/python3.10/site-packages/airflow/example_dags/example_dynamic_task_mapping.py
[2024-10-10T15:49:06.862+0900] {processor.py:925} INFO - DAG(s) 'example_dynamic_task_mapping' retrieved from /Users/alookso/1007MLpj/myenv/lib/python3.10/site-packages/airflow/example_dags/example_dynamic_task_mapping.py
[2024-10-10T15:49:06.994+0900] {logging_mixin.py:190} INFO - [2024-10-10T15:49:06.993+0900] {dag.py:3239} INFO - Sync 1 DAGs
[2024-10-10T15:49:07.007+0900] {logging_mixin.py:190} INFO - [2024-10-10T15:49:07.007+0900] {dag.py:4180} INFO - Setting next_dagrun for example_dynamic_task_mapping to None, run_after=None
[2024-10-10T15:49:07.026+0900] {processor.py:208} INFO - Processing /Users/alookso/1007MLpj/myenv/lib/python3.10/site-packages/airflow/example_dags/example_dynamic_task_mapping.py took 0.213 seconds
[2024-10-10T16:20:25.933+0900] {processor.py:186} INFO - Started process (PID=57419) to work on /Users/alookso/1007MLpj/myenv/lib/python3.10/site-packages/airflow/example_dags/example_dynamic_task_mapping.py
[2024-10-10T16:20:25.934+0900] {processor.py:914} INFO - Processing file /Users/alookso/1007MLpj/myenv/lib/python3.10/site-packages/airflow/example_dags/example_dynamic_task_mapping.py for tasks to queue
[2024-10-10T16:20:25.936+0900] {logging_mixin.py:190} INFO - [2024-10-10T16:20:25.935+0900] {dagbag.py:588} INFO - Filling up the DagBag from /Users/alookso/1007MLpj/myenv/lib/python3.10/site-packages/airflow/example_dags/example_dynamic_task_mapping.py
[2024-10-10T16:20:25.985+0900] {processor.py:925} INFO - DAG(s) 'example_dynamic_task_mapping' retrieved from /Users/alookso/1007MLpj/myenv/lib/python3.10/site-packages/airflow/example_dags/example_dynamic_task_mapping.py
[2024-10-10T16:20:26.140+0900] {logging_mixin.py:190} INFO - [2024-10-10T16:20:26.138+0900] {dag.py:3239} INFO - Sync 1 DAGs
[2024-10-10T16:20:26.154+0900] {logging_mixin.py:190} INFO - [2024-10-10T16:20:26.154+0900] {dag.py:4180} INFO - Setting next_dagrun for example_dynamic_task_mapping to None, run_after=None
[2024-10-10T16:20:26.179+0900] {processor.py:208} INFO - Processing /Users/alookso/1007MLpj/myenv/lib/python3.10/site-packages/airflow/example_dags/example_dynamic_task_mapping.py took 0.252 seconds
[2024-10-10T16:28:11.507+0900] {processor.py:186} INFO - Started process (PID=57727) to work on /Users/alookso/1007MLpj/myenv/lib/python3.10/site-packages/airflow/example_dags/example_dynamic_task_mapping.py
[2024-10-10T16:28:11.509+0900] {processor.py:914} INFO - Processing file /Users/alookso/1007MLpj/myenv/lib/python3.10/site-packages/airflow/example_dags/example_dynamic_task_mapping.py for tasks to queue
[2024-10-10T16:28:11.510+0900] {logging_mixin.py:190} INFO - [2024-10-10T16:28:11.510+0900] {dagbag.py:588} INFO - Filling up the DagBag from /Users/alookso/1007MLpj/myenv/lib/python3.10/site-packages/airflow/example_dags/example_dynamic_task_mapping.py
[2024-10-10T16:28:11.552+0900] {processor.py:925} INFO - DAG(s) 'example_dynamic_task_mapping' retrieved from /Users/alookso/1007MLpj/myenv/lib/python3.10/site-packages/airflow/example_dags/example_dynamic_task_mapping.py
[2024-10-10T16:28:11.681+0900] {logging_mixin.py:190} INFO - [2024-10-10T16:28:11.680+0900] {dag.py:3239} INFO - Sync 1 DAGs
[2024-10-10T16:28:11.694+0900] {logging_mixin.py:190} INFO - [2024-10-10T16:28:11.694+0900] {dag.py:4180} INFO - Setting next_dagrun for example_dynamic_task_mapping to None, run_after=None
[2024-10-10T16:28:11.713+0900] {processor.py:208} INFO - Processing /Users/alookso/1007MLpj/myenv/lib/python3.10/site-packages/airflow/example_dags/example_dynamic_task_mapping.py took 0.213 seconds
[2024-10-10T16:34:34.084+0900] {processor.py:186} INFO - Started process (PID=58016) to work on /Users/alookso/1007MLpj/myenv/lib/python3.10/site-packages/airflow/example_dags/example_dynamic_task_mapping.py
[2024-10-10T16:34:34.085+0900] {processor.py:914} INFO - Processing file /Users/alookso/1007MLpj/myenv/lib/python3.10/site-packages/airflow/example_dags/example_dynamic_task_mapping.py for tasks to queue
[2024-10-10T16:34:34.086+0900] {logging_mixin.py:190} INFO - [2024-10-10T16:34:34.086+0900] {dagbag.py:588} INFO - Filling up the DagBag from /Users/alookso/1007MLpj/myenv/lib/python3.10/site-packages/airflow/example_dags/example_dynamic_task_mapping.py
[2024-10-10T16:34:34.129+0900] {processor.py:925} INFO - DAG(s) 'example_dynamic_task_mapping' retrieved from /Users/alookso/1007MLpj/myenv/lib/python3.10/site-packages/airflow/example_dags/example_dynamic_task_mapping.py
[2024-10-10T16:34:34.262+0900] {logging_mixin.py:190} INFO - [2024-10-10T16:34:34.260+0900] {dag.py:3239} INFO - Sync 1 DAGs
[2024-10-10T16:34:34.275+0900] {logging_mixin.py:190} INFO - [2024-10-10T16:34:34.274+0900] {dag.py:4180} INFO - Setting next_dagrun for example_dynamic_task_mapping to None, run_after=None
[2024-10-10T16:34:34.294+0900] {processor.py:208} INFO - Processing /Users/alookso/1007MLpj/myenv/lib/python3.10/site-packages/airflow/example_dags/example_dynamic_task_mapping.py took 0.216 seconds
[2024-10-10T16:38:36.299+0900] {processor.py:186} INFO - Started process (PID=58118) to work on /Users/alookso/1007MLpj/myenv/lib/python3.10/site-packages/airflow/example_dags/example_dynamic_task_mapping.py
[2024-10-10T16:38:36.300+0900] {processor.py:914} INFO - Processing file /Users/alookso/1007MLpj/myenv/lib/python3.10/site-packages/airflow/example_dags/example_dynamic_task_mapping.py for tasks to queue
[2024-10-10T16:38:36.301+0900] {logging_mixin.py:190} INFO - [2024-10-10T16:38:36.301+0900] {dagbag.py:588} INFO - Filling up the DagBag from /Users/alookso/1007MLpj/myenv/lib/python3.10/site-packages/airflow/example_dags/example_dynamic_task_mapping.py
[2024-10-10T16:38:36.343+0900] {processor.py:925} INFO - DAG(s) 'example_dynamic_task_mapping' retrieved from /Users/alookso/1007MLpj/myenv/lib/python3.10/site-packages/airflow/example_dags/example_dynamic_task_mapping.py
[2024-10-10T16:38:36.474+0900] {logging_mixin.py:190} INFO - [2024-10-10T16:38:36.473+0900] {dag.py:3239} INFO - Sync 1 DAGs
[2024-10-10T16:38:36.487+0900] {logging_mixin.py:190} INFO - [2024-10-10T16:38:36.487+0900] {dag.py:4180} INFO - Setting next_dagrun for example_dynamic_task_mapping to None, run_after=None
[2024-10-10T16:38:36.507+0900] {processor.py:208} INFO - Processing /Users/alookso/1007MLpj/myenv/lib/python3.10/site-packages/airflow/example_dags/example_dynamic_task_mapping.py took 0.212 seconds
[2024-10-10T16:45:48.223+0900] {processor.py:186} INFO - Started process (PID=58313) to work on /Users/alookso/1007MLpj/myenv/lib/python3.10/site-packages/airflow/example_dags/example_dynamic_task_mapping.py
[2024-10-10T16:45:48.225+0900] {processor.py:914} INFO - Processing file /Users/alookso/1007MLpj/myenv/lib/python3.10/site-packages/airflow/example_dags/example_dynamic_task_mapping.py for tasks to queue
[2024-10-10T16:45:48.226+0900] {logging_mixin.py:190} INFO - [2024-10-10T16:45:48.226+0900] {dagbag.py:588} INFO - Filling up the DagBag from /Users/alookso/1007MLpj/myenv/lib/python3.10/site-packages/airflow/example_dags/example_dynamic_task_mapping.py
[2024-10-10T16:45:48.266+0900] {processor.py:925} INFO - DAG(s) 'example_dynamic_task_mapping' retrieved from /Users/alookso/1007MLpj/myenv/lib/python3.10/site-packages/airflow/example_dags/example_dynamic_task_mapping.py
[2024-10-10T16:45:48.393+0900] {logging_mixin.py:190} INFO - [2024-10-10T16:45:48.392+0900] {dag.py:3239} INFO - Sync 1 DAGs
[2024-10-10T16:45:48.406+0900] {logging_mixin.py:190} INFO - [2024-10-10T16:45:48.405+0900] {dag.py:4180} INFO - Setting next_dagrun for example_dynamic_task_mapping to None, run_after=None
[2024-10-10T16:45:48.424+0900] {processor.py:208} INFO - Processing /Users/alookso/1007MLpj/myenv/lib/python3.10/site-packages/airflow/example_dags/example_dynamic_task_mapping.py took 0.205 seconds
[2024-10-10T16:51:44.972+0900] {processor.py:186} INFO - Started process (PID=58675) to work on /Users/alookso/1007MLpj/myenv/lib/python3.10/site-packages/airflow/example_dags/example_dynamic_task_mapping.py
[2024-10-10T16:51:44.974+0900] {processor.py:914} INFO - Processing file /Users/alookso/1007MLpj/myenv/lib/python3.10/site-packages/airflow/example_dags/example_dynamic_task_mapping.py for tasks to queue
[2024-10-10T16:51:44.975+0900] {logging_mixin.py:190} INFO - [2024-10-10T16:51:44.975+0900] {dagbag.py:588} INFO - Filling up the DagBag from /Users/alookso/1007MLpj/myenv/lib/python3.10/site-packages/airflow/example_dags/example_dynamic_task_mapping.py
[2024-10-10T16:51:45.017+0900] {processor.py:925} INFO - DAG(s) 'example_dynamic_task_mapping' retrieved from /Users/alookso/1007MLpj/myenv/lib/python3.10/site-packages/airflow/example_dags/example_dynamic_task_mapping.py
[2024-10-10T16:51:45.148+0900] {logging_mixin.py:190} INFO - [2024-10-10T16:51:45.146+0900] {dag.py:3239} INFO - Sync 1 DAGs
[2024-10-10T16:51:45.161+0900] {logging_mixin.py:190} INFO - [2024-10-10T16:51:45.160+0900] {dag.py:4180} INFO - Setting next_dagrun for example_dynamic_task_mapping to None, run_after=None
[2024-10-10T16:51:45.180+0900] {processor.py:208} INFO - Processing /Users/alookso/1007MLpj/myenv/lib/python3.10/site-packages/airflow/example_dags/example_dynamic_task_mapping.py took 0.213 seconds
[2024-10-10T23:49:42.186+0900] {processor.py:186} INFO - Started process (PID=63517) to work on /Users/alookso/1007MLpj/myenv/lib/python3.10/site-packages/airflow/example_dags/example_dynamic_task_mapping.py
[2024-10-10T23:49:42.188+0900] {processor.py:914} INFO - Processing file /Users/alookso/1007MLpj/myenv/lib/python3.10/site-packages/airflow/example_dags/example_dynamic_task_mapping.py for tasks to queue
[2024-10-10T23:49:42.189+0900] {logging_mixin.py:190} INFO - [2024-10-10T23:49:42.189+0900] {dagbag.py:588} INFO - Filling up the DagBag from /Users/alookso/1007MLpj/myenv/lib/python3.10/site-packages/airflow/example_dags/example_dynamic_task_mapping.py
[2024-10-10T23:49:42.232+0900] {processor.py:925} INFO - DAG(s) 'example_dynamic_task_mapping' retrieved from /Users/alookso/1007MLpj/myenv/lib/python3.10/site-packages/airflow/example_dags/example_dynamic_task_mapping.py
[2024-10-10T23:49:42.372+0900] {logging_mixin.py:190} INFO - [2024-10-10T23:49:42.371+0900] {dag.py:3239} INFO - Sync 1 DAGs
[2024-10-10T23:49:42.386+0900] {logging_mixin.py:190} INFO - [2024-10-10T23:49:42.386+0900] {dag.py:4180} INFO - Setting next_dagrun for example_dynamic_task_mapping to None, run_after=None
[2024-10-10T23:49:42.407+0900] {processor.py:208} INFO - Processing /Users/alookso/1007MLpj/myenv/lib/python3.10/site-packages/airflow/example_dags/example_dynamic_task_mapping.py took 0.227 seconds
[2024-10-10T23:53:09.279+0900] {processor.py:186} INFO - Started process (PID=63726) to work on /Users/alookso/1007MLpj/myenv/lib/python3.10/site-packages/airflow/example_dags/example_dynamic_task_mapping.py
[2024-10-10T23:53:09.280+0900] {processor.py:914} INFO - Processing file /Users/alookso/1007MLpj/myenv/lib/python3.10/site-packages/airflow/example_dags/example_dynamic_task_mapping.py for tasks to queue
[2024-10-10T23:53:09.281+0900] {logging_mixin.py:190} INFO - [2024-10-10T23:53:09.281+0900] {dagbag.py:588} INFO - Filling up the DagBag from /Users/alookso/1007MLpj/myenv/lib/python3.10/site-packages/airflow/example_dags/example_dynamic_task_mapping.py
[2024-10-10T23:53:09.320+0900] {processor.py:925} INFO - DAG(s) 'example_dynamic_task_mapping' retrieved from /Users/alookso/1007MLpj/myenv/lib/python3.10/site-packages/airflow/example_dags/example_dynamic_task_mapping.py
[2024-10-10T23:53:09.450+0900] {logging_mixin.py:190} INFO - [2024-10-10T23:53:09.448+0900] {dag.py:3239} INFO - Sync 1 DAGs
[2024-10-10T23:53:09.462+0900] {logging_mixin.py:190} INFO - [2024-10-10T23:53:09.462+0900] {dag.py:4180} INFO - Setting next_dagrun for example_dynamic_task_mapping to None, run_after=None
[2024-10-10T23:53:09.481+0900] {processor.py:208} INFO - Processing /Users/alookso/1007MLpj/myenv/lib/python3.10/site-packages/airflow/example_dags/example_dynamic_task_mapping.py took 0.205 seconds
[2024-10-10T23:58:44.180+0900] {processor.py:186} INFO - Started process (PID=63915) to work on /Users/alookso/1007MLpj/myenv/lib/python3.10/site-packages/airflow/example_dags/example_dynamic_task_mapping.py
[2024-10-10T23:58:44.181+0900] {processor.py:914} INFO - Processing file /Users/alookso/1007MLpj/myenv/lib/python3.10/site-packages/airflow/example_dags/example_dynamic_task_mapping.py for tasks to queue
[2024-10-10T23:58:44.182+0900] {logging_mixin.py:190} INFO - [2024-10-10T23:58:44.182+0900] {dagbag.py:588} INFO - Filling up the DagBag from /Users/alookso/1007MLpj/myenv/lib/python3.10/site-packages/airflow/example_dags/example_dynamic_task_mapping.py
[2024-10-10T23:58:44.222+0900] {processor.py:925} INFO - DAG(s) 'example_dynamic_task_mapping' retrieved from /Users/alookso/1007MLpj/myenv/lib/python3.10/site-packages/airflow/example_dags/example_dynamic_task_mapping.py
[2024-10-10T23:58:44.349+0900] {logging_mixin.py:190} INFO - [2024-10-10T23:58:44.348+0900] {dag.py:3239} INFO - Sync 1 DAGs
[2024-10-10T23:58:44.362+0900] {logging_mixin.py:190} INFO - [2024-10-10T23:58:44.362+0900] {dag.py:4180} INFO - Setting next_dagrun for example_dynamic_task_mapping to None, run_after=None
[2024-10-10T23:58:44.381+0900] {processor.py:208} INFO - Processing /Users/alookso/1007MLpj/myenv/lib/python3.10/site-packages/airflow/example_dags/example_dynamic_task_mapping.py took 0.205 seconds
[2024-10-11T00:03:01.176+0900] {processor.py:186} INFO - Started process (PID=64155) to work on /Users/alookso/1007MLpj/myenv/lib/python3.10/site-packages/airflow/example_dags/example_dynamic_task_mapping.py
[2024-10-11T00:03:01.177+0900] {processor.py:914} INFO - Processing file /Users/alookso/1007MLpj/myenv/lib/python3.10/site-packages/airflow/example_dags/example_dynamic_task_mapping.py for tasks to queue
[2024-10-11T00:03:01.177+0900] {logging_mixin.py:190} INFO - [2024-10-11T00:03:01.177+0900] {dagbag.py:588} INFO - Filling up the DagBag from /Users/alookso/1007MLpj/myenv/lib/python3.10/site-packages/airflow/example_dags/example_dynamic_task_mapping.py
[2024-10-11T00:03:01.217+0900] {processor.py:925} INFO - DAG(s) 'example_dynamic_task_mapping' retrieved from /Users/alookso/1007MLpj/myenv/lib/python3.10/site-packages/airflow/example_dags/example_dynamic_task_mapping.py
[2024-10-11T00:03:01.349+0900] {logging_mixin.py:190} INFO - [2024-10-11T00:03:01.348+0900] {dag.py:3239} INFO - Sync 1 DAGs
[2024-10-11T00:03:01.363+0900] {logging_mixin.py:190} INFO - [2024-10-11T00:03:01.363+0900] {dag.py:4180} INFO - Setting next_dagrun for example_dynamic_task_mapping to None, run_after=None
[2024-10-11T00:03:01.383+0900] {processor.py:208} INFO - Processing /Users/alookso/1007MLpj/myenv/lib/python3.10/site-packages/airflow/example_dags/example_dynamic_task_mapping.py took 0.212 seconds
[2024-10-11T00:10:04.709+0900] {processor.py:186} INFO - Started process (PID=64534) to work on /Users/alookso/1007MLpj/myenv/lib/python3.10/site-packages/airflow/example_dags/example_dynamic_task_mapping.py
[2024-10-11T00:10:04.711+0900] {processor.py:914} INFO - Processing file /Users/alookso/1007MLpj/myenv/lib/python3.10/site-packages/airflow/example_dags/example_dynamic_task_mapping.py for tasks to queue
[2024-10-11T00:10:04.712+0900] {logging_mixin.py:190} INFO - [2024-10-11T00:10:04.712+0900] {dagbag.py:588} INFO - Filling up the DagBag from /Users/alookso/1007MLpj/myenv/lib/python3.10/site-packages/airflow/example_dags/example_dynamic_task_mapping.py
[2024-10-11T00:10:04.758+0900] {processor.py:925} INFO - DAG(s) 'example_dynamic_task_mapping' retrieved from /Users/alookso/1007MLpj/myenv/lib/python3.10/site-packages/airflow/example_dags/example_dynamic_task_mapping.py
[2024-10-11T00:10:04.886+0900] {logging_mixin.py:190} INFO - [2024-10-11T00:10:04.884+0900] {dag.py:3239} INFO - Sync 1 DAGs
[2024-10-11T00:10:04.898+0900] {logging_mixin.py:190} INFO - [2024-10-11T00:10:04.898+0900] {dag.py:4180} INFO - Setting next_dagrun for example_dynamic_task_mapping to None, run_after=None
[2024-10-11T00:10:04.916+0900] {processor.py:208} INFO - Processing /Users/alookso/1007MLpj/myenv/lib/python3.10/site-packages/airflow/example_dags/example_dynamic_task_mapping.py took 0.213 seconds
[2024-10-11T00:13:18.002+0900] {processor.py:186} INFO - Started process (PID=64700) to work on /Users/alookso/1007MLpj/myenv/lib/python3.10/site-packages/airflow/example_dags/example_dynamic_task_mapping.py
[2024-10-11T00:13:18.003+0900] {processor.py:914} INFO - Processing file /Users/alookso/1007MLpj/myenv/lib/python3.10/site-packages/airflow/example_dags/example_dynamic_task_mapping.py for tasks to queue
[2024-10-11T00:13:18.004+0900] {logging_mixin.py:190} INFO - [2024-10-11T00:13:18.004+0900] {dagbag.py:588} INFO - Filling up the DagBag from /Users/alookso/1007MLpj/myenv/lib/python3.10/site-packages/airflow/example_dags/example_dynamic_task_mapping.py
[2024-10-11T00:13:18.044+0900] {processor.py:925} INFO - DAG(s) 'example_dynamic_task_mapping' retrieved from /Users/alookso/1007MLpj/myenv/lib/python3.10/site-packages/airflow/example_dags/example_dynamic_task_mapping.py
[2024-10-11T00:13:18.176+0900] {logging_mixin.py:190} INFO - [2024-10-11T00:13:18.174+0900] {dag.py:3239} INFO - Sync 1 DAGs
[2024-10-11T00:13:18.189+0900] {logging_mixin.py:190} INFO - [2024-10-11T00:13:18.188+0900] {dag.py:4180} INFO - Setting next_dagrun for example_dynamic_task_mapping to None, run_after=None
[2024-10-11T00:13:18.208+0900] {processor.py:208} INFO - Processing /Users/alookso/1007MLpj/myenv/lib/python3.10/site-packages/airflow/example_dags/example_dynamic_task_mapping.py took 0.210 seconds
[2024-10-11T00:18:19.695+0900] {processor.py:186} INFO - Started process (PID=64860) to work on /Users/alookso/1007MLpj/myenv/lib/python3.10/site-packages/airflow/example_dags/example_dynamic_task_mapping.py
[2024-10-11T00:18:19.696+0900] {processor.py:914} INFO - Processing file /Users/alookso/1007MLpj/myenv/lib/python3.10/site-packages/airflow/example_dags/example_dynamic_task_mapping.py for tasks to queue
[2024-10-11T00:18:19.697+0900] {logging_mixin.py:190} INFO - [2024-10-11T00:18:19.697+0900] {dagbag.py:588} INFO - Filling up the DagBag from /Users/alookso/1007MLpj/myenv/lib/python3.10/site-packages/airflow/example_dags/example_dynamic_task_mapping.py
[2024-10-11T00:18:19.742+0900] {processor.py:925} INFO - DAG(s) 'example_dynamic_task_mapping' retrieved from /Users/alookso/1007MLpj/myenv/lib/python3.10/site-packages/airflow/example_dags/example_dynamic_task_mapping.py
[2024-10-11T00:18:19.887+0900] {logging_mixin.py:190} INFO - [2024-10-11T00:18:19.885+0900] {dag.py:3239} INFO - Sync 1 DAGs
[2024-10-11T00:18:19.900+0900] {logging_mixin.py:190} INFO - [2024-10-11T00:18:19.900+0900] {dag.py:4180} INFO - Setting next_dagrun for example_dynamic_task_mapping to None, run_after=None
[2024-10-11T00:18:19.923+0900] {processor.py:208} INFO - Processing /Users/alookso/1007MLpj/myenv/lib/python3.10/site-packages/airflow/example_dags/example_dynamic_task_mapping.py took 0.232 seconds
[2024-10-11T00:23:26.853+0900] {processor.py:186} INFO - Started process (PID=65042) to work on /Users/alookso/1007MLpj/myenv/lib/python3.10/site-packages/airflow/example_dags/example_dynamic_task_mapping.py
[2024-10-11T00:23:26.854+0900] {processor.py:914} INFO - Processing file /Users/alookso/1007MLpj/myenv/lib/python3.10/site-packages/airflow/example_dags/example_dynamic_task_mapping.py for tasks to queue
[2024-10-11T00:23:26.855+0900] {logging_mixin.py:190} INFO - [2024-10-11T00:23:26.855+0900] {dagbag.py:588} INFO - Filling up the DagBag from /Users/alookso/1007MLpj/myenv/lib/python3.10/site-packages/airflow/example_dags/example_dynamic_task_mapping.py
[2024-10-11T00:23:26.901+0900] {processor.py:925} INFO - DAG(s) 'example_dynamic_task_mapping' retrieved from /Users/alookso/1007MLpj/myenv/lib/python3.10/site-packages/airflow/example_dags/example_dynamic_task_mapping.py
[2024-10-11T00:23:27.062+0900] {logging_mixin.py:190} INFO - [2024-10-11T00:23:27.060+0900] {dag.py:3239} INFO - Sync 1 DAGs
[2024-10-11T00:23:27.076+0900] {logging_mixin.py:190} INFO - [2024-10-11T00:23:27.076+0900] {dag.py:4180} INFO - Setting next_dagrun for example_dynamic_task_mapping to None, run_after=None
[2024-10-11T00:23:27.102+0900] {processor.py:208} INFO - Processing /Users/alookso/1007MLpj/myenv/lib/python3.10/site-packages/airflow/example_dags/example_dynamic_task_mapping.py took 0.256 seconds
[2024-10-11T00:29:29.448+0900] {processor.py:186} INFO - Started process (PID=65329) to work on /Users/alookso/1007MLpj/myenv/lib/python3.10/site-packages/airflow/example_dags/example_dynamic_task_mapping.py
[2024-10-11T00:29:29.449+0900] {processor.py:914} INFO - Processing file /Users/alookso/1007MLpj/myenv/lib/python3.10/site-packages/airflow/example_dags/example_dynamic_task_mapping.py for tasks to queue
[2024-10-11T00:29:29.450+0900] {logging_mixin.py:190} INFO - [2024-10-11T00:29:29.450+0900] {dagbag.py:588} INFO - Filling up the DagBag from /Users/alookso/1007MLpj/myenv/lib/python3.10/site-packages/airflow/example_dags/example_dynamic_task_mapping.py
[2024-10-11T00:29:29.490+0900] {processor.py:925} INFO - DAG(s) 'example_dynamic_task_mapping' retrieved from /Users/alookso/1007MLpj/myenv/lib/python3.10/site-packages/airflow/example_dags/example_dynamic_task_mapping.py
[2024-10-11T00:29:29.618+0900] {logging_mixin.py:190} INFO - [2024-10-11T00:29:29.616+0900] {dag.py:3239} INFO - Sync 1 DAGs
[2024-10-11T00:29:29.630+0900] {logging_mixin.py:190} INFO - [2024-10-11T00:29:29.630+0900] {dag.py:4180} INFO - Setting next_dagrun for example_dynamic_task_mapping to None, run_after=None
[2024-10-11T00:29:29.651+0900] {processor.py:208} INFO - Processing /Users/alookso/1007MLpj/myenv/lib/python3.10/site-packages/airflow/example_dags/example_dynamic_task_mapping.py took 0.207 seconds
[2024-10-11T00:36:37.861+0900] {processor.py:186} INFO - Started process (PID=65654) to work on /Users/alookso/1007MLpj/myenv/lib/python3.10/site-packages/airflow/example_dags/example_dynamic_task_mapping.py
[2024-10-11T00:36:37.862+0900] {processor.py:914} INFO - Processing file /Users/alookso/1007MLpj/myenv/lib/python3.10/site-packages/airflow/example_dags/example_dynamic_task_mapping.py for tasks to queue
[2024-10-11T00:36:37.864+0900] {logging_mixin.py:190} INFO - [2024-10-11T00:36:37.863+0900] {dagbag.py:588} INFO - Filling up the DagBag from /Users/alookso/1007MLpj/myenv/lib/python3.10/site-packages/airflow/example_dags/example_dynamic_task_mapping.py
[2024-10-11T00:36:37.911+0900] {processor.py:925} INFO - DAG(s) 'example_dynamic_task_mapping' retrieved from /Users/alookso/1007MLpj/myenv/lib/python3.10/site-packages/airflow/example_dags/example_dynamic_task_mapping.py
[2024-10-11T00:36:38.067+0900] {logging_mixin.py:190} INFO - [2024-10-11T00:36:38.065+0900] {dag.py:3239} INFO - Sync 1 DAGs
[2024-10-11T00:36:38.084+0900] {logging_mixin.py:190} INFO - [2024-10-11T00:36:38.084+0900] {dag.py:4180} INFO - Setting next_dagrun for example_dynamic_task_mapping to None, run_after=None
[2024-10-11T00:36:38.145+0900] {processor.py:208} INFO - Processing /Users/alookso/1007MLpj/myenv/lib/python3.10/site-packages/airflow/example_dags/example_dynamic_task_mapping.py took 0.290 seconds
[2024-10-11T00:43:59.002+0900] {processor.py:186} INFO - Started process (PID=66030) to work on /Users/alookso/1007MLpj/myenv/lib/python3.10/site-packages/airflow/example_dags/example_dynamic_task_mapping.py
[2024-10-11T00:43:59.004+0900] {processor.py:914} INFO - Processing file /Users/alookso/1007MLpj/myenv/lib/python3.10/site-packages/airflow/example_dags/example_dynamic_task_mapping.py for tasks to queue
[2024-10-11T00:43:59.005+0900] {logging_mixin.py:190} INFO - [2024-10-11T00:43:59.005+0900] {dagbag.py:588} INFO - Filling up the DagBag from /Users/alookso/1007MLpj/myenv/lib/python3.10/site-packages/airflow/example_dags/example_dynamic_task_mapping.py
[2024-10-11T00:43:59.045+0900] {processor.py:925} INFO - DAG(s) 'example_dynamic_task_mapping' retrieved from /Users/alookso/1007MLpj/myenv/lib/python3.10/site-packages/airflow/example_dags/example_dynamic_task_mapping.py
[2024-10-11T00:43:59.174+0900] {logging_mixin.py:190} INFO - [2024-10-11T00:43:59.173+0900] {dag.py:3239} INFO - Sync 1 DAGs
[2024-10-11T00:43:59.187+0900] {logging_mixin.py:190} INFO - [2024-10-11T00:43:59.187+0900] {dag.py:4180} INFO - Setting next_dagrun for example_dynamic_task_mapping to None, run_after=None
[2024-10-11T00:43:59.205+0900] {processor.py:208} INFO - Processing /Users/alookso/1007MLpj/myenv/lib/python3.10/site-packages/airflow/example_dags/example_dynamic_task_mapping.py took 0.207 seconds
[2024-10-11T00:51:01.760+0900] {processor.py:186} INFO - Started process (PID=66362) to work on /Users/alookso/1007MLpj/myenv/lib/python3.10/site-packages/airflow/example_dags/example_dynamic_task_mapping.py
[2024-10-11T00:51:01.761+0900] {processor.py:914} INFO - Processing file /Users/alookso/1007MLpj/myenv/lib/python3.10/site-packages/airflow/example_dags/example_dynamic_task_mapping.py for tasks to queue
[2024-10-11T00:51:01.762+0900] {logging_mixin.py:190} INFO - [2024-10-11T00:51:01.762+0900] {dagbag.py:588} INFO - Filling up the DagBag from /Users/alookso/1007MLpj/myenv/lib/python3.10/site-packages/airflow/example_dags/example_dynamic_task_mapping.py
[2024-10-11T00:51:01.803+0900] {processor.py:925} INFO - DAG(s) 'example_dynamic_task_mapping' retrieved from /Users/alookso/1007MLpj/myenv/lib/python3.10/site-packages/airflow/example_dags/example_dynamic_task_mapping.py
[2024-10-11T00:51:01.933+0900] {logging_mixin.py:190} INFO - [2024-10-11T00:51:01.932+0900] {dag.py:3239} INFO - Sync 1 DAGs
[2024-10-11T00:51:01.945+0900] {logging_mixin.py:190} INFO - [2024-10-11T00:51:01.945+0900] {dag.py:4180} INFO - Setting next_dagrun for example_dynamic_task_mapping to None, run_after=None
[2024-10-11T00:51:01.965+0900] {processor.py:208} INFO - Processing /Users/alookso/1007MLpj/myenv/lib/python3.10/site-packages/airflow/example_dags/example_dynamic_task_mapping.py took 0.209 seconds
[2024-10-11T00:54:18.407+0900] {processor.py:186} INFO - Started process (PID=66553) to work on /Users/alookso/1007MLpj/myenv/lib/python3.10/site-packages/airflow/example_dags/example_dynamic_task_mapping.py
[2024-10-11T00:54:18.408+0900] {processor.py:914} INFO - Processing file /Users/alookso/1007MLpj/myenv/lib/python3.10/site-packages/airflow/example_dags/example_dynamic_task_mapping.py for tasks to queue
[2024-10-11T00:54:18.409+0900] {logging_mixin.py:190} INFO - [2024-10-11T00:54:18.409+0900] {dagbag.py:588} INFO - Filling up the DagBag from /Users/alookso/1007MLpj/myenv/lib/python3.10/site-packages/airflow/example_dags/example_dynamic_task_mapping.py
[2024-10-11T00:54:18.448+0900] {processor.py:925} INFO - DAG(s) 'example_dynamic_task_mapping' retrieved from /Users/alookso/1007MLpj/myenv/lib/python3.10/site-packages/airflow/example_dags/example_dynamic_task_mapping.py
[2024-10-11T00:54:18.574+0900] {logging_mixin.py:190} INFO - [2024-10-11T00:54:18.573+0900] {dag.py:3239} INFO - Sync 1 DAGs
[2024-10-11T00:54:18.587+0900] {logging_mixin.py:190} INFO - [2024-10-11T00:54:18.587+0900] {dag.py:4180} INFO - Setting next_dagrun for example_dynamic_task_mapping to None, run_after=None
[2024-10-11T00:54:18.605+0900] {processor.py:208} INFO - Processing /Users/alookso/1007MLpj/myenv/lib/python3.10/site-packages/airflow/example_dags/example_dynamic_task_mapping.py took 0.202 seconds
