[2024-10-10T15:32:35.507+0900] {processor.py:186} INFO - Started process (PID=56042) to work on /Users/alookso/1007MLpj/myenv/lib/python3.10/site-packages/airflow/example_dags/example_trigger_target_dag.py
[2024-10-10T15:32:35.509+0900] {processor.py:914} INFO - Processing file /Users/alookso/1007MLpj/myenv/lib/python3.10/site-packages/airflow/example_dags/example_trigger_target_dag.py for tasks to queue
[2024-10-10T15:32:35.511+0900] {logging_mixin.py:190} INFO - [2024-10-10T15:32:35.510+0900] {dagbag.py:588} INFO - Filling up the DagBag from /Users/alookso/1007MLpj/myenv/lib/python3.10/site-packages/airflow/example_dags/example_trigger_target_dag.py
[2024-10-10T15:32:35.583+0900] {processor.py:925} INFO - DAG(s) 'example_trigger_target_dag' retrieved from /Users/alookso/1007MLpj/myenv/lib/python3.10/site-packages/airflow/example_dags/example_trigger_target_dag.py
[2024-10-10T15:32:35.905+0900] {logging_mixin.py:190} INFO - [2024-10-10T15:32:35.905+0900] {override.py:1901} INFO - Created Permission View: can read on DAG:example_trigger_target_dag
[2024-10-10T15:32:35.916+0900] {logging_mixin.py:190} INFO - [2024-10-10T15:32:35.916+0900] {override.py:1901} INFO - Created Permission View: can edit on DAG:example_trigger_target_dag
[2024-10-10T15:32:35.924+0900] {logging_mixin.py:190} INFO - [2024-10-10T15:32:35.923+0900] {override.py:1901} INFO - Created Permission View: can delete on DAG:example_trigger_target_dag
[2024-10-10T15:32:35.933+0900] {logging_mixin.py:190} INFO - [2024-10-10T15:32:35.933+0900] {override.py:1901} INFO - Created Permission View: menu access on DAG Run:example_trigger_target_dag
[2024-10-10T15:32:35.940+0900] {logging_mixin.py:190} INFO - [2024-10-10T15:32:35.940+0900] {override.py:1901} INFO - Created Permission View: can read on DAG Run:example_trigger_target_dag
[2024-10-10T15:32:35.947+0900] {logging_mixin.py:190} INFO - [2024-10-10T15:32:35.947+0900] {override.py:1901} INFO - Created Permission View: can delete on DAG Run:example_trigger_target_dag
[2024-10-10T15:32:35.955+0900] {logging_mixin.py:190} INFO - [2024-10-10T15:32:35.955+0900] {override.py:1901} INFO - Created Permission View: can create on DAG Run:example_trigger_target_dag
[2024-10-10T15:32:35.956+0900] {logging_mixin.py:190} INFO - [2024-10-10T15:32:35.955+0900] {dag.py:3239} INFO - Sync 1 DAGs
[2024-10-10T15:32:35.971+0900] {logging_mixin.py:190} INFO - [2024-10-10T15:32:35.971+0900] {dag.py:3262} INFO - Creating ORM DAG for example_trigger_target_dag
[2024-10-10T15:32:35.972+0900] {logging_mixin.py:190} INFO - [2024-10-10T15:32:35.972+0900] {dag.py:4180} INFO - Setting next_dagrun for example_trigger_target_dag to None, run_after=None
[2024-10-10T15:32:35.995+0900] {processor.py:208} INFO - Processing /Users/alookso/1007MLpj/myenv/lib/python3.10/site-packages/airflow/example_dags/example_trigger_target_dag.py took 0.496 seconds
[2024-10-10T15:37:10.191+0900] {processor.py:186} INFO - Started process (PID=56220) to work on /Users/alookso/1007MLpj/myenv/lib/python3.10/site-packages/airflow/example_dags/example_trigger_target_dag.py
[2024-10-10T15:37:10.194+0900] {processor.py:914} INFO - Processing file /Users/alookso/1007MLpj/myenv/lib/python3.10/site-packages/airflow/example_dags/example_trigger_target_dag.py for tasks to queue
[2024-10-10T15:37:10.197+0900] {logging_mixin.py:190} INFO - [2024-10-10T15:37:10.196+0900] {dagbag.py:588} INFO - Filling up the DagBag from /Users/alookso/1007MLpj/myenv/lib/python3.10/site-packages/airflow/example_dags/example_trigger_target_dag.py
[2024-10-10T15:37:10.295+0900] {processor.py:925} INFO - DAG(s) 'example_trigger_target_dag' retrieved from /Users/alookso/1007MLpj/myenv/lib/python3.10/site-packages/airflow/example_dags/example_trigger_target_dag.py
[2024-10-10T15:37:10.450+0900] {logging_mixin.py:190} INFO - [2024-10-10T15:37:10.450+0900] {dag.py:3239} INFO - Sync 1 DAGs
[2024-10-10T15:37:10.466+0900] {logging_mixin.py:190} INFO - [2024-10-10T15:37:10.466+0900] {dag.py:4180} INFO - Setting next_dagrun for example_trigger_target_dag to None, run_after=None
[2024-10-10T15:37:10.488+0900] {processor.py:208} INFO - Processing /Users/alookso/1007MLpj/myenv/lib/python3.10/site-packages/airflow/example_dags/example_trigger_target_dag.py took 0.376 seconds
[2024-10-10T15:41:47.313+0900] {processor.py:186} INFO - Started process (PID=56424) to work on /Users/alookso/1007MLpj/myenv/lib/python3.10/site-packages/airflow/example_dags/example_trigger_target_dag.py
[2024-10-10T15:41:47.314+0900] {processor.py:914} INFO - Processing file /Users/alookso/1007MLpj/myenv/lib/python3.10/site-packages/airflow/example_dags/example_trigger_target_dag.py for tasks to queue
[2024-10-10T15:41:47.315+0900] {logging_mixin.py:190} INFO - [2024-10-10T15:41:47.315+0900] {dagbag.py:588} INFO - Filling up the DagBag from /Users/alookso/1007MLpj/myenv/lib/python3.10/site-packages/airflow/example_dags/example_trigger_target_dag.py
[2024-10-10T15:41:47.356+0900] {processor.py:925} INFO - DAG(s) 'example_trigger_target_dag' retrieved from /Users/alookso/1007MLpj/myenv/lib/python3.10/site-packages/airflow/example_dags/example_trigger_target_dag.py
[2024-10-10T15:41:47.485+0900] {logging_mixin.py:190} INFO - [2024-10-10T15:41:47.485+0900] {dag.py:3239} INFO - Sync 1 DAGs
[2024-10-10T15:41:47.499+0900] {logging_mixin.py:190} INFO - [2024-10-10T15:41:47.499+0900] {dag.py:4180} INFO - Setting next_dagrun for example_trigger_target_dag to None, run_after=None
[2024-10-10T15:41:47.518+0900] {processor.py:208} INFO - Processing /Users/alookso/1007MLpj/myenv/lib/python3.10/site-packages/airflow/example_dags/example_trigger_target_dag.py took 0.211 seconds
[2024-10-10T15:43:54.634+0900] {processor.py:186} INFO - Started process (PID=56516) to work on /Users/alookso/1007MLpj/myenv/lib/python3.10/site-packages/airflow/example_dags/example_trigger_target_dag.py
[2024-10-10T15:43:54.635+0900] {processor.py:914} INFO - Processing file /Users/alookso/1007MLpj/myenv/lib/python3.10/site-packages/airflow/example_dags/example_trigger_target_dag.py for tasks to queue
[2024-10-10T15:43:54.636+0900] {logging_mixin.py:190} INFO - [2024-10-10T15:43:54.636+0900] {dagbag.py:588} INFO - Filling up the DagBag from /Users/alookso/1007MLpj/myenv/lib/python3.10/site-packages/airflow/example_dags/example_trigger_target_dag.py
[2024-10-10T15:43:54.689+0900] {processor.py:925} INFO - DAG(s) 'example_trigger_target_dag' retrieved from /Users/alookso/1007MLpj/myenv/lib/python3.10/site-packages/airflow/example_dags/example_trigger_target_dag.py
[2024-10-10T15:43:54.822+0900] {logging_mixin.py:190} INFO - [2024-10-10T15:43:54.822+0900] {dag.py:3239} INFO - Sync 1 DAGs
[2024-10-10T15:43:54.837+0900] {logging_mixin.py:190} INFO - [2024-10-10T15:43:54.837+0900] {dag.py:4180} INFO - Setting next_dagrun for example_trigger_target_dag to None, run_after=None
[2024-10-10T15:43:54.857+0900] {processor.py:208} INFO - Processing /Users/alookso/1007MLpj/myenv/lib/python3.10/site-packages/airflow/example_dags/example_trigger_target_dag.py took 0.228 seconds
[2024-10-10T15:47:03.357+0900] {processor.py:186} INFO - Started process (PID=56666) to work on /Users/alookso/1007MLpj/myenv/lib/python3.10/site-packages/airflow/example_dags/example_trigger_target_dag.py
[2024-10-10T15:47:03.359+0900] {processor.py:914} INFO - Processing file /Users/alookso/1007MLpj/myenv/lib/python3.10/site-packages/airflow/example_dags/example_trigger_target_dag.py for tasks to queue
[2024-10-10T15:47:03.360+0900] {logging_mixin.py:190} INFO - [2024-10-10T15:47:03.359+0900] {dagbag.py:588} INFO - Filling up the DagBag from /Users/alookso/1007MLpj/myenv/lib/python3.10/site-packages/airflow/example_dags/example_trigger_target_dag.py
[2024-10-10T15:47:03.402+0900] {processor.py:925} INFO - DAG(s) 'example_trigger_target_dag' retrieved from /Users/alookso/1007MLpj/myenv/lib/python3.10/site-packages/airflow/example_dags/example_trigger_target_dag.py
[2024-10-10T15:47:03.532+0900] {logging_mixin.py:190} INFO - [2024-10-10T15:47:03.531+0900] {dag.py:3239} INFO - Sync 1 DAGs
[2024-10-10T15:47:03.545+0900] {logging_mixin.py:190} INFO - [2024-10-10T15:47:03.545+0900] {dag.py:4180} INFO - Setting next_dagrun for example_trigger_target_dag to None, run_after=None
[2024-10-10T15:47:03.566+0900] {processor.py:208} INFO - Processing /Users/alookso/1007MLpj/myenv/lib/python3.10/site-packages/airflow/example_dags/example_trigger_target_dag.py took 0.213 seconds
[2024-10-10T15:51:21.315+0900] {processor.py:186} INFO - Started process (PID=56880) to work on /Users/alookso/1007MLpj/myenv/lib/python3.10/site-packages/airflow/example_dags/example_trigger_target_dag.py
[2024-10-10T15:51:21.316+0900] {processor.py:914} INFO - Processing file /Users/alookso/1007MLpj/myenv/lib/python3.10/site-packages/airflow/example_dags/example_trigger_target_dag.py for tasks to queue
[2024-10-10T15:51:21.317+0900] {logging_mixin.py:190} INFO - [2024-10-10T15:51:21.317+0900] {dagbag.py:588} INFO - Filling up the DagBag from /Users/alookso/1007MLpj/myenv/lib/python3.10/site-packages/airflow/example_dags/example_trigger_target_dag.py
[2024-10-10T15:51:21.360+0900] {processor.py:925} INFO - DAG(s) 'example_trigger_target_dag' retrieved from /Users/alookso/1007MLpj/myenv/lib/python3.10/site-packages/airflow/example_dags/example_trigger_target_dag.py
[2024-10-10T15:51:21.492+0900] {logging_mixin.py:190} INFO - [2024-10-10T15:51:21.492+0900] {dag.py:3239} INFO - Sync 1 DAGs
[2024-10-10T15:51:21.507+0900] {logging_mixin.py:190} INFO - [2024-10-10T15:51:21.507+0900] {dag.py:4180} INFO - Setting next_dagrun for example_trigger_target_dag to None, run_after=None
[2024-10-10T15:51:21.528+0900] {processor.py:208} INFO - Processing /Users/alookso/1007MLpj/myenv/lib/python3.10/site-packages/airflow/example_dags/example_trigger_target_dag.py took 0.220 seconds
[2024-10-10T16:18:11.973+0900] {processor.py:186} INFO - Started process (PID=57313) to work on /Users/alookso/1007MLpj/myenv/lib/python3.10/site-packages/airflow/example_dags/example_trigger_target_dag.py
[2024-10-10T16:18:11.990+0900] {processor.py:914} INFO - Processing file /Users/alookso/1007MLpj/myenv/lib/python3.10/site-packages/airflow/example_dags/example_trigger_target_dag.py for tasks to queue
[2024-10-10T16:18:11.991+0900] {logging_mixin.py:190} INFO - [2024-10-10T16:18:11.991+0900] {dagbag.py:588} INFO - Filling up the DagBag from /Users/alookso/1007MLpj/myenv/lib/python3.10/site-packages/airflow/example_dags/example_trigger_target_dag.py
[2024-10-10T16:18:12.051+0900] {processor.py:925} INFO - DAG(s) 'example_trigger_target_dag' retrieved from /Users/alookso/1007MLpj/myenv/lib/python3.10/site-packages/airflow/example_dags/example_trigger_target_dag.py
[2024-10-10T16:18:12.178+0900] {logging_mixin.py:190} INFO - [2024-10-10T16:18:12.178+0900] {dag.py:3239} INFO - Sync 1 DAGs
[2024-10-10T16:18:12.192+0900] {logging_mixin.py:190} INFO - [2024-10-10T16:18:12.191+0900] {dag.py:4180} INFO - Setting next_dagrun for example_trigger_target_dag to None, run_after=None
[2024-10-10T16:18:12.211+0900] {processor.py:208} INFO - Processing /Users/alookso/1007MLpj/myenv/lib/python3.10/site-packages/airflow/example_dags/example_trigger_target_dag.py took 0.243 seconds
[2024-10-10T16:22:32.732+0900] {processor.py:186} INFO - Started process (PID=57482) to work on /Users/alookso/1007MLpj/myenv/lib/python3.10/site-packages/airflow/example_dags/example_trigger_target_dag.py
[2024-10-10T16:22:32.733+0900] {processor.py:914} INFO - Processing file /Users/alookso/1007MLpj/myenv/lib/python3.10/site-packages/airflow/example_dags/example_trigger_target_dag.py for tasks to queue
[2024-10-10T16:22:32.734+0900] {logging_mixin.py:190} INFO - [2024-10-10T16:22:32.734+0900] {dagbag.py:588} INFO - Filling up the DagBag from /Users/alookso/1007MLpj/myenv/lib/python3.10/site-packages/airflow/example_dags/example_trigger_target_dag.py
[2024-10-10T16:22:32.779+0900] {processor.py:925} INFO - DAG(s) 'example_trigger_target_dag' retrieved from /Users/alookso/1007MLpj/myenv/lib/python3.10/site-packages/airflow/example_dags/example_trigger_target_dag.py
[2024-10-10T16:22:32.909+0900] {logging_mixin.py:190} INFO - [2024-10-10T16:22:32.909+0900] {dag.py:3239} INFO - Sync 1 DAGs
[2024-10-10T16:22:32.924+0900] {logging_mixin.py:190} INFO - [2024-10-10T16:22:32.924+0900] {dag.py:4180} INFO - Setting next_dagrun for example_trigger_target_dag to None, run_after=None
[2024-10-10T16:22:32.944+0900] {processor.py:208} INFO - Processing /Users/alookso/1007MLpj/myenv/lib/python3.10/site-packages/airflow/example_dags/example_trigger_target_dag.py took 0.218 seconds
[2024-10-10T16:26:09.591+0900] {processor.py:186} INFO - Started process (PID=57631) to work on /Users/alookso/1007MLpj/myenv/lib/python3.10/site-packages/airflow/example_dags/example_trigger_target_dag.py
[2024-10-10T16:26:09.593+0900] {processor.py:914} INFO - Processing file /Users/alookso/1007MLpj/myenv/lib/python3.10/site-packages/airflow/example_dags/example_trigger_target_dag.py for tasks to queue
[2024-10-10T16:26:09.595+0900] {logging_mixin.py:190} INFO - [2024-10-10T16:26:09.594+0900] {dagbag.py:588} INFO - Filling up the DagBag from /Users/alookso/1007MLpj/myenv/lib/python3.10/site-packages/airflow/example_dags/example_trigger_target_dag.py
[2024-10-10T16:26:09.645+0900] {processor.py:925} INFO - DAG(s) 'example_trigger_target_dag' retrieved from /Users/alookso/1007MLpj/myenv/lib/python3.10/site-packages/airflow/example_dags/example_trigger_target_dag.py
[2024-10-10T16:26:09.808+0900] {logging_mixin.py:190} INFO - [2024-10-10T16:26:09.807+0900] {dag.py:3239} INFO - Sync 1 DAGs
[2024-10-10T16:26:09.826+0900] {logging_mixin.py:190} INFO - [2024-10-10T16:26:09.825+0900] {dag.py:4180} INFO - Setting next_dagrun for example_trigger_target_dag to None, run_after=None
[2024-10-10T16:26:09.853+0900] {processor.py:208} INFO - Processing /Users/alookso/1007MLpj/myenv/lib/python3.10/site-packages/airflow/example_dags/example_trigger_target_dag.py took 0.268 seconds
[2024-10-10T16:30:17.466+0900] {processor.py:186} INFO - Started process (PID=57827) to work on /Users/alookso/1007MLpj/myenv/lib/python3.10/site-packages/airflow/example_dags/example_trigger_target_dag.py
[2024-10-10T16:30:17.467+0900] {processor.py:914} INFO - Processing file /Users/alookso/1007MLpj/myenv/lib/python3.10/site-packages/airflow/example_dags/example_trigger_target_dag.py for tasks to queue
[2024-10-10T16:30:17.469+0900] {logging_mixin.py:190} INFO - [2024-10-10T16:30:17.469+0900] {dagbag.py:588} INFO - Filling up the DagBag from /Users/alookso/1007MLpj/myenv/lib/python3.10/site-packages/airflow/example_dags/example_trigger_target_dag.py
[2024-10-10T16:30:17.509+0900] {processor.py:925} INFO - DAG(s) 'example_trigger_target_dag' retrieved from /Users/alookso/1007MLpj/myenv/lib/python3.10/site-packages/airflow/example_dags/example_trigger_target_dag.py
[2024-10-10T16:30:17.646+0900] {logging_mixin.py:190} INFO - [2024-10-10T16:30:17.646+0900] {dag.py:3239} INFO - Sync 1 DAGs
[2024-10-10T16:30:17.660+0900] {logging_mixin.py:190} INFO - [2024-10-10T16:30:17.660+0900] {dag.py:4180} INFO - Setting next_dagrun for example_trigger_target_dag to None, run_after=None
[2024-10-10T16:30:17.680+0900] {processor.py:208} INFO - Processing /Users/alookso/1007MLpj/myenv/lib/python3.10/site-packages/airflow/example_dags/example_trigger_target_dag.py took 0.219 seconds
[2024-10-10T16:32:38.880+0900] {processor.py:186} INFO - Started process (PID=57965) to work on /Users/alookso/1007MLpj/myenv/lib/python3.10/site-packages/airflow/example_dags/example_trigger_target_dag.py
[2024-10-10T16:32:38.881+0900] {processor.py:914} INFO - Processing file /Users/alookso/1007MLpj/myenv/lib/python3.10/site-packages/airflow/example_dags/example_trigger_target_dag.py for tasks to queue
[2024-10-10T16:32:38.882+0900] {logging_mixin.py:190} INFO - [2024-10-10T16:32:38.882+0900] {dagbag.py:588} INFO - Filling up the DagBag from /Users/alookso/1007MLpj/myenv/lib/python3.10/site-packages/airflow/example_dags/example_trigger_target_dag.py
[2024-10-10T16:32:38.922+0900] {processor.py:925} INFO - DAG(s) 'example_trigger_target_dag' retrieved from /Users/alookso/1007MLpj/myenv/lib/python3.10/site-packages/airflow/example_dags/example_trigger_target_dag.py
[2024-10-10T16:32:39.047+0900] {logging_mixin.py:190} INFO - [2024-10-10T16:32:39.047+0900] {dag.py:3239} INFO - Sync 1 DAGs
[2024-10-10T16:32:39.061+0900] {logging_mixin.py:190} INFO - [2024-10-10T16:32:39.061+0900] {dag.py:4180} INFO - Setting next_dagrun for example_trigger_target_dag to None, run_after=None
[2024-10-10T16:32:39.080+0900] {processor.py:208} INFO - Processing /Users/alookso/1007MLpj/myenv/lib/python3.10/site-packages/airflow/example_dags/example_trigger_target_dag.py took 0.204 seconds
[2024-10-10T16:36:36.664+0900] {processor.py:186} INFO - Started process (PID=58067) to work on /Users/alookso/1007MLpj/myenv/lib/python3.10/site-packages/airflow/example_dags/example_trigger_target_dag.py
[2024-10-10T16:36:36.665+0900] {processor.py:914} INFO - Processing file /Users/alookso/1007MLpj/myenv/lib/python3.10/site-packages/airflow/example_dags/example_trigger_target_dag.py for tasks to queue
[2024-10-10T16:36:36.666+0900] {logging_mixin.py:190} INFO - [2024-10-10T16:36:36.666+0900] {dagbag.py:588} INFO - Filling up the DagBag from /Users/alookso/1007MLpj/myenv/lib/python3.10/site-packages/airflow/example_dags/example_trigger_target_dag.py
[2024-10-10T16:36:36.706+0900] {processor.py:925} INFO - DAG(s) 'example_trigger_target_dag' retrieved from /Users/alookso/1007MLpj/myenv/lib/python3.10/site-packages/airflow/example_dags/example_trigger_target_dag.py
[2024-10-10T16:36:36.835+0900] {logging_mixin.py:190} INFO - [2024-10-10T16:36:36.835+0900] {dag.py:3239} INFO - Sync 1 DAGs
[2024-10-10T16:36:36.849+0900] {logging_mixin.py:190} INFO - [2024-10-10T16:36:36.849+0900] {dag.py:4180} INFO - Setting next_dagrun for example_trigger_target_dag to None, run_after=None
[2024-10-10T16:36:36.869+0900] {processor.py:208} INFO - Processing /Users/alookso/1007MLpj/myenv/lib/python3.10/site-packages/airflow/example_dags/example_trigger_target_dag.py took 0.209 seconds
[2024-10-10T16:40:09.873+0900] {processor.py:186} INFO - Started process (PID=58153) to work on /Users/alookso/1007MLpj/myenv/lib/python3.10/site-packages/airflow/example_dags/example_trigger_target_dag.py
[2024-10-10T16:40:09.874+0900] {processor.py:914} INFO - Processing file /Users/alookso/1007MLpj/myenv/lib/python3.10/site-packages/airflow/example_dags/example_trigger_target_dag.py for tasks to queue
[2024-10-10T16:40:09.876+0900] {logging_mixin.py:190} INFO - [2024-10-10T16:40:09.875+0900] {dagbag.py:588} INFO - Filling up the DagBag from /Users/alookso/1007MLpj/myenv/lib/python3.10/site-packages/airflow/example_dags/example_trigger_target_dag.py
[2024-10-10T16:40:09.922+0900] {processor.py:925} INFO - DAG(s) 'example_trigger_target_dag' retrieved from /Users/alookso/1007MLpj/myenv/lib/python3.10/site-packages/airflow/example_dags/example_trigger_target_dag.py
[2024-10-10T16:40:10.051+0900] {logging_mixin.py:190} INFO - [2024-10-10T16:40:10.051+0900] {dag.py:3239} INFO - Sync 1 DAGs
[2024-10-10T16:40:10.065+0900] {logging_mixin.py:190} INFO - [2024-10-10T16:40:10.065+0900] {dag.py:4180} INFO - Setting next_dagrun for example_trigger_target_dag to None, run_after=None
[2024-10-10T16:40:10.084+0900] {processor.py:208} INFO - Processing /Users/alookso/1007MLpj/myenv/lib/python3.10/site-packages/airflow/example_dags/example_trigger_target_dag.py took 0.216 seconds
[2024-10-10T16:43:50.026+0900] {processor.py:186} INFO - Started process (PID=58245) to work on /Users/alookso/1007MLpj/myenv/lib/python3.10/site-packages/airflow/example_dags/example_trigger_target_dag.py
[2024-10-10T16:43:50.027+0900] {processor.py:914} INFO - Processing file /Users/alookso/1007MLpj/myenv/lib/python3.10/site-packages/airflow/example_dags/example_trigger_target_dag.py for tasks to queue
[2024-10-10T16:43:50.028+0900] {logging_mixin.py:190} INFO - [2024-10-10T16:43:50.028+0900] {dagbag.py:588} INFO - Filling up the DagBag from /Users/alookso/1007MLpj/myenv/lib/python3.10/site-packages/airflow/example_dags/example_trigger_target_dag.py
[2024-10-10T16:43:50.074+0900] {processor.py:925} INFO - DAG(s) 'example_trigger_target_dag' retrieved from /Users/alookso/1007MLpj/myenv/lib/python3.10/site-packages/airflow/example_dags/example_trigger_target_dag.py
[2024-10-10T16:43:50.219+0900] {logging_mixin.py:190} INFO - [2024-10-10T16:43:50.219+0900] {dag.py:3239} INFO - Sync 1 DAGs
[2024-10-10T16:43:50.234+0900] {logging_mixin.py:190} INFO - [2024-10-10T16:43:50.234+0900] {dag.py:4180} INFO - Setting next_dagrun for example_trigger_target_dag to None, run_after=None
[2024-10-10T16:43:50.259+0900] {processor.py:208} INFO - Processing /Users/alookso/1007MLpj/myenv/lib/python3.10/site-packages/airflow/example_dags/example_trigger_target_dag.py took 0.240 seconds
[2024-10-10T16:47:44.076+0900] {processor.py:186} INFO - Started process (PID=58436) to work on /Users/alookso/1007MLpj/myenv/lib/python3.10/site-packages/airflow/example_dags/example_trigger_target_dag.py
[2024-10-10T16:47:44.078+0900] {processor.py:914} INFO - Processing file /Users/alookso/1007MLpj/myenv/lib/python3.10/site-packages/airflow/example_dags/example_trigger_target_dag.py for tasks to queue
[2024-10-10T16:47:44.079+0900] {logging_mixin.py:190} INFO - [2024-10-10T16:47:44.079+0900] {dagbag.py:588} INFO - Filling up the DagBag from /Users/alookso/1007MLpj/myenv/lib/python3.10/site-packages/airflow/example_dags/example_trigger_target_dag.py
[2024-10-10T16:47:44.120+0900] {processor.py:925} INFO - DAG(s) 'example_trigger_target_dag' retrieved from /Users/alookso/1007MLpj/myenv/lib/python3.10/site-packages/airflow/example_dags/example_trigger_target_dag.py
[2024-10-10T16:47:44.247+0900] {logging_mixin.py:190} INFO - [2024-10-10T16:47:44.247+0900] {dag.py:3239} INFO - Sync 1 DAGs
[2024-10-10T16:47:44.261+0900] {logging_mixin.py:190} INFO - [2024-10-10T16:47:44.261+0900] {dag.py:4180} INFO - Setting next_dagrun for example_trigger_target_dag to None, run_after=None
[2024-10-10T16:47:44.282+0900] {processor.py:208} INFO - Processing /Users/alookso/1007MLpj/myenv/lib/python3.10/site-packages/airflow/example_dags/example_trigger_target_dag.py took 0.212 seconds
[2024-10-10T16:50:12.343+0900] {processor.py:186} INFO - Started process (PID=58596) to work on /Users/alookso/1007MLpj/myenv/lib/python3.10/site-packages/airflow/example_dags/example_trigger_target_dag.py
[2024-10-10T16:50:12.344+0900] {processor.py:914} INFO - Processing file /Users/alookso/1007MLpj/myenv/lib/python3.10/site-packages/airflow/example_dags/example_trigger_target_dag.py for tasks to queue
[2024-10-10T16:50:12.345+0900] {logging_mixin.py:190} INFO - [2024-10-10T16:50:12.345+0900] {dagbag.py:588} INFO - Filling up the DagBag from /Users/alookso/1007MLpj/myenv/lib/python3.10/site-packages/airflow/example_dags/example_trigger_target_dag.py
[2024-10-10T16:50:12.386+0900] {processor.py:925} INFO - DAG(s) 'example_trigger_target_dag' retrieved from /Users/alookso/1007MLpj/myenv/lib/python3.10/site-packages/airflow/example_dags/example_trigger_target_dag.py
[2024-10-10T16:50:12.513+0900] {logging_mixin.py:190} INFO - [2024-10-10T16:50:12.513+0900] {dag.py:3239} INFO - Sync 1 DAGs
[2024-10-10T16:50:12.527+0900] {logging_mixin.py:190} INFO - [2024-10-10T16:50:12.527+0900] {dag.py:4180} INFO - Setting next_dagrun for example_trigger_target_dag to None, run_after=None
[2024-10-10T16:50:12.547+0900] {processor.py:208} INFO - Processing /Users/alookso/1007MLpj/myenv/lib/python3.10/site-packages/airflow/example_dags/example_trigger_target_dag.py took 0.208 seconds
[2024-10-10T23:48:06.447+0900] {processor.py:186} INFO - Started process (PID=63431) to work on /Users/alookso/1007MLpj/myenv/lib/python3.10/site-packages/airflow/example_dags/example_trigger_target_dag.py
[2024-10-10T23:48:06.448+0900] {processor.py:914} INFO - Processing file /Users/alookso/1007MLpj/myenv/lib/python3.10/site-packages/airflow/example_dags/example_trigger_target_dag.py for tasks to queue
[2024-10-10T23:48:06.449+0900] {logging_mixin.py:190} INFO - [2024-10-10T23:48:06.449+0900] {dagbag.py:588} INFO - Filling up the DagBag from /Users/alookso/1007MLpj/myenv/lib/python3.10/site-packages/airflow/example_dags/example_trigger_target_dag.py
[2024-10-10T23:48:06.489+0900] {processor.py:925} INFO - DAG(s) 'example_trigger_target_dag' retrieved from /Users/alookso/1007MLpj/myenv/lib/python3.10/site-packages/airflow/example_dags/example_trigger_target_dag.py
[2024-10-10T23:48:06.617+0900] {logging_mixin.py:190} INFO - [2024-10-10T23:48:06.617+0900] {dag.py:3239} INFO - Sync 1 DAGs
[2024-10-10T23:48:06.631+0900] {logging_mixin.py:190} INFO - [2024-10-10T23:48:06.630+0900] {dag.py:4180} INFO - Setting next_dagrun for example_trigger_target_dag to None, run_after=None
[2024-10-10T23:48:06.650+0900] {processor.py:208} INFO - Processing /Users/alookso/1007MLpj/myenv/lib/python3.10/site-packages/airflow/example_dags/example_trigger_target_dag.py took 0.208 seconds
[2024-10-10T23:51:24.634+0900] {processor.py:186} INFO - Started process (PID=63608) to work on /Users/alookso/1007MLpj/myenv/lib/python3.10/site-packages/airflow/example_dags/example_trigger_target_dag.py
[2024-10-10T23:51:24.635+0900] {processor.py:914} INFO - Processing file /Users/alookso/1007MLpj/myenv/lib/python3.10/site-packages/airflow/example_dags/example_trigger_target_dag.py for tasks to queue
[2024-10-10T23:51:24.636+0900] {logging_mixin.py:190} INFO - [2024-10-10T23:51:24.636+0900] {dagbag.py:588} INFO - Filling up the DagBag from /Users/alookso/1007MLpj/myenv/lib/python3.10/site-packages/airflow/example_dags/example_trigger_target_dag.py
[2024-10-10T23:51:24.675+0900] {processor.py:925} INFO - DAG(s) 'example_trigger_target_dag' retrieved from /Users/alookso/1007MLpj/myenv/lib/python3.10/site-packages/airflow/example_dags/example_trigger_target_dag.py
[2024-10-10T23:51:24.817+0900] {logging_mixin.py:190} INFO - [2024-10-10T23:51:24.817+0900] {dag.py:3239} INFO - Sync 1 DAGs
[2024-10-10T23:51:24.831+0900] {logging_mixin.py:190} INFO - [2024-10-10T23:51:24.831+0900] {dag.py:4180} INFO - Setting next_dagrun for example_trigger_target_dag to None, run_after=None
[2024-10-10T23:51:24.850+0900] {processor.py:208} INFO - Processing /Users/alookso/1007MLpj/myenv/lib/python3.10/site-packages/airflow/example_dags/example_trigger_target_dag.py took 0.220 seconds
[2024-10-10T23:54:22.544+0900] {processor.py:186} INFO - Started process (PID=63767) to work on /Users/alookso/1007MLpj/myenv/lib/python3.10/site-packages/airflow/example_dags/example_trigger_target_dag.py
[2024-10-10T23:54:22.544+0900] {processor.py:914} INFO - Processing file /Users/alookso/1007MLpj/myenv/lib/python3.10/site-packages/airflow/example_dags/example_trigger_target_dag.py for tasks to queue
[2024-10-10T23:54:22.545+0900] {logging_mixin.py:190} INFO - [2024-10-10T23:54:22.545+0900] {dagbag.py:588} INFO - Filling up the DagBag from /Users/alookso/1007MLpj/myenv/lib/python3.10/site-packages/airflow/example_dags/example_trigger_target_dag.py
[2024-10-10T23:54:22.586+0900] {processor.py:925} INFO - DAG(s) 'example_trigger_target_dag' retrieved from /Users/alookso/1007MLpj/myenv/lib/python3.10/site-packages/airflow/example_dags/example_trigger_target_dag.py
[2024-10-10T23:54:22.716+0900] {logging_mixin.py:190} INFO - [2024-10-10T23:54:22.716+0900] {dag.py:3239} INFO - Sync 1 DAGs
[2024-10-10T23:54:22.730+0900] {logging_mixin.py:190} INFO - [2024-10-10T23:54:22.730+0900] {dag.py:4180} INFO - Setting next_dagrun for example_trigger_target_dag to None, run_after=None
[2024-10-10T23:54:22.749+0900] {processor.py:208} INFO - Processing /Users/alookso/1007MLpj/myenv/lib/python3.10/site-packages/airflow/example_dags/example_trigger_target_dag.py took 0.211 seconds
[2024-10-10T23:56:42.769+0900] {processor.py:186} INFO - Started process (PID=63859) to work on /Users/alookso/1007MLpj/myenv/lib/python3.10/site-packages/airflow/example_dags/example_trigger_target_dag.py
[2024-10-10T23:56:42.770+0900] {processor.py:914} INFO - Processing file /Users/alookso/1007MLpj/myenv/lib/python3.10/site-packages/airflow/example_dags/example_trigger_target_dag.py for tasks to queue
[2024-10-10T23:56:42.771+0900] {logging_mixin.py:190} INFO - [2024-10-10T23:56:42.771+0900] {dagbag.py:588} INFO - Filling up the DagBag from /Users/alookso/1007MLpj/myenv/lib/python3.10/site-packages/airflow/example_dags/example_trigger_target_dag.py
[2024-10-10T23:56:42.823+0900] {processor.py:925} INFO - DAG(s) 'example_trigger_target_dag' retrieved from /Users/alookso/1007MLpj/myenv/lib/python3.10/site-packages/airflow/example_dags/example_trigger_target_dag.py
[2024-10-10T23:56:43.037+0900] {logging_mixin.py:190} INFO - [2024-10-10T23:56:43.036+0900] {dag.py:3239} INFO - Sync 1 DAGs
[2024-10-10T23:56:43.056+0900] {logging_mixin.py:190} INFO - [2024-10-10T23:56:43.055+0900] {dag.py:4180} INFO - Setting next_dagrun for example_trigger_target_dag to None, run_after=None
[2024-10-10T23:56:43.084+0900] {processor.py:208} INFO - Processing /Users/alookso/1007MLpj/myenv/lib/python3.10/site-packages/airflow/example_dags/example_trigger_target_dag.py took 0.322 seconds
[2024-10-11T00:01:24.150+0900] {processor.py:186} INFO - Started process (PID=64072) to work on /Users/alookso/1007MLpj/myenv/lib/python3.10/site-packages/airflow/example_dags/example_trigger_target_dag.py
[2024-10-11T00:01:24.151+0900] {processor.py:914} INFO - Processing file /Users/alookso/1007MLpj/myenv/lib/python3.10/site-packages/airflow/example_dags/example_trigger_target_dag.py for tasks to queue
[2024-10-11T00:01:24.152+0900] {logging_mixin.py:190} INFO - [2024-10-11T00:01:24.151+0900] {dagbag.py:588} INFO - Filling up the DagBag from /Users/alookso/1007MLpj/myenv/lib/python3.10/site-packages/airflow/example_dags/example_trigger_target_dag.py
[2024-10-11T00:01:24.192+0900] {processor.py:925} INFO - DAG(s) 'example_trigger_target_dag' retrieved from /Users/alookso/1007MLpj/myenv/lib/python3.10/site-packages/airflow/example_dags/example_trigger_target_dag.py
[2024-10-11T00:01:24.320+0900] {logging_mixin.py:190} INFO - [2024-10-11T00:01:24.320+0900] {dag.py:3239} INFO - Sync 1 DAGs
[2024-10-11T00:01:24.334+0900] {logging_mixin.py:190} INFO - [2024-10-11T00:01:24.334+0900] {dag.py:4180} INFO - Setting next_dagrun for example_trigger_target_dag to None, run_after=None
[2024-10-11T00:01:24.353+0900] {processor.py:208} INFO - Processing /Users/alookso/1007MLpj/myenv/lib/python3.10/site-packages/airflow/example_dags/example_trigger_target_dag.py took 0.208 seconds
[2024-10-11T00:04:36.887+0900] {processor.py:186} INFO - Started process (PID=64246) to work on /Users/alookso/1007MLpj/myenv/lib/python3.10/site-packages/airflow/example_dags/example_trigger_target_dag.py
[2024-10-11T00:04:36.888+0900] {processor.py:914} INFO - Processing file /Users/alookso/1007MLpj/myenv/lib/python3.10/site-packages/airflow/example_dags/example_trigger_target_dag.py for tasks to queue
[2024-10-11T00:04:36.889+0900] {logging_mixin.py:190} INFO - [2024-10-11T00:04:36.889+0900] {dagbag.py:588} INFO - Filling up the DagBag from /Users/alookso/1007MLpj/myenv/lib/python3.10/site-packages/airflow/example_dags/example_trigger_target_dag.py
[2024-10-11T00:04:36.929+0900] {processor.py:925} INFO - DAG(s) 'example_trigger_target_dag' retrieved from /Users/alookso/1007MLpj/myenv/lib/python3.10/site-packages/airflow/example_dags/example_trigger_target_dag.py
[2024-10-11T00:04:37.059+0900] {logging_mixin.py:190} INFO - [2024-10-11T00:04:37.058+0900] {dag.py:3239} INFO - Sync 1 DAGs
[2024-10-11T00:04:37.072+0900] {logging_mixin.py:190} INFO - [2024-10-11T00:04:37.072+0900] {dag.py:4180} INFO - Setting next_dagrun for example_trigger_target_dag to None, run_after=None
[2024-10-11T00:04:37.091+0900] {processor.py:208} INFO - Processing /Users/alookso/1007MLpj/myenv/lib/python3.10/site-packages/airflow/example_dags/example_trigger_target_dag.py took 0.209 seconds
[2024-10-11T00:08:34.583+0900] {processor.py:186} INFO - Started process (PID=64480) to work on /Users/alookso/1007MLpj/myenv/lib/python3.10/site-packages/airflow/example_dags/example_trigger_target_dag.py
[2024-10-11T00:08:34.584+0900] {processor.py:914} INFO - Processing file /Users/alookso/1007MLpj/myenv/lib/python3.10/site-packages/airflow/example_dags/example_trigger_target_dag.py for tasks to queue
[2024-10-11T00:08:34.585+0900] {logging_mixin.py:190} INFO - [2024-10-11T00:08:34.584+0900] {dagbag.py:588} INFO - Filling up the DagBag from /Users/alookso/1007MLpj/myenv/lib/python3.10/site-packages/airflow/example_dags/example_trigger_target_dag.py
[2024-10-11T00:08:34.626+0900] {processor.py:925} INFO - DAG(s) 'example_trigger_target_dag' retrieved from /Users/alookso/1007MLpj/myenv/lib/python3.10/site-packages/airflow/example_dags/example_trigger_target_dag.py
[2024-10-11T00:08:34.757+0900] {logging_mixin.py:190} INFO - [2024-10-11T00:08:34.757+0900] {dag.py:3239} INFO - Sync 1 DAGs
[2024-10-11T00:08:34.771+0900] {logging_mixin.py:190} INFO - [2024-10-11T00:08:34.771+0900] {dag.py:4180} INFO - Setting next_dagrun for example_trigger_target_dag to None, run_after=None
[2024-10-11T00:08:34.791+0900] {processor.py:208} INFO - Processing /Users/alookso/1007MLpj/myenv/lib/python3.10/site-packages/airflow/example_dags/example_trigger_target_dag.py took 0.213 seconds
[2024-10-11T00:11:37.577+0900] {processor.py:186} INFO - Started process (PID=64605) to work on /Users/alookso/1007MLpj/myenv/lib/python3.10/site-packages/airflow/example_dags/example_trigger_target_dag.py
[2024-10-11T00:11:37.578+0900] {processor.py:914} INFO - Processing file /Users/alookso/1007MLpj/myenv/lib/python3.10/site-packages/airflow/example_dags/example_trigger_target_dag.py for tasks to queue
[2024-10-11T00:11:37.579+0900] {logging_mixin.py:190} INFO - [2024-10-11T00:11:37.579+0900] {dagbag.py:588} INFO - Filling up the DagBag from /Users/alookso/1007MLpj/myenv/lib/python3.10/site-packages/airflow/example_dags/example_trigger_target_dag.py
[2024-10-11T00:11:37.620+0900] {processor.py:925} INFO - DAG(s) 'example_trigger_target_dag' retrieved from /Users/alookso/1007MLpj/myenv/lib/python3.10/site-packages/airflow/example_dags/example_trigger_target_dag.py
[2024-10-11T00:11:37.749+0900] {logging_mixin.py:190} INFO - [2024-10-11T00:11:37.748+0900] {dag.py:3239} INFO - Sync 1 DAGs
[2024-10-11T00:11:37.762+0900] {logging_mixin.py:190} INFO - [2024-10-11T00:11:37.762+0900] {dag.py:4180} INFO - Setting next_dagrun for example_trigger_target_dag to None, run_after=None
[2024-10-11T00:11:37.781+0900] {processor.py:208} INFO - Processing /Users/alookso/1007MLpj/myenv/lib/python3.10/site-packages/airflow/example_dags/example_trigger_target_dag.py took 0.209 seconds
[2024-10-11T00:14:08.352+0900] {processor.py:186} INFO - Started process (PID=64734) to work on /Users/alookso/1007MLpj/myenv/lib/python3.10/site-packages/airflow/example_dags/example_trigger_target_dag.py
[2024-10-11T00:14:08.353+0900] {processor.py:914} INFO - Processing file /Users/alookso/1007MLpj/myenv/lib/python3.10/site-packages/airflow/example_dags/example_trigger_target_dag.py for tasks to queue
[2024-10-11T00:14:08.354+0900] {logging_mixin.py:190} INFO - [2024-10-11T00:14:08.354+0900] {dagbag.py:588} INFO - Filling up the DagBag from /Users/alookso/1007MLpj/myenv/lib/python3.10/site-packages/airflow/example_dags/example_trigger_target_dag.py
[2024-10-11T00:14:08.392+0900] {processor.py:925} INFO - DAG(s) 'example_trigger_target_dag' retrieved from /Users/alookso/1007MLpj/myenv/lib/python3.10/site-packages/airflow/example_dags/example_trigger_target_dag.py
[2024-10-11T00:14:08.516+0900] {logging_mixin.py:190} INFO - [2024-10-11T00:14:08.516+0900] {dag.py:3239} INFO - Sync 1 DAGs
[2024-10-11T00:14:08.529+0900] {logging_mixin.py:190} INFO - [2024-10-11T00:14:08.529+0900] {dag.py:4180} INFO - Setting next_dagrun for example_trigger_target_dag to None, run_after=None
[2024-10-11T00:14:08.548+0900] {processor.py:208} INFO - Processing /Users/alookso/1007MLpj/myenv/lib/python3.10/site-packages/airflow/example_dags/example_trigger_target_dag.py took 0.200 seconds
[2024-10-11T00:16:46.169+0900] {processor.py:186} INFO - Started process (PID=64814) to work on /Users/alookso/1007MLpj/myenv/lib/python3.10/site-packages/airflow/example_dags/example_trigger_target_dag.py
[2024-10-11T00:16:46.170+0900] {processor.py:914} INFO - Processing file /Users/alookso/1007MLpj/myenv/lib/python3.10/site-packages/airflow/example_dags/example_trigger_target_dag.py for tasks to queue
[2024-10-11T00:16:46.171+0900] {logging_mixin.py:190} INFO - [2024-10-11T00:16:46.171+0900] {dagbag.py:588} INFO - Filling up the DagBag from /Users/alookso/1007MLpj/myenv/lib/python3.10/site-packages/airflow/example_dags/example_trigger_target_dag.py
[2024-10-11T00:16:46.210+0900] {processor.py:925} INFO - DAG(s) 'example_trigger_target_dag' retrieved from /Users/alookso/1007MLpj/myenv/lib/python3.10/site-packages/airflow/example_dags/example_trigger_target_dag.py
[2024-10-11T00:16:46.335+0900] {logging_mixin.py:190} INFO - [2024-10-11T00:16:46.335+0900] {dag.py:3239} INFO - Sync 1 DAGs
[2024-10-11T00:16:46.349+0900] {logging_mixin.py:190} INFO - [2024-10-11T00:16:46.349+0900] {dag.py:4180} INFO - Setting next_dagrun for example_trigger_target_dag to None, run_after=None
[2024-10-11T00:16:46.368+0900] {processor.py:208} INFO - Processing /Users/alookso/1007MLpj/myenv/lib/python3.10/site-packages/airflow/example_dags/example_trigger_target_dag.py took 0.203 seconds
[2024-10-11T00:19:20.515+0900] {processor.py:186} INFO - Started process (PID=64899) to work on /Users/alookso/1007MLpj/myenv/lib/python3.10/site-packages/airflow/example_dags/example_trigger_target_dag.py
[2024-10-11T00:19:20.516+0900] {processor.py:914} INFO - Processing file /Users/alookso/1007MLpj/myenv/lib/python3.10/site-packages/airflow/example_dags/example_trigger_target_dag.py for tasks to queue
[2024-10-11T00:19:20.517+0900] {logging_mixin.py:190} INFO - [2024-10-11T00:19:20.517+0900] {dagbag.py:588} INFO - Filling up the DagBag from /Users/alookso/1007MLpj/myenv/lib/python3.10/site-packages/airflow/example_dags/example_trigger_target_dag.py
[2024-10-11T00:19:20.556+0900] {processor.py:925} INFO - DAG(s) 'example_trigger_target_dag' retrieved from /Users/alookso/1007MLpj/myenv/lib/python3.10/site-packages/airflow/example_dags/example_trigger_target_dag.py
[2024-10-11T00:19:20.681+0900] {logging_mixin.py:190} INFO - [2024-10-11T00:19:20.681+0900] {dag.py:3239} INFO - Sync 1 DAGs
[2024-10-11T00:19:20.695+0900] {logging_mixin.py:190} INFO - [2024-10-11T00:19:20.694+0900] {dag.py:4180} INFO - Setting next_dagrun for example_trigger_target_dag to None, run_after=None
[2024-10-11T00:19:20.714+0900] {processor.py:208} INFO - Processing /Users/alookso/1007MLpj/myenv/lib/python3.10/site-packages/airflow/example_dags/example_trigger_target_dag.py took 0.203 seconds
[2024-10-11T00:21:57.802+0900] {processor.py:186} INFO - Started process (PID=65002) to work on /Users/alookso/1007MLpj/myenv/lib/python3.10/site-packages/airflow/example_dags/example_trigger_target_dag.py
[2024-10-11T00:21:57.803+0900] {processor.py:914} INFO - Processing file /Users/alookso/1007MLpj/myenv/lib/python3.10/site-packages/airflow/example_dags/example_trigger_target_dag.py for tasks to queue
[2024-10-11T00:21:57.804+0900] {logging_mixin.py:190} INFO - [2024-10-11T00:21:57.804+0900] {dagbag.py:588} INFO - Filling up the DagBag from /Users/alookso/1007MLpj/myenv/lib/python3.10/site-packages/airflow/example_dags/example_trigger_target_dag.py
[2024-10-11T00:21:57.844+0900] {processor.py:925} INFO - DAG(s) 'example_trigger_target_dag' retrieved from /Users/alookso/1007MLpj/myenv/lib/python3.10/site-packages/airflow/example_dags/example_trigger_target_dag.py
[2024-10-11T00:21:57.974+0900] {logging_mixin.py:190} INFO - [2024-10-11T00:21:57.974+0900] {dag.py:3239} INFO - Sync 1 DAGs
[2024-10-11T00:21:57.988+0900] {logging_mixin.py:190} INFO - [2024-10-11T00:21:57.988+0900] {dag.py:4180} INFO - Setting next_dagrun for example_trigger_target_dag to None, run_after=None
[2024-10-11T00:21:58.009+0900] {processor.py:208} INFO - Processing /Users/alookso/1007MLpj/myenv/lib/python3.10/site-packages/airflow/example_dags/example_trigger_target_dag.py took 0.211 seconds
[2024-10-11T00:24:30.874+0900] {processor.py:186} INFO - Started process (PID=65079) to work on /Users/alookso/1007MLpj/myenv/lib/python3.10/site-packages/airflow/example_dags/example_trigger_target_dag.py
[2024-10-11T00:24:30.875+0900] {processor.py:914} INFO - Processing file /Users/alookso/1007MLpj/myenv/lib/python3.10/site-packages/airflow/example_dags/example_trigger_target_dag.py for tasks to queue
[2024-10-11T00:24:30.876+0900] {logging_mixin.py:190} INFO - [2024-10-11T00:24:30.876+0900] {dagbag.py:588} INFO - Filling up the DagBag from /Users/alookso/1007MLpj/myenv/lib/python3.10/site-packages/airflow/example_dags/example_trigger_target_dag.py
[2024-10-11T00:24:30.916+0900] {processor.py:925} INFO - DAG(s) 'example_trigger_target_dag' retrieved from /Users/alookso/1007MLpj/myenv/lib/python3.10/site-packages/airflow/example_dags/example_trigger_target_dag.py
[2024-10-11T00:24:31.042+0900] {logging_mixin.py:190} INFO - [2024-10-11T00:24:31.042+0900] {dag.py:3239} INFO - Sync 1 DAGs
[2024-10-11T00:24:31.056+0900] {logging_mixin.py:190} INFO - [2024-10-11T00:24:31.056+0900] {dag.py:4180} INFO - Setting next_dagrun for example_trigger_target_dag to None, run_after=None
[2024-10-11T00:24:31.074+0900] {processor.py:208} INFO - Processing /Users/alookso/1007MLpj/myenv/lib/python3.10/site-packages/airflow/example_dags/example_trigger_target_dag.py took 0.204 seconds
[2024-10-11T00:27:29.381+0900] {processor.py:186} INFO - Started process (PID=65215) to work on /Users/alookso/1007MLpj/myenv/lib/python3.10/site-packages/airflow/example_dags/example_trigger_target_dag.py
[2024-10-11T00:27:29.381+0900] {processor.py:914} INFO - Processing file /Users/alookso/1007MLpj/myenv/lib/python3.10/site-packages/airflow/example_dags/example_trigger_target_dag.py for tasks to queue
[2024-10-11T00:27:29.382+0900] {logging_mixin.py:190} INFO - [2024-10-11T00:27:29.382+0900] {dagbag.py:588} INFO - Filling up the DagBag from /Users/alookso/1007MLpj/myenv/lib/python3.10/site-packages/airflow/example_dags/example_trigger_target_dag.py
[2024-10-11T00:27:29.421+0900] {processor.py:925} INFO - DAG(s) 'example_trigger_target_dag' retrieved from /Users/alookso/1007MLpj/myenv/lib/python3.10/site-packages/airflow/example_dags/example_trigger_target_dag.py
[2024-10-11T00:27:29.549+0900] {logging_mixin.py:190} INFO - [2024-10-11T00:27:29.549+0900] {dag.py:3239} INFO - Sync 1 DAGs
[2024-10-11T00:27:29.563+0900] {logging_mixin.py:190} INFO - [2024-10-11T00:27:29.563+0900] {dag.py:4180} INFO - Setting next_dagrun for example_trigger_target_dag to None, run_after=None
[2024-10-11T00:27:29.582+0900] {processor.py:208} INFO - Processing /Users/alookso/1007MLpj/myenv/lib/python3.10/site-packages/airflow/example_dags/example_trigger_target_dag.py took 0.206 seconds
[2024-10-11T00:30:51.304+0900] {processor.py:186} INFO - Started process (PID=65394) to work on /Users/alookso/1007MLpj/myenv/lib/python3.10/site-packages/airflow/example_dags/example_trigger_target_dag.py
[2024-10-11T00:30:51.305+0900] {processor.py:914} INFO - Processing file /Users/alookso/1007MLpj/myenv/lib/python3.10/site-packages/airflow/example_dags/example_trigger_target_dag.py for tasks to queue
[2024-10-11T00:30:51.306+0900] {logging_mixin.py:190} INFO - [2024-10-11T00:30:51.305+0900] {dagbag.py:588} INFO - Filling up the DagBag from /Users/alookso/1007MLpj/myenv/lib/python3.10/site-packages/airflow/example_dags/example_trigger_target_dag.py
[2024-10-11T00:30:51.348+0900] {processor.py:925} INFO - DAG(s) 'example_trigger_target_dag' retrieved from /Users/alookso/1007MLpj/myenv/lib/python3.10/site-packages/airflow/example_dags/example_trigger_target_dag.py
[2024-10-11T00:30:51.480+0900] {logging_mixin.py:190} INFO - [2024-10-11T00:30:51.480+0900] {dag.py:3239} INFO - Sync 1 DAGs
[2024-10-11T00:30:51.494+0900] {logging_mixin.py:190} INFO - [2024-10-11T00:30:51.494+0900] {dag.py:4180} INFO - Setting next_dagrun for example_trigger_target_dag to None, run_after=None
[2024-10-11T00:30:51.515+0900] {processor.py:208} INFO - Processing /Users/alookso/1007MLpj/myenv/lib/python3.10/site-packages/airflow/example_dags/example_trigger_target_dag.py took 0.217 seconds
[2024-10-11T00:34:40.524+0900] {processor.py:186} INFO - Started process (PID=65562) to work on /Users/alookso/1007MLpj/myenv/lib/python3.10/site-packages/airflow/example_dags/example_trigger_target_dag.py
[2024-10-11T00:34:40.525+0900] {processor.py:914} INFO - Processing file /Users/alookso/1007MLpj/myenv/lib/python3.10/site-packages/airflow/example_dags/example_trigger_target_dag.py for tasks to queue
[2024-10-11T00:34:40.526+0900] {logging_mixin.py:190} INFO - [2024-10-11T00:34:40.526+0900] {dagbag.py:588} INFO - Filling up the DagBag from /Users/alookso/1007MLpj/myenv/lib/python3.10/site-packages/airflow/example_dags/example_trigger_target_dag.py
[2024-10-11T00:34:40.565+0900] {processor.py:925} INFO - DAG(s) 'example_trigger_target_dag' retrieved from /Users/alookso/1007MLpj/myenv/lib/python3.10/site-packages/airflow/example_dags/example_trigger_target_dag.py
[2024-10-11T00:34:40.692+0900] {logging_mixin.py:190} INFO - [2024-10-11T00:34:40.692+0900] {dag.py:3239} INFO - Sync 1 DAGs
[2024-10-11T00:34:40.705+0900] {logging_mixin.py:190} INFO - [2024-10-11T00:34:40.705+0900] {dag.py:4180} INFO - Setting next_dagrun for example_trigger_target_dag to None, run_after=None
[2024-10-11T00:34:40.725+0900] {processor.py:208} INFO - Processing /Users/alookso/1007MLpj/myenv/lib/python3.10/site-packages/airflow/example_dags/example_trigger_target_dag.py took 0.205 seconds
[2024-10-11T00:38:23.987+0900] {processor.py:186} INFO - Started process (PID=65751) to work on /Users/alookso/1007MLpj/myenv/lib/python3.10/site-packages/airflow/example_dags/example_trigger_target_dag.py
[2024-10-11T00:38:23.987+0900] {processor.py:914} INFO - Processing file /Users/alookso/1007MLpj/myenv/lib/python3.10/site-packages/airflow/example_dags/example_trigger_target_dag.py for tasks to queue
[2024-10-11T00:38:23.988+0900] {logging_mixin.py:190} INFO - [2024-10-11T00:38:23.988+0900] {dagbag.py:588} INFO - Filling up the DagBag from /Users/alookso/1007MLpj/myenv/lib/python3.10/site-packages/airflow/example_dags/example_trigger_target_dag.py
[2024-10-11T00:38:24.032+0900] {processor.py:925} INFO - DAG(s) 'example_trigger_target_dag' retrieved from /Users/alookso/1007MLpj/myenv/lib/python3.10/site-packages/airflow/example_dags/example_trigger_target_dag.py
[2024-10-11T00:38:24.174+0900] {logging_mixin.py:190} INFO - [2024-10-11T00:38:24.174+0900] {dag.py:3239} INFO - Sync 1 DAGs
[2024-10-11T00:38:24.188+0900] {logging_mixin.py:190} INFO - [2024-10-11T00:38:24.188+0900] {dag.py:4180} INFO - Setting next_dagrun for example_trigger_target_dag to None, run_after=None
[2024-10-11T00:38:24.208+0900] {processor.py:208} INFO - Processing /Users/alookso/1007MLpj/myenv/lib/python3.10/site-packages/airflow/example_dags/example_trigger_target_dag.py took 0.226 seconds
[2024-10-11T00:41:54.033+0900] {processor.py:186} INFO - Started process (PID=65924) to work on /Users/alookso/1007MLpj/myenv/lib/python3.10/site-packages/airflow/example_dags/example_trigger_target_dag.py
[2024-10-11T00:41:54.034+0900] {processor.py:914} INFO - Processing file /Users/alookso/1007MLpj/myenv/lib/python3.10/site-packages/airflow/example_dags/example_trigger_target_dag.py for tasks to queue
[2024-10-11T00:41:54.035+0900] {logging_mixin.py:190} INFO - [2024-10-11T00:41:54.035+0900] {dagbag.py:588} INFO - Filling up the DagBag from /Users/alookso/1007MLpj/myenv/lib/python3.10/site-packages/airflow/example_dags/example_trigger_target_dag.py
[2024-10-11T00:41:54.075+0900] {processor.py:925} INFO - DAG(s) 'example_trigger_target_dag' retrieved from /Users/alookso/1007MLpj/myenv/lib/python3.10/site-packages/airflow/example_dags/example_trigger_target_dag.py
[2024-10-11T00:41:54.204+0900] {logging_mixin.py:190} INFO - [2024-10-11T00:41:54.204+0900] {dag.py:3239} INFO - Sync 1 DAGs
[2024-10-11T00:41:54.218+0900] {logging_mixin.py:190} INFO - [2024-10-11T00:41:54.218+0900] {dag.py:4180} INFO - Setting next_dagrun for example_trigger_target_dag to None, run_after=None
[2024-10-11T00:41:54.238+0900] {processor.py:208} INFO - Processing /Users/alookso/1007MLpj/myenv/lib/python3.10/site-packages/airflow/example_dags/example_trigger_target_dag.py took 0.209 seconds
[2024-10-11T00:45:09.813+0900] {processor.py:186} INFO - Started process (PID=66062) to work on /Users/alookso/1007MLpj/myenv/lib/python3.10/site-packages/airflow/example_dags/example_trigger_target_dag.py
[2024-10-11T00:45:09.814+0900] {processor.py:914} INFO - Processing file /Users/alookso/1007MLpj/myenv/lib/python3.10/site-packages/airflow/example_dags/example_trigger_target_dag.py for tasks to queue
[2024-10-11T00:45:09.815+0900] {logging_mixin.py:190} INFO - [2024-10-11T00:45:09.815+0900] {dagbag.py:588} INFO - Filling up the DagBag from /Users/alookso/1007MLpj/myenv/lib/python3.10/site-packages/airflow/example_dags/example_trigger_target_dag.py
[2024-10-11T00:45:09.854+0900] {processor.py:925} INFO - DAG(s) 'example_trigger_target_dag' retrieved from /Users/alookso/1007MLpj/myenv/lib/python3.10/site-packages/airflow/example_dags/example_trigger_target_dag.py
[2024-10-11T00:45:09.983+0900] {logging_mixin.py:190} INFO - [2024-10-11T00:45:09.983+0900] {dag.py:3239} INFO - Sync 1 DAGs
[2024-10-11T00:45:09.997+0900] {logging_mixin.py:190} INFO - [2024-10-11T00:45:09.997+0900] {dag.py:4180} INFO - Setting next_dagrun for example_trigger_target_dag to None, run_after=None
[2024-10-11T00:45:10.016+0900] {processor.py:208} INFO - Processing /Users/alookso/1007MLpj/myenv/lib/python3.10/site-packages/airflow/example_dags/example_trigger_target_dag.py took 0.208 seconds
[2024-10-11T00:47:44.720+0900] {processor.py:186} INFO - Started process (PID=66150) to work on /Users/alookso/1007MLpj/myenv/lib/python3.10/site-packages/airflow/example_dags/example_trigger_target_dag.py
[2024-10-11T00:47:44.722+0900] {processor.py:914} INFO - Processing file /Users/alookso/1007MLpj/myenv/lib/python3.10/site-packages/airflow/example_dags/example_trigger_target_dag.py for tasks to queue
[2024-10-11T00:47:44.723+0900] {logging_mixin.py:190} INFO - [2024-10-11T00:47:44.722+0900] {dagbag.py:588} INFO - Filling up the DagBag from /Users/alookso/1007MLpj/myenv/lib/python3.10/site-packages/airflow/example_dags/example_trigger_target_dag.py
[2024-10-11T00:47:44.762+0900] {processor.py:925} INFO - DAG(s) 'example_trigger_target_dag' retrieved from /Users/alookso/1007MLpj/myenv/lib/python3.10/site-packages/airflow/example_dags/example_trigger_target_dag.py
[2024-10-11T00:47:44.888+0900] {logging_mixin.py:190} INFO - [2024-10-11T00:47:44.888+0900] {dag.py:3239} INFO - Sync 1 DAGs
[2024-10-11T00:47:44.902+0900] {logging_mixin.py:190} INFO - [2024-10-11T00:47:44.902+0900] {dag.py:4180} INFO - Setting next_dagrun for example_trigger_target_dag to None, run_after=None
[2024-10-11T00:47:44.921+0900] {processor.py:208} INFO - Processing /Users/alookso/1007MLpj/myenv/lib/python3.10/site-packages/airflow/example_dags/example_trigger_target_dag.py took 0.205 seconds
[2024-10-11T00:49:31.295+0900] {processor.py:186} INFO - Started process (PID=66288) to work on /Users/alookso/1007MLpj/myenv/lib/python3.10/site-packages/airflow/example_dags/example_trigger_target_dag.py
[2024-10-11T00:49:31.296+0900] {processor.py:914} INFO - Processing file /Users/alookso/1007MLpj/myenv/lib/python3.10/site-packages/airflow/example_dags/example_trigger_target_dag.py for tasks to queue
[2024-10-11T00:49:31.297+0900] {logging_mixin.py:190} INFO - [2024-10-11T00:49:31.296+0900] {dagbag.py:588} INFO - Filling up the DagBag from /Users/alookso/1007MLpj/myenv/lib/python3.10/site-packages/airflow/example_dags/example_trigger_target_dag.py
[2024-10-11T00:49:31.336+0900] {processor.py:925} INFO - DAG(s) 'example_trigger_target_dag' retrieved from /Users/alookso/1007MLpj/myenv/lib/python3.10/site-packages/airflow/example_dags/example_trigger_target_dag.py
[2024-10-11T00:49:31.467+0900] {logging_mixin.py:190} INFO - [2024-10-11T00:49:31.467+0900] {dag.py:3239} INFO - Sync 1 DAGs
[2024-10-11T00:49:31.481+0900] {logging_mixin.py:190} INFO - [2024-10-11T00:49:31.481+0900] {dag.py:4180} INFO - Setting next_dagrun for example_trigger_target_dag to None, run_after=None
[2024-10-11T00:49:31.501+0900] {processor.py:208} INFO - Processing /Users/alookso/1007MLpj/myenv/lib/python3.10/site-packages/airflow/example_dags/example_trigger_target_dag.py took 0.211 seconds
[2024-10-11T00:52:34.974+0900] {processor.py:186} INFO - Started process (PID=66455) to work on /Users/alookso/1007MLpj/myenv/lib/python3.10/site-packages/airflow/example_dags/example_trigger_target_dag.py
[2024-10-11T00:52:34.975+0900] {processor.py:914} INFO - Processing file /Users/alookso/1007MLpj/myenv/lib/python3.10/site-packages/airflow/example_dags/example_trigger_target_dag.py for tasks to queue
[2024-10-11T00:52:34.976+0900] {logging_mixin.py:190} INFO - [2024-10-11T00:52:34.976+0900] {dagbag.py:588} INFO - Filling up the DagBag from /Users/alookso/1007MLpj/myenv/lib/python3.10/site-packages/airflow/example_dags/example_trigger_target_dag.py
[2024-10-11T00:52:35.016+0900] {processor.py:925} INFO - DAG(s) 'example_trigger_target_dag' retrieved from /Users/alookso/1007MLpj/myenv/lib/python3.10/site-packages/airflow/example_dags/example_trigger_target_dag.py
[2024-10-11T00:52:35.143+0900] {logging_mixin.py:190} INFO - [2024-10-11T00:52:35.142+0900] {dag.py:3239} INFO - Sync 1 DAGs
[2024-10-11T00:52:35.157+0900] {logging_mixin.py:190} INFO - [2024-10-11T00:52:35.157+0900] {dag.py:4180} INFO - Setting next_dagrun for example_trigger_target_dag to None, run_after=None
[2024-10-11T00:52:35.177+0900] {processor.py:208} INFO - Processing /Users/alookso/1007MLpj/myenv/lib/python3.10/site-packages/airflow/example_dags/example_trigger_target_dag.py took 0.207 seconds
