[2024-10-10T15:35:23.525+0900] {processor.py:186} INFO - Started process (PID=56140) to work on /Users/alookso/1007MLpj/myenv/lib/python3.10/site-packages/airflow/example_dags/example_branch_operator.py
[2024-10-10T15:35:23.526+0900] {processor.py:914} INFO - Processing file /Users/alookso/1007MLpj/myenv/lib/python3.10/site-packages/airflow/example_dags/example_branch_operator.py for tasks to queue
[2024-10-10T15:35:23.527+0900] {logging_mixin.py:190} INFO - [2024-10-10T15:35:23.527+0900] {dagbag.py:588} INFO - Filling up the DagBag from /Users/alookso/1007MLpj/myenv/lib/python3.10/site-packages/airflow/example_dags/example_branch_operator.py
[2024-10-10T15:35:23.550+0900] {processor.py:927} WARNING - No viable dags retrieved from /Users/alookso/1007MLpj/myenv/lib/python3.10/site-packages/airflow/example_dags/example_branch_operator.py
[2024-10-10T15:35:23.667+0900] {processor.py:208} INFO - Processing /Users/alookso/1007MLpj/myenv/lib/python3.10/site-packages/airflow/example_dags/example_branch_operator.py took 0.147 seconds
[2024-10-10T15:39:52.053+0900] {processor.py:186} INFO - Started process (PID=56291) to work on /Users/alookso/1007MLpj/myenv/lib/python3.10/site-packages/airflow/example_dags/example_branch_operator.py
[2024-10-10T15:39:52.054+0900] {processor.py:914} INFO - Processing file /Users/alookso/1007MLpj/myenv/lib/python3.10/site-packages/airflow/example_dags/example_branch_operator.py for tasks to queue
[2024-10-10T15:39:52.055+0900] {logging_mixin.py:190} INFO - [2024-10-10T15:39:52.055+0900] {dagbag.py:588} INFO - Filling up the DagBag from /Users/alookso/1007MLpj/myenv/lib/python3.10/site-packages/airflow/example_dags/example_branch_operator.py
[2024-10-10T15:39:52.077+0900] {processor.py:927} WARNING - No viable dags retrieved from /Users/alookso/1007MLpj/myenv/lib/python3.10/site-packages/airflow/example_dags/example_branch_operator.py
[2024-10-10T15:39:52.191+0900] {processor.py:208} INFO - Processing /Users/alookso/1007MLpj/myenv/lib/python3.10/site-packages/airflow/example_dags/example_branch_operator.py took 0.142 seconds
[2024-10-10T15:49:45.005+0900] {processor.py:186} INFO - Started process (PID=56800) to work on /Users/alookso/1007MLpj/myenv/lib/python3.10/site-packages/airflow/example_dags/example_branch_operator.py
[2024-10-10T15:49:45.007+0900] {processor.py:914} INFO - Processing file /Users/alookso/1007MLpj/myenv/lib/python3.10/site-packages/airflow/example_dags/example_branch_operator.py for tasks to queue
[2024-10-10T15:49:45.008+0900] {logging_mixin.py:190} INFO - [2024-10-10T15:49:45.008+0900] {dagbag.py:588} INFO - Filling up the DagBag from /Users/alookso/1007MLpj/myenv/lib/python3.10/site-packages/airflow/example_dags/example_branch_operator.py
[2024-10-10T15:49:45.032+0900] {processor.py:927} WARNING - No viable dags retrieved from /Users/alookso/1007MLpj/myenv/lib/python3.10/site-packages/airflow/example_dags/example_branch_operator.py
[2024-10-10T15:49:45.152+0900] {processor.py:208} INFO - Processing /Users/alookso/1007MLpj/myenv/lib/python3.10/site-packages/airflow/example_dags/example_branch_operator.py took 0.151 seconds
[2024-10-10T16:21:04.611+0900] {processor.py:186} INFO - Started process (PID=57434) to work on /Users/alookso/1007MLpj/myenv/lib/python3.10/site-packages/airflow/example_dags/example_branch_operator.py
[2024-10-10T16:21:04.614+0900] {processor.py:914} INFO - Processing file /Users/alookso/1007MLpj/myenv/lib/python3.10/site-packages/airflow/example_dags/example_branch_operator.py for tasks to queue
[2024-10-10T16:21:04.615+0900] {logging_mixin.py:190} INFO - [2024-10-10T16:21:04.614+0900] {dagbag.py:588} INFO - Filling up the DagBag from /Users/alookso/1007MLpj/myenv/lib/python3.10/site-packages/airflow/example_dags/example_branch_operator.py
[2024-10-10T16:21:04.636+0900] {processor.py:927} WARNING - No viable dags retrieved from /Users/alookso/1007MLpj/myenv/lib/python3.10/site-packages/airflow/example_dags/example_branch_operator.py
[2024-10-10T16:21:04.754+0900] {processor.py:208} INFO - Processing /Users/alookso/1007MLpj/myenv/lib/python3.10/site-packages/airflow/example_dags/example_branch_operator.py took 0.147 seconds
[2024-10-10T16:28:48.880+0900] {processor.py:186} INFO - Started process (PID=57757) to work on /Users/alookso/1007MLpj/myenv/lib/python3.10/site-packages/airflow/example_dags/example_branch_operator.py
[2024-10-10T16:28:48.881+0900] {processor.py:914} INFO - Processing file /Users/alookso/1007MLpj/myenv/lib/python3.10/site-packages/airflow/example_dags/example_branch_operator.py for tasks to queue
[2024-10-10T16:28:48.882+0900] {logging_mixin.py:190} INFO - [2024-10-10T16:28:48.882+0900] {dagbag.py:588} INFO - Filling up the DagBag from /Users/alookso/1007MLpj/myenv/lib/python3.10/site-packages/airflow/example_dags/example_branch_operator.py
[2024-10-10T16:28:48.904+0900] {processor.py:927} WARNING - No viable dags retrieved from /Users/alookso/1007MLpj/myenv/lib/python3.10/site-packages/airflow/example_dags/example_branch_operator.py
[2024-10-10T16:28:49.022+0900] {processor.py:208} INFO - Processing /Users/alookso/1007MLpj/myenv/lib/python3.10/site-packages/airflow/example_dags/example_branch_operator.py took 0.147 seconds
[2024-10-10T16:35:10.924+0900] {processor.py:186} INFO - Started process (PID=58031) to work on /Users/alookso/1007MLpj/myenv/lib/python3.10/site-packages/airflow/example_dags/example_branch_operator.py
[2024-10-10T16:35:10.925+0900] {processor.py:914} INFO - Processing file /Users/alookso/1007MLpj/myenv/lib/python3.10/site-packages/airflow/example_dags/example_branch_operator.py for tasks to queue
[2024-10-10T16:35:10.925+0900] {logging_mixin.py:190} INFO - [2024-10-10T16:35:10.925+0900] {dagbag.py:588} INFO - Filling up the DagBag from /Users/alookso/1007MLpj/myenv/lib/python3.10/site-packages/airflow/example_dags/example_branch_operator.py
[2024-10-10T16:35:10.947+0900] {processor.py:927} WARNING - No viable dags retrieved from /Users/alookso/1007MLpj/myenv/lib/python3.10/site-packages/airflow/example_dags/example_branch_operator.py
[2024-10-10T16:35:11.066+0900] {processor.py:208} INFO - Processing /Users/alookso/1007MLpj/myenv/lib/python3.10/site-packages/airflow/example_dags/example_branch_operator.py took 0.147 seconds
[2024-10-10T16:42:22.524+0900] {processor.py:186} INFO - Started process (PID=58208) to work on /Users/alookso/1007MLpj/myenv/lib/python3.10/site-packages/airflow/example_dags/example_branch_operator.py
[2024-10-10T16:42:22.526+0900] {processor.py:914} INFO - Processing file /Users/alookso/1007MLpj/myenv/lib/python3.10/site-packages/airflow/example_dags/example_branch_operator.py for tasks to queue
[2024-10-10T16:42:22.527+0900] {logging_mixin.py:190} INFO - [2024-10-10T16:42:22.527+0900] {dagbag.py:588} INFO - Filling up the DagBag from /Users/alookso/1007MLpj/myenv/lib/python3.10/site-packages/airflow/example_dags/example_branch_operator.py
[2024-10-10T16:42:22.551+0900] {processor.py:927} WARNING - No viable dags retrieved from /Users/alookso/1007MLpj/myenv/lib/python3.10/site-packages/airflow/example_dags/example_branch_operator.py
[2024-10-10T16:42:22.692+0900] {processor.py:208} INFO - Processing /Users/alookso/1007MLpj/myenv/lib/python3.10/site-packages/airflow/example_dags/example_branch_operator.py took 0.174 seconds
[2024-10-10T16:52:13.219+0900] {processor.py:186} INFO - Started process (PID=58699) to work on /Users/alookso/1007MLpj/myenv/lib/python3.10/site-packages/airflow/example_dags/example_branch_operator.py
[2024-10-10T16:52:13.221+0900] {processor.py:914} INFO - Processing file /Users/alookso/1007MLpj/myenv/lib/python3.10/site-packages/airflow/example_dags/example_branch_operator.py for tasks to queue
[2024-10-10T16:52:13.222+0900] {logging_mixin.py:190} INFO - [2024-10-10T16:52:13.222+0900] {dagbag.py:588} INFO - Filling up the DagBag from /Users/alookso/1007MLpj/myenv/lib/python3.10/site-packages/airflow/example_dags/example_branch_operator.py
[2024-10-10T16:52:13.244+0900] {processor.py:927} WARNING - No viable dags retrieved from /Users/alookso/1007MLpj/myenv/lib/python3.10/site-packages/airflow/example_dags/example_branch_operator.py
[2024-10-10T16:52:13.365+0900] {processor.py:208} INFO - Processing /Users/alookso/1007MLpj/myenv/lib/python3.10/site-packages/airflow/example_dags/example_branch_operator.py took 0.150 seconds
[2024-10-10T23:50:15.355+0900] {processor.py:186} INFO - Started process (PID=63542) to work on /Users/alookso/1007MLpj/myenv/lib/python3.10/site-packages/airflow/example_dags/example_branch_operator.py
[2024-10-10T23:50:15.357+0900] {processor.py:914} INFO - Processing file /Users/alookso/1007MLpj/myenv/lib/python3.10/site-packages/airflow/example_dags/example_branch_operator.py for tasks to queue
[2024-10-10T23:50:15.358+0900] {logging_mixin.py:190} INFO - [2024-10-10T23:50:15.357+0900] {dagbag.py:588} INFO - Filling up the DagBag from /Users/alookso/1007MLpj/myenv/lib/python3.10/site-packages/airflow/example_dags/example_branch_operator.py
[2024-10-10T23:50:15.383+0900] {processor.py:927} WARNING - No viable dags retrieved from /Users/alookso/1007MLpj/myenv/lib/python3.10/site-packages/airflow/example_dags/example_branch_operator.py
[2024-10-10T23:50:15.518+0900] {processor.py:208} INFO - Processing /Users/alookso/1007MLpj/myenv/lib/python3.10/site-packages/airflow/example_dags/example_branch_operator.py took 0.168 seconds
[2024-10-10T23:59:20.641+0900] {processor.py:186} INFO - Started process (PID=63929) to work on /Users/alookso/1007MLpj/myenv/lib/python3.10/site-packages/airflow/example_dags/example_branch_operator.py
[2024-10-10T23:59:20.642+0900] {processor.py:914} INFO - Processing file /Users/alookso/1007MLpj/myenv/lib/python3.10/site-packages/airflow/example_dags/example_branch_operator.py for tasks to queue
[2024-10-10T23:59:20.643+0900] {logging_mixin.py:190} INFO - [2024-10-10T23:59:20.642+0900] {dagbag.py:588} INFO - Filling up the DagBag from /Users/alookso/1007MLpj/myenv/lib/python3.10/site-packages/airflow/example_dags/example_branch_operator.py
[2024-10-10T23:59:20.664+0900] {processor.py:927} WARNING - No viable dags retrieved from /Users/alookso/1007MLpj/myenv/lib/python3.10/site-packages/airflow/example_dags/example_branch_operator.py
[2024-10-10T23:59:20.782+0900] {processor.py:208} INFO - Processing /Users/alookso/1007MLpj/myenv/lib/python3.10/site-packages/airflow/example_dags/example_branch_operator.py took 0.146 seconds
[2024-10-11T00:03:30.285+0900] {processor.py:186} INFO - Started process (PID=64183) to work on /Users/alookso/1007MLpj/myenv/lib/python3.10/site-packages/airflow/example_dags/example_branch_operator.py
[2024-10-11T00:03:30.286+0900] {processor.py:914} INFO - Processing file /Users/alookso/1007MLpj/myenv/lib/python3.10/site-packages/airflow/example_dags/example_branch_operator.py for tasks to queue
[2024-10-11T00:03:30.286+0900] {logging_mixin.py:190} INFO - [2024-10-11T00:03:30.286+0900] {dagbag.py:588} INFO - Filling up the DagBag from /Users/alookso/1007MLpj/myenv/lib/python3.10/site-packages/airflow/example_dags/example_branch_operator.py
[2024-10-11T00:03:30.308+0900] {processor.py:927} WARNING - No viable dags retrieved from /Users/alookso/1007MLpj/myenv/lib/python3.10/site-packages/airflow/example_dags/example_branch_operator.py
[2024-10-11T00:03:30.425+0900] {processor.py:208} INFO - Processing /Users/alookso/1007MLpj/myenv/lib/python3.10/site-packages/airflow/example_dags/example_branch_operator.py took 0.146 seconds
[2024-10-11T00:10:31.436+0900] {processor.py:186} INFO - Started process (PID=64546) to work on /Users/alookso/1007MLpj/myenv/lib/python3.10/site-packages/airflow/example_dags/example_branch_operator.py
[2024-10-11T00:10:31.437+0900] {processor.py:914} INFO - Processing file /Users/alookso/1007MLpj/myenv/lib/python3.10/site-packages/airflow/example_dags/example_branch_operator.py for tasks to queue
[2024-10-11T00:10:31.437+0900] {logging_mixin.py:190} INFO - [2024-10-11T00:10:31.437+0900] {dagbag.py:588} INFO - Filling up the DagBag from /Users/alookso/1007MLpj/myenv/lib/python3.10/site-packages/airflow/example_dags/example_branch_operator.py
[2024-10-11T00:10:31.459+0900] {processor.py:927} WARNING - No viable dags retrieved from /Users/alookso/1007MLpj/myenv/lib/python3.10/site-packages/airflow/example_dags/example_branch_operator.py
[2024-10-11T00:10:31.574+0900] {processor.py:208} INFO - Processing /Users/alookso/1007MLpj/myenv/lib/python3.10/site-packages/airflow/example_dags/example_branch_operator.py took 0.143 seconds
[2024-10-11T00:15:42.365+0900] {processor.py:186} INFO - Started process (PID=64781) to work on /Users/alookso/1007MLpj/myenv/lib/python3.10/site-packages/airflow/example_dags/example_branch_operator.py
[2024-10-11T00:15:42.366+0900] {processor.py:914} INFO - Processing file /Users/alookso/1007MLpj/myenv/lib/python3.10/site-packages/airflow/example_dags/example_branch_operator.py for tasks to queue
[2024-10-11T00:15:42.367+0900] {logging_mixin.py:190} INFO - [2024-10-11T00:15:42.367+0900] {dagbag.py:588} INFO - Filling up the DagBag from /Users/alookso/1007MLpj/myenv/lib/python3.10/site-packages/airflow/example_dags/example_branch_operator.py
[2024-10-11T00:15:42.388+0900] {processor.py:927} WARNING - No viable dags retrieved from /Users/alookso/1007MLpj/myenv/lib/python3.10/site-packages/airflow/example_dags/example_branch_operator.py
[2024-10-11T00:15:42.504+0900] {processor.py:208} INFO - Processing /Users/alookso/1007MLpj/myenv/lib/python3.10/site-packages/airflow/example_dags/example_branch_operator.py took 0.143 seconds
[2024-10-11T00:20:49.734+0900] {processor.py:186} INFO - Started process (PID=64971) to work on /Users/alookso/1007MLpj/myenv/lib/python3.10/site-packages/airflow/example_dags/example_branch_operator.py
[2024-10-11T00:20:49.735+0900] {processor.py:914} INFO - Processing file /Users/alookso/1007MLpj/myenv/lib/python3.10/site-packages/airflow/example_dags/example_branch_operator.py for tasks to queue
[2024-10-11T00:20:49.737+0900] {logging_mixin.py:190} INFO - [2024-10-11T00:20:49.736+0900] {dagbag.py:588} INFO - Filling up the DagBag from /Users/alookso/1007MLpj/myenv/lib/python3.10/site-packages/airflow/example_dags/example_branch_operator.py
[2024-10-11T00:20:49.763+0900] {processor.py:927} WARNING - No viable dags retrieved from /Users/alookso/1007MLpj/myenv/lib/python3.10/site-packages/airflow/example_dags/example_branch_operator.py
[2024-10-11T00:20:49.898+0900] {processor.py:208} INFO - Processing /Users/alookso/1007MLpj/myenv/lib/python3.10/site-packages/airflow/example_dags/example_branch_operator.py took 0.169 seconds
[2024-10-11T00:25:57.103+0900] {processor.py:186} INFO - Started process (PID=65125) to work on /Users/alookso/1007MLpj/myenv/lib/python3.10/site-packages/airflow/example_dags/example_branch_operator.py
[2024-10-11T00:25:57.104+0900] {processor.py:914} INFO - Processing file /Users/alookso/1007MLpj/myenv/lib/python3.10/site-packages/airflow/example_dags/example_branch_operator.py for tasks to queue
[2024-10-11T00:25:57.105+0900] {logging_mixin.py:190} INFO - [2024-10-11T00:25:57.105+0900] {dagbag.py:588} INFO - Filling up the DagBag from /Users/alookso/1007MLpj/myenv/lib/python3.10/site-packages/airflow/example_dags/example_branch_operator.py
[2024-10-11T00:25:57.126+0900] {processor.py:927} WARNING - No viable dags retrieved from /Users/alookso/1007MLpj/myenv/lib/python3.10/site-packages/airflow/example_dags/example_branch_operator.py
[2024-10-11T00:25:57.245+0900] {processor.py:208} INFO - Processing /Users/alookso/1007MLpj/myenv/lib/python3.10/site-packages/airflow/example_dags/example_branch_operator.py took 0.146 seconds
[2024-10-11T00:33:00.370+0900] {processor.py:186} INFO - Started process (PID=65494) to work on /Users/alookso/1007MLpj/myenv/lib/python3.10/site-packages/airflow/example_dags/example_branch_operator.py
[2024-10-11T00:33:00.371+0900] {processor.py:914} INFO - Processing file /Users/alookso/1007MLpj/myenv/lib/python3.10/site-packages/airflow/example_dags/example_branch_operator.py for tasks to queue
[2024-10-11T00:33:00.372+0900] {logging_mixin.py:190} INFO - [2024-10-11T00:33:00.372+0900] {dagbag.py:588} INFO - Filling up the DagBag from /Users/alookso/1007MLpj/myenv/lib/python3.10/site-packages/airflow/example_dags/example_branch_operator.py
[2024-10-11T00:33:00.394+0900] {processor.py:927} WARNING - No viable dags retrieved from /Users/alookso/1007MLpj/myenv/lib/python3.10/site-packages/airflow/example_dags/example_branch_operator.py
[2024-10-11T00:33:00.513+0900] {processor.py:208} INFO - Processing /Users/alookso/1007MLpj/myenv/lib/python3.10/site-packages/airflow/example_dags/example_branch_operator.py took 0.148 seconds
[2024-10-11T00:40:26.736+0900] {processor.py:186} INFO - Started process (PID=65845) to work on /Users/alookso/1007MLpj/myenv/lib/python3.10/site-packages/airflow/example_dags/example_branch_operator.py
[2024-10-11T00:40:26.737+0900] {processor.py:914} INFO - Processing file /Users/alookso/1007MLpj/myenv/lib/python3.10/site-packages/airflow/example_dags/example_branch_operator.py for tasks to queue
[2024-10-11T00:40:26.738+0900] {logging_mixin.py:190} INFO - [2024-10-11T00:40:26.738+0900] {dagbag.py:588} INFO - Filling up the DagBag from /Users/alookso/1007MLpj/myenv/lib/python3.10/site-packages/airflow/example_dags/example_branch_operator.py
[2024-10-11T00:40:26.761+0900] {processor.py:927} WARNING - No viable dags retrieved from /Users/alookso/1007MLpj/myenv/lib/python3.10/site-packages/airflow/example_dags/example_branch_operator.py
[2024-10-11T00:40:26.884+0900] {processor.py:208} INFO - Processing /Users/alookso/1007MLpj/myenv/lib/python3.10/site-packages/airflow/example_dags/example_branch_operator.py took 0.153 seconds
[2024-10-11T00:46:37.237+0900] {processor.py:186} INFO - Started process (PID=66110) to work on /Users/alookso/1007MLpj/myenv/lib/python3.10/site-packages/airflow/example_dags/example_branch_operator.py
[2024-10-11T00:46:37.238+0900] {processor.py:914} INFO - Processing file /Users/alookso/1007MLpj/myenv/lib/python3.10/site-packages/airflow/example_dags/example_branch_operator.py for tasks to queue
[2024-10-11T00:46:37.239+0900] {logging_mixin.py:190} INFO - [2024-10-11T00:46:37.239+0900] {dagbag.py:588} INFO - Filling up the DagBag from /Users/alookso/1007MLpj/myenv/lib/python3.10/site-packages/airflow/example_dags/example_branch_operator.py
[2024-10-11T00:46:37.260+0900] {processor.py:927} WARNING - No viable dags retrieved from /Users/alookso/1007MLpj/myenv/lib/python3.10/site-packages/airflow/example_dags/example_branch_operator.py
[2024-10-11T00:46:37.374+0900] {processor.py:208} INFO - Processing /Users/alookso/1007MLpj/myenv/lib/python3.10/site-packages/airflow/example_dags/example_branch_operator.py took 0.141 seconds
[2024-10-11T00:51:29.497+0900] {processor.py:186} INFO - Started process (PID=66384) to work on /Users/alookso/1007MLpj/myenv/lib/python3.10/site-packages/airflow/example_dags/example_branch_operator.py
[2024-10-11T00:51:29.498+0900] {processor.py:914} INFO - Processing file /Users/alookso/1007MLpj/myenv/lib/python3.10/site-packages/airflow/example_dags/example_branch_operator.py for tasks to queue
[2024-10-11T00:51:29.499+0900] {logging_mixin.py:190} INFO - [2024-10-11T00:51:29.499+0900] {dagbag.py:588} INFO - Filling up the DagBag from /Users/alookso/1007MLpj/myenv/lib/python3.10/site-packages/airflow/example_dags/example_branch_operator.py
[2024-10-11T00:51:29.521+0900] {processor.py:927} WARNING - No viable dags retrieved from /Users/alookso/1007MLpj/myenv/lib/python3.10/site-packages/airflow/example_dags/example_branch_operator.py
[2024-10-11T00:51:29.637+0900] {processor.py:208} INFO - Processing /Users/alookso/1007MLpj/myenv/lib/python3.10/site-packages/airflow/example_dags/example_branch_operator.py took 0.145 seconds
