[2024-10-10T15:33:56.744+0900] {processor.py:186} INFO - Started process (PID=56086) to work on /Users/alookso/1007MLpj/myenv/lib/python3.10/site-packages/airflow/example_dags/example_params_trigger_ui.py
[2024-10-10T15:33:56.745+0900] {processor.py:914} INFO - Processing file /Users/alookso/1007MLpj/myenv/lib/python3.10/site-packages/airflow/example_dags/example_params_trigger_ui.py for tasks to queue
[2024-10-10T15:33:56.746+0900] {logging_mixin.py:190} INFO - [2024-10-10T15:33:56.746+0900] {dagbag.py:588} INFO - Filling up the DagBag from /Users/alookso/1007MLpj/myenv/lib/python3.10/site-packages/airflow/example_dags/example_params_trigger_ui.py
[2024-10-10T15:33:56.792+0900] {processor.py:925} INFO - DAG(s) 'example_params_trigger_ui' retrieved from /Users/alookso/1007MLpj/myenv/lib/python3.10/site-packages/airflow/example_dags/example_params_trigger_ui.py
[2024-10-10T15:33:57.065+0900] {logging_mixin.py:190} INFO - [2024-10-10T15:33:57.065+0900] {override.py:1901} INFO - Created Permission View: can delete on DAG:example_params_trigger_ui
[2024-10-10T15:33:57.075+0900] {logging_mixin.py:190} INFO - [2024-10-10T15:33:57.075+0900] {override.py:1901} INFO - Created Permission View: can edit on DAG:example_params_trigger_ui
[2024-10-10T15:33:57.082+0900] {logging_mixin.py:190} INFO - [2024-10-10T15:33:57.082+0900] {override.py:1901} INFO - Created Permission View: can read on DAG:example_params_trigger_ui
[2024-10-10T15:33:57.091+0900] {logging_mixin.py:190} INFO - [2024-10-10T15:33:57.090+0900] {override.py:1901} INFO - Created Permission View: can delete on DAG Run:example_params_trigger_ui
[2024-10-10T15:33:57.097+0900] {logging_mixin.py:190} INFO - [2024-10-10T15:33:57.097+0900] {override.py:1901} INFO - Created Permission View: menu access on DAG Run:example_params_trigger_ui
[2024-10-10T15:33:57.104+0900] {logging_mixin.py:190} INFO - [2024-10-10T15:33:57.104+0900] {override.py:1901} INFO - Created Permission View: can create on DAG Run:example_params_trigger_ui
[2024-10-10T15:33:57.112+0900] {logging_mixin.py:190} INFO - [2024-10-10T15:33:57.111+0900] {override.py:1901} INFO - Created Permission View: can read on DAG Run:example_params_trigger_ui
[2024-10-10T15:33:57.112+0900] {logging_mixin.py:190} INFO - [2024-10-10T15:33:57.112+0900] {dag.py:3239} INFO - Sync 1 DAGs
[2024-10-10T15:33:57.128+0900] {logging_mixin.py:190} INFO - [2024-10-10T15:33:57.128+0900] {dag.py:3262} INFO - Creating ORM DAG for example_params_trigger_ui
[2024-10-10T15:33:57.129+0900] {logging_mixin.py:190} INFO - [2024-10-10T15:33:57.129+0900] {dag.py:4180} INFO - Setting next_dagrun for example_params_trigger_ui to None, run_after=None
[2024-10-10T15:33:57.148+0900] {processor.py:208} INFO - Processing /Users/alookso/1007MLpj/myenv/lib/python3.10/site-packages/airflow/example_dags/example_params_trigger_ui.py took 0.410 seconds
[2024-10-10T15:38:27.940+0900] {processor.py:186} INFO - Started process (PID=56262) to work on /Users/alookso/1007MLpj/myenv/lib/python3.10/site-packages/airflow/example_dags/example_params_trigger_ui.py
[2024-10-10T15:38:27.942+0900] {processor.py:914} INFO - Processing file /Users/alookso/1007MLpj/myenv/lib/python3.10/site-packages/airflow/example_dags/example_params_trigger_ui.py for tasks to queue
[2024-10-10T15:38:27.943+0900] {logging_mixin.py:190} INFO - [2024-10-10T15:38:27.943+0900] {dagbag.py:588} INFO - Filling up the DagBag from /Users/alookso/1007MLpj/myenv/lib/python3.10/site-packages/airflow/example_dags/example_params_trigger_ui.py
[2024-10-10T15:38:27.991+0900] {processor.py:925} INFO - DAG(s) 'example_params_trigger_ui' retrieved from /Users/alookso/1007MLpj/myenv/lib/python3.10/site-packages/airflow/example_dags/example_params_trigger_ui.py
[2024-10-10T15:38:28.166+0900] {logging_mixin.py:190} INFO - [2024-10-10T15:38:28.166+0900] {dag.py:3239} INFO - Sync 1 DAGs
[2024-10-10T15:38:28.181+0900] {logging_mixin.py:190} INFO - [2024-10-10T15:38:28.180+0900] {dag.py:4180} INFO - Setting next_dagrun for example_params_trigger_ui to None, run_after=None
[2024-10-10T15:38:28.200+0900] {processor.py:208} INFO - Processing /Users/alookso/1007MLpj/myenv/lib/python3.10/site-packages/airflow/example_dags/example_params_trigger_ui.py took 0.265 seconds
[2024-10-10T15:48:23.926+0900] {processor.py:186} INFO - Started process (PID=56736) to work on /Users/alookso/1007MLpj/myenv/lib/python3.10/site-packages/airflow/example_dags/example_params_trigger_ui.py
[2024-10-10T15:48:23.928+0900] {processor.py:914} INFO - Processing file /Users/alookso/1007MLpj/myenv/lib/python3.10/site-packages/airflow/example_dags/example_params_trigger_ui.py for tasks to queue
[2024-10-10T15:48:23.929+0900] {logging_mixin.py:190} INFO - [2024-10-10T15:48:23.929+0900] {dagbag.py:588} INFO - Filling up the DagBag from /Users/alookso/1007MLpj/myenv/lib/python3.10/site-packages/airflow/example_dags/example_params_trigger_ui.py
[2024-10-10T15:48:23.976+0900] {processor.py:925} INFO - DAG(s) 'example_params_trigger_ui' retrieved from /Users/alookso/1007MLpj/myenv/lib/python3.10/site-packages/airflow/example_dags/example_params_trigger_ui.py
[2024-10-10T15:48:24.182+0900] {logging_mixin.py:190} INFO - [2024-10-10T15:48:24.181+0900] {dag.py:3239} INFO - Sync 1 DAGs
[2024-10-10T15:48:24.200+0900] {logging_mixin.py:190} INFO - [2024-10-10T15:48:24.200+0900] {dag.py:4180} INFO - Setting next_dagrun for example_params_trigger_ui to None, run_after=None
[2024-10-10T15:48:24.229+0900] {processor.py:208} INFO - Processing /Users/alookso/1007MLpj/myenv/lib/python3.10/site-packages/airflow/example_dags/example_params_trigger_ui.py took 0.307 seconds
[2024-10-10T15:52:36.309+0900] {processor.py:186} INFO - Started process (PID=56909) to work on /Users/alookso/1007MLpj/myenv/lib/python3.10/site-packages/airflow/example_dags/example_params_trigger_ui.py
[2024-10-10T15:52:36.311+0900] {processor.py:914} INFO - Processing file /Users/alookso/1007MLpj/myenv/lib/python3.10/site-packages/airflow/example_dags/example_params_trigger_ui.py for tasks to queue
[2024-10-10T15:52:36.312+0900] {logging_mixin.py:190} INFO - [2024-10-10T15:52:36.312+0900] {dagbag.py:588} INFO - Filling up the DagBag from /Users/alookso/1007MLpj/myenv/lib/python3.10/site-packages/airflow/example_dags/example_params_trigger_ui.py
[2024-10-10T15:52:36.360+0900] {processor.py:925} INFO - DAG(s) 'example_params_trigger_ui' retrieved from /Users/alookso/1007MLpj/myenv/lib/python3.10/site-packages/airflow/example_dags/example_params_trigger_ui.py
[2024-10-10T15:52:36.533+0900] {logging_mixin.py:190} INFO - [2024-10-10T15:52:36.532+0900] {dag.py:3239} INFO - Sync 1 DAGs
[2024-10-10T15:52:36.547+0900] {logging_mixin.py:190} INFO - [2024-10-10T15:52:36.546+0900] {dag.py:4180} INFO - Setting next_dagrun for example_params_trigger_ui to None, run_after=None
[2024-10-10T15:52:36.568+0900] {processor.py:208} INFO - Processing /Users/alookso/1007MLpj/myenv/lib/python3.10/site-packages/airflow/example_dags/example_params_trigger_ui.py took 0.266 seconds
[2024-10-10T16:19:35.883+0900] {processor.py:186} INFO - Started process (PID=57383) to work on /Users/alookso/1007MLpj/myenv/lib/python3.10/site-packages/airflow/example_dags/example_params_trigger_ui.py
[2024-10-10T16:19:35.885+0900] {processor.py:914} INFO - Processing file /Users/alookso/1007MLpj/myenv/lib/python3.10/site-packages/airflow/example_dags/example_params_trigger_ui.py for tasks to queue
[2024-10-10T16:19:35.886+0900] {logging_mixin.py:190} INFO - [2024-10-10T16:19:35.886+0900] {dagbag.py:588} INFO - Filling up the DagBag from /Users/alookso/1007MLpj/myenv/lib/python3.10/site-packages/airflow/example_dags/example_params_trigger_ui.py
[2024-10-10T16:19:35.931+0900] {processor.py:925} INFO - DAG(s) 'example_params_trigger_ui' retrieved from /Users/alookso/1007MLpj/myenv/lib/python3.10/site-packages/airflow/example_dags/example_params_trigger_ui.py
[2024-10-10T16:19:36.095+0900] {logging_mixin.py:190} INFO - [2024-10-10T16:19:36.094+0900] {dag.py:3239} INFO - Sync 1 DAGs
[2024-10-10T16:19:36.107+0900] {logging_mixin.py:190} INFO - [2024-10-10T16:19:36.107+0900] {dag.py:4180} INFO - Setting next_dagrun for example_params_trigger_ui to None, run_after=None
[2024-10-10T16:19:36.127+0900] {processor.py:208} INFO - Processing /Users/alookso/1007MLpj/myenv/lib/python3.10/site-packages/airflow/example_dags/example_params_trigger_ui.py took 0.247 seconds
[2024-10-10T16:23:47.803+0900] {processor.py:186} INFO - Started process (PID=57511) to work on /Users/alookso/1007MLpj/myenv/lib/python3.10/site-packages/airflow/example_dags/example_params_trigger_ui.py
[2024-10-10T16:23:47.803+0900] {processor.py:914} INFO - Processing file /Users/alookso/1007MLpj/myenv/lib/python3.10/site-packages/airflow/example_dags/example_params_trigger_ui.py for tasks to queue
[2024-10-10T16:23:47.805+0900] {logging_mixin.py:190} INFO - [2024-10-10T16:23:47.804+0900] {dagbag.py:588} INFO - Filling up the DagBag from /Users/alookso/1007MLpj/myenv/lib/python3.10/site-packages/airflow/example_dags/example_params_trigger_ui.py
[2024-10-10T16:23:47.854+0900] {processor.py:925} INFO - DAG(s) 'example_params_trigger_ui' retrieved from /Users/alookso/1007MLpj/myenv/lib/python3.10/site-packages/airflow/example_dags/example_params_trigger_ui.py
[2024-10-10T16:23:48.216+0900] {logging_mixin.py:190} INFO - [2024-10-10T16:23:48.216+0900] {dag.py:3239} INFO - Sync 1 DAGs
[2024-10-10T16:23:48.229+0900] {logging_mixin.py:190} INFO - [2024-10-10T16:23:48.229+0900] {dag.py:4180} INFO - Setting next_dagrun for example_params_trigger_ui to None, run_after=None
[2024-10-10T16:23:48.250+0900] {processor.py:208} INFO - Processing /Users/alookso/1007MLpj/myenv/lib/python3.10/site-packages/airflow/example_dags/example_params_trigger_ui.py took 0.453 seconds
[2024-10-10T16:27:28.503+0900] {processor.py:186} INFO - Started process (PID=57694) to work on /Users/alookso/1007MLpj/myenv/lib/python3.10/site-packages/airflow/example_dags/example_params_trigger_ui.py
[2024-10-10T16:27:28.505+0900] {processor.py:914} INFO - Processing file /Users/alookso/1007MLpj/myenv/lib/python3.10/site-packages/airflow/example_dags/example_params_trigger_ui.py for tasks to queue
[2024-10-10T16:27:28.506+0900] {logging_mixin.py:190} INFO - [2024-10-10T16:27:28.505+0900] {dagbag.py:588} INFO - Filling up the DagBag from /Users/alookso/1007MLpj/myenv/lib/python3.10/site-packages/airflow/example_dags/example_params_trigger_ui.py
[2024-10-10T16:27:28.551+0900] {processor.py:925} INFO - DAG(s) 'example_params_trigger_ui' retrieved from /Users/alookso/1007MLpj/myenv/lib/python3.10/site-packages/airflow/example_dags/example_params_trigger_ui.py
[2024-10-10T16:27:28.728+0900] {logging_mixin.py:190} INFO - [2024-10-10T16:27:28.728+0900] {dag.py:3239} INFO - Sync 1 DAGs
[2024-10-10T16:27:28.742+0900] {logging_mixin.py:190} INFO - [2024-10-10T16:27:28.741+0900] {dag.py:4180} INFO - Setting next_dagrun for example_params_trigger_ui to None, run_after=None
[2024-10-10T16:27:28.762+0900] {processor.py:208} INFO - Processing /Users/alookso/1007MLpj/myenv/lib/python3.10/site-packages/airflow/example_dags/example_params_trigger_ui.py took 0.264 seconds
[2024-10-10T16:33:53.058+0900] {processor.py:186} INFO - Started process (PID=57995) to work on /Users/alookso/1007MLpj/myenv/lib/python3.10/site-packages/airflow/example_dags/example_params_trigger_ui.py
[2024-10-10T16:33:53.059+0900] {processor.py:914} INFO - Processing file /Users/alookso/1007MLpj/myenv/lib/python3.10/site-packages/airflow/example_dags/example_params_trigger_ui.py for tasks to queue
[2024-10-10T16:33:53.060+0900] {logging_mixin.py:190} INFO - [2024-10-10T16:33:53.060+0900] {dagbag.py:588} INFO - Filling up the DagBag from /Users/alookso/1007MLpj/myenv/lib/python3.10/site-packages/airflow/example_dags/example_params_trigger_ui.py
[2024-10-10T16:33:53.106+0900] {processor.py:925} INFO - DAG(s) 'example_params_trigger_ui' retrieved from /Users/alookso/1007MLpj/myenv/lib/python3.10/site-packages/airflow/example_dags/example_params_trigger_ui.py
[2024-10-10T16:33:53.286+0900] {logging_mixin.py:190} INFO - [2024-10-10T16:33:53.286+0900] {dag.py:3239} INFO - Sync 1 DAGs
[2024-10-10T16:33:53.299+0900] {logging_mixin.py:190} INFO - [2024-10-10T16:33:53.299+0900] {dag.py:4180} INFO - Setting next_dagrun for example_params_trigger_ui to None, run_after=None
[2024-10-10T16:33:53.318+0900] {processor.py:208} INFO - Processing /Users/alookso/1007MLpj/myenv/lib/python3.10/site-packages/airflow/example_dags/example_params_trigger_ui.py took 0.265 seconds
[2024-10-10T16:37:52.868+0900] {processor.py:186} INFO - Started process (PID=58101) to work on /Users/alookso/1007MLpj/myenv/lib/python3.10/site-packages/airflow/example_dags/example_params_trigger_ui.py
[2024-10-10T16:37:52.869+0900] {processor.py:914} INFO - Processing file /Users/alookso/1007MLpj/myenv/lib/python3.10/site-packages/airflow/example_dags/example_params_trigger_ui.py for tasks to queue
[2024-10-10T16:37:52.870+0900] {logging_mixin.py:190} INFO - [2024-10-10T16:37:52.870+0900] {dagbag.py:588} INFO - Filling up the DagBag from /Users/alookso/1007MLpj/myenv/lib/python3.10/site-packages/airflow/example_dags/example_params_trigger_ui.py
[2024-10-10T16:37:52.926+0900] {processor.py:925} INFO - DAG(s) 'example_params_trigger_ui' retrieved from /Users/alookso/1007MLpj/myenv/lib/python3.10/site-packages/airflow/example_dags/example_params_trigger_ui.py
[2024-10-10T16:37:53.118+0900] {logging_mixin.py:190} INFO - [2024-10-10T16:37:53.117+0900] {dag.py:3239} INFO - Sync 1 DAGs
[2024-10-10T16:37:53.132+0900] {logging_mixin.py:190} INFO - [2024-10-10T16:37:53.132+0900] {dag.py:4180} INFO - Setting next_dagrun for example_params_trigger_ui to None, run_after=None
[2024-10-10T16:37:53.157+0900] {processor.py:208} INFO - Processing /Users/alookso/1007MLpj/myenv/lib/python3.10/site-packages/airflow/example_dags/example_params_trigger_ui.py took 0.296 seconds
[2024-10-10T16:41:32.977+0900] {processor.py:186} INFO - Started process (PID=58191) to work on /Users/alookso/1007MLpj/myenv/lib/python3.10/site-packages/airflow/example_dags/example_params_trigger_ui.py
[2024-10-10T16:41:32.979+0900] {processor.py:914} INFO - Processing file /Users/alookso/1007MLpj/myenv/lib/python3.10/site-packages/airflow/example_dags/example_params_trigger_ui.py for tasks to queue
[2024-10-10T16:41:32.980+0900] {logging_mixin.py:190} INFO - [2024-10-10T16:41:32.980+0900] {dagbag.py:588} INFO - Filling up the DagBag from /Users/alookso/1007MLpj/myenv/lib/python3.10/site-packages/airflow/example_dags/example_params_trigger_ui.py
[2024-10-10T16:41:33.029+0900] {processor.py:925} INFO - DAG(s) 'example_params_trigger_ui' retrieved from /Users/alookso/1007MLpj/myenv/lib/python3.10/site-packages/airflow/example_dags/example_params_trigger_ui.py
[2024-10-10T16:41:33.205+0900] {logging_mixin.py:190} INFO - [2024-10-10T16:41:33.204+0900] {dag.py:3239} INFO - Sync 1 DAGs
[2024-10-10T16:41:33.218+0900] {logging_mixin.py:190} INFO - [2024-10-10T16:41:33.218+0900] {dag.py:4180} INFO - Setting next_dagrun for example_params_trigger_ui to None, run_after=None
[2024-10-10T16:41:33.237+0900] {processor.py:208} INFO - Processing /Users/alookso/1007MLpj/myenv/lib/python3.10/site-packages/airflow/example_dags/example_params_trigger_ui.py took 0.266 seconds
[2024-10-10T16:45:05.864+0900] {processor.py:186} INFO - Started process (PID=58295) to work on /Users/alookso/1007MLpj/myenv/lib/python3.10/site-packages/airflow/example_dags/example_params_trigger_ui.py
[2024-10-10T16:45:05.865+0900] {processor.py:914} INFO - Processing file /Users/alookso/1007MLpj/myenv/lib/python3.10/site-packages/airflow/example_dags/example_params_trigger_ui.py for tasks to queue
[2024-10-10T16:45:05.867+0900] {logging_mixin.py:190} INFO - [2024-10-10T16:45:05.866+0900] {dagbag.py:588} INFO - Filling up the DagBag from /Users/alookso/1007MLpj/myenv/lib/python3.10/site-packages/airflow/example_dags/example_params_trigger_ui.py
[2024-10-10T16:45:05.911+0900] {processor.py:925} INFO - DAG(s) 'example_params_trigger_ui' retrieved from /Users/alookso/1007MLpj/myenv/lib/python3.10/site-packages/airflow/example_dags/example_params_trigger_ui.py
[2024-10-10T16:45:06.078+0900] {logging_mixin.py:190} INFO - [2024-10-10T16:45:06.078+0900] {dag.py:3239} INFO - Sync 1 DAGs
[2024-10-10T16:45:06.091+0900] {logging_mixin.py:190} INFO - [2024-10-10T16:45:06.091+0900] {dag.py:4180} INFO - Setting next_dagrun for example_params_trigger_ui to None, run_after=None
[2024-10-10T16:45:06.110+0900] {processor.py:208} INFO - Processing /Users/alookso/1007MLpj/myenv/lib/python3.10/site-packages/airflow/example_dags/example_params_trigger_ui.py took 0.250 seconds
[2024-10-10T16:51:12.568+0900] {processor.py:186} INFO - Started process (PID=58645) to work on /Users/alookso/1007MLpj/myenv/lib/python3.10/site-packages/airflow/example_dags/example_params_trigger_ui.py
[2024-10-10T16:51:12.569+0900] {processor.py:914} INFO - Processing file /Users/alookso/1007MLpj/myenv/lib/python3.10/site-packages/airflow/example_dags/example_params_trigger_ui.py for tasks to queue
[2024-10-10T16:51:12.570+0900] {logging_mixin.py:190} INFO - [2024-10-10T16:51:12.570+0900] {dagbag.py:588} INFO - Filling up the DagBag from /Users/alookso/1007MLpj/myenv/lib/python3.10/site-packages/airflow/example_dags/example_params_trigger_ui.py
[2024-10-10T16:51:12.616+0900] {processor.py:925} INFO - DAG(s) 'example_params_trigger_ui' retrieved from /Users/alookso/1007MLpj/myenv/lib/python3.10/site-packages/airflow/example_dags/example_params_trigger_ui.py
[2024-10-10T16:51:12.784+0900] {logging_mixin.py:190} INFO - [2024-10-10T16:51:12.783+0900] {dag.py:3239} INFO - Sync 1 DAGs
[2024-10-10T16:51:12.797+0900] {logging_mixin.py:190} INFO - [2024-10-10T16:51:12.796+0900] {dag.py:4180} INFO - Setting next_dagrun for example_params_trigger_ui to None, run_after=None
[2024-10-10T16:51:12.817+0900] {processor.py:208} INFO - Processing /Users/alookso/1007MLpj/myenv/lib/python3.10/site-packages/airflow/example_dags/example_params_trigger_ui.py took 0.254 seconds
[2024-10-10T23:49:09.619+0900] {processor.py:186} INFO - Started process (PID=63483) to work on /Users/alookso/1007MLpj/myenv/lib/python3.10/site-packages/airflow/example_dags/example_params_trigger_ui.py
[2024-10-10T23:49:09.620+0900] {processor.py:914} INFO - Processing file /Users/alookso/1007MLpj/myenv/lib/python3.10/site-packages/airflow/example_dags/example_params_trigger_ui.py for tasks to queue
[2024-10-10T23:49:09.621+0900] {logging_mixin.py:190} INFO - [2024-10-10T23:49:09.621+0900] {dagbag.py:588} INFO - Filling up the DagBag from /Users/alookso/1007MLpj/myenv/lib/python3.10/site-packages/airflow/example_dags/example_params_trigger_ui.py
[2024-10-10T23:49:09.673+0900] {processor.py:925} INFO - DAG(s) 'example_params_trigger_ui' retrieved from /Users/alookso/1007MLpj/myenv/lib/python3.10/site-packages/airflow/example_dags/example_params_trigger_ui.py
[2024-10-10T23:49:09.856+0900] {logging_mixin.py:190} INFO - [2024-10-10T23:49:09.855+0900] {dag.py:3239} INFO - Sync 1 DAGs
[2024-10-10T23:49:09.870+0900] {logging_mixin.py:190} INFO - [2024-10-10T23:49:09.870+0900] {dag.py:4180} INFO - Setting next_dagrun for example_params_trigger_ui to None, run_after=None
[2024-10-10T23:49:09.894+0900] {processor.py:208} INFO - Processing /Users/alookso/1007MLpj/myenv/lib/python3.10/site-packages/airflow/example_dags/example_params_trigger_ui.py took 0.280 seconds
[2024-10-10T23:52:23.859+0900] {processor.py:186} INFO - Started process (PID=63676) to work on /Users/alookso/1007MLpj/myenv/lib/python3.10/site-packages/airflow/example_dags/example_params_trigger_ui.py
[2024-10-10T23:52:23.860+0900] {processor.py:914} INFO - Processing file /Users/alookso/1007MLpj/myenv/lib/python3.10/site-packages/airflow/example_dags/example_params_trigger_ui.py for tasks to queue
[2024-10-10T23:52:23.861+0900] {logging_mixin.py:190} INFO - [2024-10-10T23:52:23.861+0900] {dagbag.py:588} INFO - Filling up the DagBag from /Users/alookso/1007MLpj/myenv/lib/python3.10/site-packages/airflow/example_dags/example_params_trigger_ui.py
[2024-10-10T23:52:23.907+0900] {processor.py:925} INFO - DAG(s) 'example_params_trigger_ui' retrieved from /Users/alookso/1007MLpj/myenv/lib/python3.10/site-packages/airflow/example_dags/example_params_trigger_ui.py
[2024-10-10T23:52:24.075+0900] {logging_mixin.py:190} INFO - [2024-10-10T23:52:24.075+0900] {dag.py:3239} INFO - Sync 1 DAGs
[2024-10-10T23:52:24.088+0900] {logging_mixin.py:190} INFO - [2024-10-10T23:52:24.088+0900] {dag.py:4180} INFO - Setting next_dagrun for example_params_trigger_ui to None, run_after=None
[2024-10-10T23:52:24.110+0900] {processor.py:208} INFO - Processing /Users/alookso/1007MLpj/myenv/lib/python3.10/site-packages/airflow/example_dags/example_params_trigger_ui.py took 0.255 seconds
[2024-10-10T23:58:02.684+0900] {processor.py:186} INFO - Started process (PID=63900) to work on /Users/alookso/1007MLpj/myenv/lib/python3.10/site-packages/airflow/example_dags/example_params_trigger_ui.py
[2024-10-10T23:58:02.685+0900] {processor.py:914} INFO - Processing file /Users/alookso/1007MLpj/myenv/lib/python3.10/site-packages/airflow/example_dags/example_params_trigger_ui.py for tasks to queue
[2024-10-10T23:58:02.686+0900] {logging_mixin.py:190} INFO - [2024-10-10T23:58:02.686+0900] {dagbag.py:588} INFO - Filling up the DagBag from /Users/alookso/1007MLpj/myenv/lib/python3.10/site-packages/airflow/example_dags/example_params_trigger_ui.py
[2024-10-10T23:58:02.729+0900] {processor.py:925} INFO - DAG(s) 'example_params_trigger_ui' retrieved from /Users/alookso/1007MLpj/myenv/lib/python3.10/site-packages/airflow/example_dags/example_params_trigger_ui.py
[2024-10-10T23:58:02.898+0900] {logging_mixin.py:190} INFO - [2024-10-10T23:58:02.897+0900] {dag.py:3239} INFO - Sync 1 DAGs
[2024-10-10T23:58:02.911+0900] {logging_mixin.py:190} INFO - [2024-10-10T23:58:02.911+0900] {dag.py:4180} INFO - Setting next_dagrun for example_params_trigger_ui to None, run_after=None
[2024-10-10T23:58:02.934+0900] {processor.py:208} INFO - Processing /Users/alookso/1007MLpj/myenv/lib/python3.10/site-packages/airflow/example_dags/example_params_trigger_ui.py took 0.253 seconds
[2024-10-11T00:02:28.137+0900] {processor.py:186} INFO - Started process (PID=64130) to work on /Users/alookso/1007MLpj/myenv/lib/python3.10/site-packages/airflow/example_dags/example_params_trigger_ui.py
[2024-10-11T00:02:28.138+0900] {processor.py:914} INFO - Processing file /Users/alookso/1007MLpj/myenv/lib/python3.10/site-packages/airflow/example_dags/example_params_trigger_ui.py for tasks to queue
[2024-10-11T00:02:28.139+0900] {logging_mixin.py:190} INFO - [2024-10-11T00:02:28.139+0900] {dagbag.py:588} INFO - Filling up the DagBag from /Users/alookso/1007MLpj/myenv/lib/python3.10/site-packages/airflow/example_dags/example_params_trigger_ui.py
[2024-10-11T00:02:28.183+0900] {processor.py:925} INFO - DAG(s) 'example_params_trigger_ui' retrieved from /Users/alookso/1007MLpj/myenv/lib/python3.10/site-packages/airflow/example_dags/example_params_trigger_ui.py
[2024-10-11T00:02:28.357+0900] {logging_mixin.py:190} INFO - [2024-10-11T00:02:28.356+0900] {dag.py:3239} INFO - Sync 1 DAGs
[2024-10-11T00:02:28.371+0900] {logging_mixin.py:190} INFO - [2024-10-11T00:02:28.371+0900] {dag.py:4180} INFO - Setting next_dagrun for example_params_trigger_ui to None, run_after=None
[2024-10-11T00:02:28.393+0900] {processor.py:208} INFO - Processing /Users/alookso/1007MLpj/myenv/lib/python3.10/site-packages/airflow/example_dags/example_params_trigger_ui.py took 0.260 seconds
[2024-10-11T00:05:36.475+0900] {processor.py:186} INFO - Started process (PID=64302) to work on /Users/alookso/1007MLpj/myenv/lib/python3.10/site-packages/airflow/example_dags/example_params_trigger_ui.py
[2024-10-11T00:05:36.476+0900] {processor.py:914} INFO - Processing file /Users/alookso/1007MLpj/myenv/lib/python3.10/site-packages/airflow/example_dags/example_params_trigger_ui.py for tasks to queue
[2024-10-11T00:05:36.477+0900] {logging_mixin.py:190} INFO - [2024-10-11T00:05:36.477+0900] {dagbag.py:588} INFO - Filling up the DagBag from /Users/alookso/1007MLpj/myenv/lib/python3.10/site-packages/airflow/example_dags/example_params_trigger_ui.py
[2024-10-11T00:05:36.523+0900] {processor.py:925} INFO - DAG(s) 'example_params_trigger_ui' retrieved from /Users/alookso/1007MLpj/myenv/lib/python3.10/site-packages/airflow/example_dags/example_params_trigger_ui.py
[2024-10-11T00:05:36.692+0900] {logging_mixin.py:190} INFO - [2024-10-11T00:05:36.691+0900] {dag.py:3239} INFO - Sync 1 DAGs
[2024-10-11T00:05:36.705+0900] {logging_mixin.py:190} INFO - [2024-10-11T00:05:36.704+0900] {dag.py:4180} INFO - Setting next_dagrun for example_params_trigger_ui to None, run_after=None
[2024-10-11T00:05:36.724+0900] {processor.py:208} INFO - Processing /Users/alookso/1007MLpj/myenv/lib/python3.10/site-packages/airflow/example_dags/example_params_trigger_ui.py took 0.253 seconds
[2024-10-11T00:09:34.093+0900] {processor.py:186} INFO - Started process (PID=64521) to work on /Users/alookso/1007MLpj/myenv/lib/python3.10/site-packages/airflow/example_dags/example_params_trigger_ui.py
[2024-10-11T00:09:34.094+0900] {processor.py:914} INFO - Processing file /Users/alookso/1007MLpj/myenv/lib/python3.10/site-packages/airflow/example_dags/example_params_trigger_ui.py for tasks to queue
[2024-10-11T00:09:34.095+0900] {logging_mixin.py:190} INFO - [2024-10-11T00:09:34.095+0900] {dagbag.py:588} INFO - Filling up the DagBag from /Users/alookso/1007MLpj/myenv/lib/python3.10/site-packages/airflow/example_dags/example_params_trigger_ui.py
[2024-10-11T00:09:34.138+0900] {processor.py:925} INFO - DAG(s) 'example_params_trigger_ui' retrieved from /Users/alookso/1007MLpj/myenv/lib/python3.10/site-packages/airflow/example_dags/example_params_trigger_ui.py
[2024-10-11T00:09:34.300+0900] {logging_mixin.py:190} INFO - [2024-10-11T00:09:34.300+0900] {dag.py:3239} INFO - Sync 1 DAGs
[2024-10-11T00:09:34.313+0900] {logging_mixin.py:190} INFO - [2024-10-11T00:09:34.313+0900] {dag.py:4180} INFO - Setting next_dagrun for example_params_trigger_ui to None, run_after=None
[2024-10-11T00:09:34.331+0900] {processor.py:208} INFO - Processing /Users/alookso/1007MLpj/myenv/lib/python3.10/site-packages/airflow/example_dags/example_params_trigger_ui.py took 0.242 seconds
[2024-10-11T00:12:34.726+0900] {processor.py:186} INFO - Started process (PID=64658) to work on /Users/alookso/1007MLpj/myenv/lib/python3.10/site-packages/airflow/example_dags/example_params_trigger_ui.py
[2024-10-11T00:12:34.727+0900] {processor.py:914} INFO - Processing file /Users/alookso/1007MLpj/myenv/lib/python3.10/site-packages/airflow/example_dags/example_params_trigger_ui.py for tasks to queue
[2024-10-11T00:12:34.727+0900] {logging_mixin.py:190} INFO - [2024-10-11T00:12:34.727+0900] {dagbag.py:588} INFO - Filling up the DagBag from /Users/alookso/1007MLpj/myenv/lib/python3.10/site-packages/airflow/example_dags/example_params_trigger_ui.py
[2024-10-11T00:12:34.772+0900] {processor.py:925} INFO - DAG(s) 'example_params_trigger_ui' retrieved from /Users/alookso/1007MLpj/myenv/lib/python3.10/site-packages/airflow/example_dags/example_params_trigger_ui.py
[2024-10-11T00:12:34.939+0900] {logging_mixin.py:190} INFO - [2024-10-11T00:12:34.939+0900] {dag.py:3239} INFO - Sync 1 DAGs
[2024-10-11T00:12:34.952+0900] {logging_mixin.py:190} INFO - [2024-10-11T00:12:34.952+0900] {dag.py:4180} INFO - Setting next_dagrun for example_params_trigger_ui to None, run_after=None
[2024-10-11T00:12:34.971+0900] {processor.py:208} INFO - Processing /Users/alookso/1007MLpj/myenv/lib/python3.10/site-packages/airflow/example_dags/example_params_trigger_ui.py took 0.250 seconds
[2024-10-11T00:15:04.056+0900] {processor.py:186} INFO - Started process (PID=64763) to work on /Users/alookso/1007MLpj/myenv/lib/python3.10/site-packages/airflow/example_dags/example_params_trigger_ui.py
[2024-10-11T00:15:04.056+0900] {processor.py:914} INFO - Processing file /Users/alookso/1007MLpj/myenv/lib/python3.10/site-packages/airflow/example_dags/example_params_trigger_ui.py for tasks to queue
[2024-10-11T00:15:04.057+0900] {logging_mixin.py:190} INFO - [2024-10-11T00:15:04.057+0900] {dagbag.py:588} INFO - Filling up the DagBag from /Users/alookso/1007MLpj/myenv/lib/python3.10/site-packages/airflow/example_dags/example_params_trigger_ui.py
[2024-10-11T00:15:04.100+0900] {processor.py:925} INFO - DAG(s) 'example_params_trigger_ui' retrieved from /Users/alookso/1007MLpj/myenv/lib/python3.10/site-packages/airflow/example_dags/example_params_trigger_ui.py
[2024-10-11T00:15:04.263+0900] {logging_mixin.py:190} INFO - [2024-10-11T00:15:04.262+0900] {dag.py:3239} INFO - Sync 1 DAGs
[2024-10-11T00:15:04.275+0900] {logging_mixin.py:190} INFO - [2024-10-11T00:15:04.275+0900] {dag.py:4180} INFO - Setting next_dagrun for example_params_trigger_ui to None, run_after=None
[2024-10-11T00:15:04.293+0900] {processor.py:208} INFO - Processing /Users/alookso/1007MLpj/myenv/lib/python3.10/site-packages/airflow/example_dags/example_params_trigger_ui.py took 0.242 seconds
[2024-10-11T00:17:44.995+0900] {processor.py:186} INFO - Started process (PID=64846) to work on /Users/alookso/1007MLpj/myenv/lib/python3.10/site-packages/airflow/example_dags/example_params_trigger_ui.py
[2024-10-11T00:17:44.996+0900] {processor.py:914} INFO - Processing file /Users/alookso/1007MLpj/myenv/lib/python3.10/site-packages/airflow/example_dags/example_params_trigger_ui.py for tasks to queue
[2024-10-11T00:17:44.996+0900] {logging_mixin.py:190} INFO - [2024-10-11T00:17:44.996+0900] {dagbag.py:588} INFO - Filling up the DagBag from /Users/alookso/1007MLpj/myenv/lib/python3.10/site-packages/airflow/example_dags/example_params_trigger_ui.py
[2024-10-11T00:17:45.041+0900] {processor.py:925} INFO - DAG(s) 'example_params_trigger_ui' retrieved from /Users/alookso/1007MLpj/myenv/lib/python3.10/site-packages/airflow/example_dags/example_params_trigger_ui.py
[2024-10-11T00:17:45.210+0900] {logging_mixin.py:190} INFO - [2024-10-11T00:17:45.210+0900] {dag.py:3239} INFO - Sync 1 DAGs
[2024-10-11T00:17:45.224+0900] {logging_mixin.py:190} INFO - [2024-10-11T00:17:45.224+0900] {dag.py:4180} INFO - Setting next_dagrun for example_params_trigger_ui to None, run_after=None
[2024-10-11T00:17:45.248+0900] {processor.py:208} INFO - Processing /Users/alookso/1007MLpj/myenv/lib/python3.10/site-packages/airflow/example_dags/example_params_trigger_ui.py took 0.257 seconds
[2024-10-11T00:20:17.564+0900] {processor.py:186} INFO - Started process (PID=64938) to work on /Users/alookso/1007MLpj/myenv/lib/python3.10/site-packages/airflow/example_dags/example_params_trigger_ui.py
[2024-10-11T00:20:17.565+0900] {processor.py:914} INFO - Processing file /Users/alookso/1007MLpj/myenv/lib/python3.10/site-packages/airflow/example_dags/example_params_trigger_ui.py for tasks to queue
[2024-10-11T00:20:17.566+0900] {logging_mixin.py:190} INFO - [2024-10-11T00:20:17.566+0900] {dagbag.py:588} INFO - Filling up the DagBag from /Users/alookso/1007MLpj/myenv/lib/python3.10/site-packages/airflow/example_dags/example_params_trigger_ui.py
[2024-10-11T00:20:17.610+0900] {processor.py:925} INFO - DAG(s) 'example_params_trigger_ui' retrieved from /Users/alookso/1007MLpj/myenv/lib/python3.10/site-packages/airflow/example_dags/example_params_trigger_ui.py
[2024-10-11T00:20:17.775+0900] {logging_mixin.py:190} INFO - [2024-10-11T00:20:17.774+0900] {dag.py:3239} INFO - Sync 1 DAGs
[2024-10-11T00:20:17.787+0900] {logging_mixin.py:190} INFO - [2024-10-11T00:20:17.787+0900] {dag.py:4180} INFO - Setting next_dagrun for example_params_trigger_ui to None, run_after=None
[2024-10-11T00:20:17.807+0900] {processor.py:208} INFO - Processing /Users/alookso/1007MLpj/myenv/lib/python3.10/site-packages/airflow/example_dags/example_params_trigger_ui.py took 0.247 seconds
[2024-10-11T00:22:55.598+0900] {processor.py:186} INFO - Started process (PID=65029) to work on /Users/alookso/1007MLpj/myenv/lib/python3.10/site-packages/airflow/example_dags/example_params_trigger_ui.py
[2024-10-11T00:22:55.599+0900] {processor.py:914} INFO - Processing file /Users/alookso/1007MLpj/myenv/lib/python3.10/site-packages/airflow/example_dags/example_params_trigger_ui.py for tasks to queue
[2024-10-11T00:22:55.600+0900] {logging_mixin.py:190} INFO - [2024-10-11T00:22:55.600+0900] {dagbag.py:588} INFO - Filling up the DagBag from /Users/alookso/1007MLpj/myenv/lib/python3.10/site-packages/airflow/example_dags/example_params_trigger_ui.py
[2024-10-11T00:22:55.643+0900] {processor.py:925} INFO - DAG(s) 'example_params_trigger_ui' retrieved from /Users/alookso/1007MLpj/myenv/lib/python3.10/site-packages/airflow/example_dags/example_params_trigger_ui.py
[2024-10-11T00:22:55.816+0900] {logging_mixin.py:190} INFO - [2024-10-11T00:22:55.816+0900] {dag.py:3239} INFO - Sync 1 DAGs
[2024-10-11T00:22:55.830+0900] {logging_mixin.py:190} INFO - [2024-10-11T00:22:55.829+0900] {dag.py:4180} INFO - Setting next_dagrun for example_params_trigger_ui to None, run_after=None
[2024-10-11T00:22:55.850+0900] {processor.py:208} INFO - Processing /Users/alookso/1007MLpj/myenv/lib/python3.10/site-packages/airflow/example_dags/example_params_trigger_ui.py took 0.256 seconds
[2024-10-11T00:25:29.307+0900] {processor.py:186} INFO - Started process (PID=65106) to work on /Users/alookso/1007MLpj/myenv/lib/python3.10/site-packages/airflow/example_dags/example_params_trigger_ui.py
[2024-10-11T00:25:29.307+0900] {processor.py:914} INFO - Processing file /Users/alookso/1007MLpj/myenv/lib/python3.10/site-packages/airflow/example_dags/example_params_trigger_ui.py for tasks to queue
[2024-10-11T00:25:29.308+0900] {logging_mixin.py:190} INFO - [2024-10-11T00:25:29.308+0900] {dagbag.py:588} INFO - Filling up the DagBag from /Users/alookso/1007MLpj/myenv/lib/python3.10/site-packages/airflow/example_dags/example_params_trigger_ui.py
[2024-10-11T00:25:29.353+0900] {processor.py:925} INFO - DAG(s) 'example_params_trigger_ui' retrieved from /Users/alookso/1007MLpj/myenv/lib/python3.10/site-packages/airflow/example_dags/example_params_trigger_ui.py
[2024-10-11T00:25:29.517+0900] {logging_mixin.py:190} INFO - [2024-10-11T00:25:29.517+0900] {dag.py:3239} INFO - Sync 1 DAGs
[2024-10-11T00:25:29.530+0900] {logging_mixin.py:190} INFO - [2024-10-11T00:25:29.530+0900] {dag.py:4180} INFO - Setting next_dagrun for example_params_trigger_ui to None, run_after=None
[2024-10-11T00:25:29.549+0900] {processor.py:208} INFO - Processing /Users/alookso/1007MLpj/myenv/lib/python3.10/site-packages/airflow/example_dags/example_params_trigger_ui.py took 0.247 seconds
[2024-10-11T00:28:47.975+0900] {processor.py:186} INFO - Started process (PID=65294) to work on /Users/alookso/1007MLpj/myenv/lib/python3.10/site-packages/airflow/example_dags/example_params_trigger_ui.py
[2024-10-11T00:28:47.977+0900] {processor.py:914} INFO - Processing file /Users/alookso/1007MLpj/myenv/lib/python3.10/site-packages/airflow/example_dags/example_params_trigger_ui.py for tasks to queue
[2024-10-11T00:28:47.978+0900] {logging_mixin.py:190} INFO - [2024-10-11T00:28:47.978+0900] {dagbag.py:588} INFO - Filling up the DagBag from /Users/alookso/1007MLpj/myenv/lib/python3.10/site-packages/airflow/example_dags/example_params_trigger_ui.py
[2024-10-11T00:28:48.033+0900] {processor.py:925} INFO - DAG(s) 'example_params_trigger_ui' retrieved from /Users/alookso/1007MLpj/myenv/lib/python3.10/site-packages/airflow/example_dags/example_params_trigger_ui.py
[2024-10-11T00:28:48.208+0900] {logging_mixin.py:190} INFO - [2024-10-11T00:28:48.208+0900] {dag.py:3239} INFO - Sync 1 DAGs
[2024-10-11T00:28:48.221+0900] {logging_mixin.py:190} INFO - [2024-10-11T00:28:48.221+0900] {dag.py:4180} INFO - Setting next_dagrun for example_params_trigger_ui to None, run_after=None
[2024-10-11T00:28:48.240+0900] {processor.py:208} INFO - Processing /Users/alookso/1007MLpj/myenv/lib/python3.10/site-packages/airflow/example_dags/example_params_trigger_ui.py took 0.271 seconds
[2024-10-11T00:32:07.099+0900] {processor.py:186} INFO - Started process (PID=65455) to work on /Users/alookso/1007MLpj/myenv/lib/python3.10/site-packages/airflow/example_dags/example_params_trigger_ui.py
[2024-10-11T00:32:07.100+0900] {processor.py:914} INFO - Processing file /Users/alookso/1007MLpj/myenv/lib/python3.10/site-packages/airflow/example_dags/example_params_trigger_ui.py for tasks to queue
[2024-10-11T00:32:07.101+0900] {logging_mixin.py:190} INFO - [2024-10-11T00:32:07.101+0900] {dagbag.py:588} INFO - Filling up the DagBag from /Users/alookso/1007MLpj/myenv/lib/python3.10/site-packages/airflow/example_dags/example_params_trigger_ui.py
[2024-10-11T00:32:07.146+0900] {processor.py:925} INFO - DAG(s) 'example_params_trigger_ui' retrieved from /Users/alookso/1007MLpj/myenv/lib/python3.10/site-packages/airflow/example_dags/example_params_trigger_ui.py
[2024-10-11T00:32:07.316+0900] {logging_mixin.py:190} INFO - [2024-10-11T00:32:07.315+0900] {dag.py:3239} INFO - Sync 1 DAGs
[2024-10-11T00:32:07.329+0900] {logging_mixin.py:190} INFO - [2024-10-11T00:32:07.329+0900] {dag.py:4180} INFO - Setting next_dagrun for example_params_trigger_ui to None, run_after=None
[2024-10-11T00:32:07.350+0900] {processor.py:208} INFO - Processing /Users/alookso/1007MLpj/myenv/lib/python3.10/site-packages/airflow/example_dags/example_params_trigger_ui.py took 0.256 seconds
[2024-10-11T00:35:55.788+0900] {processor.py:186} INFO - Started process (PID=65623) to work on /Users/alookso/1007MLpj/myenv/lib/python3.10/site-packages/airflow/example_dags/example_params_trigger_ui.py
[2024-10-11T00:35:55.789+0900] {processor.py:914} INFO - Processing file /Users/alookso/1007MLpj/myenv/lib/python3.10/site-packages/airflow/example_dags/example_params_trigger_ui.py for tasks to queue
[2024-10-11T00:35:55.789+0900] {logging_mixin.py:190} INFO - [2024-10-11T00:35:55.789+0900] {dagbag.py:588} INFO - Filling up the DagBag from /Users/alookso/1007MLpj/myenv/lib/python3.10/site-packages/airflow/example_dags/example_params_trigger_ui.py
[2024-10-11T00:35:55.835+0900] {processor.py:925} INFO - DAG(s) 'example_params_trigger_ui' retrieved from /Users/alookso/1007MLpj/myenv/lib/python3.10/site-packages/airflow/example_dags/example_params_trigger_ui.py
[2024-10-11T00:35:56.004+0900] {logging_mixin.py:190} INFO - [2024-10-11T00:35:56.004+0900] {dag.py:3239} INFO - Sync 1 DAGs
[2024-10-11T00:35:56.017+0900] {logging_mixin.py:190} INFO - [2024-10-11T00:35:56.017+0900] {dag.py:4180} INFO - Setting next_dagrun for example_params_trigger_ui to None, run_after=None
[2024-10-11T00:35:56.037+0900] {processor.py:208} INFO - Processing /Users/alookso/1007MLpj/myenv/lib/python3.10/site-packages/airflow/example_dags/example_params_trigger_ui.py took 0.254 seconds
[2024-10-11T00:39:38.146+0900] {processor.py:186} INFO - Started process (PID=65808) to work on /Users/alookso/1007MLpj/myenv/lib/python3.10/site-packages/airflow/example_dags/example_params_trigger_ui.py
[2024-10-11T00:39:38.147+0900] {processor.py:914} INFO - Processing file /Users/alookso/1007MLpj/myenv/lib/python3.10/site-packages/airflow/example_dags/example_params_trigger_ui.py for tasks to queue
[2024-10-11T00:39:38.147+0900] {logging_mixin.py:190} INFO - [2024-10-11T00:39:38.147+0900] {dagbag.py:588} INFO - Filling up the DagBag from /Users/alookso/1007MLpj/myenv/lib/python3.10/site-packages/airflow/example_dags/example_params_trigger_ui.py
[2024-10-11T00:39:38.191+0900] {processor.py:925} INFO - DAG(s) 'example_params_trigger_ui' retrieved from /Users/alookso/1007MLpj/myenv/lib/python3.10/site-packages/airflow/example_dags/example_params_trigger_ui.py
[2024-10-11T00:39:38.355+0900] {logging_mixin.py:190} INFO - [2024-10-11T00:39:38.355+0900] {dag.py:3239} INFO - Sync 1 DAGs
[2024-10-11T00:39:38.368+0900] {logging_mixin.py:190} INFO - [2024-10-11T00:39:38.367+0900] {dag.py:4180} INFO - Setting next_dagrun for example_params_trigger_ui to None, run_after=None
[2024-10-11T00:39:38.387+0900] {processor.py:208} INFO - Processing /Users/alookso/1007MLpj/myenv/lib/python3.10/site-packages/airflow/example_dags/example_params_trigger_ui.py took 0.246 seconds
[2024-10-11T00:43:27.082+0900] {processor.py:186} INFO - Started process (PID=66016) to work on /Users/alookso/1007MLpj/myenv/lib/python3.10/site-packages/airflow/example_dags/example_params_trigger_ui.py
[2024-10-11T00:43:27.083+0900] {processor.py:914} INFO - Processing file /Users/alookso/1007MLpj/myenv/lib/python3.10/site-packages/airflow/example_dags/example_params_trigger_ui.py for tasks to queue
[2024-10-11T00:43:27.084+0900] {logging_mixin.py:190} INFO - [2024-10-11T00:43:27.083+0900] {dagbag.py:588} INFO - Filling up the DagBag from /Users/alookso/1007MLpj/myenv/lib/python3.10/site-packages/airflow/example_dags/example_params_trigger_ui.py
[2024-10-11T00:43:27.128+0900] {processor.py:925} INFO - DAG(s) 'example_params_trigger_ui' retrieved from /Users/alookso/1007MLpj/myenv/lib/python3.10/site-packages/airflow/example_dags/example_params_trigger_ui.py
[2024-10-11T00:43:27.290+0900] {logging_mixin.py:190} INFO - [2024-10-11T00:43:27.290+0900] {dag.py:3239} INFO - Sync 1 DAGs
[2024-10-11T00:43:27.303+0900] {logging_mixin.py:190} INFO - [2024-10-11T00:43:27.303+0900] {dag.py:4180} INFO - Setting next_dagrun for example_params_trigger_ui to None, run_after=None
[2024-10-11T00:43:27.322+0900] {processor.py:208} INFO - Processing /Users/alookso/1007MLpj/myenv/lib/python3.10/site-packages/airflow/example_dags/example_params_trigger_ui.py took 0.245 seconds
[2024-10-11T00:46:09.502+0900] {processor.py:186} INFO - Started process (PID=66098) to work on /Users/alookso/1007MLpj/myenv/lib/python3.10/site-packages/airflow/example_dags/example_params_trigger_ui.py
[2024-10-11T00:46:09.503+0900] {processor.py:914} INFO - Processing file /Users/alookso/1007MLpj/myenv/lib/python3.10/site-packages/airflow/example_dags/example_params_trigger_ui.py for tasks to queue
[2024-10-11T00:46:09.504+0900] {logging_mixin.py:190} INFO - [2024-10-11T00:46:09.504+0900] {dagbag.py:588} INFO - Filling up the DagBag from /Users/alookso/1007MLpj/myenv/lib/python3.10/site-packages/airflow/example_dags/example_params_trigger_ui.py
[2024-10-11T00:46:09.548+0900] {processor.py:925} INFO - DAG(s) 'example_params_trigger_ui' retrieved from /Users/alookso/1007MLpj/myenv/lib/python3.10/site-packages/airflow/example_dags/example_params_trigger_ui.py
[2024-10-11T00:46:09.718+0900] {logging_mixin.py:190} INFO - [2024-10-11T00:46:09.718+0900] {dag.py:3239} INFO - Sync 1 DAGs
[2024-10-11T00:46:09.732+0900] {logging_mixin.py:190} INFO - [2024-10-11T00:46:09.731+0900] {dag.py:4180} INFO - Setting next_dagrun for example_params_trigger_ui to None, run_after=None
[2024-10-11T00:46:09.751+0900] {processor.py:208} INFO - Processing /Users/alookso/1007MLpj/myenv/lib/python3.10/site-packages/airflow/example_dags/example_params_trigger_ui.py took 0.253 seconds
[2024-10-11T00:50:29.498+0900] {processor.py:186} INFO - Started process (PID=66335) to work on /Users/alookso/1007MLpj/myenv/lib/python3.10/site-packages/airflow/example_dags/example_params_trigger_ui.py
[2024-10-11T00:50:29.499+0900] {processor.py:914} INFO - Processing file /Users/alookso/1007MLpj/myenv/lib/python3.10/site-packages/airflow/example_dags/example_params_trigger_ui.py for tasks to queue
[2024-10-11T00:50:29.500+0900] {logging_mixin.py:190} INFO - [2024-10-11T00:50:29.500+0900] {dagbag.py:588} INFO - Filling up the DagBag from /Users/alookso/1007MLpj/myenv/lib/python3.10/site-packages/airflow/example_dags/example_params_trigger_ui.py
[2024-10-11T00:50:29.546+0900] {processor.py:925} INFO - DAG(s) 'example_params_trigger_ui' retrieved from /Users/alookso/1007MLpj/myenv/lib/python3.10/site-packages/airflow/example_dags/example_params_trigger_ui.py
[2024-10-11T00:50:29.713+0900] {logging_mixin.py:190} INFO - [2024-10-11T00:50:29.713+0900] {dag.py:3239} INFO - Sync 1 DAGs
[2024-10-11T00:50:29.726+0900] {logging_mixin.py:190} INFO - [2024-10-11T00:50:29.726+0900] {dag.py:4180} INFO - Setting next_dagrun for example_params_trigger_ui to None, run_after=None
[2024-10-11T00:50:29.746+0900] {processor.py:208} INFO - Processing /Users/alookso/1007MLpj/myenv/lib/python3.10/site-packages/airflow/example_dags/example_params_trigger_ui.py took 0.253 seconds
[2024-10-11T00:53:34.027+0900] {processor.py:186} INFO - Started process (PID=66512) to work on /Users/alookso/1007MLpj/myenv/lib/python3.10/site-packages/airflow/example_dags/example_params_trigger_ui.py
[2024-10-11T00:53:34.028+0900] {processor.py:914} INFO - Processing file /Users/alookso/1007MLpj/myenv/lib/python3.10/site-packages/airflow/example_dags/example_params_trigger_ui.py for tasks to queue
[2024-10-11T00:53:34.029+0900] {logging_mixin.py:190} INFO - [2024-10-11T00:53:34.029+0900] {dagbag.py:588} INFO - Filling up the DagBag from /Users/alookso/1007MLpj/myenv/lib/python3.10/site-packages/airflow/example_dags/example_params_trigger_ui.py
[2024-10-11T00:53:34.074+0900] {processor.py:925} INFO - DAG(s) 'example_params_trigger_ui' retrieved from /Users/alookso/1007MLpj/myenv/lib/python3.10/site-packages/airflow/example_dags/example_params_trigger_ui.py
[2024-10-11T00:53:34.242+0900] {logging_mixin.py:190} INFO - [2024-10-11T00:53:34.242+0900] {dag.py:3239} INFO - Sync 1 DAGs
[2024-10-11T00:53:34.255+0900] {logging_mixin.py:190} INFO - [2024-10-11T00:53:34.255+0900] {dag.py:4180} INFO - Setting next_dagrun for example_params_trigger_ui to None, run_after=None
[2024-10-11T00:53:34.275+0900] {processor.py:208} INFO - Processing /Users/alookso/1007MLpj/myenv/lib/python3.10/site-packages/airflow/example_dags/example_params_trigger_ui.py took 0.252 seconds
