[2024-10-10T15:32:40.307+0900] {processor.py:186} INFO - Started process (PID=56047) to work on /Users/alookso/1007MLpj/myenv/lib/python3.10/site-packages/airflow/example_dags/example_trigger_controller_dag.py
[2024-10-10T15:32:40.309+0900] {processor.py:914} INFO - Processing file /Users/alookso/1007MLpj/myenv/lib/python3.10/site-packages/airflow/example_dags/example_trigger_controller_dag.py for tasks to queue
[2024-10-10T15:32:40.310+0900] {logging_mixin.py:190} INFO - [2024-10-10T15:32:40.310+0900] {dagbag.py:588} INFO - Filling up the DagBag from /Users/alookso/1007MLpj/myenv/lib/python3.10/site-packages/airflow/example_dags/example_trigger_controller_dag.py
[2024-10-10T15:32:40.332+0900] {processor.py:925} INFO - DAG(s) 'example_trigger_controller_dag' retrieved from /Users/alookso/1007MLpj/myenv/lib/python3.10/site-packages/airflow/example_dags/example_trigger_controller_dag.py
[2024-10-10T15:32:40.596+0900] {logging_mixin.py:190} INFO - [2024-10-10T15:32:40.595+0900] {override.py:1901} INFO - Created Permission View: can edit on DAG:example_trigger_controller_dag
[2024-10-10T15:32:40.607+0900] {logging_mixin.py:190} INFO - [2024-10-10T15:32:40.607+0900] {override.py:1901} INFO - Created Permission View: can delete on DAG:example_trigger_controller_dag
[2024-10-10T15:32:40.614+0900] {logging_mixin.py:190} INFO - [2024-10-10T15:32:40.614+0900] {override.py:1901} INFO - Created Permission View: can read on DAG:example_trigger_controller_dag
[2024-10-10T15:32:40.623+0900] {logging_mixin.py:190} INFO - [2024-10-10T15:32:40.623+0900] {override.py:1901} INFO - Created Permission View: can create on DAG Run:example_trigger_controller_dag
[2024-10-10T15:32:40.630+0900] {logging_mixin.py:190} INFO - [2024-10-10T15:32:40.629+0900] {override.py:1901} INFO - Created Permission View: can delete on DAG Run:example_trigger_controller_dag
[2024-10-10T15:32:40.636+0900] {logging_mixin.py:190} INFO - [2024-10-10T15:32:40.636+0900] {override.py:1901} INFO - Created Permission View: menu access on DAG Run:example_trigger_controller_dag
[2024-10-10T15:32:40.643+0900] {logging_mixin.py:190} INFO - [2024-10-10T15:32:40.643+0900] {override.py:1901} INFO - Created Permission View: can read on DAG Run:example_trigger_controller_dag
[2024-10-10T15:32:40.644+0900] {logging_mixin.py:190} INFO - [2024-10-10T15:32:40.643+0900] {dag.py:3239} INFO - Sync 1 DAGs
[2024-10-10T15:32:40.657+0900] {logging_mixin.py:190} INFO - [2024-10-10T15:32:40.657+0900] {dag.py:3262} INFO - Creating ORM DAG for example_trigger_controller_dag
[2024-10-10T15:32:40.666+0900] {logging_mixin.py:190} INFO - [2024-10-10T15:32:40.665+0900] {dag.py:4180} INFO - Setting next_dagrun for example_trigger_controller_dag to 2021-01-01T00:00:00+00:00, run_after=2021-01-01T00:00:00+00:00
[2024-10-10T15:32:40.684+0900] {processor.py:208} INFO - Processing /Users/alookso/1007MLpj/myenv/lib/python3.10/site-packages/airflow/example_dags/example_trigger_controller_dag.py took 0.384 seconds
[2024-10-10T15:37:14.191+0900] {processor.py:186} INFO - Started process (PID=56222) to work on /Users/alookso/1007MLpj/myenv/lib/python3.10/site-packages/airflow/example_dags/example_trigger_controller_dag.py
[2024-10-10T15:37:14.194+0900] {processor.py:914} INFO - Processing file /Users/alookso/1007MLpj/myenv/lib/python3.10/site-packages/airflow/example_dags/example_trigger_controller_dag.py for tasks to queue
[2024-10-10T15:37:14.195+0900] {logging_mixin.py:190} INFO - [2024-10-10T15:37:14.195+0900] {dagbag.py:588} INFO - Filling up the DagBag from /Users/alookso/1007MLpj/myenv/lib/python3.10/site-packages/airflow/example_dags/example_trigger_controller_dag.py
[2024-10-10T15:37:14.208+0900] {processor.py:925} INFO - DAG(s) 'example_trigger_controller_dag' retrieved from /Users/alookso/1007MLpj/myenv/lib/python3.10/site-packages/airflow/example_dags/example_trigger_controller_dag.py
[2024-10-10T15:37:14.365+0900] {logging_mixin.py:190} INFO - [2024-10-10T15:37:14.365+0900] {dag.py:3239} INFO - Sync 1 DAGs
[2024-10-10T15:37:14.386+0900] {logging_mixin.py:190} INFO - [2024-10-10T15:37:14.385+0900] {dag.py:4180} INFO - Setting next_dagrun for example_trigger_controller_dag to 2021-01-01T00:00:00+00:00, run_after=2021-01-01T00:00:00+00:00
[2024-10-10T15:37:14.407+0900] {processor.py:208} INFO - Processing /Users/alookso/1007MLpj/myenv/lib/python3.10/site-packages/airflow/example_dags/example_trigger_controller_dag.py took 0.222 seconds
[2024-10-10T15:41:51.599+0900] {processor.py:186} INFO - Started process (PID=56426) to work on /Users/alookso/1007MLpj/myenv/lib/python3.10/site-packages/airflow/example_dags/example_trigger_controller_dag.py
[2024-10-10T15:41:51.600+0900] {processor.py:914} INFO - Processing file /Users/alookso/1007MLpj/myenv/lib/python3.10/site-packages/airflow/example_dags/example_trigger_controller_dag.py for tasks to queue
[2024-10-10T15:41:51.601+0900] {logging_mixin.py:190} INFO - [2024-10-10T15:41:51.601+0900] {dagbag.py:588} INFO - Filling up the DagBag from /Users/alookso/1007MLpj/myenv/lib/python3.10/site-packages/airflow/example_dags/example_trigger_controller_dag.py
[2024-10-10T15:41:51.614+0900] {processor.py:925} INFO - DAG(s) 'example_trigger_controller_dag' retrieved from /Users/alookso/1007MLpj/myenv/lib/python3.10/site-packages/airflow/example_dags/example_trigger_controller_dag.py
[2024-10-10T15:41:51.740+0900] {logging_mixin.py:190} INFO - [2024-10-10T15:41:51.740+0900] {dag.py:3239} INFO - Sync 1 DAGs
[2024-10-10T15:41:51.760+0900] {logging_mixin.py:190} INFO - [2024-10-10T15:41:51.760+0900] {dag.py:4180} INFO - Setting next_dagrun for example_trigger_controller_dag to 2021-01-01T00:00:00+00:00, run_after=2021-01-01T00:00:00+00:00
[2024-10-10T15:41:51.781+0900] {processor.py:208} INFO - Processing /Users/alookso/1007MLpj/myenv/lib/python3.10/site-packages/airflow/example_dags/example_trigger_controller_dag.py took 0.187 seconds
[2024-10-10T15:43:57.888+0900] {processor.py:186} INFO - Started process (PID=56521) to work on /Users/alookso/1007MLpj/myenv/lib/python3.10/site-packages/airflow/example_dags/example_trigger_controller_dag.py
[2024-10-10T15:43:57.890+0900] {processor.py:914} INFO - Processing file /Users/alookso/1007MLpj/myenv/lib/python3.10/site-packages/airflow/example_dags/example_trigger_controller_dag.py for tasks to queue
[2024-10-10T15:43:57.891+0900] {logging_mixin.py:190} INFO - [2024-10-10T15:43:57.891+0900] {dagbag.py:588} INFO - Filling up the DagBag from /Users/alookso/1007MLpj/myenv/lib/python3.10/site-packages/airflow/example_dags/example_trigger_controller_dag.py
[2024-10-10T15:43:57.908+0900] {processor.py:925} INFO - DAG(s) 'example_trigger_controller_dag' retrieved from /Users/alookso/1007MLpj/myenv/lib/python3.10/site-packages/airflow/example_dags/example_trigger_controller_dag.py
[2024-10-10T15:43:58.045+0900] {logging_mixin.py:190} INFO - [2024-10-10T15:43:58.044+0900] {dag.py:3239} INFO - Sync 1 DAGs
[2024-10-10T15:43:58.068+0900] {logging_mixin.py:190} INFO - [2024-10-10T15:43:58.068+0900] {dag.py:4180} INFO - Setting next_dagrun for example_trigger_controller_dag to 2021-01-01T00:00:00+00:00, run_after=2021-01-01T00:00:00+00:00
[2024-10-10T15:43:58.092+0900] {processor.py:208} INFO - Processing /Users/alookso/1007MLpj/myenv/lib/python3.10/site-packages/airflow/example_dags/example_trigger_controller_dag.py took 0.209 seconds
[2024-10-10T15:47:06.716+0900] {processor.py:186} INFO - Started process (PID=56670) to work on /Users/alookso/1007MLpj/myenv/lib/python3.10/site-packages/airflow/example_dags/example_trigger_controller_dag.py
[2024-10-10T15:47:06.718+0900] {processor.py:914} INFO - Processing file /Users/alookso/1007MLpj/myenv/lib/python3.10/site-packages/airflow/example_dags/example_trigger_controller_dag.py for tasks to queue
[2024-10-10T15:47:06.718+0900] {logging_mixin.py:190} INFO - [2024-10-10T15:47:06.718+0900] {dagbag.py:588} INFO - Filling up the DagBag from /Users/alookso/1007MLpj/myenv/lib/python3.10/site-packages/airflow/example_dags/example_trigger_controller_dag.py
[2024-10-10T15:47:06.731+0900] {processor.py:925} INFO - DAG(s) 'example_trigger_controller_dag' retrieved from /Users/alookso/1007MLpj/myenv/lib/python3.10/site-packages/airflow/example_dags/example_trigger_controller_dag.py
[2024-10-10T15:47:06.861+0900] {logging_mixin.py:190} INFO - [2024-10-10T15:47:06.861+0900] {dag.py:3239} INFO - Sync 1 DAGs
[2024-10-10T15:47:06.881+0900] {logging_mixin.py:190} INFO - [2024-10-10T15:47:06.881+0900] {dag.py:4180} INFO - Setting next_dagrun for example_trigger_controller_dag to 2021-01-01T00:00:00+00:00, run_after=2021-01-01T00:00:00+00:00
[2024-10-10T15:47:06.901+0900] {processor.py:208} INFO - Processing /Users/alookso/1007MLpj/myenv/lib/python3.10/site-packages/airflow/example_dags/example_trigger_controller_dag.py took 0.189 seconds
[2024-10-10T15:51:25.632+0900] {processor.py:186} INFO - Started process (PID=56881) to work on /Users/alookso/1007MLpj/myenv/lib/python3.10/site-packages/airflow/example_dags/example_trigger_controller_dag.py
[2024-10-10T15:51:25.633+0900] {processor.py:914} INFO - Processing file /Users/alookso/1007MLpj/myenv/lib/python3.10/site-packages/airflow/example_dags/example_trigger_controller_dag.py for tasks to queue
[2024-10-10T15:51:25.634+0900] {logging_mixin.py:190} INFO - [2024-10-10T15:51:25.634+0900] {dagbag.py:588} INFO - Filling up the DagBag from /Users/alookso/1007MLpj/myenv/lib/python3.10/site-packages/airflow/example_dags/example_trigger_controller_dag.py
[2024-10-10T15:51:25.648+0900] {processor.py:925} INFO - DAG(s) 'example_trigger_controller_dag' retrieved from /Users/alookso/1007MLpj/myenv/lib/python3.10/site-packages/airflow/example_dags/example_trigger_controller_dag.py
[2024-10-10T15:51:25.780+0900] {logging_mixin.py:190} INFO - [2024-10-10T15:51:25.780+0900] {dag.py:3239} INFO - Sync 1 DAGs
[2024-10-10T15:51:25.803+0900] {logging_mixin.py:190} INFO - [2024-10-10T15:51:25.802+0900] {dag.py:4180} INFO - Setting next_dagrun for example_trigger_controller_dag to 2021-01-01T00:00:00+00:00, run_after=2021-01-01T00:00:00+00:00
[2024-10-10T15:51:25.826+0900] {processor.py:208} INFO - Processing /Users/alookso/1007MLpj/myenv/lib/python3.10/site-packages/airflow/example_dags/example_trigger_controller_dag.py took 0.199 seconds
[2024-10-10T16:18:16.130+0900] {processor.py:186} INFO - Started process (PID=57325) to work on /Users/alookso/1007MLpj/myenv/lib/python3.10/site-packages/airflow/example_dags/example_trigger_controller_dag.py
[2024-10-10T16:18:16.132+0900] {processor.py:914} INFO - Processing file /Users/alookso/1007MLpj/myenv/lib/python3.10/site-packages/airflow/example_dags/example_trigger_controller_dag.py for tasks to queue
[2024-10-10T16:18:16.133+0900] {logging_mixin.py:190} INFO - [2024-10-10T16:18:16.133+0900] {dagbag.py:588} INFO - Filling up the DagBag from /Users/alookso/1007MLpj/myenv/lib/python3.10/site-packages/airflow/example_dags/example_trigger_controller_dag.py
[2024-10-10T16:18:16.146+0900] {processor.py:925} INFO - DAG(s) 'example_trigger_controller_dag' retrieved from /Users/alookso/1007MLpj/myenv/lib/python3.10/site-packages/airflow/example_dags/example_trigger_controller_dag.py
[2024-10-10T16:18:16.276+0900] {logging_mixin.py:190} INFO - [2024-10-10T16:18:16.276+0900] {dag.py:3239} INFO - Sync 1 DAGs
[2024-10-10T16:18:16.296+0900] {logging_mixin.py:190} INFO - [2024-10-10T16:18:16.296+0900] {dag.py:4180} INFO - Setting next_dagrun for example_trigger_controller_dag to 2021-01-01T00:00:00+00:00, run_after=2021-01-01T00:00:00+00:00
[2024-10-10T16:18:16.318+0900] {processor.py:208} INFO - Processing /Users/alookso/1007MLpj/myenv/lib/python3.10/site-packages/airflow/example_dags/example_trigger_controller_dag.py took 0.193 seconds
[2024-10-10T16:22:36.663+0900] {processor.py:186} INFO - Started process (PID=57483) to work on /Users/alookso/1007MLpj/myenv/lib/python3.10/site-packages/airflow/example_dags/example_trigger_controller_dag.py
[2024-10-10T16:22:36.665+0900] {processor.py:914} INFO - Processing file /Users/alookso/1007MLpj/myenv/lib/python3.10/site-packages/airflow/example_dags/example_trigger_controller_dag.py for tasks to queue
[2024-10-10T16:22:36.666+0900] {logging_mixin.py:190} INFO - [2024-10-10T16:22:36.665+0900] {dagbag.py:588} INFO - Filling up the DagBag from /Users/alookso/1007MLpj/myenv/lib/python3.10/site-packages/airflow/example_dags/example_trigger_controller_dag.py
[2024-10-10T16:22:36.678+0900] {processor.py:925} INFO - DAG(s) 'example_trigger_controller_dag' retrieved from /Users/alookso/1007MLpj/myenv/lib/python3.10/site-packages/airflow/example_dags/example_trigger_controller_dag.py
[2024-10-10T16:22:36.809+0900] {logging_mixin.py:190} INFO - [2024-10-10T16:22:36.809+0900] {dag.py:3239} INFO - Sync 1 DAGs
[2024-10-10T16:22:36.828+0900] {logging_mixin.py:190} INFO - [2024-10-10T16:22:36.828+0900] {dag.py:4180} INFO - Setting next_dagrun for example_trigger_controller_dag to 2021-01-01T00:00:00+00:00, run_after=2021-01-01T00:00:00+00:00
[2024-10-10T16:22:36.848+0900] {processor.py:208} INFO - Processing /Users/alookso/1007MLpj/myenv/lib/python3.10/site-packages/airflow/example_dags/example_trigger_controller_dag.py took 0.191 seconds
[2024-10-10T16:26:13.624+0900] {processor.py:186} INFO - Started process (PID=57635) to work on /Users/alookso/1007MLpj/myenv/lib/python3.10/site-packages/airflow/example_dags/example_trigger_controller_dag.py
[2024-10-10T16:26:13.626+0900] {processor.py:914} INFO - Processing file /Users/alookso/1007MLpj/myenv/lib/python3.10/site-packages/airflow/example_dags/example_trigger_controller_dag.py for tasks to queue
[2024-10-10T16:26:13.627+0900] {logging_mixin.py:190} INFO - [2024-10-10T16:26:13.627+0900] {dagbag.py:588} INFO - Filling up the DagBag from /Users/alookso/1007MLpj/myenv/lib/python3.10/site-packages/airflow/example_dags/example_trigger_controller_dag.py
[2024-10-10T16:26:13.642+0900] {processor.py:925} INFO - DAG(s) 'example_trigger_controller_dag' retrieved from /Users/alookso/1007MLpj/myenv/lib/python3.10/site-packages/airflow/example_dags/example_trigger_controller_dag.py
[2024-10-10T16:26:13.804+0900] {logging_mixin.py:190} INFO - [2024-10-10T16:26:13.803+0900] {dag.py:3239} INFO - Sync 1 DAGs
[2024-10-10T16:26:13.826+0900] {logging_mixin.py:190} INFO - [2024-10-10T16:26:13.826+0900] {dag.py:4180} INFO - Setting next_dagrun for example_trigger_controller_dag to 2021-01-01T00:00:00+00:00, run_after=2021-01-01T00:00:00+00:00
[2024-10-10T16:26:13.852+0900] {processor.py:208} INFO - Processing /Users/alookso/1007MLpj/myenv/lib/python3.10/site-packages/airflow/example_dags/example_trigger_controller_dag.py took 0.236 seconds
[2024-10-10T16:30:29.000+0900] {processor.py:186} INFO - Started process (PID=57840) to work on /Users/alookso/1007MLpj/myenv/lib/python3.10/site-packages/airflow/example_dags/example_trigger_controller_dag.py
[2024-10-10T16:30:29.001+0900] {processor.py:914} INFO - Processing file /Users/alookso/1007MLpj/myenv/lib/python3.10/site-packages/airflow/example_dags/example_trigger_controller_dag.py for tasks to queue
[2024-10-10T16:30:29.002+0900] {logging_mixin.py:190} INFO - [2024-10-10T16:30:29.002+0900] {dagbag.py:588} INFO - Filling up the DagBag from /Users/alookso/1007MLpj/myenv/lib/python3.10/site-packages/airflow/example_dags/example_trigger_controller_dag.py
[2024-10-10T16:30:29.015+0900] {processor.py:925} INFO - DAG(s) 'example_trigger_controller_dag' retrieved from /Users/alookso/1007MLpj/myenv/lib/python3.10/site-packages/airflow/example_dags/example_trigger_controller_dag.py
[2024-10-10T16:30:29.158+0900] {logging_mixin.py:190} INFO - [2024-10-10T16:30:29.157+0900] {dag.py:3239} INFO - Sync 1 DAGs
[2024-10-10T16:30:29.180+0900] {logging_mixin.py:190} INFO - [2024-10-10T16:30:29.180+0900] {dag.py:4180} INFO - Setting next_dagrun for example_trigger_controller_dag to 2021-01-01T00:00:00+00:00, run_after=2021-01-01T00:00:00+00:00
[2024-10-10T16:30:29.201+0900] {processor.py:208} INFO - Processing /Users/alookso/1007MLpj/myenv/lib/python3.10/site-packages/airflow/example_dags/example_trigger_controller_dag.py took 0.207 seconds
[2024-10-10T16:32:42.433+0900] {processor.py:186} INFO - Started process (PID=57966) to work on /Users/alookso/1007MLpj/myenv/lib/python3.10/site-packages/airflow/example_dags/example_trigger_controller_dag.py
[2024-10-10T16:32:42.434+0900] {processor.py:914} INFO - Processing file /Users/alookso/1007MLpj/myenv/lib/python3.10/site-packages/airflow/example_dags/example_trigger_controller_dag.py for tasks to queue
[2024-10-10T16:32:42.435+0900] {logging_mixin.py:190} INFO - [2024-10-10T16:32:42.434+0900] {dagbag.py:588} INFO - Filling up the DagBag from /Users/alookso/1007MLpj/myenv/lib/python3.10/site-packages/airflow/example_dags/example_trigger_controller_dag.py
[2024-10-10T16:32:42.447+0900] {processor.py:925} INFO - DAG(s) 'example_trigger_controller_dag' retrieved from /Users/alookso/1007MLpj/myenv/lib/python3.10/site-packages/airflow/example_dags/example_trigger_controller_dag.py
[2024-10-10T16:32:42.572+0900] {logging_mixin.py:190} INFO - [2024-10-10T16:32:42.572+0900] {dag.py:3239} INFO - Sync 1 DAGs
[2024-10-10T16:32:42.592+0900] {logging_mixin.py:190} INFO - [2024-10-10T16:32:42.592+0900] {dag.py:4180} INFO - Setting next_dagrun for example_trigger_controller_dag to 2021-01-01T00:00:00+00:00, run_after=2021-01-01T00:00:00+00:00
[2024-10-10T16:32:42.612+0900] {processor.py:208} INFO - Processing /Users/alookso/1007MLpj/myenv/lib/python3.10/site-packages/airflow/example_dags/example_trigger_controller_dag.py took 0.184 seconds
[2024-10-10T16:36:40.807+0900] {processor.py:186} INFO - Started process (PID=58069) to work on /Users/alookso/1007MLpj/myenv/lib/python3.10/site-packages/airflow/example_dags/example_trigger_controller_dag.py
[2024-10-10T16:36:40.808+0900] {processor.py:914} INFO - Processing file /Users/alookso/1007MLpj/myenv/lib/python3.10/site-packages/airflow/example_dags/example_trigger_controller_dag.py for tasks to queue
[2024-10-10T16:36:40.809+0900] {logging_mixin.py:190} INFO - [2024-10-10T16:36:40.808+0900] {dagbag.py:588} INFO - Filling up the DagBag from /Users/alookso/1007MLpj/myenv/lib/python3.10/site-packages/airflow/example_dags/example_trigger_controller_dag.py
[2024-10-10T16:36:40.821+0900] {processor.py:925} INFO - DAG(s) 'example_trigger_controller_dag' retrieved from /Users/alookso/1007MLpj/myenv/lib/python3.10/site-packages/airflow/example_dags/example_trigger_controller_dag.py
[2024-10-10T16:36:40.945+0900] {logging_mixin.py:190} INFO - [2024-10-10T16:36:40.944+0900] {dag.py:3239} INFO - Sync 1 DAGs
[2024-10-10T16:36:40.964+0900] {logging_mixin.py:190} INFO - [2024-10-10T16:36:40.964+0900] {dag.py:4180} INFO - Setting next_dagrun for example_trigger_controller_dag to 2021-01-01T00:00:00+00:00, run_after=2021-01-01T00:00:00+00:00
[2024-10-10T16:36:40.985+0900] {processor.py:208} INFO - Processing /Users/alookso/1007MLpj/myenv/lib/python3.10/site-packages/airflow/example_dags/example_trigger_controller_dag.py took 0.183 seconds
[2024-10-10T16:40:13.474+0900] {processor.py:186} INFO - Started process (PID=58155) to work on /Users/alookso/1007MLpj/myenv/lib/python3.10/site-packages/airflow/example_dags/example_trigger_controller_dag.py
[2024-10-10T16:40:13.476+0900] {processor.py:914} INFO - Processing file /Users/alookso/1007MLpj/myenv/lib/python3.10/site-packages/airflow/example_dags/example_trigger_controller_dag.py for tasks to queue
[2024-10-10T16:40:13.477+0900] {logging_mixin.py:190} INFO - [2024-10-10T16:40:13.477+0900] {dagbag.py:588} INFO - Filling up the DagBag from /Users/alookso/1007MLpj/myenv/lib/python3.10/site-packages/airflow/example_dags/example_trigger_controller_dag.py
[2024-10-10T16:40:13.491+0900] {processor.py:925} INFO - DAG(s) 'example_trigger_controller_dag' retrieved from /Users/alookso/1007MLpj/myenv/lib/python3.10/site-packages/airflow/example_dags/example_trigger_controller_dag.py
[2024-10-10T16:40:13.622+0900] {logging_mixin.py:190} INFO - [2024-10-10T16:40:13.621+0900] {dag.py:3239} INFO - Sync 1 DAGs
[2024-10-10T16:40:13.641+0900] {logging_mixin.py:190} INFO - [2024-10-10T16:40:13.641+0900] {dag.py:4180} INFO - Setting next_dagrun for example_trigger_controller_dag to 2021-01-01T00:00:00+00:00, run_after=2021-01-01T00:00:00+00:00
[2024-10-10T16:40:13.661+0900] {processor.py:208} INFO - Processing /Users/alookso/1007MLpj/myenv/lib/python3.10/site-packages/airflow/example_dags/example_trigger_controller_dag.py took 0.194 seconds
[2024-10-10T16:43:53.820+0900] {processor.py:186} INFO - Started process (PID=58246) to work on /Users/alookso/1007MLpj/myenv/lib/python3.10/site-packages/airflow/example_dags/example_trigger_controller_dag.py
[2024-10-10T16:43:53.821+0900] {processor.py:914} INFO - Processing file /Users/alookso/1007MLpj/myenv/lib/python3.10/site-packages/airflow/example_dags/example_trigger_controller_dag.py for tasks to queue
[2024-10-10T16:43:53.822+0900] {logging_mixin.py:190} INFO - [2024-10-10T16:43:53.822+0900] {dagbag.py:588} INFO - Filling up the DagBag from /Users/alookso/1007MLpj/myenv/lib/python3.10/site-packages/airflow/example_dags/example_trigger_controller_dag.py
[2024-10-10T16:43:53.836+0900] {processor.py:925} INFO - DAG(s) 'example_trigger_controller_dag' retrieved from /Users/alookso/1007MLpj/myenv/lib/python3.10/site-packages/airflow/example_dags/example_trigger_controller_dag.py
[2024-10-10T16:43:53.964+0900] {logging_mixin.py:190} INFO - [2024-10-10T16:43:53.964+0900] {dag.py:3239} INFO - Sync 1 DAGs
[2024-10-10T16:43:53.985+0900] {logging_mixin.py:190} INFO - [2024-10-10T16:43:53.985+0900] {dag.py:4180} INFO - Setting next_dagrun for example_trigger_controller_dag to 2021-01-01T00:00:00+00:00, run_after=2021-01-01T00:00:00+00:00
[2024-10-10T16:43:54.007+0900] {processor.py:208} INFO - Processing /Users/alookso/1007MLpj/myenv/lib/python3.10/site-packages/airflow/example_dags/example_trigger_controller_dag.py took 0.193 seconds
[2024-10-10T16:47:48.134+0900] {processor.py:186} INFO - Started process (PID=58443) to work on /Users/alookso/1007MLpj/myenv/lib/python3.10/site-packages/airflow/example_dags/example_trigger_controller_dag.py
[2024-10-10T16:47:48.136+0900] {processor.py:914} INFO - Processing file /Users/alookso/1007MLpj/myenv/lib/python3.10/site-packages/airflow/example_dags/example_trigger_controller_dag.py for tasks to queue
[2024-10-10T16:47:48.137+0900] {logging_mixin.py:190} INFO - [2024-10-10T16:47:48.136+0900] {dagbag.py:588} INFO - Filling up the DagBag from /Users/alookso/1007MLpj/myenv/lib/python3.10/site-packages/airflow/example_dags/example_trigger_controller_dag.py
[2024-10-10T16:47:48.149+0900] {processor.py:925} INFO - DAG(s) 'example_trigger_controller_dag' retrieved from /Users/alookso/1007MLpj/myenv/lib/python3.10/site-packages/airflow/example_dags/example_trigger_controller_dag.py
[2024-10-10T16:47:48.279+0900] {logging_mixin.py:190} INFO - [2024-10-10T16:47:48.278+0900] {dag.py:3239} INFO - Sync 1 DAGs
[2024-10-10T16:47:48.301+0900] {logging_mixin.py:190} INFO - [2024-10-10T16:47:48.301+0900] {dag.py:4180} INFO - Setting next_dagrun for example_trigger_controller_dag to 2021-01-01T00:00:00+00:00, run_after=2021-01-01T00:00:00+00:00
[2024-10-10T16:47:48.327+0900] {processor.py:208} INFO - Processing /Users/alookso/1007MLpj/myenv/lib/python3.10/site-packages/airflow/example_dags/example_trigger_controller_dag.py took 0.199 seconds
[2024-10-10T16:50:15.558+0900] {processor.py:186} INFO - Started process (PID=58599) to work on /Users/alookso/1007MLpj/myenv/lib/python3.10/site-packages/airflow/example_dags/example_trigger_controller_dag.py
[2024-10-10T16:50:15.559+0900] {processor.py:914} INFO - Processing file /Users/alookso/1007MLpj/myenv/lib/python3.10/site-packages/airflow/example_dags/example_trigger_controller_dag.py for tasks to queue
[2024-10-10T16:50:15.560+0900] {logging_mixin.py:190} INFO - [2024-10-10T16:50:15.560+0900] {dagbag.py:588} INFO - Filling up the DagBag from /Users/alookso/1007MLpj/myenv/lib/python3.10/site-packages/airflow/example_dags/example_trigger_controller_dag.py
[2024-10-10T16:50:15.574+0900] {processor.py:925} INFO - DAG(s) 'example_trigger_controller_dag' retrieved from /Users/alookso/1007MLpj/myenv/lib/python3.10/site-packages/airflow/example_dags/example_trigger_controller_dag.py
[2024-10-10T16:50:15.704+0900] {logging_mixin.py:190} INFO - [2024-10-10T16:50:15.704+0900] {dag.py:3239} INFO - Sync 1 DAGs
[2024-10-10T16:50:15.725+0900] {logging_mixin.py:190} INFO - [2024-10-10T16:50:15.725+0900] {dag.py:4180} INFO - Setting next_dagrun for example_trigger_controller_dag to 2021-01-01T00:00:00+00:00, run_after=2021-01-01T00:00:00+00:00
[2024-10-10T16:50:15.749+0900] {processor.py:208} INFO - Processing /Users/alookso/1007MLpj/myenv/lib/python3.10/site-packages/airflow/example_dags/example_trigger_controller_dag.py took 0.196 seconds
[2024-10-10T23:48:09.466+0900] {processor.py:186} INFO - Started process (PID=63432) to work on /Users/alookso/1007MLpj/myenv/lib/python3.10/site-packages/airflow/example_dags/example_trigger_controller_dag.py
[2024-10-10T23:48:09.468+0900] {processor.py:914} INFO - Processing file /Users/alookso/1007MLpj/myenv/lib/python3.10/site-packages/airflow/example_dags/example_trigger_controller_dag.py for tasks to queue
[2024-10-10T23:48:09.469+0900] {logging_mixin.py:190} INFO - [2024-10-10T23:48:09.468+0900] {dagbag.py:588} INFO - Filling up the DagBag from /Users/alookso/1007MLpj/myenv/lib/python3.10/site-packages/airflow/example_dags/example_trigger_controller_dag.py
[2024-10-10T23:48:09.482+0900] {processor.py:925} INFO - DAG(s) 'example_trigger_controller_dag' retrieved from /Users/alookso/1007MLpj/myenv/lib/python3.10/site-packages/airflow/example_dags/example_trigger_controller_dag.py
[2024-10-10T23:48:09.607+0900] {logging_mixin.py:190} INFO - [2024-10-10T23:48:09.606+0900] {dag.py:3239} INFO - Sync 1 DAGs
[2024-10-10T23:48:09.627+0900] {logging_mixin.py:190} INFO - [2024-10-10T23:48:09.626+0900] {dag.py:4180} INFO - Setting next_dagrun for example_trigger_controller_dag to 2021-01-01T00:00:00+00:00, run_after=2021-01-01T00:00:00+00:00
[2024-10-10T23:48:09.648+0900] {processor.py:208} INFO - Processing /Users/alookso/1007MLpj/myenv/lib/python3.10/site-packages/airflow/example_dags/example_trigger_controller_dag.py took 0.186 seconds
[2024-10-10T23:51:27.786+0900] {processor.py:186} INFO - Started process (PID=63614) to work on /Users/alookso/1007MLpj/myenv/lib/python3.10/site-packages/airflow/example_dags/example_trigger_controller_dag.py
[2024-10-10T23:51:27.787+0900] {processor.py:914} INFO - Processing file /Users/alookso/1007MLpj/myenv/lib/python3.10/site-packages/airflow/example_dags/example_trigger_controller_dag.py for tasks to queue
[2024-10-10T23:51:27.788+0900] {logging_mixin.py:190} INFO - [2024-10-10T23:51:27.787+0900] {dagbag.py:588} INFO - Filling up the DagBag from /Users/alookso/1007MLpj/myenv/lib/python3.10/site-packages/airflow/example_dags/example_trigger_controller_dag.py
[2024-10-10T23:51:27.801+0900] {processor.py:925} INFO - DAG(s) 'example_trigger_controller_dag' retrieved from /Users/alookso/1007MLpj/myenv/lib/python3.10/site-packages/airflow/example_dags/example_trigger_controller_dag.py
[2024-10-10T23:51:27.926+0900] {logging_mixin.py:190} INFO - [2024-10-10T23:51:27.926+0900] {dag.py:3239} INFO - Sync 1 DAGs
[2024-10-10T23:51:27.945+0900] {logging_mixin.py:190} INFO - [2024-10-10T23:51:27.945+0900] {dag.py:4180} INFO - Setting next_dagrun for example_trigger_controller_dag to 2021-01-01T00:00:00+00:00, run_after=2021-01-01T00:00:00+00:00
[2024-10-10T23:51:27.966+0900] {processor.py:208} INFO - Processing /Users/alookso/1007MLpj/myenv/lib/python3.10/site-packages/airflow/example_dags/example_trigger_controller_dag.py took 0.186 seconds
[2024-10-10T23:54:25.779+0900] {processor.py:186} INFO - Started process (PID=63768) to work on /Users/alookso/1007MLpj/myenv/lib/python3.10/site-packages/airflow/example_dags/example_trigger_controller_dag.py
[2024-10-10T23:54:25.780+0900] {processor.py:914} INFO - Processing file /Users/alookso/1007MLpj/myenv/lib/python3.10/site-packages/airflow/example_dags/example_trigger_controller_dag.py for tasks to queue
[2024-10-10T23:54:25.781+0900] {logging_mixin.py:190} INFO - [2024-10-10T23:54:25.781+0900] {dagbag.py:588} INFO - Filling up the DagBag from /Users/alookso/1007MLpj/myenv/lib/python3.10/site-packages/airflow/example_dags/example_trigger_controller_dag.py
[2024-10-10T23:54:25.793+0900] {processor.py:925} INFO - DAG(s) 'example_trigger_controller_dag' retrieved from /Users/alookso/1007MLpj/myenv/lib/python3.10/site-packages/airflow/example_dags/example_trigger_controller_dag.py
[2024-10-10T23:54:25.917+0900] {logging_mixin.py:190} INFO - [2024-10-10T23:54:25.916+0900] {dag.py:3239} INFO - Sync 1 DAGs
[2024-10-10T23:54:25.936+0900] {logging_mixin.py:190} INFO - [2024-10-10T23:54:25.936+0900] {dag.py:4180} INFO - Setting next_dagrun for example_trigger_controller_dag to 2021-01-01T00:00:00+00:00, run_after=2021-01-01T00:00:00+00:00
[2024-10-10T23:54:25.956+0900] {processor.py:208} INFO - Processing /Users/alookso/1007MLpj/myenv/lib/python3.10/site-packages/airflow/example_dags/example_trigger_controller_dag.py took 0.181 seconds
[2024-10-10T23:56:47.510+0900] {processor.py:186} INFO - Started process (PID=63862) to work on /Users/alookso/1007MLpj/myenv/lib/python3.10/site-packages/airflow/example_dags/example_trigger_controller_dag.py
[2024-10-10T23:56:47.511+0900] {processor.py:914} INFO - Processing file /Users/alookso/1007MLpj/myenv/lib/python3.10/site-packages/airflow/example_dags/example_trigger_controller_dag.py for tasks to queue
[2024-10-10T23:56:47.512+0900] {logging_mixin.py:190} INFO - [2024-10-10T23:56:47.511+0900] {dagbag.py:588} INFO - Filling up the DagBag from /Users/alookso/1007MLpj/myenv/lib/python3.10/site-packages/airflow/example_dags/example_trigger_controller_dag.py
[2024-10-10T23:56:47.526+0900] {processor.py:925} INFO - DAG(s) 'example_trigger_controller_dag' retrieved from /Users/alookso/1007MLpj/myenv/lib/python3.10/site-packages/airflow/example_dags/example_trigger_controller_dag.py
[2024-10-10T23:56:47.670+0900] {logging_mixin.py:190} INFO - [2024-10-10T23:56:47.669+0900] {dag.py:3239} INFO - Sync 1 DAGs
[2024-10-10T23:56:47.692+0900] {logging_mixin.py:190} INFO - [2024-10-10T23:56:47.692+0900] {dag.py:4180} INFO - Setting next_dagrun for example_trigger_controller_dag to 2021-01-01T00:00:00+00:00, run_after=2021-01-01T00:00:00+00:00
[2024-10-10T23:56:47.718+0900] {processor.py:208} INFO - Processing /Users/alookso/1007MLpj/myenv/lib/python3.10/site-packages/airflow/example_dags/example_trigger_controller_dag.py took 0.215 seconds
[2024-10-11T00:01:27.256+0900] {processor.py:186} INFO - Started process (PID=64074) to work on /Users/alookso/1007MLpj/myenv/lib/python3.10/site-packages/airflow/example_dags/example_trigger_controller_dag.py
[2024-10-11T00:01:27.257+0900] {processor.py:914} INFO - Processing file /Users/alookso/1007MLpj/myenv/lib/python3.10/site-packages/airflow/example_dags/example_trigger_controller_dag.py for tasks to queue
[2024-10-11T00:01:27.258+0900] {logging_mixin.py:190} INFO - [2024-10-11T00:01:27.257+0900] {dagbag.py:588} INFO - Filling up the DagBag from /Users/alookso/1007MLpj/myenv/lib/python3.10/site-packages/airflow/example_dags/example_trigger_controller_dag.py
[2024-10-11T00:01:27.270+0900] {processor.py:925} INFO - DAG(s) 'example_trigger_controller_dag' retrieved from /Users/alookso/1007MLpj/myenv/lib/python3.10/site-packages/airflow/example_dags/example_trigger_controller_dag.py
[2024-10-11T00:01:27.397+0900] {logging_mixin.py:190} INFO - [2024-10-11T00:01:27.396+0900] {dag.py:3239} INFO - Sync 1 DAGs
[2024-10-11T00:01:27.417+0900] {logging_mixin.py:190} INFO - [2024-10-11T00:01:27.417+0900] {dag.py:4180} INFO - Setting next_dagrun for example_trigger_controller_dag to 2021-01-01T00:00:00+00:00, run_after=2021-01-01T00:00:00+00:00
[2024-10-11T00:01:27.441+0900] {processor.py:208} INFO - Processing /Users/alookso/1007MLpj/myenv/lib/python3.10/site-packages/airflow/example_dags/example_trigger_controller_dag.py took 0.189 seconds
[2024-10-11T00:04:39.896+0900] {processor.py:186} INFO - Started process (PID=64249) to work on /Users/alookso/1007MLpj/myenv/lib/python3.10/site-packages/airflow/example_dags/example_trigger_controller_dag.py
[2024-10-11T00:04:39.896+0900] {processor.py:914} INFO - Processing file /Users/alookso/1007MLpj/myenv/lib/python3.10/site-packages/airflow/example_dags/example_trigger_controller_dag.py for tasks to queue
[2024-10-11T00:04:39.897+0900] {logging_mixin.py:190} INFO - [2024-10-11T00:04:39.897+0900] {dagbag.py:588} INFO - Filling up the DagBag from /Users/alookso/1007MLpj/myenv/lib/python3.10/site-packages/airflow/example_dags/example_trigger_controller_dag.py
[2024-10-11T00:04:39.910+0900] {processor.py:925} INFO - DAG(s) 'example_trigger_controller_dag' retrieved from /Users/alookso/1007MLpj/myenv/lib/python3.10/site-packages/airflow/example_dags/example_trigger_controller_dag.py
[2024-10-11T00:04:40.039+0900] {logging_mixin.py:190} INFO - [2024-10-11T00:04:40.038+0900] {dag.py:3239} INFO - Sync 1 DAGs
[2024-10-11T00:04:40.058+0900] {logging_mixin.py:190} INFO - [2024-10-11T00:04:40.058+0900] {dag.py:4180} INFO - Setting next_dagrun for example_trigger_controller_dag to 2021-01-01T00:00:00+00:00, run_after=2021-01-01T00:00:00+00:00
[2024-10-11T00:04:40.079+0900] {processor.py:208} INFO - Processing /Users/alookso/1007MLpj/myenv/lib/python3.10/site-packages/airflow/example_dags/example_trigger_controller_dag.py took 0.188 seconds
[2024-10-11T00:08:37.739+0900] {processor.py:186} INFO - Started process (PID=64481) to work on /Users/alookso/1007MLpj/myenv/lib/python3.10/site-packages/airflow/example_dags/example_trigger_controller_dag.py
[2024-10-11T00:08:37.740+0900] {processor.py:914} INFO - Processing file /Users/alookso/1007MLpj/myenv/lib/python3.10/site-packages/airflow/example_dags/example_trigger_controller_dag.py for tasks to queue
[2024-10-11T00:08:37.741+0900] {logging_mixin.py:190} INFO - [2024-10-11T00:08:37.741+0900] {dagbag.py:588} INFO - Filling up the DagBag from /Users/alookso/1007MLpj/myenv/lib/python3.10/site-packages/airflow/example_dags/example_trigger_controller_dag.py
[2024-10-11T00:08:37.754+0900] {processor.py:925} INFO - DAG(s) 'example_trigger_controller_dag' retrieved from /Users/alookso/1007MLpj/myenv/lib/python3.10/site-packages/airflow/example_dags/example_trigger_controller_dag.py
[2024-10-11T00:08:37.885+0900] {logging_mixin.py:190} INFO - [2024-10-11T00:08:37.884+0900] {dag.py:3239} INFO - Sync 1 DAGs
[2024-10-11T00:08:37.911+0900] {logging_mixin.py:190} INFO - [2024-10-11T00:08:37.911+0900] {dag.py:4180} INFO - Setting next_dagrun for example_trigger_controller_dag to 2021-01-01T00:00:00+00:00, run_after=2021-01-01T00:00:00+00:00
[2024-10-11T00:08:37.933+0900] {processor.py:208} INFO - Processing /Users/alookso/1007MLpj/myenv/lib/python3.10/site-packages/airflow/example_dags/example_trigger_controller_dag.py took 0.198 seconds
[2024-10-11T00:11:40.531+0900] {processor.py:186} INFO - Started process (PID=64607) to work on /Users/alookso/1007MLpj/myenv/lib/python3.10/site-packages/airflow/example_dags/example_trigger_controller_dag.py
[2024-10-11T00:11:40.532+0900] {processor.py:914} INFO - Processing file /Users/alookso/1007MLpj/myenv/lib/python3.10/site-packages/airflow/example_dags/example_trigger_controller_dag.py for tasks to queue
[2024-10-11T00:11:40.533+0900] {logging_mixin.py:190} INFO - [2024-10-11T00:11:40.533+0900] {dagbag.py:588} INFO - Filling up the DagBag from /Users/alookso/1007MLpj/myenv/lib/python3.10/site-packages/airflow/example_dags/example_trigger_controller_dag.py
[2024-10-11T00:11:40.546+0900] {processor.py:925} INFO - DAG(s) 'example_trigger_controller_dag' retrieved from /Users/alookso/1007MLpj/myenv/lib/python3.10/site-packages/airflow/example_dags/example_trigger_controller_dag.py
[2024-10-11T00:11:40.690+0900] {logging_mixin.py:190} INFO - [2024-10-11T00:11:40.689+0900] {dag.py:3239} INFO - Sync 1 DAGs
[2024-10-11T00:11:40.710+0900] {logging_mixin.py:190} INFO - [2024-10-11T00:11:40.710+0900] {dag.py:4180} INFO - Setting next_dagrun for example_trigger_controller_dag to 2021-01-01T00:00:00+00:00, run_after=2021-01-01T00:00:00+00:00
[2024-10-11T00:11:40.730+0900] {processor.py:208} INFO - Processing /Users/alookso/1007MLpj/myenv/lib/python3.10/site-packages/airflow/example_dags/example_trigger_controller_dag.py took 0.202 seconds
[2024-10-11T00:14:11.244+0900] {processor.py:186} INFO - Started process (PID=64735) to work on /Users/alookso/1007MLpj/myenv/lib/python3.10/site-packages/airflow/example_dags/example_trigger_controller_dag.py
[2024-10-11T00:14:11.245+0900] {processor.py:914} INFO - Processing file /Users/alookso/1007MLpj/myenv/lib/python3.10/site-packages/airflow/example_dags/example_trigger_controller_dag.py for tasks to queue
[2024-10-11T00:14:11.246+0900] {logging_mixin.py:190} INFO - [2024-10-11T00:14:11.246+0900] {dagbag.py:588} INFO - Filling up the DagBag from /Users/alookso/1007MLpj/myenv/lib/python3.10/site-packages/airflow/example_dags/example_trigger_controller_dag.py
[2024-10-11T00:14:11.258+0900] {processor.py:925} INFO - DAG(s) 'example_trigger_controller_dag' retrieved from /Users/alookso/1007MLpj/myenv/lib/python3.10/site-packages/airflow/example_dags/example_trigger_controller_dag.py
[2024-10-11T00:14:11.381+0900] {logging_mixin.py:190} INFO - [2024-10-11T00:14:11.381+0900] {dag.py:3239} INFO - Sync 1 DAGs
[2024-10-11T00:14:11.401+0900] {logging_mixin.py:190} INFO - [2024-10-11T00:14:11.401+0900] {dag.py:4180} INFO - Setting next_dagrun for example_trigger_controller_dag to 2021-01-01T00:00:00+00:00, run_after=2021-01-01T00:00:00+00:00
[2024-10-11T00:14:11.420+0900] {processor.py:208} INFO - Processing /Users/alookso/1007MLpj/myenv/lib/python3.10/site-packages/airflow/example_dags/example_trigger_controller_dag.py took 0.180 seconds
[2024-10-11T00:16:49.121+0900] {processor.py:186} INFO - Started process (PID=64815) to work on /Users/alookso/1007MLpj/myenv/lib/python3.10/site-packages/airflow/example_dags/example_trigger_controller_dag.py
[2024-10-11T00:16:49.122+0900] {processor.py:914} INFO - Processing file /Users/alookso/1007MLpj/myenv/lib/python3.10/site-packages/airflow/example_dags/example_trigger_controller_dag.py for tasks to queue
[2024-10-11T00:16:49.123+0900] {logging_mixin.py:190} INFO - [2024-10-11T00:16:49.123+0900] {dagbag.py:588} INFO - Filling up the DagBag from /Users/alookso/1007MLpj/myenv/lib/python3.10/site-packages/airflow/example_dags/example_trigger_controller_dag.py
[2024-10-11T00:16:49.136+0900] {processor.py:925} INFO - DAG(s) 'example_trigger_controller_dag' retrieved from /Users/alookso/1007MLpj/myenv/lib/python3.10/site-packages/airflow/example_dags/example_trigger_controller_dag.py
[2024-10-11T00:16:49.261+0900] {logging_mixin.py:190} INFO - [2024-10-11T00:16:49.261+0900] {dag.py:3239} INFO - Sync 1 DAGs
[2024-10-11T00:16:49.281+0900] {logging_mixin.py:190} INFO - [2024-10-11T00:16:49.281+0900] {dag.py:4180} INFO - Setting next_dagrun for example_trigger_controller_dag to 2021-01-01T00:00:00+00:00, run_after=2021-01-01T00:00:00+00:00
[2024-10-11T00:16:49.301+0900] {processor.py:208} INFO - Processing /Users/alookso/1007MLpj/myenv/lib/python3.10/site-packages/airflow/example_dags/example_trigger_controller_dag.py took 0.184 seconds
[2024-10-11T00:19:23.559+0900] {processor.py:186} INFO - Started process (PID=64900) to work on /Users/alookso/1007MLpj/myenv/lib/python3.10/site-packages/airflow/example_dags/example_trigger_controller_dag.py
[2024-10-11T00:19:23.560+0900] {processor.py:914} INFO - Processing file /Users/alookso/1007MLpj/myenv/lib/python3.10/site-packages/airflow/example_dags/example_trigger_controller_dag.py for tasks to queue
[2024-10-11T00:19:23.561+0900] {logging_mixin.py:190} INFO - [2024-10-11T00:19:23.561+0900] {dagbag.py:588} INFO - Filling up the DagBag from /Users/alookso/1007MLpj/myenv/lib/python3.10/site-packages/airflow/example_dags/example_trigger_controller_dag.py
[2024-10-11T00:19:23.574+0900] {processor.py:925} INFO - DAG(s) 'example_trigger_controller_dag' retrieved from /Users/alookso/1007MLpj/myenv/lib/python3.10/site-packages/airflow/example_dags/example_trigger_controller_dag.py
[2024-10-11T00:19:23.701+0900] {logging_mixin.py:190} INFO - [2024-10-11T00:19:23.700+0900] {dag.py:3239} INFO - Sync 1 DAGs
[2024-10-11T00:19:23.720+0900] {logging_mixin.py:190} INFO - [2024-10-11T00:19:23.720+0900] {dag.py:4180} INFO - Setting next_dagrun for example_trigger_controller_dag to 2021-01-01T00:00:00+00:00, run_after=2021-01-01T00:00:00+00:00
[2024-10-11T00:19:23.742+0900] {processor.py:208} INFO - Processing /Users/alookso/1007MLpj/myenv/lib/python3.10/site-packages/airflow/example_dags/example_trigger_controller_dag.py took 0.188 seconds
[2024-10-11T00:22:00.808+0900] {processor.py:186} INFO - Started process (PID=65004) to work on /Users/alookso/1007MLpj/myenv/lib/python3.10/site-packages/airflow/example_dags/example_trigger_controller_dag.py
[2024-10-11T00:22:00.809+0900] {processor.py:914} INFO - Processing file /Users/alookso/1007MLpj/myenv/lib/python3.10/site-packages/airflow/example_dags/example_trigger_controller_dag.py for tasks to queue
[2024-10-11T00:22:00.809+0900] {logging_mixin.py:190} INFO - [2024-10-11T00:22:00.809+0900] {dagbag.py:588} INFO - Filling up the DagBag from /Users/alookso/1007MLpj/myenv/lib/python3.10/site-packages/airflow/example_dags/example_trigger_controller_dag.py
[2024-10-11T00:22:00.822+0900] {processor.py:925} INFO - DAG(s) 'example_trigger_controller_dag' retrieved from /Users/alookso/1007MLpj/myenv/lib/python3.10/site-packages/airflow/example_dags/example_trigger_controller_dag.py
[2024-10-11T00:22:00.948+0900] {logging_mixin.py:190} INFO - [2024-10-11T00:22:00.948+0900] {dag.py:3239} INFO - Sync 1 DAGs
[2024-10-11T00:22:00.968+0900] {logging_mixin.py:190} INFO - [2024-10-11T00:22:00.968+0900] {dag.py:4180} INFO - Setting next_dagrun for example_trigger_controller_dag to 2021-01-01T00:00:00+00:00, run_after=2021-01-01T00:00:00+00:00
[2024-10-11T00:22:00.990+0900] {processor.py:208} INFO - Processing /Users/alookso/1007MLpj/myenv/lib/python3.10/site-packages/airflow/example_dags/example_trigger_controller_dag.py took 0.187 seconds
[2024-10-11T00:24:33.882+0900] {processor.py:186} INFO - Started process (PID=65080) to work on /Users/alookso/1007MLpj/myenv/lib/python3.10/site-packages/airflow/example_dags/example_trigger_controller_dag.py
[2024-10-11T00:24:33.883+0900] {processor.py:914} INFO - Processing file /Users/alookso/1007MLpj/myenv/lib/python3.10/site-packages/airflow/example_dags/example_trigger_controller_dag.py for tasks to queue
[2024-10-11T00:24:33.884+0900] {logging_mixin.py:190} INFO - [2024-10-11T00:24:33.884+0900] {dagbag.py:588} INFO - Filling up the DagBag from /Users/alookso/1007MLpj/myenv/lib/python3.10/site-packages/airflow/example_dags/example_trigger_controller_dag.py
[2024-10-11T00:24:33.897+0900] {processor.py:925} INFO - DAG(s) 'example_trigger_controller_dag' retrieved from /Users/alookso/1007MLpj/myenv/lib/python3.10/site-packages/airflow/example_dags/example_trigger_controller_dag.py
[2024-10-11T00:24:34.019+0900] {logging_mixin.py:190} INFO - [2024-10-11T00:24:34.019+0900] {dag.py:3239} INFO - Sync 1 DAGs
[2024-10-11T00:24:34.038+0900] {logging_mixin.py:190} INFO - [2024-10-11T00:24:34.038+0900] {dag.py:4180} INFO - Setting next_dagrun for example_trigger_controller_dag to 2021-01-01T00:00:00+00:00, run_after=2021-01-01T00:00:00+00:00
[2024-10-11T00:24:34.058+0900] {processor.py:208} INFO - Processing /Users/alookso/1007MLpj/myenv/lib/python3.10/site-packages/airflow/example_dags/example_trigger_controller_dag.py took 0.180 seconds
[2024-10-11T00:27:33.493+0900] {processor.py:186} INFO - Started process (PID=65219) to work on /Users/alookso/1007MLpj/myenv/lib/python3.10/site-packages/airflow/example_dags/example_trigger_controller_dag.py
[2024-10-11T00:27:33.494+0900] {processor.py:914} INFO - Processing file /Users/alookso/1007MLpj/myenv/lib/python3.10/site-packages/airflow/example_dags/example_trigger_controller_dag.py for tasks to queue
[2024-10-11T00:27:33.495+0900] {logging_mixin.py:190} INFO - [2024-10-11T00:27:33.495+0900] {dagbag.py:588} INFO - Filling up the DagBag from /Users/alookso/1007MLpj/myenv/lib/python3.10/site-packages/airflow/example_dags/example_trigger_controller_dag.py
[2024-10-11T00:27:33.507+0900] {processor.py:925} INFO - DAG(s) 'example_trigger_controller_dag' retrieved from /Users/alookso/1007MLpj/myenv/lib/python3.10/site-packages/airflow/example_dags/example_trigger_controller_dag.py
[2024-10-11T00:27:33.631+0900] {logging_mixin.py:190} INFO - [2024-10-11T00:27:33.631+0900] {dag.py:3239} INFO - Sync 1 DAGs
[2024-10-11T00:27:33.651+0900] {logging_mixin.py:190} INFO - [2024-10-11T00:27:33.650+0900] {dag.py:4180} INFO - Setting next_dagrun for example_trigger_controller_dag to 2021-01-01T00:00:00+00:00, run_after=2021-01-01T00:00:00+00:00
[2024-10-11T00:27:33.671+0900] {processor.py:208} INFO - Processing /Users/alookso/1007MLpj/myenv/lib/python3.10/site-packages/airflow/example_dags/example_trigger_controller_dag.py took 0.182 seconds
[2024-10-11T00:30:55.499+0900] {processor.py:186} INFO - Started process (PID=65396) to work on /Users/alookso/1007MLpj/myenv/lib/python3.10/site-packages/airflow/example_dags/example_trigger_controller_dag.py
[2024-10-11T00:30:55.500+0900] {processor.py:914} INFO - Processing file /Users/alookso/1007MLpj/myenv/lib/python3.10/site-packages/airflow/example_dags/example_trigger_controller_dag.py for tasks to queue
[2024-10-11T00:30:55.501+0900] {logging_mixin.py:190} INFO - [2024-10-11T00:30:55.500+0900] {dagbag.py:588} INFO - Filling up the DagBag from /Users/alookso/1007MLpj/myenv/lib/python3.10/site-packages/airflow/example_dags/example_trigger_controller_dag.py
[2024-10-11T00:30:55.513+0900] {processor.py:925} INFO - DAG(s) 'example_trigger_controller_dag' retrieved from /Users/alookso/1007MLpj/myenv/lib/python3.10/site-packages/airflow/example_dags/example_trigger_controller_dag.py
[2024-10-11T00:30:55.635+0900] {logging_mixin.py:190} INFO - [2024-10-11T00:30:55.635+0900] {dag.py:3239} INFO - Sync 1 DAGs
[2024-10-11T00:30:55.655+0900] {logging_mixin.py:190} INFO - [2024-10-11T00:30:55.655+0900] {dag.py:4180} INFO - Setting next_dagrun for example_trigger_controller_dag to 2021-01-01T00:00:00+00:00, run_after=2021-01-01T00:00:00+00:00
[2024-10-11T00:30:55.676+0900] {processor.py:208} INFO - Processing /Users/alookso/1007MLpj/myenv/lib/python3.10/site-packages/airflow/example_dags/example_trigger_controller_dag.py took 0.181 seconds
[2024-10-11T00:34:44.517+0900] {processor.py:186} INFO - Started process (PID=65565) to work on /Users/alookso/1007MLpj/myenv/lib/python3.10/site-packages/airflow/example_dags/example_trigger_controller_dag.py
[2024-10-11T00:34:44.517+0900] {processor.py:914} INFO - Processing file /Users/alookso/1007MLpj/myenv/lib/python3.10/site-packages/airflow/example_dags/example_trigger_controller_dag.py for tasks to queue
[2024-10-11T00:34:44.518+0900] {logging_mixin.py:190} INFO - [2024-10-11T00:34:44.518+0900] {dagbag.py:588} INFO - Filling up the DagBag from /Users/alookso/1007MLpj/myenv/lib/python3.10/site-packages/airflow/example_dags/example_trigger_controller_dag.py
[2024-10-11T00:34:44.531+0900] {processor.py:925} INFO - DAG(s) 'example_trigger_controller_dag' retrieved from /Users/alookso/1007MLpj/myenv/lib/python3.10/site-packages/airflow/example_dags/example_trigger_controller_dag.py
[2024-10-11T00:34:44.655+0900] {logging_mixin.py:190} INFO - [2024-10-11T00:34:44.655+0900] {dag.py:3239} INFO - Sync 1 DAGs
[2024-10-11T00:34:44.675+0900] {logging_mixin.py:190} INFO - [2024-10-11T00:34:44.675+0900] {dag.py:4180} INFO - Setting next_dagrun for example_trigger_controller_dag to 2021-01-01T00:00:00+00:00, run_after=2021-01-01T00:00:00+00:00
[2024-10-11T00:34:44.695+0900] {processor.py:208} INFO - Processing /Users/alookso/1007MLpj/myenv/lib/python3.10/site-packages/airflow/example_dags/example_trigger_controller_dag.py took 0.183 seconds
[2024-10-11T00:38:28.014+0900] {processor.py:186} INFO - Started process (PID=65756) to work on /Users/alookso/1007MLpj/myenv/lib/python3.10/site-packages/airflow/example_dags/example_trigger_controller_dag.py
[2024-10-11T00:38:28.015+0900] {processor.py:914} INFO - Processing file /Users/alookso/1007MLpj/myenv/lib/python3.10/site-packages/airflow/example_dags/example_trigger_controller_dag.py for tasks to queue
[2024-10-11T00:38:28.017+0900] {logging_mixin.py:190} INFO - [2024-10-11T00:38:28.016+0900] {dagbag.py:588} INFO - Filling up the DagBag from /Users/alookso/1007MLpj/myenv/lib/python3.10/site-packages/airflow/example_dags/example_trigger_controller_dag.py
[2024-10-11T00:38:28.030+0900] {processor.py:925} INFO - DAG(s) 'example_trigger_controller_dag' retrieved from /Users/alookso/1007MLpj/myenv/lib/python3.10/site-packages/airflow/example_dags/example_trigger_controller_dag.py
[2024-10-11T00:38:28.156+0900] {logging_mixin.py:190} INFO - [2024-10-11T00:38:28.155+0900] {dag.py:3239} INFO - Sync 1 DAGs
[2024-10-11T00:38:28.176+0900] {logging_mixin.py:190} INFO - [2024-10-11T00:38:28.175+0900] {dag.py:4180} INFO - Setting next_dagrun for example_trigger_controller_dag to 2021-01-01T00:00:00+00:00, run_after=2021-01-01T00:00:00+00:00
[2024-10-11T00:38:28.196+0900] {processor.py:208} INFO - Processing /Users/alookso/1007MLpj/myenv/lib/python3.10/site-packages/airflow/example_dags/example_trigger_controller_dag.py took 0.187 seconds
[2024-10-11T00:41:58.187+0900] {processor.py:186} INFO - Started process (PID=65927) to work on /Users/alookso/1007MLpj/myenv/lib/python3.10/site-packages/airflow/example_dags/example_trigger_controller_dag.py
[2024-10-11T00:41:58.188+0900] {processor.py:914} INFO - Processing file /Users/alookso/1007MLpj/myenv/lib/python3.10/site-packages/airflow/example_dags/example_trigger_controller_dag.py for tasks to queue
[2024-10-11T00:41:58.189+0900] {logging_mixin.py:190} INFO - [2024-10-11T00:41:58.189+0900] {dagbag.py:588} INFO - Filling up the DagBag from /Users/alookso/1007MLpj/myenv/lib/python3.10/site-packages/airflow/example_dags/example_trigger_controller_dag.py
[2024-10-11T00:41:58.201+0900] {processor.py:925} INFO - DAG(s) 'example_trigger_controller_dag' retrieved from /Users/alookso/1007MLpj/myenv/lib/python3.10/site-packages/airflow/example_dags/example_trigger_controller_dag.py
[2024-10-11T00:41:58.326+0900] {logging_mixin.py:190} INFO - [2024-10-11T00:41:58.326+0900] {dag.py:3239} INFO - Sync 1 DAGs
[2024-10-11T00:41:58.346+0900] {logging_mixin.py:190} INFO - [2024-10-11T00:41:58.346+0900] {dag.py:4180} INFO - Setting next_dagrun for example_trigger_controller_dag to 2021-01-01T00:00:00+00:00, run_after=2021-01-01T00:00:00+00:00
[2024-10-11T00:41:58.366+0900] {processor.py:208} INFO - Processing /Users/alookso/1007MLpj/myenv/lib/python3.10/site-packages/airflow/example_dags/example_trigger_controller_dag.py took 0.183 seconds
[2024-10-11T00:45:12.895+0900] {processor.py:186} INFO - Started process (PID=66063) to work on /Users/alookso/1007MLpj/myenv/lib/python3.10/site-packages/airflow/example_dags/example_trigger_controller_dag.py
[2024-10-11T00:45:12.896+0900] {processor.py:914} INFO - Processing file /Users/alookso/1007MLpj/myenv/lib/python3.10/site-packages/airflow/example_dags/example_trigger_controller_dag.py for tasks to queue
[2024-10-11T00:45:12.896+0900] {logging_mixin.py:190} INFO - [2024-10-11T00:45:12.896+0900] {dagbag.py:588} INFO - Filling up the DagBag from /Users/alookso/1007MLpj/myenv/lib/python3.10/site-packages/airflow/example_dags/example_trigger_controller_dag.py
[2024-10-11T00:45:12.910+0900] {processor.py:925} INFO - DAG(s) 'example_trigger_controller_dag' retrieved from /Users/alookso/1007MLpj/myenv/lib/python3.10/site-packages/airflow/example_dags/example_trigger_controller_dag.py
[2024-10-11T00:45:13.033+0900] {logging_mixin.py:190} INFO - [2024-10-11T00:45:13.033+0900] {dag.py:3239} INFO - Sync 1 DAGs
[2024-10-11T00:45:13.052+0900] {logging_mixin.py:190} INFO - [2024-10-11T00:45:13.052+0900] {dag.py:4180} INFO - Setting next_dagrun for example_trigger_controller_dag to 2021-01-01T00:00:00+00:00, run_after=2021-01-01T00:00:00+00:00
[2024-10-11T00:45:13.072+0900] {processor.py:208} INFO - Processing /Users/alookso/1007MLpj/myenv/lib/python3.10/site-packages/airflow/example_dags/example_trigger_controller_dag.py took 0.182 seconds
[2024-10-11T00:47:47.781+0900] {processor.py:186} INFO - Started process (PID=66152) to work on /Users/alookso/1007MLpj/myenv/lib/python3.10/site-packages/airflow/example_dags/example_trigger_controller_dag.py
[2024-10-11T00:47:47.781+0900] {processor.py:914} INFO - Processing file /Users/alookso/1007MLpj/myenv/lib/python3.10/site-packages/airflow/example_dags/example_trigger_controller_dag.py for tasks to queue
[2024-10-11T00:47:47.782+0900] {logging_mixin.py:190} INFO - [2024-10-11T00:47:47.782+0900] {dagbag.py:588} INFO - Filling up the DagBag from /Users/alookso/1007MLpj/myenv/lib/python3.10/site-packages/airflow/example_dags/example_trigger_controller_dag.py
[2024-10-11T00:47:47.795+0900] {processor.py:925} INFO - DAG(s) 'example_trigger_controller_dag' retrieved from /Users/alookso/1007MLpj/myenv/lib/python3.10/site-packages/airflow/example_dags/example_trigger_controller_dag.py
[2024-10-11T00:47:47.921+0900] {logging_mixin.py:190} INFO - [2024-10-11T00:47:47.920+0900] {dag.py:3239} INFO - Sync 1 DAGs
[2024-10-11T00:47:47.941+0900] {logging_mixin.py:190} INFO - [2024-10-11T00:47:47.941+0900] {dag.py:4180} INFO - Setting next_dagrun for example_trigger_controller_dag to 2021-01-01T00:00:00+00:00, run_after=2021-01-01T00:00:00+00:00
[2024-10-11T00:47:47.963+0900] {processor.py:208} INFO - Processing /Users/alookso/1007MLpj/myenv/lib/python3.10/site-packages/airflow/example_dags/example_trigger_controller_dag.py took 0.187 seconds
[2024-10-11T00:49:34.475+0900] {processor.py:186} INFO - Started process (PID=66289) to work on /Users/alookso/1007MLpj/myenv/lib/python3.10/site-packages/airflow/example_dags/example_trigger_controller_dag.py
[2024-10-11T00:49:34.476+0900] {processor.py:914} INFO - Processing file /Users/alookso/1007MLpj/myenv/lib/python3.10/site-packages/airflow/example_dags/example_trigger_controller_dag.py for tasks to queue
[2024-10-11T00:49:34.477+0900] {logging_mixin.py:190} INFO - [2024-10-11T00:49:34.477+0900] {dagbag.py:588} INFO - Filling up the DagBag from /Users/alookso/1007MLpj/myenv/lib/python3.10/site-packages/airflow/example_dags/example_trigger_controller_dag.py
[2024-10-11T00:49:34.491+0900] {processor.py:925} INFO - DAG(s) 'example_trigger_controller_dag' retrieved from /Users/alookso/1007MLpj/myenv/lib/python3.10/site-packages/airflow/example_dags/example_trigger_controller_dag.py
[2024-10-11T00:49:34.616+0900] {logging_mixin.py:190} INFO - [2024-10-11T00:49:34.616+0900] {dag.py:3239} INFO - Sync 1 DAGs
[2024-10-11T00:49:34.635+0900] {logging_mixin.py:190} INFO - [2024-10-11T00:49:34.635+0900] {dag.py:4180} INFO - Setting next_dagrun for example_trigger_controller_dag to 2021-01-01T00:00:00+00:00, run_after=2021-01-01T00:00:00+00:00
[2024-10-11T00:49:34.655+0900] {processor.py:208} INFO - Processing /Users/alookso/1007MLpj/myenv/lib/python3.10/site-packages/airflow/example_dags/example_trigger_controller_dag.py took 0.186 seconds
[2024-10-11T00:52:37.992+0900] {processor.py:186} INFO - Started process (PID=66458) to work on /Users/alookso/1007MLpj/myenv/lib/python3.10/site-packages/airflow/example_dags/example_trigger_controller_dag.py
[2024-10-11T00:52:37.994+0900] {processor.py:914} INFO - Processing file /Users/alookso/1007MLpj/myenv/lib/python3.10/site-packages/airflow/example_dags/example_trigger_controller_dag.py for tasks to queue
[2024-10-11T00:52:37.994+0900] {logging_mixin.py:190} INFO - [2024-10-11T00:52:37.994+0900] {dagbag.py:588} INFO - Filling up the DagBag from /Users/alookso/1007MLpj/myenv/lib/python3.10/site-packages/airflow/example_dags/example_trigger_controller_dag.py
[2024-10-11T00:52:38.007+0900] {processor.py:925} INFO - DAG(s) 'example_trigger_controller_dag' retrieved from /Users/alookso/1007MLpj/myenv/lib/python3.10/site-packages/airflow/example_dags/example_trigger_controller_dag.py
[2024-10-11T00:52:38.132+0900] {logging_mixin.py:190} INFO - [2024-10-11T00:52:38.131+0900] {dag.py:3239} INFO - Sync 1 DAGs
[2024-10-11T00:52:38.151+0900] {logging_mixin.py:190} INFO - [2024-10-11T00:52:38.151+0900] {dag.py:4180} INFO - Setting next_dagrun for example_trigger_controller_dag to 2021-01-01T00:00:00+00:00, run_after=2021-01-01T00:00:00+00:00
[2024-10-11T00:52:38.171+0900] {processor.py:208} INFO - Processing /Users/alookso/1007MLpj/myenv/lib/python3.10/site-packages/airflow/example_dags/example_trigger_controller_dag.py took 0.183 seconds
