[2024-10-10T15:32:44.156+0900] {processor.py:186} INFO - Started process (PID=56049) to work on /Users/alookso/1007MLpj/myenv/lib/python3.10/site-packages/airflow/example_dags/example_time_delta_sensor_async.py
[2024-10-10T15:32:44.157+0900] {processor.py:914} INFO - Processing file /Users/alookso/1007MLpj/myenv/lib/python3.10/site-packages/airflow/example_dags/example_time_delta_sensor_async.py for tasks to queue
[2024-10-10T15:32:44.158+0900] {logging_mixin.py:190} INFO - [2024-10-10T15:32:44.158+0900] {dagbag.py:588} INFO - Filling up the DagBag from /Users/alookso/1007MLpj/myenv/lib/python3.10/site-packages/airflow/example_dags/example_time_delta_sensor_async.py
[2024-10-10T15:32:44.167+0900] {processor.py:925} INFO - DAG(s) 'example_time_delta_sensor_async' retrieved from /Users/alookso/1007MLpj/myenv/lib/python3.10/site-packages/airflow/example_dags/example_time_delta_sensor_async.py
[2024-10-10T15:32:45.132+0900] {logging_mixin.py:190} INFO - [2024-10-10T15:32:45.132+0900] {override.py:1901} INFO - Created Permission View: can read on DAG:example_time_delta_sensor_async
[2024-10-10T15:32:45.144+0900] {logging_mixin.py:190} INFO - [2024-10-10T15:32:45.143+0900] {override.py:1901} INFO - Created Permission View: can edit on DAG:example_time_delta_sensor_async
[2024-10-10T15:32:45.151+0900] {logging_mixin.py:190} INFO - [2024-10-10T15:32:45.151+0900] {override.py:1901} INFO - Created Permission View: can delete on DAG:example_time_delta_sensor_async
[2024-10-10T15:32:45.162+0900] {logging_mixin.py:190} INFO - [2024-10-10T15:32:45.162+0900] {override.py:1901} INFO - Created Permission View: can create on DAG Run:example_time_delta_sensor_async
[2024-10-10T15:32:45.170+0900] {logging_mixin.py:190} INFO - [2024-10-10T15:32:45.170+0900] {override.py:1901} INFO - Created Permission View: can read on DAG Run:example_time_delta_sensor_async
[2024-10-10T15:32:45.177+0900] {logging_mixin.py:190} INFO - [2024-10-10T15:32:45.177+0900] {override.py:1901} INFO - Created Permission View: menu access on DAG Run:example_time_delta_sensor_async
[2024-10-10T15:32:45.186+0900] {logging_mixin.py:190} INFO - [2024-10-10T15:32:45.186+0900] {override.py:1901} INFO - Created Permission View: can delete on DAG Run:example_time_delta_sensor_async
[2024-10-10T15:32:45.186+0900] {logging_mixin.py:190} INFO - [2024-10-10T15:32:45.186+0900] {dag.py:3239} INFO - Sync 1 DAGs
[2024-10-10T15:32:45.201+0900] {logging_mixin.py:190} INFO - [2024-10-10T15:32:45.201+0900] {dag.py:3262} INFO - Creating ORM DAG for example_time_delta_sensor_async
[2024-10-10T15:32:45.202+0900] {logging_mixin.py:190} INFO - [2024-10-10T15:32:45.202+0900] {dag.py:4180} INFO - Setting next_dagrun for example_time_delta_sensor_async to None, run_after=None
[2024-10-10T15:32:45.222+0900] {processor.py:208} INFO - Processing /Users/alookso/1007MLpj/myenv/lib/python3.10/site-packages/airflow/example_dags/example_time_delta_sensor_async.py took 1.070 seconds
[2024-10-10T15:37:18.448+0900] {processor.py:186} INFO - Started process (PID=56224) to work on /Users/alookso/1007MLpj/myenv/lib/python3.10/site-packages/airflow/example_dags/example_time_delta_sensor_async.py
[2024-10-10T15:37:18.451+0900] {processor.py:914} INFO - Processing file /Users/alookso/1007MLpj/myenv/lib/python3.10/site-packages/airflow/example_dags/example_time_delta_sensor_async.py for tasks to queue
[2024-10-10T15:37:18.452+0900] {logging_mixin.py:190} INFO - [2024-10-10T15:37:18.451+0900] {dagbag.py:588} INFO - Filling up the DagBag from /Users/alookso/1007MLpj/myenv/lib/python3.10/site-packages/airflow/example_dags/example_time_delta_sensor_async.py
[2024-10-10T15:37:18.461+0900] {processor.py:925} INFO - DAG(s) 'example_time_delta_sensor_async' retrieved from /Users/alookso/1007MLpj/myenv/lib/python3.10/site-packages/airflow/example_dags/example_time_delta_sensor_async.py
[2024-10-10T15:37:19.242+0900] {logging_mixin.py:190} INFO - [2024-10-10T15:37:19.241+0900] {dag.py:3239} INFO - Sync 1 DAGs
[2024-10-10T15:37:19.257+0900] {logging_mixin.py:190} INFO - [2024-10-10T15:37:19.257+0900] {dag.py:4180} INFO - Setting next_dagrun for example_time_delta_sensor_async to None, run_after=None
[2024-10-10T15:37:19.357+0900] {processor.py:208} INFO - Processing /Users/alookso/1007MLpj/myenv/lib/python3.10/site-packages/airflow/example_dags/example_time_delta_sensor_async.py took 0.915 seconds
[2024-10-10T15:41:55.715+0900] {processor.py:186} INFO - Started process (PID=56427) to work on /Users/alookso/1007MLpj/myenv/lib/python3.10/site-packages/airflow/example_dags/example_time_delta_sensor_async.py
[2024-10-10T15:41:55.716+0900] {processor.py:914} INFO - Processing file /Users/alookso/1007MLpj/myenv/lib/python3.10/site-packages/airflow/example_dags/example_time_delta_sensor_async.py for tasks to queue
[2024-10-10T15:41:55.717+0900] {logging_mixin.py:190} INFO - [2024-10-10T15:41:55.716+0900] {dagbag.py:588} INFO - Filling up the DagBag from /Users/alookso/1007MLpj/myenv/lib/python3.10/site-packages/airflow/example_dags/example_time_delta_sensor_async.py
[2024-10-10T15:41:55.726+0900] {processor.py:925} INFO - DAG(s) 'example_time_delta_sensor_async' retrieved from /Users/alookso/1007MLpj/myenv/lib/python3.10/site-packages/airflow/example_dags/example_time_delta_sensor_async.py
[2024-10-10T15:41:56.501+0900] {logging_mixin.py:190} INFO - [2024-10-10T15:41:56.500+0900] {dag.py:3239} INFO - Sync 1 DAGs
[2024-10-10T15:41:56.515+0900] {logging_mixin.py:190} INFO - [2024-10-10T15:41:56.515+0900] {dag.py:4180} INFO - Setting next_dagrun for example_time_delta_sensor_async to None, run_after=None
[2024-10-10T15:41:56.608+0900] {processor.py:208} INFO - Processing /Users/alookso/1007MLpj/myenv/lib/python3.10/site-packages/airflow/example_dags/example_time_delta_sensor_async.py took 0.898 seconds
[2024-10-10T15:44:02.090+0900] {processor.py:186} INFO - Started process (PID=56523) to work on /Users/alookso/1007MLpj/myenv/lib/python3.10/site-packages/airflow/example_dags/example_time_delta_sensor_async.py
[2024-10-10T15:44:02.092+0900] {processor.py:914} INFO - Processing file /Users/alookso/1007MLpj/myenv/lib/python3.10/site-packages/airflow/example_dags/example_time_delta_sensor_async.py for tasks to queue
[2024-10-10T15:44:02.093+0900] {logging_mixin.py:190} INFO - [2024-10-10T15:44:02.093+0900] {dagbag.py:588} INFO - Filling up the DagBag from /Users/alookso/1007MLpj/myenv/lib/python3.10/site-packages/airflow/example_dags/example_time_delta_sensor_async.py
[2024-10-10T15:44:02.102+0900] {processor.py:925} INFO - DAG(s) 'example_time_delta_sensor_async' retrieved from /Users/alookso/1007MLpj/myenv/lib/python3.10/site-packages/airflow/example_dags/example_time_delta_sensor_async.py
[2024-10-10T15:44:02.970+0900] {logging_mixin.py:190} INFO - [2024-10-10T15:44:02.970+0900] {dag.py:3239} INFO - Sync 1 DAGs
[2024-10-10T15:44:02.986+0900] {logging_mixin.py:190} INFO - [2024-10-10T15:44:02.985+0900] {dag.py:4180} INFO - Setting next_dagrun for example_time_delta_sensor_async to None, run_after=None
[2024-10-10T15:44:03.086+0900] {processor.py:208} INFO - Processing /Users/alookso/1007MLpj/myenv/lib/python3.10/site-packages/airflow/example_dags/example_time_delta_sensor_async.py took 1.002 seconds
[2024-10-10T15:47:10.835+0900] {processor.py:186} INFO - Started process (PID=56671) to work on /Users/alookso/1007MLpj/myenv/lib/python3.10/site-packages/airflow/example_dags/example_time_delta_sensor_async.py
[2024-10-10T15:47:10.836+0900] {processor.py:914} INFO - Processing file /Users/alookso/1007MLpj/myenv/lib/python3.10/site-packages/airflow/example_dags/example_time_delta_sensor_async.py for tasks to queue
[2024-10-10T15:47:10.837+0900] {logging_mixin.py:190} INFO - [2024-10-10T15:47:10.837+0900] {dagbag.py:588} INFO - Filling up the DagBag from /Users/alookso/1007MLpj/myenv/lib/python3.10/site-packages/airflow/example_dags/example_time_delta_sensor_async.py
[2024-10-10T15:47:10.848+0900] {processor.py:925} INFO - DAG(s) 'example_time_delta_sensor_async' retrieved from /Users/alookso/1007MLpj/myenv/lib/python3.10/site-packages/airflow/example_dags/example_time_delta_sensor_async.py
[2024-10-10T15:47:11.656+0900] {logging_mixin.py:190} INFO - [2024-10-10T15:47:11.655+0900] {dag.py:3239} INFO - Sync 1 DAGs
[2024-10-10T15:47:11.671+0900] {logging_mixin.py:190} INFO - [2024-10-10T15:47:11.671+0900] {dag.py:4180} INFO - Setting next_dagrun for example_time_delta_sensor_async to None, run_after=None
[2024-10-10T15:47:11.772+0900] {processor.py:208} INFO - Processing /Users/alookso/1007MLpj/myenv/lib/python3.10/site-packages/airflow/example_dags/example_time_delta_sensor_async.py took 0.943 seconds
[2024-10-10T15:51:29.788+0900] {processor.py:186} INFO - Started process (PID=56884) to work on /Users/alookso/1007MLpj/myenv/lib/python3.10/site-packages/airflow/example_dags/example_time_delta_sensor_async.py
[2024-10-10T15:51:29.789+0900] {processor.py:914} INFO - Processing file /Users/alookso/1007MLpj/myenv/lib/python3.10/site-packages/airflow/example_dags/example_time_delta_sensor_async.py for tasks to queue
[2024-10-10T15:51:29.791+0900] {logging_mixin.py:190} INFO - [2024-10-10T15:51:29.790+0900] {dagbag.py:588} INFO - Filling up the DagBag from /Users/alookso/1007MLpj/myenv/lib/python3.10/site-packages/airflow/example_dags/example_time_delta_sensor_async.py
[2024-10-10T15:51:29.802+0900] {processor.py:925} INFO - DAG(s) 'example_time_delta_sensor_async' retrieved from /Users/alookso/1007MLpj/myenv/lib/python3.10/site-packages/airflow/example_dags/example_time_delta_sensor_async.py
[2024-10-10T15:51:30.666+0900] {logging_mixin.py:190} INFO - [2024-10-10T15:51:30.665+0900] {dag.py:3239} INFO - Sync 1 DAGs
[2024-10-10T15:51:30.684+0900] {logging_mixin.py:190} INFO - [2024-10-10T15:51:30.684+0900] {dag.py:4180} INFO - Setting next_dagrun for example_time_delta_sensor_async to None, run_after=None
[2024-10-10T15:51:30.829+0900] {processor.py:208} INFO - Processing /Users/alookso/1007MLpj/myenv/lib/python3.10/site-packages/airflow/example_dags/example_time_delta_sensor_async.py took 1.049 seconds
[2024-10-10T16:18:20.189+0900] {processor.py:186} INFO - Started process (PID=57331) to work on /Users/alookso/1007MLpj/myenv/lib/python3.10/site-packages/airflow/example_dags/example_time_delta_sensor_async.py
[2024-10-10T16:18:20.190+0900] {processor.py:914} INFO - Processing file /Users/alookso/1007MLpj/myenv/lib/python3.10/site-packages/airflow/example_dags/example_time_delta_sensor_async.py for tasks to queue
[2024-10-10T16:18:20.191+0900] {logging_mixin.py:190} INFO - [2024-10-10T16:18:20.191+0900] {dagbag.py:588} INFO - Filling up the DagBag from /Users/alookso/1007MLpj/myenv/lib/python3.10/site-packages/airflow/example_dags/example_time_delta_sensor_async.py
[2024-10-10T16:18:20.200+0900] {processor.py:925} INFO - DAG(s) 'example_time_delta_sensor_async' retrieved from /Users/alookso/1007MLpj/myenv/lib/python3.10/site-packages/airflow/example_dags/example_time_delta_sensor_async.py
[2024-10-10T16:18:20.961+0900] {logging_mixin.py:190} INFO - [2024-10-10T16:18:20.960+0900] {dag.py:3239} INFO - Sync 1 DAGs
[2024-10-10T16:18:20.974+0900] {logging_mixin.py:190} INFO - [2024-10-10T16:18:20.974+0900] {dag.py:4180} INFO - Setting next_dagrun for example_time_delta_sensor_async to None, run_after=None
[2024-10-10T16:18:21.066+0900] {processor.py:208} INFO - Processing /Users/alookso/1007MLpj/myenv/lib/python3.10/site-packages/airflow/example_dags/example_time_delta_sensor_async.py took 0.882 seconds
[2024-10-10T16:22:40.904+0900] {processor.py:186} INFO - Started process (PID=57485) to work on /Users/alookso/1007MLpj/myenv/lib/python3.10/site-packages/airflow/example_dags/example_time_delta_sensor_async.py
[2024-10-10T16:22:40.906+0900] {processor.py:914} INFO - Processing file /Users/alookso/1007MLpj/myenv/lib/python3.10/site-packages/airflow/example_dags/example_time_delta_sensor_async.py for tasks to queue
[2024-10-10T16:22:40.907+0900] {logging_mixin.py:190} INFO - [2024-10-10T16:22:40.907+0900] {dagbag.py:588} INFO - Filling up the DagBag from /Users/alookso/1007MLpj/myenv/lib/python3.10/site-packages/airflow/example_dags/example_time_delta_sensor_async.py
[2024-10-10T16:22:40.915+0900] {processor.py:925} INFO - DAG(s) 'example_time_delta_sensor_async' retrieved from /Users/alookso/1007MLpj/myenv/lib/python3.10/site-packages/airflow/example_dags/example_time_delta_sensor_async.py
[2024-10-10T16:22:41.720+0900] {logging_mixin.py:190} INFO - [2024-10-10T16:22:41.720+0900] {dag.py:3239} INFO - Sync 1 DAGs
[2024-10-10T16:22:41.740+0900] {logging_mixin.py:190} INFO - [2024-10-10T16:22:41.739+0900] {dag.py:4180} INFO - Setting next_dagrun for example_time_delta_sensor_async to None, run_after=None
[2024-10-10T16:22:41.866+0900] {processor.py:208} INFO - Processing /Users/alookso/1007MLpj/myenv/lib/python3.10/site-packages/airflow/example_dags/example_time_delta_sensor_async.py took 0.966 seconds
[2024-10-10T16:26:18.429+0900] {processor.py:186} INFO - Started process (PID=57638) to work on /Users/alookso/1007MLpj/myenv/lib/python3.10/site-packages/airflow/example_dags/example_time_delta_sensor_async.py
[2024-10-10T16:26:18.431+0900] {processor.py:914} INFO - Processing file /Users/alookso/1007MLpj/myenv/lib/python3.10/site-packages/airflow/example_dags/example_time_delta_sensor_async.py for tasks to queue
[2024-10-10T16:26:18.433+0900] {logging_mixin.py:190} INFO - [2024-10-10T16:26:18.433+0900] {dagbag.py:588} INFO - Filling up the DagBag from /Users/alookso/1007MLpj/myenv/lib/python3.10/site-packages/airflow/example_dags/example_time_delta_sensor_async.py
[2024-10-10T16:26:18.445+0900] {processor.py:925} INFO - DAG(s) 'example_time_delta_sensor_async' retrieved from /Users/alookso/1007MLpj/myenv/lib/python3.10/site-packages/airflow/example_dags/example_time_delta_sensor_async.py
[2024-10-10T16:26:19.380+0900] {logging_mixin.py:190} INFO - [2024-10-10T16:26:19.379+0900] {dag.py:3239} INFO - Sync 1 DAGs
[2024-10-10T16:26:19.398+0900] {logging_mixin.py:190} INFO - [2024-10-10T16:26:19.398+0900] {dag.py:4180} INFO - Setting next_dagrun for example_time_delta_sensor_async to None, run_after=None
[2024-10-10T16:26:19.515+0900] {processor.py:208} INFO - Processing /Users/alookso/1007MLpj/myenv/lib/python3.10/site-packages/airflow/example_dags/example_time_delta_sensor_async.py took 1.092 seconds
[2024-10-10T16:30:33.147+0900] {processor.py:186} INFO - Started process (PID=57845) to work on /Users/alookso/1007MLpj/myenv/lib/python3.10/site-packages/airflow/example_dags/example_time_delta_sensor_async.py
[2024-10-10T16:30:33.148+0900] {processor.py:914} INFO - Processing file /Users/alookso/1007MLpj/myenv/lib/python3.10/site-packages/airflow/example_dags/example_time_delta_sensor_async.py for tasks to queue
[2024-10-10T16:30:33.149+0900] {logging_mixin.py:190} INFO - [2024-10-10T16:30:33.149+0900] {dagbag.py:588} INFO - Filling up the DagBag from /Users/alookso/1007MLpj/myenv/lib/python3.10/site-packages/airflow/example_dags/example_time_delta_sensor_async.py
[2024-10-10T16:30:33.158+0900] {processor.py:925} INFO - DAG(s) 'example_time_delta_sensor_async' retrieved from /Users/alookso/1007MLpj/myenv/lib/python3.10/site-packages/airflow/example_dags/example_time_delta_sensor_async.py
[2024-10-10T16:30:33.921+0900] {logging_mixin.py:190} INFO - [2024-10-10T16:30:33.920+0900] {dag.py:3239} INFO - Sync 1 DAGs
[2024-10-10T16:30:33.935+0900] {logging_mixin.py:190} INFO - [2024-10-10T16:30:33.934+0900] {dag.py:4180} INFO - Setting next_dagrun for example_time_delta_sensor_async to None, run_after=None
[2024-10-10T16:30:34.032+0900] {processor.py:208} INFO - Processing /Users/alookso/1007MLpj/myenv/lib/python3.10/site-packages/airflow/example_dags/example_time_delta_sensor_async.py took 0.890 seconds
[2024-10-10T16:32:46.411+0900] {processor.py:186} INFO - Started process (PID=57967) to work on /Users/alookso/1007MLpj/myenv/lib/python3.10/site-packages/airflow/example_dags/example_time_delta_sensor_async.py
[2024-10-10T16:32:46.411+0900] {processor.py:914} INFO - Processing file /Users/alookso/1007MLpj/myenv/lib/python3.10/site-packages/airflow/example_dags/example_time_delta_sensor_async.py for tasks to queue
[2024-10-10T16:32:46.412+0900] {logging_mixin.py:190} INFO - [2024-10-10T16:32:46.412+0900] {dagbag.py:588} INFO - Filling up the DagBag from /Users/alookso/1007MLpj/myenv/lib/python3.10/site-packages/airflow/example_dags/example_time_delta_sensor_async.py
[2024-10-10T16:32:46.421+0900] {processor.py:925} INFO - DAG(s) 'example_time_delta_sensor_async' retrieved from /Users/alookso/1007MLpj/myenv/lib/python3.10/site-packages/airflow/example_dags/example_time_delta_sensor_async.py
[2024-10-10T16:32:47.170+0900] {logging_mixin.py:190} INFO - [2024-10-10T16:32:47.169+0900] {dag.py:3239} INFO - Sync 1 DAGs
[2024-10-10T16:32:47.183+0900] {logging_mixin.py:190} INFO - [2024-10-10T16:32:47.183+0900] {dag.py:4180} INFO - Setting next_dagrun for example_time_delta_sensor_async to None, run_after=None
[2024-10-10T16:32:47.276+0900] {processor.py:208} INFO - Processing /Users/alookso/1007MLpj/myenv/lib/python3.10/site-packages/airflow/example_dags/example_time_delta_sensor_async.py took 0.870 seconds
[2024-10-10T16:36:44.790+0900] {processor.py:186} INFO - Started process (PID=58070) to work on /Users/alookso/1007MLpj/myenv/lib/python3.10/site-packages/airflow/example_dags/example_time_delta_sensor_async.py
[2024-10-10T16:36:44.791+0900] {processor.py:914} INFO - Processing file /Users/alookso/1007MLpj/myenv/lib/python3.10/site-packages/airflow/example_dags/example_time_delta_sensor_async.py for tasks to queue
[2024-10-10T16:36:44.792+0900] {logging_mixin.py:190} INFO - [2024-10-10T16:36:44.791+0900] {dagbag.py:588} INFO - Filling up the DagBag from /Users/alookso/1007MLpj/myenv/lib/python3.10/site-packages/airflow/example_dags/example_time_delta_sensor_async.py
[2024-10-10T16:36:44.800+0900] {processor.py:925} INFO - DAG(s) 'example_time_delta_sensor_async' retrieved from /Users/alookso/1007MLpj/myenv/lib/python3.10/site-packages/airflow/example_dags/example_time_delta_sensor_async.py
[2024-10-10T16:36:45.570+0900] {logging_mixin.py:190} INFO - [2024-10-10T16:36:45.570+0900] {dag.py:3239} INFO - Sync 1 DAGs
[2024-10-10T16:36:45.584+0900] {logging_mixin.py:190} INFO - [2024-10-10T16:36:45.584+0900] {dag.py:4180} INFO - Setting next_dagrun for example_time_delta_sensor_async to None, run_after=None
[2024-10-10T16:36:45.683+0900] {processor.py:208} INFO - Processing /Users/alookso/1007MLpj/myenv/lib/python3.10/site-packages/airflow/example_dags/example_time_delta_sensor_async.py took 0.897 seconds
[2024-10-10T16:40:17.848+0900] {processor.py:186} INFO - Started process (PID=58156) to work on /Users/alookso/1007MLpj/myenv/lib/python3.10/site-packages/airflow/example_dags/example_time_delta_sensor_async.py
[2024-10-10T16:40:17.850+0900] {processor.py:914} INFO - Processing file /Users/alookso/1007MLpj/myenv/lib/python3.10/site-packages/airflow/example_dags/example_time_delta_sensor_async.py for tasks to queue
[2024-10-10T16:40:17.851+0900] {logging_mixin.py:190} INFO - [2024-10-10T16:40:17.851+0900] {dagbag.py:588} INFO - Filling up the DagBag from /Users/alookso/1007MLpj/myenv/lib/python3.10/site-packages/airflow/example_dags/example_time_delta_sensor_async.py
[2024-10-10T16:40:17.866+0900] {processor.py:925} INFO - DAG(s) 'example_time_delta_sensor_async' retrieved from /Users/alookso/1007MLpj/myenv/lib/python3.10/site-packages/airflow/example_dags/example_time_delta_sensor_async.py
[2024-10-10T16:40:18.736+0900] {logging_mixin.py:190} INFO - [2024-10-10T16:40:18.735+0900] {dag.py:3239} INFO - Sync 1 DAGs
[2024-10-10T16:40:18.750+0900] {logging_mixin.py:190} INFO - [2024-10-10T16:40:18.749+0900] {dag.py:4180} INFO - Setting next_dagrun for example_time_delta_sensor_async to None, run_after=None
[2024-10-10T16:40:18.848+0900] {processor.py:208} INFO - Processing /Users/alookso/1007MLpj/myenv/lib/python3.10/site-packages/airflow/example_dags/example_time_delta_sensor_async.py took 1.007 seconds
[2024-10-10T16:43:58.060+0900] {processor.py:186} INFO - Started process (PID=58249) to work on /Users/alookso/1007MLpj/myenv/lib/python3.10/site-packages/airflow/example_dags/example_time_delta_sensor_async.py
[2024-10-10T16:43:58.060+0900] {processor.py:914} INFO - Processing file /Users/alookso/1007MLpj/myenv/lib/python3.10/site-packages/airflow/example_dags/example_time_delta_sensor_async.py for tasks to queue
[2024-10-10T16:43:58.061+0900] {logging_mixin.py:190} INFO - [2024-10-10T16:43:58.061+0900] {dagbag.py:588} INFO - Filling up the DagBag from /Users/alookso/1007MLpj/myenv/lib/python3.10/site-packages/airflow/example_dags/example_time_delta_sensor_async.py
[2024-10-10T16:43:58.072+0900] {processor.py:925} INFO - DAG(s) 'example_time_delta_sensor_async' retrieved from /Users/alookso/1007MLpj/myenv/lib/python3.10/site-packages/airflow/example_dags/example_time_delta_sensor_async.py
[2024-10-10T16:43:58.858+0900] {logging_mixin.py:190} INFO - [2024-10-10T16:43:58.857+0900] {dag.py:3239} INFO - Sync 1 DAGs
[2024-10-10T16:43:58.872+0900] {logging_mixin.py:190} INFO - [2024-10-10T16:43:58.871+0900] {dag.py:4180} INFO - Setting next_dagrun for example_time_delta_sensor_async to None, run_after=None
[2024-10-10T16:43:58.964+0900] {processor.py:208} INFO - Processing /Users/alookso/1007MLpj/myenv/lib/python3.10/site-packages/airflow/example_dags/example_time_delta_sensor_async.py took 0.910 seconds
[2024-10-10T16:50:18.754+0900] {processor.py:186} INFO - Started process (PID=58602) to work on /Users/alookso/1007MLpj/myenv/lib/python3.10/site-packages/airflow/example_dags/example_time_delta_sensor_async.py
[2024-10-10T16:50:18.756+0900] {processor.py:914} INFO - Processing file /Users/alookso/1007MLpj/myenv/lib/python3.10/site-packages/airflow/example_dags/example_time_delta_sensor_async.py for tasks to queue
[2024-10-10T16:50:18.757+0900] {logging_mixin.py:190} INFO - [2024-10-10T16:50:18.757+0900] {dagbag.py:588} INFO - Filling up the DagBag from /Users/alookso/1007MLpj/myenv/lib/python3.10/site-packages/airflow/example_dags/example_time_delta_sensor_async.py
[2024-10-10T16:50:18.768+0900] {processor.py:925} INFO - DAG(s) 'example_time_delta_sensor_async' retrieved from /Users/alookso/1007MLpj/myenv/lib/python3.10/site-packages/airflow/example_dags/example_time_delta_sensor_async.py
[2024-10-10T16:50:19.646+0900] {logging_mixin.py:190} INFO - [2024-10-10T16:50:19.645+0900] {dag.py:3239} INFO - Sync 1 DAGs
[2024-10-10T16:50:19.668+0900] {logging_mixin.py:190} INFO - [2024-10-10T16:50:19.668+0900] {dag.py:4180} INFO - Setting next_dagrun for example_time_delta_sensor_async to None, run_after=None
[2024-10-10T16:50:19.773+0900] {processor.py:208} INFO - Processing /Users/alookso/1007MLpj/myenv/lib/python3.10/site-packages/airflow/example_dags/example_time_delta_sensor_async.py took 1.025 seconds
[2024-10-10T23:48:12.413+0900] {processor.py:186} INFO - Started process (PID=63435) to work on /Users/alookso/1007MLpj/myenv/lib/python3.10/site-packages/airflow/example_dags/example_time_delta_sensor_async.py
[2024-10-10T23:48:12.415+0900] {processor.py:914} INFO - Processing file /Users/alookso/1007MLpj/myenv/lib/python3.10/site-packages/airflow/example_dags/example_time_delta_sensor_async.py for tasks to queue
[2024-10-10T23:48:12.416+0900] {logging_mixin.py:190} INFO - [2024-10-10T23:48:12.416+0900] {dagbag.py:588} INFO - Filling up the DagBag from /Users/alookso/1007MLpj/myenv/lib/python3.10/site-packages/airflow/example_dags/example_time_delta_sensor_async.py
[2024-10-10T23:48:12.424+0900] {processor.py:925} INFO - DAG(s) 'example_time_delta_sensor_async' retrieved from /Users/alookso/1007MLpj/myenv/lib/python3.10/site-packages/airflow/example_dags/example_time_delta_sensor_async.py
[2024-10-10T23:48:13.172+0900] {logging_mixin.py:190} INFO - [2024-10-10T23:48:13.172+0900] {dag.py:3239} INFO - Sync 1 DAGs
[2024-10-10T23:48:13.186+0900] {logging_mixin.py:190} INFO - [2024-10-10T23:48:13.186+0900] {dag.py:4180} INFO - Setting next_dagrun for example_time_delta_sensor_async to None, run_after=None
[2024-10-10T23:48:13.277+0900] {processor.py:208} INFO - Processing /Users/alookso/1007MLpj/myenv/lib/python3.10/site-packages/airflow/example_dags/example_time_delta_sensor_async.py took 0.869 seconds
[2024-10-10T23:51:30.908+0900] {processor.py:186} INFO - Started process (PID=63615) to work on /Users/alookso/1007MLpj/myenv/lib/python3.10/site-packages/airflow/example_dags/example_time_delta_sensor_async.py
[2024-10-10T23:51:30.909+0900] {processor.py:914} INFO - Processing file /Users/alookso/1007MLpj/myenv/lib/python3.10/site-packages/airflow/example_dags/example_time_delta_sensor_async.py for tasks to queue
[2024-10-10T23:51:30.910+0900] {logging_mixin.py:190} INFO - [2024-10-10T23:51:30.910+0900] {dagbag.py:588} INFO - Filling up the DagBag from /Users/alookso/1007MLpj/myenv/lib/python3.10/site-packages/airflow/example_dags/example_time_delta_sensor_async.py
[2024-10-10T23:51:30.918+0900] {processor.py:925} INFO - DAG(s) 'example_time_delta_sensor_async' retrieved from /Users/alookso/1007MLpj/myenv/lib/python3.10/site-packages/airflow/example_dags/example_time_delta_sensor_async.py
[2024-10-10T23:51:31.674+0900] {logging_mixin.py:190} INFO - [2024-10-10T23:51:31.674+0900] {dag.py:3239} INFO - Sync 1 DAGs
[2024-10-10T23:51:31.688+0900] {logging_mixin.py:190} INFO - [2024-10-10T23:51:31.688+0900] {dag.py:4180} INFO - Setting next_dagrun for example_time_delta_sensor_async to None, run_after=None
[2024-10-10T23:51:31.783+0900] {processor.py:208} INFO - Processing /Users/alookso/1007MLpj/myenv/lib/python3.10/site-packages/airflow/example_dags/example_time_delta_sensor_async.py took 0.880 seconds
[2024-10-10T23:54:28.741+0900] {processor.py:186} INFO - Started process (PID=63775) to work on /Users/alookso/1007MLpj/myenv/lib/python3.10/site-packages/airflow/example_dags/example_time_delta_sensor_async.py
[2024-10-10T23:54:28.742+0900] {processor.py:914} INFO - Processing file /Users/alookso/1007MLpj/myenv/lib/python3.10/site-packages/airflow/example_dags/example_time_delta_sensor_async.py for tasks to queue
[2024-10-10T23:54:28.743+0900] {logging_mixin.py:190} INFO - [2024-10-10T23:54:28.743+0900] {dagbag.py:588} INFO - Filling up the DagBag from /Users/alookso/1007MLpj/myenv/lib/python3.10/site-packages/airflow/example_dags/example_time_delta_sensor_async.py
[2024-10-10T23:54:28.752+0900] {processor.py:925} INFO - DAG(s) 'example_time_delta_sensor_async' retrieved from /Users/alookso/1007MLpj/myenv/lib/python3.10/site-packages/airflow/example_dags/example_time_delta_sensor_async.py
[2024-10-10T23:54:29.521+0900] {logging_mixin.py:190} INFO - [2024-10-10T23:54:29.520+0900] {dag.py:3239} INFO - Sync 1 DAGs
[2024-10-10T23:54:29.535+0900] {logging_mixin.py:190} INFO - [2024-10-10T23:54:29.535+0900] {dag.py:4180} INFO - Setting next_dagrun for example_time_delta_sensor_async to None, run_after=None
[2024-10-10T23:54:29.634+0900] {processor.py:208} INFO - Processing /Users/alookso/1007MLpj/myenv/lib/python3.10/site-packages/airflow/example_dags/example_time_delta_sensor_async.py took 0.898 seconds
[2024-10-10T23:56:51.527+0900] {processor.py:186} INFO - Started process (PID=63866) to work on /Users/alookso/1007MLpj/myenv/lib/python3.10/site-packages/airflow/example_dags/example_time_delta_sensor_async.py
[2024-10-10T23:56:51.528+0900] {processor.py:914} INFO - Processing file /Users/alookso/1007MLpj/myenv/lib/python3.10/site-packages/airflow/example_dags/example_time_delta_sensor_async.py for tasks to queue
[2024-10-10T23:56:51.529+0900] {logging_mixin.py:190} INFO - [2024-10-10T23:56:51.529+0900] {dagbag.py:588} INFO - Filling up the DagBag from /Users/alookso/1007MLpj/myenv/lib/python3.10/site-packages/airflow/example_dags/example_time_delta_sensor_async.py
[2024-10-10T23:56:51.540+0900] {processor.py:925} INFO - DAG(s) 'example_time_delta_sensor_async' retrieved from /Users/alookso/1007MLpj/myenv/lib/python3.10/site-packages/airflow/example_dags/example_time_delta_sensor_async.py
[2024-10-10T23:56:52.414+0900] {logging_mixin.py:190} INFO - [2024-10-10T23:56:52.413+0900] {dag.py:3239} INFO - Sync 1 DAGs
[2024-10-10T23:56:52.430+0900] {logging_mixin.py:190} INFO - [2024-10-10T23:56:52.430+0900] {dag.py:4180} INFO - Setting next_dagrun for example_time_delta_sensor_async to None, run_after=None
[2024-10-10T23:56:52.540+0900] {processor.py:208} INFO - Processing /Users/alookso/1007MLpj/myenv/lib/python3.10/site-packages/airflow/example_dags/example_time_delta_sensor_async.py took 1.019 seconds
[2024-10-11T00:01:30.526+0900] {processor.py:186} INFO - Started process (PID=64077) to work on /Users/alookso/1007MLpj/myenv/lib/python3.10/site-packages/airflow/example_dags/example_time_delta_sensor_async.py
[2024-10-11T00:01:30.527+0900] {processor.py:914} INFO - Processing file /Users/alookso/1007MLpj/myenv/lib/python3.10/site-packages/airflow/example_dags/example_time_delta_sensor_async.py for tasks to queue
[2024-10-11T00:01:30.528+0900] {logging_mixin.py:190} INFO - [2024-10-11T00:01:30.528+0900] {dagbag.py:588} INFO - Filling up the DagBag from /Users/alookso/1007MLpj/myenv/lib/python3.10/site-packages/airflow/example_dags/example_time_delta_sensor_async.py
[2024-10-11T00:01:30.537+0900] {processor.py:925} INFO - DAG(s) 'example_time_delta_sensor_async' retrieved from /Users/alookso/1007MLpj/myenv/lib/python3.10/site-packages/airflow/example_dags/example_time_delta_sensor_async.py
[2024-10-11T00:01:31.296+0900] {logging_mixin.py:190} INFO - [2024-10-11T00:01:31.296+0900] {dag.py:3239} INFO - Sync 1 DAGs
[2024-10-11T00:01:31.312+0900] {logging_mixin.py:190} INFO - [2024-10-11T00:01:31.312+0900] {dag.py:4180} INFO - Setting next_dagrun for example_time_delta_sensor_async to None, run_after=None
[2024-10-11T00:01:31.418+0900] {processor.py:208} INFO - Processing /Users/alookso/1007MLpj/myenv/lib/python3.10/site-packages/airflow/example_dags/example_time_delta_sensor_async.py took 0.896 seconds
[2024-10-11T00:04:43.036+0900] {processor.py:186} INFO - Started process (PID=64252) to work on /Users/alookso/1007MLpj/myenv/lib/python3.10/site-packages/airflow/example_dags/example_time_delta_sensor_async.py
[2024-10-11T00:04:43.037+0900] {processor.py:914} INFO - Processing file /Users/alookso/1007MLpj/myenv/lib/python3.10/site-packages/airflow/example_dags/example_time_delta_sensor_async.py for tasks to queue
[2024-10-11T00:04:43.038+0900] {logging_mixin.py:190} INFO - [2024-10-11T00:04:43.038+0900] {dagbag.py:588} INFO - Filling up the DagBag from /Users/alookso/1007MLpj/myenv/lib/python3.10/site-packages/airflow/example_dags/example_time_delta_sensor_async.py
[2024-10-11T00:04:43.061+0900] {processor.py:925} INFO - DAG(s) 'example_time_delta_sensor_async' retrieved from /Users/alookso/1007MLpj/myenv/lib/python3.10/site-packages/airflow/example_dags/example_time_delta_sensor_async.py
[2024-10-11T00:04:44.050+0900] {logging_mixin.py:190} INFO - [2024-10-11T00:04:44.050+0900] {dag.py:3239} INFO - Sync 1 DAGs
[2024-10-11T00:04:44.063+0900] {logging_mixin.py:190} INFO - [2024-10-11T00:04:44.063+0900] {dag.py:4180} INFO - Setting next_dagrun for example_time_delta_sensor_async to None, run_after=None
[2024-10-11T00:04:44.154+0900] {processor.py:208} INFO - Processing /Users/alookso/1007MLpj/myenv/lib/python3.10/site-packages/airflow/example_dags/example_time_delta_sensor_async.py took 1.127 seconds
[2024-10-11T00:08:40.706+0900] {processor.py:186} INFO - Started process (PID=64483) to work on /Users/alookso/1007MLpj/myenv/lib/python3.10/site-packages/airflow/example_dags/example_time_delta_sensor_async.py
[2024-10-11T00:08:40.707+0900] {processor.py:914} INFO - Processing file /Users/alookso/1007MLpj/myenv/lib/python3.10/site-packages/airflow/example_dags/example_time_delta_sensor_async.py for tasks to queue
[2024-10-11T00:08:40.708+0900] {logging_mixin.py:190} INFO - [2024-10-11T00:08:40.708+0900] {dagbag.py:588} INFO - Filling up the DagBag from /Users/alookso/1007MLpj/myenv/lib/python3.10/site-packages/airflow/example_dags/example_time_delta_sensor_async.py
[2024-10-11T00:08:40.716+0900] {processor.py:925} INFO - DAG(s) 'example_time_delta_sensor_async' retrieved from /Users/alookso/1007MLpj/myenv/lib/python3.10/site-packages/airflow/example_dags/example_time_delta_sensor_async.py
[2024-10-11T00:08:41.487+0900] {logging_mixin.py:190} INFO - [2024-10-11T00:08:41.487+0900] {dag.py:3239} INFO - Sync 1 DAGs
[2024-10-11T00:08:41.501+0900] {logging_mixin.py:190} INFO - [2024-10-11T00:08:41.501+0900] {dag.py:4180} INFO - Setting next_dagrun for example_time_delta_sensor_async to None, run_after=None
[2024-10-11T00:08:41.591+0900] {processor.py:208} INFO - Processing /Users/alookso/1007MLpj/myenv/lib/python3.10/site-packages/airflow/example_dags/example_time_delta_sensor_async.py took 0.890 seconds
[2024-10-11T00:11:43.473+0900] {processor.py:186} INFO - Started process (PID=64611) to work on /Users/alookso/1007MLpj/myenv/lib/python3.10/site-packages/airflow/example_dags/example_time_delta_sensor_async.py
[2024-10-11T00:11:43.474+0900] {processor.py:914} INFO - Processing file /Users/alookso/1007MLpj/myenv/lib/python3.10/site-packages/airflow/example_dags/example_time_delta_sensor_async.py for tasks to queue
[2024-10-11T00:11:43.475+0900] {logging_mixin.py:190} INFO - [2024-10-11T00:11:43.475+0900] {dagbag.py:588} INFO - Filling up the DagBag from /Users/alookso/1007MLpj/myenv/lib/python3.10/site-packages/airflow/example_dags/example_time_delta_sensor_async.py
[2024-10-11T00:11:43.483+0900] {processor.py:925} INFO - DAG(s) 'example_time_delta_sensor_async' retrieved from /Users/alookso/1007MLpj/myenv/lib/python3.10/site-packages/airflow/example_dags/example_time_delta_sensor_async.py
[2024-10-11T00:11:44.243+0900] {logging_mixin.py:190} INFO - [2024-10-11T00:11:44.242+0900] {dag.py:3239} INFO - Sync 1 DAGs
[2024-10-11T00:11:44.256+0900] {logging_mixin.py:190} INFO - [2024-10-11T00:11:44.256+0900] {dag.py:4180} INFO - Setting next_dagrun for example_time_delta_sensor_async to None, run_after=None
[2024-10-11T00:11:44.348+0900] {processor.py:208} INFO - Processing /Users/alookso/1007MLpj/myenv/lib/python3.10/site-packages/airflow/example_dags/example_time_delta_sensor_async.py took 0.879 seconds
[2024-10-11T00:14:14.112+0900] {processor.py:186} INFO - Started process (PID=64737) to work on /Users/alookso/1007MLpj/myenv/lib/python3.10/site-packages/airflow/example_dags/example_time_delta_sensor_async.py
[2024-10-11T00:14:14.113+0900] {processor.py:914} INFO - Processing file /Users/alookso/1007MLpj/myenv/lib/python3.10/site-packages/airflow/example_dags/example_time_delta_sensor_async.py for tasks to queue
[2024-10-11T00:14:14.113+0900] {logging_mixin.py:190} INFO - [2024-10-11T00:14:14.113+0900] {dagbag.py:588} INFO - Filling up the DagBag from /Users/alookso/1007MLpj/myenv/lib/python3.10/site-packages/airflow/example_dags/example_time_delta_sensor_async.py
[2024-10-11T00:14:14.122+0900] {processor.py:925} INFO - DAG(s) 'example_time_delta_sensor_async' retrieved from /Users/alookso/1007MLpj/myenv/lib/python3.10/site-packages/airflow/example_dags/example_time_delta_sensor_async.py
[2024-10-11T00:14:14.870+0900] {logging_mixin.py:190} INFO - [2024-10-11T00:14:14.870+0900] {dag.py:3239} INFO - Sync 1 DAGs
[2024-10-11T00:14:14.883+0900] {logging_mixin.py:190} INFO - [2024-10-11T00:14:14.883+0900] {dag.py:4180} INFO - Setting next_dagrun for example_time_delta_sensor_async to None, run_after=None
[2024-10-11T00:14:14.969+0900] {processor.py:208} INFO - Processing /Users/alookso/1007MLpj/myenv/lib/python3.10/site-packages/airflow/example_dags/example_time_delta_sensor_async.py took 0.862 seconds
[2024-10-11T00:16:52.074+0900] {processor.py:186} INFO - Started process (PID=64816) to work on /Users/alookso/1007MLpj/myenv/lib/python3.10/site-packages/airflow/example_dags/example_time_delta_sensor_async.py
[2024-10-11T00:16:52.075+0900] {processor.py:914} INFO - Processing file /Users/alookso/1007MLpj/myenv/lib/python3.10/site-packages/airflow/example_dags/example_time_delta_sensor_async.py for tasks to queue
[2024-10-11T00:16:52.075+0900] {logging_mixin.py:190} INFO - [2024-10-11T00:16:52.075+0900] {dagbag.py:588} INFO - Filling up the DagBag from /Users/alookso/1007MLpj/myenv/lib/python3.10/site-packages/airflow/example_dags/example_time_delta_sensor_async.py
[2024-10-11T00:16:52.084+0900] {processor.py:925} INFO - DAG(s) 'example_time_delta_sensor_async' retrieved from /Users/alookso/1007MLpj/myenv/lib/python3.10/site-packages/airflow/example_dags/example_time_delta_sensor_async.py
[2024-10-11T00:16:52.832+0900] {logging_mixin.py:190} INFO - [2024-10-11T00:16:52.831+0900] {dag.py:3239} INFO - Sync 1 DAGs
[2024-10-11T00:16:52.845+0900] {logging_mixin.py:190} INFO - [2024-10-11T00:16:52.845+0900] {dag.py:4180} INFO - Setting next_dagrun for example_time_delta_sensor_async to None, run_after=None
[2024-10-11T00:16:52.932+0900] {processor.py:208} INFO - Processing /Users/alookso/1007MLpj/myenv/lib/python3.10/site-packages/airflow/example_dags/example_time_delta_sensor_async.py took 0.863 seconds
[2024-10-11T00:19:26.537+0900] {processor.py:186} INFO - Started process (PID=64902) to work on /Users/alookso/1007MLpj/myenv/lib/python3.10/site-packages/airflow/example_dags/example_time_delta_sensor_async.py
[2024-10-11T00:19:26.538+0900] {processor.py:914} INFO - Processing file /Users/alookso/1007MLpj/myenv/lib/python3.10/site-packages/airflow/example_dags/example_time_delta_sensor_async.py for tasks to queue
[2024-10-11T00:19:26.539+0900] {logging_mixin.py:190} INFO - [2024-10-11T00:19:26.539+0900] {dagbag.py:588} INFO - Filling up the DagBag from /Users/alookso/1007MLpj/myenv/lib/python3.10/site-packages/airflow/example_dags/example_time_delta_sensor_async.py
[2024-10-11T00:19:26.547+0900] {processor.py:925} INFO - DAG(s) 'example_time_delta_sensor_async' retrieved from /Users/alookso/1007MLpj/myenv/lib/python3.10/site-packages/airflow/example_dags/example_time_delta_sensor_async.py
[2024-10-11T00:19:27.307+0900] {logging_mixin.py:190} INFO - [2024-10-11T00:19:27.306+0900] {dag.py:3239} INFO - Sync 1 DAGs
[2024-10-11T00:19:27.321+0900] {logging_mixin.py:190} INFO - [2024-10-11T00:19:27.320+0900] {dag.py:4180} INFO - Setting next_dagrun for example_time_delta_sensor_async to None, run_after=None
[2024-10-11T00:19:27.436+0900] {processor.py:208} INFO - Processing /Users/alookso/1007MLpj/myenv/lib/python3.10/site-packages/airflow/example_dags/example_time_delta_sensor_async.py took 0.904 seconds
[2024-10-11T00:22:03.787+0900] {processor.py:186} INFO - Started process (PID=65005) to work on /Users/alookso/1007MLpj/myenv/lib/python3.10/site-packages/airflow/example_dags/example_time_delta_sensor_async.py
[2024-10-11T00:22:03.788+0900] {processor.py:914} INFO - Processing file /Users/alookso/1007MLpj/myenv/lib/python3.10/site-packages/airflow/example_dags/example_time_delta_sensor_async.py for tasks to queue
[2024-10-11T00:22:03.789+0900] {logging_mixin.py:190} INFO - [2024-10-11T00:22:03.788+0900] {dagbag.py:588} INFO - Filling up the DagBag from /Users/alookso/1007MLpj/myenv/lib/python3.10/site-packages/airflow/example_dags/example_time_delta_sensor_async.py
[2024-10-11T00:22:03.797+0900] {processor.py:925} INFO - DAG(s) 'example_time_delta_sensor_async' retrieved from /Users/alookso/1007MLpj/myenv/lib/python3.10/site-packages/airflow/example_dags/example_time_delta_sensor_async.py
[2024-10-11T00:22:04.572+0900] {logging_mixin.py:190} INFO - [2024-10-11T00:22:04.572+0900] {dag.py:3239} INFO - Sync 1 DAGs
[2024-10-11T00:22:04.586+0900] {logging_mixin.py:190} INFO - [2024-10-11T00:22:04.586+0900] {dag.py:4180} INFO - Setting next_dagrun for example_time_delta_sensor_async to None, run_after=None
[2024-10-11T00:22:04.691+0900] {processor.py:208} INFO - Processing /Users/alookso/1007MLpj/myenv/lib/python3.10/site-packages/airflow/example_dags/example_time_delta_sensor_async.py took 0.911 seconds
[2024-10-11T00:24:36.901+0900] {processor.py:186} INFO - Started process (PID=65081) to work on /Users/alookso/1007MLpj/myenv/lib/python3.10/site-packages/airflow/example_dags/example_time_delta_sensor_async.py
[2024-10-11T00:24:36.902+0900] {processor.py:914} INFO - Processing file /Users/alookso/1007MLpj/myenv/lib/python3.10/site-packages/airflow/example_dags/example_time_delta_sensor_async.py for tasks to queue
[2024-10-11T00:24:36.903+0900] {logging_mixin.py:190} INFO - [2024-10-11T00:24:36.903+0900] {dagbag.py:588} INFO - Filling up the DagBag from /Users/alookso/1007MLpj/myenv/lib/python3.10/site-packages/airflow/example_dags/example_time_delta_sensor_async.py
[2024-10-11T00:24:36.911+0900] {processor.py:925} INFO - DAG(s) 'example_time_delta_sensor_async' retrieved from /Users/alookso/1007MLpj/myenv/lib/python3.10/site-packages/airflow/example_dags/example_time_delta_sensor_async.py
[2024-10-11T00:24:37.687+0900] {logging_mixin.py:190} INFO - [2024-10-11T00:24:37.687+0900] {dag.py:3239} INFO - Sync 1 DAGs
[2024-10-11T00:24:37.702+0900] {logging_mixin.py:190} INFO - [2024-10-11T00:24:37.701+0900] {dag.py:4180} INFO - Setting next_dagrun for example_time_delta_sensor_async to None, run_after=None
[2024-10-11T00:24:37.793+0900] {processor.py:208} INFO - Processing /Users/alookso/1007MLpj/myenv/lib/python3.10/site-packages/airflow/example_dags/example_time_delta_sensor_async.py took 0.896 seconds
[2024-10-11T00:27:37.479+0900] {processor.py:186} INFO - Started process (PID=65222) to work on /Users/alookso/1007MLpj/myenv/lib/python3.10/site-packages/airflow/example_dags/example_time_delta_sensor_async.py
[2024-10-11T00:27:37.480+0900] {processor.py:914} INFO - Processing file /Users/alookso/1007MLpj/myenv/lib/python3.10/site-packages/airflow/example_dags/example_time_delta_sensor_async.py for tasks to queue
[2024-10-11T00:27:37.481+0900] {logging_mixin.py:190} INFO - [2024-10-11T00:27:37.481+0900] {dagbag.py:588} INFO - Filling up the DagBag from /Users/alookso/1007MLpj/myenv/lib/python3.10/site-packages/airflow/example_dags/example_time_delta_sensor_async.py
[2024-10-11T00:27:37.489+0900] {processor.py:925} INFO - DAG(s) 'example_time_delta_sensor_async' retrieved from /Users/alookso/1007MLpj/myenv/lib/python3.10/site-packages/airflow/example_dags/example_time_delta_sensor_async.py
[2024-10-11T00:27:38.261+0900] {logging_mixin.py:190} INFO - [2024-10-11T00:27:38.261+0900] {dag.py:3239} INFO - Sync 1 DAGs
[2024-10-11T00:27:38.276+0900] {logging_mixin.py:190} INFO - [2024-10-11T00:27:38.275+0900] {dag.py:4180} INFO - Setting next_dagrun for example_time_delta_sensor_async to None, run_after=None
[2024-10-11T00:27:38.370+0900] {processor.py:208} INFO - Processing /Users/alookso/1007MLpj/myenv/lib/python3.10/site-packages/airflow/example_dags/example_time_delta_sensor_async.py took 0.896 seconds
[2024-10-11T00:30:59.508+0900] {processor.py:186} INFO - Started process (PID=65399) to work on /Users/alookso/1007MLpj/myenv/lib/python3.10/site-packages/airflow/example_dags/example_time_delta_sensor_async.py
[2024-10-11T00:30:59.509+0900] {processor.py:914} INFO - Processing file /Users/alookso/1007MLpj/myenv/lib/python3.10/site-packages/airflow/example_dags/example_time_delta_sensor_async.py for tasks to queue
[2024-10-11T00:30:59.510+0900] {logging_mixin.py:190} INFO - [2024-10-11T00:30:59.509+0900] {dagbag.py:588} INFO - Filling up the DagBag from /Users/alookso/1007MLpj/myenv/lib/python3.10/site-packages/airflow/example_dags/example_time_delta_sensor_async.py
[2024-10-11T00:30:59.518+0900] {processor.py:925} INFO - DAG(s) 'example_time_delta_sensor_async' retrieved from /Users/alookso/1007MLpj/myenv/lib/python3.10/site-packages/airflow/example_dags/example_time_delta_sensor_async.py
[2024-10-11T00:31:00.273+0900] {logging_mixin.py:190} INFO - [2024-10-11T00:31:00.272+0900] {dag.py:3239} INFO - Sync 1 DAGs
[2024-10-11T00:31:00.286+0900] {logging_mixin.py:190} INFO - [2024-10-11T00:31:00.286+0900] {dag.py:4180} INFO - Setting next_dagrun for example_time_delta_sensor_async to None, run_after=None
[2024-10-11T00:31:00.378+0900] {processor.py:208} INFO - Processing /Users/alookso/1007MLpj/myenv/lib/python3.10/site-packages/airflow/example_dags/example_time_delta_sensor_async.py took 0.875 seconds
[2024-10-11T00:34:48.529+0900] {processor.py:186} INFO - Started process (PID=65569) to work on /Users/alookso/1007MLpj/myenv/lib/python3.10/site-packages/airflow/example_dags/example_time_delta_sensor_async.py
[2024-10-11T00:34:48.530+0900] {processor.py:914} INFO - Processing file /Users/alookso/1007MLpj/myenv/lib/python3.10/site-packages/airflow/example_dags/example_time_delta_sensor_async.py for tasks to queue
[2024-10-11T00:34:48.531+0900] {logging_mixin.py:190} INFO - [2024-10-11T00:34:48.531+0900] {dagbag.py:588} INFO - Filling up the DagBag from /Users/alookso/1007MLpj/myenv/lib/python3.10/site-packages/airflow/example_dags/example_time_delta_sensor_async.py
[2024-10-11T00:34:48.540+0900] {processor.py:925} INFO - DAG(s) 'example_time_delta_sensor_async' retrieved from /Users/alookso/1007MLpj/myenv/lib/python3.10/site-packages/airflow/example_dags/example_time_delta_sensor_async.py
[2024-10-11T00:34:49.311+0900] {logging_mixin.py:190} INFO - [2024-10-11T00:34:49.310+0900] {dag.py:3239} INFO - Sync 1 DAGs
[2024-10-11T00:34:49.326+0900] {logging_mixin.py:190} INFO - [2024-10-11T00:34:49.325+0900] {dag.py:4180} INFO - Setting next_dagrun for example_time_delta_sensor_async to None, run_after=None
[2024-10-11T00:34:49.422+0900] {processor.py:208} INFO - Processing /Users/alookso/1007MLpj/myenv/lib/python3.10/site-packages/airflow/example_dags/example_time_delta_sensor_async.py took 0.897 seconds
[2024-10-11T00:38:32.277+0900] {processor.py:186} INFO - Started process (PID=65758) to work on /Users/alookso/1007MLpj/myenv/lib/python3.10/site-packages/airflow/example_dags/example_time_delta_sensor_async.py
[2024-10-11T00:38:32.278+0900] {processor.py:914} INFO - Processing file /Users/alookso/1007MLpj/myenv/lib/python3.10/site-packages/airflow/example_dags/example_time_delta_sensor_async.py for tasks to queue
[2024-10-11T00:38:32.279+0900] {logging_mixin.py:190} INFO - [2024-10-11T00:38:32.279+0900] {dagbag.py:588} INFO - Filling up the DagBag from /Users/alookso/1007MLpj/myenv/lib/python3.10/site-packages/airflow/example_dags/example_time_delta_sensor_async.py
[2024-10-11T00:38:32.289+0900] {processor.py:925} INFO - DAG(s) 'example_time_delta_sensor_async' retrieved from /Users/alookso/1007MLpj/myenv/lib/python3.10/site-packages/airflow/example_dags/example_time_delta_sensor_async.py
[2024-10-11T00:38:33.077+0900] {logging_mixin.py:190} INFO - [2024-10-11T00:38:33.077+0900] {dag.py:3239} INFO - Sync 1 DAGs
[2024-10-11T00:38:33.091+0900] {logging_mixin.py:190} INFO - [2024-10-11T00:38:33.091+0900] {dag.py:4180} INFO - Setting next_dagrun for example_time_delta_sensor_async to None, run_after=None
[2024-10-11T00:38:33.186+0900] {processor.py:208} INFO - Processing /Users/alookso/1007MLpj/myenv/lib/python3.10/site-packages/airflow/example_dags/example_time_delta_sensor_async.py took 0.915 seconds
[2024-10-11T00:42:02.428+0900] {processor.py:186} INFO - Started process (PID=65928) to work on /Users/alookso/1007MLpj/myenv/lib/python3.10/site-packages/airflow/example_dags/example_time_delta_sensor_async.py
[2024-10-11T00:42:02.429+0900] {processor.py:914} INFO - Processing file /Users/alookso/1007MLpj/myenv/lib/python3.10/site-packages/airflow/example_dags/example_time_delta_sensor_async.py for tasks to queue
[2024-10-11T00:42:02.429+0900] {logging_mixin.py:190} INFO - [2024-10-11T00:42:02.429+0900] {dagbag.py:588} INFO - Filling up the DagBag from /Users/alookso/1007MLpj/myenv/lib/python3.10/site-packages/airflow/example_dags/example_time_delta_sensor_async.py
[2024-10-11T00:42:02.438+0900] {processor.py:925} INFO - DAG(s) 'example_time_delta_sensor_async' retrieved from /Users/alookso/1007MLpj/myenv/lib/python3.10/site-packages/airflow/example_dags/example_time_delta_sensor_async.py
[2024-10-11T00:42:03.211+0900] {logging_mixin.py:190} INFO - [2024-10-11T00:42:03.210+0900] {dag.py:3239} INFO - Sync 1 DAGs
[2024-10-11T00:42:03.225+0900] {logging_mixin.py:190} INFO - [2024-10-11T00:42:03.225+0900] {dag.py:4180} INFO - Setting next_dagrun for example_time_delta_sensor_async to None, run_after=None
[2024-10-11T00:42:03.323+0900] {processor.py:208} INFO - Processing /Users/alookso/1007MLpj/myenv/lib/python3.10/site-packages/airflow/example_dags/example_time_delta_sensor_async.py took 0.900 seconds
[2024-10-11T00:45:15.828+0900] {processor.py:186} INFO - Started process (PID=66065) to work on /Users/alookso/1007MLpj/myenv/lib/python3.10/site-packages/airflow/example_dags/example_time_delta_sensor_async.py
[2024-10-11T00:45:15.828+0900] {processor.py:914} INFO - Processing file /Users/alookso/1007MLpj/myenv/lib/python3.10/site-packages/airflow/example_dags/example_time_delta_sensor_async.py for tasks to queue
[2024-10-11T00:45:15.829+0900] {logging_mixin.py:190} INFO - [2024-10-11T00:45:15.829+0900] {dagbag.py:588} INFO - Filling up the DagBag from /Users/alookso/1007MLpj/myenv/lib/python3.10/site-packages/airflow/example_dags/example_time_delta_sensor_async.py
[2024-10-11T00:45:15.838+0900] {processor.py:925} INFO - DAG(s) 'example_time_delta_sensor_async' retrieved from /Users/alookso/1007MLpj/myenv/lib/python3.10/site-packages/airflow/example_dags/example_time_delta_sensor_async.py
[2024-10-11T00:45:16.599+0900] {logging_mixin.py:190} INFO - [2024-10-11T00:45:16.599+0900] {dag.py:3239} INFO - Sync 1 DAGs
[2024-10-11T00:45:16.614+0900] {logging_mixin.py:190} INFO - [2024-10-11T00:45:16.614+0900] {dag.py:4180} INFO - Setting next_dagrun for example_time_delta_sensor_async to None, run_after=None
[2024-10-11T00:45:16.714+0900] {processor.py:208} INFO - Processing /Users/alookso/1007MLpj/myenv/lib/python3.10/site-packages/airflow/example_dags/example_time_delta_sensor_async.py took 0.891 seconds
[2024-10-11T00:47:50.932+0900] {processor.py:186} INFO - Started process (PID=66153) to work on /Users/alookso/1007MLpj/myenv/lib/python3.10/site-packages/airflow/example_dags/example_time_delta_sensor_async.py
[2024-10-11T00:47:50.932+0900] {processor.py:914} INFO - Processing file /Users/alookso/1007MLpj/myenv/lib/python3.10/site-packages/airflow/example_dags/example_time_delta_sensor_async.py for tasks to queue
[2024-10-11T00:47:50.933+0900] {logging_mixin.py:190} INFO - [2024-10-11T00:47:50.933+0900] {dagbag.py:588} INFO - Filling up the DagBag from /Users/alookso/1007MLpj/myenv/lib/python3.10/site-packages/airflow/example_dags/example_time_delta_sensor_async.py
[2024-10-11T00:47:50.942+0900] {processor.py:925} INFO - DAG(s) 'example_time_delta_sensor_async' retrieved from /Users/alookso/1007MLpj/myenv/lib/python3.10/site-packages/airflow/example_dags/example_time_delta_sensor_async.py
[2024-10-11T00:47:51.714+0900] {logging_mixin.py:190} INFO - [2024-10-11T00:47:51.714+0900] {dag.py:3239} INFO - Sync 1 DAGs
[2024-10-11T00:47:51.729+0900] {logging_mixin.py:190} INFO - [2024-10-11T00:47:51.729+0900] {dag.py:4180} INFO - Setting next_dagrun for example_time_delta_sensor_async to None, run_after=None
[2024-10-11T00:47:51.822+0900] {processor.py:208} INFO - Processing /Users/alookso/1007MLpj/myenv/lib/python3.10/site-packages/airflow/example_dags/example_time_delta_sensor_async.py took 0.895 seconds
[2024-10-11T00:49:37.515+0900] {processor.py:186} INFO - Started process (PID=66292) to work on /Users/alookso/1007MLpj/myenv/lib/python3.10/site-packages/airflow/example_dags/example_time_delta_sensor_async.py
[2024-10-11T00:49:37.516+0900] {processor.py:914} INFO - Processing file /Users/alookso/1007MLpj/myenv/lib/python3.10/site-packages/airflow/example_dags/example_time_delta_sensor_async.py for tasks to queue
[2024-10-11T00:49:37.517+0900] {logging_mixin.py:190} INFO - [2024-10-11T00:49:37.516+0900] {dagbag.py:588} INFO - Filling up the DagBag from /Users/alookso/1007MLpj/myenv/lib/python3.10/site-packages/airflow/example_dags/example_time_delta_sensor_async.py
[2024-10-11T00:49:37.526+0900] {processor.py:925} INFO - DAG(s) 'example_time_delta_sensor_async' retrieved from /Users/alookso/1007MLpj/myenv/lib/python3.10/site-packages/airflow/example_dags/example_time_delta_sensor_async.py
[2024-10-11T00:49:38.284+0900] {logging_mixin.py:190} INFO - [2024-10-11T00:49:38.283+0900] {dag.py:3239} INFO - Sync 1 DAGs
[2024-10-11T00:49:38.297+0900] {logging_mixin.py:190} INFO - [2024-10-11T00:49:38.297+0900] {dag.py:4180} INFO - Setting next_dagrun for example_time_delta_sensor_async to None, run_after=None
[2024-10-11T00:49:38.392+0900] {processor.py:208} INFO - Processing /Users/alookso/1007MLpj/myenv/lib/python3.10/site-packages/airflow/example_dags/example_time_delta_sensor_async.py took 0.882 seconds
[2024-10-11T00:52:40.974+0900] {processor.py:186} INFO - Started process (PID=66462) to work on /Users/alookso/1007MLpj/myenv/lib/python3.10/site-packages/airflow/example_dags/example_time_delta_sensor_async.py
[2024-10-11T00:52:40.975+0900] {processor.py:914} INFO - Processing file /Users/alookso/1007MLpj/myenv/lib/python3.10/site-packages/airflow/example_dags/example_time_delta_sensor_async.py for tasks to queue
[2024-10-11T00:52:40.976+0900] {logging_mixin.py:190} INFO - [2024-10-11T00:52:40.976+0900] {dagbag.py:588} INFO - Filling up the DagBag from /Users/alookso/1007MLpj/myenv/lib/python3.10/site-packages/airflow/example_dags/example_time_delta_sensor_async.py
[2024-10-11T00:52:40.985+0900] {processor.py:925} INFO - DAG(s) 'example_time_delta_sensor_async' retrieved from /Users/alookso/1007MLpj/myenv/lib/python3.10/site-packages/airflow/example_dags/example_time_delta_sensor_async.py
[2024-10-11T00:52:41.744+0900] {logging_mixin.py:190} INFO - [2024-10-11T00:52:41.744+0900] {dag.py:3239} INFO - Sync 1 DAGs
[2024-10-11T00:52:41.758+0900] {logging_mixin.py:190} INFO - [2024-10-11T00:52:41.758+0900] {dag.py:4180} INFO - Setting next_dagrun for example_time_delta_sensor_async to None, run_after=None
[2024-10-11T00:52:41.850+0900] {processor.py:208} INFO - Processing /Users/alookso/1007MLpj/myenv/lib/python3.10/site-packages/airflow/example_dags/example_time_delta_sensor_async.py took 0.881 seconds
