[2024-10-10T15:34:10.312+0900] {processor.py:186} INFO - Started process (PID=56097) to work on /Users/alookso/1007MLpj/myenv/lib/python3.10/site-packages/airflow/example_dags/example_local_kubernetes_executor.py
[2024-10-10T15:34:10.312+0900] {processor.py:914} INFO - Processing file /Users/alookso/1007MLpj/myenv/lib/python3.10/site-packages/airflow/example_dags/example_local_kubernetes_executor.py for tasks to queue
[2024-10-10T15:34:10.313+0900] {logging_mixin.py:190} INFO - [2024-10-10T15:34:10.313+0900] {dagbag.py:588} INFO - Filling up the DagBag from /Users/alookso/1007MLpj/myenv/lib/python3.10/site-packages/airflow/example_dags/example_local_kubernetes_executor.py
[2024-10-10T15:34:10.357+0900] {processor.py:925} INFO - DAG(s) 'example_local_kubernetes_executor' retrieved from /Users/alookso/1007MLpj/myenv/lib/python3.10/site-packages/airflow/example_dags/example_local_kubernetes_executor.py
[2024-10-10T15:34:10.618+0900] {logging_mixin.py:190} INFO - [2024-10-10T15:34:10.617+0900] {override.py:1901} INFO - Created Permission View: can edit on DAG:example_local_kubernetes_executor
[2024-10-10T15:34:10.628+0900] {logging_mixin.py:190} INFO - [2024-10-10T15:34:10.628+0900] {override.py:1901} INFO - Created Permission View: can delete on DAG:example_local_kubernetes_executor
[2024-10-10T15:34:10.636+0900] {logging_mixin.py:190} INFO - [2024-10-10T15:34:10.635+0900] {override.py:1901} INFO - Created Permission View: can read on DAG:example_local_kubernetes_executor
[2024-10-10T15:34:10.645+0900] {logging_mixin.py:190} INFO - [2024-10-10T15:34:10.645+0900] {override.py:1901} INFO - Created Permission View: can create on DAG Run:example_local_kubernetes_executor
[2024-10-10T15:34:10.653+0900] {logging_mixin.py:190} INFO - [2024-10-10T15:34:10.653+0900] {override.py:1901} INFO - Created Permission View: can delete on DAG Run:example_local_kubernetes_executor
[2024-10-10T15:34:10.660+0900] {logging_mixin.py:190} INFO - [2024-10-10T15:34:10.660+0900] {override.py:1901} INFO - Created Permission View: menu access on DAG Run:example_local_kubernetes_executor
[2024-10-10T15:34:10.667+0900] {logging_mixin.py:190} INFO - [2024-10-10T15:34:10.667+0900] {override.py:1901} INFO - Created Permission View: can read on DAG Run:example_local_kubernetes_executor
[2024-10-10T15:34:10.668+0900] {logging_mixin.py:190} INFO - [2024-10-10T15:34:10.668+0900] {dag.py:3239} INFO - Sync 1 DAGs
[2024-10-10T15:34:10.684+0900] {logging_mixin.py:190} INFO - [2024-10-10T15:34:10.684+0900] {dag.py:3262} INFO - Creating ORM DAG for example_local_kubernetes_executor
[2024-10-10T15:34:10.685+0900] {logging_mixin.py:190} INFO - [2024-10-10T15:34:10.685+0900] {dag.py:4180} INFO - Setting next_dagrun for example_local_kubernetes_executor to None, run_after=None
[2024-10-10T15:34:10.704+0900] {processor.py:208} INFO - Processing /Users/alookso/1007MLpj/myenv/lib/python3.10/site-packages/airflow/example_dags/example_local_kubernetes_executor.py took 0.397 seconds
[2024-10-10T15:38:40.668+0900] {processor.py:186} INFO - Started process (PID=56266) to work on /Users/alookso/1007MLpj/myenv/lib/python3.10/site-packages/airflow/example_dags/example_local_kubernetes_executor.py
[2024-10-10T15:38:40.669+0900] {processor.py:914} INFO - Processing file /Users/alookso/1007MLpj/myenv/lib/python3.10/site-packages/airflow/example_dags/example_local_kubernetes_executor.py for tasks to queue
[2024-10-10T15:38:40.670+0900] {logging_mixin.py:190} INFO - [2024-10-10T15:38:40.670+0900] {dagbag.py:588} INFO - Filling up the DagBag from /Users/alookso/1007MLpj/myenv/lib/python3.10/site-packages/airflow/example_dags/example_local_kubernetes_executor.py
[2024-10-10T15:38:40.714+0900] {processor.py:925} INFO - DAG(s) 'example_local_kubernetes_executor' retrieved from /Users/alookso/1007MLpj/myenv/lib/python3.10/site-packages/airflow/example_dags/example_local_kubernetes_executor.py
[2024-10-10T15:38:40.866+0900] {logging_mixin.py:190} INFO - [2024-10-10T15:38:40.866+0900] {dag.py:3239} INFO - Sync 1 DAGs
[2024-10-10T15:38:40.879+0900] {logging_mixin.py:190} INFO - [2024-10-10T15:38:40.879+0900] {dag.py:4180} INFO - Setting next_dagrun for example_local_kubernetes_executor to None, run_after=None
[2024-10-10T15:38:40.898+0900] {processor.py:208} INFO - Processing /Users/alookso/1007MLpj/myenv/lib/python3.10/site-packages/airflow/example_dags/example_local_kubernetes_executor.py took 0.236 seconds
[2024-10-10T15:48:37.077+0900] {processor.py:186} INFO - Started process (PID=56751) to work on /Users/alookso/1007MLpj/myenv/lib/python3.10/site-packages/airflow/example_dags/example_local_kubernetes_executor.py
[2024-10-10T15:48:37.078+0900] {processor.py:914} INFO - Processing file /Users/alookso/1007MLpj/myenv/lib/python3.10/site-packages/airflow/example_dags/example_local_kubernetes_executor.py for tasks to queue
[2024-10-10T15:48:37.079+0900] {logging_mixin.py:190} INFO - [2024-10-10T15:48:37.079+0900] {dagbag.py:588} INFO - Filling up the DagBag from /Users/alookso/1007MLpj/myenv/lib/python3.10/site-packages/airflow/example_dags/example_local_kubernetes_executor.py
[2024-10-10T15:48:37.123+0900] {processor.py:925} INFO - DAG(s) 'example_local_kubernetes_executor' retrieved from /Users/alookso/1007MLpj/myenv/lib/python3.10/site-packages/airflow/example_dags/example_local_kubernetes_executor.py
[2024-10-10T15:48:37.272+0900] {logging_mixin.py:190} INFO - [2024-10-10T15:48:37.272+0900] {dag.py:3239} INFO - Sync 1 DAGs
[2024-10-10T15:48:37.285+0900] {logging_mixin.py:190} INFO - [2024-10-10T15:48:37.285+0900] {dag.py:4180} INFO - Setting next_dagrun for example_local_kubernetes_executor to None, run_after=None
[2024-10-10T15:48:37.307+0900] {processor.py:208} INFO - Processing /Users/alookso/1007MLpj/myenv/lib/python3.10/site-packages/airflow/example_dags/example_local_kubernetes_executor.py took 0.236 seconds
[2024-10-10T15:52:49.087+0900] {processor.py:186} INFO - Started process (PID=56922) to work on /Users/alookso/1007MLpj/myenv/lib/python3.10/site-packages/airflow/example_dags/example_local_kubernetes_executor.py
[2024-10-10T15:52:49.088+0900] {processor.py:914} INFO - Processing file /Users/alookso/1007MLpj/myenv/lib/python3.10/site-packages/airflow/example_dags/example_local_kubernetes_executor.py for tasks to queue
[2024-10-10T15:52:49.089+0900] {logging_mixin.py:190} INFO - [2024-10-10T15:52:49.089+0900] {dagbag.py:588} INFO - Filling up the DagBag from /Users/alookso/1007MLpj/myenv/lib/python3.10/site-packages/airflow/example_dags/example_local_kubernetes_executor.py
[2024-10-10T15:52:49.136+0900] {processor.py:925} INFO - DAG(s) 'example_local_kubernetes_executor' retrieved from /Users/alookso/1007MLpj/myenv/lib/python3.10/site-packages/airflow/example_dags/example_local_kubernetes_executor.py
[2024-10-10T15:52:49.302+0900] {logging_mixin.py:190} INFO - [2024-10-10T15:52:49.301+0900] {dag.py:3239} INFO - Sync 1 DAGs
[2024-10-10T16:19:55.624+0900] {processor.py:186} INFO - Started process (PID=57408) to work on /Users/alookso/1007MLpj/myenv/lib/python3.10/site-packages/airflow/example_dags/example_local_kubernetes_executor.py
[2024-10-10T16:19:55.626+0900] {processor.py:914} INFO - Processing file /Users/alookso/1007MLpj/myenv/lib/python3.10/site-packages/airflow/example_dags/example_local_kubernetes_executor.py for tasks to queue
[2024-10-10T16:19:55.627+0900] {logging_mixin.py:190} INFO - [2024-10-10T16:19:55.626+0900] {dagbag.py:588} INFO - Filling up the DagBag from /Users/alookso/1007MLpj/myenv/lib/python3.10/site-packages/airflow/example_dags/example_local_kubernetes_executor.py
[2024-10-10T16:19:55.668+0900] {processor.py:925} INFO - DAG(s) 'example_local_kubernetes_executor' retrieved from /Users/alookso/1007MLpj/myenv/lib/python3.10/site-packages/airflow/example_dags/example_local_kubernetes_executor.py
[2024-10-10T16:19:55.820+0900] {logging_mixin.py:190} INFO - [2024-10-10T16:19:55.820+0900] {dag.py:3239} INFO - Sync 1 DAGs
[2024-10-10T16:19:55.833+0900] {logging_mixin.py:190} INFO - [2024-10-10T16:19:55.833+0900] {dag.py:4180} INFO - Setting next_dagrun for example_local_kubernetes_executor to None, run_after=None
[2024-10-10T16:19:55.853+0900] {processor.py:208} INFO - Processing /Users/alookso/1007MLpj/myenv/lib/python3.10/site-packages/airflow/example_dags/example_local_kubernetes_executor.py took 0.233 seconds
[2024-10-10T16:24:00.662+0900] {processor.py:186} INFO - Started process (PID=57516) to work on /Users/alookso/1007MLpj/myenv/lib/python3.10/site-packages/airflow/example_dags/example_local_kubernetes_executor.py
[2024-10-10T16:24:00.664+0900] {processor.py:914} INFO - Processing file /Users/alookso/1007MLpj/myenv/lib/python3.10/site-packages/airflow/example_dags/example_local_kubernetes_executor.py for tasks to queue
[2024-10-10T16:24:00.665+0900] {logging_mixin.py:190} INFO - [2024-10-10T16:24:00.664+0900] {dagbag.py:588} INFO - Filling up the DagBag from /Users/alookso/1007MLpj/myenv/lib/python3.10/site-packages/airflow/example_dags/example_local_kubernetes_executor.py
[2024-10-10T16:24:00.712+0900] {processor.py:925} INFO - DAG(s) 'example_local_kubernetes_executor' retrieved from /Users/alookso/1007MLpj/myenv/lib/python3.10/site-packages/airflow/example_dags/example_local_kubernetes_executor.py
[2024-10-10T16:24:00.864+0900] {logging_mixin.py:190} INFO - [2024-10-10T16:24:00.863+0900] {dag.py:3239} INFO - Sync 1 DAGs
[2024-10-10T16:24:00.876+0900] {logging_mixin.py:190} INFO - [2024-10-10T16:24:00.876+0900] {dag.py:4180} INFO - Setting next_dagrun for example_local_kubernetes_executor to None, run_after=None
[2024-10-10T16:24:00.895+0900] {processor.py:208} INFO - Processing /Users/alookso/1007MLpj/myenv/lib/python3.10/site-packages/airflow/example_dags/example_local_kubernetes_executor.py took 0.239 seconds
[2024-10-10T16:27:40.913+0900] {processor.py:186} INFO - Started process (PID=57705) to work on /Users/alookso/1007MLpj/myenv/lib/python3.10/site-packages/airflow/example_dags/example_local_kubernetes_executor.py
[2024-10-10T16:27:40.916+0900] {processor.py:914} INFO - Processing file /Users/alookso/1007MLpj/myenv/lib/python3.10/site-packages/airflow/example_dags/example_local_kubernetes_executor.py for tasks to queue
[2024-10-10T16:27:40.918+0900] {logging_mixin.py:190} INFO - [2024-10-10T16:27:40.918+0900] {dagbag.py:588} INFO - Filling up the DagBag from /Users/alookso/1007MLpj/myenv/lib/python3.10/site-packages/airflow/example_dags/example_local_kubernetes_executor.py
[2024-10-10T16:27:40.976+0900] {processor.py:925} INFO - DAG(s) 'example_local_kubernetes_executor' retrieved from /Users/alookso/1007MLpj/myenv/lib/python3.10/site-packages/airflow/example_dags/example_local_kubernetes_executor.py
[2024-10-10T16:27:41.170+0900] {logging_mixin.py:190} INFO - [2024-10-10T16:27:41.170+0900] {dag.py:3239} INFO - Sync 1 DAGs
[2024-10-10T16:27:41.185+0900] {logging_mixin.py:190} INFO - [2024-10-10T16:27:41.184+0900] {dag.py:4180} INFO - Setting next_dagrun for example_local_kubernetes_executor to None, run_after=None
[2024-10-10T16:27:41.207+0900] {processor.py:208} INFO - Processing /Users/alookso/1007MLpj/myenv/lib/python3.10/site-packages/airflow/example_dags/example_local_kubernetes_executor.py took 0.301 seconds
[2024-10-10T16:34:05.380+0900] {processor.py:186} INFO - Started process (PID=58006) to work on /Users/alookso/1007MLpj/myenv/lib/python3.10/site-packages/airflow/example_dags/example_local_kubernetes_executor.py
[2024-10-10T16:34:05.381+0900] {processor.py:914} INFO - Processing file /Users/alookso/1007MLpj/myenv/lib/python3.10/site-packages/airflow/example_dags/example_local_kubernetes_executor.py for tasks to queue
[2024-10-10T16:34:05.382+0900] {logging_mixin.py:190} INFO - [2024-10-10T16:34:05.382+0900] {dagbag.py:588} INFO - Filling up the DagBag from /Users/alookso/1007MLpj/myenv/lib/python3.10/site-packages/airflow/example_dags/example_local_kubernetes_executor.py
[2024-10-10T16:34:05.426+0900] {processor.py:925} INFO - DAG(s) 'example_local_kubernetes_executor' retrieved from /Users/alookso/1007MLpj/myenv/lib/python3.10/site-packages/airflow/example_dags/example_local_kubernetes_executor.py
[2024-10-10T16:34:05.570+0900] {logging_mixin.py:190} INFO - [2024-10-10T16:34:05.570+0900] {dag.py:3239} INFO - Sync 1 DAGs
[2024-10-10T16:34:05.583+0900] {logging_mixin.py:190} INFO - [2024-10-10T16:34:05.583+0900] {dag.py:4180} INFO - Setting next_dagrun for example_local_kubernetes_executor to None, run_after=None
[2024-10-10T16:34:05.602+0900] {processor.py:208} INFO - Processing /Users/alookso/1007MLpj/myenv/lib/python3.10/site-packages/airflow/example_dags/example_local_kubernetes_executor.py took 0.227 seconds
[2024-10-10T16:38:06.541+0900] {processor.py:186} INFO - Started process (PID=58105) to work on /Users/alookso/1007MLpj/myenv/lib/python3.10/site-packages/airflow/example_dags/example_local_kubernetes_executor.py
[2024-10-10T16:38:06.542+0900] {processor.py:914} INFO - Processing file /Users/alookso/1007MLpj/myenv/lib/python3.10/site-packages/airflow/example_dags/example_local_kubernetes_executor.py for tasks to queue
[2024-10-10T16:38:06.544+0900] {logging_mixin.py:190} INFO - [2024-10-10T16:38:06.544+0900] {dagbag.py:588} INFO - Filling up the DagBag from /Users/alookso/1007MLpj/myenv/lib/python3.10/site-packages/airflow/example_dags/example_local_kubernetes_executor.py
[2024-10-10T16:38:06.593+0900] {processor.py:925} INFO - DAG(s) 'example_local_kubernetes_executor' retrieved from /Users/alookso/1007MLpj/myenv/lib/python3.10/site-packages/airflow/example_dags/example_local_kubernetes_executor.py
[2024-10-10T16:38:06.757+0900] {logging_mixin.py:190} INFO - [2024-10-10T16:38:06.757+0900] {dag.py:3239} INFO - Sync 1 DAGs
[2024-10-10T16:38:06.771+0900] {logging_mixin.py:190} INFO - [2024-10-10T16:38:06.771+0900] {dag.py:4180} INFO - Setting next_dagrun for example_local_kubernetes_executor to None, run_after=None
[2024-10-10T16:38:06.796+0900] {processor.py:208} INFO - Processing /Users/alookso/1007MLpj/myenv/lib/python3.10/site-packages/airflow/example_dags/example_local_kubernetes_executor.py took 0.262 seconds
[2024-10-10T16:41:45.359+0900] {processor.py:186} INFO - Started process (PID=58196) to work on /Users/alookso/1007MLpj/myenv/lib/python3.10/site-packages/airflow/example_dags/example_local_kubernetes_executor.py
[2024-10-10T16:41:45.361+0900] {processor.py:914} INFO - Processing file /Users/alookso/1007MLpj/myenv/lib/python3.10/site-packages/airflow/example_dags/example_local_kubernetes_executor.py for tasks to queue
[2024-10-10T16:41:45.362+0900] {logging_mixin.py:190} INFO - [2024-10-10T16:41:45.362+0900] {dagbag.py:588} INFO - Filling up the DagBag from /Users/alookso/1007MLpj/myenv/lib/python3.10/site-packages/airflow/example_dags/example_local_kubernetes_executor.py
[2024-10-10T16:41:45.403+0900] {processor.py:925} INFO - DAG(s) 'example_local_kubernetes_executor' retrieved from /Users/alookso/1007MLpj/myenv/lib/python3.10/site-packages/airflow/example_dags/example_local_kubernetes_executor.py
[2024-10-10T16:41:45.548+0900] {logging_mixin.py:190} INFO - [2024-10-10T16:41:45.548+0900] {dag.py:3239} INFO - Sync 1 DAGs
[2024-10-10T16:41:45.560+0900] {logging_mixin.py:190} INFO - [2024-10-10T16:41:45.560+0900] {dag.py:4180} INFO - Setting next_dagrun for example_local_kubernetes_executor to None, run_after=None
[2024-10-10T16:41:45.579+0900] {processor.py:208} INFO - Processing /Users/alookso/1007MLpj/myenv/lib/python3.10/site-packages/airflow/example_dags/example_local_kubernetes_executor.py took 0.224 seconds
[2024-10-10T16:45:18.488+0900] {processor.py:186} INFO - Started process (PID=58302) to work on /Users/alookso/1007MLpj/myenv/lib/python3.10/site-packages/airflow/example_dags/example_local_kubernetes_executor.py
[2024-10-10T16:45:18.489+0900] {processor.py:914} INFO - Processing file /Users/alookso/1007MLpj/myenv/lib/python3.10/site-packages/airflow/example_dags/example_local_kubernetes_executor.py for tasks to queue
[2024-10-10T16:45:18.490+0900] {logging_mixin.py:190} INFO - [2024-10-10T16:45:18.490+0900] {dagbag.py:588} INFO - Filling up the DagBag from /Users/alookso/1007MLpj/myenv/lib/python3.10/site-packages/airflow/example_dags/example_local_kubernetes_executor.py
[2024-10-10T16:45:18.535+0900] {processor.py:925} INFO - DAG(s) 'example_local_kubernetes_executor' retrieved from /Users/alookso/1007MLpj/myenv/lib/python3.10/site-packages/airflow/example_dags/example_local_kubernetes_executor.py
[2024-10-10T16:45:18.683+0900] {logging_mixin.py:190} INFO - [2024-10-10T16:45:18.682+0900] {dag.py:3239} INFO - Sync 1 DAGs
[2024-10-10T16:45:18.695+0900] {logging_mixin.py:190} INFO - [2024-10-10T16:45:18.695+0900] {dag.py:4180} INFO - Setting next_dagrun for example_local_kubernetes_executor to None, run_after=None
[2024-10-10T16:45:18.716+0900] {processor.py:208} INFO - Processing /Users/alookso/1007MLpj/myenv/lib/python3.10/site-packages/airflow/example_dags/example_local_kubernetes_executor.py took 0.235 seconds
[2024-10-10T16:51:22.031+0900] {processor.py:186} INFO - Started process (PID=58653) to work on /Users/alookso/1007MLpj/myenv/lib/python3.10/site-packages/airflow/example_dags/example_local_kubernetes_executor.py
[2024-10-10T16:51:22.033+0900] {processor.py:914} INFO - Processing file /Users/alookso/1007MLpj/myenv/lib/python3.10/site-packages/airflow/example_dags/example_local_kubernetes_executor.py for tasks to queue
[2024-10-10T16:51:22.033+0900] {logging_mixin.py:190} INFO - [2024-10-10T16:51:22.033+0900] {dagbag.py:588} INFO - Filling up the DagBag from /Users/alookso/1007MLpj/myenv/lib/python3.10/site-packages/airflow/example_dags/example_local_kubernetes_executor.py
[2024-10-10T16:51:22.077+0900] {processor.py:925} INFO - DAG(s) 'example_local_kubernetes_executor' retrieved from /Users/alookso/1007MLpj/myenv/lib/python3.10/site-packages/airflow/example_dags/example_local_kubernetes_executor.py
[2024-10-10T16:51:22.230+0900] {logging_mixin.py:190} INFO - [2024-10-10T16:51:22.229+0900] {dag.py:3239} INFO - Sync 1 DAGs
[2024-10-10T16:51:22.243+0900] {logging_mixin.py:190} INFO - [2024-10-10T16:51:22.243+0900] {dag.py:4180} INFO - Setting next_dagrun for example_local_kubernetes_executor to None, run_after=None
[2024-10-10T16:51:22.262+0900] {processor.py:208} INFO - Processing /Users/alookso/1007MLpj/myenv/lib/python3.10/site-packages/airflow/example_dags/example_local_kubernetes_executor.py took 0.235 seconds
[2024-10-10T23:49:19.188+0900] {processor.py:186} INFO - Started process (PID=63496) to work on /Users/alookso/1007MLpj/myenv/lib/python3.10/site-packages/airflow/example_dags/example_local_kubernetes_executor.py
[2024-10-10T23:49:19.189+0900] {processor.py:914} INFO - Processing file /Users/alookso/1007MLpj/myenv/lib/python3.10/site-packages/airflow/example_dags/example_local_kubernetes_executor.py for tasks to queue
[2024-10-10T23:49:19.190+0900] {logging_mixin.py:190} INFO - [2024-10-10T23:49:19.190+0900] {dagbag.py:588} INFO - Filling up the DagBag from /Users/alookso/1007MLpj/myenv/lib/python3.10/site-packages/airflow/example_dags/example_local_kubernetes_executor.py
[2024-10-10T23:49:19.231+0900] {processor.py:925} INFO - DAG(s) 'example_local_kubernetes_executor' retrieved from /Users/alookso/1007MLpj/myenv/lib/python3.10/site-packages/airflow/example_dags/example_local_kubernetes_executor.py
[2024-10-10T23:49:19.380+0900] {logging_mixin.py:190} INFO - [2024-10-10T23:49:19.380+0900] {dag.py:3239} INFO - Sync 1 DAGs
[2024-10-10T23:49:19.392+0900] {logging_mixin.py:190} INFO - [2024-10-10T23:49:19.392+0900] {dag.py:4180} INFO - Setting next_dagrun for example_local_kubernetes_executor to None, run_after=None
[2024-10-10T23:49:19.411+0900] {processor.py:208} INFO - Processing /Users/alookso/1007MLpj/myenv/lib/python3.10/site-packages/airflow/example_dags/example_local_kubernetes_executor.py took 0.227 seconds
[2024-10-10T23:52:33.348+0900] {processor.py:186} INFO - Started process (PID=63684) to work on /Users/alookso/1007MLpj/myenv/lib/python3.10/site-packages/airflow/example_dags/example_local_kubernetes_executor.py
[2024-10-10T23:52:33.348+0900] {processor.py:914} INFO - Processing file /Users/alookso/1007MLpj/myenv/lib/python3.10/site-packages/airflow/example_dags/example_local_kubernetes_executor.py for tasks to queue
[2024-10-10T23:52:33.349+0900] {logging_mixin.py:190} INFO - [2024-10-10T23:52:33.349+0900] {dagbag.py:588} INFO - Filling up the DagBag from /Users/alookso/1007MLpj/myenv/lib/python3.10/site-packages/airflow/example_dags/example_local_kubernetes_executor.py
[2024-10-10T23:52:33.394+0900] {processor.py:925} INFO - DAG(s) 'example_local_kubernetes_executor' retrieved from /Users/alookso/1007MLpj/myenv/lib/python3.10/site-packages/airflow/example_dags/example_local_kubernetes_executor.py
[2024-10-10T23:52:33.540+0900] {logging_mixin.py:190} INFO - [2024-10-10T23:52:33.540+0900] {dag.py:3239} INFO - Sync 1 DAGs
[2024-10-10T23:52:33.553+0900] {logging_mixin.py:190} INFO - [2024-10-10T23:52:33.553+0900] {dag.py:4180} INFO - Setting next_dagrun for example_local_kubernetes_executor to None, run_after=None
[2024-10-10T23:52:33.572+0900] {processor.py:208} INFO - Processing /Users/alookso/1007MLpj/myenv/lib/python3.10/site-packages/airflow/example_dags/example_local_kubernetes_executor.py took 0.229 seconds
[2024-10-10T23:58:15.060+0900] {processor.py:186} INFO - Started process (PID=63904) to work on /Users/alookso/1007MLpj/myenv/lib/python3.10/site-packages/airflow/example_dags/example_local_kubernetes_executor.py
[2024-10-10T23:58:15.061+0900] {processor.py:914} INFO - Processing file /Users/alookso/1007MLpj/myenv/lib/python3.10/site-packages/airflow/example_dags/example_local_kubernetes_executor.py for tasks to queue
[2024-10-10T23:58:15.062+0900] {logging_mixin.py:190} INFO - [2024-10-10T23:58:15.062+0900] {dagbag.py:588} INFO - Filling up the DagBag from /Users/alookso/1007MLpj/myenv/lib/python3.10/site-packages/airflow/example_dags/example_local_kubernetes_executor.py
[2024-10-10T23:58:15.102+0900] {processor.py:925} INFO - DAG(s) 'example_local_kubernetes_executor' retrieved from /Users/alookso/1007MLpj/myenv/lib/python3.10/site-packages/airflow/example_dags/example_local_kubernetes_executor.py
[2024-10-10T23:58:15.253+0900] {logging_mixin.py:190} INFO - [2024-10-10T23:58:15.252+0900] {dag.py:3239} INFO - Sync 1 DAGs
[2024-10-10T23:58:15.267+0900] {logging_mixin.py:190} INFO - [2024-10-10T23:58:15.266+0900] {dag.py:4180} INFO - Setting next_dagrun for example_local_kubernetes_executor to None, run_after=None
[2024-10-10T23:58:15.289+0900] {processor.py:208} INFO - Processing /Users/alookso/1007MLpj/myenv/lib/python3.10/site-packages/airflow/example_dags/example_local_kubernetes_executor.py took 0.233 seconds
[2024-10-11T00:02:37.749+0900] {processor.py:186} INFO - Started process (PID=64138) to work on /Users/alookso/1007MLpj/myenv/lib/python3.10/site-packages/airflow/example_dags/example_local_kubernetes_executor.py
[2024-10-11T00:02:37.750+0900] {processor.py:914} INFO - Processing file /Users/alookso/1007MLpj/myenv/lib/python3.10/site-packages/airflow/example_dags/example_local_kubernetes_executor.py for tasks to queue
[2024-10-11T00:02:37.751+0900] {logging_mixin.py:190} INFO - [2024-10-11T00:02:37.751+0900] {dagbag.py:588} INFO - Filling up the DagBag from /Users/alookso/1007MLpj/myenv/lib/python3.10/site-packages/airflow/example_dags/example_local_kubernetes_executor.py
[2024-10-11T00:02:37.792+0900] {processor.py:925} INFO - DAG(s) 'example_local_kubernetes_executor' retrieved from /Users/alookso/1007MLpj/myenv/lib/python3.10/site-packages/airflow/example_dags/example_local_kubernetes_executor.py
[2024-10-11T00:02:37.940+0900] {logging_mixin.py:190} INFO - [2024-10-11T00:02:37.939+0900] {dag.py:3239} INFO - Sync 1 DAGs
[2024-10-11T00:02:37.954+0900] {logging_mixin.py:190} INFO - [2024-10-11T00:02:37.954+0900] {dag.py:4180} INFO - Setting next_dagrun for example_local_kubernetes_executor to None, run_after=None
[2024-10-11T00:02:37.977+0900] {processor.py:208} INFO - Processing /Users/alookso/1007MLpj/myenv/lib/python3.10/site-packages/airflow/example_dags/example_local_kubernetes_executor.py took 0.232 seconds
[2024-10-11T00:05:45.973+0900] {processor.py:186} INFO - Started process (PID=64310) to work on /Users/alookso/1007MLpj/myenv/lib/python3.10/site-packages/airflow/example_dags/example_local_kubernetes_executor.py
[2024-10-11T00:05:45.974+0900] {processor.py:914} INFO - Processing file /Users/alookso/1007MLpj/myenv/lib/python3.10/site-packages/airflow/example_dags/example_local_kubernetes_executor.py for tasks to queue
[2024-10-11T00:05:45.975+0900] {logging_mixin.py:190} INFO - [2024-10-11T00:05:45.975+0900] {dagbag.py:588} INFO - Filling up the DagBag from /Users/alookso/1007MLpj/myenv/lib/python3.10/site-packages/airflow/example_dags/example_local_kubernetes_executor.py
[2024-10-11T00:05:46.018+0900] {processor.py:925} INFO - DAG(s) 'example_local_kubernetes_executor' retrieved from /Users/alookso/1007MLpj/myenv/lib/python3.10/site-packages/airflow/example_dags/example_local_kubernetes_executor.py
[2024-10-11T00:05:46.165+0900] {logging_mixin.py:190} INFO - [2024-10-11T00:05:46.165+0900] {dag.py:3239} INFO - Sync 1 DAGs
[2024-10-11T00:05:46.178+0900] {logging_mixin.py:190} INFO - [2024-10-11T00:05:46.178+0900] {dag.py:4180} INFO - Setting next_dagrun for example_local_kubernetes_executor to None, run_after=None
[2024-10-11T00:05:46.197+0900] {processor.py:208} INFO - Processing /Users/alookso/1007MLpj/myenv/lib/python3.10/site-packages/airflow/example_dags/example_local_kubernetes_executor.py took 0.229 seconds
[2024-10-11T00:09:43.092+0900] {processor.py:186} INFO - Started process (PID=64525) to work on /Users/alookso/1007MLpj/myenv/lib/python3.10/site-packages/airflow/example_dags/example_local_kubernetes_executor.py
[2024-10-11T00:09:43.093+0900] {processor.py:914} INFO - Processing file /Users/alookso/1007MLpj/myenv/lib/python3.10/site-packages/airflow/example_dags/example_local_kubernetes_executor.py for tasks to queue
[2024-10-11T00:09:43.094+0900] {logging_mixin.py:190} INFO - [2024-10-11T00:09:43.094+0900] {dagbag.py:588} INFO - Filling up the DagBag from /Users/alookso/1007MLpj/myenv/lib/python3.10/site-packages/airflow/example_dags/example_local_kubernetes_executor.py
[2024-10-11T00:09:43.134+0900] {processor.py:925} INFO - DAG(s) 'example_local_kubernetes_executor' retrieved from /Users/alookso/1007MLpj/myenv/lib/python3.10/site-packages/airflow/example_dags/example_local_kubernetes_executor.py
[2024-10-11T00:09:43.276+0900] {logging_mixin.py:190} INFO - [2024-10-11T00:09:43.276+0900] {dag.py:3239} INFO - Sync 1 DAGs
[2024-10-11T00:09:43.289+0900] {logging_mixin.py:190} INFO - [2024-10-11T00:09:43.288+0900] {dag.py:4180} INFO - Setting next_dagrun for example_local_kubernetes_executor to None, run_after=None
[2024-10-11T00:09:43.307+0900] {processor.py:208} INFO - Processing /Users/alookso/1007MLpj/myenv/lib/python3.10/site-packages/airflow/example_dags/example_local_kubernetes_executor.py took 0.219 seconds
[2024-10-11T00:12:43.795+0900] {processor.py:186} INFO - Started process (PID=64666) to work on /Users/alookso/1007MLpj/myenv/lib/python3.10/site-packages/airflow/example_dags/example_local_kubernetes_executor.py
[2024-10-11T00:12:43.796+0900] {processor.py:914} INFO - Processing file /Users/alookso/1007MLpj/myenv/lib/python3.10/site-packages/airflow/example_dags/example_local_kubernetes_executor.py for tasks to queue
[2024-10-11T00:12:43.797+0900] {logging_mixin.py:190} INFO - [2024-10-11T00:12:43.797+0900] {dagbag.py:588} INFO - Filling up the DagBag from /Users/alookso/1007MLpj/myenv/lib/python3.10/site-packages/airflow/example_dags/example_local_kubernetes_executor.py
[2024-10-11T00:12:43.838+0900] {processor.py:925} INFO - DAG(s) 'example_local_kubernetes_executor' retrieved from /Users/alookso/1007MLpj/myenv/lib/python3.10/site-packages/airflow/example_dags/example_local_kubernetes_executor.py
[2024-10-11T00:12:43.980+0900] {logging_mixin.py:190} INFO - [2024-10-11T00:12:43.980+0900] {dag.py:3239} INFO - Sync 1 DAGs
[2024-10-11T00:12:43.993+0900] {logging_mixin.py:190} INFO - [2024-10-11T00:12:43.993+0900] {dag.py:4180} INFO - Setting next_dagrun for example_local_kubernetes_executor to None, run_after=None
[2024-10-11T00:12:44.012+0900] {processor.py:208} INFO - Processing /Users/alookso/1007MLpj/myenv/lib/python3.10/site-packages/airflow/example_dags/example_local_kubernetes_executor.py took 0.221 seconds
[2024-10-11T00:15:12.950+0900] {processor.py:186} INFO - Started process (PID=64768) to work on /Users/alookso/1007MLpj/myenv/lib/python3.10/site-packages/airflow/example_dags/example_local_kubernetes_executor.py
[2024-10-11T00:15:12.951+0900] {processor.py:914} INFO - Processing file /Users/alookso/1007MLpj/myenv/lib/python3.10/site-packages/airflow/example_dags/example_local_kubernetes_executor.py for tasks to queue
[2024-10-11T00:15:12.952+0900] {logging_mixin.py:190} INFO - [2024-10-11T00:15:12.952+0900] {dagbag.py:588} INFO - Filling up the DagBag from /Users/alookso/1007MLpj/myenv/lib/python3.10/site-packages/airflow/example_dags/example_local_kubernetes_executor.py
[2024-10-11T00:15:12.992+0900] {processor.py:925} INFO - DAG(s) 'example_local_kubernetes_executor' retrieved from /Users/alookso/1007MLpj/myenv/lib/python3.10/site-packages/airflow/example_dags/example_local_kubernetes_executor.py
[2024-10-11T00:15:13.132+0900] {logging_mixin.py:190} INFO - [2024-10-11T00:15:13.132+0900] {dag.py:3239} INFO - Sync 1 DAGs
[2024-10-11T00:15:13.144+0900] {logging_mixin.py:190} INFO - [2024-10-11T00:15:13.144+0900] {dag.py:4180} INFO - Setting next_dagrun for example_local_kubernetes_executor to None, run_after=None
[2024-10-11T00:15:13.163+0900] {processor.py:208} INFO - Processing /Users/alookso/1007MLpj/myenv/lib/python3.10/site-packages/airflow/example_dags/example_local_kubernetes_executor.py took 0.218 seconds
[2024-10-11T00:17:54.320+0900] {processor.py:186} INFO - Started process (PID=64850) to work on /Users/alookso/1007MLpj/myenv/lib/python3.10/site-packages/airflow/example_dags/example_local_kubernetes_executor.py
[2024-10-11T00:17:54.320+0900] {processor.py:914} INFO - Processing file /Users/alookso/1007MLpj/myenv/lib/python3.10/site-packages/airflow/example_dags/example_local_kubernetes_executor.py for tasks to queue
[2024-10-11T00:17:54.321+0900] {logging_mixin.py:190} INFO - [2024-10-11T00:17:54.321+0900] {dagbag.py:588} INFO - Filling up the DagBag from /Users/alookso/1007MLpj/myenv/lib/python3.10/site-packages/airflow/example_dags/example_local_kubernetes_executor.py
[2024-10-11T00:17:54.362+0900] {processor.py:925} INFO - DAG(s) 'example_local_kubernetes_executor' retrieved from /Users/alookso/1007MLpj/myenv/lib/python3.10/site-packages/airflow/example_dags/example_local_kubernetes_executor.py
[2024-10-11T00:17:54.505+0900] {logging_mixin.py:190} INFO - [2024-10-11T00:17:54.505+0900] {dag.py:3239} INFO - Sync 1 DAGs
[2024-10-11T00:17:54.517+0900] {logging_mixin.py:190} INFO - [2024-10-11T00:17:54.517+0900] {dag.py:4180} INFO - Setting next_dagrun for example_local_kubernetes_executor to None, run_after=None
[2024-10-11T00:17:54.535+0900] {processor.py:208} INFO - Processing /Users/alookso/1007MLpj/myenv/lib/python3.10/site-packages/airflow/example_dags/example_local_kubernetes_executor.py took 0.220 seconds
[2024-10-11T00:20:26.821+0900] {processor.py:186} INFO - Started process (PID=64944) to work on /Users/alookso/1007MLpj/myenv/lib/python3.10/site-packages/airflow/example_dags/example_local_kubernetes_executor.py
[2024-10-11T00:20:26.822+0900] {processor.py:914} INFO - Processing file /Users/alookso/1007MLpj/myenv/lib/python3.10/site-packages/airflow/example_dags/example_local_kubernetes_executor.py for tasks to queue
[2024-10-11T00:20:26.823+0900] {logging_mixin.py:190} INFO - [2024-10-11T00:20:26.823+0900] {dagbag.py:588} INFO - Filling up the DagBag from /Users/alookso/1007MLpj/myenv/lib/python3.10/site-packages/airflow/example_dags/example_local_kubernetes_executor.py
[2024-10-11T00:20:26.865+0900] {processor.py:925} INFO - DAG(s) 'example_local_kubernetes_executor' retrieved from /Users/alookso/1007MLpj/myenv/lib/python3.10/site-packages/airflow/example_dags/example_local_kubernetes_executor.py
[2024-10-11T00:20:27.008+0900] {logging_mixin.py:190} INFO - [2024-10-11T00:20:27.008+0900] {dag.py:3239} INFO - Sync 1 DAGs
[2024-10-11T00:20:27.021+0900] {logging_mixin.py:190} INFO - [2024-10-11T00:20:27.021+0900] {dag.py:4180} INFO - Setting next_dagrun for example_local_kubernetes_executor to None, run_after=None
[2024-10-11T00:20:27.040+0900] {processor.py:208} INFO - Processing /Users/alookso/1007MLpj/myenv/lib/python3.10/site-packages/airflow/example_dags/example_local_kubernetes_executor.py took 0.224 seconds
[2024-10-11T00:23:04.863+0900] {processor.py:186} INFO - Started process (PID=65033) to work on /Users/alookso/1007MLpj/myenv/lib/python3.10/site-packages/airflow/example_dags/example_local_kubernetes_executor.py
[2024-10-11T00:23:04.864+0900] {processor.py:914} INFO - Processing file /Users/alookso/1007MLpj/myenv/lib/python3.10/site-packages/airflow/example_dags/example_local_kubernetes_executor.py for tasks to queue
[2024-10-11T00:23:04.865+0900] {logging_mixin.py:190} INFO - [2024-10-11T00:23:04.865+0900] {dagbag.py:588} INFO - Filling up the DagBag from /Users/alookso/1007MLpj/myenv/lib/python3.10/site-packages/airflow/example_dags/example_local_kubernetes_executor.py
[2024-10-11T00:23:04.907+0900] {processor.py:925} INFO - DAG(s) 'example_local_kubernetes_executor' retrieved from /Users/alookso/1007MLpj/myenv/lib/python3.10/site-packages/airflow/example_dags/example_local_kubernetes_executor.py
[2024-10-11T00:23:05.053+0900] {logging_mixin.py:190} INFO - [2024-10-11T00:23:05.053+0900] {dag.py:3239} INFO - Sync 1 DAGs
[2024-10-11T00:23:05.066+0900] {logging_mixin.py:190} INFO - [2024-10-11T00:23:05.066+0900] {dag.py:4180} INFO - Setting next_dagrun for example_local_kubernetes_executor to None, run_after=None
[2024-10-11T00:23:05.085+0900] {processor.py:208} INFO - Processing /Users/alookso/1007MLpj/myenv/lib/python3.10/site-packages/airflow/example_dags/example_local_kubernetes_executor.py took 0.226 seconds
[2024-10-11T00:25:38.571+0900] {processor.py:186} INFO - Started process (PID=65113) to work on /Users/alookso/1007MLpj/myenv/lib/python3.10/site-packages/airflow/example_dags/example_local_kubernetes_executor.py
[2024-10-11T00:25:38.572+0900] {processor.py:914} INFO - Processing file /Users/alookso/1007MLpj/myenv/lib/python3.10/site-packages/airflow/example_dags/example_local_kubernetes_executor.py for tasks to queue
[2024-10-11T00:25:38.573+0900] {logging_mixin.py:190} INFO - [2024-10-11T00:25:38.573+0900] {dagbag.py:588} INFO - Filling up the DagBag from /Users/alookso/1007MLpj/myenv/lib/python3.10/site-packages/airflow/example_dags/example_local_kubernetes_executor.py
[2024-10-11T00:25:38.619+0900] {processor.py:925} INFO - DAG(s) 'example_local_kubernetes_executor' retrieved from /Users/alookso/1007MLpj/myenv/lib/python3.10/site-packages/airflow/example_dags/example_local_kubernetes_executor.py
[2024-10-11T00:25:38.772+0900] {logging_mixin.py:190} INFO - [2024-10-11T00:25:38.772+0900] {dag.py:3239} INFO - Sync 1 DAGs
[2024-10-11T00:25:38.785+0900] {logging_mixin.py:190} INFO - [2024-10-11T00:25:38.785+0900] {dag.py:4180} INFO - Setting next_dagrun for example_local_kubernetes_executor to None, run_after=None
[2024-10-11T00:25:38.804+0900] {processor.py:208} INFO - Processing /Users/alookso/1007MLpj/myenv/lib/python3.10/site-packages/airflow/example_dags/example_local_kubernetes_executor.py took 0.238 seconds
[2024-10-11T00:29:00.462+0900] {processor.py:186} INFO - Started process (PID=65306) to work on /Users/alookso/1007MLpj/myenv/lib/python3.10/site-packages/airflow/example_dags/example_local_kubernetes_executor.py
[2024-10-11T00:29:00.463+0900] {processor.py:914} INFO - Processing file /Users/alookso/1007MLpj/myenv/lib/python3.10/site-packages/airflow/example_dags/example_local_kubernetes_executor.py for tasks to queue
[2024-10-11T00:29:00.464+0900] {logging_mixin.py:190} INFO - [2024-10-11T00:29:00.463+0900] {dagbag.py:588} INFO - Filling up the DagBag from /Users/alookso/1007MLpj/myenv/lib/python3.10/site-packages/airflow/example_dags/example_local_kubernetes_executor.py
[2024-10-11T00:29:00.505+0900] {processor.py:925} INFO - DAG(s) 'example_local_kubernetes_executor' retrieved from /Users/alookso/1007MLpj/myenv/lib/python3.10/site-packages/airflow/example_dags/example_local_kubernetes_executor.py
[2024-10-11T00:29:00.648+0900] {logging_mixin.py:190} INFO - [2024-10-11T00:29:00.647+0900] {dag.py:3239} INFO - Sync 1 DAGs
[2024-10-11T00:29:00.661+0900] {logging_mixin.py:190} INFO - [2024-10-11T00:29:00.660+0900] {dag.py:4180} INFO - Setting next_dagrun for example_local_kubernetes_executor to None, run_after=None
[2024-10-11T00:29:00.680+0900] {processor.py:208} INFO - Processing /Users/alookso/1007MLpj/myenv/lib/python3.10/site-packages/airflow/example_dags/example_local_kubernetes_executor.py took 0.222 seconds
[2024-10-11T00:32:28.454+0900] {processor.py:186} INFO - Started process (PID=65481) to work on /Users/alookso/1007MLpj/myenv/lib/python3.10/site-packages/airflow/example_dags/example_local_kubernetes_executor.py
[2024-10-11T00:32:28.455+0900] {processor.py:914} INFO - Processing file /Users/alookso/1007MLpj/myenv/lib/python3.10/site-packages/airflow/example_dags/example_local_kubernetes_executor.py for tasks to queue
[2024-10-11T00:32:28.456+0900] {logging_mixin.py:190} INFO - [2024-10-11T00:32:28.456+0900] {dagbag.py:588} INFO - Filling up the DagBag from /Users/alookso/1007MLpj/myenv/lib/python3.10/site-packages/airflow/example_dags/example_local_kubernetes_executor.py
[2024-10-11T00:32:28.499+0900] {processor.py:925} INFO - DAG(s) 'example_local_kubernetes_executor' retrieved from /Users/alookso/1007MLpj/myenv/lib/python3.10/site-packages/airflow/example_dags/example_local_kubernetes_executor.py
[2024-10-11T00:32:28.646+0900] {logging_mixin.py:190} INFO - [2024-10-11T00:32:28.646+0900] {dag.py:3239} INFO - Sync 1 DAGs
[2024-10-11T00:32:28.659+0900] {logging_mixin.py:190} INFO - [2024-10-11T00:32:28.659+0900] {dag.py:4180} INFO - Setting next_dagrun for example_local_kubernetes_executor to None, run_after=None
[2024-10-11T00:32:28.680+0900] {processor.py:208} INFO - Processing /Users/alookso/1007MLpj/myenv/lib/python3.10/site-packages/airflow/example_dags/example_local_kubernetes_executor.py took 0.231 seconds
[2024-10-11T00:36:07.400+0900] {processor.py:186} INFO - Started process (PID=65631) to work on /Users/alookso/1007MLpj/myenv/lib/python3.10/site-packages/airflow/example_dags/example_local_kubernetes_executor.py
[2024-10-11T00:36:07.401+0900] {processor.py:914} INFO - Processing file /Users/alookso/1007MLpj/myenv/lib/python3.10/site-packages/airflow/example_dags/example_local_kubernetes_executor.py for tasks to queue
[2024-10-11T00:36:07.402+0900] {logging_mixin.py:190} INFO - [2024-10-11T00:36:07.402+0900] {dagbag.py:588} INFO - Filling up the DagBag from /Users/alookso/1007MLpj/myenv/lib/python3.10/site-packages/airflow/example_dags/example_local_kubernetes_executor.py
[2024-10-11T00:36:07.443+0900] {processor.py:925} INFO - DAG(s) 'example_local_kubernetes_executor' retrieved from /Users/alookso/1007MLpj/myenv/lib/python3.10/site-packages/airflow/example_dags/example_local_kubernetes_executor.py
[2024-10-11T00:36:07.589+0900] {logging_mixin.py:190} INFO - [2024-10-11T00:36:07.589+0900] {dag.py:3239} INFO - Sync 1 DAGs
[2024-10-11T00:36:07.602+0900] {logging_mixin.py:190} INFO - [2024-10-11T00:36:07.602+0900] {dag.py:4180} INFO - Setting next_dagrun for example_local_kubernetes_executor to None, run_after=None
[2024-10-11T00:36:07.621+0900] {processor.py:208} INFO - Processing /Users/alookso/1007MLpj/myenv/lib/python3.10/site-packages/airflow/example_dags/example_local_kubernetes_executor.py took 0.226 seconds
[2024-10-11T00:39:50.257+0900] {processor.py:186} INFO - Started process (PID=65816) to work on /Users/alookso/1007MLpj/myenv/lib/python3.10/site-packages/airflow/example_dags/example_local_kubernetes_executor.py
[2024-10-11T00:39:50.258+0900] {processor.py:914} INFO - Processing file /Users/alookso/1007MLpj/myenv/lib/python3.10/site-packages/airflow/example_dags/example_local_kubernetes_executor.py for tasks to queue
[2024-10-11T00:39:50.259+0900] {logging_mixin.py:190} INFO - [2024-10-11T00:39:50.258+0900] {dagbag.py:588} INFO - Filling up the DagBag from /Users/alookso/1007MLpj/myenv/lib/python3.10/site-packages/airflow/example_dags/example_local_kubernetes_executor.py
[2024-10-11T00:39:50.300+0900] {processor.py:925} INFO - DAG(s) 'example_local_kubernetes_executor' retrieved from /Users/alookso/1007MLpj/myenv/lib/python3.10/site-packages/airflow/example_dags/example_local_kubernetes_executor.py
[2024-10-11T00:39:50.445+0900] {logging_mixin.py:190} INFO - [2024-10-11T00:39:50.444+0900] {dag.py:3239} INFO - Sync 1 DAGs
[2024-10-11T00:39:50.458+0900] {logging_mixin.py:190} INFO - [2024-10-11T00:39:50.457+0900] {dag.py:4180} INFO - Setting next_dagrun for example_local_kubernetes_executor to None, run_after=None
[2024-10-11T00:39:50.477+0900] {processor.py:208} INFO - Processing /Users/alookso/1007MLpj/myenv/lib/python3.10/site-packages/airflow/example_dags/example_local_kubernetes_executor.py took 0.225 seconds
[2024-10-11T00:43:36.859+0900] {processor.py:186} INFO - Started process (PID=66020) to work on /Users/alookso/1007MLpj/myenv/lib/python3.10/site-packages/airflow/example_dags/example_local_kubernetes_executor.py
[2024-10-11T00:43:36.860+0900] {processor.py:914} INFO - Processing file /Users/alookso/1007MLpj/myenv/lib/python3.10/site-packages/airflow/example_dags/example_local_kubernetes_executor.py for tasks to queue
[2024-10-11T00:43:36.861+0900] {logging_mixin.py:190} INFO - [2024-10-11T00:43:36.861+0900] {dagbag.py:588} INFO - Filling up the DagBag from /Users/alookso/1007MLpj/myenv/lib/python3.10/site-packages/airflow/example_dags/example_local_kubernetes_executor.py
[2024-10-11T00:43:36.902+0900] {processor.py:925} INFO - DAG(s) 'example_local_kubernetes_executor' retrieved from /Users/alookso/1007MLpj/myenv/lib/python3.10/site-packages/airflow/example_dags/example_local_kubernetes_executor.py
[2024-10-11T00:43:37.045+0900] {logging_mixin.py:190} INFO - [2024-10-11T00:43:37.045+0900] {dag.py:3239} INFO - Sync 1 DAGs
[2024-10-11T00:43:37.058+0900] {logging_mixin.py:190} INFO - [2024-10-11T00:43:37.058+0900] {dag.py:4180} INFO - Setting next_dagrun for example_local_kubernetes_executor to None, run_after=None
[2024-10-11T00:43:37.077+0900] {processor.py:208} INFO - Processing /Users/alookso/1007MLpj/myenv/lib/python3.10/site-packages/airflow/example_dags/example_local_kubernetes_executor.py took 0.223 seconds
[2024-10-11T00:46:19.019+0900] {processor.py:186} INFO - Started process (PID=66102) to work on /Users/alookso/1007MLpj/myenv/lib/python3.10/site-packages/airflow/example_dags/example_local_kubernetes_executor.py
[2024-10-11T00:46:19.020+0900] {processor.py:914} INFO - Processing file /Users/alookso/1007MLpj/myenv/lib/python3.10/site-packages/airflow/example_dags/example_local_kubernetes_executor.py for tasks to queue
[2024-10-11T00:46:19.021+0900] {logging_mixin.py:190} INFO - [2024-10-11T00:46:19.021+0900] {dagbag.py:588} INFO - Filling up the DagBag from /Users/alookso/1007MLpj/myenv/lib/python3.10/site-packages/airflow/example_dags/example_local_kubernetes_executor.py
[2024-10-11T00:46:19.064+0900] {processor.py:925} INFO - DAG(s) 'example_local_kubernetes_executor' retrieved from /Users/alookso/1007MLpj/myenv/lib/python3.10/site-packages/airflow/example_dags/example_local_kubernetes_executor.py
[2024-10-11T00:46:19.207+0900] {logging_mixin.py:190} INFO - [2024-10-11T00:46:19.207+0900] {dag.py:3239} INFO - Sync 1 DAGs
[2024-10-11T00:46:19.220+0900] {logging_mixin.py:190} INFO - [2024-10-11T00:46:19.220+0900] {dag.py:4180} INFO - Setting next_dagrun for example_local_kubernetes_executor to None, run_after=None
[2024-10-11T00:46:19.239+0900] {processor.py:208} INFO - Processing /Users/alookso/1007MLpj/myenv/lib/python3.10/site-packages/airflow/example_dags/example_local_kubernetes_executor.py took 0.224 seconds
[2024-10-11T00:50:39.583+0900] {processor.py:186} INFO - Started process (PID=66343) to work on /Users/alookso/1007MLpj/myenv/lib/python3.10/site-packages/airflow/example_dags/example_local_kubernetes_executor.py
[2024-10-11T00:50:39.584+0900] {processor.py:914} INFO - Processing file /Users/alookso/1007MLpj/myenv/lib/python3.10/site-packages/airflow/example_dags/example_local_kubernetes_executor.py for tasks to queue
[2024-10-11T00:50:39.585+0900] {logging_mixin.py:190} INFO - [2024-10-11T00:50:39.585+0900] {dagbag.py:588} INFO - Filling up the DagBag from /Users/alookso/1007MLpj/myenv/lib/python3.10/site-packages/airflow/example_dags/example_local_kubernetes_executor.py
[2024-10-11T00:50:39.626+0900] {processor.py:925} INFO - DAG(s) 'example_local_kubernetes_executor' retrieved from /Users/alookso/1007MLpj/myenv/lib/python3.10/site-packages/airflow/example_dags/example_local_kubernetes_executor.py
[2024-10-11T00:50:39.774+0900] {logging_mixin.py:190} INFO - [2024-10-11T00:50:39.774+0900] {dag.py:3239} INFO - Sync 1 DAGs
[2024-10-11T00:50:39.787+0900] {logging_mixin.py:190} INFO - [2024-10-11T00:50:39.787+0900] {dag.py:4180} INFO - Setting next_dagrun for example_local_kubernetes_executor to None, run_after=None
[2024-10-11T00:50:39.806+0900] {processor.py:208} INFO - Processing /Users/alookso/1007MLpj/myenv/lib/python3.10/site-packages/airflow/example_dags/example_local_kubernetes_executor.py took 0.227 seconds
[2024-10-11T00:53:43.355+0900] {processor.py:186} INFO - Started process (PID=66520) to work on /Users/alookso/1007MLpj/myenv/lib/python3.10/site-packages/airflow/example_dags/example_local_kubernetes_executor.py
[2024-10-11T00:53:43.355+0900] {processor.py:914} INFO - Processing file /Users/alookso/1007MLpj/myenv/lib/python3.10/site-packages/airflow/example_dags/example_local_kubernetes_executor.py for tasks to queue
[2024-10-11T00:53:43.356+0900] {logging_mixin.py:190} INFO - [2024-10-11T00:53:43.356+0900] {dagbag.py:588} INFO - Filling up the DagBag from /Users/alookso/1007MLpj/myenv/lib/python3.10/site-packages/airflow/example_dags/example_local_kubernetes_executor.py
[2024-10-11T00:53:43.400+0900] {processor.py:925} INFO - DAG(s) 'example_local_kubernetes_executor' retrieved from /Users/alookso/1007MLpj/myenv/lib/python3.10/site-packages/airflow/example_dags/example_local_kubernetes_executor.py
[2024-10-11T00:53:43.543+0900] {logging_mixin.py:190} INFO - [2024-10-11T00:53:43.543+0900] {dag.py:3239} INFO - Sync 1 DAGs
[2024-10-11T00:53:43.556+0900] {logging_mixin.py:190} INFO - [2024-10-11T00:53:43.556+0900] {dag.py:4180} INFO - Setting next_dagrun for example_local_kubernetes_executor to None, run_after=None
[2024-10-11T00:53:43.575+0900] {processor.py:208} INFO - Processing /Users/alookso/1007MLpj/myenv/lib/python3.10/site-packages/airflow/example_dags/example_local_kubernetes_executor.py took 0.226 seconds
