[2024-10-10T15:32:24.454+0900] {processor.py:186} INFO - Started process (PID=56039) to work on /Users/alookso/1007MLpj/myenv/lib/python3.10/site-packages/airflow/example_dags/example_xcom.py
[2024-10-10T15:32:24.456+0900] {processor.py:914} INFO - Processing file /Users/alookso/1007MLpj/myenv/lib/python3.10/site-packages/airflow/example_dags/example_xcom.py for tasks to queue
[2024-10-10T15:32:24.457+0900] {logging_mixin.py:190} INFO - [2024-10-10T15:32:24.457+0900] {dagbag.py:588} INFO - Filling up the DagBag from /Users/alookso/1007MLpj/myenv/lib/python3.10/site-packages/airflow/example_dags/example_xcom.py
[2024-10-10T15:32:24.514+0900] {processor.py:925} INFO - DAG(s) 'example_xcom' retrieved from /Users/alookso/1007MLpj/myenv/lib/python3.10/site-packages/airflow/example_dags/example_xcom.py
[2024-10-10T15:32:24.861+0900] {logging_mixin.py:190} INFO - [2024-10-10T15:32:24.860+0900] {override.py:1901} INFO - Created Permission View: can delete on DAG:example_xcom
[2024-10-10T15:32:24.877+0900] {logging_mixin.py:190} INFO - [2024-10-10T15:32:24.876+0900] {override.py:1901} INFO - Created Permission View: can edit on DAG:example_xcom
[2024-10-10T15:32:24.886+0900] {logging_mixin.py:190} INFO - [2024-10-10T15:32:24.885+0900] {override.py:1901} INFO - Created Permission View: can read on DAG:example_xcom
[2024-10-10T15:32:24.900+0900] {logging_mixin.py:190} INFO - [2024-10-10T15:32:24.899+0900] {override.py:1901} INFO - Created Permission View: can delete on DAG Run:example_xcom
[2024-10-10T15:32:24.909+0900] {logging_mixin.py:190} INFO - [2024-10-10T15:32:24.908+0900] {override.py:1901} INFO - Created Permission View: menu access on DAG Run:example_xcom
[2024-10-10T15:32:24.919+0900] {logging_mixin.py:190} INFO - [2024-10-10T15:32:24.919+0900] {override.py:1901} INFO - Created Permission View: can create on DAG Run:example_xcom
[2024-10-10T15:32:24.929+0900] {logging_mixin.py:190} INFO - [2024-10-10T15:32:24.929+0900] {override.py:1901} INFO - Created Permission View: can read on DAG Run:example_xcom
[2024-10-10T15:32:24.930+0900] {logging_mixin.py:190} INFO - [2024-10-10T15:32:24.930+0900] {dag.py:3239} INFO - Sync 1 DAGs
[2024-10-10T15:32:24.951+0900] {logging_mixin.py:190} INFO - [2024-10-10T15:32:24.951+0900] {dag.py:3262} INFO - Creating ORM DAG for example_xcom
[2024-10-10T15:32:24.963+0900] {logging_mixin.py:190} INFO - [2024-10-10T15:32:24.963+0900] {dag.py:4180} INFO - Setting next_dagrun for example_xcom to 2021-01-01T00:00:00+00:00, run_after=2021-01-01T00:00:00+00:00
[2024-10-10T15:32:24.987+0900] {processor.py:208} INFO - Processing /Users/alookso/1007MLpj/myenv/lib/python3.10/site-packages/airflow/example_dags/example_xcom.py took 0.540 seconds
[2024-10-10T15:36:59.532+0900] {processor.py:186} INFO - Started process (PID=56213) to work on /Users/alookso/1007MLpj/myenv/lib/python3.10/site-packages/airflow/example_dags/example_xcom.py
[2024-10-10T15:36:59.534+0900] {processor.py:914} INFO - Processing file /Users/alookso/1007MLpj/myenv/lib/python3.10/site-packages/airflow/example_dags/example_xcom.py for tasks to queue
[2024-10-10T15:36:59.535+0900] {logging_mixin.py:190} INFO - [2024-10-10T15:36:59.535+0900] {dagbag.py:588} INFO - Filling up the DagBag from /Users/alookso/1007MLpj/myenv/lib/python3.10/site-packages/airflow/example_dags/example_xcom.py
[2024-10-10T15:36:59.580+0900] {processor.py:925} INFO - DAG(s) 'example_xcom' retrieved from /Users/alookso/1007MLpj/myenv/lib/python3.10/site-packages/airflow/example_dags/example_xcom.py
[2024-10-10T15:36:59.714+0900] {logging_mixin.py:190} INFO - [2024-10-10T15:36:59.714+0900] {dag.py:3239} INFO - Sync 1 DAGs
[2024-10-10T15:36:59.736+0900] {logging_mixin.py:190} INFO - [2024-10-10T15:36:59.736+0900] {dag.py:4180} INFO - Setting next_dagrun for example_xcom to 2021-01-01T00:00:00+00:00, run_after=2021-01-01T00:00:00+00:00
[2024-10-10T15:36:59.757+0900] {processor.py:208} INFO - Processing /Users/alookso/1007MLpj/myenv/lib/python3.10/site-packages/airflow/example_dags/example_xcom.py took 0.230 seconds
[2024-10-10T15:41:38.908+0900] {processor.py:186} INFO - Started process (PID=56421) to work on /Users/alookso/1007MLpj/myenv/lib/python3.10/site-packages/airflow/example_dags/example_xcom.py
[2024-10-10T15:41:38.909+0900] {processor.py:914} INFO - Processing file /Users/alookso/1007MLpj/myenv/lib/python3.10/site-packages/airflow/example_dags/example_xcom.py for tasks to queue
[2024-10-10T15:41:38.910+0900] {logging_mixin.py:190} INFO - [2024-10-10T15:41:38.910+0900] {dagbag.py:588} INFO - Filling up the DagBag from /Users/alookso/1007MLpj/myenv/lib/python3.10/site-packages/airflow/example_dags/example_xcom.py
[2024-10-10T15:41:38.953+0900] {processor.py:925} INFO - DAG(s) 'example_xcom' retrieved from /Users/alookso/1007MLpj/myenv/lib/python3.10/site-packages/airflow/example_dags/example_xcom.py
[2024-10-10T15:41:39.086+0900] {logging_mixin.py:190} INFO - [2024-10-10T15:41:39.086+0900] {dag.py:3239} INFO - Sync 1 DAGs
[2024-10-10T15:41:39.108+0900] {logging_mixin.py:190} INFO - [2024-10-10T15:41:39.107+0900] {dag.py:4180} INFO - Setting next_dagrun for example_xcom to 2021-01-01T00:00:00+00:00, run_after=2021-01-01T00:00:00+00:00
[2024-10-10T15:41:39.128+0900] {processor.py:208} INFO - Processing /Users/alookso/1007MLpj/myenv/lib/python3.10/site-packages/airflow/example_dags/example_xcom.py took 0.224 seconds
[2024-10-10T15:43:44.724+0900] {processor.py:186} INFO - Started process (PID=56509) to work on /Users/alookso/1007MLpj/myenv/lib/python3.10/site-packages/airflow/example_dags/example_xcom.py
[2024-10-10T15:43:44.726+0900] {processor.py:914} INFO - Processing file /Users/alookso/1007MLpj/myenv/lib/python3.10/site-packages/airflow/example_dags/example_xcom.py for tasks to queue
[2024-10-10T15:43:44.727+0900] {logging_mixin.py:190} INFO - [2024-10-10T15:43:44.727+0900] {dagbag.py:588} INFO - Filling up the DagBag from /Users/alookso/1007MLpj/myenv/lib/python3.10/site-packages/airflow/example_dags/example_xcom.py
[2024-10-10T15:43:44.769+0900] {processor.py:925} INFO - DAG(s) 'example_xcom' retrieved from /Users/alookso/1007MLpj/myenv/lib/python3.10/site-packages/airflow/example_dags/example_xcom.py
[2024-10-10T15:43:44.903+0900] {logging_mixin.py:190} INFO - [2024-10-10T15:43:44.903+0900] {dag.py:3239} INFO - Sync 1 DAGs
[2024-10-10T15:43:44.924+0900] {logging_mixin.py:190} INFO - [2024-10-10T15:43:44.924+0900] {dag.py:4180} INFO - Setting next_dagrun for example_xcom to 2021-01-01T00:00:00+00:00, run_after=2021-01-01T00:00:00+00:00
[2024-10-10T15:43:44.944+0900] {processor.py:208} INFO - Processing /Users/alookso/1007MLpj/myenv/lib/python3.10/site-packages/airflow/example_dags/example_xcom.py took 0.225 seconds
[2024-10-10T15:46:53.578+0900] {processor.py:186} INFO - Started process (PID=56660) to work on /Users/alookso/1007MLpj/myenv/lib/python3.10/site-packages/airflow/example_dags/example_xcom.py
[2024-10-10T15:46:53.580+0900] {processor.py:914} INFO - Processing file /Users/alookso/1007MLpj/myenv/lib/python3.10/site-packages/airflow/example_dags/example_xcom.py for tasks to queue
[2024-10-10T15:46:53.580+0900] {logging_mixin.py:190} INFO - [2024-10-10T15:46:53.580+0900] {dagbag.py:588} INFO - Filling up the DagBag from /Users/alookso/1007MLpj/myenv/lib/python3.10/site-packages/airflow/example_dags/example_xcom.py
[2024-10-10T15:46:53.623+0900] {processor.py:925} INFO - DAG(s) 'example_xcom' retrieved from /Users/alookso/1007MLpj/myenv/lib/python3.10/site-packages/airflow/example_dags/example_xcom.py
[2024-10-10T15:46:53.755+0900] {logging_mixin.py:190} INFO - [2024-10-10T15:46:53.755+0900] {dag.py:3239} INFO - Sync 1 DAGs
[2024-10-10T15:46:53.776+0900] {logging_mixin.py:190} INFO - [2024-10-10T15:46:53.776+0900] {dag.py:4180} INFO - Setting next_dagrun for example_xcom to 2021-01-01T00:00:00+00:00, run_after=2021-01-01T00:00:00+00:00
[2024-10-10T15:46:53.796+0900] {processor.py:208} INFO - Processing /Users/alookso/1007MLpj/myenv/lib/python3.10/site-packages/airflow/example_dags/example_xcom.py took 0.223 seconds
[2024-10-10T15:51:12.175+0900] {processor.py:186} INFO - Started process (PID=56875) to work on /Users/alookso/1007MLpj/myenv/lib/python3.10/site-packages/airflow/example_dags/example_xcom.py
[2024-10-10T15:51:12.176+0900] {processor.py:914} INFO - Processing file /Users/alookso/1007MLpj/myenv/lib/python3.10/site-packages/airflow/example_dags/example_xcom.py for tasks to queue
[2024-10-10T15:51:12.177+0900] {logging_mixin.py:190} INFO - [2024-10-10T15:51:12.177+0900] {dagbag.py:588} INFO - Filling up the DagBag from /Users/alookso/1007MLpj/myenv/lib/python3.10/site-packages/airflow/example_dags/example_xcom.py
[2024-10-10T15:51:12.222+0900] {processor.py:925} INFO - DAG(s) 'example_xcom' retrieved from /Users/alookso/1007MLpj/myenv/lib/python3.10/site-packages/airflow/example_dags/example_xcom.py
[2024-10-10T15:51:12.354+0900] {logging_mixin.py:190} INFO - [2024-10-10T15:51:12.354+0900] {dag.py:3239} INFO - Sync 1 DAGs
[2024-10-10T15:51:12.376+0900] {logging_mixin.py:190} INFO - [2024-10-10T15:51:12.376+0900] {dag.py:4180} INFO - Setting next_dagrun for example_xcom to 2021-01-01T00:00:00+00:00, run_after=2021-01-01T00:00:00+00:00
[2024-10-10T15:51:12.398+0900] {processor.py:208} INFO - Processing /Users/alookso/1007MLpj/myenv/lib/python3.10/site-packages/airflow/example_dags/example_xcom.py took 0.227 seconds
[2024-10-10T16:18:03.437+0900] {processor.py:186} INFO - Started process (PID=57308) to work on /Users/alookso/1007MLpj/myenv/lib/python3.10/site-packages/airflow/example_dags/example_xcom.py
[2024-10-10T16:18:03.438+0900] {processor.py:914} INFO - Processing file /Users/alookso/1007MLpj/myenv/lib/python3.10/site-packages/airflow/example_dags/example_xcom.py for tasks to queue
[2024-10-10T16:18:03.439+0900] {logging_mixin.py:190} INFO - [2024-10-10T16:18:03.439+0900] {dagbag.py:588} INFO - Filling up the DagBag from /Users/alookso/1007MLpj/myenv/lib/python3.10/site-packages/airflow/example_dags/example_xcom.py
[2024-10-10T16:18:03.483+0900] {processor.py:925} INFO - DAG(s) 'example_xcom' retrieved from /Users/alookso/1007MLpj/myenv/lib/python3.10/site-packages/airflow/example_dags/example_xcom.py
[2024-10-10T16:18:03.627+0900] {logging_mixin.py:190} INFO - [2024-10-10T16:18:03.627+0900] {dag.py:3239} INFO - Sync 1 DAGs
[2024-10-10T16:18:03.652+0900] {logging_mixin.py:190} INFO - [2024-10-10T16:18:03.652+0900] {dag.py:4180} INFO - Setting next_dagrun for example_xcom to 2021-01-01T00:00:00+00:00, run_after=2021-01-01T00:00:00+00:00
[2024-10-10T16:18:03.673+0900] {processor.py:208} INFO - Processing /Users/alookso/1007MLpj/myenv/lib/python3.10/site-packages/airflow/example_dags/example_xcom.py took 0.242 seconds
[2024-10-10T16:22:23.110+0900] {processor.py:186} INFO - Started process (PID=57479) to work on /Users/alookso/1007MLpj/myenv/lib/python3.10/site-packages/airflow/example_dags/example_xcom.py
[2024-10-10T16:22:23.112+0900] {processor.py:914} INFO - Processing file /Users/alookso/1007MLpj/myenv/lib/python3.10/site-packages/airflow/example_dags/example_xcom.py for tasks to queue
[2024-10-10T16:22:23.113+0900] {logging_mixin.py:190} INFO - [2024-10-10T16:22:23.112+0900] {dagbag.py:588} INFO - Filling up the DagBag from /Users/alookso/1007MLpj/myenv/lib/python3.10/site-packages/airflow/example_dags/example_xcom.py
[2024-10-10T16:22:23.154+0900] {processor.py:925} INFO - DAG(s) 'example_xcom' retrieved from /Users/alookso/1007MLpj/myenv/lib/python3.10/site-packages/airflow/example_dags/example_xcom.py
[2024-10-10T16:22:23.283+0900] {logging_mixin.py:190} INFO - [2024-10-10T16:22:23.282+0900] {dag.py:3239} INFO - Sync 1 DAGs
[2024-10-10T16:22:23.303+0900] {logging_mixin.py:190} INFO - [2024-10-10T16:22:23.303+0900] {dag.py:4180} INFO - Setting next_dagrun for example_xcom to 2021-01-01T00:00:00+00:00, run_after=2021-01-01T00:00:00+00:00
[2024-10-10T16:22:23.323+0900] {processor.py:208} INFO - Processing /Users/alookso/1007MLpj/myenv/lib/python3.10/site-packages/airflow/example_dags/example_xcom.py took 0.217 seconds
[2024-10-10T16:25:58.002+0900] {processor.py:186} INFO - Started process (PID=57623) to work on /Users/alookso/1007MLpj/myenv/lib/python3.10/site-packages/airflow/example_dags/example_xcom.py
[2024-10-10T16:25:58.003+0900] {processor.py:914} INFO - Processing file /Users/alookso/1007MLpj/myenv/lib/python3.10/site-packages/airflow/example_dags/example_xcom.py for tasks to queue
[2024-10-10T16:25:58.004+0900] {logging_mixin.py:190} INFO - [2024-10-10T16:25:58.004+0900] {dagbag.py:588} INFO - Filling up the DagBag from /Users/alookso/1007MLpj/myenv/lib/python3.10/site-packages/airflow/example_dags/example_xcom.py
[2024-10-10T16:25:58.046+0900] {processor.py:925} INFO - DAG(s) 'example_xcom' retrieved from /Users/alookso/1007MLpj/myenv/lib/python3.10/site-packages/airflow/example_dags/example_xcom.py
[2024-10-10T16:25:58.179+0900] {logging_mixin.py:190} INFO - [2024-10-10T16:25:58.178+0900] {dag.py:3239} INFO - Sync 1 DAGs
[2024-10-10T16:25:58.201+0900] {logging_mixin.py:190} INFO - [2024-10-10T16:25:58.201+0900] {dag.py:4180} INFO - Setting next_dagrun for example_xcom to 2021-01-01T00:00:00+00:00, run_after=2021-01-01T00:00:00+00:00
[2024-10-10T16:25:58.223+0900] {processor.py:208} INFO - Processing /Users/alookso/1007MLpj/myenv/lib/python3.10/site-packages/airflow/example_dags/example_xcom.py took 0.225 seconds
[2024-10-10T16:30:08.203+0900] {processor.py:186} INFO - Started process (PID=57820) to work on /Users/alookso/1007MLpj/myenv/lib/python3.10/site-packages/airflow/example_dags/example_xcom.py
[2024-10-10T16:30:08.204+0900] {processor.py:914} INFO - Processing file /Users/alookso/1007MLpj/myenv/lib/python3.10/site-packages/airflow/example_dags/example_xcom.py for tasks to queue
[2024-10-10T16:30:08.205+0900] {logging_mixin.py:190} INFO - [2024-10-10T16:30:08.205+0900] {dagbag.py:588} INFO - Filling up the DagBag from /Users/alookso/1007MLpj/myenv/lib/python3.10/site-packages/airflow/example_dags/example_xcom.py
[2024-10-10T16:30:08.248+0900] {processor.py:925} INFO - DAG(s) 'example_xcom' retrieved from /Users/alookso/1007MLpj/myenv/lib/python3.10/site-packages/airflow/example_dags/example_xcom.py
[2024-10-10T16:30:08.380+0900] {logging_mixin.py:190} INFO - [2024-10-10T16:30:08.379+0900] {dag.py:3239} INFO - Sync 1 DAGs
[2024-10-10T16:30:08.401+0900] {logging_mixin.py:190} INFO - [2024-10-10T16:30:08.401+0900] {dag.py:4180} INFO - Setting next_dagrun for example_xcom to 2021-01-01T00:00:00+00:00, run_after=2021-01-01T00:00:00+00:00
[2024-10-10T16:30:08.422+0900] {processor.py:208} INFO - Processing /Users/alookso/1007MLpj/myenv/lib/python3.10/site-packages/airflow/example_dags/example_xcom.py took 0.225 seconds
[2024-10-10T16:32:29.434+0900] {processor.py:186} INFO - Started process (PID=57962) to work on /Users/alookso/1007MLpj/myenv/lib/python3.10/site-packages/airflow/example_dags/example_xcom.py
[2024-10-10T16:32:29.435+0900] {processor.py:914} INFO - Processing file /Users/alookso/1007MLpj/myenv/lib/python3.10/site-packages/airflow/example_dags/example_xcom.py for tasks to queue
[2024-10-10T16:32:29.436+0900] {logging_mixin.py:190} INFO - [2024-10-10T16:32:29.436+0900] {dagbag.py:588} INFO - Filling up the DagBag from /Users/alookso/1007MLpj/myenv/lib/python3.10/site-packages/airflow/example_dags/example_xcom.py
[2024-10-10T16:32:29.477+0900] {processor.py:925} INFO - DAG(s) 'example_xcom' retrieved from /Users/alookso/1007MLpj/myenv/lib/python3.10/site-packages/airflow/example_dags/example_xcom.py
[2024-10-10T16:32:29.606+0900] {logging_mixin.py:190} INFO - [2024-10-10T16:32:29.606+0900] {dag.py:3239} INFO - Sync 1 DAGs
[2024-10-10T16:32:29.627+0900] {logging_mixin.py:190} INFO - [2024-10-10T16:32:29.627+0900] {dag.py:4180} INFO - Setting next_dagrun for example_xcom to 2021-01-01T00:00:00+00:00, run_after=2021-01-01T00:00:00+00:00
[2024-10-10T16:32:29.646+0900] {processor.py:208} INFO - Processing /Users/alookso/1007MLpj/myenv/lib/python3.10/site-packages/airflow/example_dags/example_xcom.py took 0.217 seconds
[2024-10-10T16:36:28.598+0900] {processor.py:186} INFO - Started process (PID=58060) to work on /Users/alookso/1007MLpj/myenv/lib/python3.10/site-packages/airflow/example_dags/example_xcom.py
[2024-10-10T16:36:28.599+0900] {processor.py:914} INFO - Processing file /Users/alookso/1007MLpj/myenv/lib/python3.10/site-packages/airflow/example_dags/example_xcom.py for tasks to queue
[2024-10-10T16:36:28.600+0900] {logging_mixin.py:190} INFO - [2024-10-10T16:36:28.599+0900] {dagbag.py:588} INFO - Filling up the DagBag from /Users/alookso/1007MLpj/myenv/lib/python3.10/site-packages/airflow/example_dags/example_xcom.py
[2024-10-10T16:36:28.641+0900] {processor.py:925} INFO - DAG(s) 'example_xcom' retrieved from /Users/alookso/1007MLpj/myenv/lib/python3.10/site-packages/airflow/example_dags/example_xcom.py
[2024-10-10T16:36:28.772+0900] {logging_mixin.py:190} INFO - [2024-10-10T16:36:28.772+0900] {dag.py:3239} INFO - Sync 1 DAGs
[2024-10-10T16:36:28.798+0900] {logging_mixin.py:190} INFO - [2024-10-10T16:36:28.798+0900] {dag.py:4180} INFO - Setting next_dagrun for example_xcom to 2021-01-01T00:00:00+00:00, run_after=2021-01-01T00:00:00+00:00
[2024-10-10T16:36:28.817+0900] {processor.py:208} INFO - Processing /Users/alookso/1007MLpj/myenv/lib/python3.10/site-packages/airflow/example_dags/example_xcom.py took 0.223 seconds
[2024-10-10T16:39:59.944+0900] {processor.py:186} INFO - Started process (PID=58150) to work on /Users/alookso/1007MLpj/myenv/lib/python3.10/site-packages/airflow/example_dags/example_xcom.py
[2024-10-10T16:39:59.946+0900] {processor.py:914} INFO - Processing file /Users/alookso/1007MLpj/myenv/lib/python3.10/site-packages/airflow/example_dags/example_xcom.py for tasks to queue
[2024-10-10T16:39:59.947+0900] {logging_mixin.py:190} INFO - [2024-10-10T16:39:59.947+0900] {dagbag.py:588} INFO - Filling up the DagBag from /Users/alookso/1007MLpj/myenv/lib/python3.10/site-packages/airflow/example_dags/example_xcom.py
[2024-10-10T16:39:59.990+0900] {processor.py:925} INFO - DAG(s) 'example_xcom' retrieved from /Users/alookso/1007MLpj/myenv/lib/python3.10/site-packages/airflow/example_dags/example_xcom.py
[2024-10-10T16:40:00.122+0900] {logging_mixin.py:190} INFO - [2024-10-10T16:40:00.122+0900] {dag.py:3239} INFO - Sync 1 DAGs
[2024-10-10T16:40:00.144+0900] {logging_mixin.py:190} INFO - [2024-10-10T16:40:00.144+0900] {dag.py:4180} INFO - Setting next_dagrun for example_xcom to 2021-01-01T00:00:00+00:00, run_after=2021-01-01T00:00:00+00:00
[2024-10-10T16:40:00.169+0900] {processor.py:208} INFO - Processing /Users/alookso/1007MLpj/myenv/lib/python3.10/site-packages/airflow/example_dags/example_xcom.py took 0.230 seconds
[2024-10-10T16:43:40.008+0900] {processor.py:186} INFO - Started process (PID=58242) to work on /Users/alookso/1007MLpj/myenv/lib/python3.10/site-packages/airflow/example_dags/example_xcom.py
[2024-10-10T16:43:40.010+0900] {processor.py:914} INFO - Processing file /Users/alookso/1007MLpj/myenv/lib/python3.10/site-packages/airflow/example_dags/example_xcom.py for tasks to queue
[2024-10-10T16:43:40.011+0900] {logging_mixin.py:190} INFO - [2024-10-10T16:43:40.010+0900] {dagbag.py:588} INFO - Filling up the DagBag from /Users/alookso/1007MLpj/myenv/lib/python3.10/site-packages/airflow/example_dags/example_xcom.py
[2024-10-10T16:43:40.059+0900] {processor.py:925} INFO - DAG(s) 'example_xcom' retrieved from /Users/alookso/1007MLpj/myenv/lib/python3.10/site-packages/airflow/example_dags/example_xcom.py
[2024-10-10T16:43:40.200+0900] {logging_mixin.py:190} INFO - [2024-10-10T16:43:40.200+0900] {dag.py:3239} INFO - Sync 1 DAGs
[2024-10-10T16:43:40.225+0900] {logging_mixin.py:190} INFO - [2024-10-10T16:43:40.225+0900] {dag.py:4180} INFO - Setting next_dagrun for example_xcom to 2021-01-01T00:00:00+00:00, run_after=2021-01-01T00:00:00+00:00
[2024-10-10T16:43:40.245+0900] {processor.py:208} INFO - Processing /Users/alookso/1007MLpj/myenv/lib/python3.10/site-packages/airflow/example_dags/example_xcom.py took 0.243 seconds
[2024-10-10T16:47:33.891+0900] {processor.py:186} INFO - Started process (PID=58428) to work on /Users/alookso/1007MLpj/myenv/lib/python3.10/site-packages/airflow/example_dags/example_xcom.py
[2024-10-10T16:47:33.893+0900] {processor.py:914} INFO - Processing file /Users/alookso/1007MLpj/myenv/lib/python3.10/site-packages/airflow/example_dags/example_xcom.py for tasks to queue
[2024-10-10T16:47:33.894+0900] {logging_mixin.py:190} INFO - [2024-10-10T16:47:33.894+0900] {dagbag.py:588} INFO - Filling up the DagBag from /Users/alookso/1007MLpj/myenv/lib/python3.10/site-packages/airflow/example_dags/example_xcom.py
[2024-10-10T16:47:33.938+0900] {processor.py:925} INFO - DAG(s) 'example_xcom' retrieved from /Users/alookso/1007MLpj/myenv/lib/python3.10/site-packages/airflow/example_dags/example_xcom.py
[2024-10-10T16:47:34.112+0900] {logging_mixin.py:190} INFO - [2024-10-10T16:47:34.112+0900] {dag.py:3239} INFO - Sync 1 DAGs
[2024-10-10T16:47:34.142+0900] {logging_mixin.py:190} INFO - [2024-10-10T16:47:34.142+0900] {dag.py:4180} INFO - Setting next_dagrun for example_xcom to 2021-01-01T00:00:00+00:00, run_after=2021-01-01T00:00:00+00:00
[2024-10-10T16:47:34.170+0900] {processor.py:208} INFO - Processing /Users/alookso/1007MLpj/myenv/lib/python3.10/site-packages/airflow/example_dags/example_xcom.py took 0.285 seconds
[2024-10-10T16:50:04.243+0900] {processor.py:186} INFO - Started process (PID=58591) to work on /Users/alookso/1007MLpj/myenv/lib/python3.10/site-packages/airflow/example_dags/example_xcom.py
[2024-10-10T16:50:04.245+0900] {processor.py:914} INFO - Processing file /Users/alookso/1007MLpj/myenv/lib/python3.10/site-packages/airflow/example_dags/example_xcom.py for tasks to queue
[2024-10-10T16:50:04.246+0900] {logging_mixin.py:190} INFO - [2024-10-10T16:50:04.245+0900] {dagbag.py:588} INFO - Filling up the DagBag from /Users/alookso/1007MLpj/myenv/lib/python3.10/site-packages/airflow/example_dags/example_xcom.py
[2024-10-10T16:50:04.290+0900] {processor.py:925} INFO - DAG(s) 'example_xcom' retrieved from /Users/alookso/1007MLpj/myenv/lib/python3.10/site-packages/airflow/example_dags/example_xcom.py
[2024-10-10T16:50:04.426+0900] {logging_mixin.py:190} INFO - [2024-10-10T16:50:04.425+0900] {dag.py:3239} INFO - Sync 1 DAGs
[2024-10-10T16:50:04.447+0900] {logging_mixin.py:190} INFO - [2024-10-10T16:50:04.447+0900] {dag.py:4180} INFO - Setting next_dagrun for example_xcom to 2021-01-01T00:00:00+00:00, run_after=2021-01-01T00:00:00+00:00
[2024-10-10T16:50:04.466+0900] {processor.py:208} INFO - Processing /Users/alookso/1007MLpj/myenv/lib/python3.10/site-packages/airflow/example_dags/example_xcom.py took 0.229 seconds
[2024-10-10T23:47:58.880+0900] {processor.py:186} INFO - Started process (PID=63424) to work on /Users/alookso/1007MLpj/myenv/lib/python3.10/site-packages/airflow/example_dags/example_xcom.py
[2024-10-10T23:47:58.881+0900] {processor.py:914} INFO - Processing file /Users/alookso/1007MLpj/myenv/lib/python3.10/site-packages/airflow/example_dags/example_xcom.py for tasks to queue
[2024-10-10T23:47:58.882+0900] {logging_mixin.py:190} INFO - [2024-10-10T23:47:58.882+0900] {dagbag.py:588} INFO - Filling up the DagBag from /Users/alookso/1007MLpj/myenv/lib/python3.10/site-packages/airflow/example_dags/example_xcom.py
[2024-10-10T23:47:58.923+0900] {processor.py:925} INFO - DAG(s) 'example_xcom' retrieved from /Users/alookso/1007MLpj/myenv/lib/python3.10/site-packages/airflow/example_dags/example_xcom.py
[2024-10-10T23:47:59.053+0900] {logging_mixin.py:190} INFO - [2024-10-10T23:47:59.053+0900] {dag.py:3239} INFO - Sync 1 DAGs
[2024-10-10T23:47:59.073+0900] {logging_mixin.py:190} INFO - [2024-10-10T23:47:59.073+0900] {dag.py:4180} INFO - Setting next_dagrun for example_xcom to 2021-01-01T00:00:00+00:00, run_after=2021-01-01T00:00:00+00:00
[2024-10-10T23:47:59.093+0900] {processor.py:208} INFO - Processing /Users/alookso/1007MLpj/myenv/lib/python3.10/site-packages/airflow/example_dags/example_xcom.py took 0.218 seconds
[2024-10-10T23:51:17.370+0900] {processor.py:186} INFO - Started process (PID=63604) to work on /Users/alookso/1007MLpj/myenv/lib/python3.10/site-packages/airflow/example_dags/example_xcom.py
[2024-10-10T23:51:17.371+0900] {processor.py:914} INFO - Processing file /Users/alookso/1007MLpj/myenv/lib/python3.10/site-packages/airflow/example_dags/example_xcom.py for tasks to queue
[2024-10-10T23:51:17.371+0900] {logging_mixin.py:190} INFO - [2024-10-10T23:51:17.371+0900] {dagbag.py:588} INFO - Filling up the DagBag from /Users/alookso/1007MLpj/myenv/lib/python3.10/site-packages/airflow/example_dags/example_xcom.py
[2024-10-10T23:51:17.415+0900] {processor.py:925} INFO - DAG(s) 'example_xcom' retrieved from /Users/alookso/1007MLpj/myenv/lib/python3.10/site-packages/airflow/example_dags/example_xcom.py
[2024-10-10T23:51:17.550+0900] {logging_mixin.py:190} INFO - [2024-10-10T23:51:17.550+0900] {dag.py:3239} INFO - Sync 1 DAGs
[2024-10-10T23:51:17.573+0900] {logging_mixin.py:190} INFO - [2024-10-10T23:51:17.572+0900] {dag.py:4180} INFO - Setting next_dagrun for example_xcom to 2021-01-01T00:00:00+00:00, run_after=2021-01-01T00:00:00+00:00
[2024-10-10T23:51:17.592+0900] {processor.py:208} INFO - Processing /Users/alookso/1007MLpj/myenv/lib/python3.10/site-packages/airflow/example_dags/example_xcom.py took 0.227 seconds
[2024-10-10T23:54:15.375+0900] {processor.py:186} INFO - Started process (PID=63758) to work on /Users/alookso/1007MLpj/myenv/lib/python3.10/site-packages/airflow/example_dags/example_xcom.py
[2024-10-10T23:54:15.376+0900] {processor.py:914} INFO - Processing file /Users/alookso/1007MLpj/myenv/lib/python3.10/site-packages/airflow/example_dags/example_xcom.py for tasks to queue
[2024-10-10T23:54:15.377+0900] {logging_mixin.py:190} INFO - [2024-10-10T23:54:15.377+0900] {dagbag.py:588} INFO - Filling up the DagBag from /Users/alookso/1007MLpj/myenv/lib/python3.10/site-packages/airflow/example_dags/example_xcom.py
[2024-10-10T23:54:15.418+0900] {processor.py:925} INFO - DAG(s) 'example_xcom' retrieved from /Users/alookso/1007MLpj/myenv/lib/python3.10/site-packages/airflow/example_dags/example_xcom.py
[2024-10-10T23:54:15.548+0900] {logging_mixin.py:190} INFO - [2024-10-10T23:54:15.548+0900] {dag.py:3239} INFO - Sync 1 DAGs
[2024-10-10T23:54:15.568+0900] {logging_mixin.py:190} INFO - [2024-10-10T23:54:15.568+0900] {dag.py:4180} INFO - Setting next_dagrun for example_xcom to 2021-01-01T00:00:00+00:00, run_after=2021-01-01T00:00:00+00:00
[2024-10-10T23:54:15.587+0900] {processor.py:208} INFO - Processing /Users/alookso/1007MLpj/myenv/lib/python3.10/site-packages/airflow/example_dags/example_xcom.py took 0.216 seconds
[2024-10-10T23:56:31.263+0900] {processor.py:186} INFO - Started process (PID=63856) to work on /Users/alookso/1007MLpj/myenv/lib/python3.10/site-packages/airflow/example_dags/example_xcom.py
[2024-10-10T23:56:31.264+0900] {processor.py:914} INFO - Processing file /Users/alookso/1007MLpj/myenv/lib/python3.10/site-packages/airflow/example_dags/example_xcom.py for tasks to queue
[2024-10-10T23:56:31.265+0900] {logging_mixin.py:190} INFO - [2024-10-10T23:56:31.265+0900] {dagbag.py:588} INFO - Filling up the DagBag from /Users/alookso/1007MLpj/myenv/lib/python3.10/site-packages/airflow/example_dags/example_xcom.py
[2024-10-10T23:56:31.317+0900] {processor.py:925} INFO - DAG(s) 'example_xcom' retrieved from /Users/alookso/1007MLpj/myenv/lib/python3.10/site-packages/airflow/example_dags/example_xcom.py
[2024-10-10T23:56:31.475+0900] {logging_mixin.py:190} INFO - [2024-10-10T23:56:31.474+0900] {dag.py:3239} INFO - Sync 1 DAGs
[2024-10-10T23:56:31.502+0900] {logging_mixin.py:190} INFO - [2024-10-10T23:56:31.502+0900] {dag.py:4180} INFO - Setting next_dagrun for example_xcom to 2021-01-01T00:00:00+00:00, run_after=2021-01-01T00:00:00+00:00
[2024-10-10T23:56:31.525+0900] {processor.py:208} INFO - Processing /Users/alookso/1007MLpj/myenv/lib/python3.10/site-packages/airflow/example_dags/example_xcom.py took 0.268 seconds
[2024-10-11T00:01:15.927+0900] {processor.py:186} INFO - Started process (PID=64066) to work on /Users/alookso/1007MLpj/myenv/lib/python3.10/site-packages/airflow/example_dags/example_xcom.py
[2024-10-11T00:01:15.928+0900] {processor.py:914} INFO - Processing file /Users/alookso/1007MLpj/myenv/lib/python3.10/site-packages/airflow/example_dags/example_xcom.py for tasks to queue
[2024-10-11T00:01:15.929+0900] {logging_mixin.py:190} INFO - [2024-10-11T00:01:15.928+0900] {dagbag.py:588} INFO - Filling up the DagBag from /Users/alookso/1007MLpj/myenv/lib/python3.10/site-packages/airflow/example_dags/example_xcom.py
[2024-10-11T00:01:15.970+0900] {processor.py:925} INFO - DAG(s) 'example_xcom' retrieved from /Users/alookso/1007MLpj/myenv/lib/python3.10/site-packages/airflow/example_dags/example_xcom.py
[2024-10-11T00:01:16.102+0900] {logging_mixin.py:190} INFO - [2024-10-11T00:01:16.102+0900] {dag.py:3239} INFO - Sync 1 DAGs
[2024-10-11T00:01:16.125+0900] {logging_mixin.py:190} INFO - [2024-10-11T00:01:16.124+0900] {dag.py:4180} INFO - Setting next_dagrun for example_xcom to 2021-01-01T00:00:00+00:00, run_after=2021-01-01T00:00:00+00:00
[2024-10-11T00:01:16.151+0900] {processor.py:208} INFO - Processing /Users/alookso/1007MLpj/myenv/lib/python3.10/site-packages/airflow/example_dags/example_xcom.py took 0.228 seconds
[2024-10-11T00:04:29.993+0900] {processor.py:186} INFO - Started process (PID=64241) to work on /Users/alookso/1007MLpj/myenv/lib/python3.10/site-packages/airflow/example_dags/example_xcom.py
[2024-10-11T00:04:29.994+0900] {processor.py:914} INFO - Processing file /Users/alookso/1007MLpj/myenv/lib/python3.10/site-packages/airflow/example_dags/example_xcom.py for tasks to queue
[2024-10-11T00:04:29.995+0900] {logging_mixin.py:190} INFO - [2024-10-11T00:04:29.995+0900] {dagbag.py:588} INFO - Filling up the DagBag from /Users/alookso/1007MLpj/myenv/lib/python3.10/site-packages/airflow/example_dags/example_xcom.py
[2024-10-11T00:04:30.038+0900] {processor.py:925} INFO - DAG(s) 'example_xcom' retrieved from /Users/alookso/1007MLpj/myenv/lib/python3.10/site-packages/airflow/example_dags/example_xcom.py
[2024-10-11T00:04:30.171+0900] {logging_mixin.py:190} INFO - [2024-10-11T00:04:30.171+0900] {dag.py:3239} INFO - Sync 1 DAGs
[2024-10-11T00:04:30.192+0900] {logging_mixin.py:190} INFO - [2024-10-11T00:04:30.191+0900] {dag.py:4180} INFO - Setting next_dagrun for example_xcom to 2021-01-01T00:00:00+00:00, run_after=2021-01-01T00:00:00+00:00
[2024-10-11T00:04:30.211+0900] {processor.py:208} INFO - Processing /Users/alookso/1007MLpj/myenv/lib/python3.10/site-packages/airflow/example_dags/example_xcom.py took 0.223 seconds
[2024-10-11T00:08:26.985+0900] {processor.py:186} INFO - Started process (PID=64477) to work on /Users/alookso/1007MLpj/myenv/lib/python3.10/site-packages/airflow/example_dags/example_xcom.py
[2024-10-11T00:08:26.985+0900] {processor.py:914} INFO - Processing file /Users/alookso/1007MLpj/myenv/lib/python3.10/site-packages/airflow/example_dags/example_xcom.py for tasks to queue
[2024-10-11T00:08:26.986+0900] {logging_mixin.py:190} INFO - [2024-10-11T00:08:26.986+0900] {dagbag.py:588} INFO - Filling up the DagBag from /Users/alookso/1007MLpj/myenv/lib/python3.10/site-packages/airflow/example_dags/example_xcom.py
[2024-10-11T00:08:27.028+0900] {processor.py:925} INFO - DAG(s) 'example_xcom' retrieved from /Users/alookso/1007MLpj/myenv/lib/python3.10/site-packages/airflow/example_dags/example_xcom.py
[2024-10-11T00:08:27.169+0900] {logging_mixin.py:190} INFO - [2024-10-11T00:08:27.169+0900] {dag.py:3239} INFO - Sync 1 DAGs
[2024-10-11T00:08:27.190+0900] {logging_mixin.py:190} INFO - [2024-10-11T00:08:27.190+0900] {dag.py:4180} INFO - Setting next_dagrun for example_xcom to 2021-01-01T00:00:00+00:00, run_after=2021-01-01T00:00:00+00:00
[2024-10-11T00:08:27.210+0900] {processor.py:208} INFO - Processing /Users/alookso/1007MLpj/myenv/lib/python3.10/site-packages/airflow/example_dags/example_xcom.py took 0.230 seconds
[2024-10-11T00:11:30.861+0900] {processor.py:186} INFO - Started process (PID=64591) to work on /Users/alookso/1007MLpj/myenv/lib/python3.10/site-packages/airflow/example_dags/example_xcom.py
[2024-10-11T00:11:30.862+0900] {processor.py:914} INFO - Processing file /Users/alookso/1007MLpj/myenv/lib/python3.10/site-packages/airflow/example_dags/example_xcom.py for tasks to queue
[2024-10-11T00:11:30.863+0900] {logging_mixin.py:190} INFO - [2024-10-11T00:11:30.863+0900] {dagbag.py:588} INFO - Filling up the DagBag from /Users/alookso/1007MLpj/myenv/lib/python3.10/site-packages/airflow/example_dags/example_xcom.py
[2024-10-11T00:11:30.904+0900] {processor.py:925} INFO - DAG(s) 'example_xcom' retrieved from /Users/alookso/1007MLpj/myenv/lib/python3.10/site-packages/airflow/example_dags/example_xcom.py
[2024-10-11T00:11:31.033+0900] {logging_mixin.py:190} INFO - [2024-10-11T00:11:31.033+0900] {dag.py:3239} INFO - Sync 1 DAGs
[2024-10-11T00:11:31.053+0900] {logging_mixin.py:190} INFO - [2024-10-11T00:11:31.053+0900] {dag.py:4180} INFO - Setting next_dagrun for example_xcom to 2021-01-01T00:00:00+00:00, run_after=2021-01-01T00:00:00+00:00
[2024-10-11T00:11:31.073+0900] {processor.py:208} INFO - Processing /Users/alookso/1007MLpj/myenv/lib/python3.10/site-packages/airflow/example_dags/example_xcom.py took 0.216 seconds
[2024-10-11T00:14:01.758+0900] {processor.py:186} INFO - Started process (PID=64731) to work on /Users/alookso/1007MLpj/myenv/lib/python3.10/site-packages/airflow/example_dags/example_xcom.py
[2024-10-11T00:14:01.759+0900] {processor.py:914} INFO - Processing file /Users/alookso/1007MLpj/myenv/lib/python3.10/site-packages/airflow/example_dags/example_xcom.py for tasks to queue
[2024-10-11T00:14:01.760+0900] {logging_mixin.py:190} INFO - [2024-10-11T00:14:01.760+0900] {dagbag.py:588} INFO - Filling up the DagBag from /Users/alookso/1007MLpj/myenv/lib/python3.10/site-packages/airflow/example_dags/example_xcom.py
[2024-10-11T00:14:01.800+0900] {processor.py:925} INFO - DAG(s) 'example_xcom' retrieved from /Users/alookso/1007MLpj/myenv/lib/python3.10/site-packages/airflow/example_dags/example_xcom.py
[2024-10-11T00:14:01.927+0900] {logging_mixin.py:190} INFO - [2024-10-11T00:14:01.927+0900] {dag.py:3239} INFO - Sync 1 DAGs
[2024-10-11T00:14:01.947+0900] {logging_mixin.py:190} INFO - [2024-10-11T00:14:01.947+0900] {dag.py:4180} INFO - Setting next_dagrun for example_xcom to 2021-01-01T00:00:00+00:00, run_after=2021-01-01T00:00:00+00:00
[2024-10-11T00:14:01.966+0900] {processor.py:208} INFO - Processing /Users/alookso/1007MLpj/myenv/lib/python3.10/site-packages/airflow/example_dags/example_xcom.py took 0.212 seconds
[2024-10-11T00:16:39.400+0900] {processor.py:186} INFO - Started process (PID=64807) to work on /Users/alookso/1007MLpj/myenv/lib/python3.10/site-packages/airflow/example_dags/example_xcom.py
[2024-10-11T00:16:39.401+0900] {processor.py:914} INFO - Processing file /Users/alookso/1007MLpj/myenv/lib/python3.10/site-packages/airflow/example_dags/example_xcom.py for tasks to queue
[2024-10-11T00:16:39.402+0900] {logging_mixin.py:190} INFO - [2024-10-11T00:16:39.402+0900] {dagbag.py:588} INFO - Filling up the DagBag from /Users/alookso/1007MLpj/myenv/lib/python3.10/site-packages/airflow/example_dags/example_xcom.py
[2024-10-11T00:16:39.442+0900] {processor.py:925} INFO - DAG(s) 'example_xcom' retrieved from /Users/alookso/1007MLpj/myenv/lib/python3.10/site-packages/airflow/example_dags/example_xcom.py
[2024-10-11T00:16:39.571+0900] {logging_mixin.py:190} INFO - [2024-10-11T00:16:39.571+0900] {dag.py:3239} INFO - Sync 1 DAGs
[2024-10-11T00:16:39.592+0900] {logging_mixin.py:190} INFO - [2024-10-11T00:16:39.592+0900] {dag.py:4180} INFO - Setting next_dagrun for example_xcom to 2021-01-01T00:00:00+00:00, run_after=2021-01-01T00:00:00+00:00
[2024-10-11T00:16:39.611+0900] {processor.py:208} INFO - Processing /Users/alookso/1007MLpj/myenv/lib/python3.10/site-packages/airflow/example_dags/example_xcom.py took 0.215 seconds
[2024-10-11T00:19:13.869+0900] {processor.py:186} INFO - Started process (PID=64895) to work on /Users/alookso/1007MLpj/myenv/lib/python3.10/site-packages/airflow/example_dags/example_xcom.py
[2024-10-11T00:19:13.870+0900] {processor.py:914} INFO - Processing file /Users/alookso/1007MLpj/myenv/lib/python3.10/site-packages/airflow/example_dags/example_xcom.py for tasks to queue
[2024-10-11T00:19:13.871+0900] {logging_mixin.py:190} INFO - [2024-10-11T00:19:13.871+0900] {dagbag.py:588} INFO - Filling up the DagBag from /Users/alookso/1007MLpj/myenv/lib/python3.10/site-packages/airflow/example_dags/example_xcom.py
[2024-10-11T00:19:13.912+0900] {processor.py:925} INFO - DAG(s) 'example_xcom' retrieved from /Users/alookso/1007MLpj/myenv/lib/python3.10/site-packages/airflow/example_dags/example_xcom.py
[2024-10-11T00:19:14.044+0900] {logging_mixin.py:190} INFO - [2024-10-11T00:19:14.044+0900] {dag.py:3239} INFO - Sync 1 DAGs
[2024-10-11T00:19:14.066+0900] {logging_mixin.py:190} INFO - [2024-10-11T00:19:14.066+0900] {dag.py:4180} INFO - Setting next_dagrun for example_xcom to 2021-01-01T00:00:00+00:00, run_after=2021-01-01T00:00:00+00:00
[2024-10-11T00:19:14.086+0900] {processor.py:208} INFO - Processing /Users/alookso/1007MLpj/myenv/lib/python3.10/site-packages/airflow/example_dags/example_xcom.py took 0.221 seconds
[2024-10-11T00:21:50.811+0900] {processor.py:186} INFO - Started process (PID=65000) to work on /Users/alookso/1007MLpj/myenv/lib/python3.10/site-packages/airflow/example_dags/example_xcom.py
[2024-10-11T00:21:50.812+0900] {processor.py:914} INFO - Processing file /Users/alookso/1007MLpj/myenv/lib/python3.10/site-packages/airflow/example_dags/example_xcom.py for tasks to queue
[2024-10-11T00:21:50.813+0900] {logging_mixin.py:190} INFO - [2024-10-11T00:21:50.813+0900] {dagbag.py:588} INFO - Filling up the DagBag from /Users/alookso/1007MLpj/myenv/lib/python3.10/site-packages/airflow/example_dags/example_xcom.py
[2024-10-11T00:21:50.858+0900] {processor.py:925} INFO - DAG(s) 'example_xcom' retrieved from /Users/alookso/1007MLpj/myenv/lib/python3.10/site-packages/airflow/example_dags/example_xcom.py
[2024-10-11T00:21:50.989+0900] {logging_mixin.py:190} INFO - [2024-10-11T00:21:50.989+0900] {dag.py:3239} INFO - Sync 1 DAGs
[2024-10-11T00:21:51.010+0900] {logging_mixin.py:190} INFO - [2024-10-11T00:21:51.009+0900] {dag.py:4180} INFO - Setting next_dagrun for example_xcom to 2021-01-01T00:00:00+00:00, run_after=2021-01-01T00:00:00+00:00
[2024-10-11T00:21:51.031+0900] {processor.py:208} INFO - Processing /Users/alookso/1007MLpj/myenv/lib/python3.10/site-packages/airflow/example_dags/example_xcom.py took 0.225 seconds
[2024-10-11T00:24:24.008+0900] {processor.py:186} INFO - Started process (PID=65076) to work on /Users/alookso/1007MLpj/myenv/lib/python3.10/site-packages/airflow/example_dags/example_xcom.py
[2024-10-11T00:24:24.009+0900] {processor.py:914} INFO - Processing file /Users/alookso/1007MLpj/myenv/lib/python3.10/site-packages/airflow/example_dags/example_xcom.py for tasks to queue
[2024-10-11T00:24:24.010+0900] {logging_mixin.py:190} INFO - [2024-10-11T00:24:24.010+0900] {dagbag.py:588} INFO - Filling up the DagBag from /Users/alookso/1007MLpj/myenv/lib/python3.10/site-packages/airflow/example_dags/example_xcom.py
[2024-10-11T00:24:24.051+0900] {processor.py:925} INFO - DAG(s) 'example_xcom' retrieved from /Users/alookso/1007MLpj/myenv/lib/python3.10/site-packages/airflow/example_dags/example_xcom.py
[2024-10-11T00:24:24.181+0900] {logging_mixin.py:190} INFO - [2024-10-11T00:24:24.181+0900] {dag.py:3239} INFO - Sync 1 DAGs
[2024-10-11T00:24:24.201+0900] {logging_mixin.py:190} INFO - [2024-10-11T00:24:24.201+0900] {dag.py:4180} INFO - Setting next_dagrun for example_xcom to 2021-01-01T00:00:00+00:00, run_after=2021-01-01T00:00:00+00:00
[2024-10-11T00:24:24.221+0900] {processor.py:208} INFO - Processing /Users/alookso/1007MLpj/myenv/lib/python3.10/site-packages/airflow/example_dags/example_xcom.py took 0.217 seconds
[2024-10-11T00:27:21.282+0900] {processor.py:186} INFO - Started process (PID=65208) to work on /Users/alookso/1007MLpj/myenv/lib/python3.10/site-packages/airflow/example_dags/example_xcom.py
[2024-10-11T00:27:21.283+0900] {processor.py:914} INFO - Processing file /Users/alookso/1007MLpj/myenv/lib/python3.10/site-packages/airflow/example_dags/example_xcom.py for tasks to queue
[2024-10-11T00:27:21.284+0900] {logging_mixin.py:190} INFO - [2024-10-11T00:27:21.284+0900] {dagbag.py:588} INFO - Filling up the DagBag from /Users/alookso/1007MLpj/myenv/lib/python3.10/site-packages/airflow/example_dags/example_xcom.py
[2024-10-11T00:27:21.326+0900] {processor.py:925} INFO - DAG(s) 'example_xcom' retrieved from /Users/alookso/1007MLpj/myenv/lib/python3.10/site-packages/airflow/example_dags/example_xcom.py
[2024-10-11T00:27:21.457+0900] {logging_mixin.py:190} INFO - [2024-10-11T00:27:21.456+0900] {dag.py:3239} INFO - Sync 1 DAGs
[2024-10-11T00:27:21.477+0900] {logging_mixin.py:190} INFO - [2024-10-11T00:27:21.477+0900] {dag.py:4180} INFO - Setting next_dagrun for example_xcom to 2021-01-01T00:00:00+00:00, run_after=2021-01-01T00:00:00+00:00
[2024-10-11T00:27:21.497+0900] {processor.py:208} INFO - Processing /Users/alookso/1007MLpj/myenv/lib/python3.10/site-packages/airflow/example_dags/example_xcom.py took 0.219 seconds
[2024-10-11T00:30:43.144+0900] {processor.py:186} INFO - Started process (PID=65387) to work on /Users/alookso/1007MLpj/myenv/lib/python3.10/site-packages/airflow/example_dags/example_xcom.py
[2024-10-11T00:30:43.144+0900] {processor.py:914} INFO - Processing file /Users/alookso/1007MLpj/myenv/lib/python3.10/site-packages/airflow/example_dags/example_xcom.py for tasks to queue
[2024-10-11T00:30:43.145+0900] {logging_mixin.py:190} INFO - [2024-10-11T00:30:43.145+0900] {dagbag.py:588} INFO - Filling up the DagBag from /Users/alookso/1007MLpj/myenv/lib/python3.10/site-packages/airflow/example_dags/example_xcom.py
[2024-10-11T00:30:43.186+0900] {processor.py:925} INFO - DAG(s) 'example_xcom' retrieved from /Users/alookso/1007MLpj/myenv/lib/python3.10/site-packages/airflow/example_dags/example_xcom.py
[2024-10-11T00:30:43.317+0900] {logging_mixin.py:190} INFO - [2024-10-11T00:30:43.317+0900] {dag.py:3239} INFO - Sync 1 DAGs
[2024-10-11T00:30:43.338+0900] {logging_mixin.py:190} INFO - [2024-10-11T00:30:43.338+0900] {dag.py:4180} INFO - Setting next_dagrun for example_xcom to 2021-01-01T00:00:00+00:00, run_after=2021-01-01T00:00:00+00:00
[2024-10-11T00:30:43.357+0900] {processor.py:208} INFO - Processing /Users/alookso/1007MLpj/myenv/lib/python3.10/site-packages/airflow/example_dags/example_xcom.py took 0.218 seconds
[2024-10-11T00:34:31.837+0900] {processor.py:186} INFO - Started process (PID=65553) to work on /Users/alookso/1007MLpj/myenv/lib/python3.10/site-packages/airflow/example_dags/example_xcom.py
[2024-10-11T00:34:31.838+0900] {processor.py:914} INFO - Processing file /Users/alookso/1007MLpj/myenv/lib/python3.10/site-packages/airflow/example_dags/example_xcom.py for tasks to queue
[2024-10-11T00:34:31.839+0900] {logging_mixin.py:190} INFO - [2024-10-11T00:34:31.839+0900] {dagbag.py:588} INFO - Filling up the DagBag from /Users/alookso/1007MLpj/myenv/lib/python3.10/site-packages/airflow/example_dags/example_xcom.py
[2024-10-11T00:34:31.880+0900] {processor.py:925} INFO - DAG(s) 'example_xcom' retrieved from /Users/alookso/1007MLpj/myenv/lib/python3.10/site-packages/airflow/example_dags/example_xcom.py
[2024-10-11T00:34:32.010+0900] {logging_mixin.py:190} INFO - [2024-10-11T00:34:32.009+0900] {dag.py:3239} INFO - Sync 1 DAGs
[2024-10-11T00:34:32.030+0900] {logging_mixin.py:190} INFO - [2024-10-11T00:34:32.030+0900] {dag.py:4180} INFO - Setting next_dagrun for example_xcom to 2021-01-01T00:00:00+00:00, run_after=2021-01-01T00:00:00+00:00
[2024-10-11T00:34:32.049+0900] {processor.py:208} INFO - Processing /Users/alookso/1007MLpj/myenv/lib/python3.10/site-packages/airflow/example_dags/example_xcom.py took 0.216 seconds
[2024-10-11T00:38:15.069+0900] {processor.py:186} INFO - Started process (PID=65744) to work on /Users/alookso/1007MLpj/myenv/lib/python3.10/site-packages/airflow/example_dags/example_xcom.py
[2024-10-11T00:38:15.070+0900] {processor.py:914} INFO - Processing file /Users/alookso/1007MLpj/myenv/lib/python3.10/site-packages/airflow/example_dags/example_xcom.py for tasks to queue
[2024-10-11T00:38:15.071+0900] {logging_mixin.py:190} INFO - [2024-10-11T00:38:15.071+0900] {dagbag.py:588} INFO - Filling up the DagBag from /Users/alookso/1007MLpj/myenv/lib/python3.10/site-packages/airflow/example_dags/example_xcom.py
[2024-10-11T00:38:15.114+0900] {processor.py:925} INFO - DAG(s) 'example_xcom' retrieved from /Users/alookso/1007MLpj/myenv/lib/python3.10/site-packages/airflow/example_dags/example_xcom.py
[2024-10-11T00:38:15.251+0900] {logging_mixin.py:190} INFO - [2024-10-11T00:38:15.251+0900] {dag.py:3239} INFO - Sync 1 DAGs
[2024-10-11T00:38:15.272+0900] {logging_mixin.py:190} INFO - [2024-10-11T00:38:15.272+0900] {dag.py:4180} INFO - Setting next_dagrun for example_xcom to 2021-01-01T00:00:00+00:00, run_after=2021-01-01T00:00:00+00:00
[2024-10-11T00:38:15.292+0900] {processor.py:208} INFO - Processing /Users/alookso/1007MLpj/myenv/lib/python3.10/site-packages/airflow/example_dags/example_xcom.py took 0.228 seconds
[2024-10-11T00:41:45.805+0900] {processor.py:186} INFO - Started process (PID=65916) to work on /Users/alookso/1007MLpj/myenv/lib/python3.10/site-packages/airflow/example_dags/example_xcom.py
[2024-10-11T00:41:45.806+0900] {processor.py:914} INFO - Processing file /Users/alookso/1007MLpj/myenv/lib/python3.10/site-packages/airflow/example_dags/example_xcom.py for tasks to queue
[2024-10-11T00:41:45.807+0900] {logging_mixin.py:190} INFO - [2024-10-11T00:41:45.807+0900] {dagbag.py:588} INFO - Filling up the DagBag from /Users/alookso/1007MLpj/myenv/lib/python3.10/site-packages/airflow/example_dags/example_xcom.py
[2024-10-11T00:41:45.849+0900] {processor.py:925} INFO - DAG(s) 'example_xcom' retrieved from /Users/alookso/1007MLpj/myenv/lib/python3.10/site-packages/airflow/example_dags/example_xcom.py
[2024-10-11T00:41:45.985+0900] {logging_mixin.py:190} INFO - [2024-10-11T00:41:45.984+0900] {dag.py:3239} INFO - Sync 1 DAGs
[2024-10-11T00:41:46.008+0900] {logging_mixin.py:190} INFO - [2024-10-11T00:41:46.007+0900] {dag.py:4180} INFO - Setting next_dagrun for example_xcom to 2021-01-01T00:00:00+00:00, run_after=2021-01-01T00:00:00+00:00
[2024-10-11T00:41:46.028+0900] {processor.py:208} INFO - Processing /Users/alookso/1007MLpj/myenv/lib/python3.10/site-packages/airflow/example_dags/example_xcom.py took 0.228 seconds
[2024-10-11T00:45:02.776+0900] {processor.py:186} INFO - Started process (PID=66059) to work on /Users/alookso/1007MLpj/myenv/lib/python3.10/site-packages/airflow/example_dags/example_xcom.py
[2024-10-11T00:45:02.776+0900] {processor.py:914} INFO - Processing file /Users/alookso/1007MLpj/myenv/lib/python3.10/site-packages/airflow/example_dags/example_xcom.py for tasks to queue
[2024-10-11T00:45:02.777+0900] {logging_mixin.py:190} INFO - [2024-10-11T00:45:02.777+0900] {dagbag.py:588} INFO - Filling up the DagBag from /Users/alookso/1007MLpj/myenv/lib/python3.10/site-packages/airflow/example_dags/example_xcom.py
[2024-10-11T00:45:02.821+0900] {processor.py:925} INFO - DAG(s) 'example_xcom' retrieved from /Users/alookso/1007MLpj/myenv/lib/python3.10/site-packages/airflow/example_dags/example_xcom.py
[2024-10-11T00:45:02.958+0900] {logging_mixin.py:190} INFO - [2024-10-11T00:45:02.958+0900] {dag.py:3239} INFO - Sync 1 DAGs
[2024-10-11T00:45:02.998+0900] {logging_mixin.py:190} INFO - [2024-10-11T00:45:02.998+0900] {dag.py:4180} INFO - Setting next_dagrun for example_xcom to 2021-01-01T00:00:00+00:00, run_after=2021-01-01T00:00:00+00:00
[2024-10-11T00:45:03.019+0900] {processor.py:208} INFO - Processing /Users/alookso/1007MLpj/myenv/lib/python3.10/site-packages/airflow/example_dags/example_xcom.py took 0.249 seconds
[2024-10-11T00:47:37.859+0900] {processor.py:186} INFO - Started process (PID=66143) to work on /Users/alookso/1007MLpj/myenv/lib/python3.10/site-packages/airflow/example_dags/example_xcom.py
[2024-10-11T00:47:37.860+0900] {processor.py:914} INFO - Processing file /Users/alookso/1007MLpj/myenv/lib/python3.10/site-packages/airflow/example_dags/example_xcom.py for tasks to queue
[2024-10-11T00:47:37.861+0900] {logging_mixin.py:190} INFO - [2024-10-11T00:47:37.861+0900] {dagbag.py:588} INFO - Filling up the DagBag from /Users/alookso/1007MLpj/myenv/lib/python3.10/site-packages/airflow/example_dags/example_xcom.py
[2024-10-11T00:47:37.903+0900] {processor.py:925} INFO - DAG(s) 'example_xcom' retrieved from /Users/alookso/1007MLpj/myenv/lib/python3.10/site-packages/airflow/example_dags/example_xcom.py
[2024-10-11T00:47:38.041+0900] {logging_mixin.py:190} INFO - [2024-10-11T00:47:38.040+0900] {dag.py:3239} INFO - Sync 1 DAGs
[2024-10-11T00:47:38.063+0900] {logging_mixin.py:190} INFO - [2024-10-11T00:47:38.063+0900] {dag.py:4180} INFO - Setting next_dagrun for example_xcom to 2021-01-01T00:00:00+00:00, run_after=2021-01-01T00:00:00+00:00
[2024-10-11T00:47:38.084+0900] {processor.py:208} INFO - Processing /Users/alookso/1007MLpj/myenv/lib/python3.10/site-packages/airflow/example_dags/example_xcom.py took 0.229 seconds
[2024-10-11T00:49:23.450+0900] {processor.py:186} INFO - Started process (PID=66280) to work on /Users/alookso/1007MLpj/myenv/lib/python3.10/site-packages/airflow/example_dags/example_xcom.py
[2024-10-11T00:49:23.451+0900] {processor.py:914} INFO - Processing file /Users/alookso/1007MLpj/myenv/lib/python3.10/site-packages/airflow/example_dags/example_xcom.py for tasks to queue
[2024-10-11T00:49:23.452+0900] {logging_mixin.py:190} INFO - [2024-10-11T00:49:23.452+0900] {dagbag.py:588} INFO - Filling up the DagBag from /Users/alookso/1007MLpj/myenv/lib/python3.10/site-packages/airflow/example_dags/example_xcom.py
[2024-10-11T00:49:23.495+0900] {processor.py:925} INFO - DAG(s) 'example_xcom' retrieved from /Users/alookso/1007MLpj/myenv/lib/python3.10/site-packages/airflow/example_dags/example_xcom.py
[2024-10-11T00:49:23.626+0900] {logging_mixin.py:190} INFO - [2024-10-11T00:49:23.626+0900] {dag.py:3239} INFO - Sync 1 DAGs
[2024-10-11T00:49:23.647+0900] {logging_mixin.py:190} INFO - [2024-10-11T00:49:23.647+0900] {dag.py:4180} INFO - Setting next_dagrun for example_xcom to 2021-01-01T00:00:00+00:00, run_after=2021-01-01T00:00:00+00:00
[2024-10-11T00:49:23.666+0900] {processor.py:208} INFO - Processing /Users/alookso/1007MLpj/myenv/lib/python3.10/site-packages/airflow/example_dags/example_xcom.py took 0.221 seconds
[2024-10-11T00:52:28.134+0900] {processor.py:186} INFO - Started process (PID=66450) to work on /Users/alookso/1007MLpj/myenv/lib/python3.10/site-packages/airflow/example_dags/example_xcom.py
[2024-10-11T00:52:28.135+0900] {processor.py:914} INFO - Processing file /Users/alookso/1007MLpj/myenv/lib/python3.10/site-packages/airflow/example_dags/example_xcom.py for tasks to queue
[2024-10-11T00:52:28.136+0900] {logging_mixin.py:190} INFO - [2024-10-11T00:52:28.136+0900] {dagbag.py:588} INFO - Filling up the DagBag from /Users/alookso/1007MLpj/myenv/lib/python3.10/site-packages/airflow/example_dags/example_xcom.py
[2024-10-11T00:52:28.178+0900] {processor.py:925} INFO - DAG(s) 'example_xcom' retrieved from /Users/alookso/1007MLpj/myenv/lib/python3.10/site-packages/airflow/example_dags/example_xcom.py
[2024-10-11T00:52:28.308+0900] {logging_mixin.py:190} INFO - [2024-10-11T00:52:28.308+0900] {dag.py:3239} INFO - Sync 1 DAGs
[2024-10-11T00:52:28.330+0900] {logging_mixin.py:190} INFO - [2024-10-11T00:52:28.330+0900] {dag.py:4180} INFO - Setting next_dagrun for example_xcom to 2021-01-01T00:00:00+00:00, run_after=2021-01-01T00:00:00+00:00
[2024-10-11T00:52:28.350+0900] {processor.py:208} INFO - Processing /Users/alookso/1007MLpj/myenv/lib/python3.10/site-packages/airflow/example_dags/example_xcom.py took 0.220 seconds
