[2024-10-10T15:34:14.796+0900] {processor.py:186} INFO - Started process (PID=56102) to work on /Users/alookso/1007MLpj/myenv/lib/python3.10/site-packages/airflow/example_dags/example_latest_only_with_trigger.py
[2024-10-10T15:34:14.797+0900] {processor.py:914} INFO - Processing file /Users/alookso/1007MLpj/myenv/lib/python3.10/site-packages/airflow/example_dags/example_latest_only_with_trigger.py for tasks to queue
[2024-10-10T15:34:14.798+0900] {logging_mixin.py:190} INFO - [2024-10-10T15:34:14.797+0900] {dagbag.py:588} INFO - Filling up the DagBag from /Users/alookso/1007MLpj/myenv/lib/python3.10/site-packages/airflow/example_dags/example_latest_only_with_trigger.py
[2024-10-10T15:34:14.808+0900] {processor.py:925} INFO - DAG(s) 'latest_only_with_trigger' retrieved from /Users/alookso/1007MLpj/myenv/lib/python3.10/site-packages/airflow/example_dags/example_latest_only_with_trigger.py
[2024-10-10T15:34:15.050+0900] {logging_mixin.py:190} INFO - [2024-10-10T15:34:15.049+0900] {override.py:1901} INFO - Created Permission View: can delete on DAG:latest_only_with_trigger
[2024-10-10T15:34:15.060+0900] {logging_mixin.py:190} INFO - [2024-10-10T15:34:15.059+0900] {override.py:1901} INFO - Created Permission View: can read on DAG:latest_only_with_trigger
[2024-10-10T15:34:15.066+0900] {logging_mixin.py:190} INFO - [2024-10-10T15:34:15.066+0900] {override.py:1901} INFO - Created Permission View: can edit on DAG:latest_only_with_trigger
[2024-10-10T15:34:15.075+0900] {logging_mixin.py:190} INFO - [2024-10-10T15:34:15.075+0900] {override.py:1901} INFO - Created Permission View: can create on DAG Run:latest_only_with_trigger
[2024-10-10T15:34:15.082+0900] {logging_mixin.py:190} INFO - [2024-10-10T15:34:15.081+0900] {override.py:1901} INFO - Created Permission View: can delete on DAG Run:latest_only_with_trigger
[2024-10-10T15:34:15.089+0900] {logging_mixin.py:190} INFO - [2024-10-10T15:34:15.089+0900] {override.py:1901} INFO - Created Permission View: can read on DAG Run:latest_only_with_trigger
[2024-10-10T15:34:15.096+0900] {logging_mixin.py:190} INFO - [2024-10-10T15:34:15.096+0900] {override.py:1901} INFO - Created Permission View: menu access on DAG Run:latest_only_with_trigger
[2024-10-10T15:34:15.096+0900] {logging_mixin.py:190} INFO - [2024-10-10T15:34:15.096+0900] {dag.py:3239} INFO - Sync 1 DAGs
[2024-10-10T15:34:15.110+0900] {logging_mixin.py:190} INFO - [2024-10-10T15:34:15.110+0900] {dag.py:3262} INFO - Creating ORM DAG for latest_only_with_trigger
[2024-10-10T15:34:15.119+0900] {logging_mixin.py:190} INFO - [2024-10-10T15:34:15.119+0900] {dag.py:4180} INFO - Setting next_dagrun for latest_only_with_trigger to 2024-10-10T00:00:00+00:00, run_after=2024-10-10T04:00:00+00:00
[2024-10-10T15:34:15.137+0900] {processor.py:208} INFO - Processing /Users/alookso/1007MLpj/myenv/lib/python3.10/site-packages/airflow/example_dags/example_latest_only_with_trigger.py took 0.346 seconds
[2024-10-10T15:38:45.848+0900] {processor.py:186} INFO - Started process (PID=56267) to work on /Users/alookso/1007MLpj/myenv/lib/python3.10/site-packages/airflow/example_dags/example_latest_only_with_trigger.py
[2024-10-10T15:38:45.850+0900] {processor.py:914} INFO - Processing file /Users/alookso/1007MLpj/myenv/lib/python3.10/site-packages/airflow/example_dags/example_latest_only_with_trigger.py for tasks to queue
[2024-10-10T15:38:45.851+0900] {logging_mixin.py:190} INFO - [2024-10-10T15:38:45.851+0900] {dagbag.py:588} INFO - Filling up the DagBag from /Users/alookso/1007MLpj/myenv/lib/python3.10/site-packages/airflow/example_dags/example_latest_only_with_trigger.py
[2024-10-10T15:38:45.861+0900] {processor.py:925} INFO - DAG(s) 'latest_only_with_trigger' retrieved from /Users/alookso/1007MLpj/myenv/lib/python3.10/site-packages/airflow/example_dags/example_latest_only_with_trigger.py
[2024-10-10T15:38:46.037+0900] {logging_mixin.py:190} INFO - [2024-10-10T15:38:46.037+0900] {dag.py:3239} INFO - Sync 1 DAGs
[2024-10-10T15:38:46.067+0900] {logging_mixin.py:190} INFO - [2024-10-10T15:38:46.067+0900] {dag.py:4180} INFO - Setting next_dagrun for latest_only_with_trigger to 2024-10-10T00:00:00+00:00, run_after=2024-10-10T04:00:00+00:00
[2024-10-10T15:38:46.094+0900] {processor.py:208} INFO - Processing /Users/alookso/1007MLpj/myenv/lib/python3.10/site-packages/airflow/example_dags/example_latest_only_with_trigger.py took 0.253 seconds
[2024-10-10T15:48:41.025+0900] {processor.py:186} INFO - Started process (PID=56752) to work on /Users/alookso/1007MLpj/myenv/lib/python3.10/site-packages/airflow/example_dags/example_latest_only_with_trigger.py
[2024-10-10T15:48:41.026+0900] {processor.py:914} INFO - Processing file /Users/alookso/1007MLpj/myenv/lib/python3.10/site-packages/airflow/example_dags/example_latest_only_with_trigger.py for tasks to queue
[2024-10-10T15:48:41.027+0900] {logging_mixin.py:190} INFO - [2024-10-10T15:48:41.027+0900] {dagbag.py:588} INFO - Filling up the DagBag from /Users/alookso/1007MLpj/myenv/lib/python3.10/site-packages/airflow/example_dags/example_latest_only_with_trigger.py
[2024-10-10T15:48:41.037+0900] {processor.py:925} INFO - DAG(s) 'latest_only_with_trigger' retrieved from /Users/alookso/1007MLpj/myenv/lib/python3.10/site-packages/airflow/example_dags/example_latest_only_with_trigger.py
[2024-10-10T15:48:41.175+0900] {logging_mixin.py:190} INFO - [2024-10-10T15:48:41.175+0900] {dag.py:3239} INFO - Sync 1 DAGs
[2024-10-10T15:48:41.197+0900] {logging_mixin.py:190} INFO - [2024-10-10T15:48:41.196+0900] {dag.py:4180} INFO - Setting next_dagrun for latest_only_with_trigger to 2024-10-10T00:00:00+00:00, run_after=2024-10-10T04:00:00+00:00
[2024-10-10T15:48:41.219+0900] {processor.py:208} INFO - Processing /Users/alookso/1007MLpj/myenv/lib/python3.10/site-packages/airflow/example_dags/example_latest_only_with_trigger.py took 0.199 seconds
[2024-10-10T16:19:59.606+0900] {processor.py:186} INFO - Started process (PID=57411) to work on /Users/alookso/1007MLpj/myenv/lib/python3.10/site-packages/airflow/example_dags/example_latest_only_with_trigger.py
[2024-10-10T16:19:59.608+0900] {processor.py:914} INFO - Processing file /Users/alookso/1007MLpj/myenv/lib/python3.10/site-packages/airflow/example_dags/example_latest_only_with_trigger.py for tasks to queue
[2024-10-10T16:19:59.609+0900] {logging_mixin.py:190} INFO - [2024-10-10T16:19:59.608+0900] {dagbag.py:588} INFO - Filling up the DagBag from /Users/alookso/1007MLpj/myenv/lib/python3.10/site-packages/airflow/example_dags/example_latest_only_with_trigger.py
[2024-10-10T16:19:59.618+0900] {processor.py:925} INFO - DAG(s) 'latest_only_with_trigger' retrieved from /Users/alookso/1007MLpj/myenv/lib/python3.10/site-packages/airflow/example_dags/example_latest_only_with_trigger.py
[2024-10-10T16:19:59.752+0900] {logging_mixin.py:190} INFO - [2024-10-10T16:19:59.751+0900] {dag.py:3239} INFO - Sync 1 DAGs
[2024-10-10T16:19:59.772+0900] {logging_mixin.py:190} INFO - [2024-10-10T16:19:59.772+0900] {dag.py:4180} INFO - Setting next_dagrun for latest_only_with_trigger to 2024-10-10T00:00:00+00:00, run_after=2024-10-10T04:00:00+00:00
[2024-10-10T16:19:59.793+0900] {processor.py:208} INFO - Processing /Users/alookso/1007MLpj/myenv/lib/python3.10/site-packages/airflow/example_dags/example_latest_only_with_trigger.py took 0.193 seconds
[2024-10-10T16:24:04.663+0900] {processor.py:186} INFO - Started process (PID=57517) to work on /Users/alookso/1007MLpj/myenv/lib/python3.10/site-packages/airflow/example_dags/example_latest_only_with_trigger.py
[2024-10-10T16:24:04.665+0900] {processor.py:914} INFO - Processing file /Users/alookso/1007MLpj/myenv/lib/python3.10/site-packages/airflow/example_dags/example_latest_only_with_trigger.py for tasks to queue
[2024-10-10T16:24:04.666+0900] {logging_mixin.py:190} INFO - [2024-10-10T16:24:04.666+0900] {dagbag.py:588} INFO - Filling up the DagBag from /Users/alookso/1007MLpj/myenv/lib/python3.10/site-packages/airflow/example_dags/example_latest_only_with_trigger.py
[2024-10-10T16:24:04.679+0900] {processor.py:925} INFO - DAG(s) 'latest_only_with_trigger' retrieved from /Users/alookso/1007MLpj/myenv/lib/python3.10/site-packages/airflow/example_dags/example_latest_only_with_trigger.py
[2024-10-10T16:24:04.850+0900] {logging_mixin.py:190} INFO - [2024-10-10T16:24:04.850+0900] {dag.py:3239} INFO - Sync 1 DAGs
[2024-10-10T16:24:04.877+0900] {logging_mixin.py:190} INFO - [2024-10-10T16:24:04.876+0900] {dag.py:4180} INFO - Setting next_dagrun for latest_only_with_trigger to 2024-10-10T00:00:00+00:00, run_after=2024-10-10T04:00:00+00:00
[2024-10-10T16:24:04.910+0900] {processor.py:208} INFO - Processing /Users/alookso/1007MLpj/myenv/lib/python3.10/site-packages/airflow/example_dags/example_latest_only_with_trigger.py took 0.255 seconds
[2024-10-10T16:27:45.767+0900] {processor.py:186} INFO - Started process (PID=57709) to work on /Users/alookso/1007MLpj/myenv/lib/python3.10/site-packages/airflow/example_dags/example_latest_only_with_trigger.py
[2024-10-10T16:27:45.786+0900] {processor.py:914} INFO - Processing file /Users/alookso/1007MLpj/myenv/lib/python3.10/site-packages/airflow/example_dags/example_latest_only_with_trigger.py for tasks to queue
[2024-10-10T16:27:45.788+0900] {logging_mixin.py:190} INFO - [2024-10-10T16:27:45.787+0900] {dagbag.py:588} INFO - Filling up the DagBag from /Users/alookso/1007MLpj/myenv/lib/python3.10/site-packages/airflow/example_dags/example_latest_only_with_trigger.py
[2024-10-10T16:27:45.798+0900] {processor.py:925} INFO - DAG(s) 'latest_only_with_trigger' retrieved from /Users/alookso/1007MLpj/myenv/lib/python3.10/site-packages/airflow/example_dags/example_latest_only_with_trigger.py
[2024-10-10T16:27:45.955+0900] {logging_mixin.py:190} INFO - [2024-10-10T16:27:45.955+0900] {dag.py:3239} INFO - Sync 1 DAGs
[2024-10-10T16:27:45.976+0900] {logging_mixin.py:190} INFO - [2024-10-10T16:27:45.976+0900] {dag.py:4180} INFO - Setting next_dagrun for latest_only_with_trigger to 2024-10-10T00:00:00+00:00, run_after=2024-10-10T04:00:00+00:00
[2024-10-10T16:27:46.000+0900] {processor.py:208} INFO - Processing /Users/alookso/1007MLpj/myenv/lib/python3.10/site-packages/airflow/example_dags/example_latest_only_with_trigger.py took 0.239 seconds
[2024-10-10T16:34:09.658+0900] {processor.py:186} INFO - Started process (PID=58008) to work on /Users/alookso/1007MLpj/myenv/lib/python3.10/site-packages/airflow/example_dags/example_latest_only_with_trigger.py
[2024-10-10T16:34:09.659+0900] {processor.py:914} INFO - Processing file /Users/alookso/1007MLpj/myenv/lib/python3.10/site-packages/airflow/example_dags/example_latest_only_with_trigger.py for tasks to queue
[2024-10-10T16:34:09.660+0900] {logging_mixin.py:190} INFO - [2024-10-10T16:34:09.660+0900] {dagbag.py:588} INFO - Filling up the DagBag from /Users/alookso/1007MLpj/myenv/lib/python3.10/site-packages/airflow/example_dags/example_latest_only_with_trigger.py
[2024-10-10T16:34:09.670+0900] {processor.py:925} INFO - DAG(s) 'latest_only_with_trigger' retrieved from /Users/alookso/1007MLpj/myenv/lib/python3.10/site-packages/airflow/example_dags/example_latest_only_with_trigger.py
[2024-10-10T16:34:09.812+0900] {logging_mixin.py:190} INFO - [2024-10-10T16:34:09.812+0900] {dag.py:3239} INFO - Sync 1 DAGs
[2024-10-10T16:34:09.834+0900] {logging_mixin.py:190} INFO - [2024-10-10T16:34:09.834+0900] {dag.py:4180} INFO - Setting next_dagrun for latest_only_with_trigger to 2024-10-10T00:00:00+00:00, run_after=2024-10-10T04:00:00+00:00
[2024-10-10T16:34:09.859+0900] {processor.py:208} INFO - Processing /Users/alookso/1007MLpj/myenv/lib/python3.10/site-packages/airflow/example_dags/example_latest_only_with_trigger.py took 0.208 seconds
[2024-10-10T16:38:10.660+0900] {processor.py:186} INFO - Started process (PID=58106) to work on /Users/alookso/1007MLpj/myenv/lib/python3.10/site-packages/airflow/example_dags/example_latest_only_with_trigger.py
[2024-10-10T16:38:10.661+0900] {processor.py:914} INFO - Processing file /Users/alookso/1007MLpj/myenv/lib/python3.10/site-packages/airflow/example_dags/example_latest_only_with_trigger.py for tasks to queue
[2024-10-10T16:38:10.663+0900] {logging_mixin.py:190} INFO - [2024-10-10T16:38:10.663+0900] {dagbag.py:588} INFO - Filling up the DagBag from /Users/alookso/1007MLpj/myenv/lib/python3.10/site-packages/airflow/example_dags/example_latest_only_with_trigger.py
[2024-10-10T16:38:10.674+0900] {processor.py:925} INFO - DAG(s) 'latest_only_with_trigger' retrieved from /Users/alookso/1007MLpj/myenv/lib/python3.10/site-packages/airflow/example_dags/example_latest_only_with_trigger.py
[2024-10-10T16:38:10.841+0900] {logging_mixin.py:190} INFO - [2024-10-10T16:38:10.841+0900] {dag.py:3239} INFO - Sync 1 DAGs
[2024-10-10T16:38:10.866+0900] {logging_mixin.py:190} INFO - [2024-10-10T16:38:10.865+0900] {dag.py:4180} INFO - Setting next_dagrun for latest_only_with_trigger to 2024-10-10T00:00:00+00:00, run_after=2024-10-10T04:00:00+00:00
[2024-10-10T16:38:10.891+0900] {processor.py:208} INFO - Processing /Users/alookso/1007MLpj/myenv/lib/python3.10/site-packages/airflow/example_dags/example_latest_only_with_trigger.py took 0.239 seconds
[2024-10-10T16:41:49.599+0900] {processor.py:186} INFO - Started process (PID=58197) to work on /Users/alookso/1007MLpj/myenv/lib/python3.10/site-packages/airflow/example_dags/example_latest_only_with_trigger.py
[2024-10-10T16:41:49.600+0900] {processor.py:914} INFO - Processing file /Users/alookso/1007MLpj/myenv/lib/python3.10/site-packages/airflow/example_dags/example_latest_only_with_trigger.py for tasks to queue
[2024-10-10T16:41:49.601+0900] {logging_mixin.py:190} INFO - [2024-10-10T16:41:49.601+0900] {dagbag.py:588} INFO - Filling up the DagBag from /Users/alookso/1007MLpj/myenv/lib/python3.10/site-packages/airflow/example_dags/example_latest_only_with_trigger.py
[2024-10-10T16:41:49.611+0900] {processor.py:925} INFO - DAG(s) 'latest_only_with_trigger' retrieved from /Users/alookso/1007MLpj/myenv/lib/python3.10/site-packages/airflow/example_dags/example_latest_only_with_trigger.py
[2024-10-10T16:41:49.743+0900] {logging_mixin.py:190} INFO - [2024-10-10T16:41:49.743+0900] {dag.py:3239} INFO - Sync 1 DAGs
[2024-10-10T16:41:49.765+0900] {logging_mixin.py:190} INFO - [2024-10-10T16:41:49.764+0900] {dag.py:4180} INFO - Setting next_dagrun for latest_only_with_trigger to 2024-10-10T00:00:00+00:00, run_after=2024-10-10T04:00:00+00:00
[2024-10-10T16:41:49.788+0900] {processor.py:208} INFO - Processing /Users/alookso/1007MLpj/myenv/lib/python3.10/site-packages/airflow/example_dags/example_latest_only_with_trigger.py took 0.195 seconds
[2024-10-10T16:45:22.388+0900] {processor.py:186} INFO - Started process (PID=58304) to work on /Users/alookso/1007MLpj/myenv/lib/python3.10/site-packages/airflow/example_dags/example_latest_only_with_trigger.py
[2024-10-10T16:45:22.390+0900] {processor.py:914} INFO - Processing file /Users/alookso/1007MLpj/myenv/lib/python3.10/site-packages/airflow/example_dags/example_latest_only_with_trigger.py for tasks to queue
[2024-10-10T16:45:22.391+0900] {logging_mixin.py:190} INFO - [2024-10-10T16:45:22.391+0900] {dagbag.py:588} INFO - Filling up the DagBag from /Users/alookso/1007MLpj/myenv/lib/python3.10/site-packages/airflow/example_dags/example_latest_only_with_trigger.py
[2024-10-10T16:45:22.401+0900] {processor.py:925} INFO - DAG(s) 'latest_only_with_trigger' retrieved from /Users/alookso/1007MLpj/myenv/lib/python3.10/site-packages/airflow/example_dags/example_latest_only_with_trigger.py
[2024-10-10T16:45:22.550+0900] {logging_mixin.py:190} INFO - [2024-10-10T16:45:22.550+0900] {dag.py:3239} INFO - Sync 1 DAGs
[2024-10-10T16:45:22.571+0900] {logging_mixin.py:190} INFO - [2024-10-10T16:45:22.571+0900] {dag.py:4180} INFO - Setting next_dagrun for latest_only_with_trigger to 2024-10-10T00:00:00+00:00, run_after=2024-10-10T04:00:00+00:00
[2024-10-10T16:45:22.596+0900] {processor.py:208} INFO - Processing /Users/alookso/1007MLpj/myenv/lib/python3.10/site-packages/airflow/example_dags/example_latest_only_with_trigger.py took 0.214 seconds
[2024-10-10T16:51:25.197+0900] {processor.py:186} INFO - Started process (PID=58656) to work on /Users/alookso/1007MLpj/myenv/lib/python3.10/site-packages/airflow/example_dags/example_latest_only_with_trigger.py
[2024-10-10T16:51:25.199+0900] {processor.py:914} INFO - Processing file /Users/alookso/1007MLpj/myenv/lib/python3.10/site-packages/airflow/example_dags/example_latest_only_with_trigger.py for tasks to queue
[2024-10-10T16:51:25.200+0900] {logging_mixin.py:190} INFO - [2024-10-10T16:51:25.200+0900] {dagbag.py:588} INFO - Filling up the DagBag from /Users/alookso/1007MLpj/myenv/lib/python3.10/site-packages/airflow/example_dags/example_latest_only_with_trigger.py
[2024-10-10T16:51:25.209+0900] {processor.py:925} INFO - DAG(s) 'latest_only_with_trigger' retrieved from /Users/alookso/1007MLpj/myenv/lib/python3.10/site-packages/airflow/example_dags/example_latest_only_with_trigger.py
[2024-10-10T16:51:25.342+0900] {logging_mixin.py:190} INFO - [2024-10-10T16:51:25.341+0900] {dag.py:3239} INFO - Sync 1 DAGs
[2024-10-10T16:51:25.361+0900] {logging_mixin.py:190} INFO - [2024-10-10T16:51:25.361+0900] {dag.py:4180} INFO - Setting next_dagrun for latest_only_with_trigger to 2024-10-10T00:00:00+00:00, run_after=2024-10-10T04:00:00+00:00
[2024-10-10T16:51:25.382+0900] {processor.py:208} INFO - Processing /Users/alookso/1007MLpj/myenv/lib/python3.10/site-packages/airflow/example_dags/example_latest_only_with_trigger.py took 0.188 seconds
[2024-10-10T23:49:22.317+0900] {processor.py:186} INFO - Started process (PID=63499) to work on /Users/alookso/1007MLpj/myenv/lib/python3.10/site-packages/airflow/example_dags/example_latest_only_with_trigger.py
[2024-10-10T23:49:22.319+0900] {processor.py:914} INFO - Processing file /Users/alookso/1007MLpj/myenv/lib/python3.10/site-packages/airflow/example_dags/example_latest_only_with_trigger.py for tasks to queue
[2024-10-10T23:49:22.320+0900] {logging_mixin.py:190} INFO - [2024-10-10T23:49:22.320+0900] {dagbag.py:588} INFO - Filling up the DagBag from /Users/alookso/1007MLpj/myenv/lib/python3.10/site-packages/airflow/example_dags/example_latest_only_with_trigger.py
[2024-10-10T23:49:22.330+0900] {processor.py:925} INFO - DAG(s) 'latest_only_with_trigger' retrieved from /Users/alookso/1007MLpj/myenv/lib/python3.10/site-packages/airflow/example_dags/example_latest_only_with_trigger.py
[2024-10-10T23:49:22.461+0900] {logging_mixin.py:190} INFO - [2024-10-10T23:49:22.461+0900] {dag.py:3239} INFO - Sync 1 DAGs
[2024-10-10T23:49:22.481+0900] {logging_mixin.py:190} INFO - [2024-10-10T23:49:22.481+0900] {dag.py:4180} INFO - Setting next_dagrun for latest_only_with_trigger to 2024-10-10T08:00:00+00:00, run_after=2024-10-10T12:00:00+00:00
[2024-10-10T23:49:22.502+0900] {processor.py:208} INFO - Processing /Users/alookso/1007MLpj/myenv/lib/python3.10/site-packages/airflow/example_dags/example_latest_only_with_trigger.py took 0.190 seconds
[2024-10-10T23:52:37.014+0900] {processor.py:186} INFO - Started process (PID=63687) to work on /Users/alookso/1007MLpj/myenv/lib/python3.10/site-packages/airflow/example_dags/example_latest_only_with_trigger.py
[2024-10-10T23:52:37.015+0900] {processor.py:914} INFO - Processing file /Users/alookso/1007MLpj/myenv/lib/python3.10/site-packages/airflow/example_dags/example_latest_only_with_trigger.py for tasks to queue
[2024-10-10T23:52:37.015+0900] {logging_mixin.py:190} INFO - [2024-10-10T23:52:37.015+0900] {dagbag.py:588} INFO - Filling up the DagBag from /Users/alookso/1007MLpj/myenv/lib/python3.10/site-packages/airflow/example_dags/example_latest_only_with_trigger.py
[2024-10-10T23:52:37.025+0900] {processor.py:925} INFO - DAG(s) 'latest_only_with_trigger' retrieved from /Users/alookso/1007MLpj/myenv/lib/python3.10/site-packages/airflow/example_dags/example_latest_only_with_trigger.py
[2024-10-10T23:52:37.161+0900] {logging_mixin.py:190} INFO - [2024-10-10T23:52:37.161+0900] {dag.py:3239} INFO - Sync 1 DAGs
[2024-10-10T23:52:37.185+0900] {logging_mixin.py:190} INFO - [2024-10-10T23:52:37.185+0900] {dag.py:4180} INFO - Setting next_dagrun for latest_only_with_trigger to 2024-10-10T08:00:00+00:00, run_after=2024-10-10T12:00:00+00:00
[2024-10-10T23:52:37.208+0900] {processor.py:208} INFO - Processing /Users/alookso/1007MLpj/myenv/lib/python3.10/site-packages/airflow/example_dags/example_latest_only_with_trigger.py took 0.199 seconds
[2024-10-10T23:58:19.081+0900] {processor.py:186} INFO - Started process (PID=63905) to work on /Users/alookso/1007MLpj/myenv/lib/python3.10/site-packages/airflow/example_dags/example_latest_only_with_trigger.py
[2024-10-10T23:58:19.082+0900] {processor.py:914} INFO - Processing file /Users/alookso/1007MLpj/myenv/lib/python3.10/site-packages/airflow/example_dags/example_latest_only_with_trigger.py for tasks to queue
[2024-10-10T23:58:19.083+0900] {logging_mixin.py:190} INFO - [2024-10-10T23:58:19.083+0900] {dagbag.py:588} INFO - Filling up the DagBag from /Users/alookso/1007MLpj/myenv/lib/python3.10/site-packages/airflow/example_dags/example_latest_only_with_trigger.py
[2024-10-10T23:58:19.093+0900] {processor.py:925} INFO - DAG(s) 'latest_only_with_trigger' retrieved from /Users/alookso/1007MLpj/myenv/lib/python3.10/site-packages/airflow/example_dags/example_latest_only_with_trigger.py
[2024-10-10T23:58:19.232+0900] {logging_mixin.py:190} INFO - [2024-10-10T23:58:19.232+0900] {dag.py:3239} INFO - Sync 1 DAGs
[2024-10-10T23:58:19.253+0900] {logging_mixin.py:190} INFO - [2024-10-10T23:58:19.253+0900] {dag.py:4180} INFO - Setting next_dagrun for latest_only_with_trigger to 2024-10-10T08:00:00+00:00, run_after=2024-10-10T12:00:00+00:00
[2024-10-10T23:58:19.276+0900] {processor.py:208} INFO - Processing /Users/alookso/1007MLpj/myenv/lib/python3.10/site-packages/airflow/example_dags/example_latest_only_with_trigger.py took 0.199 seconds
[2024-10-11T00:02:41.025+0900] {processor.py:186} INFO - Started process (PID=64139) to work on /Users/alookso/1007MLpj/myenv/lib/python3.10/site-packages/airflow/example_dags/example_latest_only_with_trigger.py
[2024-10-11T00:02:41.026+0900] {processor.py:914} INFO - Processing file /Users/alookso/1007MLpj/myenv/lib/python3.10/site-packages/airflow/example_dags/example_latest_only_with_trigger.py for tasks to queue
[2024-10-11T00:02:41.027+0900] {logging_mixin.py:190} INFO - [2024-10-11T00:02:41.027+0900] {dagbag.py:588} INFO - Filling up the DagBag from /Users/alookso/1007MLpj/myenv/lib/python3.10/site-packages/airflow/example_dags/example_latest_only_with_trigger.py
[2024-10-11T00:02:41.036+0900] {processor.py:925} INFO - DAG(s) 'latest_only_with_trigger' retrieved from /Users/alookso/1007MLpj/myenv/lib/python3.10/site-packages/airflow/example_dags/example_latest_only_with_trigger.py
[2024-10-11T00:02:41.172+0900] {logging_mixin.py:190} INFO - [2024-10-11T00:02:41.171+0900] {dag.py:3239} INFO - Sync 1 DAGs
[2024-10-11T00:02:41.194+0900] {logging_mixin.py:190} INFO - [2024-10-11T00:02:41.194+0900] {dag.py:4180} INFO - Setting next_dagrun for latest_only_with_trigger to 2024-10-10T08:00:00+00:00, run_after=2024-10-10T12:00:00+00:00
[2024-10-11T00:02:41.217+0900] {processor.py:208} INFO - Processing /Users/alookso/1007MLpj/myenv/lib/python3.10/site-packages/airflow/example_dags/example_latest_only_with_trigger.py took 0.196 seconds
[2024-10-11T00:05:49.151+0900] {processor.py:186} INFO - Started process (PID=64315) to work on /Users/alookso/1007MLpj/myenv/lib/python3.10/site-packages/airflow/example_dags/example_latest_only_with_trigger.py
[2024-10-11T00:05:49.152+0900] {processor.py:914} INFO - Processing file /Users/alookso/1007MLpj/myenv/lib/python3.10/site-packages/airflow/example_dags/example_latest_only_with_trigger.py for tasks to queue
[2024-10-11T00:05:49.153+0900] {logging_mixin.py:190} INFO - [2024-10-11T00:05:49.152+0900] {dagbag.py:588} INFO - Filling up the DagBag from /Users/alookso/1007MLpj/myenv/lib/python3.10/site-packages/airflow/example_dags/example_latest_only_with_trigger.py
[2024-10-11T00:05:49.162+0900] {processor.py:925} INFO - DAG(s) 'latest_only_with_trigger' retrieved from /Users/alookso/1007MLpj/myenv/lib/python3.10/site-packages/airflow/example_dags/example_latest_only_with_trigger.py
[2024-10-11T00:05:49.297+0900] {logging_mixin.py:190} INFO - [2024-10-11T00:05:49.297+0900] {dag.py:3239} INFO - Sync 1 DAGs
[2024-10-11T00:05:49.318+0900] {logging_mixin.py:190} INFO - [2024-10-11T00:05:49.317+0900] {dag.py:4180} INFO - Setting next_dagrun for latest_only_with_trigger to 2024-10-10T08:00:00+00:00, run_after=2024-10-10T12:00:00+00:00
[2024-10-11T00:05:49.339+0900] {processor.py:208} INFO - Processing /Users/alookso/1007MLpj/myenv/lib/python3.10/site-packages/airflow/example_dags/example_latest_only_with_trigger.py took 0.193 seconds
[2024-10-11T00:09:46.121+0900] {processor.py:186} INFO - Started process (PID=64526) to work on /Users/alookso/1007MLpj/myenv/lib/python3.10/site-packages/airflow/example_dags/example_latest_only_with_trigger.py
[2024-10-11T00:09:46.122+0900] {processor.py:914} INFO - Processing file /Users/alookso/1007MLpj/myenv/lib/python3.10/site-packages/airflow/example_dags/example_latest_only_with_trigger.py for tasks to queue
[2024-10-11T00:09:46.123+0900] {logging_mixin.py:190} INFO - [2024-10-11T00:09:46.123+0900] {dagbag.py:588} INFO - Filling up the DagBag from /Users/alookso/1007MLpj/myenv/lib/python3.10/site-packages/airflow/example_dags/example_latest_only_with_trigger.py
[2024-10-11T00:09:46.132+0900] {processor.py:925} INFO - DAG(s) 'latest_only_with_trigger' retrieved from /Users/alookso/1007MLpj/myenv/lib/python3.10/site-packages/airflow/example_dags/example_latest_only_with_trigger.py
[2024-10-11T00:09:46.264+0900] {logging_mixin.py:190} INFO - [2024-10-11T00:09:46.264+0900] {dag.py:3239} INFO - Sync 1 DAGs
[2024-10-11T00:09:46.284+0900] {logging_mixin.py:190} INFO - [2024-10-11T00:09:46.284+0900] {dag.py:4180} INFO - Setting next_dagrun for latest_only_with_trigger to 2024-10-10T08:00:00+00:00, run_after=2024-10-10T12:00:00+00:00
[2024-10-11T00:09:46.304+0900] {processor.py:208} INFO - Processing /Users/alookso/1007MLpj/myenv/lib/python3.10/site-packages/airflow/example_dags/example_latest_only_with_trigger.py took 0.187 seconds
[2024-10-11T00:12:46.810+0900] {processor.py:186} INFO - Started process (PID=64667) to work on /Users/alookso/1007MLpj/myenv/lib/python3.10/site-packages/airflow/example_dags/example_latest_only_with_trigger.py
[2024-10-11T00:12:46.811+0900] {processor.py:914} INFO - Processing file /Users/alookso/1007MLpj/myenv/lib/python3.10/site-packages/airflow/example_dags/example_latest_only_with_trigger.py for tasks to queue
[2024-10-11T00:12:46.812+0900] {logging_mixin.py:190} INFO - [2024-10-11T00:12:46.812+0900] {dagbag.py:588} INFO - Filling up the DagBag from /Users/alookso/1007MLpj/myenv/lib/python3.10/site-packages/airflow/example_dags/example_latest_only_with_trigger.py
[2024-10-11T00:12:46.821+0900] {processor.py:925} INFO - DAG(s) 'latest_only_with_trigger' retrieved from /Users/alookso/1007MLpj/myenv/lib/python3.10/site-packages/airflow/example_dags/example_latest_only_with_trigger.py
[2024-10-11T00:12:46.953+0900] {logging_mixin.py:190} INFO - [2024-10-11T00:12:46.953+0900] {dag.py:3239} INFO - Sync 1 DAGs
[2024-10-11T00:12:46.973+0900] {logging_mixin.py:190} INFO - [2024-10-11T00:12:46.973+0900] {dag.py:4180} INFO - Setting next_dagrun for latest_only_with_trigger to 2024-10-10T08:00:00+00:00, run_after=2024-10-10T12:00:00+00:00
[2024-10-11T00:12:46.993+0900] {processor.py:208} INFO - Processing /Users/alookso/1007MLpj/myenv/lib/python3.10/site-packages/airflow/example_dags/example_latest_only_with_trigger.py took 0.188 seconds
[2024-10-11T00:15:15.911+0900] {processor.py:186} INFO - Started process (PID=64770) to work on /Users/alookso/1007MLpj/myenv/lib/python3.10/site-packages/airflow/example_dags/example_latest_only_with_trigger.py
[2024-10-11T00:15:15.911+0900] {processor.py:914} INFO - Processing file /Users/alookso/1007MLpj/myenv/lib/python3.10/site-packages/airflow/example_dags/example_latest_only_with_trigger.py for tasks to queue
[2024-10-11T00:15:15.912+0900] {logging_mixin.py:190} INFO - [2024-10-11T00:15:15.912+0900] {dagbag.py:588} INFO - Filling up the DagBag from /Users/alookso/1007MLpj/myenv/lib/python3.10/site-packages/airflow/example_dags/example_latest_only_with_trigger.py
[2024-10-11T00:15:15.921+0900] {processor.py:925} INFO - DAG(s) 'latest_only_with_trigger' retrieved from /Users/alookso/1007MLpj/myenv/lib/python3.10/site-packages/airflow/example_dags/example_latest_only_with_trigger.py
[2024-10-11T00:15:16.051+0900] {logging_mixin.py:190} INFO - [2024-10-11T00:15:16.051+0900] {dag.py:3239} INFO - Sync 1 DAGs
[2024-10-11T00:15:16.071+0900] {logging_mixin.py:190} INFO - [2024-10-11T00:15:16.071+0900] {dag.py:4180} INFO - Setting next_dagrun for latest_only_with_trigger to 2024-10-10T08:00:00+00:00, run_after=2024-10-10T12:00:00+00:00
[2024-10-11T00:15:16.091+0900] {processor.py:208} INFO - Processing /Users/alookso/1007MLpj/myenv/lib/python3.10/site-packages/airflow/example_dags/example_latest_only_with_trigger.py took 0.185 seconds
[2024-10-11T00:17:57.499+0900] {processor.py:186} INFO - Started process (PID=64852) to work on /Users/alookso/1007MLpj/myenv/lib/python3.10/site-packages/airflow/example_dags/example_latest_only_with_trigger.py
[2024-10-11T00:17:57.500+0900] {processor.py:914} INFO - Processing file /Users/alookso/1007MLpj/myenv/lib/python3.10/site-packages/airflow/example_dags/example_latest_only_with_trigger.py for tasks to queue
[2024-10-11T00:17:57.501+0900] {logging_mixin.py:190} INFO - [2024-10-11T00:17:57.501+0900] {dagbag.py:588} INFO - Filling up the DagBag from /Users/alookso/1007MLpj/myenv/lib/python3.10/site-packages/airflow/example_dags/example_latest_only_with_trigger.py
[2024-10-11T00:17:57.510+0900] {processor.py:925} INFO - DAG(s) 'latest_only_with_trigger' retrieved from /Users/alookso/1007MLpj/myenv/lib/python3.10/site-packages/airflow/example_dags/example_latest_only_with_trigger.py
[2024-10-11T00:17:57.694+0900] {logging_mixin.py:190} INFO - [2024-10-11T00:17:57.689+0900] {dag.py:3239} INFO - Sync 1 DAGs
[2024-10-11T00:17:57.745+0900] {logging_mixin.py:190} INFO - [2024-10-11T00:17:57.745+0900] {dag.py:4180} INFO - Setting next_dagrun for latest_only_with_trigger to 2024-10-10T08:00:00+00:00, run_after=2024-10-10T12:00:00+00:00
[2024-10-11T00:17:57.796+0900] {processor.py:208} INFO - Processing /Users/alookso/1007MLpj/myenv/lib/python3.10/site-packages/airflow/example_dags/example_latest_only_with_trigger.py took 0.302 seconds
[2024-10-11T00:20:29.934+0900] {processor.py:186} INFO - Started process (PID=64946) to work on /Users/alookso/1007MLpj/myenv/lib/python3.10/site-packages/airflow/example_dags/example_latest_only_with_trigger.py
[2024-10-11T00:20:29.935+0900] {processor.py:914} INFO - Processing file /Users/alookso/1007MLpj/myenv/lib/python3.10/site-packages/airflow/example_dags/example_latest_only_with_trigger.py for tasks to queue
[2024-10-11T00:20:29.936+0900] {logging_mixin.py:190} INFO - [2024-10-11T00:20:29.935+0900] {dagbag.py:588} INFO - Filling up the DagBag from /Users/alookso/1007MLpj/myenv/lib/python3.10/site-packages/airflow/example_dags/example_latest_only_with_trigger.py
[2024-10-11T00:20:29.945+0900] {processor.py:925} INFO - DAG(s) 'latest_only_with_trigger' retrieved from /Users/alookso/1007MLpj/myenv/lib/python3.10/site-packages/airflow/example_dags/example_latest_only_with_trigger.py
[2024-10-11T00:20:30.077+0900] {logging_mixin.py:190} INFO - [2024-10-11T00:20:30.077+0900] {dag.py:3239} INFO - Sync 1 DAGs
[2024-10-11T00:20:30.097+0900] {logging_mixin.py:190} INFO - [2024-10-11T00:20:30.097+0900] {dag.py:4180} INFO - Setting next_dagrun for latest_only_with_trigger to 2024-10-10T08:00:00+00:00, run_after=2024-10-10T12:00:00+00:00
[2024-10-11T00:20:30.118+0900] {processor.py:208} INFO - Processing /Users/alookso/1007MLpj/myenv/lib/python3.10/site-packages/airflow/example_dags/example_latest_only_with_trigger.py took 0.189 seconds
[2024-10-11T00:23:07.972+0900] {processor.py:186} INFO - Started process (PID=65034) to work on /Users/alookso/1007MLpj/myenv/lib/python3.10/site-packages/airflow/example_dags/example_latest_only_with_trigger.py
[2024-10-11T00:23:07.973+0900] {processor.py:914} INFO - Processing file /Users/alookso/1007MLpj/myenv/lib/python3.10/site-packages/airflow/example_dags/example_latest_only_with_trigger.py for tasks to queue
[2024-10-11T00:23:07.974+0900] {logging_mixin.py:190} INFO - [2024-10-11T00:23:07.973+0900] {dagbag.py:588} INFO - Filling up the DagBag from /Users/alookso/1007MLpj/myenv/lib/python3.10/site-packages/airflow/example_dags/example_latest_only_with_trigger.py
[2024-10-11T00:23:07.983+0900] {processor.py:925} INFO - DAG(s) 'latest_only_with_trigger' retrieved from /Users/alookso/1007MLpj/myenv/lib/python3.10/site-packages/airflow/example_dags/example_latest_only_with_trigger.py
[2024-10-11T00:23:08.113+0900] {logging_mixin.py:190} INFO - [2024-10-11T00:23:08.113+0900] {dag.py:3239} INFO - Sync 1 DAGs
[2024-10-11T00:23:08.133+0900] {logging_mixin.py:190} INFO - [2024-10-11T00:23:08.132+0900] {dag.py:4180} INFO - Setting next_dagrun for latest_only_with_trigger to 2024-10-10T08:00:00+00:00, run_after=2024-10-10T12:00:00+00:00
[2024-10-11T00:23:08.153+0900] {processor.py:208} INFO - Processing /Users/alookso/1007MLpj/myenv/lib/python3.10/site-packages/airflow/example_dags/example_latest_only_with_trigger.py took 0.185 seconds
[2024-10-11T00:25:41.742+0900] {processor.py:186} INFO - Started process (PID=65118) to work on /Users/alookso/1007MLpj/myenv/lib/python3.10/site-packages/airflow/example_dags/example_latest_only_with_trigger.py
[2024-10-11T00:25:41.742+0900] {processor.py:914} INFO - Processing file /Users/alookso/1007MLpj/myenv/lib/python3.10/site-packages/airflow/example_dags/example_latest_only_with_trigger.py for tasks to queue
[2024-10-11T00:25:41.743+0900] {logging_mixin.py:190} INFO - [2024-10-11T00:25:41.743+0900] {dagbag.py:588} INFO - Filling up the DagBag from /Users/alookso/1007MLpj/myenv/lib/python3.10/site-packages/airflow/example_dags/example_latest_only_with_trigger.py
[2024-10-11T00:25:41.752+0900] {processor.py:925} INFO - DAG(s) 'latest_only_with_trigger' retrieved from /Users/alookso/1007MLpj/myenv/lib/python3.10/site-packages/airflow/example_dags/example_latest_only_with_trigger.py
[2024-10-11T00:25:41.881+0900] {logging_mixin.py:190} INFO - [2024-10-11T00:25:41.880+0900] {dag.py:3239} INFO - Sync 1 DAGs
[2024-10-11T00:25:41.900+0900] {logging_mixin.py:190} INFO - [2024-10-11T00:25:41.900+0900] {dag.py:4180} INFO - Setting next_dagrun for latest_only_with_trigger to 2024-10-10T08:00:00+00:00, run_after=2024-10-10T12:00:00+00:00
[2024-10-11T00:25:41.921+0900] {processor.py:208} INFO - Processing /Users/alookso/1007MLpj/myenv/lib/python3.10/site-packages/airflow/example_dags/example_latest_only_with_trigger.py took 0.183 seconds
[2024-10-11T00:29:04.743+0900] {processor.py:186} INFO - Started process (PID=65310) to work on /Users/alookso/1007MLpj/myenv/lib/python3.10/site-packages/airflow/example_dags/example_latest_only_with_trigger.py
[2024-10-11T00:29:04.744+0900] {processor.py:914} INFO - Processing file /Users/alookso/1007MLpj/myenv/lib/python3.10/site-packages/airflow/example_dags/example_latest_only_with_trigger.py for tasks to queue
[2024-10-11T00:29:04.745+0900] {logging_mixin.py:190} INFO - [2024-10-11T00:29:04.745+0900] {dagbag.py:588} INFO - Filling up the DagBag from /Users/alookso/1007MLpj/myenv/lib/python3.10/site-packages/airflow/example_dags/example_latest_only_with_trigger.py
[2024-10-11T00:29:04.754+0900] {processor.py:925} INFO - DAG(s) 'latest_only_with_trigger' retrieved from /Users/alookso/1007MLpj/myenv/lib/python3.10/site-packages/airflow/example_dags/example_latest_only_with_trigger.py
[2024-10-11T00:29:04.891+0900] {logging_mixin.py:190} INFO - [2024-10-11T00:29:04.891+0900] {dag.py:3239} INFO - Sync 1 DAGs
[2024-10-11T00:29:04.911+0900] {logging_mixin.py:190} INFO - [2024-10-11T00:29:04.911+0900] {dag.py:4180} INFO - Setting next_dagrun for latest_only_with_trigger to 2024-10-10T08:00:00+00:00, run_after=2024-10-10T12:00:00+00:00
[2024-10-11T00:29:04.932+0900] {processor.py:208} INFO - Processing /Users/alookso/1007MLpj/myenv/lib/python3.10/site-packages/airflow/example_dags/example_latest_only_with_trigger.py took 0.193 seconds
[2024-10-11T00:32:32.305+0900] {processor.py:186} INFO - Started process (PID=65484) to work on /Users/alookso/1007MLpj/myenv/lib/python3.10/site-packages/airflow/example_dags/example_latest_only_with_trigger.py
[2024-10-11T00:32:32.306+0900] {processor.py:914} INFO - Processing file /Users/alookso/1007MLpj/myenv/lib/python3.10/site-packages/airflow/example_dags/example_latest_only_with_trigger.py for tasks to queue
[2024-10-11T00:32:32.307+0900] {logging_mixin.py:190} INFO - [2024-10-11T00:32:32.307+0900] {dagbag.py:588} INFO - Filling up the DagBag from /Users/alookso/1007MLpj/myenv/lib/python3.10/site-packages/airflow/example_dags/example_latest_only_with_trigger.py
[2024-10-11T00:32:32.316+0900] {processor.py:925} INFO - DAG(s) 'latest_only_with_trigger' retrieved from /Users/alookso/1007MLpj/myenv/lib/python3.10/site-packages/airflow/example_dags/example_latest_only_with_trigger.py
[2024-10-11T00:32:32.450+0900] {logging_mixin.py:190} INFO - [2024-10-11T00:32:32.450+0900] {dag.py:3239} INFO - Sync 1 DAGs
[2024-10-11T00:32:32.470+0900] {logging_mixin.py:190} INFO - [2024-10-11T00:32:32.470+0900] {dag.py:4180} INFO - Setting next_dagrun for latest_only_with_trigger to 2024-10-10T08:00:00+00:00, run_after=2024-10-10T12:00:00+00:00
[2024-10-11T00:32:32.492+0900] {processor.py:208} INFO - Processing /Users/alookso/1007MLpj/myenv/lib/python3.10/site-packages/airflow/example_dags/example_latest_only_with_trigger.py took 0.193 seconds
[2024-10-11T00:36:11.760+0900] {processor.py:186} INFO - Started process (PID=65635) to work on /Users/alookso/1007MLpj/myenv/lib/python3.10/site-packages/airflow/example_dags/example_latest_only_with_trigger.py
[2024-10-11T00:36:11.761+0900] {processor.py:914} INFO - Processing file /Users/alookso/1007MLpj/myenv/lib/python3.10/site-packages/airflow/example_dags/example_latest_only_with_trigger.py for tasks to queue
[2024-10-11T00:36:11.762+0900] {logging_mixin.py:190} INFO - [2024-10-11T00:36:11.761+0900] {dagbag.py:588} INFO - Filling up the DagBag from /Users/alookso/1007MLpj/myenv/lib/python3.10/site-packages/airflow/example_dags/example_latest_only_with_trigger.py
[2024-10-11T00:36:11.770+0900] {processor.py:925} INFO - DAG(s) 'latest_only_with_trigger' retrieved from /Users/alookso/1007MLpj/myenv/lib/python3.10/site-packages/airflow/example_dags/example_latest_only_with_trigger.py
[2024-10-11T00:36:11.906+0900] {logging_mixin.py:190} INFO - [2024-10-11T00:36:11.906+0900] {dag.py:3239} INFO - Sync 1 DAGs
[2024-10-11T00:36:11.928+0900] {logging_mixin.py:190} INFO - [2024-10-11T00:36:11.928+0900] {dag.py:4180} INFO - Setting next_dagrun for latest_only_with_trigger to 2024-10-10T08:00:00+00:00, run_after=2024-10-10T12:00:00+00:00
[2024-10-11T00:36:11.949+0900] {processor.py:208} INFO - Processing /Users/alookso/1007MLpj/myenv/lib/python3.10/site-packages/airflow/example_dags/example_latest_only_with_trigger.py took 0.194 seconds
[2024-10-11T00:39:54.388+0900] {processor.py:186} INFO - Started process (PID=65820) to work on /Users/alookso/1007MLpj/myenv/lib/python3.10/site-packages/airflow/example_dags/example_latest_only_with_trigger.py
[2024-10-11T00:39:54.388+0900] {processor.py:914} INFO - Processing file /Users/alookso/1007MLpj/myenv/lib/python3.10/site-packages/airflow/example_dags/example_latest_only_with_trigger.py for tasks to queue
[2024-10-11T00:39:54.389+0900] {logging_mixin.py:190} INFO - [2024-10-11T00:39:54.389+0900] {dagbag.py:588} INFO - Filling up the DagBag from /Users/alookso/1007MLpj/myenv/lib/python3.10/site-packages/airflow/example_dags/example_latest_only_with_trigger.py
[2024-10-11T00:39:54.398+0900] {processor.py:925} INFO - DAG(s) 'latest_only_with_trigger' retrieved from /Users/alookso/1007MLpj/myenv/lib/python3.10/site-packages/airflow/example_dags/example_latest_only_with_trigger.py
[2024-10-11T00:39:54.528+0900] {logging_mixin.py:190} INFO - [2024-10-11T00:39:54.527+0900] {dag.py:3239} INFO - Sync 1 DAGs
[2024-10-11T00:39:54.547+0900] {logging_mixin.py:190} INFO - [2024-10-11T00:39:54.547+0900] {dag.py:4180} INFO - Setting next_dagrun for latest_only_with_trigger to 2024-10-10T08:00:00+00:00, run_after=2024-10-10T12:00:00+00:00
[2024-10-11T00:39:54.567+0900] {processor.py:208} INFO - Processing /Users/alookso/1007MLpj/myenv/lib/python3.10/site-packages/airflow/example_dags/example_latest_only_with_trigger.py took 0.184 seconds
[2024-10-11T00:43:39.966+0900] {processor.py:186} INFO - Started process (PID=66021) to work on /Users/alookso/1007MLpj/myenv/lib/python3.10/site-packages/airflow/example_dags/example_latest_only_with_trigger.py
[2024-10-11T00:43:39.967+0900] {processor.py:914} INFO - Processing file /Users/alookso/1007MLpj/myenv/lib/python3.10/site-packages/airflow/example_dags/example_latest_only_with_trigger.py for tasks to queue
[2024-10-11T00:43:39.968+0900] {logging_mixin.py:190} INFO - [2024-10-11T00:43:39.968+0900] {dagbag.py:588} INFO - Filling up the DagBag from /Users/alookso/1007MLpj/myenv/lib/python3.10/site-packages/airflow/example_dags/example_latest_only_with_trigger.py
[2024-10-11T00:43:39.978+0900] {processor.py:925} INFO - DAG(s) 'latest_only_with_trigger' retrieved from /Users/alookso/1007MLpj/myenv/lib/python3.10/site-packages/airflow/example_dags/example_latest_only_with_trigger.py
[2024-10-11T00:43:40.112+0900] {logging_mixin.py:190} INFO - [2024-10-11T00:43:40.112+0900] {dag.py:3239} INFO - Sync 1 DAGs
[2024-10-11T00:43:40.131+0900] {logging_mixin.py:190} INFO - [2024-10-11T00:43:40.131+0900] {dag.py:4180} INFO - Setting next_dagrun for latest_only_with_trigger to 2024-10-10T08:00:00+00:00, run_after=2024-10-10T12:00:00+00:00
[2024-10-11T00:43:40.151+0900] {processor.py:208} INFO - Processing /Users/alookso/1007MLpj/myenv/lib/python3.10/site-packages/airflow/example_dags/example_latest_only_with_trigger.py took 0.189 seconds
[2024-10-11T00:46:22.074+0900] {processor.py:186} INFO - Started process (PID=66103) to work on /Users/alookso/1007MLpj/myenv/lib/python3.10/site-packages/airflow/example_dags/example_latest_only_with_trigger.py
[2024-10-11T00:46:22.075+0900] {processor.py:914} INFO - Processing file /Users/alookso/1007MLpj/myenv/lib/python3.10/site-packages/airflow/example_dags/example_latest_only_with_trigger.py for tasks to queue
[2024-10-11T00:46:22.076+0900] {logging_mixin.py:190} INFO - [2024-10-11T00:46:22.076+0900] {dagbag.py:588} INFO - Filling up the DagBag from /Users/alookso/1007MLpj/myenv/lib/python3.10/site-packages/airflow/example_dags/example_latest_only_with_trigger.py
[2024-10-11T00:46:22.085+0900] {processor.py:925} INFO - DAG(s) 'latest_only_with_trigger' retrieved from /Users/alookso/1007MLpj/myenv/lib/python3.10/site-packages/airflow/example_dags/example_latest_only_with_trigger.py
[2024-10-11T00:46:22.216+0900] {logging_mixin.py:190} INFO - [2024-10-11T00:46:22.216+0900] {dag.py:3239} INFO - Sync 1 DAGs
[2024-10-11T00:46:22.235+0900] {logging_mixin.py:190} INFO - [2024-10-11T00:46:22.235+0900] {dag.py:4180} INFO - Setting next_dagrun for latest_only_with_trigger to 2024-10-10T08:00:00+00:00, run_after=2024-10-10T12:00:00+00:00
[2024-10-11T00:46:22.255+0900] {processor.py:208} INFO - Processing /Users/alookso/1007MLpj/myenv/lib/python3.10/site-packages/airflow/example_dags/example_latest_only_with_trigger.py took 0.184 seconds
[2024-10-11T00:50:42.637+0900] {processor.py:186} INFO - Started process (PID=66346) to work on /Users/alookso/1007MLpj/myenv/lib/python3.10/site-packages/airflow/example_dags/example_latest_only_with_trigger.py
[2024-10-11T00:50:42.638+0900] {processor.py:914} INFO - Processing file /Users/alookso/1007MLpj/myenv/lib/python3.10/site-packages/airflow/example_dags/example_latest_only_with_trigger.py for tasks to queue
[2024-10-11T00:50:42.639+0900] {logging_mixin.py:190} INFO - [2024-10-11T00:50:42.638+0900] {dagbag.py:588} INFO - Filling up the DagBag from /Users/alookso/1007MLpj/myenv/lib/python3.10/site-packages/airflow/example_dags/example_latest_only_with_trigger.py
[2024-10-11T00:50:42.648+0900] {processor.py:925} INFO - DAG(s) 'latest_only_with_trigger' retrieved from /Users/alookso/1007MLpj/myenv/lib/python3.10/site-packages/airflow/example_dags/example_latest_only_with_trigger.py
[2024-10-11T00:50:42.782+0900] {logging_mixin.py:190} INFO - [2024-10-11T00:50:42.782+0900] {dag.py:3239} INFO - Sync 1 DAGs
[2024-10-11T00:50:42.801+0900] {logging_mixin.py:190} INFO - [2024-10-11T00:50:42.801+0900] {dag.py:4180} INFO - Setting next_dagrun for latest_only_with_trigger to 2024-10-10T08:00:00+00:00, run_after=2024-10-10T12:00:00+00:00
[2024-10-11T00:50:42.822+0900] {processor.py:208} INFO - Processing /Users/alookso/1007MLpj/myenv/lib/python3.10/site-packages/airflow/example_dags/example_latest_only_with_trigger.py took 0.190 seconds
[2024-10-11T00:53:46.540+0900] {processor.py:186} INFO - Started process (PID=66523) to work on /Users/alookso/1007MLpj/myenv/lib/python3.10/site-packages/airflow/example_dags/example_latest_only_with_trigger.py
[2024-10-11T00:53:46.549+0900] {processor.py:914} INFO - Processing file /Users/alookso/1007MLpj/myenv/lib/python3.10/site-packages/airflow/example_dags/example_latest_only_with_trigger.py for tasks to queue
[2024-10-11T00:53:46.550+0900] {logging_mixin.py:190} INFO - [2024-10-11T00:53:46.550+0900] {dagbag.py:588} INFO - Filling up the DagBag from /Users/alookso/1007MLpj/myenv/lib/python3.10/site-packages/airflow/example_dags/example_latest_only_with_trigger.py
[2024-10-11T00:53:46.560+0900] {processor.py:925} INFO - DAG(s) 'latest_only_with_trigger' retrieved from /Users/alookso/1007MLpj/myenv/lib/python3.10/site-packages/airflow/example_dags/example_latest_only_with_trigger.py
[2024-10-11T00:53:46.697+0900] {logging_mixin.py:190} INFO - [2024-10-11T00:53:46.697+0900] {dag.py:3239} INFO - Sync 1 DAGs
[2024-10-11T00:53:46.717+0900] {logging_mixin.py:190} INFO - [2024-10-11T00:53:46.717+0900] {dag.py:4180} INFO - Setting next_dagrun for latest_only_with_trigger to 2024-10-10T08:00:00+00:00, run_after=2024-10-10T12:00:00+00:00
[2024-10-11T00:53:46.748+0900] {processor.py:208} INFO - Processing /Users/alookso/1007MLpj/myenv/lib/python3.10/site-packages/airflow/example_dags/example_latest_only_with_trigger.py took 0.212 seconds
