[2024-10-10T15:34:49.419+0900] {processor.py:186} INFO - Started process (PID=56115) to work on /Users/alookso/1007MLpj/myenv/lib/python3.10/site-packages/airflow/example_dags/example_datasets.py
[2024-10-10T15:34:49.419+0900] {processor.py:914} INFO - Processing file /Users/alookso/1007MLpj/myenv/lib/python3.10/site-packages/airflow/example_dags/example_datasets.py for tasks to queue
[2024-10-10T15:34:49.420+0900] {logging_mixin.py:190} INFO - [2024-10-10T15:34:49.420+0900] {dagbag.py:588} INFO - Filling up the DagBag from /Users/alookso/1007MLpj/myenv/lib/python3.10/site-packages/airflow/example_dags/example_datasets.py
[2024-10-10T15:34:49.486+0900] {processor.py:925} INFO - DAG(s) 'consume_1_and_2_with_dataset_expressions', 'dataset_consumes_unknown_never_scheduled', 'dataset_produces_1', 'consume_1_or_2_with_dataset_expressions', 'dataset_consumes_1', 'consume_1_or_both_2_and_3_with_dataset_expressions', 'dataset_produces_2', 'dataset_consumes_1_never_scheduled', 'conditional_dataset_and_time_based_timetable', 'dataset_consumes_1_and_2' retrieved from /Users/alookso/1007MLpj/myenv/lib/python3.10/site-packages/airflow/example_dags/example_datasets.py
[2024-10-10T15:34:49.748+0900] {logging_mixin.py:190} INFO - [2024-10-10T15:34:49.747+0900] {override.py:1901} INFO - Created Permission View: can read on DAG:consume_1_and_2_with_dataset_expressions
[2024-10-10T15:34:49.758+0900] {logging_mixin.py:190} INFO - [2024-10-10T15:34:49.758+0900] {override.py:1901} INFO - Created Permission View: can edit on DAG:consume_1_and_2_with_dataset_expressions
[2024-10-10T15:34:49.766+0900] {logging_mixin.py:190} INFO - [2024-10-10T15:34:49.765+0900] {override.py:1901} INFO - Created Permission View: can delete on DAG:consume_1_and_2_with_dataset_expressions
[2024-10-10T15:34:49.776+0900] {logging_mixin.py:190} INFO - [2024-10-10T15:34:49.776+0900] {override.py:1901} INFO - Created Permission View: can create on DAG Run:consume_1_and_2_with_dataset_expressions
[2024-10-10T15:34:49.784+0900] {logging_mixin.py:190} INFO - [2024-10-10T15:34:49.783+0900] {override.py:1901} INFO - Created Permission View: can read on DAG Run:consume_1_and_2_with_dataset_expressions
[2024-10-10T15:34:49.791+0900] {logging_mixin.py:190} INFO - [2024-10-10T15:34:49.791+0900] {override.py:1901} INFO - Created Permission View: menu access on DAG Run:consume_1_and_2_with_dataset_expressions
[2024-10-10T15:34:49.799+0900] {logging_mixin.py:190} INFO - [2024-10-10T15:34:49.798+0900] {override.py:1901} INFO - Created Permission View: can delete on DAG Run:consume_1_and_2_with_dataset_expressions
[2024-10-10T15:34:49.815+0900] {logging_mixin.py:190} INFO - [2024-10-10T15:34:49.814+0900] {override.py:1901} INFO - Created Permission View: can read on DAG:dataset_consumes_unknown_never_scheduled
[2024-10-10T15:34:49.822+0900] {logging_mixin.py:190} INFO - [2024-10-10T15:34:49.822+0900] {override.py:1901} INFO - Created Permission View: can edit on DAG:dataset_consumes_unknown_never_scheduled
[2024-10-10T15:34:49.830+0900] {logging_mixin.py:190} INFO - [2024-10-10T15:34:49.830+0900] {override.py:1901} INFO - Created Permission View: can delete on DAG:dataset_consumes_unknown_never_scheduled
[2024-10-10T15:34:49.840+0900] {logging_mixin.py:190} INFO - [2024-10-10T15:34:49.840+0900] {override.py:1901} INFO - Created Permission View: can create on DAG Run:dataset_consumes_unknown_never_scheduled
[2024-10-10T15:34:49.848+0900] {logging_mixin.py:190} INFO - [2024-10-10T15:34:49.847+0900] {override.py:1901} INFO - Created Permission View: can read on DAG Run:dataset_consumes_unknown_never_scheduled
[2024-10-10T15:34:49.855+0900] {logging_mixin.py:190} INFO - [2024-10-10T15:34:49.855+0900] {override.py:1901} INFO - Created Permission View: menu access on DAG Run:dataset_consumes_unknown_never_scheduled
[2024-10-10T15:34:49.862+0900] {logging_mixin.py:190} INFO - [2024-10-10T15:34:49.862+0900] {override.py:1901} INFO - Created Permission View: can delete on DAG Run:dataset_consumes_unknown_never_scheduled
[2024-10-10T15:34:49.877+0900] {logging_mixin.py:190} INFO - [2024-10-10T15:34:49.877+0900] {override.py:1901} INFO - Created Permission View: can read on DAG:dataset_produces_1
[2024-10-10T15:34:49.885+0900] {logging_mixin.py:190} INFO - [2024-10-10T15:34:49.884+0900] {override.py:1901} INFO - Created Permission View: can edit on DAG:dataset_produces_1
[2024-10-10T15:34:49.892+0900] {logging_mixin.py:190} INFO - [2024-10-10T15:34:49.892+0900] {override.py:1901} INFO - Created Permission View: can delete on DAG:dataset_produces_1
[2024-10-10T15:34:49.902+0900] {logging_mixin.py:190} INFO - [2024-10-10T15:34:49.901+0900] {override.py:1901} INFO - Created Permission View: can create on DAG Run:dataset_produces_1
[2024-10-10T15:34:49.909+0900] {logging_mixin.py:190} INFO - [2024-10-10T15:34:49.909+0900] {override.py:1901} INFO - Created Permission View: can read on DAG Run:dataset_produces_1
[2024-10-10T15:34:49.916+0900] {logging_mixin.py:190} INFO - [2024-10-10T15:34:49.916+0900] {override.py:1901} INFO - Created Permission View: menu access on DAG Run:dataset_produces_1
[2024-10-10T15:34:49.923+0900] {logging_mixin.py:190} INFO - [2024-10-10T15:34:49.923+0900] {override.py:1901} INFO - Created Permission View: can delete on DAG Run:dataset_produces_1
[2024-10-10T15:34:49.937+0900] {logging_mixin.py:190} INFO - [2024-10-10T15:34:49.937+0900] {override.py:1901} INFO - Created Permission View: can read on DAG:consume_1_or_2_with_dataset_expressions
[2024-10-10T15:34:49.944+0900] {logging_mixin.py:190} INFO - [2024-10-10T15:34:49.944+0900] {override.py:1901} INFO - Created Permission View: can edit on DAG:consume_1_or_2_with_dataset_expressions
[2024-10-10T15:34:49.952+0900] {logging_mixin.py:190} INFO - [2024-10-10T15:34:49.951+0900] {override.py:1901} INFO - Created Permission View: can delete on DAG:consume_1_or_2_with_dataset_expressions
[2024-10-10T15:34:49.961+0900] {logging_mixin.py:190} INFO - [2024-10-10T15:34:49.961+0900] {override.py:1901} INFO - Created Permission View: can create on DAG Run:consume_1_or_2_with_dataset_expressions
[2024-10-10T15:34:49.968+0900] {logging_mixin.py:190} INFO - [2024-10-10T15:34:49.968+0900] {override.py:1901} INFO - Created Permission View: can read on DAG Run:consume_1_or_2_with_dataset_expressions
[2024-10-10T15:34:49.975+0900] {logging_mixin.py:190} INFO - [2024-10-10T15:34:49.975+0900] {override.py:1901} INFO - Created Permission View: menu access on DAG Run:consume_1_or_2_with_dataset_expressions
[2024-10-10T15:34:49.983+0900] {logging_mixin.py:190} INFO - [2024-10-10T15:34:49.982+0900] {override.py:1901} INFO - Created Permission View: can delete on DAG Run:consume_1_or_2_with_dataset_expressions
[2024-10-10T15:34:49.997+0900] {logging_mixin.py:190} INFO - [2024-10-10T15:34:49.997+0900] {override.py:1901} INFO - Created Permission View: can read on DAG:dataset_consumes_1
[2024-10-10T15:34:50.004+0900] {logging_mixin.py:190} INFO - [2024-10-10T15:34:50.004+0900] {override.py:1901} INFO - Created Permission View: can edit on DAG:dataset_consumes_1
[2024-10-10T15:34:50.012+0900] {logging_mixin.py:190} INFO - [2024-10-10T15:34:50.012+0900] {override.py:1901} INFO - Created Permission View: can delete on DAG:dataset_consumes_1
[2024-10-10T15:34:50.022+0900] {logging_mixin.py:190} INFO - [2024-10-10T15:34:50.022+0900] {override.py:1901} INFO - Created Permission View: can create on DAG Run:dataset_consumes_1
[2024-10-10T15:34:50.029+0900] {logging_mixin.py:190} INFO - [2024-10-10T15:34:50.029+0900] {override.py:1901} INFO - Created Permission View: can read on DAG Run:dataset_consumes_1
[2024-10-10T15:34:50.037+0900] {logging_mixin.py:190} INFO - [2024-10-10T15:34:50.036+0900] {override.py:1901} INFO - Created Permission View: menu access on DAG Run:dataset_consumes_1
[2024-10-10T15:34:50.044+0900] {logging_mixin.py:190} INFO - [2024-10-10T15:34:50.044+0900] {override.py:1901} INFO - Created Permission View: can delete on DAG Run:dataset_consumes_1
[2024-10-10T15:34:50.058+0900] {logging_mixin.py:190} INFO - [2024-10-10T15:34:50.058+0900] {override.py:1901} INFO - Created Permission View: can read on DAG:consume_1_or_both_2_and_3_with_dataset_expressions
[2024-10-10T15:34:50.066+0900] {logging_mixin.py:190} INFO - [2024-10-10T15:34:50.066+0900] {override.py:1901} INFO - Created Permission View: can edit on DAG:consume_1_or_both_2_and_3_with_dataset_expressions
[2024-10-10T15:34:50.073+0900] {logging_mixin.py:190} INFO - [2024-10-10T15:34:50.073+0900] {override.py:1901} INFO - Created Permission View: can delete on DAG:consume_1_or_both_2_and_3_with_dataset_expressions
[2024-10-10T15:34:50.083+0900] {logging_mixin.py:190} INFO - [2024-10-10T15:34:50.083+0900] {override.py:1901} INFO - Created Permission View: can create on DAG Run:consume_1_or_both_2_and_3_with_dataset_expressions
[2024-10-10T15:34:50.091+0900] {logging_mixin.py:190} INFO - [2024-10-10T15:34:50.091+0900] {override.py:1901} INFO - Created Permission View: can read on DAG Run:consume_1_or_both_2_and_3_with_dataset_expressions
[2024-10-10T15:34:50.098+0900] {logging_mixin.py:190} INFO - [2024-10-10T15:34:50.098+0900] {override.py:1901} INFO - Created Permission View: menu access on DAG Run:consume_1_or_both_2_and_3_with_dataset_expressions
[2024-10-10T15:34:50.106+0900] {logging_mixin.py:190} INFO - [2024-10-10T15:34:50.106+0900] {override.py:1901} INFO - Created Permission View: can delete on DAG Run:consume_1_or_both_2_and_3_with_dataset_expressions
[2024-10-10T15:34:50.121+0900] {logging_mixin.py:190} INFO - [2024-10-10T15:34:50.120+0900] {override.py:1901} INFO - Created Permission View: can read on DAG:dataset_produces_2
[2024-10-10T15:34:50.128+0900] {logging_mixin.py:190} INFO - [2024-10-10T15:34:50.128+0900] {override.py:1901} INFO - Created Permission View: can edit on DAG:dataset_produces_2
[2024-10-10T15:34:50.136+0900] {logging_mixin.py:190} INFO - [2024-10-10T15:34:50.135+0900] {override.py:1901} INFO - Created Permission View: can delete on DAG:dataset_produces_2
[2024-10-10T15:34:50.146+0900] {logging_mixin.py:190} INFO - [2024-10-10T15:34:50.146+0900] {override.py:1901} INFO - Created Permission View: can create on DAG Run:dataset_produces_2
[2024-10-10T15:34:50.153+0900] {logging_mixin.py:190} INFO - [2024-10-10T15:34:50.153+0900] {override.py:1901} INFO - Created Permission View: can read on DAG Run:dataset_produces_2
[2024-10-10T15:34:50.161+0900] {logging_mixin.py:190} INFO - [2024-10-10T15:34:50.161+0900] {override.py:1901} INFO - Created Permission View: menu access on DAG Run:dataset_produces_2
[2024-10-10T15:34:50.168+0900] {logging_mixin.py:190} INFO - [2024-10-10T15:34:50.168+0900] {override.py:1901} INFO - Created Permission View: can delete on DAG Run:dataset_produces_2
[2024-10-10T15:34:50.181+0900] {logging_mixin.py:190} INFO - [2024-10-10T15:34:50.181+0900] {override.py:1901} INFO - Created Permission View: can read on DAG:dataset_consumes_1_never_scheduled
[2024-10-10T15:34:50.188+0900] {logging_mixin.py:190} INFO - [2024-10-10T15:34:50.188+0900] {override.py:1901} INFO - Created Permission View: can edit on DAG:dataset_consumes_1_never_scheduled
[2024-10-10T15:34:50.195+0900] {logging_mixin.py:190} INFO - [2024-10-10T15:34:50.194+0900] {override.py:1901} INFO - Created Permission View: can delete on DAG:dataset_consumes_1_never_scheduled
[2024-10-10T15:34:50.203+0900] {logging_mixin.py:190} INFO - [2024-10-10T15:34:50.203+0900] {override.py:1901} INFO - Created Permission View: can create on DAG Run:dataset_consumes_1_never_scheduled
[2024-10-10T15:34:50.210+0900] {logging_mixin.py:190} INFO - [2024-10-10T15:34:50.210+0900] {override.py:1901} INFO - Created Permission View: can read on DAG Run:dataset_consumes_1_never_scheduled
[2024-10-10T15:34:50.217+0900] {logging_mixin.py:190} INFO - [2024-10-10T15:34:50.217+0900] {override.py:1901} INFO - Created Permission View: menu access on DAG Run:dataset_consumes_1_never_scheduled
[2024-10-10T15:34:50.224+0900] {logging_mixin.py:190} INFO - [2024-10-10T15:34:50.223+0900] {override.py:1901} INFO - Created Permission View: can delete on DAG Run:dataset_consumes_1_never_scheduled
[2024-10-10T15:34:50.237+0900] {logging_mixin.py:190} INFO - [2024-10-10T15:34:50.237+0900] {override.py:1901} INFO - Created Permission View: can read on DAG:conditional_dataset_and_time_based_timetable
[2024-10-10T15:34:50.244+0900] {logging_mixin.py:190} INFO - [2024-10-10T15:34:50.244+0900] {override.py:1901} INFO - Created Permission View: can edit on DAG:conditional_dataset_and_time_based_timetable
[2024-10-10T15:34:50.251+0900] {logging_mixin.py:190} INFO - [2024-10-10T15:34:50.250+0900] {override.py:1901} INFO - Created Permission View: can delete on DAG:conditional_dataset_and_time_based_timetable
[2024-10-10T15:34:50.259+0900] {logging_mixin.py:190} INFO - [2024-10-10T15:34:50.259+0900] {override.py:1901} INFO - Created Permission View: can create on DAG Run:conditional_dataset_and_time_based_timetable
[2024-10-10T15:34:50.267+0900] {logging_mixin.py:190} INFO - [2024-10-10T15:34:50.266+0900] {override.py:1901} INFO - Created Permission View: can read on DAG Run:conditional_dataset_and_time_based_timetable
[2024-10-10T15:34:50.274+0900] {logging_mixin.py:190} INFO - [2024-10-10T15:34:50.274+0900] {override.py:1901} INFO - Created Permission View: menu access on DAG Run:conditional_dataset_and_time_based_timetable
[2024-10-10T15:34:50.281+0900] {logging_mixin.py:190} INFO - [2024-10-10T15:34:50.280+0900] {override.py:1901} INFO - Created Permission View: can delete on DAG Run:conditional_dataset_and_time_based_timetable
[2024-10-10T15:34:50.294+0900] {logging_mixin.py:190} INFO - [2024-10-10T15:34:50.294+0900] {override.py:1901} INFO - Created Permission View: can read on DAG:dataset_consumes_1_and_2
[2024-10-10T15:34:50.302+0900] {logging_mixin.py:190} INFO - [2024-10-10T15:34:50.301+0900] {override.py:1901} INFO - Created Permission View: can edit on DAG:dataset_consumes_1_and_2
[2024-10-10T15:34:50.310+0900] {logging_mixin.py:190} INFO - [2024-10-10T15:34:50.310+0900] {override.py:1901} INFO - Created Permission View: can delete on DAG:dataset_consumes_1_and_2
[2024-10-10T15:34:50.320+0900] {logging_mixin.py:190} INFO - [2024-10-10T15:34:50.320+0900] {override.py:1901} INFO - Created Permission View: can create on DAG Run:dataset_consumes_1_and_2
[2024-10-10T15:34:50.328+0900] {logging_mixin.py:190} INFO - [2024-10-10T15:34:50.328+0900] {override.py:1901} INFO - Created Permission View: can read on DAG Run:dataset_consumes_1_and_2
[2024-10-10T15:34:50.335+0900] {logging_mixin.py:190} INFO - [2024-10-10T15:34:50.335+0900] {override.py:1901} INFO - Created Permission View: menu access on DAG Run:dataset_consumes_1_and_2
[2024-10-10T15:34:50.343+0900] {logging_mixin.py:190} INFO - [2024-10-10T15:34:50.343+0900] {override.py:1901} INFO - Created Permission View: can delete on DAG Run:dataset_consumes_1_and_2
[2024-10-10T15:34:50.344+0900] {logging_mixin.py:190} INFO - [2024-10-10T15:34:50.343+0900] {dag.py:3239} INFO - Sync 10 DAGs
[2024-10-10T15:34:50.359+0900] {logging_mixin.py:190} INFO - [2024-10-10T15:34:50.359+0900] {dag.py:3262} INFO - Creating ORM DAG for consume_1_and_2_with_dataset_expressions
[2024-10-10T15:34:50.359+0900] {logging_mixin.py:190} INFO - [2024-10-10T15:34:50.359+0900] {dag.py:3262} INFO - Creating ORM DAG for consume_1_or_both_2_and_3_with_dataset_expressions
[2024-10-10T15:34:50.360+0900] {logging_mixin.py:190} INFO - [2024-10-10T15:34:50.360+0900] {dag.py:3262} INFO - Creating ORM DAG for dataset_consumes_1_and_2
[2024-10-10T15:34:50.361+0900] {logging_mixin.py:190} INFO - [2024-10-10T15:34:50.361+0900] {dag.py:3262} INFO - Creating ORM DAG for dataset_produces_1
[2024-10-10T15:34:50.362+0900] {logging_mixin.py:190} INFO - [2024-10-10T15:34:50.362+0900] {dag.py:3262} INFO - Creating ORM DAG for dataset_consumes_unknown_never_scheduled
[2024-10-10T15:34:50.362+0900] {logging_mixin.py:190} INFO - [2024-10-10T15:34:50.362+0900] {dag.py:3262} INFO - Creating ORM DAG for consume_1_or_2_with_dataset_expressions
[2024-10-10T15:34:50.363+0900] {logging_mixin.py:190} INFO - [2024-10-10T15:34:50.363+0900] {dag.py:3262} INFO - Creating ORM DAG for dataset_consumes_1
[2024-10-10T15:34:50.364+0900] {logging_mixin.py:190} INFO - [2024-10-10T15:34:50.364+0900] {dag.py:3262} INFO - Creating ORM DAG for dataset_consumes_1_never_scheduled
[2024-10-10T15:34:50.364+0900] {logging_mixin.py:190} INFO - [2024-10-10T15:34:50.364+0900] {dag.py:3262} INFO - Creating ORM DAG for dataset_produces_2
[2024-10-10T15:34:50.365+0900] {logging_mixin.py:190} INFO - [2024-10-10T15:34:50.365+0900] {dag.py:3262} INFO - Creating ORM DAG for conditional_dataset_and_time_based_timetable
[2024-10-10T15:34:50.375+0900] {logging_mixin.py:190} INFO - [2024-10-10T15:34:50.375+0900] {dag.py:4180} INFO - Setting next_dagrun for conditional_dataset_and_time_based_timetable to 2024-10-09T01:00:00+00:00, run_after=2024-10-09T01:00:00+00:00
[2024-10-10T15:34:50.376+0900] {logging_mixin.py:190} INFO - [2024-10-10T15:34:50.376+0900] {dag.py:4180} INFO - Setting next_dagrun for consume_1_and_2_with_dataset_expressions to None, run_after=None
[2024-10-10T15:34:50.376+0900] {logging_mixin.py:190} INFO - [2024-10-10T15:34:50.376+0900] {dag.py:4180} INFO - Setting next_dagrun for consume_1_or_2_with_dataset_expressions to None, run_after=None
[2024-10-10T15:34:50.377+0900] {logging_mixin.py:190} INFO - [2024-10-10T15:34:50.377+0900] {dag.py:4180} INFO - Setting next_dagrun for consume_1_or_both_2_and_3_with_dataset_expressions to None, run_after=None
[2024-10-10T15:34:50.377+0900] {logging_mixin.py:190} INFO - [2024-10-10T15:34:50.377+0900] {dag.py:4180} INFO - Setting next_dagrun for dataset_consumes_1 to None, run_after=None
[2024-10-10T15:34:50.378+0900] {logging_mixin.py:190} INFO - [2024-10-10T15:34:50.378+0900] {dag.py:4180} INFO - Setting next_dagrun for dataset_consumes_1_and_2 to None, run_after=None
[2024-10-10T15:34:50.378+0900] {logging_mixin.py:190} INFO - [2024-10-10T15:34:50.378+0900] {dag.py:4180} INFO - Setting next_dagrun for dataset_consumes_1_never_scheduled to None, run_after=None
[2024-10-10T15:34:50.379+0900] {logging_mixin.py:190} INFO - [2024-10-10T15:34:50.379+0900] {dag.py:4180} INFO - Setting next_dagrun for dataset_consumes_unknown_never_scheduled to None, run_after=None
[2024-10-10T15:34:50.381+0900] {logging_mixin.py:190} INFO - [2024-10-10T15:34:50.381+0900] {dag.py:4180} INFO - Setting next_dagrun for dataset_produces_1 to 2024-10-09T00:00:00+00:00, run_after=2024-10-10T00:00:00+00:00
[2024-10-10T15:34:50.383+0900] {logging_mixin.py:190} INFO - [2024-10-10T15:34:50.382+0900] {dag.py:4180} INFO - Setting next_dagrun for dataset_produces_2 to None, run_after=None
[2024-10-10T15:34:51.129+0900] {processor.py:208} INFO - Processing /Users/alookso/1007MLpj/myenv/lib/python3.10/site-packages/airflow/example_dags/example_datasets.py took 1.715 seconds
[2024-10-10T15:39:22.886+0900] {processor.py:186} INFO - Started process (PID=56281) to work on /Users/alookso/1007MLpj/myenv/lib/python3.10/site-packages/airflow/example_dags/example_datasets.py
[2024-10-10T15:39:22.887+0900] {processor.py:914} INFO - Processing file /Users/alookso/1007MLpj/myenv/lib/python3.10/site-packages/airflow/example_dags/example_datasets.py for tasks to queue
[2024-10-10T15:39:22.888+0900] {logging_mixin.py:190} INFO - [2024-10-10T15:39:22.888+0900] {dagbag.py:588} INFO - Filling up the DagBag from /Users/alookso/1007MLpj/myenv/lib/python3.10/site-packages/airflow/example_dags/example_datasets.py
[2024-10-10T15:39:22.957+0900] {processor.py:925} INFO - DAG(s) 'conditional_dataset_and_time_based_timetable', 'dataset_produces_2', 'consume_1_or_both_2_and_3_with_dataset_expressions', 'dataset_consumes_1_never_scheduled', 'consume_1_or_2_with_dataset_expressions', 'dataset_produces_1', 'dataset_consumes_1_and_2', 'consume_1_and_2_with_dataset_expressions', 'dataset_consumes_1', 'dataset_consumes_unknown_never_scheduled' retrieved from /Users/alookso/1007MLpj/myenv/lib/python3.10/site-packages/airflow/example_dags/example_datasets.py
[2024-10-10T15:39:23.113+0900] {logging_mixin.py:190} INFO - [2024-10-10T15:39:23.113+0900] {dag.py:3239} INFO - Sync 10 DAGs
[2024-10-10T15:39:23.139+0900] {logging_mixin.py:190} INFO - [2024-10-10T15:39:23.139+0900] {dag.py:4180} INFO - Setting next_dagrun for conditional_dataset_and_time_based_timetable to 2024-10-09T01:00:00+00:00, run_after=2024-10-09T01:00:00+00:00
[2024-10-10T15:39:23.142+0900] {logging_mixin.py:190} INFO - [2024-10-10T15:39:23.142+0900] {dag.py:4180} INFO - Setting next_dagrun for consume_1_and_2_with_dataset_expressions to None, run_after=None
[2024-10-10T15:39:23.144+0900] {logging_mixin.py:190} INFO - [2024-10-10T15:39:23.143+0900] {dag.py:4180} INFO - Setting next_dagrun for consume_1_or_2_with_dataset_expressions to None, run_after=None
[2024-10-10T15:39:23.145+0900] {logging_mixin.py:190} INFO - [2024-10-10T15:39:23.144+0900] {dag.py:4180} INFO - Setting next_dagrun for consume_1_or_both_2_and_3_with_dataset_expressions to None, run_after=None
[2024-10-10T15:39:23.146+0900] {logging_mixin.py:190} INFO - [2024-10-10T15:39:23.146+0900] {dag.py:4180} INFO - Setting next_dagrun for dataset_consumes_1 to None, run_after=None
[2024-10-10T15:39:23.147+0900] {logging_mixin.py:190} INFO - [2024-10-10T15:39:23.147+0900] {dag.py:4180} INFO - Setting next_dagrun for dataset_consumes_1_and_2 to None, run_after=None
[2024-10-10T15:39:23.148+0900] {logging_mixin.py:190} INFO - [2024-10-10T15:39:23.148+0900] {dag.py:4180} INFO - Setting next_dagrun for dataset_consumes_1_never_scheduled to None, run_after=None
[2024-10-10T15:39:23.149+0900] {logging_mixin.py:190} INFO - [2024-10-10T15:39:23.149+0900] {dag.py:4180} INFO - Setting next_dagrun for dataset_consumes_unknown_never_scheduled to None, run_after=None
[2024-10-10T15:39:23.152+0900] {logging_mixin.py:190} INFO - [2024-10-10T15:39:23.152+0900] {dag.py:4180} INFO - Setting next_dagrun for dataset_produces_1 to 2024-10-09T00:00:00+00:00, run_after=2024-10-10T00:00:00+00:00
[2024-10-10T15:39:23.153+0900] {logging_mixin.py:190} INFO - [2024-10-10T15:39:23.153+0900] {dag.py:4180} INFO - Setting next_dagrun for dataset_produces_2 to None, run_after=None
[2024-10-10T15:39:23.186+0900] {processor.py:208} INFO - Processing /Users/alookso/1007MLpj/myenv/lib/python3.10/site-packages/airflow/example_dags/example_datasets.py took 0.306 seconds
[2024-10-10T15:49:15.141+0900] {processor.py:186} INFO - Started process (PID=56778) to work on /Users/alookso/1007MLpj/myenv/lib/python3.10/site-packages/airflow/example_dags/example_datasets.py
[2024-10-10T15:49:15.143+0900] {processor.py:914} INFO - Processing file /Users/alookso/1007MLpj/myenv/lib/python3.10/site-packages/airflow/example_dags/example_datasets.py for tasks to queue
[2024-10-10T15:49:15.145+0900] {logging_mixin.py:190} INFO - [2024-10-10T15:49:15.144+0900] {dagbag.py:588} INFO - Filling up the DagBag from /Users/alookso/1007MLpj/myenv/lib/python3.10/site-packages/airflow/example_dags/example_datasets.py
[2024-10-10T15:49:15.215+0900] {processor.py:925} INFO - DAG(s) 'dataset_produces_1', 'consume_1_and_2_with_dataset_expressions', 'dataset_consumes_unknown_never_scheduled', 'conditional_dataset_and_time_based_timetable', 'consume_1_or_both_2_and_3_with_dataset_expressions', 'dataset_consumes_1_never_scheduled', 'dataset_produces_2', 'consume_1_or_2_with_dataset_expressions', 'dataset_consumes_1', 'dataset_consumes_1_and_2' retrieved from /Users/alookso/1007MLpj/myenv/lib/python3.10/site-packages/airflow/example_dags/example_datasets.py
[2024-10-10T15:49:15.380+0900] {logging_mixin.py:190} INFO - [2024-10-10T15:49:15.379+0900] {dag.py:3239} INFO - Sync 10 DAGs
[2024-10-10T15:49:15.406+0900] {logging_mixin.py:190} INFO - [2024-10-10T15:49:15.406+0900] {dag.py:4180} INFO - Setting next_dagrun for conditional_dataset_and_time_based_timetable to 2024-10-09T01:00:00+00:00, run_after=2024-10-09T01:00:00+00:00
[2024-10-10T15:49:15.410+0900] {logging_mixin.py:190} INFO - [2024-10-10T15:49:15.410+0900] {dag.py:4180} INFO - Setting next_dagrun for consume_1_and_2_with_dataset_expressions to None, run_after=None
[2024-10-10T15:49:15.411+0900] {logging_mixin.py:190} INFO - [2024-10-10T15:49:15.411+0900] {dag.py:4180} INFO - Setting next_dagrun for consume_1_or_2_with_dataset_expressions to None, run_after=None
[2024-10-10T15:49:15.412+0900] {logging_mixin.py:190} INFO - [2024-10-10T15:49:15.412+0900] {dag.py:4180} INFO - Setting next_dagrun for consume_1_or_both_2_and_3_with_dataset_expressions to None, run_after=None
[2024-10-10T15:49:15.413+0900] {logging_mixin.py:190} INFO - [2024-10-10T15:49:15.413+0900] {dag.py:4180} INFO - Setting next_dagrun for dataset_consumes_1 to None, run_after=None
[2024-10-10T15:49:15.414+0900] {logging_mixin.py:190} INFO - [2024-10-10T15:49:15.414+0900] {dag.py:4180} INFO - Setting next_dagrun for dataset_consumes_1_and_2 to None, run_after=None
[2024-10-10T15:49:15.415+0900] {logging_mixin.py:190} INFO - [2024-10-10T15:49:15.415+0900] {dag.py:4180} INFO - Setting next_dagrun for dataset_consumes_1_never_scheduled to None, run_after=None
[2024-10-10T15:49:15.416+0900] {logging_mixin.py:190} INFO - [2024-10-10T15:49:15.416+0900] {dag.py:4180} INFO - Setting next_dagrun for dataset_consumes_unknown_never_scheduled to None, run_after=None
[2024-10-10T15:49:15.419+0900] {logging_mixin.py:190} INFO - [2024-10-10T15:49:15.419+0900] {dag.py:4180} INFO - Setting next_dagrun for dataset_produces_1 to 2024-10-09T00:00:00+00:00, run_after=2024-10-10T00:00:00+00:00
[2024-10-10T15:49:15.420+0900] {logging_mixin.py:190} INFO - [2024-10-10T15:49:15.420+0900] {dag.py:4180} INFO - Setting next_dagrun for dataset_produces_2 to None, run_after=None
[2024-10-10T15:49:15.455+0900] {processor.py:208} INFO - Processing /Users/alookso/1007MLpj/myenv/lib/python3.10/site-packages/airflow/example_dags/example_datasets.py took 0.320 seconds
[2024-10-10T16:20:34.603+0900] {processor.py:186} INFO - Started process (PID=57422) to work on /Users/alookso/1007MLpj/myenv/lib/python3.10/site-packages/airflow/example_dags/example_datasets.py
[2024-10-10T16:20:34.605+0900] {processor.py:914} INFO - Processing file /Users/alookso/1007MLpj/myenv/lib/python3.10/site-packages/airflow/example_dags/example_datasets.py for tasks to queue
[2024-10-10T16:20:34.606+0900] {logging_mixin.py:190} INFO - [2024-10-10T16:20:34.606+0900] {dagbag.py:588} INFO - Filling up the DagBag from /Users/alookso/1007MLpj/myenv/lib/python3.10/site-packages/airflow/example_dags/example_datasets.py
[2024-10-10T16:20:34.680+0900] {processor.py:925} INFO - DAG(s) 'consume_1_and_2_with_dataset_expressions', 'dataset_produces_1', 'dataset_consumes_unknown_never_scheduled', 'consume_1_or_2_with_dataset_expressions', 'conditional_dataset_and_time_based_timetable', 'dataset_consumes_1_never_scheduled', 'dataset_consumes_1_and_2', 'dataset_produces_2', 'consume_1_or_both_2_and_3_with_dataset_expressions', 'dataset_consumes_1' retrieved from /Users/alookso/1007MLpj/myenv/lib/python3.10/site-packages/airflow/example_dags/example_datasets.py
[2024-10-10T16:20:34.868+0900] {logging_mixin.py:190} INFO - [2024-10-10T16:20:34.868+0900] {dag.py:3239} INFO - Sync 10 DAGs
[2024-10-10T16:20:34.899+0900] {logging_mixin.py:190} INFO - [2024-10-10T16:20:34.898+0900] {dag.py:4180} INFO - Setting next_dagrun for conditional_dataset_and_time_based_timetable to 2024-10-09T01:00:00+00:00, run_after=2024-10-09T01:00:00+00:00
[2024-10-10T16:20:34.903+0900] {logging_mixin.py:190} INFO - [2024-10-10T16:20:34.903+0900] {dag.py:4180} INFO - Setting next_dagrun for consume_1_and_2_with_dataset_expressions to None, run_after=None
[2024-10-10T16:20:34.905+0900] {logging_mixin.py:190} INFO - [2024-10-10T16:20:34.905+0900] {dag.py:4180} INFO - Setting next_dagrun for consume_1_or_2_with_dataset_expressions to None, run_after=None
[2024-10-10T16:20:34.906+0900] {logging_mixin.py:190} INFO - [2024-10-10T16:20:34.906+0900] {dag.py:4180} INFO - Setting next_dagrun for consume_1_or_both_2_and_3_with_dataset_expressions to None, run_after=None
[2024-10-10T16:20:34.907+0900] {logging_mixin.py:190} INFO - [2024-10-10T16:20:34.907+0900] {dag.py:4180} INFO - Setting next_dagrun for dataset_consumes_1 to None, run_after=None
[2024-10-10T16:20:34.909+0900] {logging_mixin.py:190} INFO - [2024-10-10T16:20:34.908+0900] {dag.py:4180} INFO - Setting next_dagrun for dataset_consumes_1_and_2 to None, run_after=None
[2024-10-10T16:20:34.910+0900] {logging_mixin.py:190} INFO - [2024-10-10T16:20:34.909+0900] {dag.py:4180} INFO - Setting next_dagrun for dataset_consumes_1_never_scheduled to None, run_after=None
[2024-10-10T16:20:34.911+0900] {logging_mixin.py:190} INFO - [2024-10-10T16:20:34.910+0900] {dag.py:4180} INFO - Setting next_dagrun for dataset_consumes_unknown_never_scheduled to None, run_after=None
[2024-10-10T16:20:34.913+0900] {logging_mixin.py:190} INFO - [2024-10-10T16:20:34.913+0900] {dag.py:4180} INFO - Setting next_dagrun for dataset_produces_1 to 2024-10-09T00:00:00+00:00, run_after=2024-10-10T00:00:00+00:00
[2024-10-10T16:20:34.915+0900] {logging_mixin.py:190} INFO - [2024-10-10T16:20:34.915+0900] {dag.py:4180} INFO - Setting next_dagrun for dataset_produces_2 to None, run_after=None
[2024-10-10T16:20:34.955+0900] {processor.py:208} INFO - Processing /Users/alookso/1007MLpj/myenv/lib/python3.10/site-packages/airflow/example_dags/example_datasets.py took 0.359 seconds
[2024-10-10T16:28:19.756+0900] {processor.py:186} INFO - Started process (PID=57732) to work on /Users/alookso/1007MLpj/myenv/lib/python3.10/site-packages/airflow/example_dags/example_datasets.py
[2024-10-10T16:28:19.757+0900] {processor.py:914} INFO - Processing file /Users/alookso/1007MLpj/myenv/lib/python3.10/site-packages/airflow/example_dags/example_datasets.py for tasks to queue
[2024-10-10T16:28:19.758+0900] {logging_mixin.py:190} INFO - [2024-10-10T16:28:19.758+0900] {dagbag.py:588} INFO - Filling up the DagBag from /Users/alookso/1007MLpj/myenv/lib/python3.10/site-packages/airflow/example_dags/example_datasets.py
[2024-10-10T16:28:19.823+0900] {processor.py:925} INFO - DAG(s) 'dataset_consumes_1_never_scheduled', 'dataset_consumes_1', 'dataset_produces_1', 'consume_1_or_2_with_dataset_expressions', 'dataset_consumes_unknown_never_scheduled', 'consume_1_and_2_with_dataset_expressions', 'dataset_produces_2', 'dataset_consumes_1_and_2', 'consume_1_or_both_2_and_3_with_dataset_expressions', 'conditional_dataset_and_time_based_timetable' retrieved from /Users/alookso/1007MLpj/myenv/lib/python3.10/site-packages/airflow/example_dags/example_datasets.py
[2024-10-10T16:28:19.981+0900] {logging_mixin.py:190} INFO - [2024-10-10T16:28:19.980+0900] {dag.py:3239} INFO - Sync 10 DAGs
[2024-10-10T16:28:20.008+0900] {logging_mixin.py:190} INFO - [2024-10-10T16:28:20.008+0900] {dag.py:4180} INFO - Setting next_dagrun for conditional_dataset_and_time_based_timetable to 2024-10-09T01:00:00+00:00, run_after=2024-10-09T01:00:00+00:00
[2024-10-10T16:28:20.011+0900] {logging_mixin.py:190} INFO - [2024-10-10T16:28:20.011+0900] {dag.py:4180} INFO - Setting next_dagrun for consume_1_and_2_with_dataset_expressions to None, run_after=None
[2024-10-10T16:28:20.012+0900] {logging_mixin.py:190} INFO - [2024-10-10T16:28:20.012+0900] {dag.py:4180} INFO - Setting next_dagrun for consume_1_or_2_with_dataset_expressions to None, run_after=None
[2024-10-10T16:28:20.013+0900] {logging_mixin.py:190} INFO - [2024-10-10T16:28:20.013+0900] {dag.py:4180} INFO - Setting next_dagrun for consume_1_or_both_2_and_3_with_dataset_expressions to None, run_after=None
[2024-10-10T16:28:20.014+0900] {logging_mixin.py:190} INFO - [2024-10-10T16:28:20.014+0900] {dag.py:4180} INFO - Setting next_dagrun for dataset_consumes_1 to None, run_after=None
[2024-10-10T16:28:20.015+0900] {logging_mixin.py:190} INFO - [2024-10-10T16:28:20.015+0900] {dag.py:4180} INFO - Setting next_dagrun for dataset_consumes_1_and_2 to None, run_after=None
[2024-10-10T16:28:20.017+0900] {logging_mixin.py:190} INFO - [2024-10-10T16:28:20.016+0900] {dag.py:4180} INFO - Setting next_dagrun for dataset_consumes_1_never_scheduled to None, run_after=None
[2024-10-10T16:28:20.018+0900] {logging_mixin.py:190} INFO - [2024-10-10T16:28:20.017+0900] {dag.py:4180} INFO - Setting next_dagrun for dataset_consumes_unknown_never_scheduled to None, run_after=None
[2024-10-10T16:28:20.020+0900] {logging_mixin.py:190} INFO - [2024-10-10T16:28:20.020+0900] {dag.py:4180} INFO - Setting next_dagrun for dataset_produces_1 to 2024-10-09T00:00:00+00:00, run_after=2024-10-10T00:00:00+00:00
[2024-10-10T16:28:20.021+0900] {logging_mixin.py:190} INFO - [2024-10-10T16:28:20.021+0900] {dag.py:4180} INFO - Setting next_dagrun for dataset_produces_2 to None, run_after=None
[2024-10-10T16:28:20.054+0900] {processor.py:208} INFO - Processing /Users/alookso/1007MLpj/myenv/lib/python3.10/site-packages/airflow/example_dags/example_datasets.py took 0.304 seconds
[2024-10-10T16:34:42.165+0900] {processor.py:186} INFO - Started process (PID=58019) to work on /Users/alookso/1007MLpj/myenv/lib/python3.10/site-packages/airflow/example_dags/example_datasets.py
[2024-10-10T16:34:42.166+0900] {processor.py:914} INFO - Processing file /Users/alookso/1007MLpj/myenv/lib/python3.10/site-packages/airflow/example_dags/example_datasets.py for tasks to queue
[2024-10-10T16:34:42.167+0900] {logging_mixin.py:190} INFO - [2024-10-10T16:34:42.167+0900] {dagbag.py:588} INFO - Filling up the DagBag from /Users/alookso/1007MLpj/myenv/lib/python3.10/site-packages/airflow/example_dags/example_datasets.py
[2024-10-10T16:34:42.230+0900] {processor.py:925} INFO - DAG(s) 'dataset_produces_2', 'consume_1_or_2_with_dataset_expressions', 'dataset_consumes_1', 'dataset_consumes_1_never_scheduled', 'consume_1_or_both_2_and_3_with_dataset_expressions', 'conditional_dataset_and_time_based_timetable', 'consume_1_and_2_with_dataset_expressions', 'dataset_consumes_1_and_2', 'dataset_consumes_unknown_never_scheduled', 'dataset_produces_1' retrieved from /Users/alookso/1007MLpj/myenv/lib/python3.10/site-packages/airflow/example_dags/example_datasets.py
[2024-10-10T16:34:42.383+0900] {logging_mixin.py:190} INFO - [2024-10-10T16:34:42.383+0900] {dag.py:3239} INFO - Sync 10 DAGs
[2024-10-10T16:34:42.408+0900] {logging_mixin.py:190} INFO - [2024-10-10T16:34:42.408+0900] {dag.py:4180} INFO - Setting next_dagrun for conditional_dataset_and_time_based_timetable to 2024-10-09T01:00:00+00:00, run_after=2024-10-09T01:00:00+00:00
[2024-10-10T16:34:42.411+0900] {logging_mixin.py:190} INFO - [2024-10-10T16:34:42.411+0900] {dag.py:4180} INFO - Setting next_dagrun for consume_1_and_2_with_dataset_expressions to None, run_after=None
[2024-10-10T16:34:42.412+0900] {logging_mixin.py:190} INFO - [2024-10-10T16:34:42.412+0900] {dag.py:4180} INFO - Setting next_dagrun for consume_1_or_2_with_dataset_expressions to None, run_after=None
[2024-10-10T16:34:42.413+0900] {logging_mixin.py:190} INFO - [2024-10-10T16:34:42.413+0900] {dag.py:4180} INFO - Setting next_dagrun for consume_1_or_both_2_and_3_with_dataset_expressions to None, run_after=None
[2024-10-10T16:34:42.414+0900] {logging_mixin.py:190} INFO - [2024-10-10T16:34:42.414+0900] {dag.py:4180} INFO - Setting next_dagrun for dataset_consumes_1 to None, run_after=None
[2024-10-10T16:34:42.415+0900] {logging_mixin.py:190} INFO - [2024-10-10T16:34:42.415+0900] {dag.py:4180} INFO - Setting next_dagrun for dataset_consumes_1_and_2 to None, run_after=None
[2024-10-10T16:34:42.416+0900] {logging_mixin.py:190} INFO - [2024-10-10T16:34:42.416+0900] {dag.py:4180} INFO - Setting next_dagrun for dataset_consumes_1_never_scheduled to None, run_after=None
[2024-10-10T16:34:42.417+0900] {logging_mixin.py:190} INFO - [2024-10-10T16:34:42.417+0900] {dag.py:4180} INFO - Setting next_dagrun for dataset_consumes_unknown_never_scheduled to None, run_after=None
[2024-10-10T16:34:42.420+0900] {logging_mixin.py:190} INFO - [2024-10-10T16:34:42.420+0900] {dag.py:4180} INFO - Setting next_dagrun for dataset_produces_1 to 2024-10-09T00:00:00+00:00, run_after=2024-10-10T00:00:00+00:00
[2024-10-10T16:34:42.421+0900] {logging_mixin.py:190} INFO - [2024-10-10T16:34:42.421+0900] {dag.py:4180} INFO - Setting next_dagrun for dataset_produces_2 to None, run_after=None
[2024-10-10T16:34:42.453+0900] {processor.py:208} INFO - Processing /Users/alookso/1007MLpj/myenv/lib/python3.10/site-packages/airflow/example_dags/example_datasets.py took 0.292 seconds
[2024-10-10T16:38:44.512+0900] {processor.py:186} INFO - Started process (PID=58121) to work on /Users/alookso/1007MLpj/myenv/lib/python3.10/site-packages/airflow/example_dags/example_datasets.py
[2024-10-10T16:38:44.513+0900] {processor.py:914} INFO - Processing file /Users/alookso/1007MLpj/myenv/lib/python3.10/site-packages/airflow/example_dags/example_datasets.py for tasks to queue
[2024-10-10T16:38:44.514+0900] {logging_mixin.py:190} INFO - [2024-10-10T16:38:44.513+0900] {dagbag.py:588} INFO - Filling up the DagBag from /Users/alookso/1007MLpj/myenv/lib/python3.10/site-packages/airflow/example_dags/example_datasets.py
[2024-10-10T16:38:44.577+0900] {processor.py:925} INFO - DAG(s) 'conditional_dataset_and_time_based_timetable', 'dataset_consumes_1', 'dataset_produces_1', 'dataset_produces_2', 'consume_1_and_2_with_dataset_expressions', 'consume_1_or_both_2_and_3_with_dataset_expressions', 'dataset_consumes_unknown_never_scheduled', 'dataset_consumes_1_never_scheduled', 'consume_1_or_2_with_dataset_expressions', 'dataset_consumes_1_and_2' retrieved from /Users/alookso/1007MLpj/myenv/lib/python3.10/site-packages/airflow/example_dags/example_datasets.py
[2024-10-10T16:38:44.731+0900] {logging_mixin.py:190} INFO - [2024-10-10T16:38:44.731+0900] {dag.py:3239} INFO - Sync 10 DAGs
[2024-10-10T16:38:44.757+0900] {logging_mixin.py:190} INFO - [2024-10-10T16:38:44.756+0900] {dag.py:4180} INFO - Setting next_dagrun for conditional_dataset_and_time_based_timetable to 2024-10-09T01:00:00+00:00, run_after=2024-10-09T01:00:00+00:00
[2024-10-10T16:38:44.760+0900] {logging_mixin.py:190} INFO - [2024-10-10T16:38:44.760+0900] {dag.py:4180} INFO - Setting next_dagrun for consume_1_and_2_with_dataset_expressions to None, run_after=None
[2024-10-10T16:38:44.761+0900] {logging_mixin.py:190} INFO - [2024-10-10T16:38:44.761+0900] {dag.py:4180} INFO - Setting next_dagrun for consume_1_or_2_with_dataset_expressions to None, run_after=None
[2024-10-10T16:38:44.762+0900] {logging_mixin.py:190} INFO - [2024-10-10T16:38:44.762+0900] {dag.py:4180} INFO - Setting next_dagrun for consume_1_or_both_2_and_3_with_dataset_expressions to None, run_after=None
[2024-10-10T16:38:44.763+0900] {logging_mixin.py:190} INFO - [2024-10-10T16:38:44.763+0900] {dag.py:4180} INFO - Setting next_dagrun for dataset_consumes_1 to None, run_after=None
[2024-10-10T16:38:44.764+0900] {logging_mixin.py:190} INFO - [2024-10-10T16:38:44.764+0900] {dag.py:4180} INFO - Setting next_dagrun for dataset_consumes_1_and_2 to None, run_after=None
[2024-10-10T16:38:44.765+0900] {logging_mixin.py:190} INFO - [2024-10-10T16:38:44.765+0900] {dag.py:4180} INFO - Setting next_dagrun for dataset_consumes_1_never_scheduled to None, run_after=None
[2024-10-10T16:38:44.766+0900] {logging_mixin.py:190} INFO - [2024-10-10T16:38:44.766+0900] {dag.py:4180} INFO - Setting next_dagrun for dataset_consumes_unknown_never_scheduled to None, run_after=None
[2024-10-10T16:38:44.769+0900] {logging_mixin.py:190} INFO - [2024-10-10T16:38:44.768+0900] {dag.py:4180} INFO - Setting next_dagrun for dataset_produces_1 to 2024-10-09T00:00:00+00:00, run_after=2024-10-10T00:00:00+00:00
[2024-10-10T16:38:44.770+0900] {logging_mixin.py:190} INFO - [2024-10-10T16:38:44.769+0900] {dag.py:4180} INFO - Setting next_dagrun for dataset_produces_2 to None, run_after=None
[2024-10-10T16:38:44.802+0900] {processor.py:208} INFO - Processing /Users/alookso/1007MLpj/myenv/lib/python3.10/site-packages/airflow/example_dags/example_datasets.py took 0.295 seconds
[2024-10-10T16:45:56.516+0900] {processor.py:186} INFO - Started process (PID=58319) to work on /Users/alookso/1007MLpj/myenv/lib/python3.10/site-packages/airflow/example_dags/example_datasets.py
[2024-10-10T16:45:56.518+0900] {processor.py:914} INFO - Processing file /Users/alookso/1007MLpj/myenv/lib/python3.10/site-packages/airflow/example_dags/example_datasets.py for tasks to queue
[2024-10-10T16:45:56.519+0900] {logging_mixin.py:190} INFO - [2024-10-10T16:45:56.519+0900] {dagbag.py:588} INFO - Filling up the DagBag from /Users/alookso/1007MLpj/myenv/lib/python3.10/site-packages/airflow/example_dags/example_datasets.py
[2024-10-10T16:45:56.587+0900] {processor.py:925} INFO - DAG(s) 'dataset_produces_2', 'consume_1_or_2_with_dataset_expressions', 'dataset_consumes_1', 'dataset_consumes_unknown_never_scheduled', 'dataset_consumes_1_never_scheduled', 'dataset_consumes_1_and_2', 'consume_1_or_both_2_and_3_with_dataset_expressions', 'consume_1_and_2_with_dataset_expressions', 'dataset_produces_1', 'conditional_dataset_and_time_based_timetable' retrieved from /Users/alookso/1007MLpj/myenv/lib/python3.10/site-packages/airflow/example_dags/example_datasets.py
[2024-10-10T16:45:56.765+0900] {logging_mixin.py:190} INFO - [2024-10-10T16:45:56.764+0900] {dag.py:3239} INFO - Sync 10 DAGs
[2024-10-10T16:45:56.800+0900] {logging_mixin.py:190} INFO - [2024-10-10T16:45:56.800+0900] {dag.py:4180} INFO - Setting next_dagrun for conditional_dataset_and_time_based_timetable to 2024-10-09T01:00:00+00:00, run_after=2024-10-09T01:00:00+00:00
[2024-10-10T16:45:56.806+0900] {logging_mixin.py:190} INFO - [2024-10-10T16:45:56.805+0900] {dag.py:4180} INFO - Setting next_dagrun for consume_1_and_2_with_dataset_expressions to None, run_after=None
[2024-10-10T16:45:56.808+0900] {logging_mixin.py:190} INFO - [2024-10-10T16:45:56.808+0900] {dag.py:4180} INFO - Setting next_dagrun for consume_1_or_2_with_dataset_expressions to None, run_after=None
[2024-10-10T16:45:56.810+0900] {logging_mixin.py:190} INFO - [2024-10-10T16:45:56.810+0900] {dag.py:4180} INFO - Setting next_dagrun for consume_1_or_both_2_and_3_with_dataset_expressions to None, run_after=None
[2024-10-10T16:45:56.811+0900] {logging_mixin.py:190} INFO - [2024-10-10T16:45:56.811+0900] {dag.py:4180} INFO - Setting next_dagrun for dataset_consumes_1 to None, run_after=None
[2024-10-10T16:45:56.812+0900] {logging_mixin.py:190} INFO - [2024-10-10T16:45:56.812+0900] {dag.py:4180} INFO - Setting next_dagrun for dataset_consumes_1_and_2 to None, run_after=None
[2024-10-10T16:45:56.813+0900] {logging_mixin.py:190} INFO - [2024-10-10T16:45:56.813+0900] {dag.py:4180} INFO - Setting next_dagrun for dataset_consumes_1_never_scheduled to None, run_after=None
[2024-10-10T16:45:56.815+0900] {logging_mixin.py:190} INFO - [2024-10-10T16:45:56.815+0900] {dag.py:4180} INFO - Setting next_dagrun for dataset_consumes_unknown_never_scheduled to None, run_after=None
[2024-10-10T16:45:56.819+0900] {logging_mixin.py:190} INFO - [2024-10-10T16:45:56.818+0900] {dag.py:4180} INFO - Setting next_dagrun for dataset_produces_1 to 2024-10-09T00:00:00+00:00, run_after=2024-10-10T00:00:00+00:00
[2024-10-10T16:45:56.820+0900] {logging_mixin.py:190} INFO - [2024-10-10T16:45:56.820+0900] {dag.py:4180} INFO - Setting next_dagrun for dataset_produces_2 to None, run_after=None
[2024-10-10T16:45:56.858+0900] {processor.py:208} INFO - Processing /Users/alookso/1007MLpj/myenv/lib/python3.10/site-packages/airflow/example_dags/example_datasets.py took 0.346 seconds
[2024-10-10T16:51:51.181+0900] {processor.py:186} INFO - Started process (PID=58679) to work on /Users/alookso/1007MLpj/myenv/lib/python3.10/site-packages/airflow/example_dags/example_datasets.py
[2024-10-10T16:51:51.183+0900] {processor.py:914} INFO - Processing file /Users/alookso/1007MLpj/myenv/lib/python3.10/site-packages/airflow/example_dags/example_datasets.py for tasks to queue
[2024-10-10T16:51:51.184+0900] {logging_mixin.py:190} INFO - [2024-10-10T16:51:51.183+0900] {dagbag.py:588} INFO - Filling up the DagBag from /Users/alookso/1007MLpj/myenv/lib/python3.10/site-packages/airflow/example_dags/example_datasets.py
[2024-10-10T16:51:51.249+0900] {processor.py:925} INFO - DAG(s) 'dataset_consumes_1_and_2', 'dataset_consumes_1', 'dataset_produces_1', 'consume_1_and_2_with_dataset_expressions', 'consume_1_or_2_with_dataset_expressions', 'dataset_consumes_unknown_never_scheduled', 'dataset_consumes_1_never_scheduled', 'consume_1_or_both_2_and_3_with_dataset_expressions', 'conditional_dataset_and_time_based_timetable', 'dataset_produces_2' retrieved from /Users/alookso/1007MLpj/myenv/lib/python3.10/site-packages/airflow/example_dags/example_datasets.py
[2024-10-10T16:51:51.405+0900] {logging_mixin.py:190} INFO - [2024-10-10T16:51:51.405+0900] {dag.py:3239} INFO - Sync 10 DAGs
[2024-10-10T16:51:51.431+0900] {logging_mixin.py:190} INFO - [2024-10-10T16:51:51.431+0900] {dag.py:4180} INFO - Setting next_dagrun for conditional_dataset_and_time_based_timetable to 2024-10-09T01:00:00+00:00, run_after=2024-10-09T01:00:00+00:00
[2024-10-10T16:51:51.435+0900] {logging_mixin.py:190} INFO - [2024-10-10T16:51:51.434+0900] {dag.py:4180} INFO - Setting next_dagrun for consume_1_and_2_with_dataset_expressions to None, run_after=None
[2024-10-10T16:51:51.436+0900] {logging_mixin.py:190} INFO - [2024-10-10T16:51:51.435+0900] {dag.py:4180} INFO - Setting next_dagrun for consume_1_or_2_with_dataset_expressions to None, run_after=None
[2024-10-10T16:51:51.437+0900] {logging_mixin.py:190} INFO - [2024-10-10T16:51:51.437+0900] {dag.py:4180} INFO - Setting next_dagrun for consume_1_or_both_2_and_3_with_dataset_expressions to None, run_after=None
[2024-10-10T16:51:51.438+0900] {logging_mixin.py:190} INFO - [2024-10-10T16:51:51.438+0900] {dag.py:4180} INFO - Setting next_dagrun for dataset_consumes_1 to None, run_after=None
[2024-10-10T16:51:51.439+0900] {logging_mixin.py:190} INFO - [2024-10-10T16:51:51.439+0900] {dag.py:4180} INFO - Setting next_dagrun for dataset_consumes_1_and_2 to None, run_after=None
[2024-10-10T16:51:51.440+0900] {logging_mixin.py:190} INFO - [2024-10-10T16:51:51.440+0900] {dag.py:4180} INFO - Setting next_dagrun for dataset_consumes_1_never_scheduled to None, run_after=None
[2024-10-10T16:51:51.441+0900] {logging_mixin.py:190} INFO - [2024-10-10T16:51:51.441+0900] {dag.py:4180} INFO - Setting next_dagrun for dataset_consumes_unknown_never_scheduled to None, run_after=None
[2024-10-10T16:51:51.444+0900] {logging_mixin.py:190} INFO - [2024-10-10T16:51:51.443+0900] {dag.py:4180} INFO - Setting next_dagrun for dataset_produces_1 to 2024-10-09T00:00:00+00:00, run_after=2024-10-10T00:00:00+00:00
[2024-10-10T16:51:51.445+0900] {logging_mixin.py:190} INFO - [2024-10-10T16:51:51.444+0900] {dag.py:4180} INFO - Setting next_dagrun for dataset_produces_2 to None, run_after=None
[2024-10-10T16:51:51.477+0900] {processor.py:208} INFO - Processing /Users/alookso/1007MLpj/myenv/lib/python3.10/site-packages/airflow/example_dags/example_datasets.py took 0.301 seconds
[2024-10-10T23:49:49.227+0900] {processor.py:186} INFO - Started process (PID=63522) to work on /Users/alookso/1007MLpj/myenv/lib/python3.10/site-packages/airflow/example_dags/example_datasets.py
[2024-10-10T23:49:49.229+0900] {processor.py:914} INFO - Processing file /Users/alookso/1007MLpj/myenv/lib/python3.10/site-packages/airflow/example_dags/example_datasets.py for tasks to queue
[2024-10-10T23:49:49.230+0900] {logging_mixin.py:190} INFO - [2024-10-10T23:49:49.230+0900] {dagbag.py:588} INFO - Filling up the DagBag from /Users/alookso/1007MLpj/myenv/lib/python3.10/site-packages/airflow/example_dags/example_datasets.py
[2024-10-10T23:49:49.302+0900] {processor.py:925} INFO - DAG(s) 'dataset_consumes_1_never_scheduled', 'conditional_dataset_and_time_based_timetable', 'consume_1_and_2_with_dataset_expressions', 'dataset_consumes_unknown_never_scheduled', 'dataset_consumes_1_and_2', 'dataset_produces_2', 'dataset_produces_1', 'consume_1_or_both_2_and_3_with_dataset_expressions', 'consume_1_or_2_with_dataset_expressions', 'dataset_consumes_1' retrieved from /Users/alookso/1007MLpj/myenv/lib/python3.10/site-packages/airflow/example_dags/example_datasets.py
[2024-10-10T23:49:49.482+0900] {logging_mixin.py:190} INFO - [2024-10-10T23:49:49.482+0900] {dag.py:3239} INFO - Sync 10 DAGs
[2024-10-10T23:49:49.513+0900] {logging_mixin.py:190} INFO - [2024-10-10T23:49:49.513+0900] {dag.py:4180} INFO - Setting next_dagrun for conditional_dataset_and_time_based_timetable to 2024-10-09T01:00:00+00:00, run_after=2024-10-09T01:00:00+00:00
[2024-10-10T23:49:49.517+0900] {logging_mixin.py:190} INFO - [2024-10-10T23:49:49.517+0900] {dag.py:4180} INFO - Setting next_dagrun for consume_1_and_2_with_dataset_expressions to None, run_after=None
[2024-10-10T23:49:49.518+0900] {logging_mixin.py:190} INFO - [2024-10-10T23:49:49.518+0900] {dag.py:4180} INFO - Setting next_dagrun for consume_1_or_2_with_dataset_expressions to None, run_after=None
[2024-10-10T23:49:49.520+0900] {logging_mixin.py:190} INFO - [2024-10-10T23:49:49.519+0900] {dag.py:4180} INFO - Setting next_dagrun for consume_1_or_both_2_and_3_with_dataset_expressions to None, run_after=None
[2024-10-10T23:49:49.521+0900] {logging_mixin.py:190} INFO - [2024-10-10T23:49:49.521+0900] {dag.py:4180} INFO - Setting next_dagrun for dataset_consumes_1 to None, run_after=None
[2024-10-10T23:49:49.522+0900] {logging_mixin.py:190} INFO - [2024-10-10T23:49:49.522+0900] {dag.py:4180} INFO - Setting next_dagrun for dataset_consumes_1_and_2 to None, run_after=None
[2024-10-10T23:49:49.523+0900] {logging_mixin.py:190} INFO - [2024-10-10T23:49:49.523+0900] {dag.py:4180} INFO - Setting next_dagrun for dataset_consumes_1_never_scheduled to None, run_after=None
[2024-10-10T23:49:49.524+0900] {logging_mixin.py:190} INFO - [2024-10-10T23:49:49.524+0900] {dag.py:4180} INFO - Setting next_dagrun for dataset_consumes_unknown_never_scheduled to None, run_after=None
[2024-10-10T23:49:49.527+0900] {logging_mixin.py:190} INFO - [2024-10-10T23:49:49.527+0900] {dag.py:4180} INFO - Setting next_dagrun for dataset_produces_1 to 2024-10-09T00:00:00+00:00, run_after=2024-10-10T00:00:00+00:00
[2024-10-10T23:49:49.529+0900] {logging_mixin.py:190} INFO - [2024-10-10T23:49:49.528+0900] {dag.py:4180} INFO - Setting next_dagrun for dataset_produces_2 to None, run_after=None
[2024-10-10T23:49:49.562+0900] {processor.py:208} INFO - Processing /Users/alookso/1007MLpj/myenv/lib/python3.10/site-packages/airflow/example_dags/example_datasets.py took 0.340 seconds
[2024-10-10T23:53:15.602+0900] {processor.py:186} INFO - Started process (PID=63728) to work on /Users/alookso/1007MLpj/myenv/lib/python3.10/site-packages/airflow/example_dags/example_datasets.py
[2024-10-10T23:53:15.602+0900] {processor.py:914} INFO - Processing file /Users/alookso/1007MLpj/myenv/lib/python3.10/site-packages/airflow/example_dags/example_datasets.py for tasks to queue
[2024-10-10T23:53:15.603+0900] {logging_mixin.py:190} INFO - [2024-10-10T23:53:15.603+0900] {dagbag.py:588} INFO - Filling up the DagBag from /Users/alookso/1007MLpj/myenv/lib/python3.10/site-packages/airflow/example_dags/example_datasets.py
[2024-10-10T23:53:15.667+0900] {processor.py:925} INFO - DAG(s) 'dataset_consumes_1', 'consume_1_or_both_2_and_3_with_dataset_expressions', 'dataset_produces_1', 'consume_1_and_2_with_dataset_expressions', 'conditional_dataset_and_time_based_timetable', 'dataset_consumes_1_and_2', 'consume_1_or_2_with_dataset_expressions', 'dataset_consumes_unknown_never_scheduled', 'dataset_consumes_1_never_scheduled', 'dataset_produces_2' retrieved from /Users/alookso/1007MLpj/myenv/lib/python3.10/site-packages/airflow/example_dags/example_datasets.py
[2024-10-10T23:53:15.829+0900] {logging_mixin.py:190} INFO - [2024-10-10T23:53:15.829+0900] {dag.py:3239} INFO - Sync 10 DAGs
[2024-10-10T23:53:15.856+0900] {logging_mixin.py:190} INFO - [2024-10-10T23:53:15.856+0900] {dag.py:4180} INFO - Setting next_dagrun for conditional_dataset_and_time_based_timetable to 2024-10-09T01:00:00+00:00, run_after=2024-10-09T01:00:00+00:00
[2024-10-10T23:53:15.860+0900] {logging_mixin.py:190} INFO - [2024-10-10T23:53:15.859+0900] {dag.py:4180} INFO - Setting next_dagrun for consume_1_and_2_with_dataset_expressions to None, run_after=None
[2024-10-10T23:53:15.861+0900] {logging_mixin.py:190} INFO - [2024-10-10T23:53:15.861+0900] {dag.py:4180} INFO - Setting next_dagrun for consume_1_or_2_with_dataset_expressions to None, run_after=None
[2024-10-10T23:53:15.862+0900] {logging_mixin.py:190} INFO - [2024-10-10T23:53:15.862+0900] {dag.py:4180} INFO - Setting next_dagrun for consume_1_or_both_2_and_3_with_dataset_expressions to None, run_after=None
[2024-10-10T23:53:15.863+0900] {logging_mixin.py:190} INFO - [2024-10-10T23:53:15.863+0900] {dag.py:4180} INFO - Setting next_dagrun for dataset_consumes_1 to None, run_after=None
[2024-10-10T23:53:15.864+0900] {logging_mixin.py:190} INFO - [2024-10-10T23:53:15.864+0900] {dag.py:4180} INFO - Setting next_dagrun for dataset_consumes_1_and_2 to None, run_after=None
[2024-10-10T23:53:15.865+0900] {logging_mixin.py:190} INFO - [2024-10-10T23:53:15.865+0900] {dag.py:4180} INFO - Setting next_dagrun for dataset_consumes_1_never_scheduled to None, run_after=None
[2024-10-10T23:53:15.866+0900] {logging_mixin.py:190} INFO - [2024-10-10T23:53:15.866+0900] {dag.py:4180} INFO - Setting next_dagrun for dataset_consumes_unknown_never_scheduled to None, run_after=None
[2024-10-10T23:53:15.869+0900] {logging_mixin.py:190} INFO - [2024-10-10T23:53:15.869+0900] {dag.py:4180} INFO - Setting next_dagrun for dataset_produces_1 to 2024-10-09T00:00:00+00:00, run_after=2024-10-10T00:00:00+00:00
[2024-10-10T23:53:15.870+0900] {logging_mixin.py:190} INFO - [2024-10-10T23:53:15.870+0900] {dag.py:4180} INFO - Setting next_dagrun for dataset_produces_2 to None, run_after=None
[2024-10-10T23:53:15.902+0900] {processor.py:208} INFO - Processing /Users/alookso/1007MLpj/myenv/lib/python3.10/site-packages/airflow/example_dags/example_datasets.py took 0.305 seconds
[2024-10-10T23:58:52.301+0900] {processor.py:186} INFO - Started process (PID=63917) to work on /Users/alookso/1007MLpj/myenv/lib/python3.10/site-packages/airflow/example_dags/example_datasets.py
[2024-10-10T23:58:52.302+0900] {processor.py:914} INFO - Processing file /Users/alookso/1007MLpj/myenv/lib/python3.10/site-packages/airflow/example_dags/example_datasets.py for tasks to queue
[2024-10-10T23:58:52.303+0900] {logging_mixin.py:190} INFO - [2024-10-10T23:58:52.303+0900] {dagbag.py:588} INFO - Filling up the DagBag from /Users/alookso/1007MLpj/myenv/lib/python3.10/site-packages/airflow/example_dags/example_datasets.py
[2024-10-10T23:58:52.368+0900] {processor.py:925} INFO - DAG(s) 'consume_1_or_both_2_and_3_with_dataset_expressions', 'conditional_dataset_and_time_based_timetable', 'dataset_consumes_1', 'dataset_produces_1', 'consume_1_and_2_with_dataset_expressions', 'dataset_produces_2', 'dataset_consumes_unknown_never_scheduled', 'dataset_consumes_1_never_scheduled', 'dataset_consumes_1_and_2', 'consume_1_or_2_with_dataset_expressions' retrieved from /Users/alookso/1007MLpj/myenv/lib/python3.10/site-packages/airflow/example_dags/example_datasets.py
[2024-10-10T23:58:52.541+0900] {logging_mixin.py:190} INFO - [2024-10-10T23:58:52.541+0900] {dag.py:3239} INFO - Sync 10 DAGs
[2024-10-10T23:58:52.566+0900] {logging_mixin.py:190} INFO - [2024-10-10T23:58:52.566+0900] {dag.py:4180} INFO - Setting next_dagrun for conditional_dataset_and_time_based_timetable to 2024-10-09T01:00:00+00:00, run_after=2024-10-09T01:00:00+00:00
[2024-10-10T23:58:52.570+0900] {logging_mixin.py:190} INFO - [2024-10-10T23:58:52.570+0900] {dag.py:4180} INFO - Setting next_dagrun for consume_1_and_2_with_dataset_expressions to None, run_after=None
[2024-10-10T23:58:52.571+0900] {logging_mixin.py:190} INFO - [2024-10-10T23:58:52.571+0900] {dag.py:4180} INFO - Setting next_dagrun for consume_1_or_2_with_dataset_expressions to None, run_after=None
[2024-10-10T23:58:52.572+0900] {logging_mixin.py:190} INFO - [2024-10-10T23:58:52.572+0900] {dag.py:4180} INFO - Setting next_dagrun for consume_1_or_both_2_and_3_with_dataset_expressions to None, run_after=None
[2024-10-10T23:58:52.573+0900] {logging_mixin.py:190} INFO - [2024-10-10T23:58:52.573+0900] {dag.py:4180} INFO - Setting next_dagrun for dataset_consumes_1 to None, run_after=None
[2024-10-10T23:58:52.574+0900] {logging_mixin.py:190} INFO - [2024-10-10T23:58:52.574+0900] {dag.py:4180} INFO - Setting next_dagrun for dataset_consumes_1_and_2 to None, run_after=None
[2024-10-10T23:58:52.575+0900] {logging_mixin.py:190} INFO - [2024-10-10T23:58:52.575+0900] {dag.py:4180} INFO - Setting next_dagrun for dataset_consumes_1_never_scheduled to None, run_after=None
[2024-10-10T23:58:52.576+0900] {logging_mixin.py:190} INFO - [2024-10-10T23:58:52.576+0900] {dag.py:4180} INFO - Setting next_dagrun for dataset_consumes_unknown_never_scheduled to None, run_after=None
[2024-10-10T23:58:52.578+0900] {logging_mixin.py:190} INFO - [2024-10-10T23:58:52.578+0900] {dag.py:4180} INFO - Setting next_dagrun for dataset_produces_1 to 2024-10-09T00:00:00+00:00, run_after=2024-10-10T00:00:00+00:00
[2024-10-10T23:58:52.579+0900] {logging_mixin.py:190} INFO - [2024-10-10T23:58:52.579+0900] {dag.py:4180} INFO - Setting next_dagrun for dataset_produces_2 to None, run_after=None
[2024-10-10T23:58:52.611+0900] {processor.py:208} INFO - Processing /Users/alookso/1007MLpj/myenv/lib/python3.10/site-packages/airflow/example_dags/example_datasets.py took 0.315 seconds
[2024-10-11T00:03:07.858+0900] {processor.py:186} INFO - Started process (PID=64162) to work on /Users/alookso/1007MLpj/myenv/lib/python3.10/site-packages/airflow/example_dags/example_datasets.py
[2024-10-11T00:03:07.859+0900] {processor.py:914} INFO - Processing file /Users/alookso/1007MLpj/myenv/lib/python3.10/site-packages/airflow/example_dags/example_datasets.py for tasks to queue
[2024-10-11T00:03:07.860+0900] {logging_mixin.py:190} INFO - [2024-10-11T00:03:07.860+0900] {dagbag.py:588} INFO - Filling up the DagBag from /Users/alookso/1007MLpj/myenv/lib/python3.10/site-packages/airflow/example_dags/example_datasets.py
[2024-10-11T00:03:07.926+0900] {processor.py:925} INFO - DAG(s) 'dataset_produces_1', 'dataset_consumes_1', 'dataset_consumes_unknown_never_scheduled', 'dataset_consumes_1_never_scheduled', 'dataset_consumes_1_and_2', 'consume_1_and_2_with_dataset_expressions', 'consume_1_or_2_with_dataset_expressions', 'consume_1_or_both_2_and_3_with_dataset_expressions', 'conditional_dataset_and_time_based_timetable', 'dataset_produces_2' retrieved from /Users/alookso/1007MLpj/myenv/lib/python3.10/site-packages/airflow/example_dags/example_datasets.py
[2024-10-11T00:03:08.085+0900] {logging_mixin.py:190} INFO - [2024-10-11T00:03:08.085+0900] {dag.py:3239} INFO - Sync 10 DAGs
[2024-10-11T00:03:08.111+0900] {logging_mixin.py:190} INFO - [2024-10-11T00:03:08.111+0900] {dag.py:4180} INFO - Setting next_dagrun for conditional_dataset_and_time_based_timetable to 2024-10-09T01:00:00+00:00, run_after=2024-10-09T01:00:00+00:00
[2024-10-11T00:03:08.114+0900] {logging_mixin.py:190} INFO - [2024-10-11T00:03:08.114+0900] {dag.py:4180} INFO - Setting next_dagrun for consume_1_and_2_with_dataset_expressions to None, run_after=None
[2024-10-11T00:03:08.115+0900] {logging_mixin.py:190} INFO - [2024-10-11T00:03:08.115+0900] {dag.py:4180} INFO - Setting next_dagrun for consume_1_or_2_with_dataset_expressions to None, run_after=None
[2024-10-11T00:03:08.116+0900] {logging_mixin.py:190} INFO - [2024-10-11T00:03:08.116+0900] {dag.py:4180} INFO - Setting next_dagrun for consume_1_or_both_2_and_3_with_dataset_expressions to None, run_after=None
[2024-10-11T00:03:08.117+0900] {logging_mixin.py:190} INFO - [2024-10-11T00:03:08.117+0900] {dag.py:4180} INFO - Setting next_dagrun for dataset_consumes_1 to None, run_after=None
[2024-10-11T00:03:08.118+0900] {logging_mixin.py:190} INFO - [2024-10-11T00:03:08.118+0900] {dag.py:4180} INFO - Setting next_dagrun for dataset_consumes_1_and_2 to None, run_after=None
[2024-10-11T00:03:08.119+0900] {logging_mixin.py:190} INFO - [2024-10-11T00:03:08.119+0900] {dag.py:4180} INFO - Setting next_dagrun for dataset_consumes_1_never_scheduled to None, run_after=None
[2024-10-11T00:03:08.120+0900] {logging_mixin.py:190} INFO - [2024-10-11T00:03:08.120+0900] {dag.py:4180} INFO - Setting next_dagrun for dataset_consumes_unknown_never_scheduled to None, run_after=None
[2024-10-11T00:03:08.123+0900] {logging_mixin.py:190} INFO - [2024-10-11T00:03:08.123+0900] {dag.py:4180} INFO - Setting next_dagrun for dataset_produces_1 to 2024-10-09T00:00:00+00:00, run_after=2024-10-10T00:00:00+00:00
[2024-10-11T00:03:08.124+0900] {logging_mixin.py:190} INFO - [2024-10-11T00:03:08.124+0900] {dag.py:4180} INFO - Setting next_dagrun for dataset_produces_2 to None, run_after=None
[2024-10-11T00:03:08.156+0900] {processor.py:208} INFO - Processing /Users/alookso/1007MLpj/myenv/lib/python3.10/site-packages/airflow/example_dags/example_datasets.py took 0.302 seconds
[2024-10-11T00:10:10.603+0900] {processor.py:186} INFO - Started process (PID=64537) to work on /Users/alookso/1007MLpj/myenv/lib/python3.10/site-packages/airflow/example_dags/example_datasets.py
[2024-10-11T00:10:10.604+0900] {processor.py:914} INFO - Processing file /Users/alookso/1007MLpj/myenv/lib/python3.10/site-packages/airflow/example_dags/example_datasets.py for tasks to queue
[2024-10-11T00:10:10.605+0900] {logging_mixin.py:190} INFO - [2024-10-11T00:10:10.605+0900] {dagbag.py:588} INFO - Filling up the DagBag from /Users/alookso/1007MLpj/myenv/lib/python3.10/site-packages/airflow/example_dags/example_datasets.py
[2024-10-11T00:10:10.667+0900] {processor.py:925} INFO - DAG(s) 'dataset_consumes_unknown_never_scheduled', 'consume_1_and_2_with_dataset_expressions', 'dataset_consumes_1', 'dataset_consumes_1_and_2', 'dataset_produces_2', 'consume_1_or_both_2_and_3_with_dataset_expressions', 'consume_1_or_2_with_dataset_expressions', 'dataset_produces_1', 'dataset_consumes_1_never_scheduled', 'conditional_dataset_and_time_based_timetable' retrieved from /Users/alookso/1007MLpj/myenv/lib/python3.10/site-packages/airflow/example_dags/example_datasets.py
[2024-10-11T00:10:10.820+0900] {logging_mixin.py:190} INFO - [2024-10-11T00:10:10.819+0900] {dag.py:3239} INFO - Sync 10 DAGs
[2024-10-11T00:10:10.844+0900] {logging_mixin.py:190} INFO - [2024-10-11T00:10:10.844+0900] {dag.py:4180} INFO - Setting next_dagrun for conditional_dataset_and_time_based_timetable to 2024-10-09T01:00:00+00:00, run_after=2024-10-09T01:00:00+00:00
[2024-10-11T00:10:10.847+0900] {logging_mixin.py:190} INFO - [2024-10-11T00:10:10.847+0900] {dag.py:4180} INFO - Setting next_dagrun for consume_1_and_2_with_dataset_expressions to None, run_after=None
[2024-10-11T00:10:10.848+0900] {logging_mixin.py:190} INFO - [2024-10-11T00:10:10.848+0900] {dag.py:4180} INFO - Setting next_dagrun for consume_1_or_2_with_dataset_expressions to None, run_after=None
[2024-10-11T00:10:10.849+0900] {logging_mixin.py:190} INFO - [2024-10-11T00:10:10.849+0900] {dag.py:4180} INFO - Setting next_dagrun for consume_1_or_both_2_and_3_with_dataset_expressions to None, run_after=None
[2024-10-11T00:10:10.850+0900] {logging_mixin.py:190} INFO - [2024-10-11T00:10:10.850+0900] {dag.py:4180} INFO - Setting next_dagrun for dataset_consumes_1 to None, run_after=None
[2024-10-11T00:10:10.851+0900] {logging_mixin.py:190} INFO - [2024-10-11T00:10:10.851+0900] {dag.py:4180} INFO - Setting next_dagrun for dataset_consumes_1_and_2 to None, run_after=None
[2024-10-11T00:10:10.852+0900] {logging_mixin.py:190} INFO - [2024-10-11T00:10:10.852+0900] {dag.py:4180} INFO - Setting next_dagrun for dataset_consumes_1_never_scheduled to None, run_after=None
[2024-10-11T00:10:10.853+0900] {logging_mixin.py:190} INFO - [2024-10-11T00:10:10.853+0900] {dag.py:4180} INFO - Setting next_dagrun for dataset_consumes_unknown_never_scheduled to None, run_after=None
[2024-10-11T00:10:10.855+0900] {logging_mixin.py:190} INFO - [2024-10-11T00:10:10.855+0900] {dag.py:4180} INFO - Setting next_dagrun for dataset_produces_1 to 2024-10-09T00:00:00+00:00, run_after=2024-10-10T00:00:00+00:00
[2024-10-11T00:10:10.856+0900] {logging_mixin.py:190} INFO - [2024-10-11T00:10:10.856+0900] {dag.py:4180} INFO - Setting next_dagrun for dataset_produces_2 to None, run_after=None
[2024-10-11T00:10:10.887+0900] {processor.py:208} INFO - Processing /Users/alookso/1007MLpj/myenv/lib/python3.10/site-packages/airflow/example_dags/example_datasets.py took 0.288 seconds
[2024-10-11T00:13:23.834+0900] {processor.py:186} INFO - Started process (PID=64707) to work on /Users/alookso/1007MLpj/myenv/lib/python3.10/site-packages/airflow/example_dags/example_datasets.py
[2024-10-11T00:13:23.835+0900] {processor.py:914} INFO - Processing file /Users/alookso/1007MLpj/myenv/lib/python3.10/site-packages/airflow/example_dags/example_datasets.py for tasks to queue
[2024-10-11T00:13:23.836+0900] {logging_mixin.py:190} INFO - [2024-10-11T00:13:23.836+0900] {dagbag.py:588} INFO - Filling up the DagBag from /Users/alookso/1007MLpj/myenv/lib/python3.10/site-packages/airflow/example_dags/example_datasets.py
[2024-10-11T00:13:23.899+0900] {processor.py:925} INFO - DAG(s) 'dataset_consumes_unknown_never_scheduled', 'consume_1_or_2_with_dataset_expressions', 'dataset_consumes_1_never_scheduled', 'dataset_produces_1', 'consume_1_and_2_with_dataset_expressions', 'conditional_dataset_and_time_based_timetable', 'consume_1_or_both_2_and_3_with_dataset_expressions', 'dataset_consumes_1_and_2', 'dataset_consumes_1', 'dataset_produces_2' retrieved from /Users/alookso/1007MLpj/myenv/lib/python3.10/site-packages/airflow/example_dags/example_datasets.py
[2024-10-11T00:13:24.053+0900] {logging_mixin.py:190} INFO - [2024-10-11T00:13:24.053+0900] {dag.py:3239} INFO - Sync 10 DAGs
[2024-10-11T00:13:24.078+0900] {logging_mixin.py:190} INFO - [2024-10-11T00:13:24.078+0900] {dag.py:4180} INFO - Setting next_dagrun for conditional_dataset_and_time_based_timetable to 2024-10-09T01:00:00+00:00, run_after=2024-10-09T01:00:00+00:00
[2024-10-11T00:13:24.081+0900] {logging_mixin.py:190} INFO - [2024-10-11T00:13:24.081+0900] {dag.py:4180} INFO - Setting next_dagrun for consume_1_and_2_with_dataset_expressions to None, run_after=None
[2024-10-11T00:13:24.082+0900] {logging_mixin.py:190} INFO - [2024-10-11T00:13:24.082+0900] {dag.py:4180} INFO - Setting next_dagrun for consume_1_or_2_with_dataset_expressions to None, run_after=None
[2024-10-11T00:13:24.083+0900] {logging_mixin.py:190} INFO - [2024-10-11T00:13:24.083+0900] {dag.py:4180} INFO - Setting next_dagrun for consume_1_or_both_2_and_3_with_dataset_expressions to None, run_after=None
[2024-10-11T00:13:24.084+0900] {logging_mixin.py:190} INFO - [2024-10-11T00:13:24.084+0900] {dag.py:4180} INFO - Setting next_dagrun for dataset_consumes_1 to None, run_after=None
[2024-10-11T00:13:24.085+0900] {logging_mixin.py:190} INFO - [2024-10-11T00:13:24.085+0900] {dag.py:4180} INFO - Setting next_dagrun for dataset_consumes_1_and_2 to None, run_after=None
[2024-10-11T00:13:24.086+0900] {logging_mixin.py:190} INFO - [2024-10-11T00:13:24.086+0900] {dag.py:4180} INFO - Setting next_dagrun for dataset_consumes_1_never_scheduled to None, run_after=None
[2024-10-11T00:13:24.087+0900] {logging_mixin.py:190} INFO - [2024-10-11T00:13:24.087+0900] {dag.py:4180} INFO - Setting next_dagrun for dataset_consumes_unknown_never_scheduled to None, run_after=None
[2024-10-11T00:13:24.090+0900] {logging_mixin.py:190} INFO - [2024-10-11T00:13:24.089+0900] {dag.py:4180} INFO - Setting next_dagrun for dataset_produces_1 to 2024-10-09T00:00:00+00:00, run_after=2024-10-10T00:00:00+00:00
[2024-10-11T00:13:24.091+0900] {logging_mixin.py:190} INFO - [2024-10-11T00:13:24.090+0900] {dag.py:4180} INFO - Setting next_dagrun for dataset_produces_2 to None, run_after=None
[2024-10-11T00:13:24.122+0900] {processor.py:208} INFO - Processing /Users/alookso/1007MLpj/myenv/lib/python3.10/site-packages/airflow/example_dags/example_datasets.py took 0.291 seconds
[2024-10-11T00:18:26.335+0900] {processor.py:186} INFO - Started process (PID=64864) to work on /Users/alookso/1007MLpj/myenv/lib/python3.10/site-packages/airflow/example_dags/example_datasets.py
[2024-10-11T00:18:26.336+0900] {processor.py:914} INFO - Processing file /Users/alookso/1007MLpj/myenv/lib/python3.10/site-packages/airflow/example_dags/example_datasets.py for tasks to queue
[2024-10-11T00:18:26.337+0900] {logging_mixin.py:190} INFO - [2024-10-11T00:18:26.337+0900] {dagbag.py:588} INFO - Filling up the DagBag from /Users/alookso/1007MLpj/myenv/lib/python3.10/site-packages/airflow/example_dags/example_datasets.py
[2024-10-11T00:18:26.404+0900] {processor.py:925} INFO - DAG(s) 'dataset_consumes_unknown_never_scheduled', 'dataset_produces_1', 'consume_1_or_2_with_dataset_expressions', 'dataset_consumes_1_never_scheduled', 'consume_1_or_both_2_and_3_with_dataset_expressions', 'dataset_produces_2', 'consume_1_and_2_with_dataset_expressions', 'dataset_consumes_1', 'conditional_dataset_and_time_based_timetable', 'dataset_consumes_1_and_2' retrieved from /Users/alookso/1007MLpj/myenv/lib/python3.10/site-packages/airflow/example_dags/example_datasets.py
[2024-10-11T00:18:26.563+0900] {logging_mixin.py:190} INFO - [2024-10-11T00:18:26.563+0900] {dag.py:3239} INFO - Sync 10 DAGs
[2024-10-11T00:18:26.587+0900] {logging_mixin.py:190} INFO - [2024-10-11T00:18:26.587+0900] {dag.py:4180} INFO - Setting next_dagrun for conditional_dataset_and_time_based_timetable to 2024-10-09T01:00:00+00:00, run_after=2024-10-09T01:00:00+00:00
[2024-10-11T00:18:26.591+0900] {logging_mixin.py:190} INFO - [2024-10-11T00:18:26.590+0900] {dag.py:4180} INFO - Setting next_dagrun for consume_1_and_2_with_dataset_expressions to None, run_after=None
[2024-10-11T00:18:26.592+0900] {logging_mixin.py:190} INFO - [2024-10-11T00:18:26.591+0900] {dag.py:4180} INFO - Setting next_dagrun for consume_1_or_2_with_dataset_expressions to None, run_after=None
[2024-10-11T00:18:26.593+0900] {logging_mixin.py:190} INFO - [2024-10-11T00:18:26.592+0900] {dag.py:4180} INFO - Setting next_dagrun for consume_1_or_both_2_and_3_with_dataset_expressions to None, run_after=None
[2024-10-11T00:18:26.594+0900] {logging_mixin.py:190} INFO - [2024-10-11T00:18:26.593+0900] {dag.py:4180} INFO - Setting next_dagrun for dataset_consumes_1 to None, run_after=None
[2024-10-11T00:18:26.595+0900] {logging_mixin.py:190} INFO - [2024-10-11T00:18:26.594+0900] {dag.py:4180} INFO - Setting next_dagrun for dataset_consumes_1_and_2 to None, run_after=None
[2024-10-11T00:18:26.596+0900] {logging_mixin.py:190} INFO - [2024-10-11T00:18:26.595+0900] {dag.py:4180} INFO - Setting next_dagrun for dataset_consumes_1_never_scheduled to None, run_after=None
[2024-10-11T00:18:26.597+0900] {logging_mixin.py:190} INFO - [2024-10-11T00:18:26.596+0900] {dag.py:4180} INFO - Setting next_dagrun for dataset_consumes_unknown_never_scheduled to None, run_after=None
[2024-10-11T00:18:26.599+0900] {logging_mixin.py:190} INFO - [2024-10-11T00:18:26.599+0900] {dag.py:4180} INFO - Setting next_dagrun for dataset_produces_1 to 2024-10-09T00:00:00+00:00, run_after=2024-10-10T00:00:00+00:00
[2024-10-11T00:18:26.600+0900] {logging_mixin.py:190} INFO - [2024-10-11T00:18:26.600+0900] {dag.py:4180} INFO - Setting next_dagrun for dataset_produces_2 to None, run_after=None
[2024-10-11T00:18:26.631+0900] {processor.py:208} INFO - Processing /Users/alookso/1007MLpj/myenv/lib/python3.10/site-packages/airflow/example_dags/example_datasets.py took 0.301 seconds
[2024-10-11T00:23:33.320+0900] {processor.py:186} INFO - Started process (PID=65046) to work on /Users/alookso/1007MLpj/myenv/lib/python3.10/site-packages/airflow/example_dags/example_datasets.py
[2024-10-11T00:23:33.321+0900] {processor.py:914} INFO - Processing file /Users/alookso/1007MLpj/myenv/lib/python3.10/site-packages/airflow/example_dags/example_datasets.py for tasks to queue
[2024-10-11T00:23:33.322+0900] {logging_mixin.py:190} INFO - [2024-10-11T00:23:33.322+0900] {dagbag.py:588} INFO - Filling up the DagBag from /Users/alookso/1007MLpj/myenv/lib/python3.10/site-packages/airflow/example_dags/example_datasets.py
[2024-10-11T00:23:33.390+0900] {processor.py:925} INFO - DAG(s) 'consume_1_or_2_with_dataset_expressions', 'dataset_consumes_1_never_scheduled', 'dataset_consumes_unknown_never_scheduled', 'dataset_consumes_1', 'dataset_produces_1', 'dataset_produces_2', 'consume_1_or_both_2_and_3_with_dataset_expressions', 'dataset_consumes_1_and_2', 'consume_1_and_2_with_dataset_expressions', 'conditional_dataset_and_time_based_timetable' retrieved from /Users/alookso/1007MLpj/myenv/lib/python3.10/site-packages/airflow/example_dags/example_datasets.py
[2024-10-11T00:23:33.552+0900] {logging_mixin.py:190} INFO - [2024-10-11T00:23:33.552+0900] {dag.py:3239} INFO - Sync 10 DAGs
[2024-10-11T00:23:33.577+0900] {logging_mixin.py:190} INFO - [2024-10-11T00:23:33.577+0900] {dag.py:4180} INFO - Setting next_dagrun for conditional_dataset_and_time_based_timetable to 2024-10-09T01:00:00+00:00, run_after=2024-10-09T01:00:00+00:00
[2024-10-11T00:23:33.580+0900] {logging_mixin.py:190} INFO - [2024-10-11T00:23:33.580+0900] {dag.py:4180} INFO - Setting next_dagrun for consume_1_and_2_with_dataset_expressions to None, run_after=None
[2024-10-11T00:23:33.581+0900] {logging_mixin.py:190} INFO - [2024-10-11T00:23:33.581+0900] {dag.py:4180} INFO - Setting next_dagrun for consume_1_or_2_with_dataset_expressions to None, run_after=None
[2024-10-11T00:23:33.582+0900] {logging_mixin.py:190} INFO - [2024-10-11T00:23:33.582+0900] {dag.py:4180} INFO - Setting next_dagrun for consume_1_or_both_2_and_3_with_dataset_expressions to None, run_after=None
[2024-10-11T00:23:33.583+0900] {logging_mixin.py:190} INFO - [2024-10-11T00:23:33.583+0900] {dag.py:4180} INFO - Setting next_dagrun for dataset_consumes_1 to None, run_after=None
[2024-10-11T00:23:33.584+0900] {logging_mixin.py:190} INFO - [2024-10-11T00:23:33.584+0900] {dag.py:4180} INFO - Setting next_dagrun for dataset_consumes_1_and_2 to None, run_after=None
[2024-10-11T00:23:33.585+0900] {logging_mixin.py:190} INFO - [2024-10-11T00:23:33.585+0900] {dag.py:4180} INFO - Setting next_dagrun for dataset_consumes_1_never_scheduled to None, run_after=None
[2024-10-11T00:23:33.586+0900] {logging_mixin.py:190} INFO - [2024-10-11T00:23:33.586+0900] {dag.py:4180} INFO - Setting next_dagrun for dataset_consumes_unknown_never_scheduled to None, run_after=None
[2024-10-11T00:23:33.589+0900] {logging_mixin.py:190} INFO - [2024-10-11T00:23:33.589+0900] {dag.py:4180} INFO - Setting next_dagrun for dataset_produces_1 to 2024-10-09T00:00:00+00:00, run_after=2024-10-10T00:00:00+00:00
[2024-10-11T00:23:33.590+0900] {logging_mixin.py:190} INFO - [2024-10-11T00:23:33.590+0900] {dag.py:4180} INFO - Setting next_dagrun for dataset_produces_2 to None, run_after=None
[2024-10-11T00:23:33.623+0900] {processor.py:208} INFO - Processing /Users/alookso/1007MLpj/myenv/lib/python3.10/site-packages/airflow/example_dags/example_datasets.py took 0.308 seconds
[2024-10-11T00:29:37.693+0900] {processor.py:186} INFO - Started process (PID=65336) to work on /Users/alookso/1007MLpj/myenv/lib/python3.10/site-packages/airflow/example_dags/example_datasets.py
[2024-10-11T00:29:37.694+0900] {processor.py:914} INFO - Processing file /Users/alookso/1007MLpj/myenv/lib/python3.10/site-packages/airflow/example_dags/example_datasets.py for tasks to queue
[2024-10-11T00:29:37.695+0900] {logging_mixin.py:190} INFO - [2024-10-11T00:29:37.694+0900] {dagbag.py:588} INFO - Filling up the DagBag from /Users/alookso/1007MLpj/myenv/lib/python3.10/site-packages/airflow/example_dags/example_datasets.py
[2024-10-11T00:29:37.760+0900] {processor.py:925} INFO - DAG(s) 'dataset_consumes_1', 'dataset_produces_2', 'dataset_consumes_unknown_never_scheduled', 'dataset_produces_1', 'dataset_consumes_1_and_2', 'consume_1_and_2_with_dataset_expressions', 'consume_1_or_2_with_dataset_expressions', 'consume_1_or_both_2_and_3_with_dataset_expressions', 'dataset_consumes_1_never_scheduled', 'conditional_dataset_and_time_based_timetable' retrieved from /Users/alookso/1007MLpj/myenv/lib/python3.10/site-packages/airflow/example_dags/example_datasets.py
[2024-10-11T00:29:37.911+0900] {logging_mixin.py:190} INFO - [2024-10-11T00:29:37.911+0900] {dag.py:3239} INFO - Sync 10 DAGs
[2024-10-11T00:29:37.936+0900] {logging_mixin.py:190} INFO - [2024-10-11T00:29:37.936+0900] {dag.py:4180} INFO - Setting next_dagrun for conditional_dataset_and_time_based_timetable to 2024-10-09T01:00:00+00:00, run_after=2024-10-09T01:00:00+00:00
[2024-10-11T00:29:37.940+0900] {logging_mixin.py:190} INFO - [2024-10-11T00:29:37.940+0900] {dag.py:4180} INFO - Setting next_dagrun for consume_1_and_2_with_dataset_expressions to None, run_after=None
[2024-10-11T00:29:37.941+0900] {logging_mixin.py:190} INFO - [2024-10-11T00:29:37.941+0900] {dag.py:4180} INFO - Setting next_dagrun for consume_1_or_2_with_dataset_expressions to None, run_after=None
[2024-10-11T00:29:37.942+0900] {logging_mixin.py:190} INFO - [2024-10-11T00:29:37.942+0900] {dag.py:4180} INFO - Setting next_dagrun for consume_1_or_both_2_and_3_with_dataset_expressions to None, run_after=None
[2024-10-11T00:29:37.943+0900] {logging_mixin.py:190} INFO - [2024-10-11T00:29:37.943+0900] {dag.py:4180} INFO - Setting next_dagrun for dataset_consumes_1 to None, run_after=None
[2024-10-11T00:29:37.944+0900] {logging_mixin.py:190} INFO - [2024-10-11T00:29:37.944+0900] {dag.py:4180} INFO - Setting next_dagrun for dataset_consumes_1_and_2 to None, run_after=None
[2024-10-11T00:29:37.945+0900] {logging_mixin.py:190} INFO - [2024-10-11T00:29:37.945+0900] {dag.py:4180} INFO - Setting next_dagrun for dataset_consumes_1_never_scheduled to None, run_after=None
[2024-10-11T00:29:37.946+0900] {logging_mixin.py:190} INFO - [2024-10-11T00:29:37.946+0900] {dag.py:4180} INFO - Setting next_dagrun for dataset_consumes_unknown_never_scheduled to None, run_after=None
[2024-10-11T00:29:37.949+0900] {logging_mixin.py:190} INFO - [2024-10-11T00:29:37.948+0900] {dag.py:4180} INFO - Setting next_dagrun for dataset_produces_1 to 2024-10-09T00:00:00+00:00, run_after=2024-10-10T00:00:00+00:00
[2024-10-11T00:29:37.950+0900] {logging_mixin.py:190} INFO - [2024-10-11T00:29:37.950+0900] {dag.py:4180} INFO - Setting next_dagrun for dataset_produces_2 to None, run_after=None
[2024-10-11T00:29:37.983+0900] {processor.py:208} INFO - Processing /Users/alookso/1007MLpj/myenv/lib/python3.10/site-packages/airflow/example_dags/example_datasets.py took 0.295 seconds
[2024-10-11T00:36:47.068+0900] {processor.py:186} INFO - Started process (PID=65661) to work on /Users/alookso/1007MLpj/myenv/lib/python3.10/site-packages/airflow/example_dags/example_datasets.py
[2024-10-11T00:36:47.069+0900] {processor.py:914} INFO - Processing file /Users/alookso/1007MLpj/myenv/lib/python3.10/site-packages/airflow/example_dags/example_datasets.py for tasks to queue
[2024-10-11T00:36:47.070+0900] {logging_mixin.py:190} INFO - [2024-10-11T00:36:47.070+0900] {dagbag.py:588} INFO - Filling up the DagBag from /Users/alookso/1007MLpj/myenv/lib/python3.10/site-packages/airflow/example_dags/example_datasets.py
[2024-10-11T00:36:47.140+0900] {processor.py:925} INFO - DAG(s) 'dataset_consumes_unknown_never_scheduled', 'conditional_dataset_and_time_based_timetable', 'consume_1_and_2_with_dataset_expressions', 'dataset_consumes_1_never_scheduled', 'dataset_produces_2', 'dataset_produces_1', 'consume_1_or_both_2_and_3_with_dataset_expressions', 'dataset_consumes_1_and_2', 'consume_1_or_2_with_dataset_expressions', 'dataset_consumes_1' retrieved from /Users/alookso/1007MLpj/myenv/lib/python3.10/site-packages/airflow/example_dags/example_datasets.py
[2024-10-11T00:36:47.322+0900] {logging_mixin.py:190} INFO - [2024-10-11T00:36:47.321+0900] {dag.py:3239} INFO - Sync 10 DAGs
[2024-10-11T00:36:47.351+0900] {logging_mixin.py:190} INFO - [2024-10-11T00:36:47.351+0900] {dag.py:4180} INFO - Setting next_dagrun for conditional_dataset_and_time_based_timetable to 2024-10-09T01:00:00+00:00, run_after=2024-10-09T01:00:00+00:00
[2024-10-11T00:36:47.355+0900] {logging_mixin.py:190} INFO - [2024-10-11T00:36:47.355+0900] {dag.py:4180} INFO - Setting next_dagrun for consume_1_and_2_with_dataset_expressions to None, run_after=None
[2024-10-11T00:36:47.357+0900] {logging_mixin.py:190} INFO - [2024-10-11T00:36:47.357+0900] {dag.py:4180} INFO - Setting next_dagrun for consume_1_or_2_with_dataset_expressions to None, run_after=None
[2024-10-11T00:36:47.358+0900] {logging_mixin.py:190} INFO - [2024-10-11T00:36:47.358+0900] {dag.py:4180} INFO - Setting next_dagrun for consume_1_or_both_2_and_3_with_dataset_expressions to None, run_after=None
[2024-10-11T00:36:47.360+0900] {logging_mixin.py:190} INFO - [2024-10-11T00:36:47.359+0900] {dag.py:4180} INFO - Setting next_dagrun for dataset_consumes_1 to None, run_after=None
[2024-10-11T00:36:47.361+0900] {logging_mixin.py:190} INFO - [2024-10-11T00:36:47.361+0900] {dag.py:4180} INFO - Setting next_dagrun for dataset_consumes_1_and_2 to None, run_after=None
[2024-10-11T00:36:47.362+0900] {logging_mixin.py:190} INFO - [2024-10-11T00:36:47.362+0900] {dag.py:4180} INFO - Setting next_dagrun for dataset_consumes_1_never_scheduled to None, run_after=None
[2024-10-11T00:36:47.364+0900] {logging_mixin.py:190} INFO - [2024-10-11T00:36:47.364+0900] {dag.py:4180} INFO - Setting next_dagrun for dataset_consumes_unknown_never_scheduled to None, run_after=None
[2024-10-11T00:36:47.367+0900] {logging_mixin.py:190} INFO - [2024-10-11T00:36:47.367+0900] {dag.py:4180} INFO - Setting next_dagrun for dataset_produces_1 to 2024-10-09T00:00:00+00:00, run_after=2024-10-10T00:00:00+00:00
[2024-10-11T00:36:47.368+0900] {logging_mixin.py:190} INFO - [2024-10-11T00:36:47.368+0900] {dag.py:4180} INFO - Setting next_dagrun for dataset_produces_2 to None, run_after=None
[2024-10-11T00:36:47.405+0900] {processor.py:208} INFO - Processing /Users/alookso/1007MLpj/myenv/lib/python3.10/site-packages/airflow/example_dags/example_datasets.py took 0.345 seconds
[2024-10-11T00:44:05.188+0900] {processor.py:186} INFO - Started process (PID=66033) to work on /Users/alookso/1007MLpj/myenv/lib/python3.10/site-packages/airflow/example_dags/example_datasets.py
[2024-10-11T00:44:05.189+0900] {processor.py:914} INFO - Processing file /Users/alookso/1007MLpj/myenv/lib/python3.10/site-packages/airflow/example_dags/example_datasets.py for tasks to queue
[2024-10-11T00:44:05.190+0900] {logging_mixin.py:190} INFO - [2024-10-11T00:44:05.190+0900] {dagbag.py:588} INFO - Filling up the DagBag from /Users/alookso/1007MLpj/myenv/lib/python3.10/site-packages/airflow/example_dags/example_datasets.py
[2024-10-11T00:44:05.255+0900] {processor.py:925} INFO - DAG(s) 'consume_1_or_2_with_dataset_expressions', 'dataset_produces_2', 'conditional_dataset_and_time_based_timetable', 'consume_1_and_2_with_dataset_expressions', 'dataset_consumes_unknown_never_scheduled', 'consume_1_or_both_2_and_3_with_dataset_expressions', 'dataset_produces_1', 'dataset_consumes_1', 'dataset_consumes_1_and_2', 'dataset_consumes_1_never_scheduled' retrieved from /Users/alookso/1007MLpj/myenv/lib/python3.10/site-packages/airflow/example_dags/example_datasets.py
[2024-10-11T00:44:05.410+0900] {logging_mixin.py:190} INFO - [2024-10-11T00:44:05.410+0900] {dag.py:3239} INFO - Sync 10 DAGs
[2024-10-11T00:44:05.436+0900] {logging_mixin.py:190} INFO - [2024-10-11T00:44:05.435+0900] {dag.py:4180} INFO - Setting next_dagrun for conditional_dataset_and_time_based_timetable to 2024-10-09T01:00:00+00:00, run_after=2024-10-09T01:00:00+00:00
[2024-10-11T00:44:05.439+0900] {logging_mixin.py:190} INFO - [2024-10-11T00:44:05.439+0900] {dag.py:4180} INFO - Setting next_dagrun for consume_1_and_2_with_dataset_expressions to None, run_after=None
[2024-10-11T00:44:05.440+0900] {logging_mixin.py:190} INFO - [2024-10-11T00:44:05.440+0900] {dag.py:4180} INFO - Setting next_dagrun for consume_1_or_2_with_dataset_expressions to None, run_after=None
[2024-10-11T00:44:05.441+0900] {logging_mixin.py:190} INFO - [2024-10-11T00:44:05.441+0900] {dag.py:4180} INFO - Setting next_dagrun for consume_1_or_both_2_and_3_with_dataset_expressions to None, run_after=None
[2024-10-11T00:44:05.442+0900] {logging_mixin.py:190} INFO - [2024-10-11T00:44:05.442+0900] {dag.py:4180} INFO - Setting next_dagrun for dataset_consumes_1 to None, run_after=None
[2024-10-11T00:44:05.443+0900] {logging_mixin.py:190} INFO - [2024-10-11T00:44:05.443+0900] {dag.py:4180} INFO - Setting next_dagrun for dataset_consumes_1_and_2 to None, run_after=None
[2024-10-11T00:44:05.444+0900] {logging_mixin.py:190} INFO - [2024-10-11T00:44:05.444+0900] {dag.py:4180} INFO - Setting next_dagrun for dataset_consumes_1_never_scheduled to None, run_after=None
[2024-10-11T00:44:05.445+0900] {logging_mixin.py:190} INFO - [2024-10-11T00:44:05.445+0900] {dag.py:4180} INFO - Setting next_dagrun for dataset_consumes_unknown_never_scheduled to None, run_after=None
[2024-10-11T00:44:05.448+0900] {logging_mixin.py:190} INFO - [2024-10-11T00:44:05.448+0900] {dag.py:4180} INFO - Setting next_dagrun for dataset_produces_1 to 2024-10-09T00:00:00+00:00, run_after=2024-10-10T00:00:00+00:00
[2024-10-11T00:44:05.449+0900] {logging_mixin.py:190} INFO - [2024-10-11T00:44:05.449+0900] {dag.py:4180} INFO - Setting next_dagrun for dataset_produces_2 to None, run_after=None
[2024-10-11T00:44:05.480+0900] {processor.py:208} INFO - Processing /Users/alookso/1007MLpj/myenv/lib/python3.10/site-packages/airflow/example_dags/example_datasets.py took 0.296 seconds
[2024-10-11T00:51:07.802+0900] {processor.py:186} INFO - Started process (PID=66367) to work on /Users/alookso/1007MLpj/myenv/lib/python3.10/site-packages/airflow/example_dags/example_datasets.py
[2024-10-11T00:51:07.803+0900] {processor.py:914} INFO - Processing file /Users/alookso/1007MLpj/myenv/lib/python3.10/site-packages/airflow/example_dags/example_datasets.py for tasks to queue
[2024-10-11T00:51:07.804+0900] {logging_mixin.py:190} INFO - [2024-10-11T00:51:07.804+0900] {dagbag.py:588} INFO - Filling up the DagBag from /Users/alookso/1007MLpj/myenv/lib/python3.10/site-packages/airflow/example_dags/example_datasets.py
[2024-10-11T00:51:07.868+0900] {processor.py:925} INFO - DAG(s) 'dataset_consumes_1_and_2', 'consume_1_or_2_with_dataset_expressions', 'dataset_produces_1', 'conditional_dataset_and_time_based_timetable', 'consume_1_and_2_with_dataset_expressions', 'dataset_consumes_unknown_never_scheduled', 'dataset_produces_2', 'dataset_consumes_1', 'consume_1_or_both_2_and_3_with_dataset_expressions', 'dataset_consumes_1_never_scheduled' retrieved from /Users/alookso/1007MLpj/myenv/lib/python3.10/site-packages/airflow/example_dags/example_datasets.py
[2024-10-11T00:51:08.024+0900] {logging_mixin.py:190} INFO - [2024-10-11T00:51:08.024+0900] {dag.py:3239} INFO - Sync 10 DAGs
[2024-10-11T00:51:08.049+0900] {logging_mixin.py:190} INFO - [2024-10-11T00:51:08.049+0900] {dag.py:4180} INFO - Setting next_dagrun for conditional_dataset_and_time_based_timetable to 2024-10-09T01:00:00+00:00, run_after=2024-10-09T01:00:00+00:00
[2024-10-11T00:51:08.053+0900] {logging_mixin.py:190} INFO - [2024-10-11T00:51:08.052+0900] {dag.py:4180} INFO - Setting next_dagrun for consume_1_and_2_with_dataset_expressions to None, run_after=None
[2024-10-11T00:51:08.054+0900] {logging_mixin.py:190} INFO - [2024-10-11T00:51:08.053+0900] {dag.py:4180} INFO - Setting next_dagrun for consume_1_or_2_with_dataset_expressions to None, run_after=None
[2024-10-11T00:51:08.055+0900] {logging_mixin.py:190} INFO - [2024-10-11T00:51:08.054+0900] {dag.py:4180} INFO - Setting next_dagrun for consume_1_or_both_2_and_3_with_dataset_expressions to None, run_after=None
[2024-10-11T00:51:08.056+0900] {logging_mixin.py:190} INFO - [2024-10-11T00:51:08.055+0900] {dag.py:4180} INFO - Setting next_dagrun for dataset_consumes_1 to None, run_after=None
[2024-10-11T00:51:08.057+0900] {logging_mixin.py:190} INFO - [2024-10-11T00:51:08.056+0900] {dag.py:4180} INFO - Setting next_dagrun for dataset_consumes_1_and_2 to None, run_after=None
[2024-10-11T00:51:08.058+0900] {logging_mixin.py:190} INFO - [2024-10-11T00:51:08.057+0900] {dag.py:4180} INFO - Setting next_dagrun for dataset_consumes_1_never_scheduled to None, run_after=None
[2024-10-11T00:51:08.059+0900] {logging_mixin.py:190} INFO - [2024-10-11T00:51:08.058+0900] {dag.py:4180} INFO - Setting next_dagrun for dataset_consumes_unknown_never_scheduled to None, run_after=None
[2024-10-11T00:51:08.061+0900] {logging_mixin.py:190} INFO - [2024-10-11T00:51:08.061+0900] {dag.py:4180} INFO - Setting next_dagrun for dataset_produces_1 to 2024-10-09T00:00:00+00:00, run_after=2024-10-10T00:00:00+00:00
[2024-10-11T00:51:08.062+0900] {logging_mixin.py:190} INFO - [2024-10-11T00:51:08.062+0900] {dag.py:4180} INFO - Setting next_dagrun for dataset_produces_2 to None, run_after=None
[2024-10-11T00:51:08.094+0900] {processor.py:208} INFO - Processing /Users/alookso/1007MLpj/myenv/lib/python3.10/site-packages/airflow/example_dags/example_datasets.py took 0.295 seconds
[2024-10-11T00:54:24.406+0900] {processor.py:186} INFO - Started process (PID=66561) to work on /Users/alookso/1007MLpj/myenv/lib/python3.10/site-packages/airflow/example_dags/example_datasets.py
[2024-10-11T00:54:24.407+0900] {processor.py:914} INFO - Processing file /Users/alookso/1007MLpj/myenv/lib/python3.10/site-packages/airflow/example_dags/example_datasets.py for tasks to queue
[2024-10-11T00:54:24.408+0900] {logging_mixin.py:190} INFO - [2024-10-11T00:54:24.408+0900] {dagbag.py:588} INFO - Filling up the DagBag from /Users/alookso/1007MLpj/myenv/lib/python3.10/site-packages/airflow/example_dags/example_datasets.py
[2024-10-11T00:54:24.472+0900] {processor.py:925} INFO - DAG(s) 'dataset_consumes_1', 'consume_1_or_both_2_and_3_with_dataset_expressions', 'dataset_produces_2', 'dataset_consumes_unknown_never_scheduled', 'dataset_consumes_1_and_2', 'dataset_produces_1', 'consume_1_or_2_with_dataset_expressions', 'consume_1_and_2_with_dataset_expressions', 'conditional_dataset_and_time_based_timetable', 'dataset_consumes_1_never_scheduled' retrieved from /Users/alookso/1007MLpj/myenv/lib/python3.10/site-packages/airflow/example_dags/example_datasets.py
[2024-10-11T00:54:24.627+0900] {logging_mixin.py:190} INFO - [2024-10-11T00:54:24.627+0900] {dag.py:3239} INFO - Sync 10 DAGs
[2024-10-11T00:54:24.652+0900] {logging_mixin.py:190} INFO - [2024-10-11T00:54:24.651+0900] {dag.py:4180} INFO - Setting next_dagrun for conditional_dataset_and_time_based_timetable to 2024-10-09T01:00:00+00:00, run_after=2024-10-09T01:00:00+00:00
[2024-10-11T00:54:24.655+0900] {logging_mixin.py:190} INFO - [2024-10-11T00:54:24.655+0900] {dag.py:4180} INFO - Setting next_dagrun for consume_1_and_2_with_dataset_expressions to None, run_after=None
[2024-10-11T00:54:24.656+0900] {logging_mixin.py:190} INFO - [2024-10-11T00:54:24.656+0900] {dag.py:4180} INFO - Setting next_dagrun for consume_1_or_2_with_dataset_expressions to None, run_after=None
[2024-10-11T00:54:24.657+0900] {logging_mixin.py:190} INFO - [2024-10-11T00:54:24.657+0900] {dag.py:4180} INFO - Setting next_dagrun for consume_1_or_both_2_and_3_with_dataset_expressions to None, run_after=None
[2024-10-11T00:54:24.658+0900] {logging_mixin.py:190} INFO - [2024-10-11T00:54:24.658+0900] {dag.py:4180} INFO - Setting next_dagrun for dataset_consumes_1 to None, run_after=None
[2024-10-11T00:54:24.659+0900] {logging_mixin.py:190} INFO - [2024-10-11T00:54:24.659+0900] {dag.py:4180} INFO - Setting next_dagrun for dataset_consumes_1_and_2 to None, run_after=None
[2024-10-11T00:54:24.660+0900] {logging_mixin.py:190} INFO - [2024-10-11T00:54:24.660+0900] {dag.py:4180} INFO - Setting next_dagrun for dataset_consumes_1_never_scheduled to None, run_after=None
[2024-10-11T00:54:24.661+0900] {logging_mixin.py:190} INFO - [2024-10-11T00:54:24.661+0900] {dag.py:4180} INFO - Setting next_dagrun for dataset_consumes_unknown_never_scheduled to None, run_after=None
[2024-10-11T00:54:24.664+0900] {logging_mixin.py:190} INFO - [2024-10-11T00:54:24.663+0900] {dag.py:4180} INFO - Setting next_dagrun for dataset_produces_1 to 2024-10-09T00:00:00+00:00, run_after=2024-10-10T00:00:00+00:00
[2024-10-11T00:54:24.665+0900] {logging_mixin.py:190} INFO - [2024-10-11T00:54:24.664+0900] {dag.py:4180} INFO - Setting next_dagrun for dataset_produces_2 to None, run_after=None
[2024-10-11T00:54:24.696+0900] {processor.py:208} INFO - Processing /Users/alookso/1007MLpj/myenv/lib/python3.10/site-packages/airflow/example_dags/example_datasets.py took 0.295 seconds
