[2024-10-10T15:35:15.057+0900] {processor.py:186} INFO - Started process (PID=56132) to work on /Users/alookso/1007MLpj/myenv/lib/python3.10/site-packages/airflow/example_dags/example_branch_python_dop_operator_3.py
[2024-10-10T15:35:15.058+0900] {processor.py:914} INFO - Processing file /Users/alookso/1007MLpj/myenv/lib/python3.10/site-packages/airflow/example_dags/example_branch_python_dop_operator_3.py for tasks to queue
[2024-10-10T15:35:15.061+0900] {logging_mixin.py:190} INFO - [2024-10-10T15:35:15.061+0900] {dagbag.py:588} INFO - Filling up the DagBag from /Users/alookso/1007MLpj/myenv/lib/python3.10/site-packages/airflow/example_dags/example_branch_python_dop_operator_3.py
[2024-10-10T15:35:15.146+0900] {processor.py:925} INFO - DAG(s) 'example_branch_dop_operator_v3' retrieved from /Users/alookso/1007MLpj/myenv/lib/python3.10/site-packages/airflow/example_dags/example_branch_python_dop_operator_3.py
[2024-10-10T15:35:15.473+0900] {logging_mixin.py:190} INFO - [2024-10-10T15:35:15.472+0900] {override.py:1901} INFO - Created Permission View: can edit on DAG:example_branch_dop_operator_v3
[2024-10-10T15:35:15.486+0900] {logging_mixin.py:190} INFO - [2024-10-10T15:35:15.486+0900] {override.py:1901} INFO - Created Permission View: can delete on DAG:example_branch_dop_operator_v3
[2024-10-10T15:35:15.496+0900] {logging_mixin.py:190} INFO - [2024-10-10T15:35:15.496+0900] {override.py:1901} INFO - Created Permission View: can read on DAG:example_branch_dop_operator_v3
[2024-10-10T15:35:15.508+0900] {logging_mixin.py:190} INFO - [2024-10-10T15:35:15.507+0900] {override.py:1901} INFO - Created Permission View: can create on DAG Run:example_branch_dop_operator_v3
[2024-10-10T15:35:15.518+0900] {logging_mixin.py:190} INFO - [2024-10-10T15:35:15.517+0900] {override.py:1901} INFO - Created Permission View: menu access on DAG Run:example_branch_dop_operator_v3
[2024-10-10T15:35:15.528+0900] {logging_mixin.py:190} INFO - [2024-10-10T15:35:15.527+0900] {override.py:1901} INFO - Created Permission View: can delete on DAG Run:example_branch_dop_operator_v3
[2024-10-10T15:35:15.536+0900] {logging_mixin.py:190} INFO - [2024-10-10T15:35:15.535+0900] {override.py:1901} INFO - Created Permission View: can read on DAG Run:example_branch_dop_operator_v3
[2024-10-10T15:35:15.536+0900] {logging_mixin.py:190} INFO - [2024-10-10T15:35:15.536+0900] {dag.py:3239} INFO - Sync 1 DAGs
[2024-10-10T15:35:15.554+0900] {logging_mixin.py:190} INFO - [2024-10-10T15:35:15.554+0900] {dag.py:3262} INFO - Creating ORM DAG for example_branch_dop_operator_v3
[2024-10-10T15:35:15.578+0900] {logging_mixin.py:190} INFO - [2024-10-10T15:35:15.576+0900] {dag.py:4180} INFO - Setting next_dagrun for example_branch_dop_operator_v3 to 2024-10-10T06:34:00+00:00, run_after=2024-10-10T06:35:00+00:00
[2024-10-10T15:35:15.600+0900] {processor.py:208} INFO - Processing /Users/alookso/1007MLpj/myenv/lib/python3.10/site-packages/airflow/example_dags/example_branch_python_dop_operator_3.py took 0.551 seconds
[2024-10-10T15:39:44.007+0900] {processor.py:186} INFO - Started process (PID=56288) to work on /Users/alookso/1007MLpj/myenv/lib/python3.10/site-packages/airflow/example_dags/example_branch_python_dop_operator_3.py
[2024-10-10T15:39:44.009+0900] {processor.py:914} INFO - Processing file /Users/alookso/1007MLpj/myenv/lib/python3.10/site-packages/airflow/example_dags/example_branch_python_dop_operator_3.py for tasks to queue
[2024-10-10T15:39:44.010+0900] {logging_mixin.py:190} INFO - [2024-10-10T15:39:44.010+0900] {dagbag.py:588} INFO - Filling up the DagBag from /Users/alookso/1007MLpj/myenv/lib/python3.10/site-packages/airflow/example_dags/example_branch_python_dop_operator_3.py
[2024-10-10T15:39:44.055+0900] {processor.py:925} INFO - DAG(s) 'example_branch_dop_operator_v3' retrieved from /Users/alookso/1007MLpj/myenv/lib/python3.10/site-packages/airflow/example_dags/example_branch_python_dop_operator_3.py
[2024-10-10T15:39:44.184+0900] {logging_mixin.py:190} INFO - [2024-10-10T15:39:44.184+0900] {dag.py:3239} INFO - Sync 1 DAGs
[2024-10-10T15:39:44.211+0900] {logging_mixin.py:190} INFO - [2024-10-10T15:39:44.211+0900] {dag.py:4180} INFO - Setting next_dagrun for example_branch_dop_operator_v3 to 2024-10-10T06:38:00+00:00, run_after=2024-10-10T06:39:00+00:00
[2024-10-10T15:39:44.232+0900] {processor.py:208} INFO - Processing /Users/alookso/1007MLpj/myenv/lib/python3.10/site-packages/airflow/example_dags/example_branch_python_dop_operator_3.py took 0.230 seconds
[2024-10-10T15:49:36.730+0900] {processor.py:186} INFO - Started process (PID=56794) to work on /Users/alookso/1007MLpj/myenv/lib/python3.10/site-packages/airflow/example_dags/example_branch_python_dop_operator_3.py
[2024-10-10T15:49:36.732+0900] {processor.py:914} INFO - Processing file /Users/alookso/1007MLpj/myenv/lib/python3.10/site-packages/airflow/example_dags/example_branch_python_dop_operator_3.py for tasks to queue
[2024-10-10T15:49:36.733+0900] {logging_mixin.py:190} INFO - [2024-10-10T15:49:36.733+0900] {dagbag.py:588} INFO - Filling up the DagBag from /Users/alookso/1007MLpj/myenv/lib/python3.10/site-packages/airflow/example_dags/example_branch_python_dop_operator_3.py
[2024-10-10T15:49:36.778+0900] {processor.py:925} INFO - DAG(s) 'example_branch_dop_operator_v3' retrieved from /Users/alookso/1007MLpj/myenv/lib/python3.10/site-packages/airflow/example_dags/example_branch_python_dop_operator_3.py
[2024-10-10T15:49:36.928+0900] {logging_mixin.py:190} INFO - [2024-10-10T15:49:36.928+0900] {dag.py:3239} INFO - Sync 1 DAGs
[2024-10-10T15:49:36.957+0900] {logging_mixin.py:190} INFO - [2024-10-10T15:49:36.957+0900] {dag.py:4180} INFO - Setting next_dagrun for example_branch_dop_operator_v3 to 2024-10-10T06:48:00+00:00, run_after=2024-10-10T06:49:00+00:00
[2024-10-10T15:49:36.979+0900] {processor.py:208} INFO - Processing /Users/alookso/1007MLpj/myenv/lib/python3.10/site-packages/airflow/example_dags/example_branch_python_dop_operator_3.py took 0.254 seconds
[2024-10-10T16:20:56.721+0900] {processor.py:186} INFO - Started process (PID=57431) to work on /Users/alookso/1007MLpj/myenv/lib/python3.10/site-packages/airflow/example_dags/example_branch_python_dop_operator_3.py
[2024-10-10T16:20:56.722+0900] {processor.py:914} INFO - Processing file /Users/alookso/1007MLpj/myenv/lib/python3.10/site-packages/airflow/example_dags/example_branch_python_dop_operator_3.py for tasks to queue
[2024-10-10T16:20:56.723+0900] {logging_mixin.py:190} INFO - [2024-10-10T16:20:56.723+0900] {dagbag.py:588} INFO - Filling up the DagBag from /Users/alookso/1007MLpj/myenv/lib/python3.10/site-packages/airflow/example_dags/example_branch_python_dop_operator_3.py
[2024-10-10T16:20:56.770+0900] {processor.py:925} INFO - DAG(s) 'example_branch_dop_operator_v3' retrieved from /Users/alookso/1007MLpj/myenv/lib/python3.10/site-packages/airflow/example_dags/example_branch_python_dop_operator_3.py
[2024-10-10T16:20:56.915+0900] {logging_mixin.py:190} INFO - [2024-10-10T16:20:56.915+0900] {dag.py:3239} INFO - Sync 1 DAGs
[2024-10-10T16:20:56.945+0900] {logging_mixin.py:190} INFO - [2024-10-10T16:20:56.945+0900] {dag.py:4180} INFO - Setting next_dagrun for example_branch_dop_operator_v3 to 2024-10-10T07:19:00+00:00, run_after=2024-10-10T07:20:00+00:00
[2024-10-10T16:20:56.965+0900] {processor.py:208} INFO - Processing /Users/alookso/1007MLpj/myenv/lib/python3.10/site-packages/airflow/example_dags/example_branch_python_dop_operator_3.py took 0.249 seconds
[2024-10-10T16:28:41.117+0900] {processor.py:186} INFO - Started process (PID=57751) to work on /Users/alookso/1007MLpj/myenv/lib/python3.10/site-packages/airflow/example_dags/example_branch_python_dop_operator_3.py
[2024-10-10T16:28:41.119+0900] {processor.py:914} INFO - Processing file /Users/alookso/1007MLpj/myenv/lib/python3.10/site-packages/airflow/example_dags/example_branch_python_dop_operator_3.py for tasks to queue
[2024-10-10T16:28:41.120+0900] {logging_mixin.py:190} INFO - [2024-10-10T16:28:41.120+0900] {dagbag.py:588} INFO - Filling up the DagBag from /Users/alookso/1007MLpj/myenv/lib/python3.10/site-packages/airflow/example_dags/example_branch_python_dop_operator_3.py
[2024-10-10T16:28:41.164+0900] {processor.py:925} INFO - DAG(s) 'example_branch_dop_operator_v3' retrieved from /Users/alookso/1007MLpj/myenv/lib/python3.10/site-packages/airflow/example_dags/example_branch_python_dop_operator_3.py
[2024-10-10T16:28:41.294+0900] {logging_mixin.py:190} INFO - [2024-10-10T16:28:41.294+0900] {dag.py:3239} INFO - Sync 1 DAGs
[2024-10-10T16:28:41.321+0900] {logging_mixin.py:190} INFO - [2024-10-10T16:28:41.321+0900] {dag.py:4180} INFO - Setting next_dagrun for example_branch_dop_operator_v3 to 2024-10-10T07:27:00+00:00, run_after=2024-10-10T07:28:00+00:00
[2024-10-10T16:28:41.341+0900] {processor.py:208} INFO - Processing /Users/alookso/1007MLpj/myenv/lib/python3.10/site-packages/airflow/example_dags/example_branch_python_dop_operator_3.py took 0.230 seconds
[2024-10-10T16:35:02.691+0900] {processor.py:186} INFO - Started process (PID=58028) to work on /Users/alookso/1007MLpj/myenv/lib/python3.10/site-packages/airflow/example_dags/example_branch_python_dop_operator_3.py
[2024-10-10T16:35:02.692+0900] {processor.py:914} INFO - Processing file /Users/alookso/1007MLpj/myenv/lib/python3.10/site-packages/airflow/example_dags/example_branch_python_dop_operator_3.py for tasks to queue
[2024-10-10T16:35:02.693+0900] {logging_mixin.py:190} INFO - [2024-10-10T16:35:02.692+0900] {dagbag.py:588} INFO - Filling up the DagBag from /Users/alookso/1007MLpj/myenv/lib/python3.10/site-packages/airflow/example_dags/example_branch_python_dop_operator_3.py
[2024-10-10T16:35:02.735+0900] {processor.py:925} INFO - DAG(s) 'example_branch_dop_operator_v3' retrieved from /Users/alookso/1007MLpj/myenv/lib/python3.10/site-packages/airflow/example_dags/example_branch_python_dop_operator_3.py
[2024-10-10T16:35:02.867+0900] {logging_mixin.py:190} INFO - [2024-10-10T16:35:02.867+0900] {dag.py:3239} INFO - Sync 1 DAGs
[2024-10-10T16:35:02.893+0900] {logging_mixin.py:190} INFO - [2024-10-10T16:35:02.893+0900] {dag.py:4180} INFO - Setting next_dagrun for example_branch_dop_operator_v3 to 2024-10-10T07:34:00+00:00, run_after=2024-10-10T07:35:00+00:00
[2024-10-10T16:35:02.912+0900] {processor.py:208} INFO - Processing /Users/alookso/1007MLpj/myenv/lib/python3.10/site-packages/airflow/example_dags/example_branch_python_dop_operator_3.py took 0.225 seconds
[2024-10-10T16:42:14.401+0900] {processor.py:186} INFO - Started process (PID=58205) to work on /Users/alookso/1007MLpj/myenv/lib/python3.10/site-packages/airflow/example_dags/example_branch_python_dop_operator_3.py
[2024-10-10T16:42:14.403+0900] {processor.py:914} INFO - Processing file /Users/alookso/1007MLpj/myenv/lib/python3.10/site-packages/airflow/example_dags/example_branch_python_dop_operator_3.py for tasks to queue
[2024-10-10T16:42:14.404+0900] {logging_mixin.py:190} INFO - [2024-10-10T16:42:14.403+0900] {dagbag.py:588} INFO - Filling up the DagBag from /Users/alookso/1007MLpj/myenv/lib/python3.10/site-packages/airflow/example_dags/example_branch_python_dop_operator_3.py
[2024-10-10T16:42:14.451+0900] {processor.py:925} INFO - DAG(s) 'example_branch_dop_operator_v3' retrieved from /Users/alookso/1007MLpj/myenv/lib/python3.10/site-packages/airflow/example_dags/example_branch_python_dop_operator_3.py
[2024-10-10T16:42:14.589+0900] {logging_mixin.py:190} INFO - [2024-10-10T16:42:14.589+0900] {dag.py:3239} INFO - Sync 1 DAGs
[2024-10-10T16:42:14.615+0900] {logging_mixin.py:190} INFO - [2024-10-10T16:42:14.615+0900] {dag.py:4180} INFO - Setting next_dagrun for example_branch_dop_operator_v3 to 2024-10-10T07:41:00+00:00, run_after=2024-10-10T07:42:00+00:00
[2024-10-10T16:42:14.635+0900] {processor.py:208} INFO - Processing /Users/alookso/1007MLpj/myenv/lib/python3.10/site-packages/airflow/example_dags/example_branch_python_dop_operator_3.py took 0.240 seconds
[2024-10-10T16:52:07.077+0900] {processor.py:186} INFO - Started process (PID=58692) to work on /Users/alookso/1007MLpj/myenv/lib/python3.10/site-packages/airflow/example_dags/example_branch_python_dop_operator_3.py
[2024-10-10T16:52:07.079+0900] {processor.py:914} INFO - Processing file /Users/alookso/1007MLpj/myenv/lib/python3.10/site-packages/airflow/example_dags/example_branch_python_dop_operator_3.py for tasks to queue
[2024-10-10T16:52:07.080+0900] {logging_mixin.py:190} INFO - [2024-10-10T16:52:07.080+0900] {dagbag.py:588} INFO - Filling up the DagBag from /Users/alookso/1007MLpj/myenv/lib/python3.10/site-packages/airflow/example_dags/example_branch_python_dop_operator_3.py
[2024-10-10T16:52:07.123+0900] {processor.py:925} INFO - DAG(s) 'example_branch_dop_operator_v3' retrieved from /Users/alookso/1007MLpj/myenv/lib/python3.10/site-packages/airflow/example_dags/example_branch_python_dop_operator_3.py
[2024-10-10T16:52:07.251+0900] {logging_mixin.py:190} INFO - [2024-10-10T16:52:07.251+0900] {dag.py:3239} INFO - Sync 1 DAGs
[2024-10-10T16:52:07.276+0900] {logging_mixin.py:190} INFO - [2024-10-10T16:52:07.276+0900] {dag.py:4180} INFO - Setting next_dagrun for example_branch_dop_operator_v3 to 2024-10-10T07:51:00+00:00, run_after=2024-10-10T07:52:00+00:00
[2024-10-10T16:52:07.296+0900] {processor.py:208} INFO - Processing /Users/alookso/1007MLpj/myenv/lib/python3.10/site-packages/airflow/example_dags/example_branch_python_dop_operator_3.py took 0.224 seconds
[2024-10-10T23:50:08.299+0900] {processor.py:186} INFO - Started process (PID=63537) to work on /Users/alookso/1007MLpj/myenv/lib/python3.10/site-packages/airflow/example_dags/example_branch_python_dop_operator_3.py
[2024-10-10T23:50:08.300+0900] {processor.py:914} INFO - Processing file /Users/alookso/1007MLpj/myenv/lib/python3.10/site-packages/airflow/example_dags/example_branch_python_dop_operator_3.py for tasks to queue
[2024-10-10T23:50:08.301+0900] {logging_mixin.py:190} INFO - [2024-10-10T23:50:08.301+0900] {dagbag.py:588} INFO - Filling up the DagBag from /Users/alookso/1007MLpj/myenv/lib/python3.10/site-packages/airflow/example_dags/example_branch_python_dop_operator_3.py
[2024-10-10T23:50:08.351+0900] {processor.py:925} INFO - DAG(s) 'example_branch_dop_operator_v3' retrieved from /Users/alookso/1007MLpj/myenv/lib/python3.10/site-packages/airflow/example_dags/example_branch_python_dop_operator_3.py
[2024-10-10T23:50:08.508+0900] {logging_mixin.py:190} INFO - [2024-10-10T23:50:08.508+0900] {dag.py:3239} INFO - Sync 1 DAGs
[2024-10-10T23:50:08.539+0900] {logging_mixin.py:190} INFO - [2024-10-10T23:50:08.539+0900] {dag.py:4180} INFO - Setting next_dagrun for example_branch_dop_operator_v3 to 2024-10-10T14:49:00+00:00, run_after=2024-10-10T14:50:00+00:00
[2024-10-10T23:50:08.563+0900] {processor.py:208} INFO - Processing /Users/alookso/1007MLpj/myenv/lib/python3.10/site-packages/airflow/example_dags/example_branch_python_dop_operator_3.py took 0.272 seconds
[2024-10-10T23:59:12.711+0900] {processor.py:186} INFO - Started process (PID=63926) to work on /Users/alookso/1007MLpj/myenv/lib/python3.10/site-packages/airflow/example_dags/example_branch_python_dop_operator_3.py
[2024-10-10T23:59:12.712+0900] {processor.py:914} INFO - Processing file /Users/alookso/1007MLpj/myenv/lib/python3.10/site-packages/airflow/example_dags/example_branch_python_dop_operator_3.py for tasks to queue
[2024-10-10T23:59:12.713+0900] {logging_mixin.py:190} INFO - [2024-10-10T23:59:12.713+0900] {dagbag.py:588} INFO - Filling up the DagBag from /Users/alookso/1007MLpj/myenv/lib/python3.10/site-packages/airflow/example_dags/example_branch_python_dop_operator_3.py
[2024-10-10T23:59:12.757+0900] {processor.py:925} INFO - DAG(s) 'example_branch_dop_operator_v3' retrieved from /Users/alookso/1007MLpj/myenv/lib/python3.10/site-packages/airflow/example_dags/example_branch_python_dop_operator_3.py
[2024-10-10T23:59:12.883+0900] {logging_mixin.py:190} INFO - [2024-10-10T23:59:12.882+0900] {dag.py:3239} INFO - Sync 1 DAGs
[2024-10-10T23:59:12.908+0900] {logging_mixin.py:190} INFO - [2024-10-10T23:59:12.908+0900] {dag.py:4180} INFO - Setting next_dagrun for example_branch_dop_operator_v3 to 2024-10-10T14:58:00+00:00, run_after=2024-10-10T14:59:00+00:00
[2024-10-10T23:59:12.927+0900] {processor.py:208} INFO - Processing /Users/alookso/1007MLpj/myenv/lib/python3.10/site-packages/airflow/example_dags/example_branch_python_dop_operator_3.py took 0.221 seconds
[2024-10-11T00:03:24.106+0900] {processor.py:186} INFO - Started process (PID=64178) to work on /Users/alookso/1007MLpj/myenv/lib/python3.10/site-packages/airflow/example_dags/example_branch_python_dop_operator_3.py
[2024-10-11T00:03:24.107+0900] {processor.py:914} INFO - Processing file /Users/alookso/1007MLpj/myenv/lib/python3.10/site-packages/airflow/example_dags/example_branch_python_dop_operator_3.py for tasks to queue
[2024-10-11T00:03:24.107+0900] {logging_mixin.py:190} INFO - [2024-10-11T00:03:24.107+0900] {dagbag.py:588} INFO - Filling up the DagBag from /Users/alookso/1007MLpj/myenv/lib/python3.10/site-packages/airflow/example_dags/example_branch_python_dop_operator_3.py
[2024-10-11T00:03:24.151+0900] {processor.py:925} INFO - DAG(s) 'example_branch_dop_operator_v3' retrieved from /Users/alookso/1007MLpj/myenv/lib/python3.10/site-packages/airflow/example_dags/example_branch_python_dop_operator_3.py
[2024-10-11T00:03:24.278+0900] {logging_mixin.py:190} INFO - [2024-10-11T00:03:24.277+0900] {dag.py:3239} INFO - Sync 1 DAGs
[2024-10-11T00:03:24.304+0900] {logging_mixin.py:190} INFO - [2024-10-11T00:03:24.303+0900] {dag.py:4180} INFO - Setting next_dagrun for example_branch_dop_operator_v3 to 2024-10-10T15:02:00+00:00, run_after=2024-10-10T15:03:00+00:00
[2024-10-11T00:03:24.323+0900] {processor.py:208} INFO - Processing /Users/alookso/1007MLpj/myenv/lib/python3.10/site-packages/airflow/example_dags/example_branch_python_dop_operator_3.py took 0.221 seconds
[2024-10-11T00:10:25.703+0900] {processor.py:186} INFO - Started process (PID=64543) to work on /Users/alookso/1007MLpj/myenv/lib/python3.10/site-packages/airflow/example_dags/example_branch_python_dop_operator_3.py
[2024-10-11T00:10:25.704+0900] {processor.py:914} INFO - Processing file /Users/alookso/1007MLpj/myenv/lib/python3.10/site-packages/airflow/example_dags/example_branch_python_dop_operator_3.py for tasks to queue
[2024-10-11T00:10:25.705+0900] {logging_mixin.py:190} INFO - [2024-10-11T00:10:25.705+0900] {dagbag.py:588} INFO - Filling up the DagBag from /Users/alookso/1007MLpj/myenv/lib/python3.10/site-packages/airflow/example_dags/example_branch_python_dop_operator_3.py
[2024-10-11T00:10:25.746+0900] {processor.py:925} INFO - DAG(s) 'example_branch_dop_operator_v3' retrieved from /Users/alookso/1007MLpj/myenv/lib/python3.10/site-packages/airflow/example_dags/example_branch_python_dop_operator_3.py
[2024-10-11T00:10:25.871+0900] {logging_mixin.py:190} INFO - [2024-10-11T00:10:25.871+0900] {dag.py:3239} INFO - Sync 1 DAGs
[2024-10-11T00:10:25.896+0900] {logging_mixin.py:190} INFO - [2024-10-11T00:10:25.896+0900] {dag.py:4180} INFO - Setting next_dagrun for example_branch_dop_operator_v3 to 2024-10-10T15:09:00+00:00, run_after=2024-10-10T15:10:00+00:00
[2024-10-11T00:10:25.915+0900] {processor.py:208} INFO - Processing /Users/alookso/1007MLpj/myenv/lib/python3.10/site-packages/airflow/example_dags/example_branch_python_dop_operator_3.py took 0.216 seconds
[2024-10-11T00:15:36.632+0900] {processor.py:186} INFO - Started process (PID=64779) to work on /Users/alookso/1007MLpj/myenv/lib/python3.10/site-packages/airflow/example_dags/example_branch_python_dop_operator_3.py
[2024-10-11T00:15:36.632+0900] {processor.py:914} INFO - Processing file /Users/alookso/1007MLpj/myenv/lib/python3.10/site-packages/airflow/example_dags/example_branch_python_dop_operator_3.py for tasks to queue
[2024-10-11T00:15:36.633+0900] {logging_mixin.py:190} INFO - [2024-10-11T00:15:36.633+0900] {dagbag.py:588} INFO - Filling up the DagBag from /Users/alookso/1007MLpj/myenv/lib/python3.10/site-packages/airflow/example_dags/example_branch_python_dop_operator_3.py
[2024-10-11T00:15:36.676+0900] {processor.py:925} INFO - DAG(s) 'example_branch_dop_operator_v3' retrieved from /Users/alookso/1007MLpj/myenv/lib/python3.10/site-packages/airflow/example_dags/example_branch_python_dop_operator_3.py
[2024-10-11T00:15:36.800+0900] {logging_mixin.py:190} INFO - [2024-10-11T00:15:36.800+0900] {dag.py:3239} INFO - Sync 1 DAGs
[2024-10-11T00:15:36.825+0900] {logging_mixin.py:190} INFO - [2024-10-11T00:15:36.825+0900] {dag.py:4180} INFO - Setting next_dagrun for example_branch_dop_operator_v3 to 2024-10-10T15:14:00+00:00, run_after=2024-10-10T15:15:00+00:00
[2024-10-11T00:15:36.844+0900] {processor.py:208} INFO - Processing /Users/alookso/1007MLpj/myenv/lib/python3.10/site-packages/airflow/example_dags/example_branch_python_dop_operator_3.py took 0.217 seconds
[2024-10-11T00:20:42.402+0900] {processor.py:186} INFO - Started process (PID=64963) to work on /Users/alookso/1007MLpj/myenv/lib/python3.10/site-packages/airflow/example_dags/example_branch_python_dop_operator_3.py
[2024-10-11T00:20:42.403+0900] {processor.py:914} INFO - Processing file /Users/alookso/1007MLpj/myenv/lib/python3.10/site-packages/airflow/example_dags/example_branch_python_dop_operator_3.py for tasks to queue
[2024-10-11T00:20:42.404+0900] {logging_mixin.py:190} INFO - [2024-10-11T00:20:42.404+0900] {dagbag.py:588} INFO - Filling up the DagBag from /Users/alookso/1007MLpj/myenv/lib/python3.10/site-packages/airflow/example_dags/example_branch_python_dop_operator_3.py
[2024-10-11T00:20:42.446+0900] {processor.py:925} INFO - DAG(s) 'example_branch_dop_operator_v3' retrieved from /Users/alookso/1007MLpj/myenv/lib/python3.10/site-packages/airflow/example_dags/example_branch_python_dop_operator_3.py
[2024-10-11T00:20:42.572+0900] {logging_mixin.py:190} INFO - [2024-10-11T00:20:42.571+0900] {dag.py:3239} INFO - Sync 1 DAGs
[2024-10-11T00:20:42.597+0900] {logging_mixin.py:190} INFO - [2024-10-11T00:20:42.597+0900] {dag.py:4180} INFO - Setting next_dagrun for example_branch_dop_operator_v3 to 2024-10-10T15:19:00+00:00, run_after=2024-10-10T15:20:00+00:00
[2024-10-11T00:20:42.616+0900] {processor.py:208} INFO - Processing /Users/alookso/1007MLpj/myenv/lib/python3.10/site-packages/airflow/example_dags/example_branch_python_dop_operator_3.py took 0.218 seconds
[2024-10-11T00:25:51.148+0900] {processor.py:186} INFO - Started process (PID=65122) to work on /Users/alookso/1007MLpj/myenv/lib/python3.10/site-packages/airflow/example_dags/example_branch_python_dop_operator_3.py
[2024-10-11T00:25:51.148+0900] {processor.py:914} INFO - Processing file /Users/alookso/1007MLpj/myenv/lib/python3.10/site-packages/airflow/example_dags/example_branch_python_dop_operator_3.py for tasks to queue
[2024-10-11T00:25:51.149+0900] {logging_mixin.py:190} INFO - [2024-10-11T00:25:51.149+0900] {dagbag.py:588} INFO - Filling up the DagBag from /Users/alookso/1007MLpj/myenv/lib/python3.10/site-packages/airflow/example_dags/example_branch_python_dop_operator_3.py
[2024-10-11T00:25:51.192+0900] {processor.py:925} INFO - DAG(s) 'example_branch_dop_operator_v3' retrieved from /Users/alookso/1007MLpj/myenv/lib/python3.10/site-packages/airflow/example_dags/example_branch_python_dop_operator_3.py
[2024-10-11T00:25:51.321+0900] {logging_mixin.py:190} INFO - [2024-10-11T00:25:51.321+0900] {dag.py:3239} INFO - Sync 1 DAGs
[2024-10-11T00:25:51.347+0900] {logging_mixin.py:190} INFO - [2024-10-11T00:25:51.347+0900] {dag.py:4180} INFO - Setting next_dagrun for example_branch_dop_operator_v3 to 2024-10-10T15:24:00+00:00, run_after=2024-10-10T15:25:00+00:00
[2024-10-11T00:25:51.369+0900] {processor.py:208} INFO - Processing /Users/alookso/1007MLpj/myenv/lib/python3.10/site-packages/airflow/example_dags/example_branch_python_dop_operator_3.py took 0.225 seconds
[2024-10-11T00:32:52.281+0900] {processor.py:186} INFO - Started process (PID=65491) to work on /Users/alookso/1007MLpj/myenv/lib/python3.10/site-packages/airflow/example_dags/example_branch_python_dop_operator_3.py
[2024-10-11T00:32:52.282+0900] {processor.py:914} INFO - Processing file /Users/alookso/1007MLpj/myenv/lib/python3.10/site-packages/airflow/example_dags/example_branch_python_dop_operator_3.py for tasks to queue
[2024-10-11T00:32:52.283+0900] {logging_mixin.py:190} INFO - [2024-10-11T00:32:52.282+0900] {dagbag.py:588} INFO - Filling up the DagBag from /Users/alookso/1007MLpj/myenv/lib/python3.10/site-packages/airflow/example_dags/example_branch_python_dop_operator_3.py
[2024-10-11T00:32:52.326+0900] {processor.py:925} INFO - DAG(s) 'example_branch_dop_operator_v3' retrieved from /Users/alookso/1007MLpj/myenv/lib/python3.10/site-packages/airflow/example_dags/example_branch_python_dop_operator_3.py
[2024-10-11T00:32:52.455+0900] {logging_mixin.py:190} INFO - [2024-10-11T00:32:52.454+0900] {dag.py:3239} INFO - Sync 1 DAGs
[2024-10-11T00:32:52.480+0900] {logging_mixin.py:190} INFO - [2024-10-11T00:32:52.480+0900] {dag.py:4180} INFO - Setting next_dagrun for example_branch_dop_operator_v3 to 2024-10-10T15:31:00+00:00, run_after=2024-10-10T15:32:00+00:00
[2024-10-11T00:32:52.501+0900] {processor.py:208} INFO - Processing /Users/alookso/1007MLpj/myenv/lib/python3.10/site-packages/airflow/example_dags/example_branch_python_dop_operator_3.py took 0.226 seconds
[2024-10-11T00:40:18.738+0900] {processor.py:186} INFO - Started process (PID=65840) to work on /Users/alookso/1007MLpj/myenv/lib/python3.10/site-packages/airflow/example_dags/example_branch_python_dop_operator_3.py
[2024-10-11T00:40:18.739+0900] {processor.py:914} INFO - Processing file /Users/alookso/1007MLpj/myenv/lib/python3.10/site-packages/airflow/example_dags/example_branch_python_dop_operator_3.py for tasks to queue
[2024-10-11T00:40:18.740+0900] {logging_mixin.py:190} INFO - [2024-10-11T00:40:18.740+0900] {dagbag.py:588} INFO - Filling up the DagBag from /Users/alookso/1007MLpj/myenv/lib/python3.10/site-packages/airflow/example_dags/example_branch_python_dop_operator_3.py
[2024-10-11T00:40:18.783+0900] {processor.py:925} INFO - DAG(s) 'example_branch_dop_operator_v3' retrieved from /Users/alookso/1007MLpj/myenv/lib/python3.10/site-packages/airflow/example_dags/example_branch_python_dop_operator_3.py
[2024-10-11T00:40:18.910+0900] {logging_mixin.py:190} INFO - [2024-10-11T00:40:18.910+0900] {dag.py:3239} INFO - Sync 1 DAGs
[2024-10-11T00:40:18.936+0900] {logging_mixin.py:190} INFO - [2024-10-11T00:40:18.935+0900] {dag.py:4180} INFO - Setting next_dagrun for example_branch_dop_operator_v3 to 2024-10-10T15:39:00+00:00, run_after=2024-10-10T15:40:00+00:00
[2024-10-11T00:40:18.955+0900] {processor.py:208} INFO - Processing /Users/alookso/1007MLpj/myenv/lib/python3.10/site-packages/airflow/example_dags/example_branch_python_dop_operator_3.py took 0.221 seconds
[2024-10-11T00:46:31.290+0900] {processor.py:186} INFO - Started process (PID=66107) to work on /Users/alookso/1007MLpj/myenv/lib/python3.10/site-packages/airflow/example_dags/example_branch_python_dop_operator_3.py
[2024-10-11T00:46:31.291+0900] {processor.py:914} INFO - Processing file /Users/alookso/1007MLpj/myenv/lib/python3.10/site-packages/airflow/example_dags/example_branch_python_dop_operator_3.py for tasks to queue
[2024-10-11T00:46:31.292+0900] {logging_mixin.py:190} INFO - [2024-10-11T00:46:31.292+0900] {dagbag.py:588} INFO - Filling up the DagBag from /Users/alookso/1007MLpj/myenv/lib/python3.10/site-packages/airflow/example_dags/example_branch_python_dop_operator_3.py
[2024-10-11T00:46:31.335+0900] {processor.py:925} INFO - DAG(s) 'example_branch_dop_operator_v3' retrieved from /Users/alookso/1007MLpj/myenv/lib/python3.10/site-packages/airflow/example_dags/example_branch_python_dop_operator_3.py
[2024-10-11T00:46:31.462+0900] {logging_mixin.py:190} INFO - [2024-10-11T00:46:31.461+0900] {dag.py:3239} INFO - Sync 1 DAGs
[2024-10-11T00:46:31.487+0900] {logging_mixin.py:190} INFO - [2024-10-11T00:46:31.487+0900] {dag.py:4180} INFO - Setting next_dagrun for example_branch_dop_operator_v3 to 2024-10-10T15:45:00+00:00, run_after=2024-10-10T15:46:00+00:00
[2024-10-11T00:46:31.507+0900] {processor.py:208} INFO - Processing /Users/alookso/1007MLpj/myenv/lib/python3.10/site-packages/airflow/example_dags/example_branch_python_dop_operator_3.py took 0.221 seconds
[2024-10-11T00:51:23.485+0900] {processor.py:186} INFO - Started process (PID=66380) to work on /Users/alookso/1007MLpj/myenv/lib/python3.10/site-packages/airflow/example_dags/example_branch_python_dop_operator_3.py
[2024-10-11T00:51:23.486+0900] {processor.py:914} INFO - Processing file /Users/alookso/1007MLpj/myenv/lib/python3.10/site-packages/airflow/example_dags/example_branch_python_dop_operator_3.py for tasks to queue
[2024-10-11T00:51:23.487+0900] {logging_mixin.py:190} INFO - [2024-10-11T00:51:23.486+0900] {dagbag.py:588} INFO - Filling up the DagBag from /Users/alookso/1007MLpj/myenv/lib/python3.10/site-packages/airflow/example_dags/example_branch_python_dop_operator_3.py
[2024-10-11T00:51:23.529+0900] {processor.py:925} INFO - DAG(s) 'example_branch_dop_operator_v3' retrieved from /Users/alookso/1007MLpj/myenv/lib/python3.10/site-packages/airflow/example_dags/example_branch_python_dop_operator_3.py
[2024-10-11T00:51:23.656+0900] {logging_mixin.py:190} INFO - [2024-10-11T00:51:23.656+0900] {dag.py:3239} INFO - Sync 1 DAGs
[2024-10-11T00:51:23.681+0900] {logging_mixin.py:190} INFO - [2024-10-11T00:51:23.681+0900] {dag.py:4180} INFO - Setting next_dagrun for example_branch_dop_operator_v3 to 2024-10-10T15:50:00+00:00, run_after=2024-10-10T15:51:00+00:00
[2024-10-11T00:51:23.700+0900] {processor.py:208} INFO - Processing /Users/alookso/1007MLpj/myenv/lib/python3.10/site-packages/airflow/example_dags/example_branch_python_dop_operator_3.py took 0.220 seconds
