[2024-10-10T15:32:29.575+0900] {processor.py:186} INFO - Started process (PID=56040) to work on /Users/alookso/1007MLpj/myenv/lib/python3.10/site-packages/airflow/example_dags/example_workday_timetable.py
[2024-10-10T15:32:29.576+0900] {processor.py:914} INFO - Processing file /Users/alookso/1007MLpj/myenv/lib/python3.10/site-packages/airflow/example_dags/example_workday_timetable.py for tasks to queue
[2024-10-10T15:32:29.577+0900] {logging_mixin.py:190} INFO - [2024-10-10T15:32:29.577+0900] {dagbag.py:588} INFO - Filling up the DagBag from /Users/alookso/1007MLpj/myenv/lib/python3.10/site-packages/airflow/example_dags/example_workday_timetable.py
[2024-10-10T15:32:30.306+0900] {processor.py:925} INFO - DAG(s) 'example_workday_timetable' retrieved from /Users/alookso/1007MLpj/myenv/lib/python3.10/site-packages/airflow/example_dags/example_workday_timetable.py
[2024-10-10T15:32:30.708+0900] {logging_mixin.py:190} INFO - [2024-10-10T15:32:30.708+0900] {override.py:1901} INFO - Created Permission View: can delete on DAG:example_workday_timetable
[2024-10-10T15:32:30.720+0900] {logging_mixin.py:190} INFO - [2024-10-10T15:32:30.719+0900] {override.py:1901} INFO - Created Permission View: can edit on DAG:example_workday_timetable
[2024-10-10T15:32:30.727+0900] {logging_mixin.py:190} INFO - [2024-10-10T15:32:30.727+0900] {override.py:1901} INFO - Created Permission View: can read on DAG:example_workday_timetable
[2024-10-10T15:32:30.738+0900] {logging_mixin.py:190} INFO - [2024-10-10T15:32:30.738+0900] {override.py:1901} INFO - Created Permission View: can create on DAG Run:example_workday_timetable
[2024-10-10T15:32:30.747+0900] {logging_mixin.py:190} INFO - [2024-10-10T15:32:30.747+0900] {override.py:1901} INFO - Created Permission View: can delete on DAG Run:example_workday_timetable
[2024-10-10T15:32:30.757+0900] {logging_mixin.py:190} INFO - [2024-10-10T15:32:30.757+0900] {override.py:1901} INFO - Created Permission View: can read on DAG Run:example_workday_timetable
[2024-10-10T15:32:30.765+0900] {logging_mixin.py:190} INFO - [2024-10-10T15:32:30.765+0900] {override.py:1901} INFO - Created Permission View: menu access on DAG Run:example_workday_timetable
[2024-10-10T15:32:30.766+0900] {logging_mixin.py:190} INFO - [2024-10-10T15:32:30.765+0900] {dag.py:3239} INFO - Sync 1 DAGs
[2024-10-10T15:32:30.780+0900] {logging_mixin.py:190} INFO - [2024-10-10T15:32:30.780+0900] {dag.py:3262} INFO - Creating ORM DAG for example_workday_timetable
[2024-10-10T15:32:30.841+0900] {logging_mixin.py:190} INFO - [2024-10-10T15:32:30.841+0900] {dag.py:4180} INFO - Setting next_dagrun for example_workday_timetable to 2021-01-04T00:00:00+00:00, run_after=2021-01-05T00:00:00+00:00
[2024-10-10T15:32:30.866+0900] {processor.py:208} INFO - Processing /Users/alookso/1007MLpj/myenv/lib/python3.10/site-packages/airflow/example_dags/example_workday_timetable.py took 1.297 seconds
[2024-10-10T15:37:04.771+0900] {processor.py:186} INFO - Started process (PID=56214) to work on /Users/alookso/1007MLpj/myenv/lib/python3.10/site-packages/airflow/example_dags/example_workday_timetable.py
[2024-10-10T15:37:04.773+0900] {processor.py:914} INFO - Processing file /Users/alookso/1007MLpj/myenv/lib/python3.10/site-packages/airflow/example_dags/example_workday_timetable.py for tasks to queue
[2024-10-10T15:37:04.774+0900] {logging_mixin.py:190} INFO - [2024-10-10T15:37:04.773+0900] {dagbag.py:588} INFO - Filling up the DagBag from /Users/alookso/1007MLpj/myenv/lib/python3.10/site-packages/airflow/example_dags/example_workday_timetable.py
[2024-10-10T15:37:05.460+0900] {processor.py:925} INFO - DAG(s) 'example_workday_timetable' retrieved from /Users/alookso/1007MLpj/myenv/lib/python3.10/site-packages/airflow/example_dags/example_workday_timetable.py
[2024-10-10T15:37:05.671+0900] {logging_mixin.py:190} INFO - [2024-10-10T15:37:05.670+0900] {dag.py:3239} INFO - Sync 1 DAGs
[2024-10-10T15:37:05.864+0900] {logging_mixin.py:190} INFO - [2024-10-10T15:37:05.864+0900] {dag.py:4180} INFO - Setting next_dagrun for example_workday_timetable to 2021-01-04T00:00:00+00:00, run_after=2021-01-05T00:00:00+00:00
[2024-10-10T15:37:05.905+0900] {processor.py:208} INFO - Processing /Users/alookso/1007MLpj/myenv/lib/python3.10/site-packages/airflow/example_dags/example_workday_timetable.py took 1.140 seconds
[2024-10-10T15:41:42.995+0900] {processor.py:186} INFO - Started process (PID=56423) to work on /Users/alookso/1007MLpj/myenv/lib/python3.10/site-packages/airflow/example_dags/example_workday_timetable.py
[2024-10-10T15:41:42.996+0900] {processor.py:914} INFO - Processing file /Users/alookso/1007MLpj/myenv/lib/python3.10/site-packages/airflow/example_dags/example_workday_timetable.py for tasks to queue
[2024-10-10T15:41:42.997+0900] {logging_mixin.py:190} INFO - [2024-10-10T15:41:42.997+0900] {dagbag.py:588} INFO - Filling up the DagBag from /Users/alookso/1007MLpj/myenv/lib/python3.10/site-packages/airflow/example_dags/example_workday_timetable.py
[2024-10-10T15:41:43.663+0900] {processor.py:925} INFO - DAG(s) 'example_workday_timetable' retrieved from /Users/alookso/1007MLpj/myenv/lib/python3.10/site-packages/airflow/example_dags/example_workday_timetable.py
[2024-10-10T15:41:43.836+0900] {logging_mixin.py:190} INFO - [2024-10-10T15:41:43.836+0900] {dag.py:3239} INFO - Sync 1 DAGs
[2024-10-10T15:41:43.975+0900] {logging_mixin.py:190} INFO - [2024-10-10T15:41:43.975+0900] {dag.py:4180} INFO - Setting next_dagrun for example_workday_timetable to 2021-01-04T00:00:00+00:00, run_after=2021-01-05T00:00:00+00:00
[2024-10-10T15:41:43.995+0900] {processor.py:208} INFO - Processing /Users/alookso/1007MLpj/myenv/lib/python3.10/site-packages/airflow/example_dags/example_workday_timetable.py took 1.005 seconds
[2024-10-10T15:43:49.694+0900] {processor.py:186} INFO - Started process (PID=56512) to work on /Users/alookso/1007MLpj/myenv/lib/python3.10/site-packages/airflow/example_dags/example_workday_timetable.py
[2024-10-10T15:43:49.696+0900] {processor.py:914} INFO - Processing file /Users/alookso/1007MLpj/myenv/lib/python3.10/site-packages/airflow/example_dags/example_workday_timetable.py for tasks to queue
[2024-10-10T15:43:49.697+0900] {logging_mixin.py:190} INFO - [2024-10-10T15:43:49.696+0900] {dagbag.py:588} INFO - Filling up the DagBag from /Users/alookso/1007MLpj/myenv/lib/python3.10/site-packages/airflow/example_dags/example_workday_timetable.py
[2024-10-10T15:43:50.329+0900] {processor.py:925} INFO - DAG(s) 'example_workday_timetable' retrieved from /Users/alookso/1007MLpj/myenv/lib/python3.10/site-packages/airflow/example_dags/example_workday_timetable.py
[2024-10-10T15:43:50.478+0900] {logging_mixin.py:190} INFO - [2024-10-10T15:43:50.477+0900] {dag.py:3239} INFO - Sync 1 DAGs
[2024-10-10T15:43:50.614+0900] {logging_mixin.py:190} INFO - [2024-10-10T15:43:50.614+0900] {dag.py:4180} INFO - Setting next_dagrun for example_workday_timetable to 2021-01-04T00:00:00+00:00, run_after=2021-01-05T00:00:00+00:00
[2024-10-10T15:43:50.634+0900] {processor.py:208} INFO - Processing /Users/alookso/1007MLpj/myenv/lib/python3.10/site-packages/airflow/example_dags/example_workday_timetable.py took 0.946 seconds
[2024-10-10T15:46:58.394+0900] {processor.py:186} INFO - Started process (PID=56663) to work on /Users/alookso/1007MLpj/myenv/lib/python3.10/site-packages/airflow/example_dags/example_workday_timetable.py
[2024-10-10T15:46:58.396+0900] {processor.py:914} INFO - Processing file /Users/alookso/1007MLpj/myenv/lib/python3.10/site-packages/airflow/example_dags/example_workday_timetable.py for tasks to queue
[2024-10-10T15:46:58.397+0900] {logging_mixin.py:190} INFO - [2024-10-10T15:46:58.397+0900] {dagbag.py:588} INFO - Filling up the DagBag from /Users/alookso/1007MLpj/myenv/lib/python3.10/site-packages/airflow/example_dags/example_workday_timetable.py
[2024-10-10T15:46:59.022+0900] {processor.py:925} INFO - DAG(s) 'example_workday_timetable' retrieved from /Users/alookso/1007MLpj/myenv/lib/python3.10/site-packages/airflow/example_dags/example_workday_timetable.py
[2024-10-10T15:46:59.174+0900] {logging_mixin.py:190} INFO - [2024-10-10T15:46:59.174+0900] {dag.py:3239} INFO - Sync 1 DAGs
[2024-10-10T15:46:59.314+0900] {logging_mixin.py:190} INFO - [2024-10-10T15:46:59.313+0900] {dag.py:4180} INFO - Setting next_dagrun for example_workday_timetable to 2021-01-04T00:00:00+00:00, run_after=2021-01-05T00:00:00+00:00
[2024-10-10T15:46:59.334+0900] {processor.py:208} INFO - Processing /Users/alookso/1007MLpj/myenv/lib/python3.10/site-packages/airflow/example_dags/example_workday_timetable.py took 0.945 seconds
[2024-10-10T15:51:16.166+0900] {processor.py:186} INFO - Started process (PID=56878) to work on /Users/alookso/1007MLpj/myenv/lib/python3.10/site-packages/airflow/example_dags/example_workday_timetable.py
[2024-10-10T15:51:16.168+0900] {processor.py:914} INFO - Processing file /Users/alookso/1007MLpj/myenv/lib/python3.10/site-packages/airflow/example_dags/example_workday_timetable.py for tasks to queue
[2024-10-10T15:51:16.169+0900] {logging_mixin.py:190} INFO - [2024-10-10T15:51:16.169+0900] {dagbag.py:588} INFO - Filling up the DagBag from /Users/alookso/1007MLpj/myenv/lib/python3.10/site-packages/airflow/example_dags/example_workday_timetable.py
[2024-10-10T15:51:16.781+0900] {processor.py:925} INFO - DAG(s) 'example_workday_timetable' retrieved from /Users/alookso/1007MLpj/myenv/lib/python3.10/site-packages/airflow/example_dags/example_workday_timetable.py
[2024-10-10T15:51:16.925+0900] {logging_mixin.py:190} INFO - [2024-10-10T15:51:16.924+0900] {dag.py:3239} INFO - Sync 1 DAGs
[2024-10-10T15:51:17.061+0900] {logging_mixin.py:190} INFO - [2024-10-10T15:51:17.061+0900] {dag.py:4180} INFO - Setting next_dagrun for example_workday_timetable to 2021-01-04T00:00:00+00:00, run_after=2021-01-05T00:00:00+00:00
[2024-10-10T15:51:17.081+0900] {processor.py:208} INFO - Processing /Users/alookso/1007MLpj/myenv/lib/python3.10/site-packages/airflow/example_dags/example_workday_timetable.py took 0.919 seconds
[2024-10-10T16:18:07.482+0900] {processor.py:186} INFO - Started process (PID=57310) to work on /Users/alookso/1007MLpj/myenv/lib/python3.10/site-packages/airflow/example_dags/example_workday_timetable.py
[2024-10-10T16:18:07.484+0900] {processor.py:914} INFO - Processing file /Users/alookso/1007MLpj/myenv/lib/python3.10/site-packages/airflow/example_dags/example_workday_timetable.py for tasks to queue
[2024-10-10T16:18:07.485+0900] {logging_mixin.py:190} INFO - [2024-10-10T16:18:07.484+0900] {dagbag.py:588} INFO - Filling up the DagBag from /Users/alookso/1007MLpj/myenv/lib/python3.10/site-packages/airflow/example_dags/example_workday_timetable.py
[2024-10-10T16:18:08.120+0900] {processor.py:925} INFO - DAG(s) 'example_workday_timetable' retrieved from /Users/alookso/1007MLpj/myenv/lib/python3.10/site-packages/airflow/example_dags/example_workday_timetable.py
[2024-10-10T16:18:08.273+0900] {logging_mixin.py:190} INFO - [2024-10-10T16:18:08.273+0900] {dag.py:3239} INFO - Sync 1 DAGs
[2024-10-10T16:18:08.412+0900] {logging_mixin.py:190} INFO - [2024-10-10T16:18:08.412+0900] {dag.py:4180} INFO - Setting next_dagrun for example_workday_timetable to 2021-01-04T00:00:00+00:00, run_after=2021-01-05T00:00:00+00:00
[2024-10-10T16:18:08.433+0900] {processor.py:208} INFO - Processing /Users/alookso/1007MLpj/myenv/lib/python3.10/site-packages/airflow/example_dags/example_workday_timetable.py took 0.955 seconds
[2024-10-10T16:22:27.689+0900] {processor.py:186} INFO - Started process (PID=57480) to work on /Users/alookso/1007MLpj/myenv/lib/python3.10/site-packages/airflow/example_dags/example_workday_timetable.py
[2024-10-10T16:22:27.691+0900] {processor.py:914} INFO - Processing file /Users/alookso/1007MLpj/myenv/lib/python3.10/site-packages/airflow/example_dags/example_workday_timetable.py for tasks to queue
[2024-10-10T16:22:27.692+0900] {logging_mixin.py:190} INFO - [2024-10-10T16:22:27.692+0900] {dagbag.py:588} INFO - Filling up the DagBag from /Users/alookso/1007MLpj/myenv/lib/python3.10/site-packages/airflow/example_dags/example_workday_timetable.py
[2024-10-10T16:22:28.408+0900] {processor.py:925} INFO - DAG(s) 'example_workday_timetable' retrieved from /Users/alookso/1007MLpj/myenv/lib/python3.10/site-packages/airflow/example_dags/example_workday_timetable.py
[2024-10-10T16:22:28.566+0900] {logging_mixin.py:190} INFO - [2024-10-10T16:22:28.565+0900] {dag.py:3239} INFO - Sync 1 DAGs
[2024-10-10T16:22:28.716+0900] {logging_mixin.py:190} INFO - [2024-10-10T16:22:28.715+0900] {dag.py:4180} INFO - Setting next_dagrun for example_workday_timetable to 2021-01-04T00:00:00+00:00, run_after=2021-01-05T00:00:00+00:00
[2024-10-10T16:22:28.736+0900] {processor.py:208} INFO - Processing /Users/alookso/1007MLpj/myenv/lib/python3.10/site-packages/airflow/example_dags/example_workday_timetable.py took 1.052 seconds
[2024-10-10T16:26:03.749+0900] {processor.py:186} INFO - Started process (PID=57628) to work on /Users/alookso/1007MLpj/myenv/lib/python3.10/site-packages/airflow/example_dags/example_workday_timetable.py
[2024-10-10T16:26:03.751+0900] {processor.py:914} INFO - Processing file /Users/alookso/1007MLpj/myenv/lib/python3.10/site-packages/airflow/example_dags/example_workday_timetable.py for tasks to queue
[2024-10-10T16:26:03.754+0900] {logging_mixin.py:190} INFO - [2024-10-10T16:26:03.753+0900] {dagbag.py:588} INFO - Filling up the DagBag from /Users/alookso/1007MLpj/myenv/lib/python3.10/site-packages/airflow/example_dags/example_workday_timetable.py
[2024-10-10T16:26:04.571+0900] {processor.py:925} INFO - DAG(s) 'example_workday_timetable' retrieved from /Users/alookso/1007MLpj/myenv/lib/python3.10/site-packages/airflow/example_dags/example_workday_timetable.py
[2024-10-10T16:26:04.755+0900] {logging_mixin.py:190} INFO - [2024-10-10T16:26:04.754+0900] {dag.py:3239} INFO - Sync 1 DAGs
[2024-10-10T16:26:04.932+0900] {logging_mixin.py:190} INFO - [2024-10-10T16:26:04.932+0900] {dag.py:4180} INFO - Setting next_dagrun for example_workday_timetable to 2021-01-04T00:00:00+00:00, run_after=2021-01-05T00:00:00+00:00
[2024-10-10T16:26:04.955+0900] {processor.py:208} INFO - Processing /Users/alookso/1007MLpj/myenv/lib/python3.10/site-packages/airflow/example_dags/example_workday_timetable.py took 1.223 seconds
[2024-10-10T16:30:12.456+0900] {processor.py:186} INFO - Started process (PID=57823) to work on /Users/alookso/1007MLpj/myenv/lib/python3.10/site-packages/airflow/example_dags/example_workday_timetable.py
[2024-10-10T16:30:12.457+0900] {processor.py:914} INFO - Processing file /Users/alookso/1007MLpj/myenv/lib/python3.10/site-packages/airflow/example_dags/example_workday_timetable.py for tasks to queue
[2024-10-10T16:30:12.458+0900] {logging_mixin.py:190} INFO - [2024-10-10T16:30:12.457+0900] {dagbag.py:588} INFO - Filling up the DagBag from /Users/alookso/1007MLpj/myenv/lib/python3.10/site-packages/airflow/example_dags/example_workday_timetable.py
[2024-10-10T16:30:13.099+0900] {processor.py:925} INFO - DAG(s) 'example_workday_timetable' retrieved from /Users/alookso/1007MLpj/myenv/lib/python3.10/site-packages/airflow/example_dags/example_workday_timetable.py
[2024-10-10T16:30:13.254+0900] {logging_mixin.py:190} INFO - [2024-10-10T16:30:13.253+0900] {dag.py:3239} INFO - Sync 1 DAGs
[2024-10-10T16:30:13.392+0900] {logging_mixin.py:190} INFO - [2024-10-10T16:30:13.392+0900] {dag.py:4180} INFO - Setting next_dagrun for example_workday_timetable to 2021-01-04T00:00:00+00:00, run_after=2021-01-05T00:00:00+00:00
[2024-10-10T16:30:13.413+0900] {processor.py:208} INFO - Processing /Users/alookso/1007MLpj/myenv/lib/python3.10/site-packages/airflow/example_dags/example_workday_timetable.py took 0.962 seconds
[2024-10-10T16:32:34.125+0900] {processor.py:186} INFO - Started process (PID=57963) to work on /Users/alookso/1007MLpj/myenv/lib/python3.10/site-packages/airflow/example_dags/example_workday_timetable.py
[2024-10-10T16:32:34.125+0900] {processor.py:914} INFO - Processing file /Users/alookso/1007MLpj/myenv/lib/python3.10/site-packages/airflow/example_dags/example_workday_timetable.py for tasks to queue
[2024-10-10T16:32:34.126+0900] {logging_mixin.py:190} INFO - [2024-10-10T16:32:34.126+0900] {dagbag.py:588} INFO - Filling up the DagBag from /Users/alookso/1007MLpj/myenv/lib/python3.10/site-packages/airflow/example_dags/example_workday_timetable.py
[2024-10-10T16:32:34.738+0900] {processor.py:925} INFO - DAG(s) 'example_workday_timetable' retrieved from /Users/alookso/1007MLpj/myenv/lib/python3.10/site-packages/airflow/example_dags/example_workday_timetable.py
[2024-10-10T16:32:34.885+0900] {logging_mixin.py:190} INFO - [2024-10-10T16:32:34.884+0900] {dag.py:3239} INFO - Sync 1 DAGs
[2024-10-10T16:32:35.016+0900] {logging_mixin.py:190} INFO - [2024-10-10T16:32:35.015+0900] {dag.py:4180} INFO - Setting next_dagrun for example_workday_timetable to 2021-01-04T00:00:00+00:00, run_after=2021-01-05T00:00:00+00:00
[2024-10-10T16:32:35.035+0900] {processor.py:208} INFO - Processing /Users/alookso/1007MLpj/myenv/lib/python3.10/site-packages/airflow/example_dags/example_workday_timetable.py took 0.915 seconds
[2024-10-10T16:36:32.619+0900] {processor.py:186} INFO - Started process (PID=58064) to work on /Users/alookso/1007MLpj/myenv/lib/python3.10/site-packages/airflow/example_dags/example_workday_timetable.py
[2024-10-10T16:36:32.619+0900] {processor.py:914} INFO - Processing file /Users/alookso/1007MLpj/myenv/lib/python3.10/site-packages/airflow/example_dags/example_workday_timetable.py for tasks to queue
[2024-10-10T16:36:32.620+0900] {logging_mixin.py:190} INFO - [2024-10-10T16:36:32.620+0900] {dagbag.py:588} INFO - Filling up the DagBag from /Users/alookso/1007MLpj/myenv/lib/python3.10/site-packages/airflow/example_dags/example_workday_timetable.py
[2024-10-10T16:36:33.251+0900] {processor.py:925} INFO - DAG(s) 'example_workday_timetable' retrieved from /Users/alookso/1007MLpj/myenv/lib/python3.10/site-packages/airflow/example_dags/example_workday_timetable.py
[2024-10-10T16:36:33.408+0900] {logging_mixin.py:190} INFO - [2024-10-10T16:36:33.408+0900] {dag.py:3239} INFO - Sync 1 DAGs
[2024-10-10T16:36:33.566+0900] {logging_mixin.py:190} INFO - [2024-10-10T16:36:33.566+0900] {dag.py:4180} INFO - Setting next_dagrun for example_workday_timetable to 2021-01-04T00:00:00+00:00, run_after=2021-01-05T00:00:00+00:00
[2024-10-10T16:36:33.591+0900] {processor.py:208} INFO - Processing /Users/alookso/1007MLpj/myenv/lib/python3.10/site-packages/airflow/example_dags/example_workday_timetable.py took 0.977 seconds
[2024-10-10T16:40:04.534+0900] {processor.py:186} INFO - Started process (PID=58152) to work on /Users/alookso/1007MLpj/myenv/lib/python3.10/site-packages/airflow/example_dags/example_workday_timetable.py
[2024-10-10T16:40:04.535+0900] {processor.py:914} INFO - Processing file /Users/alookso/1007MLpj/myenv/lib/python3.10/site-packages/airflow/example_dags/example_workday_timetable.py for tasks to queue
[2024-10-10T16:40:04.536+0900] {logging_mixin.py:190} INFO - [2024-10-10T16:40:04.536+0900] {dagbag.py:588} INFO - Filling up the DagBag from /Users/alookso/1007MLpj/myenv/lib/python3.10/site-packages/airflow/example_dags/example_workday_timetable.py
[2024-10-10T16:40:05.164+0900] {processor.py:925} INFO - DAG(s) 'example_workday_timetable' retrieved from /Users/alookso/1007MLpj/myenv/lib/python3.10/site-packages/airflow/example_dags/example_workday_timetable.py
[2024-10-10T16:40:05.309+0900] {logging_mixin.py:190} INFO - [2024-10-10T16:40:05.309+0900] {dag.py:3239} INFO - Sync 1 DAGs
[2024-10-10T16:40:05.444+0900] {logging_mixin.py:190} INFO - [2024-10-10T16:40:05.444+0900] {dag.py:4180} INFO - Setting next_dagrun for example_workday_timetable to 2021-01-04T00:00:00+00:00, run_after=2021-01-05T00:00:00+00:00
[2024-10-10T16:40:05.466+0900] {processor.py:208} INFO - Processing /Users/alookso/1007MLpj/myenv/lib/python3.10/site-packages/airflow/example_dags/example_workday_timetable.py took 0.937 seconds
[2024-10-10T16:43:44.535+0900] {processor.py:186} INFO - Started process (PID=58243) to work on /Users/alookso/1007MLpj/myenv/lib/python3.10/site-packages/airflow/example_dags/example_workday_timetable.py
[2024-10-10T16:43:44.536+0900] {processor.py:914} INFO - Processing file /Users/alookso/1007MLpj/myenv/lib/python3.10/site-packages/airflow/example_dags/example_workday_timetable.py for tasks to queue
[2024-10-10T16:43:44.537+0900] {logging_mixin.py:190} INFO - [2024-10-10T16:43:44.537+0900] {dagbag.py:588} INFO - Filling up the DagBag from /Users/alookso/1007MLpj/myenv/lib/python3.10/site-packages/airflow/example_dags/example_workday_timetable.py
[2024-10-10T16:43:45.215+0900] {processor.py:925} INFO - DAG(s) 'example_workday_timetable' retrieved from /Users/alookso/1007MLpj/myenv/lib/python3.10/site-packages/airflow/example_dags/example_workday_timetable.py
[2024-10-10T16:43:45.373+0900] {logging_mixin.py:190} INFO - [2024-10-10T16:43:45.373+0900] {dag.py:3239} INFO - Sync 1 DAGs
[2024-10-10T16:43:45.511+0900] {logging_mixin.py:190} INFO - [2024-10-10T16:43:45.510+0900] {dag.py:4180} INFO - Setting next_dagrun for example_workday_timetable to 2021-01-04T00:00:00+00:00, run_after=2021-01-05T00:00:00+00:00
[2024-10-10T16:43:45.533+0900] {processor.py:208} INFO - Processing /Users/alookso/1007MLpj/myenv/lib/python3.10/site-packages/airflow/example_dags/example_workday_timetable.py took 1.003 seconds
[2024-10-10T16:47:38.903+0900] {processor.py:186} INFO - Started process (PID=58432) to work on /Users/alookso/1007MLpj/myenv/lib/python3.10/site-packages/airflow/example_dags/example_workday_timetable.py
[2024-10-10T16:47:38.905+0900] {processor.py:914} INFO - Processing file /Users/alookso/1007MLpj/myenv/lib/python3.10/site-packages/airflow/example_dags/example_workday_timetable.py for tasks to queue
[2024-10-10T16:47:38.906+0900] {logging_mixin.py:190} INFO - [2024-10-10T16:47:38.906+0900] {dagbag.py:588} INFO - Filling up the DagBag from /Users/alookso/1007MLpj/myenv/lib/python3.10/site-packages/airflow/example_dags/example_workday_timetable.py
[2024-10-10T16:47:39.608+0900] {processor.py:925} INFO - DAG(s) 'example_workday_timetable' retrieved from /Users/alookso/1007MLpj/myenv/lib/python3.10/site-packages/airflow/example_dags/example_workday_timetable.py
[2024-10-10T16:47:39.807+0900] {logging_mixin.py:190} INFO - [2024-10-10T16:47:39.807+0900] {dag.py:3239} INFO - Sync 1 DAGs
[2024-10-10T16:47:39.954+0900] {logging_mixin.py:190} INFO - [2024-10-10T16:47:39.953+0900] {dag.py:4180} INFO - Setting next_dagrun for example_workday_timetable to 2021-01-04T00:00:00+00:00, run_after=2021-01-05T00:00:00+00:00
[2024-10-10T16:47:39.974+0900] {processor.py:208} INFO - Processing /Users/alookso/1007MLpj/myenv/lib/python3.10/site-packages/airflow/example_dags/example_workday_timetable.py took 1.076 seconds
[2024-10-10T16:50:08.248+0900] {processor.py:186} INFO - Started process (PID=58592) to work on /Users/alookso/1007MLpj/myenv/lib/python3.10/site-packages/airflow/example_dags/example_workday_timetable.py
[2024-10-10T16:50:08.250+0900] {processor.py:914} INFO - Processing file /Users/alookso/1007MLpj/myenv/lib/python3.10/site-packages/airflow/example_dags/example_workday_timetable.py for tasks to queue
[2024-10-10T16:50:08.251+0900] {logging_mixin.py:190} INFO - [2024-10-10T16:50:08.251+0900] {dagbag.py:588} INFO - Filling up the DagBag from /Users/alookso/1007MLpj/myenv/lib/python3.10/site-packages/airflow/example_dags/example_workday_timetable.py
[2024-10-10T16:50:08.906+0900] {processor.py:925} INFO - DAG(s) 'example_workday_timetable' retrieved from /Users/alookso/1007MLpj/myenv/lib/python3.10/site-packages/airflow/example_dags/example_workday_timetable.py
[2024-10-10T16:50:09.074+0900] {logging_mixin.py:190} INFO - [2024-10-10T16:50:09.074+0900] {dag.py:3239} INFO - Sync 1 DAGs
[2024-10-10T16:50:09.217+0900] {logging_mixin.py:190} INFO - [2024-10-10T16:50:09.217+0900] {dag.py:4180} INFO - Setting next_dagrun for example_workday_timetable to 2021-01-04T00:00:00+00:00, run_after=2021-01-05T00:00:00+00:00
[2024-10-10T16:50:09.240+0900] {processor.py:208} INFO - Processing /Users/alookso/1007MLpj/myenv/lib/python3.10/site-packages/airflow/example_dags/example_workday_timetable.py took 0.998 seconds
[2024-10-10T23:48:02.639+0900] {processor.py:186} INFO - Started process (PID=63427) to work on /Users/alookso/1007MLpj/myenv/lib/python3.10/site-packages/airflow/example_dags/example_workday_timetable.py
[2024-10-10T23:48:02.640+0900] {processor.py:914} INFO - Processing file /Users/alookso/1007MLpj/myenv/lib/python3.10/site-packages/airflow/example_dags/example_workday_timetable.py for tasks to queue
[2024-10-10T23:48:02.641+0900] {logging_mixin.py:190} INFO - [2024-10-10T23:48:02.641+0900] {dagbag.py:588} INFO - Filling up the DagBag from /Users/alookso/1007MLpj/myenv/lib/python3.10/site-packages/airflow/example_dags/example_workday_timetable.py
[2024-10-10T23:48:03.262+0900] {processor.py:925} INFO - DAG(s) 'example_workday_timetable' retrieved from /Users/alookso/1007MLpj/myenv/lib/python3.10/site-packages/airflow/example_dags/example_workday_timetable.py
[2024-10-10T23:48:03.410+0900] {logging_mixin.py:190} INFO - [2024-10-10T23:48:03.410+0900] {dag.py:3239} INFO - Sync 1 DAGs
[2024-10-10T23:48:03.547+0900] {logging_mixin.py:190} INFO - [2024-10-10T23:48:03.546+0900] {dag.py:4180} INFO - Setting next_dagrun for example_workday_timetable to 2021-01-04T00:00:00+00:00, run_after=2021-01-05T00:00:00+00:00
[2024-10-10T23:48:03.567+0900] {processor.py:208} INFO - Processing /Users/alookso/1007MLpj/myenv/lib/python3.10/site-packages/airflow/example_dags/example_workday_timetable.py took 0.933 seconds
[2024-10-10T23:51:20.494+0900] {processor.py:186} INFO - Started process (PID=63605) to work on /Users/alookso/1007MLpj/myenv/lib/python3.10/site-packages/airflow/example_dags/example_workday_timetable.py
[2024-10-10T23:51:20.495+0900] {processor.py:914} INFO - Processing file /Users/alookso/1007MLpj/myenv/lib/python3.10/site-packages/airflow/example_dags/example_workday_timetable.py for tasks to queue
[2024-10-10T23:51:20.496+0900] {logging_mixin.py:190} INFO - [2024-10-10T23:51:20.495+0900] {dagbag.py:588} INFO - Filling up the DagBag from /Users/alookso/1007MLpj/myenv/lib/python3.10/site-packages/airflow/example_dags/example_workday_timetable.py
[2024-10-10T23:51:21.133+0900] {processor.py:925} INFO - DAG(s) 'example_workday_timetable' retrieved from /Users/alookso/1007MLpj/myenv/lib/python3.10/site-packages/airflow/example_dags/example_workday_timetable.py
[2024-10-10T23:51:21.280+0900] {logging_mixin.py:190} INFO - [2024-10-10T23:51:21.280+0900] {dag.py:3239} INFO - Sync 1 DAGs
[2024-10-10T23:51:21.410+0900] {logging_mixin.py:190} INFO - [2024-10-10T23:51:21.410+0900] {dag.py:4180} INFO - Setting next_dagrun for example_workday_timetable to 2021-01-04T00:00:00+00:00, run_after=2021-01-05T00:00:00+00:00
[2024-10-10T23:51:21.430+0900] {processor.py:208} INFO - Processing /Users/alookso/1007MLpj/myenv/lib/python3.10/site-packages/airflow/example_dags/example_workday_timetable.py took 0.942 seconds
[2024-10-10T23:54:18.531+0900] {processor.py:186} INFO - Started process (PID=63759) to work on /Users/alookso/1007MLpj/myenv/lib/python3.10/site-packages/airflow/example_dags/example_workday_timetable.py
[2024-10-10T23:54:18.533+0900] {processor.py:914} INFO - Processing file /Users/alookso/1007MLpj/myenv/lib/python3.10/site-packages/airflow/example_dags/example_workday_timetable.py for tasks to queue
[2024-10-10T23:54:18.534+0900] {logging_mixin.py:190} INFO - [2024-10-10T23:54:18.534+0900] {dagbag.py:588} INFO - Filling up the DagBag from /Users/alookso/1007MLpj/myenv/lib/python3.10/site-packages/airflow/example_dags/example_workday_timetable.py
[2024-10-10T23:54:19.177+0900] {processor.py:925} INFO - DAG(s) 'example_workday_timetable' retrieved from /Users/alookso/1007MLpj/myenv/lib/python3.10/site-packages/airflow/example_dags/example_workday_timetable.py
[2024-10-10T23:54:19.322+0900] {logging_mixin.py:190} INFO - [2024-10-10T23:54:19.322+0900] {dag.py:3239} INFO - Sync 1 DAGs
[2024-10-10T23:54:19.456+0900] {logging_mixin.py:190} INFO - [2024-10-10T23:54:19.456+0900] {dag.py:4180} INFO - Setting next_dagrun for example_workday_timetable to 2021-01-04T00:00:00+00:00, run_after=2021-01-05T00:00:00+00:00
[2024-10-10T23:54:19.477+0900] {processor.py:208} INFO - Processing /Users/alookso/1007MLpj/myenv/lib/python3.10/site-packages/airflow/example_dags/example_workday_timetable.py took 0.951 seconds
[2024-10-10T23:56:36.824+0900] {processor.py:186} INFO - Started process (PID=63857) to work on /Users/alookso/1007MLpj/myenv/lib/python3.10/site-packages/airflow/example_dags/example_workday_timetable.py
[2024-10-10T23:56:36.825+0900] {processor.py:914} INFO - Processing file /Users/alookso/1007MLpj/myenv/lib/python3.10/site-packages/airflow/example_dags/example_workday_timetable.py for tasks to queue
[2024-10-10T23:56:36.826+0900] {logging_mixin.py:190} INFO - [2024-10-10T23:56:36.825+0900] {dagbag.py:588} INFO - Filling up the DagBag from /Users/alookso/1007MLpj/myenv/lib/python3.10/site-packages/airflow/example_dags/example_workday_timetable.py
[2024-10-10T23:56:37.543+0900] {processor.py:925} INFO - DAG(s) 'example_workday_timetable' retrieved from /Users/alookso/1007MLpj/myenv/lib/python3.10/site-packages/airflow/example_dags/example_workday_timetable.py
[2024-10-10T23:56:37.712+0900] {logging_mixin.py:190} INFO - [2024-10-10T23:56:37.712+0900] {dag.py:3239} INFO - Sync 1 DAGs
[2024-10-10T23:56:37.872+0900] {logging_mixin.py:190} INFO - [2024-10-10T23:56:37.872+0900] {dag.py:4180} INFO - Setting next_dagrun for example_workday_timetable to 2021-01-04T00:00:00+00:00, run_after=2021-01-05T00:00:00+00:00
[2024-10-10T23:56:37.895+0900] {processor.py:208} INFO - Processing /Users/alookso/1007MLpj/myenv/lib/python3.10/site-packages/airflow/example_dags/example_workday_timetable.py took 1.077 seconds
[2024-10-11T00:01:19.839+0900] {processor.py:186} INFO - Started process (PID=64069) to work on /Users/alookso/1007MLpj/myenv/lib/python3.10/site-packages/airflow/example_dags/example_workday_timetable.py
[2024-10-11T00:01:19.840+0900] {processor.py:914} INFO - Processing file /Users/alookso/1007MLpj/myenv/lib/python3.10/site-packages/airflow/example_dags/example_workday_timetable.py for tasks to queue
[2024-10-11T00:01:19.841+0900] {logging_mixin.py:190} INFO - [2024-10-11T00:01:19.840+0900] {dagbag.py:588} INFO - Filling up the DagBag from /Users/alookso/1007MLpj/myenv/lib/python3.10/site-packages/airflow/example_dags/example_workday_timetable.py
[2024-10-11T00:01:20.677+0900] {processor.py:925} INFO - DAG(s) 'example_workday_timetable' retrieved from /Users/alookso/1007MLpj/myenv/lib/python3.10/site-packages/airflow/example_dags/example_workday_timetable.py
[2024-10-11T00:01:21.044+0900] {logging_mixin.py:190} INFO - [2024-10-11T00:01:21.044+0900] {dag.py:3239} INFO - Sync 1 DAGs
[2024-10-11T00:01:21.197+0900] {logging_mixin.py:190} INFO - [2024-10-11T00:01:21.197+0900] {dag.py:4180} INFO - Setting next_dagrun for example_workday_timetable to 2021-01-04T00:00:00+00:00, run_after=2021-01-05T00:00:00+00:00
[2024-10-11T00:01:21.217+0900] {processor.py:208} INFO - Processing /Users/alookso/1007MLpj/myenv/lib/python3.10/site-packages/airflow/example_dags/example_workday_timetable.py took 1.383 seconds
[2024-10-11T00:04:33.053+0900] {processor.py:186} INFO - Started process (PID=64244) to work on /Users/alookso/1007MLpj/myenv/lib/python3.10/site-packages/airflow/example_dags/example_workday_timetable.py
[2024-10-11T00:04:33.054+0900] {processor.py:914} INFO - Processing file /Users/alookso/1007MLpj/myenv/lib/python3.10/site-packages/airflow/example_dags/example_workday_timetable.py for tasks to queue
[2024-10-11T00:04:33.055+0900] {logging_mixin.py:190} INFO - [2024-10-11T00:04:33.055+0900] {dagbag.py:588} INFO - Filling up the DagBag from /Users/alookso/1007MLpj/myenv/lib/python3.10/site-packages/airflow/example_dags/example_workday_timetable.py
[2024-10-11T00:04:33.699+0900] {processor.py:925} INFO - DAG(s) 'example_workday_timetable' retrieved from /Users/alookso/1007MLpj/myenv/lib/python3.10/site-packages/airflow/example_dags/example_workday_timetable.py
[2024-10-11T00:04:33.843+0900] {logging_mixin.py:190} INFO - [2024-10-11T00:04:33.843+0900] {dag.py:3239} INFO - Sync 1 DAGs
[2024-10-11T00:04:33.974+0900] {logging_mixin.py:190} INFO - [2024-10-11T00:04:33.974+0900] {dag.py:4180} INFO - Setting next_dagrun for example_workday_timetable to 2021-01-04T00:00:00+00:00, run_after=2021-01-05T00:00:00+00:00
[2024-10-11T00:04:33.995+0900] {processor.py:208} INFO - Processing /Users/alookso/1007MLpj/myenv/lib/python3.10/site-packages/airflow/example_dags/example_workday_timetable.py took 0.946 seconds
[2024-10-11T00:08:30.714+0900] {processor.py:186} INFO - Started process (PID=64479) to work on /Users/alookso/1007MLpj/myenv/lib/python3.10/site-packages/airflow/example_dags/example_workday_timetable.py
[2024-10-11T00:08:30.715+0900] {processor.py:914} INFO - Processing file /Users/alookso/1007MLpj/myenv/lib/python3.10/site-packages/airflow/example_dags/example_workday_timetable.py for tasks to queue
[2024-10-11T00:08:30.716+0900] {logging_mixin.py:190} INFO - [2024-10-11T00:08:30.716+0900] {dagbag.py:588} INFO - Filling up the DagBag from /Users/alookso/1007MLpj/myenv/lib/python3.10/site-packages/airflow/example_dags/example_workday_timetable.py
[2024-10-11T00:08:31.334+0900] {processor.py:925} INFO - DAG(s) 'example_workday_timetable' retrieved from /Users/alookso/1007MLpj/myenv/lib/python3.10/site-packages/airflow/example_dags/example_workday_timetable.py
[2024-10-11T00:08:31.480+0900] {logging_mixin.py:190} INFO - [2024-10-11T00:08:31.479+0900] {dag.py:3239} INFO - Sync 1 DAGs
[2024-10-11T00:08:31.612+0900] {logging_mixin.py:190} INFO - [2024-10-11T00:08:31.612+0900] {dag.py:4180} INFO - Setting next_dagrun for example_workday_timetable to 2021-01-04T00:00:00+00:00, run_after=2021-01-05T00:00:00+00:00
[2024-10-11T00:08:31.631+0900] {processor.py:208} INFO - Processing /Users/alookso/1007MLpj/myenv/lib/python3.10/site-packages/airflow/example_dags/example_workday_timetable.py took 0.921 seconds
[2024-10-11T00:11:33.835+0900] {processor.py:186} INFO - Started process (PID=64595) to work on /Users/alookso/1007MLpj/myenv/lib/python3.10/site-packages/airflow/example_dags/example_workday_timetable.py
[2024-10-11T00:11:33.836+0900] {processor.py:914} INFO - Processing file /Users/alookso/1007MLpj/myenv/lib/python3.10/site-packages/airflow/example_dags/example_workday_timetable.py for tasks to queue
[2024-10-11T00:11:33.837+0900] {logging_mixin.py:190} INFO - [2024-10-11T00:11:33.836+0900] {dagbag.py:588} INFO - Filling up the DagBag from /Users/alookso/1007MLpj/myenv/lib/python3.10/site-packages/airflow/example_dags/example_workday_timetable.py
[2024-10-11T00:11:34.451+0900] {processor.py:925} INFO - DAG(s) 'example_workday_timetable' retrieved from /Users/alookso/1007MLpj/myenv/lib/python3.10/site-packages/airflow/example_dags/example_workday_timetable.py
[2024-10-11T00:11:34.624+0900] {logging_mixin.py:190} INFO - [2024-10-11T00:11:34.624+0900] {dag.py:3239} INFO - Sync 1 DAGs
[2024-10-11T00:11:34.755+0900] {logging_mixin.py:190} INFO - [2024-10-11T00:11:34.755+0900] {dag.py:4180} INFO - Setting next_dagrun for example_workday_timetable to 2021-01-04T00:00:00+00:00, run_after=2021-01-05T00:00:00+00:00
[2024-10-11T00:11:34.775+0900] {processor.py:208} INFO - Processing /Users/alookso/1007MLpj/myenv/lib/python3.10/site-packages/airflow/example_dags/example_workday_timetable.py took 0.945 seconds
[2024-10-11T00:14:04.656+0900] {processor.py:186} INFO - Started process (PID=64733) to work on /Users/alookso/1007MLpj/myenv/lib/python3.10/site-packages/airflow/example_dags/example_workday_timetable.py
[2024-10-11T00:14:04.658+0900] {processor.py:914} INFO - Processing file /Users/alookso/1007MLpj/myenv/lib/python3.10/site-packages/airflow/example_dags/example_workday_timetable.py for tasks to queue
[2024-10-11T00:14:04.659+0900] {logging_mixin.py:190} INFO - [2024-10-11T00:14:04.658+0900] {dagbag.py:588} INFO - Filling up the DagBag from /Users/alookso/1007MLpj/myenv/lib/python3.10/site-packages/airflow/example_dags/example_workday_timetable.py
[2024-10-11T00:14:05.264+0900] {processor.py:925} INFO - DAG(s) 'example_workday_timetable' retrieved from /Users/alookso/1007MLpj/myenv/lib/python3.10/site-packages/airflow/example_dags/example_workday_timetable.py
[2024-10-11T00:14:05.407+0900] {logging_mixin.py:190} INFO - [2024-10-11T00:14:05.407+0900] {dag.py:3239} INFO - Sync 1 DAGs
[2024-10-11T00:14:05.534+0900] {logging_mixin.py:190} INFO - [2024-10-11T00:14:05.533+0900] {dag.py:4180} INFO - Setting next_dagrun for example_workday_timetable to 2021-01-04T00:00:00+00:00, run_after=2021-01-05T00:00:00+00:00
[2024-10-11T00:14:05.553+0900] {processor.py:208} INFO - Processing /Users/alookso/1007MLpj/myenv/lib/python3.10/site-packages/airflow/example_dags/example_workday_timetable.py took 0.901 seconds
[2024-10-11T00:16:42.449+0900] {processor.py:186} INFO - Started process (PID=64808) to work on /Users/alookso/1007MLpj/myenv/lib/python3.10/site-packages/airflow/example_dags/example_workday_timetable.py
[2024-10-11T00:16:42.450+0900] {processor.py:914} INFO - Processing file /Users/alookso/1007MLpj/myenv/lib/python3.10/site-packages/airflow/example_dags/example_workday_timetable.py for tasks to queue
[2024-10-11T00:16:42.451+0900] {logging_mixin.py:190} INFO - [2024-10-11T00:16:42.451+0900] {dagbag.py:588} INFO - Filling up the DagBag from /Users/alookso/1007MLpj/myenv/lib/python3.10/site-packages/airflow/example_dags/example_workday_timetable.py
[2024-10-11T00:16:43.077+0900] {processor.py:925} INFO - DAG(s) 'example_workday_timetable' retrieved from /Users/alookso/1007MLpj/myenv/lib/python3.10/site-packages/airflow/example_dags/example_workday_timetable.py
[2024-10-11T00:16:43.223+0900] {logging_mixin.py:190} INFO - [2024-10-11T00:16:43.222+0900] {dag.py:3239} INFO - Sync 1 DAGs
[2024-10-11T00:16:43.355+0900] {logging_mixin.py:190} INFO - [2024-10-11T00:16:43.354+0900] {dag.py:4180} INFO - Setting next_dagrun for example_workday_timetable to 2021-01-04T00:00:00+00:00, run_after=2021-01-05T00:00:00+00:00
[2024-10-11T00:16:43.375+0900] {processor.py:208} INFO - Processing /Users/alookso/1007MLpj/myenv/lib/python3.10/site-packages/airflow/example_dags/example_workday_timetable.py took 0.931 seconds
[2024-10-11T00:19:16.860+0900] {processor.py:186} INFO - Started process (PID=64898) to work on /Users/alookso/1007MLpj/myenv/lib/python3.10/site-packages/airflow/example_dags/example_workday_timetable.py
[2024-10-11T00:19:16.861+0900] {processor.py:914} INFO - Processing file /Users/alookso/1007MLpj/myenv/lib/python3.10/site-packages/airflow/example_dags/example_workday_timetable.py for tasks to queue
[2024-10-11T00:19:16.862+0900] {logging_mixin.py:190} INFO - [2024-10-11T00:19:16.861+0900] {dagbag.py:588} INFO - Filling up the DagBag from /Users/alookso/1007MLpj/myenv/lib/python3.10/site-packages/airflow/example_dags/example_workday_timetable.py
[2024-10-11T00:19:17.473+0900] {processor.py:925} INFO - DAG(s) 'example_workday_timetable' retrieved from /Users/alookso/1007MLpj/myenv/lib/python3.10/site-packages/airflow/example_dags/example_workday_timetable.py
[2024-10-11T00:19:17.617+0900] {logging_mixin.py:190} INFO - [2024-10-11T00:19:17.617+0900] {dag.py:3239} INFO - Sync 1 DAGs
[2024-10-11T00:19:17.749+0900] {logging_mixin.py:190} INFO - [2024-10-11T00:19:17.748+0900] {dag.py:4180} INFO - Setting next_dagrun for example_workday_timetable to 2021-01-04T00:00:00+00:00, run_after=2021-01-05T00:00:00+00:00
[2024-10-11T00:19:17.768+0900] {processor.py:208} INFO - Processing /Users/alookso/1007MLpj/myenv/lib/python3.10/site-packages/airflow/example_dags/example_workday_timetable.py took 0.912 seconds
[2024-10-11T00:21:53.839+0900] {processor.py:186} INFO - Started process (PID=65001) to work on /Users/alookso/1007MLpj/myenv/lib/python3.10/site-packages/airflow/example_dags/example_workday_timetable.py
[2024-10-11T00:21:53.840+0900] {processor.py:914} INFO - Processing file /Users/alookso/1007MLpj/myenv/lib/python3.10/site-packages/airflow/example_dags/example_workday_timetable.py for tasks to queue
[2024-10-11T00:21:53.841+0900] {logging_mixin.py:190} INFO - [2024-10-11T00:21:53.841+0900] {dagbag.py:588} INFO - Filling up the DagBag from /Users/alookso/1007MLpj/myenv/lib/python3.10/site-packages/airflow/example_dags/example_workday_timetable.py
[2024-10-11T00:21:54.473+0900] {processor.py:925} INFO - DAG(s) 'example_workday_timetable' retrieved from /Users/alookso/1007MLpj/myenv/lib/python3.10/site-packages/airflow/example_dags/example_workday_timetable.py
[2024-10-11T00:21:54.620+0900] {logging_mixin.py:190} INFO - [2024-10-11T00:21:54.620+0900] {dag.py:3239} INFO - Sync 1 DAGs
[2024-10-11T00:21:54.753+0900] {logging_mixin.py:190} INFO - [2024-10-11T00:21:54.752+0900] {dag.py:4180} INFO - Setting next_dagrun for example_workday_timetable to 2021-01-04T00:00:00+00:00, run_after=2021-01-05T00:00:00+00:00
[2024-10-11T00:21:54.773+0900] {processor.py:208} INFO - Processing /Users/alookso/1007MLpj/myenv/lib/python3.10/site-packages/airflow/example_dags/example_workday_timetable.py took 0.938 seconds
[2024-10-11T00:24:27.045+0900] {processor.py:186} INFO - Started process (PID=65077) to work on /Users/alookso/1007MLpj/myenv/lib/python3.10/site-packages/airflow/example_dags/example_workday_timetable.py
[2024-10-11T00:24:27.046+0900] {processor.py:914} INFO - Processing file /Users/alookso/1007MLpj/myenv/lib/python3.10/site-packages/airflow/example_dags/example_workday_timetable.py for tasks to queue
[2024-10-11T00:24:27.047+0900] {logging_mixin.py:190} INFO - [2024-10-11T00:24:27.047+0900] {dagbag.py:588} INFO - Filling up the DagBag from /Users/alookso/1007MLpj/myenv/lib/python3.10/site-packages/airflow/example_dags/example_workday_timetable.py
[2024-10-11T00:24:27.694+0900] {processor.py:925} INFO - DAG(s) 'example_workday_timetable' retrieved from /Users/alookso/1007MLpj/myenv/lib/python3.10/site-packages/airflow/example_dags/example_workday_timetable.py
[2024-10-11T00:24:27.849+0900] {logging_mixin.py:190} INFO - [2024-10-11T00:24:27.848+0900] {dag.py:3239} INFO - Sync 1 DAGs
[2024-10-11T00:24:27.983+0900] {logging_mixin.py:190} INFO - [2024-10-11T00:24:27.983+0900] {dag.py:4180} INFO - Setting next_dagrun for example_workday_timetable to 2021-01-04T00:00:00+00:00, run_after=2021-01-05T00:00:00+00:00
[2024-10-11T00:24:28.002+0900] {processor.py:208} INFO - Processing /Users/alookso/1007MLpj/myenv/lib/python3.10/site-packages/airflow/example_dags/example_workday_timetable.py took 0.961 seconds
[2024-10-11T00:27:25.383+0900] {processor.py:186} INFO - Started process (PID=65212) to work on /Users/alookso/1007MLpj/myenv/lib/python3.10/site-packages/airflow/example_dags/example_workday_timetable.py
[2024-10-11T00:27:25.384+0900] {processor.py:914} INFO - Processing file /Users/alookso/1007MLpj/myenv/lib/python3.10/site-packages/airflow/example_dags/example_workday_timetable.py for tasks to queue
[2024-10-11T00:27:25.385+0900] {logging_mixin.py:190} INFO - [2024-10-11T00:27:25.384+0900] {dagbag.py:588} INFO - Filling up the DagBag from /Users/alookso/1007MLpj/myenv/lib/python3.10/site-packages/airflow/example_dags/example_workday_timetable.py
[2024-10-11T00:27:26.024+0900] {processor.py:925} INFO - DAG(s) 'example_workday_timetable' retrieved from /Users/alookso/1007MLpj/myenv/lib/python3.10/site-packages/airflow/example_dags/example_workday_timetable.py
[2024-10-11T00:27:26.170+0900] {logging_mixin.py:190} INFO - [2024-10-11T00:27:26.169+0900] {dag.py:3239} INFO - Sync 1 DAGs
[2024-10-11T00:27:26.301+0900] {logging_mixin.py:190} INFO - [2024-10-11T00:27:26.301+0900] {dag.py:4180} INFO - Setting next_dagrun for example_workday_timetable to 2021-01-04T00:00:00+00:00, run_after=2021-01-05T00:00:00+00:00
[2024-10-11T00:27:26.321+0900] {processor.py:208} INFO - Processing /Users/alookso/1007MLpj/myenv/lib/python3.10/site-packages/airflow/example_dags/example_workday_timetable.py took 0.944 seconds
[2024-10-11T00:30:47.252+0900] {processor.py:186} INFO - Started process (PID=65391) to work on /Users/alookso/1007MLpj/myenv/lib/python3.10/site-packages/airflow/example_dags/example_workday_timetable.py
[2024-10-11T00:30:47.253+0900] {processor.py:914} INFO - Processing file /Users/alookso/1007MLpj/myenv/lib/python3.10/site-packages/airflow/example_dags/example_workday_timetable.py for tasks to queue
[2024-10-11T00:30:47.254+0900] {logging_mixin.py:190} INFO - [2024-10-11T00:30:47.254+0900] {dagbag.py:588} INFO - Filling up the DagBag from /Users/alookso/1007MLpj/myenv/lib/python3.10/site-packages/airflow/example_dags/example_workday_timetable.py
[2024-10-11T00:30:47.872+0900] {processor.py:925} INFO - DAG(s) 'example_workday_timetable' retrieved from /Users/alookso/1007MLpj/myenv/lib/python3.10/site-packages/airflow/example_dags/example_workday_timetable.py
[2024-10-11T00:30:48.017+0900] {logging_mixin.py:190} INFO - [2024-10-11T00:30:48.017+0900] {dag.py:3239} INFO - Sync 1 DAGs
[2024-10-11T00:30:48.154+0900] {logging_mixin.py:190} INFO - [2024-10-11T00:30:48.154+0900] {dag.py:4180} INFO - Setting next_dagrun for example_workday_timetable to 2021-01-04T00:00:00+00:00, run_after=2021-01-05T00:00:00+00:00
[2024-10-11T00:30:48.173+0900] {processor.py:208} INFO - Processing /Users/alookso/1007MLpj/myenv/lib/python3.10/site-packages/airflow/example_dags/example_workday_timetable.py took 0.924 seconds
[2024-10-11T00:34:35.744+0900] {processor.py:186} INFO - Started process (PID=65558) to work on /Users/alookso/1007MLpj/myenv/lib/python3.10/site-packages/airflow/example_dags/example_workday_timetable.py
[2024-10-11T00:34:35.745+0900] {processor.py:914} INFO - Processing file /Users/alookso/1007MLpj/myenv/lib/python3.10/site-packages/airflow/example_dags/example_workday_timetable.py for tasks to queue
[2024-10-11T00:34:35.746+0900] {logging_mixin.py:190} INFO - [2024-10-11T00:34:35.745+0900] {dagbag.py:588} INFO - Filling up the DagBag from /Users/alookso/1007MLpj/myenv/lib/python3.10/site-packages/airflow/example_dags/example_workday_timetable.py
[2024-10-11T00:34:36.361+0900] {processor.py:925} INFO - DAG(s) 'example_workday_timetable' retrieved from /Users/alookso/1007MLpj/myenv/lib/python3.10/site-packages/airflow/example_dags/example_workday_timetable.py
[2024-10-11T00:34:36.506+0900] {logging_mixin.py:190} INFO - [2024-10-11T00:34:36.506+0900] {dag.py:3239} INFO - Sync 1 DAGs
[2024-10-11T00:34:36.636+0900] {logging_mixin.py:190} INFO - [2024-10-11T00:34:36.635+0900] {dag.py:4180} INFO - Setting next_dagrun for example_workday_timetable to 2021-01-04T00:00:00+00:00, run_after=2021-01-05T00:00:00+00:00
[2024-10-11T00:34:36.655+0900] {processor.py:208} INFO - Processing /Users/alookso/1007MLpj/myenv/lib/python3.10/site-packages/airflow/example_dags/example_workday_timetable.py took 0.916 seconds
[2024-10-11T00:38:19.069+0900] {processor.py:186} INFO - Started process (PID=65747) to work on /Users/alookso/1007MLpj/myenv/lib/python3.10/site-packages/airflow/example_dags/example_workday_timetable.py
[2024-10-11T00:38:19.069+0900] {processor.py:914} INFO - Processing file /Users/alookso/1007MLpj/myenv/lib/python3.10/site-packages/airflow/example_dags/example_workday_timetable.py for tasks to queue
[2024-10-11T00:38:19.070+0900] {logging_mixin.py:190} INFO - [2024-10-11T00:38:19.070+0900] {dagbag.py:588} INFO - Filling up the DagBag from /Users/alookso/1007MLpj/myenv/lib/python3.10/site-packages/airflow/example_dags/example_workday_timetable.py
[2024-10-11T00:38:19.710+0900] {processor.py:925} INFO - DAG(s) 'example_workday_timetable' retrieved from /Users/alookso/1007MLpj/myenv/lib/python3.10/site-packages/airflow/example_dags/example_workday_timetable.py
[2024-10-11T00:38:19.868+0900] {logging_mixin.py:190} INFO - [2024-10-11T00:38:19.868+0900] {dag.py:3239} INFO - Sync 1 DAGs
[2024-10-11T00:38:20.001+0900] {logging_mixin.py:190} INFO - [2024-10-11T00:38:20.001+0900] {dag.py:4180} INFO - Setting next_dagrun for example_workday_timetable to 2021-01-04T00:00:00+00:00, run_after=2021-01-05T00:00:00+00:00
[2024-10-11T00:38:20.021+0900] {processor.py:208} INFO - Processing /Users/alookso/1007MLpj/myenv/lib/python3.10/site-packages/airflow/example_dags/example_workday_timetable.py took 0.957 seconds
[2024-10-11T00:41:49.402+0900] {processor.py:186} INFO - Started process (PID=65920) to work on /Users/alookso/1007MLpj/myenv/lib/python3.10/site-packages/airflow/example_dags/example_workday_timetable.py
[2024-10-11T00:41:49.403+0900] {processor.py:914} INFO - Processing file /Users/alookso/1007MLpj/myenv/lib/python3.10/site-packages/airflow/example_dags/example_workday_timetable.py for tasks to queue
[2024-10-11T00:41:49.405+0900] {logging_mixin.py:190} INFO - [2024-10-11T00:41:49.404+0900] {dagbag.py:588} INFO - Filling up the DagBag from /Users/alookso/1007MLpj/myenv/lib/python3.10/site-packages/airflow/example_dags/example_workday_timetable.py
[2024-10-11T00:41:50.025+0900] {processor.py:925} INFO - DAG(s) 'example_workday_timetable' retrieved from /Users/alookso/1007MLpj/myenv/lib/python3.10/site-packages/airflow/example_dags/example_workday_timetable.py
[2024-10-11T00:41:50.181+0900] {logging_mixin.py:190} INFO - [2024-10-11T00:41:50.180+0900] {dag.py:3239} INFO - Sync 1 DAGs
[2024-10-11T00:41:50.325+0900] {logging_mixin.py:190} INFO - [2024-10-11T00:41:50.325+0900] {dag.py:4180} INFO - Setting next_dagrun for example_workday_timetable to 2021-01-04T00:00:00+00:00, run_after=2021-01-05T00:00:00+00:00
[2024-10-11T00:41:50.345+0900] {processor.py:208} INFO - Processing /Users/alookso/1007MLpj/myenv/lib/python3.10/site-packages/airflow/example_dags/example_workday_timetable.py took 0.947 seconds
[2024-10-11T00:45:05.836+0900] {processor.py:186} INFO - Started process (PID=66061) to work on /Users/alookso/1007MLpj/myenv/lib/python3.10/site-packages/airflow/example_dags/example_workday_timetable.py
[2024-10-11T00:45:05.837+0900] {processor.py:914} INFO - Processing file /Users/alookso/1007MLpj/myenv/lib/python3.10/site-packages/airflow/example_dags/example_workday_timetable.py for tasks to queue
[2024-10-11T00:45:05.838+0900] {logging_mixin.py:190} INFO - [2024-10-11T00:45:05.838+0900] {dagbag.py:588} INFO - Filling up the DagBag from /Users/alookso/1007MLpj/myenv/lib/python3.10/site-packages/airflow/example_dags/example_workday_timetable.py
[2024-10-11T00:45:06.450+0900] {processor.py:925} INFO - DAG(s) 'example_workday_timetable' retrieved from /Users/alookso/1007MLpj/myenv/lib/python3.10/site-packages/airflow/example_dags/example_workday_timetable.py
[2024-10-11T00:45:06.595+0900] {logging_mixin.py:190} INFO - [2024-10-11T00:45:06.594+0900] {dag.py:3239} INFO - Sync 1 DAGs
[2024-10-11T00:45:06.725+0900] {logging_mixin.py:190} INFO - [2024-10-11T00:45:06.725+0900] {dag.py:4180} INFO - Setting next_dagrun for example_workday_timetable to 2021-01-04T00:00:00+00:00, run_after=2021-01-05T00:00:00+00:00
[2024-10-11T00:45:06.745+0900] {processor.py:208} INFO - Processing /Users/alookso/1007MLpj/myenv/lib/python3.10/site-packages/airflow/example_dags/example_workday_timetable.py took 0.913 seconds
[2024-10-11T00:47:40.936+0900] {processor.py:186} INFO - Started process (PID=66149) to work on /Users/alookso/1007MLpj/myenv/lib/python3.10/site-packages/airflow/example_dags/example_workday_timetable.py
[2024-10-11T00:47:40.939+0900] {processor.py:914} INFO - Processing file /Users/alookso/1007MLpj/myenv/lib/python3.10/site-packages/airflow/example_dags/example_workday_timetable.py for tasks to queue
[2024-10-11T00:47:40.941+0900] {logging_mixin.py:190} INFO - [2024-10-11T00:47:40.940+0900] {dagbag.py:588} INFO - Filling up the DagBag from /Users/alookso/1007MLpj/myenv/lib/python3.10/site-packages/airflow/example_dags/example_workday_timetable.py
[2024-10-11T00:47:41.553+0900] {processor.py:925} INFO - DAG(s) 'example_workday_timetable' retrieved from /Users/alookso/1007MLpj/myenv/lib/python3.10/site-packages/airflow/example_dags/example_workday_timetable.py
[2024-10-11T00:47:41.738+0900] {logging_mixin.py:190} INFO - [2024-10-11T00:47:41.738+0900] {dag.py:3239} INFO - Sync 1 DAGs
[2024-10-11T00:47:41.876+0900] {logging_mixin.py:190} INFO - [2024-10-11T00:47:41.876+0900] {dag.py:4180} INFO - Setting next_dagrun for example_workday_timetable to 2021-01-04T00:00:00+00:00, run_after=2021-01-05T00:00:00+00:00
[2024-10-11T00:47:41.895+0900] {processor.py:208} INFO - Processing /Users/alookso/1007MLpj/myenv/lib/python3.10/site-packages/airflow/example_dags/example_workday_timetable.py took 0.968 seconds
[2024-10-11T00:49:27.418+0900] {processor.py:186} INFO - Started process (PID=66284) to work on /Users/alookso/1007MLpj/myenv/lib/python3.10/site-packages/airflow/example_dags/example_workday_timetable.py
[2024-10-11T00:49:27.419+0900] {processor.py:914} INFO - Processing file /Users/alookso/1007MLpj/myenv/lib/python3.10/site-packages/airflow/example_dags/example_workday_timetable.py for tasks to queue
[2024-10-11T00:49:27.421+0900] {logging_mixin.py:190} INFO - [2024-10-11T00:49:27.421+0900] {dagbag.py:588} INFO - Filling up the DagBag from /Users/alookso/1007MLpj/myenv/lib/python3.10/site-packages/airflow/example_dags/example_workday_timetable.py
[2024-10-11T00:49:28.097+0900] {processor.py:925} INFO - DAG(s) 'example_workday_timetable' retrieved from /Users/alookso/1007MLpj/myenv/lib/python3.10/site-packages/airflow/example_dags/example_workday_timetable.py
[2024-10-11T00:49:28.243+0900] {logging_mixin.py:190} INFO - [2024-10-11T00:49:28.243+0900] {dag.py:3239} INFO - Sync 1 DAGs
[2024-10-11T00:49:28.374+0900] {logging_mixin.py:190} INFO - [2024-10-11T00:49:28.374+0900] {dag.py:4180} INFO - Setting next_dagrun for example_workday_timetable to 2021-01-04T00:00:00+00:00, run_after=2021-01-05T00:00:00+00:00
[2024-10-11T00:49:28.395+0900] {processor.py:208} INFO - Processing /Users/alookso/1007MLpj/myenv/lib/python3.10/site-packages/airflow/example_dags/example_workday_timetable.py took 0.983 seconds
[2024-10-11T00:52:31.191+0900] {processor.py:186} INFO - Started process (PID=66454) to work on /Users/alookso/1007MLpj/myenv/lib/python3.10/site-packages/airflow/example_dags/example_workday_timetable.py
[2024-10-11T00:52:31.191+0900] {processor.py:914} INFO - Processing file /Users/alookso/1007MLpj/myenv/lib/python3.10/site-packages/airflow/example_dags/example_workday_timetable.py for tasks to queue
[2024-10-11T00:52:31.192+0900] {logging_mixin.py:190} INFO - [2024-10-11T00:52:31.192+0900] {dagbag.py:588} INFO - Filling up the DagBag from /Users/alookso/1007MLpj/myenv/lib/python3.10/site-packages/airflow/example_dags/example_workday_timetable.py
[2024-10-11T00:52:31.810+0900] {processor.py:925} INFO - DAG(s) 'example_workday_timetable' retrieved from /Users/alookso/1007MLpj/myenv/lib/python3.10/site-packages/airflow/example_dags/example_workday_timetable.py
[2024-10-11T00:52:31.957+0900] {logging_mixin.py:190} INFO - [2024-10-11T00:52:31.957+0900] {dag.py:3239} INFO - Sync 1 DAGs
[2024-10-11T00:52:32.090+0900] {logging_mixin.py:190} INFO - [2024-10-11T00:52:32.090+0900] {dag.py:4180} INFO - Setting next_dagrun for example_workday_timetable to 2021-01-04T00:00:00+00:00, run_after=2021-01-05T00:00:00+00:00
[2024-10-11T00:52:32.110+0900] {processor.py:208} INFO - Processing /Users/alookso/1007MLpj/myenv/lib/python3.10/site-packages/airflow/example_dags/example_workday_timetable.py took 0.924 seconds
