[2024-10-10T15:34:55.444+0900] {processor.py:186} INFO - Started process (PID=56117) to work on /Users/alookso/1007MLpj/myenv/lib/python3.10/site-packages/airflow/example_dags/example_dataset_alias_with_no_taskflow.py
[2024-10-10T15:34:55.445+0900] {processor.py:914} INFO - Processing file /Users/alookso/1007MLpj/myenv/lib/python3.10/site-packages/airflow/example_dags/example_dataset_alias_with_no_taskflow.py for tasks to queue
[2024-10-10T15:34:55.446+0900] {logging_mixin.py:190} INFO - [2024-10-10T15:34:55.446+0900] {dagbag.py:588} INFO - Filling up the DagBag from /Users/alookso/1007MLpj/myenv/lib/python3.10/site-packages/airflow/example_dags/example_dataset_alias_with_no_taskflow.py
[2024-10-10T15:34:55.643+0900] {processor.py:925} INFO - DAG(s) 'dataset_alias_example_alias_consumer_with_no_taskflow', 'dataset_s3_bucket_consumer_with_no_taskflow', 'dataset_s3_bucket_producer_with_no_taskflow', 'dataset_alias_example_alias_producer_with_no_taskflow' retrieved from /Users/alookso/1007MLpj/myenv/lib/python3.10/site-packages/airflow/example_dags/example_dataset_alias_with_no_taskflow.py
[2024-10-10T15:34:55.766+0900] {logging_mixin.py:190} INFO - [2024-10-10T15:34:55.765+0900] {override.py:1901} INFO - Created Permission View: can delete on DAG:dataset_alias_example_alias_consumer_with_no_taskflow
[2024-10-10T15:34:55.776+0900] {logging_mixin.py:190} INFO - [2024-10-10T15:34:55.776+0900] {override.py:1901} INFO - Created Permission View: can read on DAG:dataset_alias_example_alias_consumer_with_no_taskflow
[2024-10-10T15:34:55.784+0900] {logging_mixin.py:190} INFO - [2024-10-10T15:34:55.783+0900] {override.py:1901} INFO - Created Permission View: can edit on DAG:dataset_alias_example_alias_consumer_with_no_taskflow
[2024-10-10T15:34:55.794+0900] {logging_mixin.py:190} INFO - [2024-10-10T15:34:55.793+0900] {override.py:1901} INFO - Created Permission View: can create on DAG Run:dataset_alias_example_alias_consumer_with_no_taskflow
[2024-10-10T15:34:55.801+0900] {logging_mixin.py:190} INFO - [2024-10-10T15:34:55.800+0900] {override.py:1901} INFO - Created Permission View: can read on DAG Run:dataset_alias_example_alias_consumer_with_no_taskflow
[2024-10-10T15:34:55.808+0900] {logging_mixin.py:190} INFO - [2024-10-10T15:34:55.808+0900] {override.py:1901} INFO - Created Permission View: can delete on DAG Run:dataset_alias_example_alias_consumer_with_no_taskflow
[2024-10-10T15:34:55.816+0900] {logging_mixin.py:190} INFO - [2024-10-10T15:34:55.815+0900] {override.py:1901} INFO - Created Permission View: menu access on DAG Run:dataset_alias_example_alias_consumer_with_no_taskflow
[2024-10-10T15:34:55.830+0900] {logging_mixin.py:190} INFO - [2024-10-10T15:34:55.830+0900] {override.py:1901} INFO - Created Permission View: can delete on DAG:dataset_s3_bucket_consumer_with_no_taskflow
[2024-10-10T15:34:55.838+0900] {logging_mixin.py:190} INFO - [2024-10-10T15:34:55.837+0900] {override.py:1901} INFO - Created Permission View: can read on DAG:dataset_s3_bucket_consumer_with_no_taskflow
[2024-10-10T15:34:55.846+0900] {logging_mixin.py:190} INFO - [2024-10-10T15:34:55.845+0900] {override.py:1901} INFO - Created Permission View: can edit on DAG:dataset_s3_bucket_consumer_with_no_taskflow
[2024-10-10T15:34:55.855+0900] {logging_mixin.py:190} INFO - [2024-10-10T15:34:55.855+0900] {override.py:1901} INFO - Created Permission View: can create on DAG Run:dataset_s3_bucket_consumer_with_no_taskflow
[2024-10-10T15:34:55.864+0900] {logging_mixin.py:190} INFO - [2024-10-10T15:34:55.863+0900] {override.py:1901} INFO - Created Permission View: can read on DAG Run:dataset_s3_bucket_consumer_with_no_taskflow
[2024-10-10T15:34:55.871+0900] {logging_mixin.py:190} INFO - [2024-10-10T15:34:55.871+0900] {override.py:1901} INFO - Created Permission View: can delete on DAG Run:dataset_s3_bucket_consumer_with_no_taskflow
[2024-10-10T15:34:55.878+0900] {logging_mixin.py:190} INFO - [2024-10-10T15:34:55.878+0900] {override.py:1901} INFO - Created Permission View: menu access on DAG Run:dataset_s3_bucket_consumer_with_no_taskflow
[2024-10-10T15:34:55.893+0900] {logging_mixin.py:190} INFO - [2024-10-10T15:34:55.892+0900] {override.py:1901} INFO - Created Permission View: can delete on DAG:dataset_s3_bucket_producer_with_no_taskflow
[2024-10-10T15:34:55.901+0900] {logging_mixin.py:190} INFO - [2024-10-10T15:34:55.900+0900] {override.py:1901} INFO - Created Permission View: can read on DAG:dataset_s3_bucket_producer_with_no_taskflow
[2024-10-10T15:34:55.909+0900] {logging_mixin.py:190} INFO - [2024-10-10T15:34:55.908+0900] {override.py:1901} INFO - Created Permission View: can edit on DAG:dataset_s3_bucket_producer_with_no_taskflow
[2024-10-10T15:34:55.918+0900] {logging_mixin.py:190} INFO - [2024-10-10T15:34:55.918+0900] {override.py:1901} INFO - Created Permission View: can create on DAG Run:dataset_s3_bucket_producer_with_no_taskflow
[2024-10-10T15:34:55.925+0900] {logging_mixin.py:190} INFO - [2024-10-10T15:34:55.925+0900] {override.py:1901} INFO - Created Permission View: can read on DAG Run:dataset_s3_bucket_producer_with_no_taskflow
[2024-10-10T15:34:55.932+0900] {logging_mixin.py:190} INFO - [2024-10-10T15:34:55.932+0900] {override.py:1901} INFO - Created Permission View: can delete on DAG Run:dataset_s3_bucket_producer_with_no_taskflow
[2024-10-10T15:34:55.939+0900] {logging_mixin.py:190} INFO - [2024-10-10T15:34:55.939+0900] {override.py:1901} INFO - Created Permission View: menu access on DAG Run:dataset_s3_bucket_producer_with_no_taskflow
[2024-10-10T15:34:55.956+0900] {logging_mixin.py:190} INFO - [2024-10-10T15:34:55.956+0900] {override.py:1901} INFO - Created Permission View: can delete on DAG:dataset_alias_example_alias_producer_with_no_taskflow
[2024-10-10T15:34:55.963+0900] {logging_mixin.py:190} INFO - [2024-10-10T15:34:55.963+0900] {override.py:1901} INFO - Created Permission View: can read on DAG:dataset_alias_example_alias_producer_with_no_taskflow
[2024-10-10T15:34:55.970+0900] {logging_mixin.py:190} INFO - [2024-10-10T15:34:55.970+0900] {override.py:1901} INFO - Created Permission View: can edit on DAG:dataset_alias_example_alias_producer_with_no_taskflow
[2024-10-10T15:34:55.979+0900] {logging_mixin.py:190} INFO - [2024-10-10T15:34:55.979+0900] {override.py:1901} INFO - Created Permission View: can create on DAG Run:dataset_alias_example_alias_producer_with_no_taskflow
[2024-10-10T15:34:55.986+0900] {logging_mixin.py:190} INFO - [2024-10-10T15:34:55.986+0900] {override.py:1901} INFO - Created Permission View: can read on DAG Run:dataset_alias_example_alias_producer_with_no_taskflow
[2024-10-10T15:34:55.993+0900] {logging_mixin.py:190} INFO - [2024-10-10T15:34:55.993+0900] {override.py:1901} INFO - Created Permission View: can delete on DAG Run:dataset_alias_example_alias_producer_with_no_taskflow
[2024-10-10T15:34:56.000+0900] {logging_mixin.py:190} INFO - [2024-10-10T15:34:56.000+0900] {override.py:1901} INFO - Created Permission View: menu access on DAG Run:dataset_alias_example_alias_producer_with_no_taskflow
[2024-10-10T15:34:56.001+0900] {logging_mixin.py:190} INFO - [2024-10-10T15:34:56.000+0900] {dag.py:3239} INFO - Sync 4 DAGs
[2024-10-10T15:34:56.015+0900] {logging_mixin.py:190} INFO - [2024-10-10T15:34:56.015+0900] {dag.py:3262} INFO - Creating ORM DAG for dataset_alias_example_alias_consumer_with_no_taskflow
[2024-10-10T15:34:56.016+0900] {logging_mixin.py:190} INFO - [2024-10-10T15:34:56.016+0900] {dag.py:3262} INFO - Creating ORM DAG for dataset_s3_bucket_consumer_with_no_taskflow
[2024-10-10T15:34:56.017+0900] {logging_mixin.py:190} INFO - [2024-10-10T15:34:56.017+0900] {dag.py:3262} INFO - Creating ORM DAG for dataset_s3_bucket_producer_with_no_taskflow
[2024-10-10T15:34:56.017+0900] {logging_mixin.py:190} INFO - [2024-10-10T15:34:56.017+0900] {dag.py:3262} INFO - Creating ORM DAG for dataset_alias_example_alias_producer_with_no_taskflow
[2024-10-10T15:34:56.026+0900] {logging_mixin.py:190} INFO - [2024-10-10T15:34:56.025+0900] {dag.py:4180} INFO - Setting next_dagrun for dataset_alias_example_alias_consumer_with_no_taskflow to None, run_after=None
[2024-10-10T15:34:56.026+0900] {logging_mixin.py:190} INFO - [2024-10-10T15:34:56.026+0900] {dag.py:4180} INFO - Setting next_dagrun for dataset_alias_example_alias_producer_with_no_taskflow to None, run_after=None
[2024-10-10T15:34:56.027+0900] {logging_mixin.py:190} INFO - [2024-10-10T15:34:56.027+0900] {dag.py:4180} INFO - Setting next_dagrun for dataset_s3_bucket_consumer_with_no_taskflow to None, run_after=None
[2024-10-10T15:34:56.028+0900] {logging_mixin.py:190} INFO - [2024-10-10T15:34:56.027+0900] {dag.py:4180} INFO - Setting next_dagrun for dataset_s3_bucket_producer_with_no_taskflow to None, run_after=None
[2024-10-10T15:34:56.828+0900] {processor.py:208} INFO - Processing /Users/alookso/1007MLpj/myenv/lib/python3.10/site-packages/airflow/example_dags/example_dataset_alias_with_no_taskflow.py took 1.391 seconds
[2024-10-10T15:39:27.101+0900] {processor.py:186} INFO - Started process (PID=56282) to work on /Users/alookso/1007MLpj/myenv/lib/python3.10/site-packages/airflow/example_dags/example_dataset_alias_with_no_taskflow.py
[2024-10-10T15:39:27.103+0900] {processor.py:914} INFO - Processing file /Users/alookso/1007MLpj/myenv/lib/python3.10/site-packages/airflow/example_dags/example_dataset_alias_with_no_taskflow.py for tasks to queue
[2024-10-10T15:39:27.104+0900] {logging_mixin.py:190} INFO - [2024-10-10T15:39:27.104+0900] {dagbag.py:588} INFO - Filling up the DagBag from /Users/alookso/1007MLpj/myenv/lib/python3.10/site-packages/airflow/example_dags/example_dataset_alias_with_no_taskflow.py
[2024-10-10T15:39:27.305+0900] {processor.py:925} INFO - DAG(s) 'dataset_alias_example_alias_consumer_with_no_taskflow', 'dataset_s3_bucket_producer_with_no_taskflow', 'dataset_s3_bucket_consumer_with_no_taskflow', 'dataset_alias_example_alias_producer_with_no_taskflow' retrieved from /Users/alookso/1007MLpj/myenv/lib/python3.10/site-packages/airflow/example_dags/example_dataset_alias_with_no_taskflow.py
[2024-10-10T15:39:27.334+0900] {logging_mixin.py:190} INFO - [2024-10-10T15:39:27.333+0900] {dag.py:3239} INFO - Sync 4 DAGs
[2024-10-10T15:39:27.355+0900] {logging_mixin.py:190} INFO - [2024-10-10T15:39:27.355+0900] {dag.py:4180} INFO - Setting next_dagrun for dataset_alias_example_alias_consumer_with_no_taskflow to None, run_after=None
[2024-10-10T15:39:27.357+0900] {logging_mixin.py:190} INFO - [2024-10-10T15:39:27.357+0900] {dag.py:4180} INFO - Setting next_dagrun for dataset_alias_example_alias_producer_with_no_taskflow to None, run_after=None
[2024-10-10T15:39:27.358+0900] {logging_mixin.py:190} INFO - [2024-10-10T15:39:27.358+0900] {dag.py:4180} INFO - Setting next_dagrun for dataset_s3_bucket_consumer_with_no_taskflow to None, run_after=None
[2024-10-10T15:39:27.359+0900] {logging_mixin.py:190} INFO - [2024-10-10T15:39:27.359+0900] {dag.py:4180} INFO - Setting next_dagrun for dataset_s3_bucket_producer_with_no_taskflow to None, run_after=None
[2024-10-10T15:39:27.383+0900] {processor.py:208} INFO - Processing /Users/alookso/1007MLpj/myenv/lib/python3.10/site-packages/airflow/example_dags/example_dataset_alias_with_no_taskflow.py took 0.287 seconds
[2024-10-10T15:49:19.650+0900] {processor.py:186} INFO - Started process (PID=56782) to work on /Users/alookso/1007MLpj/myenv/lib/python3.10/site-packages/airflow/example_dags/example_dataset_alias_with_no_taskflow.py
[2024-10-10T15:49:19.652+0900] {processor.py:914} INFO - Processing file /Users/alookso/1007MLpj/myenv/lib/python3.10/site-packages/airflow/example_dags/example_dataset_alias_with_no_taskflow.py for tasks to queue
[2024-10-10T15:49:19.654+0900] {logging_mixin.py:190} INFO - [2024-10-10T15:49:19.653+0900] {dagbag.py:588} INFO - Filling up the DagBag from /Users/alookso/1007MLpj/myenv/lib/python3.10/site-packages/airflow/example_dags/example_dataset_alias_with_no_taskflow.py
[2024-10-10T15:49:19.890+0900] {processor.py:925} INFO - DAG(s) 'dataset_s3_bucket_producer_with_no_taskflow', 'dataset_alias_example_alias_producer_with_no_taskflow', 'dataset_alias_example_alias_consumer_with_no_taskflow', 'dataset_s3_bucket_consumer_with_no_taskflow' retrieved from /Users/alookso/1007MLpj/myenv/lib/python3.10/site-packages/airflow/example_dags/example_dataset_alias_with_no_taskflow.py
[2024-10-10T15:49:19.922+0900] {logging_mixin.py:190} INFO - [2024-10-10T15:49:19.921+0900] {dag.py:3239} INFO - Sync 4 DAGs
[2024-10-10T15:49:19.945+0900] {logging_mixin.py:190} INFO - [2024-10-10T15:49:19.944+0900] {dag.py:4180} INFO - Setting next_dagrun for dataset_alias_example_alias_consumer_with_no_taskflow to None, run_after=None
[2024-10-10T15:49:19.947+0900] {logging_mixin.py:190} INFO - [2024-10-10T15:49:19.947+0900] {dag.py:4180} INFO - Setting next_dagrun for dataset_alias_example_alias_producer_with_no_taskflow to None, run_after=None
[2024-10-10T15:49:19.948+0900] {logging_mixin.py:190} INFO - [2024-10-10T15:49:19.948+0900] {dag.py:4180} INFO - Setting next_dagrun for dataset_s3_bucket_consumer_with_no_taskflow to None, run_after=None
[2024-10-10T15:49:19.949+0900] {logging_mixin.py:190} INFO - [2024-10-10T15:49:19.949+0900] {dag.py:4180} INFO - Setting next_dagrun for dataset_s3_bucket_producer_with_no_taskflow to None, run_after=None
[2024-10-10T15:49:19.976+0900] {processor.py:208} INFO - Processing /Users/alookso/1007MLpj/myenv/lib/python3.10/site-packages/airflow/example_dags/example_dataset_alias_with_no_taskflow.py took 0.334 seconds
[2024-10-10T16:20:39.341+0900] {processor.py:186} INFO - Started process (PID=57424) to work on /Users/alookso/1007MLpj/myenv/lib/python3.10/site-packages/airflow/example_dags/example_dataset_alias_with_no_taskflow.py
[2024-10-10T16:20:39.342+0900] {processor.py:914} INFO - Processing file /Users/alookso/1007MLpj/myenv/lib/python3.10/site-packages/airflow/example_dags/example_dataset_alias_with_no_taskflow.py for tasks to queue
[2024-10-10T16:20:39.343+0900] {logging_mixin.py:190} INFO - [2024-10-10T16:20:39.343+0900] {dagbag.py:588} INFO - Filling up the DagBag from /Users/alookso/1007MLpj/myenv/lib/python3.10/site-packages/airflow/example_dags/example_dataset_alias_with_no_taskflow.py
[2024-10-10T16:20:39.568+0900] {processor.py:925} INFO - DAG(s) 'dataset_alias_example_alias_consumer_with_no_taskflow', 'dataset_alias_example_alias_producer_with_no_taskflow', 'dataset_s3_bucket_consumer_with_no_taskflow', 'dataset_s3_bucket_producer_with_no_taskflow' retrieved from /Users/alookso/1007MLpj/myenv/lib/python3.10/site-packages/airflow/example_dags/example_dataset_alias_with_no_taskflow.py
[2024-10-10T16:20:39.605+0900] {logging_mixin.py:190} INFO - [2024-10-10T16:20:39.604+0900] {dag.py:3239} INFO - Sync 4 DAGs
[2024-10-10T16:20:39.630+0900] {logging_mixin.py:190} INFO - [2024-10-10T16:20:39.629+0900] {dag.py:4180} INFO - Setting next_dagrun for dataset_alias_example_alias_consumer_with_no_taskflow to None, run_after=None
[2024-10-10T16:20:39.647+0900] {logging_mixin.py:190} INFO - [2024-10-10T16:20:39.647+0900] {dag.py:4180} INFO - Setting next_dagrun for dataset_alias_example_alias_producer_with_no_taskflow to None, run_after=None
[2024-10-10T16:20:39.668+0900] {logging_mixin.py:190} INFO - [2024-10-10T16:20:39.667+0900] {dag.py:4180} INFO - Setting next_dagrun for dataset_s3_bucket_consumer_with_no_taskflow to None, run_after=None
[2024-10-10T16:20:39.669+0900] {logging_mixin.py:190} INFO - [2024-10-10T16:20:39.669+0900] {dag.py:4180} INFO - Setting next_dagrun for dataset_s3_bucket_producer_with_no_taskflow to None, run_after=None
[2024-10-10T16:20:39.696+0900] {processor.py:208} INFO - Processing /Users/alookso/1007MLpj/myenv/lib/python3.10/site-packages/airflow/example_dags/example_dataset_alias_with_no_taskflow.py took 0.362 seconds
[2024-10-10T16:28:24.207+0900] {processor.py:186} INFO - Started process (PID=57735) to work on /Users/alookso/1007MLpj/myenv/lib/python3.10/site-packages/airflow/example_dags/example_dataset_alias_with_no_taskflow.py
[2024-10-10T16:28:24.208+0900] {processor.py:914} INFO - Processing file /Users/alookso/1007MLpj/myenv/lib/python3.10/site-packages/airflow/example_dags/example_dataset_alias_with_no_taskflow.py for tasks to queue
[2024-10-10T16:28:24.209+0900] {logging_mixin.py:190} INFO - [2024-10-10T16:28:24.209+0900] {dagbag.py:588} INFO - Filling up the DagBag from /Users/alookso/1007MLpj/myenv/lib/python3.10/site-packages/airflow/example_dags/example_dataset_alias_with_no_taskflow.py
[2024-10-10T16:28:24.446+0900] {processor.py:925} INFO - DAG(s) 'dataset_alias_example_alias_consumer_with_no_taskflow', 'dataset_s3_bucket_producer_with_no_taskflow', 'dataset_s3_bucket_consumer_with_no_taskflow', 'dataset_alias_example_alias_producer_with_no_taskflow' retrieved from /Users/alookso/1007MLpj/myenv/lib/python3.10/site-packages/airflow/example_dags/example_dataset_alias_with_no_taskflow.py
[2024-10-10T16:28:24.483+0900] {logging_mixin.py:190} INFO - [2024-10-10T16:28:24.483+0900] {dag.py:3239} INFO - Sync 4 DAGs
[2024-10-10T16:28:24.510+0900] {logging_mixin.py:190} INFO - [2024-10-10T16:28:24.510+0900] {dag.py:4180} INFO - Setting next_dagrun for dataset_alias_example_alias_consumer_with_no_taskflow to None, run_after=None
[2024-10-10T16:28:24.513+0900] {logging_mixin.py:190} INFO - [2024-10-10T16:28:24.512+0900] {dag.py:4180} INFO - Setting next_dagrun for dataset_alias_example_alias_producer_with_no_taskflow to None, run_after=None
[2024-10-10T16:28:24.514+0900] {logging_mixin.py:190} INFO - [2024-10-10T16:28:24.514+0900] {dag.py:4180} INFO - Setting next_dagrun for dataset_s3_bucket_consumer_with_no_taskflow to None, run_after=None
[2024-10-10T16:28:24.515+0900] {logging_mixin.py:190} INFO - [2024-10-10T16:28:24.515+0900] {dag.py:4180} INFO - Setting next_dagrun for dataset_s3_bucket_producer_with_no_taskflow to None, run_after=None
[2024-10-10T16:28:24.543+0900] {processor.py:208} INFO - Processing /Users/alookso/1007MLpj/myenv/lib/python3.10/site-packages/airflow/example_dags/example_dataset_alias_with_no_taskflow.py took 0.341 seconds
[2024-10-10T16:34:46.109+0900] {processor.py:186} INFO - Started process (PID=58020) to work on /Users/alookso/1007MLpj/myenv/lib/python3.10/site-packages/airflow/example_dags/example_dataset_alias_with_no_taskflow.py
[2024-10-10T16:34:46.110+0900] {processor.py:914} INFO - Processing file /Users/alookso/1007MLpj/myenv/lib/python3.10/site-packages/airflow/example_dags/example_dataset_alias_with_no_taskflow.py for tasks to queue
[2024-10-10T16:34:46.111+0900] {logging_mixin.py:190} INFO - [2024-10-10T16:34:46.111+0900] {dagbag.py:588} INFO - Filling up the DagBag from /Users/alookso/1007MLpj/myenv/lib/python3.10/site-packages/airflow/example_dags/example_dataset_alias_with_no_taskflow.py
[2024-10-10T16:34:46.310+0900] {processor.py:925} INFO - DAG(s) 'dataset_alias_example_alias_producer_with_no_taskflow', 'dataset_alias_example_alias_consumer_with_no_taskflow', 'dataset_s3_bucket_producer_with_no_taskflow', 'dataset_s3_bucket_consumer_with_no_taskflow' retrieved from /Users/alookso/1007MLpj/myenv/lib/python3.10/site-packages/airflow/example_dags/example_dataset_alias_with_no_taskflow.py
[2024-10-10T16:34:46.337+0900] {logging_mixin.py:190} INFO - [2024-10-10T16:34:46.336+0900] {dag.py:3239} INFO - Sync 4 DAGs
[2024-10-10T16:34:46.357+0900] {logging_mixin.py:190} INFO - [2024-10-10T16:34:46.357+0900] {dag.py:4180} INFO - Setting next_dagrun for dataset_alias_example_alias_consumer_with_no_taskflow to None, run_after=None
[2024-10-10T16:34:46.359+0900] {logging_mixin.py:190} INFO - [2024-10-10T16:34:46.359+0900] {dag.py:4180} INFO - Setting next_dagrun for dataset_alias_example_alias_producer_with_no_taskflow to None, run_after=None
[2024-10-10T16:34:46.360+0900] {logging_mixin.py:190} INFO - [2024-10-10T16:34:46.360+0900] {dag.py:4180} INFO - Setting next_dagrun for dataset_s3_bucket_consumer_with_no_taskflow to None, run_after=None
[2024-10-10T16:34:46.361+0900] {logging_mixin.py:190} INFO - [2024-10-10T16:34:46.361+0900] {dag.py:4180} INFO - Setting next_dagrun for dataset_s3_bucket_producer_with_no_taskflow to None, run_after=None
[2024-10-10T16:34:46.383+0900] {processor.py:208} INFO - Processing /Users/alookso/1007MLpj/myenv/lib/python3.10/site-packages/airflow/example_dags/example_dataset_alias_with_no_taskflow.py took 0.279 seconds
[2024-10-10T16:38:48.688+0900] {processor.py:186} INFO - Started process (PID=58122) to work on /Users/alookso/1007MLpj/myenv/lib/python3.10/site-packages/airflow/example_dags/example_dataset_alias_with_no_taskflow.py
[2024-10-10T16:38:48.689+0900] {processor.py:914} INFO - Processing file /Users/alookso/1007MLpj/myenv/lib/python3.10/site-packages/airflow/example_dags/example_dataset_alias_with_no_taskflow.py for tasks to queue
[2024-10-10T16:38:48.689+0900] {logging_mixin.py:190} INFO - [2024-10-10T16:38:48.689+0900] {dagbag.py:588} INFO - Filling up the DagBag from /Users/alookso/1007MLpj/myenv/lib/python3.10/site-packages/airflow/example_dags/example_dataset_alias_with_no_taskflow.py
[2024-10-10T16:38:48.881+0900] {processor.py:925} INFO - DAG(s) 'dataset_alias_example_alias_consumer_with_no_taskflow', 'dataset_s3_bucket_producer_with_no_taskflow', 'dataset_s3_bucket_consumer_with_no_taskflow', 'dataset_alias_example_alias_producer_with_no_taskflow' retrieved from /Users/alookso/1007MLpj/myenv/lib/python3.10/site-packages/airflow/example_dags/example_dataset_alias_with_no_taskflow.py
[2024-10-10T16:38:48.909+0900] {logging_mixin.py:190} INFO - [2024-10-10T16:38:48.908+0900] {dag.py:3239} INFO - Sync 4 DAGs
[2024-10-10T16:38:48.929+0900] {logging_mixin.py:190} INFO - [2024-10-10T16:38:48.929+0900] {dag.py:4180} INFO - Setting next_dagrun for dataset_alias_example_alias_consumer_with_no_taskflow to None, run_after=None
[2024-10-10T16:38:48.932+0900] {logging_mixin.py:190} INFO - [2024-10-10T16:38:48.932+0900] {dag.py:4180} INFO - Setting next_dagrun for dataset_alias_example_alias_producer_with_no_taskflow to None, run_after=None
[2024-10-10T16:38:48.933+0900] {logging_mixin.py:190} INFO - [2024-10-10T16:38:48.933+0900] {dag.py:4180} INFO - Setting next_dagrun for dataset_s3_bucket_consumer_with_no_taskflow to None, run_after=None
[2024-10-10T16:38:48.934+0900] {logging_mixin.py:190} INFO - [2024-10-10T16:38:48.934+0900] {dag.py:4180} INFO - Setting next_dagrun for dataset_s3_bucket_producer_with_no_taskflow to None, run_after=None
[2024-10-10T16:38:48.957+0900] {processor.py:208} INFO - Processing /Users/alookso/1007MLpj/myenv/lib/python3.10/site-packages/airflow/example_dags/example_dataset_alias_with_no_taskflow.py took 0.274 seconds
[2024-10-10T16:51:54.304+0900] {processor.py:186} INFO - Started process (PID=58683) to work on /Users/alookso/1007MLpj/myenv/lib/python3.10/site-packages/airflow/example_dags/example_dataset_alias_with_no_taskflow.py
[2024-10-10T16:51:54.306+0900] {processor.py:914} INFO - Processing file /Users/alookso/1007MLpj/myenv/lib/python3.10/site-packages/airflow/example_dags/example_dataset_alias_with_no_taskflow.py for tasks to queue
[2024-10-10T16:51:54.307+0900] {logging_mixin.py:190} INFO - [2024-10-10T16:51:54.307+0900] {dagbag.py:588} INFO - Filling up the DagBag from /Users/alookso/1007MLpj/myenv/lib/python3.10/site-packages/airflow/example_dags/example_dataset_alias_with_no_taskflow.py
[2024-10-10T16:51:54.505+0900] {processor.py:925} INFO - DAG(s) 'dataset_s3_bucket_producer_with_no_taskflow', 'dataset_alias_example_alias_producer_with_no_taskflow', 'dataset_s3_bucket_consumer_with_no_taskflow', 'dataset_alias_example_alias_consumer_with_no_taskflow' retrieved from /Users/alookso/1007MLpj/myenv/lib/python3.10/site-packages/airflow/example_dags/example_dataset_alias_with_no_taskflow.py
[2024-10-10T16:51:54.534+0900] {logging_mixin.py:190} INFO - [2024-10-10T16:51:54.533+0900] {dag.py:3239} INFO - Sync 4 DAGs
[2024-10-10T16:51:54.555+0900] {logging_mixin.py:190} INFO - [2024-10-10T16:51:54.555+0900] {dag.py:4180} INFO - Setting next_dagrun for dataset_alias_example_alias_consumer_with_no_taskflow to None, run_after=None
[2024-10-10T16:51:54.557+0900] {logging_mixin.py:190} INFO - [2024-10-10T16:51:54.557+0900] {dag.py:4180} INFO - Setting next_dagrun for dataset_alias_example_alias_producer_with_no_taskflow to None, run_after=None
[2024-10-10T16:51:54.558+0900] {logging_mixin.py:190} INFO - [2024-10-10T16:51:54.558+0900] {dag.py:4180} INFO - Setting next_dagrun for dataset_s3_bucket_consumer_with_no_taskflow to None, run_after=None
[2024-10-10T16:51:54.560+0900] {logging_mixin.py:190} INFO - [2024-10-10T16:51:54.559+0900] {dag.py:4180} INFO - Setting next_dagrun for dataset_s3_bucket_producer_with_no_taskflow to None, run_after=None
[2024-10-10T16:51:54.583+0900] {processor.py:208} INFO - Processing /Users/alookso/1007MLpj/myenv/lib/python3.10/site-packages/airflow/example_dags/example_dataset_alias_with_no_taskflow.py took 0.284 seconds
[2024-10-10T23:49:52.806+0900] {processor.py:186} INFO - Started process (PID=63525) to work on /Users/alookso/1007MLpj/myenv/lib/python3.10/site-packages/airflow/example_dags/example_dataset_alias_with_no_taskflow.py
[2024-10-10T23:49:52.807+0900] {processor.py:914} INFO - Processing file /Users/alookso/1007MLpj/myenv/lib/python3.10/site-packages/airflow/example_dags/example_dataset_alias_with_no_taskflow.py for tasks to queue
[2024-10-10T23:49:52.808+0900] {logging_mixin.py:190} INFO - [2024-10-10T23:49:52.808+0900] {dagbag.py:588} INFO - Filling up the DagBag from /Users/alookso/1007MLpj/myenv/lib/python3.10/site-packages/airflow/example_dags/example_dataset_alias_with_no_taskflow.py
[2024-10-10T23:49:53.035+0900] {processor.py:925} INFO - DAG(s) 'dataset_s3_bucket_consumer_with_no_taskflow', 'dataset_s3_bucket_producer_with_no_taskflow', 'dataset_alias_example_alias_producer_with_no_taskflow', 'dataset_alias_example_alias_consumer_with_no_taskflow' retrieved from /Users/alookso/1007MLpj/myenv/lib/python3.10/site-packages/airflow/example_dags/example_dataset_alias_with_no_taskflow.py
[2024-10-10T23:49:53.067+0900] {logging_mixin.py:190} INFO - [2024-10-10T23:49:53.067+0900] {dag.py:3239} INFO - Sync 4 DAGs
[2024-10-10T23:49:53.092+0900] {logging_mixin.py:190} INFO - [2024-10-10T23:49:53.092+0900] {dag.py:4180} INFO - Setting next_dagrun for dataset_alias_example_alias_consumer_with_no_taskflow to None, run_after=None
[2024-10-10T23:49:53.094+0900] {logging_mixin.py:190} INFO - [2024-10-10T23:49:53.094+0900] {dag.py:4180} INFO - Setting next_dagrun for dataset_alias_example_alias_producer_with_no_taskflow to None, run_after=None
[2024-10-10T23:49:53.096+0900] {logging_mixin.py:190} INFO - [2024-10-10T23:49:53.096+0900] {dag.py:4180} INFO - Setting next_dagrun for dataset_s3_bucket_consumer_with_no_taskflow to None, run_after=None
[2024-10-10T23:49:53.097+0900] {logging_mixin.py:190} INFO - [2024-10-10T23:49:53.097+0900] {dag.py:4180} INFO - Setting next_dagrun for dataset_s3_bucket_producer_with_no_taskflow to None, run_after=None
[2024-10-10T23:49:53.126+0900] {processor.py:208} INFO - Processing /Users/alookso/1007MLpj/myenv/lib/python3.10/site-packages/airflow/example_dags/example_dataset_alias_with_no_taskflow.py took 0.325 seconds
[2024-10-10T23:53:18.992+0900] {processor.py:186} INFO - Started process (PID=63730) to work on /Users/alookso/1007MLpj/myenv/lib/python3.10/site-packages/airflow/example_dags/example_dataset_alias_with_no_taskflow.py
[2024-10-10T23:53:18.993+0900] {processor.py:914} INFO - Processing file /Users/alookso/1007MLpj/myenv/lib/python3.10/site-packages/airflow/example_dags/example_dataset_alias_with_no_taskflow.py for tasks to queue
[2024-10-10T23:53:18.994+0900] {logging_mixin.py:190} INFO - [2024-10-10T23:53:18.994+0900] {dagbag.py:588} INFO - Filling up the DagBag from /Users/alookso/1007MLpj/myenv/lib/python3.10/site-packages/airflow/example_dags/example_dataset_alias_with_no_taskflow.py
[2024-10-10T23:53:19.190+0900] {processor.py:925} INFO - DAG(s) 'dataset_alias_example_alias_producer_with_no_taskflow', 'dataset_alias_example_alias_consumer_with_no_taskflow', 'dataset_s3_bucket_producer_with_no_taskflow', 'dataset_s3_bucket_consumer_with_no_taskflow' retrieved from /Users/alookso/1007MLpj/myenv/lib/python3.10/site-packages/airflow/example_dags/example_dataset_alias_with_no_taskflow.py
[2024-10-10T23:53:19.218+0900] {logging_mixin.py:190} INFO - [2024-10-10T23:53:19.218+0900] {dag.py:3239} INFO - Sync 4 DAGs
[2024-10-10T23:53:19.239+0900] {logging_mixin.py:190} INFO - [2024-10-10T23:53:19.239+0900] {dag.py:4180} INFO - Setting next_dagrun for dataset_alias_example_alias_consumer_with_no_taskflow to None, run_after=None
[2024-10-10T23:53:19.241+0900] {logging_mixin.py:190} INFO - [2024-10-10T23:53:19.241+0900] {dag.py:4180} INFO - Setting next_dagrun for dataset_alias_example_alias_producer_with_no_taskflow to None, run_after=None
[2024-10-10T23:53:19.242+0900] {logging_mixin.py:190} INFO - [2024-10-10T23:53:19.242+0900] {dag.py:4180} INFO - Setting next_dagrun for dataset_s3_bucket_consumer_with_no_taskflow to None, run_after=None
[2024-10-10T23:53:19.243+0900] {logging_mixin.py:190} INFO - [2024-10-10T23:53:19.243+0900] {dag.py:4180} INFO - Setting next_dagrun for dataset_s3_bucket_producer_with_no_taskflow to None, run_after=None
[2024-10-10T23:53:19.265+0900] {processor.py:208} INFO - Processing /Users/alookso/1007MLpj/myenv/lib/python3.10/site-packages/airflow/example_dags/example_dataset_alias_with_no_taskflow.py took 0.278 seconds
[2024-10-10T23:58:56.534+0900] {processor.py:186} INFO - Started process (PID=63920) to work on /Users/alookso/1007MLpj/myenv/lib/python3.10/site-packages/airflow/example_dags/example_dataset_alias_with_no_taskflow.py
[2024-10-10T23:58:56.535+0900] {processor.py:914} INFO - Processing file /Users/alookso/1007MLpj/myenv/lib/python3.10/site-packages/airflow/example_dags/example_dataset_alias_with_no_taskflow.py for tasks to queue
[2024-10-10T23:58:56.536+0900] {logging_mixin.py:190} INFO - [2024-10-10T23:58:56.536+0900] {dagbag.py:588} INFO - Filling up the DagBag from /Users/alookso/1007MLpj/myenv/lib/python3.10/site-packages/airflow/example_dags/example_dataset_alias_with_no_taskflow.py
[2024-10-10T23:58:56.754+0900] {processor.py:925} INFO - DAG(s) 'dataset_alias_example_alias_consumer_with_no_taskflow', 'dataset_s3_bucket_producer_with_no_taskflow', 'dataset_alias_example_alias_producer_with_no_taskflow', 'dataset_s3_bucket_consumer_with_no_taskflow' retrieved from /Users/alookso/1007MLpj/myenv/lib/python3.10/site-packages/airflow/example_dags/example_dataset_alias_with_no_taskflow.py
[2024-10-10T23:58:56.784+0900] {logging_mixin.py:190} INFO - [2024-10-10T23:58:56.783+0900] {dag.py:3239} INFO - Sync 4 DAGs
[2024-10-10T23:58:56.805+0900] {logging_mixin.py:190} INFO - [2024-10-10T23:58:56.805+0900] {dag.py:4180} INFO - Setting next_dagrun for dataset_alias_example_alias_consumer_with_no_taskflow to None, run_after=None
[2024-10-10T23:58:56.807+0900] {logging_mixin.py:190} INFO - [2024-10-10T23:58:56.807+0900] {dag.py:4180} INFO - Setting next_dagrun for dataset_alias_example_alias_producer_with_no_taskflow to None, run_after=None
[2024-10-10T23:58:56.808+0900] {logging_mixin.py:190} INFO - [2024-10-10T23:58:56.808+0900] {dag.py:4180} INFO - Setting next_dagrun for dataset_s3_bucket_consumer_with_no_taskflow to None, run_after=None
[2024-10-10T23:58:56.809+0900] {logging_mixin.py:190} INFO - [2024-10-10T23:58:56.809+0900] {dag.py:4180} INFO - Setting next_dagrun for dataset_s3_bucket_producer_with_no_taskflow to None, run_after=None
[2024-10-10T23:58:56.832+0900] {processor.py:208} INFO - Processing /Users/alookso/1007MLpj/myenv/lib/python3.10/site-packages/airflow/example_dags/example_dataset_alias_with_no_taskflow.py took 0.303 seconds
[2024-10-11T00:03:11.229+0900] {processor.py:186} INFO - Started process (PID=64165) to work on /Users/alookso/1007MLpj/myenv/lib/python3.10/site-packages/airflow/example_dags/example_dataset_alias_with_no_taskflow.py
[2024-10-11T00:03:11.230+0900] {processor.py:914} INFO - Processing file /Users/alookso/1007MLpj/myenv/lib/python3.10/site-packages/airflow/example_dags/example_dataset_alias_with_no_taskflow.py for tasks to queue
[2024-10-11T00:03:11.231+0900] {logging_mixin.py:190} INFO - [2024-10-11T00:03:11.231+0900] {dagbag.py:588} INFO - Filling up the DagBag from /Users/alookso/1007MLpj/myenv/lib/python3.10/site-packages/airflow/example_dags/example_dataset_alias_with_no_taskflow.py
[2024-10-11T00:03:11.427+0900] {processor.py:925} INFO - DAG(s) 'dataset_alias_example_alias_producer_with_no_taskflow', 'dataset_s3_bucket_consumer_with_no_taskflow', 'dataset_s3_bucket_producer_with_no_taskflow', 'dataset_alias_example_alias_consumer_with_no_taskflow' retrieved from /Users/alookso/1007MLpj/myenv/lib/python3.10/site-packages/airflow/example_dags/example_dataset_alias_with_no_taskflow.py
[2024-10-11T00:03:11.456+0900] {logging_mixin.py:190} INFO - [2024-10-11T00:03:11.455+0900] {dag.py:3239} INFO - Sync 4 DAGs
[2024-10-11T00:03:11.477+0900] {logging_mixin.py:190} INFO - [2024-10-11T00:03:11.476+0900] {dag.py:4180} INFO - Setting next_dagrun for dataset_alias_example_alias_consumer_with_no_taskflow to None, run_after=None
[2024-10-11T00:03:11.479+0900] {logging_mixin.py:190} INFO - [2024-10-11T00:03:11.479+0900] {dag.py:4180} INFO - Setting next_dagrun for dataset_alias_example_alias_producer_with_no_taskflow to None, run_after=None
[2024-10-11T00:03:11.480+0900] {logging_mixin.py:190} INFO - [2024-10-11T00:03:11.480+0900] {dag.py:4180} INFO - Setting next_dagrun for dataset_s3_bucket_consumer_with_no_taskflow to None, run_after=None
[2024-10-11T00:03:11.481+0900] {logging_mixin.py:190} INFO - [2024-10-11T00:03:11.481+0900] {dag.py:4180} INFO - Setting next_dagrun for dataset_s3_bucket_producer_with_no_taskflow to None, run_after=None
[2024-10-11T00:03:11.504+0900] {processor.py:208} INFO - Processing /Users/alookso/1007MLpj/myenv/lib/python3.10/site-packages/airflow/example_dags/example_dataset_alias_with_no_taskflow.py took 0.280 seconds
[2024-10-11T00:10:13.631+0900] {processor.py:186} INFO - Started process (PID=64538) to work on /Users/alookso/1007MLpj/myenv/lib/python3.10/site-packages/airflow/example_dags/example_dataset_alias_with_no_taskflow.py
[2024-10-11T00:10:13.631+0900] {processor.py:914} INFO - Processing file /Users/alookso/1007MLpj/myenv/lib/python3.10/site-packages/airflow/example_dags/example_dataset_alias_with_no_taskflow.py for tasks to queue
[2024-10-11T00:10:13.632+0900] {logging_mixin.py:190} INFO - [2024-10-11T00:10:13.632+0900] {dagbag.py:588} INFO - Filling up the DagBag from /Users/alookso/1007MLpj/myenv/lib/python3.10/site-packages/airflow/example_dags/example_dataset_alias_with_no_taskflow.py
[2024-10-11T00:10:13.825+0900] {processor.py:925} INFO - DAG(s) 'dataset_alias_example_alias_producer_with_no_taskflow', 'dataset_alias_example_alias_consumer_with_no_taskflow', 'dataset_s3_bucket_producer_with_no_taskflow', 'dataset_s3_bucket_consumer_with_no_taskflow' retrieved from /Users/alookso/1007MLpj/myenv/lib/python3.10/site-packages/airflow/example_dags/example_dataset_alias_with_no_taskflow.py
[2024-10-11T00:10:13.852+0900] {logging_mixin.py:190} INFO - [2024-10-11T00:10:13.852+0900] {dag.py:3239} INFO - Sync 4 DAGs
[2024-10-11T00:10:13.872+0900] {logging_mixin.py:190} INFO - [2024-10-11T00:10:13.872+0900] {dag.py:4180} INFO - Setting next_dagrun for dataset_alias_example_alias_consumer_with_no_taskflow to None, run_after=None
[2024-10-11T00:10:13.875+0900] {logging_mixin.py:190} INFO - [2024-10-11T00:10:13.874+0900] {dag.py:4180} INFO - Setting next_dagrun for dataset_alias_example_alias_producer_with_no_taskflow to None, run_after=None
[2024-10-11T00:10:13.876+0900] {logging_mixin.py:190} INFO - [2024-10-11T00:10:13.875+0900] {dag.py:4180} INFO - Setting next_dagrun for dataset_s3_bucket_consumer_with_no_taskflow to None, run_after=None
[2024-10-11T00:10:13.877+0900] {logging_mixin.py:190} INFO - [2024-10-11T00:10:13.876+0900] {dag.py:4180} INFO - Setting next_dagrun for dataset_s3_bucket_producer_with_no_taskflow to None, run_after=None
[2024-10-11T00:10:13.899+0900] {processor.py:208} INFO - Processing /Users/alookso/1007MLpj/myenv/lib/python3.10/site-packages/airflow/example_dags/example_dataset_alias_with_no_taskflow.py took 0.274 seconds
[2024-10-11T00:13:26.816+0900] {processor.py:186} INFO - Started process (PID=64710) to work on /Users/alookso/1007MLpj/myenv/lib/python3.10/site-packages/airflow/example_dags/example_dataset_alias_with_no_taskflow.py
[2024-10-11T00:13:26.817+0900] {processor.py:914} INFO - Processing file /Users/alookso/1007MLpj/myenv/lib/python3.10/site-packages/airflow/example_dags/example_dataset_alias_with_no_taskflow.py for tasks to queue
[2024-10-11T00:13:26.818+0900] {logging_mixin.py:190} INFO - [2024-10-11T00:13:26.818+0900] {dagbag.py:588} INFO - Filling up the DagBag from /Users/alookso/1007MLpj/myenv/lib/python3.10/site-packages/airflow/example_dags/example_dataset_alias_with_no_taskflow.py
[2024-10-11T00:13:27.006+0900] {processor.py:925} INFO - DAG(s) 'dataset_s3_bucket_consumer_with_no_taskflow', 'dataset_alias_example_alias_producer_with_no_taskflow', 'dataset_alias_example_alias_consumer_with_no_taskflow', 'dataset_s3_bucket_producer_with_no_taskflow' retrieved from /Users/alookso/1007MLpj/myenv/lib/python3.10/site-packages/airflow/example_dags/example_dataset_alias_with_no_taskflow.py
[2024-10-11T00:13:27.033+0900] {logging_mixin.py:190} INFO - [2024-10-11T00:13:27.033+0900] {dag.py:3239} INFO - Sync 4 DAGs
[2024-10-11T00:13:27.054+0900] {logging_mixin.py:190} INFO - [2024-10-11T00:13:27.053+0900] {dag.py:4180} INFO - Setting next_dagrun for dataset_alias_example_alias_consumer_with_no_taskflow to None, run_after=None
[2024-10-11T00:13:27.056+0900] {logging_mixin.py:190} INFO - [2024-10-11T00:13:27.056+0900] {dag.py:4180} INFO - Setting next_dagrun for dataset_alias_example_alias_producer_with_no_taskflow to None, run_after=None
[2024-10-11T00:13:27.057+0900] {logging_mixin.py:190} INFO - [2024-10-11T00:13:27.057+0900] {dag.py:4180} INFO - Setting next_dagrun for dataset_s3_bucket_consumer_with_no_taskflow to None, run_after=None
[2024-10-11T00:13:27.058+0900] {logging_mixin.py:190} INFO - [2024-10-11T00:13:27.058+0900] {dag.py:4180} INFO - Setting next_dagrun for dataset_s3_bucket_producer_with_no_taskflow to None, run_after=None
[2024-10-11T00:13:27.080+0900] {processor.py:208} INFO - Processing /Users/alookso/1007MLpj/myenv/lib/python3.10/site-packages/airflow/example_dags/example_dataset_alias_with_no_taskflow.py took 0.268 seconds
[2024-10-11T00:18:29.531+0900] {processor.py:186} INFO - Started process (PID=64866) to work on /Users/alookso/1007MLpj/myenv/lib/python3.10/site-packages/airflow/example_dags/example_dataset_alias_with_no_taskflow.py
[2024-10-11T00:18:29.532+0900] {processor.py:914} INFO - Processing file /Users/alookso/1007MLpj/myenv/lib/python3.10/site-packages/airflow/example_dags/example_dataset_alias_with_no_taskflow.py for tasks to queue
[2024-10-11T00:18:29.533+0900] {logging_mixin.py:190} INFO - [2024-10-11T00:18:29.533+0900] {dagbag.py:588} INFO - Filling up the DagBag from /Users/alookso/1007MLpj/myenv/lib/python3.10/site-packages/airflow/example_dags/example_dataset_alias_with_no_taskflow.py
[2024-10-11T00:18:29.742+0900] {processor.py:925} INFO - DAG(s) 'dataset_s3_bucket_producer_with_no_taskflow', 'dataset_s3_bucket_consumer_with_no_taskflow', 'dataset_alias_example_alias_producer_with_no_taskflow', 'dataset_alias_example_alias_consumer_with_no_taskflow' retrieved from /Users/alookso/1007MLpj/myenv/lib/python3.10/site-packages/airflow/example_dags/example_dataset_alias_with_no_taskflow.py
[2024-10-11T00:18:29.773+0900] {logging_mixin.py:190} INFO - [2024-10-11T00:18:29.773+0900] {dag.py:3239} INFO - Sync 4 DAGs
[2024-10-11T00:18:29.794+0900] {logging_mixin.py:190} INFO - [2024-10-11T00:18:29.793+0900] {dag.py:4180} INFO - Setting next_dagrun for dataset_alias_example_alias_consumer_with_no_taskflow to None, run_after=None
[2024-10-11T00:18:29.796+0900] {logging_mixin.py:190} INFO - [2024-10-11T00:18:29.796+0900] {dag.py:4180} INFO - Setting next_dagrun for dataset_alias_example_alias_producer_with_no_taskflow to None, run_after=None
[2024-10-11T00:18:29.797+0900] {logging_mixin.py:190} INFO - [2024-10-11T00:18:29.797+0900] {dag.py:4180} INFO - Setting next_dagrun for dataset_s3_bucket_consumer_with_no_taskflow to None, run_after=None
[2024-10-11T00:18:29.798+0900] {logging_mixin.py:190} INFO - [2024-10-11T00:18:29.798+0900] {dag.py:4180} INFO - Setting next_dagrun for dataset_s3_bucket_producer_with_no_taskflow to None, run_after=None
[2024-10-11T00:18:29.820+0900] {processor.py:208} INFO - Processing /Users/alookso/1007MLpj/myenv/lib/python3.10/site-packages/airflow/example_dags/example_dataset_alias_with_no_taskflow.py took 0.293 seconds
[2024-10-11T00:23:36.490+0900] {processor.py:186} INFO - Started process (PID=65047) to work on /Users/alookso/1007MLpj/myenv/lib/python3.10/site-packages/airflow/example_dags/example_dataset_alias_with_no_taskflow.py
[2024-10-11T00:23:36.491+0900] {processor.py:914} INFO - Processing file /Users/alookso/1007MLpj/myenv/lib/python3.10/site-packages/airflow/example_dags/example_dataset_alias_with_no_taskflow.py for tasks to queue
[2024-10-11T00:23:36.492+0900] {logging_mixin.py:190} INFO - [2024-10-11T00:23:36.492+0900] {dagbag.py:588} INFO - Filling up the DagBag from /Users/alookso/1007MLpj/myenv/lib/python3.10/site-packages/airflow/example_dags/example_dataset_alias_with_no_taskflow.py
[2024-10-11T00:23:36.694+0900] {processor.py:925} INFO - DAG(s) 'dataset_alias_example_alias_consumer_with_no_taskflow', 'dataset_s3_bucket_consumer_with_no_taskflow', 'dataset_s3_bucket_producer_with_no_taskflow', 'dataset_alias_example_alias_producer_with_no_taskflow' retrieved from /Users/alookso/1007MLpj/myenv/lib/python3.10/site-packages/airflow/example_dags/example_dataset_alias_with_no_taskflow.py
[2024-10-11T00:23:36.725+0900] {logging_mixin.py:190} INFO - [2024-10-11T00:23:36.725+0900] {dag.py:3239} INFO - Sync 4 DAGs
[2024-10-11T00:23:36.750+0900] {logging_mixin.py:190} INFO - [2024-10-11T00:23:36.750+0900] {dag.py:4180} INFO - Setting next_dagrun for dataset_alias_example_alias_consumer_with_no_taskflow to None, run_after=None
[2024-10-11T00:23:36.753+0900] {logging_mixin.py:190} INFO - [2024-10-11T00:23:36.752+0900] {dag.py:4180} INFO - Setting next_dagrun for dataset_alias_example_alias_producer_with_no_taskflow to None, run_after=None
[2024-10-11T00:23:36.754+0900] {logging_mixin.py:190} INFO - [2024-10-11T00:23:36.754+0900] {dag.py:4180} INFO - Setting next_dagrun for dataset_s3_bucket_consumer_with_no_taskflow to None, run_after=None
[2024-10-11T00:23:36.755+0900] {logging_mixin.py:190} INFO - [2024-10-11T00:23:36.755+0900] {dag.py:4180} INFO - Setting next_dagrun for dataset_s3_bucket_producer_with_no_taskflow to None, run_after=None
[2024-10-11T00:23:36.778+0900] {processor.py:208} INFO - Processing /Users/alookso/1007MLpj/myenv/lib/python3.10/site-packages/airflow/example_dags/example_dataset_alias_with_no_taskflow.py took 0.292 seconds
[2024-10-11T00:29:41.531+0900] {processor.py:186} INFO - Started process (PID=65339) to work on /Users/alookso/1007MLpj/myenv/lib/python3.10/site-packages/airflow/example_dags/example_dataset_alias_with_no_taskflow.py
[2024-10-11T00:29:41.532+0900] {processor.py:914} INFO - Processing file /Users/alookso/1007MLpj/myenv/lib/python3.10/site-packages/airflow/example_dags/example_dataset_alias_with_no_taskflow.py for tasks to queue
[2024-10-11T00:29:41.533+0900] {logging_mixin.py:190} INFO - [2024-10-11T00:29:41.532+0900] {dagbag.py:588} INFO - Filling up the DagBag from /Users/alookso/1007MLpj/myenv/lib/python3.10/site-packages/airflow/example_dags/example_dataset_alias_with_no_taskflow.py
[2024-10-11T00:29:41.736+0900] {processor.py:925} INFO - DAG(s) 'dataset_s3_bucket_producer_with_no_taskflow', 'dataset_s3_bucket_consumer_with_no_taskflow', 'dataset_alias_example_alias_consumer_with_no_taskflow', 'dataset_alias_example_alias_producer_with_no_taskflow' retrieved from /Users/alookso/1007MLpj/myenv/lib/python3.10/site-packages/airflow/example_dags/example_dataset_alias_with_no_taskflow.py
[2024-10-11T00:29:41.764+0900] {logging_mixin.py:190} INFO - [2024-10-11T00:29:41.764+0900] {dag.py:3239} INFO - Sync 4 DAGs
[2024-10-11T00:29:41.786+0900] {logging_mixin.py:190} INFO - [2024-10-11T00:29:41.785+0900] {dag.py:4180} INFO - Setting next_dagrun for dataset_alias_example_alias_consumer_with_no_taskflow to None, run_after=None
[2024-10-11T00:29:41.788+0900] {logging_mixin.py:190} INFO - [2024-10-11T00:29:41.788+0900] {dag.py:4180} INFO - Setting next_dagrun for dataset_alias_example_alias_producer_with_no_taskflow to None, run_after=None
[2024-10-11T00:29:41.789+0900] {logging_mixin.py:190} INFO - [2024-10-11T00:29:41.789+0900] {dag.py:4180} INFO - Setting next_dagrun for dataset_s3_bucket_consumer_with_no_taskflow to None, run_after=None
[2024-10-11T00:29:41.790+0900] {logging_mixin.py:190} INFO - [2024-10-11T00:29:41.790+0900] {dag.py:4180} INFO - Setting next_dagrun for dataset_s3_bucket_producer_with_no_taskflow to None, run_after=None
[2024-10-11T00:29:41.813+0900] {processor.py:208} INFO - Processing /Users/alookso/1007MLpj/myenv/lib/python3.10/site-packages/airflow/example_dags/example_dataset_alias_with_no_taskflow.py took 0.288 seconds
[2024-10-11T00:36:52.010+0900] {processor.py:186} INFO - Started process (PID=65667) to work on /Users/alookso/1007MLpj/myenv/lib/python3.10/site-packages/airflow/example_dags/example_dataset_alias_with_no_taskflow.py
[2024-10-11T00:36:52.011+0900] {processor.py:914} INFO - Processing file /Users/alookso/1007MLpj/myenv/lib/python3.10/site-packages/airflow/example_dags/example_dataset_alias_with_no_taskflow.py for tasks to queue
[2024-10-11T00:36:52.012+0900] {logging_mixin.py:190} INFO - [2024-10-11T00:36:52.012+0900] {dagbag.py:588} INFO - Filling up the DagBag from /Users/alookso/1007MLpj/myenv/lib/python3.10/site-packages/airflow/example_dags/example_dataset_alias_with_no_taskflow.py
[2024-10-11T00:36:52.213+0900] {processor.py:925} INFO - DAG(s) 'dataset_alias_example_alias_producer_with_no_taskflow', 'dataset_s3_bucket_consumer_with_no_taskflow', 'dataset_alias_example_alias_consumer_with_no_taskflow', 'dataset_s3_bucket_producer_with_no_taskflow' retrieved from /Users/alookso/1007MLpj/myenv/lib/python3.10/site-packages/airflow/example_dags/example_dataset_alias_with_no_taskflow.py
[2024-10-11T00:36:52.244+0900] {logging_mixin.py:190} INFO - [2024-10-11T00:36:52.243+0900] {dag.py:3239} INFO - Sync 4 DAGs
[2024-10-11T00:36:52.266+0900] {logging_mixin.py:190} INFO - [2024-10-11T00:36:52.266+0900] {dag.py:4180} INFO - Setting next_dagrun for dataset_alias_example_alias_consumer_with_no_taskflow to None, run_after=None
[2024-10-11T00:36:52.268+0900] {logging_mixin.py:190} INFO - [2024-10-11T00:36:52.268+0900] {dag.py:4180} INFO - Setting next_dagrun for dataset_alias_example_alias_producer_with_no_taskflow to None, run_after=None
[2024-10-11T00:36:52.269+0900] {logging_mixin.py:190} INFO - [2024-10-11T00:36:52.269+0900] {dag.py:4180} INFO - Setting next_dagrun for dataset_s3_bucket_consumer_with_no_taskflow to None, run_after=None
[2024-10-11T00:36:52.270+0900] {logging_mixin.py:190} INFO - [2024-10-11T00:36:52.270+0900] {dag.py:4180} INFO - Setting next_dagrun for dataset_s3_bucket_producer_with_no_taskflow to None, run_after=None
[2024-10-11T00:36:52.293+0900] {processor.py:208} INFO - Processing /Users/alookso/1007MLpj/myenv/lib/python3.10/site-packages/airflow/example_dags/example_dataset_alias_with_no_taskflow.py took 0.288 seconds
[2024-10-11T00:44:08.311+0900] {processor.py:186} INFO - Started process (PID=66034) to work on /Users/alookso/1007MLpj/myenv/lib/python3.10/site-packages/airflow/example_dags/example_dataset_alias_with_no_taskflow.py
[2024-10-11T00:44:08.311+0900] {processor.py:914} INFO - Processing file /Users/alookso/1007MLpj/myenv/lib/python3.10/site-packages/airflow/example_dags/example_dataset_alias_with_no_taskflow.py for tasks to queue
[2024-10-11T00:44:08.312+0900] {logging_mixin.py:190} INFO - [2024-10-11T00:44:08.312+0900] {dagbag.py:588} INFO - Filling up the DagBag from /Users/alookso/1007MLpj/myenv/lib/python3.10/site-packages/airflow/example_dags/example_dataset_alias_with_no_taskflow.py
[2024-10-11T00:44:08.510+0900] {processor.py:925} INFO - DAG(s) 'dataset_s3_bucket_producer_with_no_taskflow', 'dataset_alias_example_alias_consumer_with_no_taskflow', 'dataset_s3_bucket_consumer_with_no_taskflow', 'dataset_alias_example_alias_producer_with_no_taskflow' retrieved from /Users/alookso/1007MLpj/myenv/lib/python3.10/site-packages/airflow/example_dags/example_dataset_alias_with_no_taskflow.py
[2024-10-11T00:44:08.538+0900] {logging_mixin.py:190} INFO - [2024-10-11T00:44:08.538+0900] {dag.py:3239} INFO - Sync 4 DAGs
[2024-10-11T00:44:08.560+0900] {logging_mixin.py:190} INFO - [2024-10-11T00:44:08.560+0900] {dag.py:4180} INFO - Setting next_dagrun for dataset_alias_example_alias_consumer_with_no_taskflow to None, run_after=None
[2024-10-11T00:44:08.562+0900] {logging_mixin.py:190} INFO - [2024-10-11T00:44:08.562+0900] {dag.py:4180} INFO - Setting next_dagrun for dataset_alias_example_alias_producer_with_no_taskflow to None, run_after=None
[2024-10-11T00:44:08.563+0900] {logging_mixin.py:190} INFO - [2024-10-11T00:44:08.563+0900] {dag.py:4180} INFO - Setting next_dagrun for dataset_s3_bucket_consumer_with_no_taskflow to None, run_after=None
[2024-10-11T00:44:08.564+0900] {logging_mixin.py:190} INFO - [2024-10-11T00:44:08.564+0900] {dag.py:4180} INFO - Setting next_dagrun for dataset_s3_bucket_producer_with_no_taskflow to None, run_after=None
[2024-10-11T00:44:08.588+0900] {processor.py:208} INFO - Processing /Users/alookso/1007MLpj/myenv/lib/python3.10/site-packages/airflow/example_dags/example_dataset_alias_with_no_taskflow.py took 0.281 seconds
[2024-10-11T00:51:10.881+0900] {processor.py:186} INFO - Started process (PID=66371) to work on /Users/alookso/1007MLpj/myenv/lib/python3.10/site-packages/airflow/example_dags/example_dataset_alias_with_no_taskflow.py
[2024-10-11T00:51:10.882+0900] {processor.py:914} INFO - Processing file /Users/alookso/1007MLpj/myenv/lib/python3.10/site-packages/airflow/example_dags/example_dataset_alias_with_no_taskflow.py for tasks to queue
[2024-10-11T00:51:10.883+0900] {logging_mixin.py:190} INFO - [2024-10-11T00:51:10.883+0900] {dagbag.py:588} INFO - Filling up the DagBag from /Users/alookso/1007MLpj/myenv/lib/python3.10/site-packages/airflow/example_dags/example_dataset_alias_with_no_taskflow.py
[2024-10-11T00:51:11.076+0900] {processor.py:925} INFO - DAG(s) 'dataset_alias_example_alias_producer_with_no_taskflow', 'dataset_s3_bucket_consumer_with_no_taskflow', 'dataset_alias_example_alias_consumer_with_no_taskflow', 'dataset_s3_bucket_producer_with_no_taskflow' retrieved from /Users/alookso/1007MLpj/myenv/lib/python3.10/site-packages/airflow/example_dags/example_dataset_alias_with_no_taskflow.py
[2024-10-11T00:51:11.104+0900] {logging_mixin.py:190} INFO - [2024-10-11T00:51:11.104+0900] {dag.py:3239} INFO - Sync 4 DAGs
[2024-10-11T00:51:11.124+0900] {logging_mixin.py:190} INFO - [2024-10-11T00:51:11.124+0900] {dag.py:4180} INFO - Setting next_dagrun for dataset_alias_example_alias_consumer_with_no_taskflow to None, run_after=None
[2024-10-11T00:51:11.127+0900] {logging_mixin.py:190} INFO - [2024-10-11T00:51:11.126+0900] {dag.py:4180} INFO - Setting next_dagrun for dataset_alias_example_alias_producer_with_no_taskflow to None, run_after=None
[2024-10-11T00:51:11.128+0900] {logging_mixin.py:190} INFO - [2024-10-11T00:51:11.127+0900] {dag.py:4180} INFO - Setting next_dagrun for dataset_s3_bucket_consumer_with_no_taskflow to None, run_after=None
[2024-10-11T00:51:11.129+0900] {logging_mixin.py:190} INFO - [2024-10-11T00:51:11.128+0900] {dag.py:4180} INFO - Setting next_dagrun for dataset_s3_bucket_producer_with_no_taskflow to None, run_after=None
[2024-10-11T00:51:11.151+0900] {processor.py:208} INFO - Processing /Users/alookso/1007MLpj/myenv/lib/python3.10/site-packages/airflow/example_dags/example_dataset_alias_with_no_taskflow.py took 0.275 seconds
[2024-10-11T00:54:27.505+0900] {processor.py:186} INFO - Started process (PID=66566) to work on /Users/alookso/1007MLpj/myenv/lib/python3.10/site-packages/airflow/example_dags/example_dataset_alias_with_no_taskflow.py
[2024-10-11T00:54:27.506+0900] {processor.py:914} INFO - Processing file /Users/alookso/1007MLpj/myenv/lib/python3.10/site-packages/airflow/example_dags/example_dataset_alias_with_no_taskflow.py for tasks to queue
[2024-10-11T00:54:27.507+0900] {logging_mixin.py:190} INFO - [2024-10-11T00:54:27.506+0900] {dagbag.py:588} INFO - Filling up the DagBag from /Users/alookso/1007MLpj/myenv/lib/python3.10/site-packages/airflow/example_dags/example_dataset_alias_with_no_taskflow.py
[2024-10-11T00:54:27.703+0900] {processor.py:925} INFO - DAG(s) 'dataset_s3_bucket_producer_with_no_taskflow', 'dataset_s3_bucket_consumer_with_no_taskflow', 'dataset_alias_example_alias_consumer_with_no_taskflow', 'dataset_alias_example_alias_producer_with_no_taskflow' retrieved from /Users/alookso/1007MLpj/myenv/lib/python3.10/site-packages/airflow/example_dags/example_dataset_alias_with_no_taskflow.py
[2024-10-11T00:54:27.731+0900] {logging_mixin.py:190} INFO - [2024-10-11T00:54:27.730+0900] {dag.py:3239} INFO - Sync 4 DAGs
[2024-10-11T00:54:27.753+0900] {logging_mixin.py:190} INFO - [2024-10-11T00:54:27.752+0900] {dag.py:4180} INFO - Setting next_dagrun for dataset_alias_example_alias_consumer_with_no_taskflow to None, run_after=None
[2024-10-11T00:54:27.755+0900] {logging_mixin.py:190} INFO - [2024-10-11T00:54:27.755+0900] {dag.py:4180} INFO - Setting next_dagrun for dataset_alias_example_alias_producer_with_no_taskflow to None, run_after=None
[2024-10-11T00:54:27.756+0900] {logging_mixin.py:190} INFO - [2024-10-11T00:54:27.756+0900] {dag.py:4180} INFO - Setting next_dagrun for dataset_s3_bucket_consumer_with_no_taskflow to None, run_after=None
[2024-10-11T00:54:27.757+0900] {logging_mixin.py:190} INFO - [2024-10-11T00:54:27.757+0900] {dag.py:4180} INFO - Setting next_dagrun for dataset_s3_bucket_producer_with_no_taskflow to None, run_after=None
[2024-10-11T00:54:27.780+0900] {processor.py:208} INFO - Processing /Users/alookso/1007MLpj/myenv/lib/python3.10/site-packages/airflow/example_dags/example_dataset_alias_with_no_taskflow.py took 0.281 seconds
