[2024-10-10T15:34:00.947+0900] {processor.py:186} INFO - Started process (PID=56087) to work on /Users/alookso/1007MLpj/myenv/lib/python3.10/site-packages/airflow/example_dags/example_outlet_event_extra.py
[2024-10-10T15:34:00.948+0900] {processor.py:914} INFO - Processing file /Users/alookso/1007MLpj/myenv/lib/python3.10/site-packages/airflow/example_dags/example_outlet_event_extra.py for tasks to queue
[2024-10-10T15:34:00.950+0900] {logging_mixin.py:190} INFO - [2024-10-10T15:34:00.950+0900] {dagbag.py:588} INFO - Filling up the DagBag from /Users/alookso/1007MLpj/myenv/lib/python3.10/site-packages/airflow/example_dags/example_outlet_event_extra.py
[2024-10-10T15:34:01.055+0900] {processor.py:925} INFO - DAG(s) 'dataset_with_extra_by_yield', 'dataset_with_extra_from_classic_operator', 'dataset_with_extra_by_context' retrieved from /Users/alookso/1007MLpj/myenv/lib/python3.10/site-packages/airflow/example_dags/example_outlet_event_extra.py
[2024-10-10T15:34:01.325+0900] {logging_mixin.py:190} INFO - [2024-10-10T15:34:01.324+0900] {override.py:1901} INFO - Created Permission View: can delete on DAG:dataset_with_extra_by_yield
[2024-10-10T15:34:01.335+0900] {logging_mixin.py:190} INFO - [2024-10-10T15:34:01.335+0900] {override.py:1901} INFO - Created Permission View: can edit on DAG:dataset_with_extra_by_yield
[2024-10-10T15:34:01.343+0900] {logging_mixin.py:190} INFO - [2024-10-10T15:34:01.342+0900] {override.py:1901} INFO - Created Permission View: can read on DAG:dataset_with_extra_by_yield
[2024-10-10T15:34:01.352+0900] {logging_mixin.py:190} INFO - [2024-10-10T15:34:01.352+0900] {override.py:1901} INFO - Created Permission View: menu access on DAG Run:dataset_with_extra_by_yield
[2024-10-10T15:34:01.359+0900] {logging_mixin.py:190} INFO - [2024-10-10T15:34:01.358+0900] {override.py:1901} INFO - Created Permission View: can delete on DAG Run:dataset_with_extra_by_yield
[2024-10-10T15:34:01.367+0900] {logging_mixin.py:190} INFO - [2024-10-10T15:34:01.367+0900] {override.py:1901} INFO - Created Permission View: can create on DAG Run:dataset_with_extra_by_yield
[2024-10-10T15:34:01.374+0900] {logging_mixin.py:190} INFO - [2024-10-10T15:34:01.373+0900] {override.py:1901} INFO - Created Permission View: can read on DAG Run:dataset_with_extra_by_yield
[2024-10-10T15:34:01.389+0900] {logging_mixin.py:190} INFO - [2024-10-10T15:34:01.389+0900] {override.py:1901} INFO - Created Permission View: can delete on DAG:dataset_with_extra_from_classic_operator
[2024-10-10T15:34:01.397+0900] {logging_mixin.py:190} INFO - [2024-10-10T15:34:01.397+0900] {override.py:1901} INFO - Created Permission View: can edit on DAG:dataset_with_extra_from_classic_operator
[2024-10-10T15:34:01.407+0900] {logging_mixin.py:190} INFO - [2024-10-10T15:34:01.407+0900] {override.py:1901} INFO - Created Permission View: can read on DAG:dataset_with_extra_from_classic_operator
[2024-10-10T15:34:01.418+0900] {logging_mixin.py:190} INFO - [2024-10-10T15:34:01.418+0900] {override.py:1901} INFO - Created Permission View: menu access on DAG Run:dataset_with_extra_from_classic_operator
[2024-10-10T15:34:01.426+0900] {logging_mixin.py:190} INFO - [2024-10-10T15:34:01.425+0900] {override.py:1901} INFO - Created Permission View: can delete on DAG Run:dataset_with_extra_from_classic_operator
[2024-10-10T15:34:01.433+0900] {logging_mixin.py:190} INFO - [2024-10-10T15:34:01.433+0900] {override.py:1901} INFO - Created Permission View: can create on DAG Run:dataset_with_extra_from_classic_operator
[2024-10-10T15:34:01.442+0900] {logging_mixin.py:190} INFO - [2024-10-10T15:34:01.441+0900] {override.py:1901} INFO - Created Permission View: can read on DAG Run:dataset_with_extra_from_classic_operator
[2024-10-10T15:34:01.457+0900] {logging_mixin.py:190} INFO - [2024-10-10T15:34:01.457+0900] {override.py:1901} INFO - Created Permission View: can delete on DAG:dataset_with_extra_by_context
[2024-10-10T15:34:01.467+0900] {logging_mixin.py:190} INFO - [2024-10-10T15:34:01.466+0900] {override.py:1901} INFO - Created Permission View: can edit on DAG:dataset_with_extra_by_context
[2024-10-10T15:34:01.476+0900] {logging_mixin.py:190} INFO - [2024-10-10T15:34:01.475+0900] {override.py:1901} INFO - Created Permission View: can read on DAG:dataset_with_extra_by_context
[2024-10-10T15:34:01.486+0900] {logging_mixin.py:190} INFO - [2024-10-10T15:34:01.485+0900] {override.py:1901} INFO - Created Permission View: menu access on DAG Run:dataset_with_extra_by_context
[2024-10-10T15:34:01.493+0900] {logging_mixin.py:190} INFO - [2024-10-10T15:34:01.493+0900] {override.py:1901} INFO - Created Permission View: can delete on DAG Run:dataset_with_extra_by_context
[2024-10-10T15:34:01.501+0900] {logging_mixin.py:190} INFO - [2024-10-10T15:34:01.501+0900] {override.py:1901} INFO - Created Permission View: can create on DAG Run:dataset_with_extra_by_context
[2024-10-10T15:34:01.508+0900] {logging_mixin.py:190} INFO - [2024-10-10T15:34:01.508+0900] {override.py:1901} INFO - Created Permission View: can read on DAG Run:dataset_with_extra_by_context
[2024-10-10T15:34:01.509+0900] {logging_mixin.py:190} INFO - [2024-10-10T15:34:01.508+0900] {dag.py:3239} INFO - Sync 3 DAGs
[2024-10-10T15:34:01.523+0900] {logging_mixin.py:190} INFO - [2024-10-10T15:34:01.523+0900] {dag.py:3262} INFO - Creating ORM DAG for dataset_with_extra_by_context
[2024-10-10T15:34:01.524+0900] {logging_mixin.py:190} INFO - [2024-10-10T15:34:01.524+0900] {dag.py:3262} INFO - Creating ORM DAG for dataset_with_extra_from_classic_operator
[2024-10-10T15:34:01.525+0900] {logging_mixin.py:190} INFO - [2024-10-10T15:34:01.525+0900] {dag.py:3262} INFO - Creating ORM DAG for dataset_with_extra_by_yield
[2024-10-10T15:34:01.536+0900] {logging_mixin.py:190} INFO - [2024-10-10T15:34:01.536+0900] {dag.py:4180} INFO - Setting next_dagrun for dataset_with_extra_by_context to 2024-10-09T00:00:00+00:00, run_after=2024-10-10T00:00:00+00:00
[2024-10-10T15:34:01.538+0900] {logging_mixin.py:190} INFO - [2024-10-10T15:34:01.538+0900] {dag.py:4180} INFO - Setting next_dagrun for dataset_with_extra_by_yield to 2024-10-09T00:00:00+00:00, run_after=2024-10-10T00:00:00+00:00
[2024-10-10T15:34:01.542+0900] {logging_mixin.py:190} INFO - [2024-10-10T15:34:01.542+0900] {dag.py:4180} INFO - Setting next_dagrun for dataset_with_extra_from_classic_operator to 2024-10-09T00:00:00+00:00, run_after=2024-10-10T00:00:00+00:00
[2024-10-10T15:34:02.302+0900] {processor.py:208} INFO - Processing /Users/alookso/1007MLpj/myenv/lib/python3.10/site-packages/airflow/example_dags/example_outlet_event_extra.py took 1.361 seconds
[2024-10-10T15:38:32.288+0900] {processor.py:186} INFO - Started process (PID=56263) to work on /Users/alookso/1007MLpj/myenv/lib/python3.10/site-packages/airflow/example_dags/example_outlet_event_extra.py
[2024-10-10T15:38:32.289+0900] {processor.py:914} INFO - Processing file /Users/alookso/1007MLpj/myenv/lib/python3.10/site-packages/airflow/example_dags/example_outlet_event_extra.py for tasks to queue
[2024-10-10T15:38:32.290+0900] {logging_mixin.py:190} INFO - [2024-10-10T15:38:32.290+0900] {dagbag.py:588} INFO - Filling up the DagBag from /Users/alookso/1007MLpj/myenv/lib/python3.10/site-packages/airflow/example_dags/example_outlet_event_extra.py
[2024-10-10T15:38:32.397+0900] {processor.py:925} INFO - DAG(s) 'dataset_with_extra_from_classic_operator', 'dataset_with_extra_by_context', 'dataset_with_extra_by_yield' retrieved from /Users/alookso/1007MLpj/myenv/lib/python3.10/site-packages/airflow/example_dags/example_outlet_event_extra.py
[2024-10-10T15:38:32.541+0900] {logging_mixin.py:190} INFO - [2024-10-10T15:38:32.541+0900] {dag.py:3239} INFO - Sync 3 DAGs
[2024-10-10T15:38:32.566+0900] {logging_mixin.py:190} INFO - [2024-10-10T15:38:32.566+0900] {dag.py:4180} INFO - Setting next_dagrun for dataset_with_extra_by_context to 2024-10-09T00:00:00+00:00, run_after=2024-10-10T00:00:00+00:00
[2024-10-10T15:38:32.571+0900] {logging_mixin.py:190} INFO - [2024-10-10T15:38:32.571+0900] {dag.py:4180} INFO - Setting next_dagrun for dataset_with_extra_by_yield to 2024-10-09T00:00:00+00:00, run_after=2024-10-10T00:00:00+00:00
[2024-10-10T15:38:32.574+0900] {logging_mixin.py:190} INFO - [2024-10-10T15:38:32.574+0900] {dag.py:4180} INFO - Setting next_dagrun for dataset_with_extra_from_classic_operator to 2024-10-09T00:00:00+00:00, run_after=2024-10-10T00:00:00+00:00
[2024-10-10T15:38:32.598+0900] {processor.py:208} INFO - Processing /Users/alookso/1007MLpj/myenv/lib/python3.10/site-packages/airflow/example_dags/example_outlet_event_extra.py took 0.316 seconds
[2024-10-10T15:48:28.518+0900] {processor.py:186} INFO - Started process (PID=56743) to work on /Users/alookso/1007MLpj/myenv/lib/python3.10/site-packages/airflow/example_dags/example_outlet_event_extra.py
[2024-10-10T15:48:28.519+0900] {processor.py:914} INFO - Processing file /Users/alookso/1007MLpj/myenv/lib/python3.10/site-packages/airflow/example_dags/example_outlet_event_extra.py for tasks to queue
[2024-10-10T15:48:28.520+0900] {logging_mixin.py:190} INFO - [2024-10-10T15:48:28.520+0900] {dagbag.py:588} INFO - Filling up the DagBag from /Users/alookso/1007MLpj/myenv/lib/python3.10/site-packages/airflow/example_dags/example_outlet_event_extra.py
[2024-10-10T15:48:28.641+0900] {processor.py:925} INFO - DAG(s) 'dataset_with_extra_from_classic_operator', 'dataset_with_extra_by_context', 'dataset_with_extra_by_yield' retrieved from /Users/alookso/1007MLpj/myenv/lib/python3.10/site-packages/airflow/example_dags/example_outlet_event_extra.py
[2024-10-10T15:48:28.776+0900] {logging_mixin.py:190} INFO - [2024-10-10T15:48:28.776+0900] {dag.py:3239} INFO - Sync 3 DAGs
[2024-10-10T15:48:28.798+0900] {logging_mixin.py:190} INFO - [2024-10-10T15:48:28.798+0900] {dag.py:4180} INFO - Setting next_dagrun for dataset_with_extra_by_context to 2024-10-09T00:00:00+00:00, run_after=2024-10-10T00:00:00+00:00
[2024-10-10T15:48:28.803+0900] {logging_mixin.py:190} INFO - [2024-10-10T15:48:28.803+0900] {dag.py:4180} INFO - Setting next_dagrun for dataset_with_extra_by_yield to 2024-10-09T00:00:00+00:00, run_after=2024-10-10T00:00:00+00:00
[2024-10-10T15:48:28.806+0900] {logging_mixin.py:190} INFO - [2024-10-10T15:48:28.806+0900] {dag.py:4180} INFO - Setting next_dagrun for dataset_with_extra_from_classic_operator to 2024-10-09T00:00:00+00:00, run_after=2024-10-10T00:00:00+00:00
[2024-10-10T15:48:28.829+0900] {processor.py:208} INFO - Processing /Users/alookso/1007MLpj/myenv/lib/python3.10/site-packages/airflow/example_dags/example_outlet_event_extra.py took 0.317 seconds
[2024-10-10T15:52:40.485+0900] {processor.py:186} INFO - Started process (PID=56918) to work on /Users/alookso/1007MLpj/myenv/lib/python3.10/site-packages/airflow/example_dags/example_outlet_event_extra.py
[2024-10-10T15:52:40.486+0900] {processor.py:914} INFO - Processing file /Users/alookso/1007MLpj/myenv/lib/python3.10/site-packages/airflow/example_dags/example_outlet_event_extra.py for tasks to queue
[2024-10-10T15:52:40.487+0900] {logging_mixin.py:190} INFO - [2024-10-10T15:52:40.487+0900] {dagbag.py:588} INFO - Filling up the DagBag from /Users/alookso/1007MLpj/myenv/lib/python3.10/site-packages/airflow/example_dags/example_outlet_event_extra.py
[2024-10-10T15:52:40.585+0900] {processor.py:925} INFO - DAG(s) 'dataset_with_extra_by_yield', 'dataset_with_extra_by_context', 'dataset_with_extra_from_classic_operator' retrieved from /Users/alookso/1007MLpj/myenv/lib/python3.10/site-packages/airflow/example_dags/example_outlet_event_extra.py
[2024-10-10T15:52:40.719+0900] {logging_mixin.py:190} INFO - [2024-10-10T15:52:40.719+0900] {dag.py:3239} INFO - Sync 3 DAGs
[2024-10-10T15:52:40.741+0900] {logging_mixin.py:190} INFO - [2024-10-10T15:52:40.741+0900] {dag.py:4180} INFO - Setting next_dagrun for dataset_with_extra_by_context to 2024-10-09T00:00:00+00:00, run_after=2024-10-10T00:00:00+00:00
[2024-10-10T15:52:40.746+0900] {logging_mixin.py:190} INFO - [2024-10-10T15:52:40.746+0900] {dag.py:4180} INFO - Setting next_dagrun for dataset_with_extra_by_yield to 2024-10-09T00:00:00+00:00, run_after=2024-10-10T00:00:00+00:00
[2024-10-10T15:52:40.749+0900] {logging_mixin.py:190} INFO - [2024-10-10T15:52:40.749+0900] {dag.py:4180} INFO - Setting next_dagrun for dataset_with_extra_from_classic_operator to 2024-10-09T00:00:00+00:00, run_after=2024-10-10T00:00:00+00:00
[2024-10-10T15:52:40.772+0900] {processor.py:208} INFO - Processing /Users/alookso/1007MLpj/myenv/lib/python3.10/site-packages/airflow/example_dags/example_outlet_event_extra.py took 0.291 seconds
[2024-10-10T16:19:47.221+0900] {processor.py:186} INFO - Started process (PID=57397) to work on /Users/alookso/1007MLpj/myenv/lib/python3.10/site-packages/airflow/example_dags/example_outlet_event_extra.py
[2024-10-10T16:19:47.223+0900] {processor.py:914} INFO - Processing file /Users/alookso/1007MLpj/myenv/lib/python3.10/site-packages/airflow/example_dags/example_outlet_event_extra.py for tasks to queue
[2024-10-10T16:19:47.224+0900] {logging_mixin.py:190} INFO - [2024-10-10T16:19:47.224+0900] {dagbag.py:588} INFO - Filling up the DagBag from /Users/alookso/1007MLpj/myenv/lib/python3.10/site-packages/airflow/example_dags/example_outlet_event_extra.py
[2024-10-10T16:19:47.325+0900] {processor.py:925} INFO - DAG(s) 'dataset_with_extra_by_yield', 'dataset_with_extra_from_classic_operator', 'dataset_with_extra_by_context' retrieved from /Users/alookso/1007MLpj/myenv/lib/python3.10/site-packages/airflow/example_dags/example_outlet_event_extra.py
[2024-10-10T16:19:47.464+0900] {logging_mixin.py:190} INFO - [2024-10-10T16:19:47.464+0900] {dag.py:3239} INFO - Sync 3 DAGs
[2024-10-10T16:19:47.490+0900] {logging_mixin.py:190} INFO - [2024-10-10T16:19:47.489+0900] {dag.py:4180} INFO - Setting next_dagrun for dataset_with_extra_by_context to 2024-10-09T00:00:00+00:00, run_after=2024-10-10T00:00:00+00:00
[2024-10-10T16:19:47.496+0900] {logging_mixin.py:190} INFO - [2024-10-10T16:19:47.495+0900] {dag.py:4180} INFO - Setting next_dagrun for dataset_with_extra_by_yield to 2024-10-09T00:00:00+00:00, run_after=2024-10-10T00:00:00+00:00
[2024-10-10T16:19:47.498+0900] {logging_mixin.py:190} INFO - [2024-10-10T16:19:47.498+0900] {dag.py:4180} INFO - Setting next_dagrun for dataset_with_extra_from_classic_operator to 2024-10-09T00:00:00+00:00, run_after=2024-10-10T00:00:00+00:00
[2024-10-10T16:19:47.525+0900] {processor.py:208} INFO - Processing /Users/alookso/1007MLpj/myenv/lib/python3.10/site-packages/airflow/example_dags/example_outlet_event_extra.py took 0.309 seconds
[2024-10-10T16:23:52.425+0900] {processor.py:186} INFO - Started process (PID=57513) to work on /Users/alookso/1007MLpj/myenv/lib/python3.10/site-packages/airflow/example_dags/example_outlet_event_extra.py
[2024-10-10T16:23:52.426+0900] {processor.py:914} INFO - Processing file /Users/alookso/1007MLpj/myenv/lib/python3.10/site-packages/airflow/example_dags/example_outlet_event_extra.py for tasks to queue
[2024-10-10T16:23:52.428+0900] {logging_mixin.py:190} INFO - [2024-10-10T16:23:52.427+0900] {dagbag.py:588} INFO - Filling up the DagBag from /Users/alookso/1007MLpj/myenv/lib/python3.10/site-packages/airflow/example_dags/example_outlet_event_extra.py
[2024-10-10T16:23:52.547+0900] {processor.py:925} INFO - DAG(s) 'dataset_with_extra_from_classic_operator', 'dataset_with_extra_by_yield', 'dataset_with_extra_by_context' retrieved from /Users/alookso/1007MLpj/myenv/lib/python3.10/site-packages/airflow/example_dags/example_outlet_event_extra.py
[2024-10-10T16:23:52.683+0900] {logging_mixin.py:190} INFO - [2024-10-10T16:23:52.683+0900] {dag.py:3239} INFO - Sync 3 DAGs
[2024-10-10T16:23:52.705+0900] {logging_mixin.py:190} INFO - [2024-10-10T16:23:52.705+0900] {dag.py:4180} INFO - Setting next_dagrun for dataset_with_extra_by_context to 2024-10-09T00:00:00+00:00, run_after=2024-10-10T00:00:00+00:00
[2024-10-10T16:23:52.710+0900] {logging_mixin.py:190} INFO - [2024-10-10T16:23:52.710+0900] {dag.py:4180} INFO - Setting next_dagrun for dataset_with_extra_by_yield to 2024-10-09T00:00:00+00:00, run_after=2024-10-10T00:00:00+00:00
[2024-10-10T16:23:52.713+0900] {logging_mixin.py:190} INFO - [2024-10-10T16:23:52.713+0900] {dag.py:4180} INFO - Setting next_dagrun for dataset_with_extra_from_classic_operator to 2024-10-09T00:00:00+00:00, run_after=2024-10-10T00:00:00+00:00
[2024-10-10T16:23:52.735+0900] {processor.py:208} INFO - Processing /Users/alookso/1007MLpj/myenv/lib/python3.10/site-packages/airflow/example_dags/example_outlet_event_extra.py took 0.319 seconds
[2024-10-10T16:27:32.504+0900] {processor.py:186} INFO - Started process (PID=57697) to work on /Users/alookso/1007MLpj/myenv/lib/python3.10/site-packages/airflow/example_dags/example_outlet_event_extra.py
[2024-10-10T16:27:32.506+0900] {processor.py:914} INFO - Processing file /Users/alookso/1007MLpj/myenv/lib/python3.10/site-packages/airflow/example_dags/example_outlet_event_extra.py for tasks to queue
[2024-10-10T16:27:32.507+0900] {logging_mixin.py:190} INFO - [2024-10-10T16:27:32.507+0900] {dagbag.py:588} INFO - Filling up the DagBag from /Users/alookso/1007MLpj/myenv/lib/python3.10/site-packages/airflow/example_dags/example_outlet_event_extra.py
[2024-10-10T16:27:32.617+0900] {processor.py:925} INFO - DAG(s) 'dataset_with_extra_by_context', 'dataset_with_extra_from_classic_operator', 'dataset_with_extra_by_yield' retrieved from /Users/alookso/1007MLpj/myenv/lib/python3.10/site-packages/airflow/example_dags/example_outlet_event_extra.py
[2024-10-10T16:27:32.760+0900] {logging_mixin.py:190} INFO - [2024-10-10T16:27:32.760+0900] {dag.py:3239} INFO - Sync 3 DAGs
[2024-10-10T16:27:32.784+0900] {logging_mixin.py:190} INFO - [2024-10-10T16:27:32.784+0900] {dag.py:4180} INFO - Setting next_dagrun for dataset_with_extra_by_context to 2024-10-09T00:00:00+00:00, run_after=2024-10-10T00:00:00+00:00
[2024-10-10T16:27:32.790+0900] {logging_mixin.py:190} INFO - [2024-10-10T16:27:32.790+0900] {dag.py:4180} INFO - Setting next_dagrun for dataset_with_extra_by_yield to 2024-10-09T00:00:00+00:00, run_after=2024-10-10T00:00:00+00:00
[2024-10-10T16:27:32.793+0900] {logging_mixin.py:190} INFO - [2024-10-10T16:27:32.793+0900] {dag.py:4180} INFO - Setting next_dagrun for dataset_with_extra_from_classic_operator to 2024-10-09T00:00:00+00:00, run_after=2024-10-10T00:00:00+00:00
[2024-10-10T16:27:32.818+0900] {processor.py:208} INFO - Processing /Users/alookso/1007MLpj/myenv/lib/python3.10/site-packages/airflow/example_dags/example_outlet_event_extra.py took 0.319 seconds
[2024-10-10T16:33:57.067+0900] {processor.py:186} INFO - Started process (PID=57998) to work on /Users/alookso/1007MLpj/myenv/lib/python3.10/site-packages/airflow/example_dags/example_outlet_event_extra.py
[2024-10-10T16:33:57.067+0900] {processor.py:914} INFO - Processing file /Users/alookso/1007MLpj/myenv/lib/python3.10/site-packages/airflow/example_dags/example_outlet_event_extra.py for tasks to queue
[2024-10-10T16:33:57.068+0900] {logging_mixin.py:190} INFO - [2024-10-10T16:33:57.068+0900] {dagbag.py:588} INFO - Filling up the DagBag from /Users/alookso/1007MLpj/myenv/lib/python3.10/site-packages/airflow/example_dags/example_outlet_event_extra.py
[2024-10-10T16:33:57.167+0900] {processor.py:925} INFO - DAG(s) 'dataset_with_extra_by_yield', 'dataset_with_extra_by_context', 'dataset_with_extra_from_classic_operator' retrieved from /Users/alookso/1007MLpj/myenv/lib/python3.10/site-packages/airflow/example_dags/example_outlet_event_extra.py
[2024-10-10T16:33:57.317+0900] {logging_mixin.py:190} INFO - [2024-10-10T16:33:57.316+0900] {dag.py:3239} INFO - Sync 3 DAGs
[2024-10-10T16:33:57.342+0900] {logging_mixin.py:190} INFO - [2024-10-10T16:33:57.342+0900] {dag.py:4180} INFO - Setting next_dagrun for dataset_with_extra_by_context to 2024-10-09T00:00:00+00:00, run_after=2024-10-10T00:00:00+00:00
[2024-10-10T16:33:57.348+0900] {logging_mixin.py:190} INFO - [2024-10-10T16:33:57.348+0900] {dag.py:4180} INFO - Setting next_dagrun for dataset_with_extra_by_yield to 2024-10-09T00:00:00+00:00, run_after=2024-10-10T00:00:00+00:00
[2024-10-10T16:33:57.351+0900] {logging_mixin.py:190} INFO - [2024-10-10T16:33:57.351+0900] {dag.py:4180} INFO - Setting next_dagrun for dataset_with_extra_from_classic_operator to 2024-10-09T00:00:00+00:00, run_after=2024-10-10T00:00:00+00:00
[2024-10-10T16:33:57.377+0900] {processor.py:208} INFO - Processing /Users/alookso/1007MLpj/myenv/lib/python3.10/site-packages/airflow/example_dags/example_outlet_event_extra.py took 0.316 seconds
[2024-10-10T16:37:57.720+0900] {processor.py:186} INFO - Started process (PID=58102) to work on /Users/alookso/1007MLpj/myenv/lib/python3.10/site-packages/airflow/example_dags/example_outlet_event_extra.py
[2024-10-10T16:37:57.721+0900] {processor.py:914} INFO - Processing file /Users/alookso/1007MLpj/myenv/lib/python3.10/site-packages/airflow/example_dags/example_outlet_event_extra.py for tasks to queue
[2024-10-10T16:37:57.722+0900] {logging_mixin.py:190} INFO - [2024-10-10T16:37:57.722+0900] {dagbag.py:588} INFO - Filling up the DagBag from /Users/alookso/1007MLpj/myenv/lib/python3.10/site-packages/airflow/example_dags/example_outlet_event_extra.py
[2024-10-10T16:37:57.859+0900] {processor.py:925} INFO - DAG(s) 'dataset_with_extra_by_context', 'dataset_with_extra_by_yield', 'dataset_with_extra_from_classic_operator' retrieved from /Users/alookso/1007MLpj/myenv/lib/python3.10/site-packages/airflow/example_dags/example_outlet_event_extra.py
[2024-10-10T16:37:58.021+0900] {logging_mixin.py:190} INFO - [2024-10-10T16:37:58.020+0900] {dag.py:3239} INFO - Sync 3 DAGs
[2024-10-10T16:37:58.049+0900] {logging_mixin.py:190} INFO - [2024-10-10T16:37:58.049+0900] {dag.py:4180} INFO - Setting next_dagrun for dataset_with_extra_by_context to 2024-10-09T00:00:00+00:00, run_after=2024-10-10T00:00:00+00:00
[2024-10-10T16:37:58.057+0900] {logging_mixin.py:190} INFO - [2024-10-10T16:37:58.057+0900] {dag.py:4180} INFO - Setting next_dagrun for dataset_with_extra_by_yield to 2024-10-09T00:00:00+00:00, run_after=2024-10-10T00:00:00+00:00
[2024-10-10T16:37:58.061+0900] {logging_mixin.py:190} INFO - [2024-10-10T16:37:58.061+0900] {dag.py:4180} INFO - Setting next_dagrun for dataset_with_extra_from_classic_operator to 2024-10-09T00:00:00+00:00, run_after=2024-10-10T00:00:00+00:00
[2024-10-10T16:37:58.092+0900] {processor.py:208} INFO - Processing /Users/alookso/1007MLpj/myenv/lib/python3.10/site-packages/airflow/example_dags/example_outlet_event_extra.py took 0.380 seconds
[2024-10-10T16:41:37.061+0900] {processor.py:186} INFO - Started process (PID=58193) to work on /Users/alookso/1007MLpj/myenv/lib/python3.10/site-packages/airflow/example_dags/example_outlet_event_extra.py
[2024-10-10T16:41:37.063+0900] {processor.py:914} INFO - Processing file /Users/alookso/1007MLpj/myenv/lib/python3.10/site-packages/airflow/example_dags/example_outlet_event_extra.py for tasks to queue
[2024-10-10T16:41:37.064+0900] {logging_mixin.py:190} INFO - [2024-10-10T16:41:37.064+0900] {dagbag.py:588} INFO - Filling up the DagBag from /Users/alookso/1007MLpj/myenv/lib/python3.10/site-packages/airflow/example_dags/example_outlet_event_extra.py
[2024-10-10T16:41:37.177+0900] {processor.py:925} INFO - DAG(s) 'dataset_with_extra_by_yield', 'dataset_with_extra_by_context', 'dataset_with_extra_from_classic_operator' retrieved from /Users/alookso/1007MLpj/myenv/lib/python3.10/site-packages/airflow/example_dags/example_outlet_event_extra.py
[2024-10-10T16:41:37.311+0900] {logging_mixin.py:190} INFO - [2024-10-10T16:41:37.311+0900] {dag.py:3239} INFO - Sync 3 DAGs
[2024-10-10T16:41:37.335+0900] {logging_mixin.py:190} INFO - [2024-10-10T16:41:37.335+0900] {dag.py:4180} INFO - Setting next_dagrun for dataset_with_extra_by_context to 2024-10-09T00:00:00+00:00, run_after=2024-10-10T00:00:00+00:00
[2024-10-10T16:41:37.341+0900] {logging_mixin.py:190} INFO - [2024-10-10T16:41:37.341+0900] {dag.py:4180} INFO - Setting next_dagrun for dataset_with_extra_by_yield to 2024-10-09T00:00:00+00:00, run_after=2024-10-10T00:00:00+00:00
[2024-10-10T16:41:37.344+0900] {logging_mixin.py:190} INFO - [2024-10-10T16:41:37.344+0900] {dag.py:4180} INFO - Setting next_dagrun for dataset_with_extra_from_classic_operator to 2024-10-09T00:00:00+00:00, run_after=2024-10-10T00:00:00+00:00
[2024-10-10T16:41:37.371+0900] {processor.py:208} INFO - Processing /Users/alookso/1007MLpj/myenv/lib/python3.10/site-packages/airflow/example_dags/example_outlet_event_extra.py took 0.315 seconds
[2024-10-10T16:45:09.972+0900] {processor.py:186} INFO - Started process (PID=58299) to work on /Users/alookso/1007MLpj/myenv/lib/python3.10/site-packages/airflow/example_dags/example_outlet_event_extra.py
[2024-10-10T16:45:09.974+0900] {processor.py:914} INFO - Processing file /Users/alookso/1007MLpj/myenv/lib/python3.10/site-packages/airflow/example_dags/example_outlet_event_extra.py for tasks to queue
[2024-10-10T16:45:09.975+0900] {logging_mixin.py:190} INFO - [2024-10-10T16:45:09.975+0900] {dagbag.py:588} INFO - Filling up the DagBag from /Users/alookso/1007MLpj/myenv/lib/python3.10/site-packages/airflow/example_dags/example_outlet_event_extra.py
[2024-10-10T16:45:10.094+0900] {processor.py:925} INFO - DAG(s) 'dataset_with_extra_by_context', 'dataset_with_extra_from_classic_operator', 'dataset_with_extra_by_yield' retrieved from /Users/alookso/1007MLpj/myenv/lib/python3.10/site-packages/airflow/example_dags/example_outlet_event_extra.py
[2024-10-10T16:45:10.231+0900] {logging_mixin.py:190} INFO - [2024-10-10T16:45:10.231+0900] {dag.py:3239} INFO - Sync 3 DAGs
[2024-10-10T16:45:10.254+0900] {logging_mixin.py:190} INFO - [2024-10-10T16:45:10.254+0900] {dag.py:4180} INFO - Setting next_dagrun for dataset_with_extra_by_context to 2024-10-09T00:00:00+00:00, run_after=2024-10-10T00:00:00+00:00
[2024-10-10T16:45:10.259+0900] {logging_mixin.py:190} INFO - [2024-10-10T16:45:10.259+0900] {dag.py:4180} INFO - Setting next_dagrun for dataset_with_extra_by_yield to 2024-10-09T00:00:00+00:00, run_after=2024-10-10T00:00:00+00:00
[2024-10-10T16:45:10.262+0900] {logging_mixin.py:190} INFO - [2024-10-10T16:45:10.262+0900] {dag.py:4180} INFO - Setting next_dagrun for dataset_with_extra_from_classic_operator to 2024-10-09T00:00:00+00:00, run_after=2024-10-10T00:00:00+00:00
[2024-10-10T16:45:10.285+0900] {processor.py:208} INFO - Processing /Users/alookso/1007MLpj/myenv/lib/python3.10/site-packages/airflow/example_dags/example_outlet_event_extra.py took 0.318 seconds
[2024-10-10T16:51:15.742+0900] {processor.py:186} INFO - Started process (PID=58648) to work on /Users/alookso/1007MLpj/myenv/lib/python3.10/site-packages/airflow/example_dags/example_outlet_event_extra.py
[2024-10-10T16:51:15.744+0900] {processor.py:914} INFO - Processing file /Users/alookso/1007MLpj/myenv/lib/python3.10/site-packages/airflow/example_dags/example_outlet_event_extra.py for tasks to queue
[2024-10-10T16:51:15.744+0900] {logging_mixin.py:190} INFO - [2024-10-10T16:51:15.744+0900] {dagbag.py:588} INFO - Filling up the DagBag from /Users/alookso/1007MLpj/myenv/lib/python3.10/site-packages/airflow/example_dags/example_outlet_event_extra.py
[2024-10-10T16:51:15.844+0900] {processor.py:925} INFO - DAG(s) 'dataset_with_extra_from_classic_operator', 'dataset_with_extra_by_context', 'dataset_with_extra_by_yield' retrieved from /Users/alookso/1007MLpj/myenv/lib/python3.10/site-packages/airflow/example_dags/example_outlet_event_extra.py
[2024-10-10T16:51:15.981+0900] {logging_mixin.py:190} INFO - [2024-10-10T16:51:15.981+0900] {dag.py:3239} INFO - Sync 3 DAGs
[2024-10-10T16:51:16.004+0900] {logging_mixin.py:190} INFO - [2024-10-10T16:51:16.003+0900] {dag.py:4180} INFO - Setting next_dagrun for dataset_with_extra_by_context to 2024-10-09T00:00:00+00:00, run_after=2024-10-10T00:00:00+00:00
[2024-10-10T16:51:16.009+0900] {logging_mixin.py:190} INFO - [2024-10-10T16:51:16.008+0900] {dag.py:4180} INFO - Setting next_dagrun for dataset_with_extra_by_yield to 2024-10-09T00:00:00+00:00, run_after=2024-10-10T00:00:00+00:00
[2024-10-10T16:51:16.011+0900] {logging_mixin.py:190} INFO - [2024-10-10T16:51:16.011+0900] {dag.py:4180} INFO - Setting next_dagrun for dataset_with_extra_from_classic_operator to 2024-10-09T00:00:00+00:00, run_after=2024-10-10T00:00:00+00:00
[2024-10-10T16:51:16.034+0900] {processor.py:208} INFO - Processing /Users/alookso/1007MLpj/myenv/lib/python3.10/site-packages/airflow/example_dags/example_outlet_event_extra.py took 0.297 seconds
[2024-10-10T23:49:12.942+0900] {processor.py:186} INFO - Started process (PID=63491) to work on /Users/alookso/1007MLpj/myenv/lib/python3.10/site-packages/airflow/example_dags/example_outlet_event_extra.py
[2024-10-10T23:49:12.944+0900] {processor.py:914} INFO - Processing file /Users/alookso/1007MLpj/myenv/lib/python3.10/site-packages/airflow/example_dags/example_outlet_event_extra.py for tasks to queue
[2024-10-10T23:49:12.945+0900] {logging_mixin.py:190} INFO - [2024-10-10T23:49:12.945+0900] {dagbag.py:588} INFO - Filling up the DagBag from /Users/alookso/1007MLpj/myenv/lib/python3.10/site-packages/airflow/example_dags/example_outlet_event_extra.py
[2024-10-10T23:49:13.038+0900] {processor.py:925} INFO - DAG(s) 'dataset_with_extra_by_context', 'dataset_with_extra_by_yield', 'dataset_with_extra_from_classic_operator' retrieved from /Users/alookso/1007MLpj/myenv/lib/python3.10/site-packages/airflow/example_dags/example_outlet_event_extra.py
[2024-10-10T23:49:13.172+0900] {logging_mixin.py:190} INFO - [2024-10-10T23:49:13.172+0900] {dag.py:3239} INFO - Sync 3 DAGs
[2024-10-10T23:49:13.195+0900] {logging_mixin.py:190} INFO - [2024-10-10T23:49:13.195+0900] {dag.py:4180} INFO - Setting next_dagrun for dataset_with_extra_by_context to 2024-10-09T00:00:00+00:00, run_after=2024-10-10T00:00:00+00:00
[2024-10-10T23:49:13.200+0900] {logging_mixin.py:190} INFO - [2024-10-10T23:49:13.200+0900] {dag.py:4180} INFO - Setting next_dagrun for dataset_with_extra_by_yield to 2024-10-09T00:00:00+00:00, run_after=2024-10-10T00:00:00+00:00
[2024-10-10T23:49:13.202+0900] {logging_mixin.py:190} INFO - [2024-10-10T23:49:13.202+0900] {dag.py:4180} INFO - Setting next_dagrun for dataset_with_extra_from_classic_operator to 2024-10-09T00:00:00+00:00, run_after=2024-10-10T00:00:00+00:00
[2024-10-10T23:49:13.225+0900] {processor.py:208} INFO - Processing /Users/alookso/1007MLpj/myenv/lib/python3.10/site-packages/airflow/example_dags/example_outlet_event_extra.py took 0.287 seconds
[2024-10-10T23:52:27.070+0900] {processor.py:186} INFO - Started process (PID=63679) to work on /Users/alookso/1007MLpj/myenv/lib/python3.10/site-packages/airflow/example_dags/example_outlet_event_extra.py
[2024-10-10T23:52:27.071+0900] {processor.py:914} INFO - Processing file /Users/alookso/1007MLpj/myenv/lib/python3.10/site-packages/airflow/example_dags/example_outlet_event_extra.py for tasks to queue
[2024-10-10T23:52:27.072+0900] {logging_mixin.py:190} INFO - [2024-10-10T23:52:27.072+0900] {dagbag.py:588} INFO - Filling up the DagBag from /Users/alookso/1007MLpj/myenv/lib/python3.10/site-packages/airflow/example_dags/example_outlet_event_extra.py
[2024-10-10T23:52:27.166+0900] {processor.py:925} INFO - DAG(s) 'dataset_with_extra_from_classic_operator', 'dataset_with_extra_by_context', 'dataset_with_extra_by_yield' retrieved from /Users/alookso/1007MLpj/myenv/lib/python3.10/site-packages/airflow/example_dags/example_outlet_event_extra.py
[2024-10-10T23:52:27.301+0900] {logging_mixin.py:190} INFO - [2024-10-10T23:52:27.300+0900] {dag.py:3239} INFO - Sync 3 DAGs
[2024-10-10T23:52:27.323+0900] {logging_mixin.py:190} INFO - [2024-10-10T23:52:27.323+0900] {dag.py:4180} INFO - Setting next_dagrun for dataset_with_extra_by_context to 2024-10-09T00:00:00+00:00, run_after=2024-10-10T00:00:00+00:00
[2024-10-10T23:52:27.328+0900] {logging_mixin.py:190} INFO - [2024-10-10T23:52:27.328+0900] {dag.py:4180} INFO - Setting next_dagrun for dataset_with_extra_by_yield to 2024-10-09T00:00:00+00:00, run_after=2024-10-10T00:00:00+00:00
[2024-10-10T23:52:27.330+0900] {logging_mixin.py:190} INFO - [2024-10-10T23:52:27.330+0900] {dag.py:4180} INFO - Setting next_dagrun for dataset_with_extra_from_classic_operator to 2024-10-09T00:00:00+00:00, run_after=2024-10-10T00:00:00+00:00
[2024-10-10T23:52:27.353+0900] {processor.py:208} INFO - Processing /Users/alookso/1007MLpj/myenv/lib/python3.10/site-packages/airflow/example_dags/example_outlet_event_extra.py took 0.287 seconds
[2024-10-10T23:58:06.972+0900] {processor.py:186} INFO - Started process (PID=63901) to work on /Users/alookso/1007MLpj/myenv/lib/python3.10/site-packages/airflow/example_dags/example_outlet_event_extra.py
[2024-10-10T23:58:06.973+0900] {processor.py:914} INFO - Processing file /Users/alookso/1007MLpj/myenv/lib/python3.10/site-packages/airflow/example_dags/example_outlet_event_extra.py for tasks to queue
[2024-10-10T23:58:06.974+0900] {logging_mixin.py:190} INFO - [2024-10-10T23:58:06.974+0900] {dagbag.py:588} INFO - Filling up the DagBag from /Users/alookso/1007MLpj/myenv/lib/python3.10/site-packages/airflow/example_dags/example_outlet_event_extra.py
[2024-10-10T23:58:07.070+0900] {processor.py:925} INFO - DAG(s) 'dataset_with_extra_by_context', 'dataset_with_extra_by_yield', 'dataset_with_extra_from_classic_operator' retrieved from /Users/alookso/1007MLpj/myenv/lib/python3.10/site-packages/airflow/example_dags/example_outlet_event_extra.py
[2024-10-10T23:58:07.202+0900] {logging_mixin.py:190} INFO - [2024-10-10T23:58:07.202+0900] {dag.py:3239} INFO - Sync 3 DAGs
[2024-10-10T23:58:07.224+0900] {logging_mixin.py:190} INFO - [2024-10-10T23:58:07.224+0900] {dag.py:4180} INFO - Setting next_dagrun for dataset_with_extra_by_context to 2024-10-09T00:00:00+00:00, run_after=2024-10-10T00:00:00+00:00
[2024-10-10T23:58:07.229+0900] {logging_mixin.py:190} INFO - [2024-10-10T23:58:07.229+0900] {dag.py:4180} INFO - Setting next_dagrun for dataset_with_extra_by_yield to 2024-10-09T00:00:00+00:00, run_after=2024-10-10T00:00:00+00:00
[2024-10-10T23:58:07.232+0900] {logging_mixin.py:190} INFO - [2024-10-10T23:58:07.231+0900] {dag.py:4180} INFO - Setting next_dagrun for dataset_with_extra_from_classic_operator to 2024-10-09T00:00:00+00:00, run_after=2024-10-10T00:00:00+00:00
[2024-10-10T23:58:07.253+0900] {processor.py:208} INFO - Processing /Users/alookso/1007MLpj/myenv/lib/python3.10/site-packages/airflow/example_dags/example_outlet_event_extra.py took 0.286 seconds
[2024-10-11T00:02:31.224+0900] {processor.py:186} INFO - Started process (PID=64131) to work on /Users/alookso/1007MLpj/myenv/lib/python3.10/site-packages/airflow/example_dags/example_outlet_event_extra.py
[2024-10-11T00:02:31.225+0900] {processor.py:914} INFO - Processing file /Users/alookso/1007MLpj/myenv/lib/python3.10/site-packages/airflow/example_dags/example_outlet_event_extra.py for tasks to queue
[2024-10-11T00:02:31.226+0900] {logging_mixin.py:190} INFO - [2024-10-11T00:02:31.226+0900] {dagbag.py:588} INFO - Filling up the DagBag from /Users/alookso/1007MLpj/myenv/lib/python3.10/site-packages/airflow/example_dags/example_outlet_event_extra.py
[2024-10-11T00:02:31.323+0900] {processor.py:925} INFO - DAG(s) 'dataset_with_extra_by_yield', 'dataset_with_extra_by_context', 'dataset_with_extra_from_classic_operator' retrieved from /Users/alookso/1007MLpj/myenv/lib/python3.10/site-packages/airflow/example_dags/example_outlet_event_extra.py
[2024-10-11T00:02:31.469+0900] {logging_mixin.py:190} INFO - [2024-10-11T00:02:31.469+0900] {dag.py:3239} INFO - Sync 3 DAGs
[2024-10-11T00:02:31.494+0900] {logging_mixin.py:190} INFO - [2024-10-11T00:02:31.493+0900] {dag.py:4180} INFO - Setting next_dagrun for dataset_with_extra_by_context to 2024-10-09T00:00:00+00:00, run_after=2024-10-10T00:00:00+00:00
[2024-10-11T00:02:31.499+0900] {logging_mixin.py:190} INFO - [2024-10-11T00:02:31.499+0900] {dag.py:4180} INFO - Setting next_dagrun for dataset_with_extra_by_yield to 2024-10-09T00:00:00+00:00, run_after=2024-10-10T00:00:00+00:00
[2024-10-11T00:02:31.502+0900] {logging_mixin.py:190} INFO - [2024-10-11T00:02:31.502+0900] {dag.py:4180} INFO - Setting next_dagrun for dataset_with_extra_from_classic_operator to 2024-10-09T00:00:00+00:00, run_after=2024-10-10T00:00:00+00:00
[2024-10-11T00:02:31.526+0900] {processor.py:208} INFO - Processing /Users/alookso/1007MLpj/myenv/lib/python3.10/site-packages/airflow/example_dags/example_outlet_event_extra.py took 0.306 seconds
[2024-10-11T00:05:39.712+0900] {processor.py:186} INFO - Started process (PID=64306) to work on /Users/alookso/1007MLpj/myenv/lib/python3.10/site-packages/airflow/example_dags/example_outlet_event_extra.py
[2024-10-11T00:05:39.713+0900] {processor.py:914} INFO - Processing file /Users/alookso/1007MLpj/myenv/lib/python3.10/site-packages/airflow/example_dags/example_outlet_event_extra.py for tasks to queue
[2024-10-11T00:05:39.714+0900] {logging_mixin.py:190} INFO - [2024-10-11T00:05:39.714+0900] {dagbag.py:588} INFO - Filling up the DagBag from /Users/alookso/1007MLpj/myenv/lib/python3.10/site-packages/airflow/example_dags/example_outlet_event_extra.py
[2024-10-11T00:05:39.813+0900] {processor.py:925} INFO - DAG(s) 'dataset_with_extra_from_classic_operator', 'dataset_with_extra_by_context', 'dataset_with_extra_by_yield' retrieved from /Users/alookso/1007MLpj/myenv/lib/python3.10/site-packages/airflow/example_dags/example_outlet_event_extra.py
[2024-10-11T00:05:39.947+0900] {logging_mixin.py:190} INFO - [2024-10-11T00:05:39.947+0900] {dag.py:3239} INFO - Sync 3 DAGs
[2024-10-11T00:05:39.971+0900] {logging_mixin.py:190} INFO - [2024-10-11T00:05:39.971+0900] {dag.py:4180} INFO - Setting next_dagrun for dataset_with_extra_by_context to 2024-10-09T00:00:00+00:00, run_after=2024-10-10T00:00:00+00:00
[2024-10-11T00:05:39.976+0900] {logging_mixin.py:190} INFO - [2024-10-11T00:05:39.976+0900] {dag.py:4180} INFO - Setting next_dagrun for dataset_with_extra_by_yield to 2024-10-09T00:00:00+00:00, run_after=2024-10-10T00:00:00+00:00
[2024-10-11T00:05:39.979+0900] {logging_mixin.py:190} INFO - [2024-10-11T00:05:39.978+0900] {dag.py:4180} INFO - Setting next_dagrun for dataset_with_extra_from_classic_operator to 2024-10-09T00:00:00+00:00, run_after=2024-10-10T00:00:00+00:00
[2024-10-11T00:05:40.003+0900] {processor.py:208} INFO - Processing /Users/alookso/1007MLpj/myenv/lib/python3.10/site-packages/airflow/example_dags/example_outlet_event_extra.py took 0.295 seconds
[2024-10-11T00:09:37.054+0900] {processor.py:186} INFO - Started process (PID=64522) to work on /Users/alookso/1007MLpj/myenv/lib/python3.10/site-packages/airflow/example_dags/example_outlet_event_extra.py
[2024-10-11T00:09:37.055+0900] {processor.py:914} INFO - Processing file /Users/alookso/1007MLpj/myenv/lib/python3.10/site-packages/airflow/example_dags/example_outlet_event_extra.py for tasks to queue
[2024-10-11T00:09:37.056+0900] {logging_mixin.py:190} INFO - [2024-10-11T00:09:37.056+0900] {dagbag.py:588} INFO - Filling up the DagBag from /Users/alookso/1007MLpj/myenv/lib/python3.10/site-packages/airflow/example_dags/example_outlet_event_extra.py
[2024-10-11T00:09:37.163+0900] {processor.py:925} INFO - DAG(s) 'dataset_with_extra_by_yield', 'dataset_with_extra_from_classic_operator', 'dataset_with_extra_by_context' retrieved from /Users/alookso/1007MLpj/myenv/lib/python3.10/site-packages/airflow/example_dags/example_outlet_event_extra.py
[2024-10-11T00:09:37.296+0900] {logging_mixin.py:190} INFO - [2024-10-11T00:09:37.295+0900] {dag.py:3239} INFO - Sync 3 DAGs
[2024-10-11T00:09:37.318+0900] {logging_mixin.py:190} INFO - [2024-10-11T00:09:37.318+0900] {dag.py:4180} INFO - Setting next_dagrun for dataset_with_extra_by_context to 2024-10-09T00:00:00+00:00, run_after=2024-10-10T00:00:00+00:00
[2024-10-11T00:09:37.323+0900] {logging_mixin.py:190} INFO - [2024-10-11T00:09:37.323+0900] {dag.py:4180} INFO - Setting next_dagrun for dataset_with_extra_by_yield to 2024-10-09T00:00:00+00:00, run_after=2024-10-10T00:00:00+00:00
[2024-10-11T00:09:37.325+0900] {logging_mixin.py:190} INFO - [2024-10-11T00:09:37.325+0900] {dag.py:4180} INFO - Setting next_dagrun for dataset_with_extra_from_classic_operator to 2024-10-09T00:00:00+00:00, run_after=2024-10-10T00:00:00+00:00
[2024-10-11T00:09:37.348+0900] {processor.py:208} INFO - Processing /Users/alookso/1007MLpj/myenv/lib/python3.10/site-packages/airflow/example_dags/example_outlet_event_extra.py took 0.298 seconds
[2024-10-11T00:12:37.731+0900] {processor.py:186} INFO - Started process (PID=64661) to work on /Users/alookso/1007MLpj/myenv/lib/python3.10/site-packages/airflow/example_dags/example_outlet_event_extra.py
[2024-10-11T00:12:37.732+0900] {processor.py:914} INFO - Processing file /Users/alookso/1007MLpj/myenv/lib/python3.10/site-packages/airflow/example_dags/example_outlet_event_extra.py for tasks to queue
[2024-10-11T00:12:37.733+0900] {logging_mixin.py:190} INFO - [2024-10-11T00:12:37.732+0900] {dagbag.py:588} INFO - Filling up the DagBag from /Users/alookso/1007MLpj/myenv/lib/python3.10/site-packages/airflow/example_dags/example_outlet_event_extra.py
[2024-10-11T00:12:37.827+0900] {processor.py:925} INFO - DAG(s) 'dataset_with_extra_by_context', 'dataset_with_extra_from_classic_operator', 'dataset_with_extra_by_yield' retrieved from /Users/alookso/1007MLpj/myenv/lib/python3.10/site-packages/airflow/example_dags/example_outlet_event_extra.py
[2024-10-11T00:12:37.961+0900] {logging_mixin.py:190} INFO - [2024-10-11T00:12:37.960+0900] {dag.py:3239} INFO - Sync 3 DAGs
[2024-10-11T00:12:37.983+0900] {logging_mixin.py:190} INFO - [2024-10-11T00:12:37.983+0900] {dag.py:4180} INFO - Setting next_dagrun for dataset_with_extra_by_context to 2024-10-09T00:00:00+00:00, run_after=2024-10-10T00:00:00+00:00
[2024-10-11T00:12:37.988+0900] {logging_mixin.py:190} INFO - [2024-10-11T00:12:37.988+0900] {dag.py:4180} INFO - Setting next_dagrun for dataset_with_extra_by_yield to 2024-10-09T00:00:00+00:00, run_after=2024-10-10T00:00:00+00:00
[2024-10-11T00:12:37.990+0900] {logging_mixin.py:190} INFO - [2024-10-11T00:12:37.990+0900] {dag.py:4180} INFO - Setting next_dagrun for dataset_with_extra_from_classic_operator to 2024-10-09T00:00:00+00:00, run_after=2024-10-10T00:00:00+00:00
[2024-10-11T00:12:38.013+0900] {processor.py:208} INFO - Processing /Users/alookso/1007MLpj/myenv/lib/python3.10/site-packages/airflow/example_dags/example_outlet_event_extra.py took 0.286 seconds
[2024-10-11T00:15:07.008+0900] {processor.py:186} INFO - Started process (PID=64764) to work on /Users/alookso/1007MLpj/myenv/lib/python3.10/site-packages/airflow/example_dags/example_outlet_event_extra.py
[2024-10-11T00:15:07.009+0900] {processor.py:914} INFO - Processing file /Users/alookso/1007MLpj/myenv/lib/python3.10/site-packages/airflow/example_dags/example_outlet_event_extra.py for tasks to queue
[2024-10-11T00:15:07.010+0900] {logging_mixin.py:190} INFO - [2024-10-11T00:15:07.010+0900] {dagbag.py:588} INFO - Filling up the DagBag from /Users/alookso/1007MLpj/myenv/lib/python3.10/site-packages/airflow/example_dags/example_outlet_event_extra.py
[2024-10-11T00:15:07.104+0900] {processor.py:925} INFO - DAG(s) 'dataset_with_extra_by_context', 'dataset_with_extra_by_yield', 'dataset_with_extra_from_classic_operator' retrieved from /Users/alookso/1007MLpj/myenv/lib/python3.10/site-packages/airflow/example_dags/example_outlet_event_extra.py
[2024-10-11T00:15:07.239+0900] {logging_mixin.py:190} INFO - [2024-10-11T00:15:07.238+0900] {dag.py:3239} INFO - Sync 3 DAGs
[2024-10-11T00:15:07.262+0900] {logging_mixin.py:190} INFO - [2024-10-11T00:15:07.261+0900] {dag.py:4180} INFO - Setting next_dagrun for dataset_with_extra_by_context to 2024-10-09T00:00:00+00:00, run_after=2024-10-10T00:00:00+00:00
[2024-10-11T00:15:07.266+0900] {logging_mixin.py:190} INFO - [2024-10-11T00:15:07.266+0900] {dag.py:4180} INFO - Setting next_dagrun for dataset_with_extra_by_yield to 2024-10-09T00:00:00+00:00, run_after=2024-10-10T00:00:00+00:00
[2024-10-11T00:15:07.269+0900] {logging_mixin.py:190} INFO - [2024-10-11T00:15:07.269+0900] {dag.py:4180} INFO - Setting next_dagrun for dataset_with_extra_from_classic_operator to 2024-10-09T00:00:00+00:00, run_after=2024-10-10T00:00:00+00:00
[2024-10-11T00:15:07.291+0900] {processor.py:208} INFO - Processing /Users/alookso/1007MLpj/myenv/lib/python3.10/site-packages/airflow/example_dags/example_outlet_event_extra.py took 0.288 seconds
[2024-10-11T00:17:48.055+0900] {processor.py:186} INFO - Started process (PID=64848) to work on /Users/alookso/1007MLpj/myenv/lib/python3.10/site-packages/airflow/example_dags/example_outlet_event_extra.py
[2024-10-11T00:17:48.056+0900] {processor.py:914} INFO - Processing file /Users/alookso/1007MLpj/myenv/lib/python3.10/site-packages/airflow/example_dags/example_outlet_event_extra.py for tasks to queue
[2024-10-11T00:17:48.056+0900] {logging_mixin.py:190} INFO - [2024-10-11T00:17:48.056+0900] {dagbag.py:588} INFO - Filling up the DagBag from /Users/alookso/1007MLpj/myenv/lib/python3.10/site-packages/airflow/example_dags/example_outlet_event_extra.py
[2024-10-11T00:17:48.157+0900] {processor.py:925} INFO - DAG(s) 'dataset_with_extra_by_yield', 'dataset_with_extra_by_context', 'dataset_with_extra_from_classic_operator' retrieved from /Users/alookso/1007MLpj/myenv/lib/python3.10/site-packages/airflow/example_dags/example_outlet_event_extra.py
[2024-10-11T00:17:48.310+0900] {logging_mixin.py:190} INFO - [2024-10-11T00:17:48.309+0900] {dag.py:3239} INFO - Sync 3 DAGs
[2024-10-11T00:17:48.401+0900] {logging_mixin.py:190} INFO - [2024-10-11T00:17:48.401+0900] {dag.py:4180} INFO - Setting next_dagrun for dataset_with_extra_by_context to 2024-10-09T00:00:00+00:00, run_after=2024-10-10T00:00:00+00:00
[2024-10-11T00:17:48.422+0900] {logging_mixin.py:190} INFO - [2024-10-11T00:17:48.422+0900] {dag.py:4180} INFO - Setting next_dagrun for dataset_with_extra_by_yield to 2024-10-09T00:00:00+00:00, run_after=2024-10-10T00:00:00+00:00
[2024-10-11T00:17:48.433+0900] {logging_mixin.py:190} INFO - [2024-10-11T00:17:48.432+0900] {dag.py:4180} INFO - Setting next_dagrun for dataset_with_extra_from_classic_operator to 2024-10-09T00:00:00+00:00, run_after=2024-10-10T00:00:00+00:00
[2024-10-11T00:17:48.475+0900] {processor.py:208} INFO - Processing /Users/alookso/1007MLpj/myenv/lib/python3.10/site-packages/airflow/example_dags/example_outlet_event_extra.py took 0.425 seconds
[2024-10-11T00:20:20.711+0900] {processor.py:186} INFO - Started process (PID=64939) to work on /Users/alookso/1007MLpj/myenv/lib/python3.10/site-packages/airflow/example_dags/example_outlet_event_extra.py
[2024-10-11T00:20:20.712+0900] {processor.py:914} INFO - Processing file /Users/alookso/1007MLpj/myenv/lib/python3.10/site-packages/airflow/example_dags/example_outlet_event_extra.py for tasks to queue
[2024-10-11T00:20:20.713+0900] {logging_mixin.py:190} INFO - [2024-10-11T00:20:20.713+0900] {dagbag.py:588} INFO - Filling up the DagBag from /Users/alookso/1007MLpj/myenv/lib/python3.10/site-packages/airflow/example_dags/example_outlet_event_extra.py
[2024-10-11T00:20:20.807+0900] {processor.py:925} INFO - DAG(s) 'dataset_with_extra_by_yield', 'dataset_with_extra_by_context', 'dataset_with_extra_from_classic_operator' retrieved from /Users/alookso/1007MLpj/myenv/lib/python3.10/site-packages/airflow/example_dags/example_outlet_event_extra.py
[2024-10-11T00:20:20.941+0900] {logging_mixin.py:190} INFO - [2024-10-11T00:20:20.941+0900] {dag.py:3239} INFO - Sync 3 DAGs
[2024-10-11T00:20:20.964+0900] {logging_mixin.py:190} INFO - [2024-10-11T00:20:20.964+0900] {dag.py:4180} INFO - Setting next_dagrun for dataset_with_extra_by_context to 2024-10-09T00:00:00+00:00, run_after=2024-10-10T00:00:00+00:00
[2024-10-11T00:20:20.969+0900] {logging_mixin.py:190} INFO - [2024-10-11T00:20:20.969+0900] {dag.py:4180} INFO - Setting next_dagrun for dataset_with_extra_by_yield to 2024-10-09T00:00:00+00:00, run_after=2024-10-10T00:00:00+00:00
[2024-10-11T00:20:20.972+0900] {logging_mixin.py:190} INFO - [2024-10-11T00:20:20.972+0900] {dag.py:4180} INFO - Setting next_dagrun for dataset_with_extra_from_classic_operator to 2024-10-09T00:00:00+00:00, run_after=2024-10-10T00:00:00+00:00
[2024-10-11T00:20:20.995+0900] {processor.py:208} INFO - Processing /Users/alookso/1007MLpj/myenv/lib/python3.10/site-packages/airflow/example_dags/example_outlet_event_extra.py took 0.288 seconds
[2024-10-11T00:22:58.761+0900] {processor.py:186} INFO - Started process (PID=65030) to work on /Users/alookso/1007MLpj/myenv/lib/python3.10/site-packages/airflow/example_dags/example_outlet_event_extra.py
[2024-10-11T00:22:58.762+0900] {processor.py:914} INFO - Processing file /Users/alookso/1007MLpj/myenv/lib/python3.10/site-packages/airflow/example_dags/example_outlet_event_extra.py for tasks to queue
[2024-10-11T00:22:58.763+0900] {logging_mixin.py:190} INFO - [2024-10-11T00:22:58.763+0900] {dagbag.py:588} INFO - Filling up the DagBag from /Users/alookso/1007MLpj/myenv/lib/python3.10/site-packages/airflow/example_dags/example_outlet_event_extra.py
[2024-10-11T00:22:58.863+0900] {processor.py:925} INFO - DAG(s) 'dataset_with_extra_from_classic_operator', 'dataset_with_extra_by_context', 'dataset_with_extra_by_yield' retrieved from /Users/alookso/1007MLpj/myenv/lib/python3.10/site-packages/airflow/example_dags/example_outlet_event_extra.py
[2024-10-11T00:22:58.996+0900] {logging_mixin.py:190} INFO - [2024-10-11T00:22:58.996+0900] {dag.py:3239} INFO - Sync 3 DAGs
[2024-10-11T00:22:59.018+0900] {logging_mixin.py:190} INFO - [2024-10-11T00:22:59.018+0900] {dag.py:4180} INFO - Setting next_dagrun for dataset_with_extra_by_context to 2024-10-09T00:00:00+00:00, run_after=2024-10-10T00:00:00+00:00
[2024-10-11T00:22:59.023+0900] {logging_mixin.py:190} INFO - [2024-10-11T00:22:59.023+0900] {dag.py:4180} INFO - Setting next_dagrun for dataset_with_extra_by_yield to 2024-10-09T00:00:00+00:00, run_after=2024-10-10T00:00:00+00:00
[2024-10-11T00:22:59.026+0900] {logging_mixin.py:190} INFO - [2024-10-11T00:22:59.026+0900] {dag.py:4180} INFO - Setting next_dagrun for dataset_with_extra_from_classic_operator to 2024-10-09T00:00:00+00:00, run_after=2024-10-10T00:00:00+00:00
[2024-10-11T00:22:59.048+0900] {processor.py:208} INFO - Processing /Users/alookso/1007MLpj/myenv/lib/python3.10/site-packages/airflow/example_dags/example_outlet_event_extra.py took 0.291 seconds
[2024-10-11T00:25:32.312+0900] {processor.py:186} INFO - Started process (PID=65109) to work on /Users/alookso/1007MLpj/myenv/lib/python3.10/site-packages/airflow/example_dags/example_outlet_event_extra.py
[2024-10-11T00:25:32.313+0900] {processor.py:914} INFO - Processing file /Users/alookso/1007MLpj/myenv/lib/python3.10/site-packages/airflow/example_dags/example_outlet_event_extra.py for tasks to queue
[2024-10-11T00:25:32.314+0900] {logging_mixin.py:190} INFO - [2024-10-11T00:25:32.314+0900] {dagbag.py:588} INFO - Filling up the DagBag from /Users/alookso/1007MLpj/myenv/lib/python3.10/site-packages/airflow/example_dags/example_outlet_event_extra.py
[2024-10-11T00:25:32.422+0900] {processor.py:925} INFO - DAG(s) 'dataset_with_extra_by_context', 'dataset_with_extra_by_yield', 'dataset_with_extra_from_classic_operator' retrieved from /Users/alookso/1007MLpj/myenv/lib/python3.10/site-packages/airflow/example_dags/example_outlet_event_extra.py
[2024-10-11T00:25:32.555+0900] {logging_mixin.py:190} INFO - [2024-10-11T00:25:32.555+0900] {dag.py:3239} INFO - Sync 3 DAGs
[2024-10-11T00:25:32.578+0900] {logging_mixin.py:190} INFO - [2024-10-11T00:25:32.577+0900] {dag.py:4180} INFO - Setting next_dagrun for dataset_with_extra_by_context to 2024-10-09T00:00:00+00:00, run_after=2024-10-10T00:00:00+00:00
[2024-10-11T00:25:32.583+0900] {logging_mixin.py:190} INFO - [2024-10-11T00:25:32.583+0900] {dag.py:4180} INFO - Setting next_dagrun for dataset_with_extra_by_yield to 2024-10-09T00:00:00+00:00, run_after=2024-10-10T00:00:00+00:00
[2024-10-11T00:25:32.585+0900] {logging_mixin.py:190} INFO - [2024-10-11T00:25:32.585+0900] {dag.py:4180} INFO - Setting next_dagrun for dataset_with_extra_from_classic_operator to 2024-10-09T00:00:00+00:00, run_after=2024-10-10T00:00:00+00:00
[2024-10-11T00:25:32.608+0900] {processor.py:208} INFO - Processing /Users/alookso/1007MLpj/myenv/lib/python3.10/site-packages/airflow/example_dags/example_outlet_event_extra.py took 0.300 seconds
[2024-10-11T00:28:52.051+0900] {processor.py:186} INFO - Started process (PID=65297) to work on /Users/alookso/1007MLpj/myenv/lib/python3.10/site-packages/airflow/example_dags/example_outlet_event_extra.py
[2024-10-11T00:28:52.053+0900] {processor.py:914} INFO - Processing file /Users/alookso/1007MLpj/myenv/lib/python3.10/site-packages/airflow/example_dags/example_outlet_event_extra.py for tasks to queue
[2024-10-11T00:28:52.054+0900] {logging_mixin.py:190} INFO - [2024-10-11T00:28:52.053+0900] {dagbag.py:588} INFO - Filling up the DagBag from /Users/alookso/1007MLpj/myenv/lib/python3.10/site-packages/airflow/example_dags/example_outlet_event_extra.py
[2024-10-11T00:28:52.152+0900] {processor.py:925} INFO - DAG(s) 'dataset_with_extra_by_context', 'dataset_with_extra_from_classic_operator', 'dataset_with_extra_by_yield' retrieved from /Users/alookso/1007MLpj/myenv/lib/python3.10/site-packages/airflow/example_dags/example_outlet_event_extra.py
[2024-10-11T00:28:52.289+0900] {logging_mixin.py:190} INFO - [2024-10-11T00:28:52.289+0900] {dag.py:3239} INFO - Sync 3 DAGs
[2024-10-11T00:28:52.311+0900] {logging_mixin.py:190} INFO - [2024-10-11T00:28:52.311+0900] {dag.py:4180} INFO - Setting next_dagrun for dataset_with_extra_by_context to 2024-10-09T00:00:00+00:00, run_after=2024-10-10T00:00:00+00:00
[2024-10-11T00:28:52.316+0900] {logging_mixin.py:190} INFO - [2024-10-11T00:28:52.316+0900] {dag.py:4180} INFO - Setting next_dagrun for dataset_with_extra_by_yield to 2024-10-09T00:00:00+00:00, run_after=2024-10-10T00:00:00+00:00
[2024-10-11T00:28:52.319+0900] {logging_mixin.py:190} INFO - [2024-10-11T00:28:52.319+0900] {dag.py:4180} INFO - Setting next_dagrun for dataset_with_extra_from_classic_operator to 2024-10-09T00:00:00+00:00, run_after=2024-10-10T00:00:00+00:00
[2024-10-11T00:28:52.341+0900] {processor.py:208} INFO - Processing /Users/alookso/1007MLpj/myenv/lib/python3.10/site-packages/airflow/example_dags/example_outlet_event_extra.py took 0.295 seconds
[2024-10-11T00:32:19.716+0900] {processor.py:186} INFO - Started process (PID=65470) to work on /Users/alookso/1007MLpj/myenv/lib/python3.10/site-packages/airflow/example_dags/example_outlet_event_extra.py
[2024-10-11T00:32:19.717+0900] {processor.py:914} INFO - Processing file /Users/alookso/1007MLpj/myenv/lib/python3.10/site-packages/airflow/example_dags/example_outlet_event_extra.py for tasks to queue
[2024-10-11T00:32:19.718+0900] {logging_mixin.py:190} INFO - [2024-10-11T00:32:19.718+0900] {dagbag.py:588} INFO - Filling up the DagBag from /Users/alookso/1007MLpj/myenv/lib/python3.10/site-packages/airflow/example_dags/example_outlet_event_extra.py
[2024-10-11T00:32:19.827+0900] {processor.py:925} INFO - DAG(s) 'dataset_with_extra_by_yield', 'dataset_with_extra_from_classic_operator', 'dataset_with_extra_by_context' retrieved from /Users/alookso/1007MLpj/myenv/lib/python3.10/site-packages/airflow/example_dags/example_outlet_event_extra.py
[2024-10-11T00:32:19.984+0900] {logging_mixin.py:190} INFO - [2024-10-11T00:32:19.984+0900] {dag.py:3239} INFO - Sync 3 DAGs
[2024-10-11T00:32:20.009+0900] {logging_mixin.py:190} INFO - [2024-10-11T00:32:20.009+0900] {dag.py:4180} INFO - Setting next_dagrun for dataset_with_extra_by_context to 2024-10-09T00:00:00+00:00, run_after=2024-10-10T00:00:00+00:00
[2024-10-11T00:32:20.015+0900] {logging_mixin.py:190} INFO - [2024-10-11T00:32:20.015+0900] {dag.py:4180} INFO - Setting next_dagrun for dataset_with_extra_by_yield to 2024-10-09T00:00:00+00:00, run_after=2024-10-10T00:00:00+00:00
[2024-10-11T00:32:20.018+0900] {logging_mixin.py:190} INFO - [2024-10-11T00:32:20.018+0900] {dag.py:4180} INFO - Setting next_dagrun for dataset_with_extra_from_classic_operator to 2024-10-09T00:00:00+00:00, run_after=2024-10-10T00:00:00+00:00
[2024-10-11T00:32:20.046+0900] {processor.py:208} INFO - Processing /Users/alookso/1007MLpj/myenv/lib/python3.10/site-packages/airflow/example_dags/example_outlet_event_extra.py took 0.337 seconds
[2024-10-11T00:35:59.210+0900] {processor.py:186} INFO - Started process (PID=65627) to work on /Users/alookso/1007MLpj/myenv/lib/python3.10/site-packages/airflow/example_dags/example_outlet_event_extra.py
[2024-10-11T00:35:59.211+0900] {processor.py:914} INFO - Processing file /Users/alookso/1007MLpj/myenv/lib/python3.10/site-packages/airflow/example_dags/example_outlet_event_extra.py for tasks to queue
[2024-10-11T00:35:59.212+0900] {logging_mixin.py:190} INFO - [2024-10-11T00:35:59.212+0900] {dagbag.py:588} INFO - Filling up the DagBag from /Users/alookso/1007MLpj/myenv/lib/python3.10/site-packages/airflow/example_dags/example_outlet_event_extra.py
[2024-10-11T00:35:59.311+0900] {processor.py:925} INFO - DAG(s) 'dataset_with_extra_from_classic_operator', 'dataset_with_extra_by_context', 'dataset_with_extra_by_yield' retrieved from /Users/alookso/1007MLpj/myenv/lib/python3.10/site-packages/airflow/example_dags/example_outlet_event_extra.py
[2024-10-11T00:35:59.446+0900] {logging_mixin.py:190} INFO - [2024-10-11T00:35:59.446+0900] {dag.py:3239} INFO - Sync 3 DAGs
[2024-10-11T00:35:59.469+0900] {logging_mixin.py:190} INFO - [2024-10-11T00:35:59.469+0900] {dag.py:4180} INFO - Setting next_dagrun for dataset_with_extra_by_context to 2024-10-09T00:00:00+00:00, run_after=2024-10-10T00:00:00+00:00
[2024-10-11T00:35:59.474+0900] {logging_mixin.py:190} INFO - [2024-10-11T00:35:59.473+0900] {dag.py:4180} INFO - Setting next_dagrun for dataset_with_extra_by_yield to 2024-10-09T00:00:00+00:00, run_after=2024-10-10T00:00:00+00:00
[2024-10-11T00:35:59.476+0900] {logging_mixin.py:190} INFO - [2024-10-11T00:35:59.476+0900] {dag.py:4180} INFO - Setting next_dagrun for dataset_with_extra_from_classic_operator to 2024-10-09T00:00:00+00:00, run_after=2024-10-10T00:00:00+00:00
[2024-10-11T00:35:59.499+0900] {processor.py:208} INFO - Processing /Users/alookso/1007MLpj/myenv/lib/python3.10/site-packages/airflow/example_dags/example_outlet_event_extra.py took 0.293 seconds
[2024-10-11T00:39:42.124+0900] {processor.py:186} INFO - Started process (PID=65810) to work on /Users/alookso/1007MLpj/myenv/lib/python3.10/site-packages/airflow/example_dags/example_outlet_event_extra.py
[2024-10-11T00:39:42.124+0900] {processor.py:914} INFO - Processing file /Users/alookso/1007MLpj/myenv/lib/python3.10/site-packages/airflow/example_dags/example_outlet_event_extra.py for tasks to queue
[2024-10-11T00:39:42.125+0900] {logging_mixin.py:190} INFO - [2024-10-11T00:39:42.125+0900] {dagbag.py:588} INFO - Filling up the DagBag from /Users/alookso/1007MLpj/myenv/lib/python3.10/site-packages/airflow/example_dags/example_outlet_event_extra.py
[2024-10-11T00:39:42.218+0900] {processor.py:925} INFO - DAG(s) 'dataset_with_extra_by_context', 'dataset_with_extra_by_yield', 'dataset_with_extra_from_classic_operator' retrieved from /Users/alookso/1007MLpj/myenv/lib/python3.10/site-packages/airflow/example_dags/example_outlet_event_extra.py
[2024-10-11T00:39:42.353+0900] {logging_mixin.py:190} INFO - [2024-10-11T00:39:42.352+0900] {dag.py:3239} INFO - Sync 3 DAGs
[2024-10-11T00:39:42.375+0900] {logging_mixin.py:190} INFO - [2024-10-11T00:39:42.375+0900] {dag.py:4180} INFO - Setting next_dagrun for dataset_with_extra_by_context to 2024-10-09T00:00:00+00:00, run_after=2024-10-10T00:00:00+00:00
[2024-10-11T00:39:42.380+0900] {logging_mixin.py:190} INFO - [2024-10-11T00:39:42.380+0900] {dag.py:4180} INFO - Setting next_dagrun for dataset_with_extra_by_yield to 2024-10-09T00:00:00+00:00, run_after=2024-10-10T00:00:00+00:00
[2024-10-11T00:39:42.383+0900] {logging_mixin.py:190} INFO - [2024-10-11T00:39:42.383+0900] {dag.py:4180} INFO - Setting next_dagrun for dataset_with_extra_from_classic_operator to 2024-10-09T00:00:00+00:00, run_after=2024-10-10T00:00:00+00:00
[2024-10-11T00:39:42.406+0900] {processor.py:208} INFO - Processing /Users/alookso/1007MLpj/myenv/lib/python3.10/site-packages/airflow/example_dags/example_outlet_event_extra.py took 0.287 seconds
[2024-10-11T00:43:30.107+0900] {processor.py:186} INFO - Started process (PID=66017) to work on /Users/alookso/1007MLpj/myenv/lib/python3.10/site-packages/airflow/example_dags/example_outlet_event_extra.py
[2024-10-11T00:43:30.108+0900] {processor.py:914} INFO - Processing file /Users/alookso/1007MLpj/myenv/lib/python3.10/site-packages/airflow/example_dags/example_outlet_event_extra.py for tasks to queue
[2024-10-11T00:43:30.109+0900] {logging_mixin.py:190} INFO - [2024-10-11T00:43:30.109+0900] {dagbag.py:588} INFO - Filling up the DagBag from /Users/alookso/1007MLpj/myenv/lib/python3.10/site-packages/airflow/example_dags/example_outlet_event_extra.py
[2024-10-11T00:43:30.201+0900] {processor.py:925} INFO - DAG(s) 'dataset_with_extra_from_classic_operator', 'dataset_with_extra_by_yield', 'dataset_with_extra_by_context' retrieved from /Users/alookso/1007MLpj/myenv/lib/python3.10/site-packages/airflow/example_dags/example_outlet_event_extra.py
[2024-10-11T00:43:30.329+0900] {logging_mixin.py:190} INFO - [2024-10-11T00:43:30.329+0900] {dag.py:3239} INFO - Sync 3 DAGs
[2024-10-11T00:43:30.351+0900] {logging_mixin.py:190} INFO - [2024-10-11T00:43:30.351+0900] {dag.py:4180} INFO - Setting next_dagrun for dataset_with_extra_by_context to 2024-10-09T00:00:00+00:00, run_after=2024-10-10T00:00:00+00:00
[2024-10-11T00:43:30.356+0900] {logging_mixin.py:190} INFO - [2024-10-11T00:43:30.356+0900] {dag.py:4180} INFO - Setting next_dagrun for dataset_with_extra_by_yield to 2024-10-09T00:00:00+00:00, run_after=2024-10-10T00:00:00+00:00
[2024-10-11T00:43:30.359+0900] {logging_mixin.py:190} INFO - [2024-10-11T00:43:30.359+0900] {dag.py:4180} INFO - Setting next_dagrun for dataset_with_extra_from_classic_operator to 2024-10-09T00:00:00+00:00, run_after=2024-10-10T00:00:00+00:00
[2024-10-11T00:43:30.381+0900] {processor.py:208} INFO - Processing /Users/alookso/1007MLpj/myenv/lib/python3.10/site-packages/airflow/example_dags/example_outlet_event_extra.py took 0.279 seconds
[2024-10-11T00:46:12.584+0900] {processor.py:186} INFO - Started process (PID=66099) to work on /Users/alookso/1007MLpj/myenv/lib/python3.10/site-packages/airflow/example_dags/example_outlet_event_extra.py
[2024-10-11T00:46:12.584+0900] {processor.py:914} INFO - Processing file /Users/alookso/1007MLpj/myenv/lib/python3.10/site-packages/airflow/example_dags/example_outlet_event_extra.py for tasks to queue
[2024-10-11T00:46:12.585+0900] {logging_mixin.py:190} INFO - [2024-10-11T00:46:12.585+0900] {dagbag.py:588} INFO - Filling up the DagBag from /Users/alookso/1007MLpj/myenv/lib/python3.10/site-packages/airflow/example_dags/example_outlet_event_extra.py
[2024-10-11T00:46:12.686+0900] {processor.py:925} INFO - DAG(s) 'dataset_with_extra_by_yield', 'dataset_with_extra_by_context', 'dataset_with_extra_from_classic_operator' retrieved from /Users/alookso/1007MLpj/myenv/lib/python3.10/site-packages/airflow/example_dags/example_outlet_event_extra.py
[2024-10-11T00:46:12.826+0900] {logging_mixin.py:190} INFO - [2024-10-11T00:46:12.825+0900] {dag.py:3239} INFO - Sync 3 DAGs
[2024-10-11T00:46:12.849+0900] {logging_mixin.py:190} INFO - [2024-10-11T00:46:12.849+0900] {dag.py:4180} INFO - Setting next_dagrun for dataset_with_extra_by_context to 2024-10-09T00:00:00+00:00, run_after=2024-10-10T00:00:00+00:00
[2024-10-11T00:46:12.855+0900] {logging_mixin.py:190} INFO - [2024-10-11T00:46:12.854+0900] {dag.py:4180} INFO - Setting next_dagrun for dataset_with_extra_by_yield to 2024-10-09T00:00:00+00:00, run_after=2024-10-10T00:00:00+00:00
[2024-10-11T00:46:12.858+0900] {logging_mixin.py:190} INFO - [2024-10-11T00:46:12.858+0900] {dag.py:4180} INFO - Setting next_dagrun for dataset_with_extra_from_classic_operator to 2024-10-09T00:00:00+00:00, run_after=2024-10-10T00:00:00+00:00
[2024-10-11T00:46:12.882+0900] {processor.py:208} INFO - Processing /Users/alookso/1007MLpj/myenv/lib/python3.10/site-packages/airflow/example_dags/example_outlet_event_extra.py took 0.304 seconds
[2024-10-11T00:50:32.573+0900] {processor.py:186} INFO - Started process (PID=66338) to work on /Users/alookso/1007MLpj/myenv/lib/python3.10/site-packages/airflow/example_dags/example_outlet_event_extra.py
[2024-10-11T00:50:32.574+0900] {processor.py:914} INFO - Processing file /Users/alookso/1007MLpj/myenv/lib/python3.10/site-packages/airflow/example_dags/example_outlet_event_extra.py for tasks to queue
[2024-10-11T00:50:32.575+0900] {logging_mixin.py:190} INFO - [2024-10-11T00:50:32.575+0900] {dagbag.py:588} INFO - Filling up the DagBag from /Users/alookso/1007MLpj/myenv/lib/python3.10/site-packages/airflow/example_dags/example_outlet_event_extra.py
[2024-10-11T00:50:32.733+0900] {processor.py:925} INFO - DAG(s) 'dataset_with_extra_by_yield', 'dataset_with_extra_from_classic_operator', 'dataset_with_extra_by_context' retrieved from /Users/alookso/1007MLpj/myenv/lib/python3.10/site-packages/airflow/example_dags/example_outlet_event_extra.py
[2024-10-11T00:50:32.871+0900] {logging_mixin.py:190} INFO - [2024-10-11T00:50:32.871+0900] {dag.py:3239} INFO - Sync 3 DAGs
[2024-10-11T00:50:32.894+0900] {logging_mixin.py:190} INFO - [2024-10-11T00:50:32.894+0900] {dag.py:4180} INFO - Setting next_dagrun for dataset_with_extra_by_context to 2024-10-09T00:00:00+00:00, run_after=2024-10-10T00:00:00+00:00
[2024-10-11T00:50:32.899+0900] {logging_mixin.py:190} INFO - [2024-10-11T00:50:32.899+0900] {dag.py:4180} INFO - Setting next_dagrun for dataset_with_extra_by_yield to 2024-10-09T00:00:00+00:00, run_after=2024-10-10T00:00:00+00:00
[2024-10-11T00:50:32.902+0900] {logging_mixin.py:190} INFO - [2024-10-11T00:50:32.902+0900] {dag.py:4180} INFO - Setting next_dagrun for dataset_with_extra_from_classic_operator to 2024-10-09T00:00:00+00:00, run_after=2024-10-10T00:00:00+00:00
[2024-10-11T00:50:32.925+0900] {processor.py:208} INFO - Processing /Users/alookso/1007MLpj/myenv/lib/python3.10/site-packages/airflow/example_dags/example_outlet_event_extra.py took 0.358 seconds
[2024-10-11T00:53:37.181+0900] {processor.py:186} INFO - Started process (PID=66515) to work on /Users/alookso/1007MLpj/myenv/lib/python3.10/site-packages/airflow/example_dags/example_outlet_event_extra.py
[2024-10-11T00:53:37.182+0900] {processor.py:914} INFO - Processing file /Users/alookso/1007MLpj/myenv/lib/python3.10/site-packages/airflow/example_dags/example_outlet_event_extra.py for tasks to queue
[2024-10-11T00:53:37.183+0900] {logging_mixin.py:190} INFO - [2024-10-11T00:53:37.183+0900] {dagbag.py:588} INFO - Filling up the DagBag from /Users/alookso/1007MLpj/myenv/lib/python3.10/site-packages/airflow/example_dags/example_outlet_event_extra.py
[2024-10-11T00:53:37.281+0900] {processor.py:925} INFO - DAG(s) 'dataset_with_extra_by_yield', 'dataset_with_extra_by_context', 'dataset_with_extra_from_classic_operator' retrieved from /Users/alookso/1007MLpj/myenv/lib/python3.10/site-packages/airflow/example_dags/example_outlet_event_extra.py
[2024-10-11T00:53:37.420+0900] {logging_mixin.py:190} INFO - [2024-10-11T00:53:37.420+0900] {dag.py:3239} INFO - Sync 3 DAGs
[2024-10-11T00:53:37.442+0900] {logging_mixin.py:190} INFO - [2024-10-11T00:53:37.442+0900] {dag.py:4180} INFO - Setting next_dagrun for dataset_with_extra_by_context to 2024-10-09T00:00:00+00:00, run_after=2024-10-10T00:00:00+00:00
[2024-10-11T00:53:37.447+0900] {logging_mixin.py:190} INFO - [2024-10-11T00:53:37.447+0900] {dag.py:4180} INFO - Setting next_dagrun for dataset_with_extra_by_yield to 2024-10-09T00:00:00+00:00, run_after=2024-10-10T00:00:00+00:00
[2024-10-11T00:53:37.450+0900] {logging_mixin.py:190} INFO - [2024-10-11T00:53:37.450+0900] {dag.py:4180} INFO - Setting next_dagrun for dataset_with_extra_from_classic_operator to 2024-10-09T00:00:00+00:00, run_after=2024-10-10T00:00:00+00:00
[2024-10-11T00:53:37.473+0900] {processor.py:208} INFO - Processing /Users/alookso/1007MLpj/myenv/lib/python3.10/site-packages/airflow/example_dags/example_outlet_event_extra.py took 0.297 seconds
