[2024-10-10T15:34:06.763+0900] {processor.py:186} INFO - Started process (PID=56092) to work on /Users/alookso/1007MLpj/myenv/lib/python3.10/site-packages/airflow/example_dags/example_nested_branch_dag.py
[2024-10-10T15:34:06.764+0900] {processor.py:914} INFO - Processing file /Users/alookso/1007MLpj/myenv/lib/python3.10/site-packages/airflow/example_dags/example_nested_branch_dag.py for tasks to queue
[2024-10-10T15:34:06.765+0900] {logging_mixin.py:190} INFO - [2024-10-10T15:34:06.765+0900] {dagbag.py:588} INFO - Filling up the DagBag from /Users/alookso/1007MLpj/myenv/lib/python3.10/site-packages/airflow/example_dags/example_nested_branch_dag.py
[2024-10-10T15:34:06.815+0900] {processor.py:925} INFO - DAG(s) 'example_nested_branch_dag' retrieved from /Users/alookso/1007MLpj/myenv/lib/python3.10/site-packages/airflow/example_dags/example_nested_branch_dag.py
[2024-10-10T15:34:07.081+0900] {logging_mixin.py:190} INFO - [2024-10-10T15:34:07.080+0900] {override.py:1901} INFO - Created Permission View: can delete on DAG:example_nested_branch_dag
[2024-10-10T15:34:07.091+0900] {logging_mixin.py:190} INFO - [2024-10-10T15:34:07.091+0900] {override.py:1901} INFO - Created Permission View: can edit on DAG:example_nested_branch_dag
[2024-10-10T15:34:07.098+0900] {logging_mixin.py:190} INFO - [2024-10-10T15:34:07.098+0900] {override.py:1901} INFO - Created Permission View: can read on DAG:example_nested_branch_dag
[2024-10-10T15:34:07.107+0900] {logging_mixin.py:190} INFO - [2024-10-10T15:34:07.107+0900] {override.py:1901} INFO - Created Permission View: menu access on DAG Run:example_nested_branch_dag
[2024-10-10T15:34:07.114+0900] {logging_mixin.py:190} INFO - [2024-10-10T15:34:07.114+0900] {override.py:1901} INFO - Created Permission View: can create on DAG Run:example_nested_branch_dag
[2024-10-10T15:34:07.121+0900] {logging_mixin.py:190} INFO - [2024-10-10T15:34:07.120+0900] {override.py:1901} INFO - Created Permission View: can delete on DAG Run:example_nested_branch_dag
[2024-10-10T15:34:07.127+0900] {logging_mixin.py:190} INFO - [2024-10-10T15:34:07.127+0900] {override.py:1901} INFO - Created Permission View: can read on DAG Run:example_nested_branch_dag
[2024-10-10T15:34:07.128+0900] {logging_mixin.py:190} INFO - [2024-10-10T15:34:07.128+0900] {dag.py:3239} INFO - Sync 1 DAGs
[2024-10-10T15:34:07.143+0900] {logging_mixin.py:190} INFO - [2024-10-10T15:34:07.143+0900] {dag.py:3262} INFO - Creating ORM DAG for example_nested_branch_dag
[2024-10-10T15:34:07.154+0900] {logging_mixin.py:190} INFO - [2024-10-10T15:34:07.153+0900] {dag.py:4180} INFO - Setting next_dagrun for example_nested_branch_dag to 2024-10-09T00:00:00+00:00, run_after=2024-10-10T00:00:00+00:00
[2024-10-10T15:34:07.173+0900] {processor.py:208} INFO - Processing /Users/alookso/1007MLpj/myenv/lib/python3.10/site-packages/airflow/example_dags/example_nested_branch_dag.py took 0.417 seconds
[2024-10-10T15:38:36.637+0900] {processor.py:186} INFO - Started process (PID=56264) to work on /Users/alookso/1007MLpj/myenv/lib/python3.10/site-packages/airflow/example_dags/example_nested_branch_dag.py
[2024-10-10T15:38:36.638+0900] {processor.py:914} INFO - Processing file /Users/alookso/1007MLpj/myenv/lib/python3.10/site-packages/airflow/example_dags/example_nested_branch_dag.py for tasks to queue
[2024-10-10T15:38:36.639+0900] {logging_mixin.py:190} INFO - [2024-10-10T15:38:36.639+0900] {dagbag.py:588} INFO - Filling up the DagBag from /Users/alookso/1007MLpj/myenv/lib/python3.10/site-packages/airflow/example_dags/example_nested_branch_dag.py
[2024-10-10T15:38:36.685+0900] {processor.py:925} INFO - DAG(s) 'example_nested_branch_dag' retrieved from /Users/alookso/1007MLpj/myenv/lib/python3.10/site-packages/airflow/example_dags/example_nested_branch_dag.py
[2024-10-10T15:38:36.817+0900] {logging_mixin.py:190} INFO - [2024-10-10T15:38:36.817+0900] {dag.py:3239} INFO - Sync 1 DAGs
[2024-10-10T15:38:36.840+0900] {logging_mixin.py:190} INFO - [2024-10-10T15:38:36.840+0900] {dag.py:4180} INFO - Setting next_dagrun for example_nested_branch_dag to 2024-10-09T00:00:00+00:00, run_after=2024-10-10T00:00:00+00:00
[2024-10-10T15:38:36.859+0900] {processor.py:208} INFO - Processing /Users/alookso/1007MLpj/myenv/lib/python3.10/site-packages/airflow/example_dags/example_nested_branch_dag.py took 0.228 seconds
[2024-10-10T15:48:32.636+0900] {processor.py:186} INFO - Started process (PID=56746) to work on /Users/alookso/1007MLpj/myenv/lib/python3.10/site-packages/airflow/example_dags/example_nested_branch_dag.py
[2024-10-10T15:48:32.637+0900] {processor.py:914} INFO - Processing file /Users/alookso/1007MLpj/myenv/lib/python3.10/site-packages/airflow/example_dags/example_nested_branch_dag.py for tasks to queue
[2024-10-10T15:48:32.638+0900] {logging_mixin.py:190} INFO - [2024-10-10T15:48:32.638+0900] {dagbag.py:588} INFO - Filling up the DagBag from /Users/alookso/1007MLpj/myenv/lib/python3.10/site-packages/airflow/example_dags/example_nested_branch_dag.py
[2024-10-10T15:48:32.684+0900] {processor.py:925} INFO - DAG(s) 'example_nested_branch_dag' retrieved from /Users/alookso/1007MLpj/myenv/lib/python3.10/site-packages/airflow/example_dags/example_nested_branch_dag.py
[2024-10-10T15:48:32.829+0900] {logging_mixin.py:190} INFO - [2024-10-10T15:48:32.829+0900] {dag.py:3239} INFO - Sync 1 DAGs
[2024-10-10T15:48:32.856+0900] {logging_mixin.py:190} INFO - [2024-10-10T15:48:32.856+0900] {dag.py:4180} INFO - Setting next_dagrun for example_nested_branch_dag to 2024-10-09T00:00:00+00:00, run_after=2024-10-10T00:00:00+00:00
[2024-10-10T15:48:32.881+0900] {processor.py:208} INFO - Processing /Users/alookso/1007MLpj/myenv/lib/python3.10/site-packages/airflow/example_dags/example_nested_branch_dag.py took 0.250 seconds
[2024-10-10T15:52:44.621+0900] {processor.py:186} INFO - Started process (PID=56919) to work on /Users/alookso/1007MLpj/myenv/lib/python3.10/site-packages/airflow/example_dags/example_nested_branch_dag.py
[2024-10-10T15:52:44.622+0900] {processor.py:914} INFO - Processing file /Users/alookso/1007MLpj/myenv/lib/python3.10/site-packages/airflow/example_dags/example_nested_branch_dag.py for tasks to queue
[2024-10-10T15:52:44.623+0900] {logging_mixin.py:190} INFO - [2024-10-10T15:52:44.623+0900] {dagbag.py:588} INFO - Filling up the DagBag from /Users/alookso/1007MLpj/myenv/lib/python3.10/site-packages/airflow/example_dags/example_nested_branch_dag.py
[2024-10-10T15:52:44.672+0900] {processor.py:925} INFO - DAG(s) 'example_nested_branch_dag' retrieved from /Users/alookso/1007MLpj/myenv/lib/python3.10/site-packages/airflow/example_dags/example_nested_branch_dag.py
[2024-10-10T15:52:44.805+0900] {logging_mixin.py:190} INFO - [2024-10-10T15:52:44.805+0900] {dag.py:3239} INFO - Sync 1 DAGs
[2024-10-10T15:52:44.828+0900] {logging_mixin.py:190} INFO - [2024-10-10T15:52:44.828+0900] {dag.py:4180} INFO - Setting next_dagrun for example_nested_branch_dag to 2024-10-09T00:00:00+00:00, run_after=2024-10-10T00:00:00+00:00
[2024-10-10T15:52:44.848+0900] {processor.py:208} INFO - Processing /Users/alookso/1007MLpj/myenv/lib/python3.10/site-packages/airflow/example_dags/example_nested_branch_dag.py took 0.234 seconds
[2024-10-10T16:19:51.487+0900] {processor.py:186} INFO - Started process (PID=57403) to work on /Users/alookso/1007MLpj/myenv/lib/python3.10/site-packages/airflow/example_dags/example_nested_branch_dag.py
[2024-10-10T16:19:51.489+0900] {processor.py:914} INFO - Processing file /Users/alookso/1007MLpj/myenv/lib/python3.10/site-packages/airflow/example_dags/example_nested_branch_dag.py for tasks to queue
[2024-10-10T16:19:51.489+0900] {logging_mixin.py:190} INFO - [2024-10-10T16:19:51.489+0900] {dagbag.py:588} INFO - Filling up the DagBag from /Users/alookso/1007MLpj/myenv/lib/python3.10/site-packages/airflow/example_dags/example_nested_branch_dag.py
[2024-10-10T16:19:51.533+0900] {processor.py:925} INFO - DAG(s) 'example_nested_branch_dag' retrieved from /Users/alookso/1007MLpj/myenv/lib/python3.10/site-packages/airflow/example_dags/example_nested_branch_dag.py
[2024-10-10T16:19:51.667+0900] {logging_mixin.py:190} INFO - [2024-10-10T16:19:51.665+0900] {dag.py:3239} INFO - Sync 1 DAGs
[2024-10-10T16:19:51.688+0900] {logging_mixin.py:190} INFO - [2024-10-10T16:19:51.688+0900] {dag.py:4180} INFO - Setting next_dagrun for example_nested_branch_dag to 2024-10-09T00:00:00+00:00, run_after=2024-10-10T00:00:00+00:00
[2024-10-10T16:19:51.708+0900] {processor.py:208} INFO - Processing /Users/alookso/1007MLpj/myenv/lib/python3.10/site-packages/airflow/example_dags/example_nested_branch_dag.py took 0.226 seconds
[2024-10-10T16:23:56.371+0900] {processor.py:186} INFO - Started process (PID=57514) to work on /Users/alookso/1007MLpj/myenv/lib/python3.10/site-packages/airflow/example_dags/example_nested_branch_dag.py
[2024-10-10T16:23:56.372+0900] {processor.py:914} INFO - Processing file /Users/alookso/1007MLpj/myenv/lib/python3.10/site-packages/airflow/example_dags/example_nested_branch_dag.py for tasks to queue
[2024-10-10T16:23:56.373+0900] {logging_mixin.py:190} INFO - [2024-10-10T16:23:56.373+0900] {dagbag.py:588} INFO - Filling up the DagBag from /Users/alookso/1007MLpj/myenv/lib/python3.10/site-packages/airflow/example_dags/example_nested_branch_dag.py
[2024-10-10T16:23:56.428+0900] {processor.py:925} INFO - DAG(s) 'example_nested_branch_dag' retrieved from /Users/alookso/1007MLpj/myenv/lib/python3.10/site-packages/airflow/example_dags/example_nested_branch_dag.py
[2024-10-10T16:23:56.592+0900] {logging_mixin.py:190} INFO - [2024-10-10T16:23:56.591+0900] {dag.py:3239} INFO - Sync 1 DAGs
[2024-10-10T16:23:56.620+0900] {logging_mixin.py:190} INFO - [2024-10-10T16:23:56.620+0900] {dag.py:4180} INFO - Setting next_dagrun for example_nested_branch_dag to 2024-10-09T00:00:00+00:00, run_after=2024-10-10T00:00:00+00:00
[2024-10-10T16:23:56.648+0900] {processor.py:208} INFO - Processing /Users/alookso/1007MLpj/myenv/lib/python3.10/site-packages/airflow/example_dags/example_nested_branch_dag.py took 0.283 seconds
[2024-10-10T16:27:37.165+0900] {processor.py:186} INFO - Started process (PID=57701) to work on /Users/alookso/1007MLpj/myenv/lib/python3.10/site-packages/airflow/example_dags/example_nested_branch_dag.py
[2024-10-10T16:27:37.168+0900] {processor.py:914} INFO - Processing file /Users/alookso/1007MLpj/myenv/lib/python3.10/site-packages/airflow/example_dags/example_nested_branch_dag.py for tasks to queue
[2024-10-10T16:27:37.169+0900] {logging_mixin.py:190} INFO - [2024-10-10T16:27:37.169+0900] {dagbag.py:588} INFO - Filling up the DagBag from /Users/alookso/1007MLpj/myenv/lib/python3.10/site-packages/airflow/example_dags/example_nested_branch_dag.py
[2024-10-10T16:27:37.231+0900] {processor.py:925} INFO - DAG(s) 'example_nested_branch_dag' retrieved from /Users/alookso/1007MLpj/myenv/lib/python3.10/site-packages/airflow/example_dags/example_nested_branch_dag.py
[2024-10-10T16:27:37.382+0900] {logging_mixin.py:190} INFO - [2024-10-10T16:27:37.382+0900] {dag.py:3239} INFO - Sync 1 DAGs
[2024-10-10T16:27:37.409+0900] {logging_mixin.py:190} INFO - [2024-10-10T16:27:37.409+0900] {dag.py:4180} INFO - Setting next_dagrun for example_nested_branch_dag to 2024-10-09T00:00:00+00:00, run_after=2024-10-10T00:00:00+00:00
[2024-10-10T16:27:37.428+0900] {processor.py:208} INFO - Processing /Users/alookso/1007MLpj/myenv/lib/python3.10/site-packages/airflow/example_dags/example_nested_branch_dag.py took 0.272 seconds
[2024-10-10T16:34:01.353+0900] {processor.py:186} INFO - Started process (PID=58005) to work on /Users/alookso/1007MLpj/myenv/lib/python3.10/site-packages/airflow/example_dags/example_nested_branch_dag.py
[2024-10-10T16:34:01.354+0900] {processor.py:914} INFO - Processing file /Users/alookso/1007MLpj/myenv/lib/python3.10/site-packages/airflow/example_dags/example_nested_branch_dag.py for tasks to queue
[2024-10-10T16:34:01.355+0900] {logging_mixin.py:190} INFO - [2024-10-10T16:34:01.354+0900] {dagbag.py:588} INFO - Filling up the DagBag from /Users/alookso/1007MLpj/myenv/lib/python3.10/site-packages/airflow/example_dags/example_nested_branch_dag.py
[2024-10-10T16:34:01.398+0900] {processor.py:925} INFO - DAG(s) 'example_nested_branch_dag' retrieved from /Users/alookso/1007MLpj/myenv/lib/python3.10/site-packages/airflow/example_dags/example_nested_branch_dag.py
[2024-10-10T16:34:01.531+0900] {logging_mixin.py:190} INFO - [2024-10-10T16:34:01.529+0900] {dag.py:3239} INFO - Sync 1 DAGs
[2024-10-10T16:34:01.552+0900] {logging_mixin.py:190} INFO - [2024-10-10T16:34:01.552+0900] {dag.py:4180} INFO - Setting next_dagrun for example_nested_branch_dag to 2024-10-09T00:00:00+00:00, run_after=2024-10-10T00:00:00+00:00
[2024-10-10T16:34:01.571+0900] {processor.py:208} INFO - Processing /Users/alookso/1007MLpj/myenv/lib/python3.10/site-packages/airflow/example_dags/example_nested_branch_dag.py took 0.223 seconds
[2024-10-10T16:38:01.686+0900] {processor.py:186} INFO - Started process (PID=58104) to work on /Users/alookso/1007MLpj/myenv/lib/python3.10/site-packages/airflow/example_dags/example_nested_branch_dag.py
[2024-10-10T16:38:01.687+0900] {processor.py:914} INFO - Processing file /Users/alookso/1007MLpj/myenv/lib/python3.10/site-packages/airflow/example_dags/example_nested_branch_dag.py for tasks to queue
[2024-10-10T16:38:01.688+0900] {logging_mixin.py:190} INFO - [2024-10-10T16:38:01.688+0900] {dagbag.py:588} INFO - Filling up the DagBag from /Users/alookso/1007MLpj/myenv/lib/python3.10/site-packages/airflow/example_dags/example_nested_branch_dag.py
[2024-10-10T16:38:01.741+0900] {processor.py:925} INFO - DAG(s) 'example_nested_branch_dag' retrieved from /Users/alookso/1007MLpj/myenv/lib/python3.10/site-packages/airflow/example_dags/example_nested_branch_dag.py
[2024-10-10T16:38:01.907+0900] {logging_mixin.py:190} INFO - [2024-10-10T16:38:01.906+0900] {dag.py:3239} INFO - Sync 1 DAGs
[2024-10-10T16:38:01.935+0900] {logging_mixin.py:190} INFO - [2024-10-10T16:38:01.935+0900] {dag.py:4180} INFO - Setting next_dagrun for example_nested_branch_dag to 2024-10-09T00:00:00+00:00, run_after=2024-10-10T00:00:00+00:00
[2024-10-10T16:38:01.963+0900] {processor.py:208} INFO - Processing /Users/alookso/1007MLpj/myenv/lib/python3.10/site-packages/airflow/example_dags/example_nested_branch_dag.py took 0.283 seconds
[2024-10-10T16:41:41.488+0900] {processor.py:186} INFO - Started process (PID=58194) to work on /Users/alookso/1007MLpj/myenv/lib/python3.10/site-packages/airflow/example_dags/example_nested_branch_dag.py
[2024-10-10T16:41:41.490+0900] {processor.py:914} INFO - Processing file /Users/alookso/1007MLpj/myenv/lib/python3.10/site-packages/airflow/example_dags/example_nested_branch_dag.py for tasks to queue
[2024-10-10T16:41:41.490+0900] {logging_mixin.py:190} INFO - [2024-10-10T16:41:41.490+0900] {dagbag.py:588} INFO - Filling up the DagBag from /Users/alookso/1007MLpj/myenv/lib/python3.10/site-packages/airflow/example_dags/example_nested_branch_dag.py
[2024-10-10T16:41:41.534+0900] {processor.py:925} INFO - DAG(s) 'example_nested_branch_dag' retrieved from /Users/alookso/1007MLpj/myenv/lib/python3.10/site-packages/airflow/example_dags/example_nested_branch_dag.py
[2024-10-10T16:41:41.670+0900] {logging_mixin.py:190} INFO - [2024-10-10T16:41:41.669+0900] {dag.py:3239} INFO - Sync 1 DAGs
[2024-10-10T16:41:41.693+0900] {logging_mixin.py:190} INFO - [2024-10-10T16:41:41.692+0900] {dag.py:4180} INFO - Setting next_dagrun for example_nested_branch_dag to 2024-10-09T00:00:00+00:00, run_after=2024-10-10T00:00:00+00:00
[2024-10-10T16:41:41.713+0900] {processor.py:208} INFO - Processing /Users/alookso/1007MLpj/myenv/lib/python3.10/site-packages/airflow/example_dags/example_nested_branch_dag.py took 0.229 seconds
[2024-10-10T16:45:14.093+0900] {processor.py:186} INFO - Started process (PID=58300) to work on /Users/alookso/1007MLpj/myenv/lib/python3.10/site-packages/airflow/example_dags/example_nested_branch_dag.py
[2024-10-10T16:45:14.094+0900] {processor.py:914} INFO - Processing file /Users/alookso/1007MLpj/myenv/lib/python3.10/site-packages/airflow/example_dags/example_nested_branch_dag.py for tasks to queue
[2024-10-10T16:45:14.095+0900] {logging_mixin.py:190} INFO - [2024-10-10T16:45:14.095+0900] {dagbag.py:588} INFO - Filling up the DagBag from /Users/alookso/1007MLpj/myenv/lib/python3.10/site-packages/airflow/example_dags/example_nested_branch_dag.py
[2024-10-10T16:45:14.161+0900] {processor.py:925} INFO - DAG(s) 'example_nested_branch_dag' retrieved from /Users/alookso/1007MLpj/myenv/lib/python3.10/site-packages/airflow/example_dags/example_nested_branch_dag.py
[2024-10-10T16:45:14.321+0900] {logging_mixin.py:190} INFO - [2024-10-10T16:45:14.321+0900] {dag.py:3239} INFO - Sync 1 DAGs
[2024-10-10T16:45:14.347+0900] {logging_mixin.py:190} INFO - [2024-10-10T16:45:14.346+0900] {dag.py:4180} INFO - Setting next_dagrun for example_nested_branch_dag to 2024-10-09T00:00:00+00:00, run_after=2024-10-10T00:00:00+00:00
[2024-10-10T16:45:14.368+0900] {processor.py:208} INFO - Processing /Users/alookso/1007MLpj/myenv/lib/python3.10/site-packages/airflow/example_dags/example_nested_branch_dag.py took 0.280 seconds
[2024-10-10T16:51:18.935+0900] {processor.py:186} INFO - Started process (PID=58651) to work on /Users/alookso/1007MLpj/myenv/lib/python3.10/site-packages/airflow/example_dags/example_nested_branch_dag.py
[2024-10-10T16:51:18.936+0900] {processor.py:914} INFO - Processing file /Users/alookso/1007MLpj/myenv/lib/python3.10/site-packages/airflow/example_dags/example_nested_branch_dag.py for tasks to queue
[2024-10-10T16:51:18.937+0900] {logging_mixin.py:190} INFO - [2024-10-10T16:51:18.937+0900] {dagbag.py:588} INFO - Filling up the DagBag from /Users/alookso/1007MLpj/myenv/lib/python3.10/site-packages/airflow/example_dags/example_nested_branch_dag.py
[2024-10-10T16:51:18.982+0900] {processor.py:925} INFO - DAG(s) 'example_nested_branch_dag' retrieved from /Users/alookso/1007MLpj/myenv/lib/python3.10/site-packages/airflow/example_dags/example_nested_branch_dag.py
[2024-10-10T16:51:19.118+0900] {logging_mixin.py:190} INFO - [2024-10-10T16:51:19.118+0900] {dag.py:3239} INFO - Sync 1 DAGs
[2024-10-10T16:51:19.141+0900] {logging_mixin.py:190} INFO - [2024-10-10T16:51:19.141+0900] {dag.py:4180} INFO - Setting next_dagrun for example_nested_branch_dag to 2024-10-09T00:00:00+00:00, run_after=2024-10-10T00:00:00+00:00
[2024-10-10T16:51:19.161+0900] {processor.py:208} INFO - Processing /Users/alookso/1007MLpj/myenv/lib/python3.10/site-packages/airflow/example_dags/example_nested_branch_dag.py took 0.230 seconds
[2024-10-10T23:49:16.088+0900] {processor.py:186} INFO - Started process (PID=63493) to work on /Users/alookso/1007MLpj/myenv/lib/python3.10/site-packages/airflow/example_dags/example_nested_branch_dag.py
[2024-10-10T23:49:16.089+0900] {processor.py:914} INFO - Processing file /Users/alookso/1007MLpj/myenv/lib/python3.10/site-packages/airflow/example_dags/example_nested_branch_dag.py for tasks to queue
[2024-10-10T23:49:16.090+0900] {logging_mixin.py:190} INFO - [2024-10-10T23:49:16.090+0900] {dagbag.py:588} INFO - Filling up the DagBag from /Users/alookso/1007MLpj/myenv/lib/python3.10/site-packages/airflow/example_dags/example_nested_branch_dag.py
[2024-10-10T23:49:16.135+0900] {processor.py:925} INFO - DAG(s) 'example_nested_branch_dag' retrieved from /Users/alookso/1007MLpj/myenv/lib/python3.10/site-packages/airflow/example_dags/example_nested_branch_dag.py
[2024-10-10T23:49:16.271+0900] {logging_mixin.py:190} INFO - [2024-10-10T23:49:16.270+0900] {dag.py:3239} INFO - Sync 1 DAGs
[2024-10-10T23:49:16.293+0900] {logging_mixin.py:190} INFO - [2024-10-10T23:49:16.292+0900] {dag.py:4180} INFO - Setting next_dagrun for example_nested_branch_dag to 2024-10-09T00:00:00+00:00, run_after=2024-10-10T00:00:00+00:00
[2024-10-10T23:49:16.314+0900] {processor.py:208} INFO - Processing /Users/alookso/1007MLpj/myenv/lib/python3.10/site-packages/airflow/example_dags/example_nested_branch_dag.py took 0.231 seconds
[2024-10-10T23:52:30.202+0900] {processor.py:186} INFO - Started process (PID=63681) to work on /Users/alookso/1007MLpj/myenv/lib/python3.10/site-packages/airflow/example_dags/example_nested_branch_dag.py
[2024-10-10T23:52:30.202+0900] {processor.py:914} INFO - Processing file /Users/alookso/1007MLpj/myenv/lib/python3.10/site-packages/airflow/example_dags/example_nested_branch_dag.py for tasks to queue
[2024-10-10T23:52:30.203+0900] {logging_mixin.py:190} INFO - [2024-10-10T23:52:30.203+0900] {dagbag.py:588} INFO - Filling up the DagBag from /Users/alookso/1007MLpj/myenv/lib/python3.10/site-packages/airflow/example_dags/example_nested_branch_dag.py
[2024-10-10T23:52:30.248+0900] {processor.py:925} INFO - DAG(s) 'example_nested_branch_dag' retrieved from /Users/alookso/1007MLpj/myenv/lib/python3.10/site-packages/airflow/example_dags/example_nested_branch_dag.py
[2024-10-10T23:52:30.380+0900] {logging_mixin.py:190} INFO - [2024-10-10T23:52:30.379+0900] {dag.py:3239} INFO - Sync 1 DAGs
[2024-10-10T23:52:30.401+0900] {logging_mixin.py:190} INFO - [2024-10-10T23:52:30.401+0900] {dag.py:4180} INFO - Setting next_dagrun for example_nested_branch_dag to 2024-10-09T00:00:00+00:00, run_after=2024-10-10T00:00:00+00:00
[2024-10-10T23:52:30.421+0900] {processor.py:208} INFO - Processing /Users/alookso/1007MLpj/myenv/lib/python3.10/site-packages/airflow/example_dags/example_nested_branch_dag.py took 0.223 seconds
[2024-10-10T23:58:10.883+0900] {processor.py:186} INFO - Started process (PID=63902) to work on /Users/alookso/1007MLpj/myenv/lib/python3.10/site-packages/airflow/example_dags/example_nested_branch_dag.py
[2024-10-10T23:58:10.884+0900] {processor.py:914} INFO - Processing file /Users/alookso/1007MLpj/myenv/lib/python3.10/site-packages/airflow/example_dags/example_nested_branch_dag.py for tasks to queue
[2024-10-10T23:58:10.885+0900] {logging_mixin.py:190} INFO - [2024-10-10T23:58:10.884+0900] {dagbag.py:588} INFO - Filling up the DagBag from /Users/alookso/1007MLpj/myenv/lib/python3.10/site-packages/airflow/example_dags/example_nested_branch_dag.py
[2024-10-10T23:58:10.928+0900] {processor.py:925} INFO - DAG(s) 'example_nested_branch_dag' retrieved from /Users/alookso/1007MLpj/myenv/lib/python3.10/site-packages/airflow/example_dags/example_nested_branch_dag.py
[2024-10-10T23:58:11.058+0900] {logging_mixin.py:190} INFO - [2024-10-10T23:58:11.058+0900] {dag.py:3239} INFO - Sync 1 DAGs
[2024-10-10T23:58:11.081+0900] {logging_mixin.py:190} INFO - [2024-10-10T23:58:11.080+0900] {dag.py:4180} INFO - Setting next_dagrun for example_nested_branch_dag to 2024-10-09T00:00:00+00:00, run_after=2024-10-10T00:00:00+00:00
[2024-10-10T23:58:11.100+0900] {processor.py:208} INFO - Processing /Users/alookso/1007MLpj/myenv/lib/python3.10/site-packages/airflow/example_dags/example_nested_branch_dag.py took 0.221 seconds
[2024-10-11T00:02:34.565+0900] {processor.py:186} INFO - Started process (PID=64134) to work on /Users/alookso/1007MLpj/myenv/lib/python3.10/site-packages/airflow/example_dags/example_nested_branch_dag.py
[2024-10-11T00:02:34.566+0900] {processor.py:914} INFO - Processing file /Users/alookso/1007MLpj/myenv/lib/python3.10/site-packages/airflow/example_dags/example_nested_branch_dag.py for tasks to queue
[2024-10-11T00:02:34.567+0900] {logging_mixin.py:190} INFO - [2024-10-11T00:02:34.567+0900] {dagbag.py:588} INFO - Filling up the DagBag from /Users/alookso/1007MLpj/myenv/lib/python3.10/site-packages/airflow/example_dags/example_nested_branch_dag.py
[2024-10-11T00:02:34.619+0900] {processor.py:925} INFO - DAG(s) 'example_nested_branch_dag' retrieved from /Users/alookso/1007MLpj/myenv/lib/python3.10/site-packages/airflow/example_dags/example_nested_branch_dag.py
[2024-10-11T00:02:34.772+0900] {logging_mixin.py:190} INFO - [2024-10-11T00:02:34.772+0900] {dag.py:3239} INFO - Sync 1 DAGs
[2024-10-11T00:02:34.797+0900] {logging_mixin.py:190} INFO - [2024-10-11T00:02:34.797+0900] {dag.py:4180} INFO - Setting next_dagrun for example_nested_branch_dag to 2024-10-09T00:00:00+00:00, run_after=2024-10-10T00:00:00+00:00
[2024-10-11T00:02:34.820+0900] {processor.py:208} INFO - Processing /Users/alookso/1007MLpj/myenv/lib/python3.10/site-packages/airflow/example_dags/example_nested_branch_dag.py took 0.262 seconds
[2024-10-11T00:05:42.863+0900] {processor.py:186} INFO - Started process (PID=64309) to work on /Users/alookso/1007MLpj/myenv/lib/python3.10/site-packages/airflow/example_dags/example_nested_branch_dag.py
[2024-10-11T00:05:42.864+0900] {processor.py:914} INFO - Processing file /Users/alookso/1007MLpj/myenv/lib/python3.10/site-packages/airflow/example_dags/example_nested_branch_dag.py for tasks to queue
[2024-10-11T00:05:42.865+0900] {logging_mixin.py:190} INFO - [2024-10-11T00:05:42.865+0900] {dagbag.py:588} INFO - Filling up the DagBag from /Users/alookso/1007MLpj/myenv/lib/python3.10/site-packages/airflow/example_dags/example_nested_branch_dag.py
[2024-10-11T00:05:42.910+0900] {processor.py:925} INFO - DAG(s) 'example_nested_branch_dag' retrieved from /Users/alookso/1007MLpj/myenv/lib/python3.10/site-packages/airflow/example_dags/example_nested_branch_dag.py
[2024-10-11T00:05:43.044+0900] {logging_mixin.py:190} INFO - [2024-10-11T00:05:43.043+0900] {dag.py:3239} INFO - Sync 1 DAGs
[2024-10-11T00:05:43.066+0900] {logging_mixin.py:190} INFO - [2024-10-11T00:05:43.066+0900] {dag.py:4180} INFO - Setting next_dagrun for example_nested_branch_dag to 2024-10-09T00:00:00+00:00, run_after=2024-10-10T00:00:00+00:00
[2024-10-11T00:05:43.086+0900] {processor.py:208} INFO - Processing /Users/alookso/1007MLpj/myenv/lib/python3.10/site-packages/airflow/example_dags/example_nested_branch_dag.py took 0.227 seconds
[2024-10-11T00:09:40.170+0900] {processor.py:186} INFO - Started process (PID=64523) to work on /Users/alookso/1007MLpj/myenv/lib/python3.10/site-packages/airflow/example_dags/example_nested_branch_dag.py
[2024-10-11T00:09:40.171+0900] {processor.py:914} INFO - Processing file /Users/alookso/1007MLpj/myenv/lib/python3.10/site-packages/airflow/example_dags/example_nested_branch_dag.py for tasks to queue
[2024-10-11T00:09:40.172+0900] {logging_mixin.py:190} INFO - [2024-10-11T00:09:40.172+0900] {dagbag.py:588} INFO - Filling up the DagBag from /Users/alookso/1007MLpj/myenv/lib/python3.10/site-packages/airflow/example_dags/example_nested_branch_dag.py
[2024-10-11T00:09:40.215+0900] {processor.py:925} INFO - DAG(s) 'example_nested_branch_dag' retrieved from /Users/alookso/1007MLpj/myenv/lib/python3.10/site-packages/airflow/example_dags/example_nested_branch_dag.py
[2024-10-11T00:09:40.345+0900] {logging_mixin.py:190} INFO - [2024-10-11T00:09:40.344+0900] {dag.py:3239} INFO - Sync 1 DAGs
[2024-10-11T00:09:40.366+0900] {logging_mixin.py:190} INFO - [2024-10-11T00:09:40.366+0900] {dag.py:4180} INFO - Setting next_dagrun for example_nested_branch_dag to 2024-10-09T00:00:00+00:00, run_after=2024-10-10T00:00:00+00:00
[2024-10-11T00:09:40.385+0900] {processor.py:208} INFO - Processing /Users/alookso/1007MLpj/myenv/lib/python3.10/site-packages/airflow/example_dags/example_nested_branch_dag.py took 0.220 seconds
[2024-10-11T00:12:40.811+0900] {processor.py:186} INFO - Started process (PID=64662) to work on /Users/alookso/1007MLpj/myenv/lib/python3.10/site-packages/airflow/example_dags/example_nested_branch_dag.py
[2024-10-11T00:12:40.812+0900] {processor.py:914} INFO - Processing file /Users/alookso/1007MLpj/myenv/lib/python3.10/site-packages/airflow/example_dags/example_nested_branch_dag.py for tasks to queue
[2024-10-11T00:12:40.813+0900] {logging_mixin.py:190} INFO - [2024-10-11T00:12:40.813+0900] {dagbag.py:588} INFO - Filling up the DagBag from /Users/alookso/1007MLpj/myenv/lib/python3.10/site-packages/airflow/example_dags/example_nested_branch_dag.py
[2024-10-11T00:12:40.856+0900] {processor.py:925} INFO - DAG(s) 'example_nested_branch_dag' retrieved from /Users/alookso/1007MLpj/myenv/lib/python3.10/site-packages/airflow/example_dags/example_nested_branch_dag.py
[2024-10-11T00:12:40.986+0900] {logging_mixin.py:190} INFO - [2024-10-11T00:12:40.986+0900] {dag.py:3239} INFO - Sync 1 DAGs
[2024-10-11T00:12:41.009+0900] {logging_mixin.py:190} INFO - [2024-10-11T00:12:41.008+0900] {dag.py:4180} INFO - Setting next_dagrun for example_nested_branch_dag to 2024-10-09T00:00:00+00:00, run_after=2024-10-10T00:00:00+00:00
[2024-10-11T00:12:41.028+0900] {processor.py:208} INFO - Processing /Users/alookso/1007MLpj/myenv/lib/python3.10/site-packages/airflow/example_dags/example_nested_branch_dag.py took 0.221 seconds
[2024-10-11T00:15:10.012+0900] {processor.py:186} INFO - Started process (PID=64767) to work on /Users/alookso/1007MLpj/myenv/lib/python3.10/site-packages/airflow/example_dags/example_nested_branch_dag.py
[2024-10-11T00:15:10.013+0900] {processor.py:914} INFO - Processing file /Users/alookso/1007MLpj/myenv/lib/python3.10/site-packages/airflow/example_dags/example_nested_branch_dag.py for tasks to queue
[2024-10-11T00:15:10.014+0900] {logging_mixin.py:190} INFO - [2024-10-11T00:15:10.014+0900] {dagbag.py:588} INFO - Filling up the DagBag from /Users/alookso/1007MLpj/myenv/lib/python3.10/site-packages/airflow/example_dags/example_nested_branch_dag.py
[2024-10-11T00:15:10.056+0900] {processor.py:925} INFO - DAG(s) 'example_nested_branch_dag' retrieved from /Users/alookso/1007MLpj/myenv/lib/python3.10/site-packages/airflow/example_dags/example_nested_branch_dag.py
[2024-10-11T00:15:10.186+0900] {logging_mixin.py:190} INFO - [2024-10-11T00:15:10.185+0900] {dag.py:3239} INFO - Sync 1 DAGs
[2024-10-11T00:15:10.207+0900] {logging_mixin.py:190} INFO - [2024-10-11T00:15:10.207+0900] {dag.py:4180} INFO - Setting next_dagrun for example_nested_branch_dag to 2024-10-09T00:00:00+00:00, run_after=2024-10-10T00:00:00+00:00
[2024-10-11T00:15:10.226+0900] {processor.py:208} INFO - Processing /Users/alookso/1007MLpj/myenv/lib/python3.10/site-packages/airflow/example_dags/example_nested_branch_dag.py took 0.218 seconds
[2024-10-11T00:17:51.340+0900] {processor.py:186} INFO - Started process (PID=64849) to work on /Users/alookso/1007MLpj/myenv/lib/python3.10/site-packages/airflow/example_dags/example_nested_branch_dag.py
[2024-10-11T00:17:51.341+0900] {processor.py:914} INFO - Processing file /Users/alookso/1007MLpj/myenv/lib/python3.10/site-packages/airflow/example_dags/example_nested_branch_dag.py for tasks to queue
[2024-10-11T00:17:51.342+0900] {logging_mixin.py:190} INFO - [2024-10-11T00:17:51.342+0900] {dagbag.py:588} INFO - Filling up the DagBag from /Users/alookso/1007MLpj/myenv/lib/python3.10/site-packages/airflow/example_dags/example_nested_branch_dag.py
[2024-10-11T00:17:51.385+0900] {processor.py:925} INFO - DAG(s) 'example_nested_branch_dag' retrieved from /Users/alookso/1007MLpj/myenv/lib/python3.10/site-packages/airflow/example_dags/example_nested_branch_dag.py
[2024-10-11T00:17:51.516+0900] {logging_mixin.py:190} INFO - [2024-10-11T00:17:51.516+0900] {dag.py:3239} INFO - Sync 1 DAGs
[2024-10-11T00:17:51.538+0900] {logging_mixin.py:190} INFO - [2024-10-11T00:17:51.538+0900] {dag.py:4180} INFO - Setting next_dagrun for example_nested_branch_dag to 2024-10-09T00:00:00+00:00, run_after=2024-10-10T00:00:00+00:00
[2024-10-11T00:17:51.557+0900] {processor.py:208} INFO - Processing /Users/alookso/1007MLpj/myenv/lib/python3.10/site-packages/airflow/example_dags/example_nested_branch_dag.py took 0.221 seconds
[2024-10-11T00:20:23.813+0900] {processor.py:186} INFO - Started process (PID=64941) to work on /Users/alookso/1007MLpj/myenv/lib/python3.10/site-packages/airflow/example_dags/example_nested_branch_dag.py
[2024-10-11T00:20:23.814+0900] {processor.py:914} INFO - Processing file /Users/alookso/1007MLpj/myenv/lib/python3.10/site-packages/airflow/example_dags/example_nested_branch_dag.py for tasks to queue
[2024-10-11T00:20:23.815+0900] {logging_mixin.py:190} INFO - [2024-10-11T00:20:23.815+0900] {dagbag.py:588} INFO - Filling up the DagBag from /Users/alookso/1007MLpj/myenv/lib/python3.10/site-packages/airflow/example_dags/example_nested_branch_dag.py
[2024-10-11T00:20:23.860+0900] {processor.py:925} INFO - DAG(s) 'example_nested_branch_dag' retrieved from /Users/alookso/1007MLpj/myenv/lib/python3.10/site-packages/airflow/example_dags/example_nested_branch_dag.py
[2024-10-11T00:20:23.992+0900] {logging_mixin.py:190} INFO - [2024-10-11T00:20:23.992+0900] {dag.py:3239} INFO - Sync 1 DAGs
[2024-10-11T00:20:24.015+0900] {logging_mixin.py:190} INFO - [2024-10-11T00:20:24.015+0900] {dag.py:4180} INFO - Setting next_dagrun for example_nested_branch_dag to 2024-10-09T00:00:00+00:00, run_after=2024-10-10T00:00:00+00:00
[2024-10-11T00:20:24.034+0900] {processor.py:208} INFO - Processing /Users/alookso/1007MLpj/myenv/lib/python3.10/site-packages/airflow/example_dags/example_nested_branch_dag.py took 0.226 seconds
[2024-10-11T00:23:01.878+0900] {processor.py:186} INFO - Started process (PID=65032) to work on /Users/alookso/1007MLpj/myenv/lib/python3.10/site-packages/airflow/example_dags/example_nested_branch_dag.py
[2024-10-11T00:23:01.879+0900] {processor.py:914} INFO - Processing file /Users/alookso/1007MLpj/myenv/lib/python3.10/site-packages/airflow/example_dags/example_nested_branch_dag.py for tasks to queue
[2024-10-11T00:23:01.880+0900] {logging_mixin.py:190} INFO - [2024-10-11T00:23:01.880+0900] {dagbag.py:588} INFO - Filling up the DagBag from /Users/alookso/1007MLpj/myenv/lib/python3.10/site-packages/airflow/example_dags/example_nested_branch_dag.py
[2024-10-11T00:23:01.924+0900] {processor.py:925} INFO - DAG(s) 'example_nested_branch_dag' retrieved from /Users/alookso/1007MLpj/myenv/lib/python3.10/site-packages/airflow/example_dags/example_nested_branch_dag.py
[2024-10-11T00:23:02.055+0900] {logging_mixin.py:190} INFO - [2024-10-11T00:23:02.054+0900] {dag.py:3239} INFO - Sync 1 DAGs
[2024-10-11T00:23:02.077+0900] {logging_mixin.py:190} INFO - [2024-10-11T00:23:02.076+0900] {dag.py:4180} INFO - Setting next_dagrun for example_nested_branch_dag to 2024-10-09T00:00:00+00:00, run_after=2024-10-10T00:00:00+00:00
[2024-10-11T00:23:02.096+0900] {processor.py:208} INFO - Processing /Users/alookso/1007MLpj/myenv/lib/python3.10/site-packages/airflow/example_dags/example_nested_branch_dag.py took 0.222 seconds
[2024-10-11T00:25:35.507+0900] {processor.py:186} INFO - Started process (PID=65112) to work on /Users/alookso/1007MLpj/myenv/lib/python3.10/site-packages/airflow/example_dags/example_nested_branch_dag.py
[2024-10-11T00:25:35.508+0900] {processor.py:914} INFO - Processing file /Users/alookso/1007MLpj/myenv/lib/python3.10/site-packages/airflow/example_dags/example_nested_branch_dag.py for tasks to queue
[2024-10-11T00:25:35.509+0900] {logging_mixin.py:190} INFO - [2024-10-11T00:25:35.509+0900] {dagbag.py:588} INFO - Filling up the DagBag from /Users/alookso/1007MLpj/myenv/lib/python3.10/site-packages/airflow/example_dags/example_nested_branch_dag.py
[2024-10-11T00:25:35.554+0900] {processor.py:925} INFO - DAG(s) 'example_nested_branch_dag' retrieved from /Users/alookso/1007MLpj/myenv/lib/python3.10/site-packages/airflow/example_dags/example_nested_branch_dag.py
[2024-10-11T00:25:35.686+0900] {logging_mixin.py:190} INFO - [2024-10-11T00:25:35.685+0900] {dag.py:3239} INFO - Sync 1 DAGs
[2024-10-11T00:25:35.709+0900] {logging_mixin.py:190} INFO - [2024-10-11T00:25:35.709+0900] {dag.py:4180} INFO - Setting next_dagrun for example_nested_branch_dag to 2024-10-09T00:00:00+00:00, run_after=2024-10-10T00:00:00+00:00
[2024-10-11T00:25:35.729+0900] {processor.py:208} INFO - Processing /Users/alookso/1007MLpj/myenv/lib/python3.10/site-packages/airflow/example_dags/example_nested_branch_dag.py took 0.226 seconds
[2024-10-11T00:28:56.518+0900] {processor.py:186} INFO - Started process (PID=65302) to work on /Users/alookso/1007MLpj/myenv/lib/python3.10/site-packages/airflow/example_dags/example_nested_branch_dag.py
[2024-10-11T00:28:56.519+0900] {processor.py:914} INFO - Processing file /Users/alookso/1007MLpj/myenv/lib/python3.10/site-packages/airflow/example_dags/example_nested_branch_dag.py for tasks to queue
[2024-10-11T00:28:56.520+0900] {logging_mixin.py:190} INFO - [2024-10-11T00:28:56.519+0900] {dagbag.py:588} INFO - Filling up the DagBag from /Users/alookso/1007MLpj/myenv/lib/python3.10/site-packages/airflow/example_dags/example_nested_branch_dag.py
[2024-10-11T00:28:56.563+0900] {processor.py:925} INFO - DAG(s) 'example_nested_branch_dag' retrieved from /Users/alookso/1007MLpj/myenv/lib/python3.10/site-packages/airflow/example_dags/example_nested_branch_dag.py
[2024-10-11T00:28:56.694+0900] {logging_mixin.py:190} INFO - [2024-10-11T00:28:56.694+0900] {dag.py:3239} INFO - Sync 1 DAGs
[2024-10-11T00:28:56.716+0900] {logging_mixin.py:190} INFO - [2024-10-11T00:28:56.716+0900] {dag.py:4180} INFO - Setting next_dagrun for example_nested_branch_dag to 2024-10-09T00:00:00+00:00, run_after=2024-10-10T00:00:00+00:00
[2024-10-11T00:28:56.735+0900] {processor.py:208} INFO - Processing /Users/alookso/1007MLpj/myenv/lib/python3.10/site-packages/airflow/example_dags/example_nested_branch_dag.py took 0.222 seconds
[2024-10-11T00:32:24.198+0900] {processor.py:186} INFO - Started process (PID=65475) to work on /Users/alookso/1007MLpj/myenv/lib/python3.10/site-packages/airflow/example_dags/example_nested_branch_dag.py
[2024-10-11T00:32:24.199+0900] {processor.py:914} INFO - Processing file /Users/alookso/1007MLpj/myenv/lib/python3.10/site-packages/airflow/example_dags/example_nested_branch_dag.py for tasks to queue
[2024-10-11T00:32:24.200+0900] {logging_mixin.py:190} INFO - [2024-10-11T00:32:24.200+0900] {dagbag.py:588} INFO - Filling up the DagBag from /Users/alookso/1007MLpj/myenv/lib/python3.10/site-packages/airflow/example_dags/example_nested_branch_dag.py
[2024-10-11T00:32:24.242+0900] {processor.py:925} INFO - DAG(s) 'example_nested_branch_dag' retrieved from /Users/alookso/1007MLpj/myenv/lib/python3.10/site-packages/airflow/example_dags/example_nested_branch_dag.py
[2024-10-11T00:32:24.371+0900] {logging_mixin.py:190} INFO - [2024-10-11T00:32:24.371+0900] {dag.py:3239} INFO - Sync 1 DAGs
[2024-10-11T00:32:24.393+0900] {logging_mixin.py:190} INFO - [2024-10-11T00:32:24.393+0900] {dag.py:4180} INFO - Setting next_dagrun for example_nested_branch_dag to 2024-10-09T00:00:00+00:00, run_after=2024-10-10T00:00:00+00:00
[2024-10-11T00:32:24.412+0900] {processor.py:208} INFO - Processing /Users/alookso/1007MLpj/myenv/lib/python3.10/site-packages/airflow/example_dags/example_nested_branch_dag.py took 0.218 seconds
[2024-10-11T00:36:03.417+0900] {processor.py:186} INFO - Started process (PID=65630) to work on /Users/alookso/1007MLpj/myenv/lib/python3.10/site-packages/airflow/example_dags/example_nested_branch_dag.py
[2024-10-11T00:36:03.418+0900] {processor.py:914} INFO - Processing file /Users/alookso/1007MLpj/myenv/lib/python3.10/site-packages/airflow/example_dags/example_nested_branch_dag.py for tasks to queue
[2024-10-11T00:36:03.419+0900] {logging_mixin.py:190} INFO - [2024-10-11T00:36:03.418+0900] {dagbag.py:588} INFO - Filling up the DagBag from /Users/alookso/1007MLpj/myenv/lib/python3.10/site-packages/airflow/example_dags/example_nested_branch_dag.py
[2024-10-11T00:36:03.463+0900] {processor.py:925} INFO - DAG(s) 'example_nested_branch_dag' retrieved from /Users/alookso/1007MLpj/myenv/lib/python3.10/site-packages/airflow/example_dags/example_nested_branch_dag.py
[2024-10-11T00:36:03.595+0900] {logging_mixin.py:190} INFO - [2024-10-11T00:36:03.595+0900] {dag.py:3239} INFO - Sync 1 DAGs
[2024-10-11T00:36:03.618+0900] {logging_mixin.py:190} INFO - [2024-10-11T00:36:03.618+0900] {dag.py:4180} INFO - Setting next_dagrun for example_nested_branch_dag to 2024-10-09T00:00:00+00:00, run_after=2024-10-10T00:00:00+00:00
[2024-10-11T00:36:03.638+0900] {processor.py:208} INFO - Processing /Users/alookso/1007MLpj/myenv/lib/python3.10/site-packages/airflow/example_dags/example_nested_branch_dag.py took 0.227 seconds
[2024-10-11T00:39:46.206+0900] {processor.py:186} INFO - Started process (PID=65813) to work on /Users/alookso/1007MLpj/myenv/lib/python3.10/site-packages/airflow/example_dags/example_nested_branch_dag.py
[2024-10-11T00:39:46.207+0900] {processor.py:914} INFO - Processing file /Users/alookso/1007MLpj/myenv/lib/python3.10/site-packages/airflow/example_dags/example_nested_branch_dag.py for tasks to queue
[2024-10-11T00:39:46.207+0900] {logging_mixin.py:190} INFO - [2024-10-11T00:39:46.207+0900] {dagbag.py:588} INFO - Filling up the DagBag from /Users/alookso/1007MLpj/myenv/lib/python3.10/site-packages/airflow/example_dags/example_nested_branch_dag.py
[2024-10-11T00:39:46.250+0900] {processor.py:925} INFO - DAG(s) 'example_nested_branch_dag' retrieved from /Users/alookso/1007MLpj/myenv/lib/python3.10/site-packages/airflow/example_dags/example_nested_branch_dag.py
[2024-10-11T00:39:46.383+0900] {logging_mixin.py:190} INFO - [2024-10-11T00:39:46.383+0900] {dag.py:3239} INFO - Sync 1 DAGs
[2024-10-11T00:39:46.406+0900] {logging_mixin.py:190} INFO - [2024-10-11T00:39:46.406+0900] {dag.py:4180} INFO - Setting next_dagrun for example_nested_branch_dag to 2024-10-09T00:00:00+00:00, run_after=2024-10-10T00:00:00+00:00
[2024-10-11T00:39:46.427+0900] {processor.py:208} INFO - Processing /Users/alookso/1007MLpj/myenv/lib/python3.10/site-packages/airflow/example_dags/example_nested_branch_dag.py took 0.227 seconds
[2024-10-11T00:43:33.625+0900] {processor.py:186} INFO - Started process (PID=66018) to work on /Users/alookso/1007MLpj/myenv/lib/python3.10/site-packages/airflow/example_dags/example_nested_branch_dag.py
[2024-10-11T00:43:33.626+0900] {processor.py:914} INFO - Processing file /Users/alookso/1007MLpj/myenv/lib/python3.10/site-packages/airflow/example_dags/example_nested_branch_dag.py for tasks to queue
[2024-10-11T00:43:33.627+0900] {logging_mixin.py:190} INFO - [2024-10-11T00:43:33.627+0900] {dagbag.py:588} INFO - Filling up the DagBag from /Users/alookso/1007MLpj/myenv/lib/python3.10/site-packages/airflow/example_dags/example_nested_branch_dag.py
[2024-10-11T00:43:33.685+0900] {processor.py:925} INFO - DAG(s) 'example_nested_branch_dag' retrieved from /Users/alookso/1007MLpj/myenv/lib/python3.10/site-packages/airflow/example_dags/example_nested_branch_dag.py
[2024-10-11T00:43:33.828+0900] {logging_mixin.py:190} INFO - [2024-10-11T00:43:33.828+0900] {dag.py:3239} INFO - Sync 1 DAGs
[2024-10-11T00:43:33.850+0900] {logging_mixin.py:190} INFO - [2024-10-11T00:43:33.850+0900] {dag.py:4180} INFO - Setting next_dagrun for example_nested_branch_dag to 2024-10-09T00:00:00+00:00, run_after=2024-10-10T00:00:00+00:00
[2024-10-11T00:43:33.870+0900] {processor.py:208} INFO - Processing /Users/alookso/1007MLpj/myenv/lib/python3.10/site-packages/airflow/example_dags/example_nested_branch_dag.py took 0.250 seconds
[2024-10-11T00:46:15.849+0900] {processor.py:186} INFO - Started process (PID=66100) to work on /Users/alookso/1007MLpj/myenv/lib/python3.10/site-packages/airflow/example_dags/example_nested_branch_dag.py
[2024-10-11T00:46:15.850+0900] {processor.py:914} INFO - Processing file /Users/alookso/1007MLpj/myenv/lib/python3.10/site-packages/airflow/example_dags/example_nested_branch_dag.py for tasks to queue
[2024-10-11T00:46:15.851+0900] {logging_mixin.py:190} INFO - [2024-10-11T00:46:15.851+0900] {dagbag.py:588} INFO - Filling up the DagBag from /Users/alookso/1007MLpj/myenv/lib/python3.10/site-packages/airflow/example_dags/example_nested_branch_dag.py
[2024-10-11T00:46:15.899+0900] {processor.py:925} INFO - DAG(s) 'example_nested_branch_dag' retrieved from /Users/alookso/1007MLpj/myenv/lib/python3.10/site-packages/airflow/example_dags/example_nested_branch_dag.py
[2024-10-11T00:46:16.035+0900] {logging_mixin.py:190} INFO - [2024-10-11T00:46:16.035+0900] {dag.py:3239} INFO - Sync 1 DAGs
[2024-10-11T00:46:16.059+0900] {logging_mixin.py:190} INFO - [2024-10-11T00:46:16.058+0900] {dag.py:4180} INFO - Setting next_dagrun for example_nested_branch_dag to 2024-10-09T00:00:00+00:00, run_after=2024-10-10T00:00:00+00:00
[2024-10-11T00:46:16.078+0900] {processor.py:208} INFO - Processing /Users/alookso/1007MLpj/myenv/lib/python3.10/site-packages/airflow/example_dags/example_nested_branch_dag.py took 0.235 seconds
[2024-10-11T00:50:35.866+0900] {processor.py:186} INFO - Started process (PID=66341) to work on /Users/alookso/1007MLpj/myenv/lib/python3.10/site-packages/airflow/example_dags/example_nested_branch_dag.py
[2024-10-11T00:50:35.867+0900] {processor.py:914} INFO - Processing file /Users/alookso/1007MLpj/myenv/lib/python3.10/site-packages/airflow/example_dags/example_nested_branch_dag.py for tasks to queue
[2024-10-11T00:50:35.867+0900] {logging_mixin.py:190} INFO - [2024-10-11T00:50:35.867+0900] {dagbag.py:588} INFO - Filling up the DagBag from /Users/alookso/1007MLpj/myenv/lib/python3.10/site-packages/airflow/example_dags/example_nested_branch_dag.py
[2024-10-11T00:50:35.911+0900] {processor.py:925} INFO - DAG(s) 'example_nested_branch_dag' retrieved from /Users/alookso/1007MLpj/myenv/lib/python3.10/site-packages/airflow/example_dags/example_nested_branch_dag.py
[2024-10-11T00:50:36.046+0900] {logging_mixin.py:190} INFO - [2024-10-11T00:50:36.046+0900] {dag.py:3239} INFO - Sync 1 DAGs
[2024-10-11T00:50:36.070+0900] {logging_mixin.py:190} INFO - [2024-10-11T00:50:36.070+0900] {dag.py:4180} INFO - Setting next_dagrun for example_nested_branch_dag to 2024-10-09T00:00:00+00:00, run_after=2024-10-10T00:00:00+00:00
[2024-10-11T00:50:36.089+0900] {processor.py:208} INFO - Processing /Users/alookso/1007MLpj/myenv/lib/python3.10/site-packages/airflow/example_dags/example_nested_branch_dag.py took 0.228 seconds
[2024-10-11T00:53:40.343+0900] {processor.py:186} INFO - Started process (PID=66518) to work on /Users/alookso/1007MLpj/myenv/lib/python3.10/site-packages/airflow/example_dags/example_nested_branch_dag.py
[2024-10-11T00:53:40.344+0900] {processor.py:914} INFO - Processing file /Users/alookso/1007MLpj/myenv/lib/python3.10/site-packages/airflow/example_dags/example_nested_branch_dag.py for tasks to queue
[2024-10-11T00:53:40.345+0900] {logging_mixin.py:190} INFO - [2024-10-11T00:53:40.345+0900] {dagbag.py:588} INFO - Filling up the DagBag from /Users/alookso/1007MLpj/myenv/lib/python3.10/site-packages/airflow/example_dags/example_nested_branch_dag.py
[2024-10-11T00:53:40.389+0900] {processor.py:925} INFO - DAG(s) 'example_nested_branch_dag' retrieved from /Users/alookso/1007MLpj/myenv/lib/python3.10/site-packages/airflow/example_dags/example_nested_branch_dag.py
[2024-10-11T00:53:40.519+0900] {logging_mixin.py:190} INFO - [2024-10-11T00:53:40.519+0900] {dag.py:3239} INFO - Sync 1 DAGs
[2024-10-11T00:53:40.541+0900] {logging_mixin.py:190} INFO - [2024-10-11T00:53:40.541+0900] {dag.py:4180} INFO - Setting next_dagrun for example_nested_branch_dag to 2024-10-09T00:00:00+00:00, run_after=2024-10-10T00:00:00+00:00
[2024-10-11T00:53:40.561+0900] {processor.py:208} INFO - Processing /Users/alookso/1007MLpj/myenv/lib/python3.10/site-packages/airflow/example_dags/example_nested_branch_dag.py took 0.222 seconds
