[2024-10-10T15:35:00.980+0900] {processor.py:186} INFO - Started process (PID=56124) to work on /Users/alookso/1007MLpj/myenv/lib/python3.10/site-packages/airflow/example_dags/example_dataset_alias.py
[2024-10-10T15:35:00.981+0900] {processor.py:914} INFO - Processing file /Users/alookso/1007MLpj/myenv/lib/python3.10/site-packages/airflow/example_dags/example_dataset_alias.py for tasks to queue
[2024-10-10T15:35:00.982+0900] {logging_mixin.py:190} INFO - [2024-10-10T15:35:00.982+0900] {dagbag.py:588} INFO - Filling up the DagBag from /Users/alookso/1007MLpj/myenv/lib/python3.10/site-packages/airflow/example_dags/example_dataset_alias.py
[2024-10-10T15:35:01.195+0900] {processor.py:925} INFO - DAG(s) 'dataset_alias_example_alias_producer', 'dataset_s3_bucket_producer', 'dataset_alias_example_alias_consumer', 'dataset_s3_bucket_consumer' retrieved from /Users/alookso/1007MLpj/myenv/lib/python3.10/site-packages/airflow/example_dags/example_dataset_alias.py
[2024-10-10T15:35:01.319+0900] {logging_mixin.py:190} INFO - [2024-10-10T15:35:01.318+0900] {override.py:1901} INFO - Created Permission View: can edit on DAG:dataset_alias_example_alias_producer
[2024-10-10T15:35:01.329+0900] {logging_mixin.py:190} INFO - [2024-10-10T15:35:01.329+0900] {override.py:1901} INFO - Created Permission View: can delete on DAG:dataset_alias_example_alias_producer
[2024-10-10T15:35:01.336+0900] {logging_mixin.py:190} INFO - [2024-10-10T15:35:01.335+0900] {override.py:1901} INFO - Created Permission View: can read on DAG:dataset_alias_example_alias_producer
[2024-10-10T15:35:01.345+0900] {logging_mixin.py:190} INFO - [2024-10-10T15:35:01.345+0900] {override.py:1901} INFO - Created Permission View: can delete on DAG Run:dataset_alias_example_alias_producer
[2024-10-10T15:35:01.352+0900] {logging_mixin.py:190} INFO - [2024-10-10T15:35:01.352+0900] {override.py:1901} INFO - Created Permission View: menu access on DAG Run:dataset_alias_example_alias_producer
[2024-10-10T15:35:01.359+0900] {logging_mixin.py:190} INFO - [2024-10-10T15:35:01.359+0900] {override.py:1901} INFO - Created Permission View: can read on DAG Run:dataset_alias_example_alias_producer
[2024-10-10T15:35:01.367+0900] {logging_mixin.py:190} INFO - [2024-10-10T15:35:01.366+0900] {override.py:1901} INFO - Created Permission View: can create on DAG Run:dataset_alias_example_alias_producer
[2024-10-10T15:35:01.382+0900] {logging_mixin.py:190} INFO - [2024-10-10T15:35:01.382+0900] {override.py:1901} INFO - Created Permission View: can edit on DAG:dataset_s3_bucket_producer
[2024-10-10T15:35:01.389+0900] {logging_mixin.py:190} INFO - [2024-10-10T15:35:01.389+0900] {override.py:1901} INFO - Created Permission View: can delete on DAG:dataset_s3_bucket_producer
[2024-10-10T15:35:01.396+0900] {logging_mixin.py:190} INFO - [2024-10-10T15:35:01.396+0900] {override.py:1901} INFO - Created Permission View: can read on DAG:dataset_s3_bucket_producer
[2024-10-10T15:35:01.405+0900] {logging_mixin.py:190} INFO - [2024-10-10T15:35:01.405+0900] {override.py:1901} INFO - Created Permission View: can delete on DAG Run:dataset_s3_bucket_producer
[2024-10-10T15:35:01.412+0900] {logging_mixin.py:190} INFO - [2024-10-10T15:35:01.412+0900] {override.py:1901} INFO - Created Permission View: menu access on DAG Run:dataset_s3_bucket_producer
[2024-10-10T15:35:01.419+0900] {logging_mixin.py:190} INFO - [2024-10-10T15:35:01.419+0900] {override.py:1901} INFO - Created Permission View: can read on DAG Run:dataset_s3_bucket_producer
[2024-10-10T15:35:01.426+0900] {logging_mixin.py:190} INFO - [2024-10-10T15:35:01.425+0900] {override.py:1901} INFO - Created Permission View: can create on DAG Run:dataset_s3_bucket_producer
[2024-10-10T15:35:01.440+0900] {logging_mixin.py:190} INFO - [2024-10-10T15:35:01.439+0900] {override.py:1901} INFO - Created Permission View: can edit on DAG:dataset_alias_example_alias_consumer
[2024-10-10T15:35:01.447+0900] {logging_mixin.py:190} INFO - [2024-10-10T15:35:01.446+0900] {override.py:1901} INFO - Created Permission View: can delete on DAG:dataset_alias_example_alias_consumer
[2024-10-10T15:35:01.453+0900] {logging_mixin.py:190} INFO - [2024-10-10T15:35:01.453+0900] {override.py:1901} INFO - Created Permission View: can read on DAG:dataset_alias_example_alias_consumer
[2024-10-10T15:35:01.462+0900] {logging_mixin.py:190} INFO - [2024-10-10T15:35:01.462+0900] {override.py:1901} INFO - Created Permission View: can delete on DAG Run:dataset_alias_example_alias_consumer
[2024-10-10T15:35:01.469+0900] {logging_mixin.py:190} INFO - [2024-10-10T15:35:01.469+0900] {override.py:1901} INFO - Created Permission View: menu access on DAG Run:dataset_alias_example_alias_consumer
[2024-10-10T15:35:01.476+0900] {logging_mixin.py:190} INFO - [2024-10-10T15:35:01.476+0900] {override.py:1901} INFO - Created Permission View: can read on DAG Run:dataset_alias_example_alias_consumer
[2024-10-10T15:35:01.483+0900] {logging_mixin.py:190} INFO - [2024-10-10T15:35:01.483+0900] {override.py:1901} INFO - Created Permission View: can create on DAG Run:dataset_alias_example_alias_consumer
[2024-10-10T15:35:01.497+0900] {logging_mixin.py:190} INFO - [2024-10-10T15:35:01.497+0900] {override.py:1901} INFO - Created Permission View: can edit on DAG:dataset_s3_bucket_consumer
[2024-10-10T15:35:01.504+0900] {logging_mixin.py:190} INFO - [2024-10-10T15:35:01.504+0900] {override.py:1901} INFO - Created Permission View: can delete on DAG:dataset_s3_bucket_consumer
[2024-10-10T15:35:01.511+0900] {logging_mixin.py:190} INFO - [2024-10-10T15:35:01.511+0900] {override.py:1901} INFO - Created Permission View: can read on DAG:dataset_s3_bucket_consumer
[2024-10-10T15:35:01.520+0900] {logging_mixin.py:190} INFO - [2024-10-10T15:35:01.520+0900] {override.py:1901} INFO - Created Permission View: can delete on DAG Run:dataset_s3_bucket_consumer
[2024-10-10T15:35:01.528+0900] {logging_mixin.py:190} INFO - [2024-10-10T15:35:01.527+0900] {override.py:1901} INFO - Created Permission View: menu access on DAG Run:dataset_s3_bucket_consumer
[2024-10-10T15:35:01.535+0900] {logging_mixin.py:190} INFO - [2024-10-10T15:35:01.534+0900] {override.py:1901} INFO - Created Permission View: can read on DAG Run:dataset_s3_bucket_consumer
[2024-10-10T15:35:01.542+0900] {logging_mixin.py:190} INFO - [2024-10-10T15:35:01.542+0900] {override.py:1901} INFO - Created Permission View: can create on DAG Run:dataset_s3_bucket_consumer
[2024-10-10T15:35:01.543+0900] {logging_mixin.py:190} INFO - [2024-10-10T15:35:01.542+0900] {dag.py:3239} INFO - Sync 4 DAGs
[2024-10-10T15:35:01.557+0900] {logging_mixin.py:190} INFO - [2024-10-10T15:35:01.556+0900] {dag.py:3262} INFO - Creating ORM DAG for dataset_s3_bucket_consumer
[2024-10-10T15:35:01.557+0900] {logging_mixin.py:190} INFO - [2024-10-10T15:35:01.557+0900] {dag.py:3262} INFO - Creating ORM DAG for dataset_alias_example_alias_consumer
[2024-10-10T15:35:01.558+0900] {logging_mixin.py:190} INFO - [2024-10-10T15:35:01.558+0900] {dag.py:3262} INFO - Creating ORM DAG for dataset_alias_example_alias_producer
[2024-10-10T15:35:01.559+0900] {logging_mixin.py:190} INFO - [2024-10-10T15:35:01.558+0900] {dag.py:3262} INFO - Creating ORM DAG for dataset_s3_bucket_producer
[2024-10-10T15:35:01.567+0900] {logging_mixin.py:190} INFO - [2024-10-10T15:35:01.567+0900] {dag.py:4180} INFO - Setting next_dagrun for dataset_alias_example_alias_consumer to None, run_after=None
[2024-10-10T15:35:01.568+0900] {logging_mixin.py:190} INFO - [2024-10-10T15:35:01.567+0900] {dag.py:4180} INFO - Setting next_dagrun for dataset_alias_example_alias_producer to None, run_after=None
[2024-10-10T15:35:01.568+0900] {logging_mixin.py:190} INFO - [2024-10-10T15:35:01.568+0900] {dag.py:4180} INFO - Setting next_dagrun for dataset_s3_bucket_consumer to None, run_after=None
[2024-10-10T15:35:01.569+0900] {logging_mixin.py:190} INFO - [2024-10-10T15:35:01.569+0900] {dag.py:4180} INFO - Setting next_dagrun for dataset_s3_bucket_producer to None, run_after=None
[2024-10-10T15:35:02.303+0900] {processor.py:208} INFO - Processing /Users/alookso/1007MLpj/myenv/lib/python3.10/site-packages/airflow/example_dags/example_dataset_alias.py took 1.328 seconds
[2024-10-10T15:39:31.394+0900] {processor.py:186} INFO - Started process (PID=56284) to work on /Users/alookso/1007MLpj/myenv/lib/python3.10/site-packages/airflow/example_dags/example_dataset_alias.py
[2024-10-10T15:39:31.396+0900] {processor.py:914} INFO - Processing file /Users/alookso/1007MLpj/myenv/lib/python3.10/site-packages/airflow/example_dags/example_dataset_alias.py for tasks to queue
[2024-10-10T15:39:31.397+0900] {logging_mixin.py:190} INFO - [2024-10-10T15:39:31.397+0900] {dagbag.py:588} INFO - Filling up the DagBag from /Users/alookso/1007MLpj/myenv/lib/python3.10/site-packages/airflow/example_dags/example_dataset_alias.py
[2024-10-10T15:39:31.604+0900] {processor.py:925} INFO - DAG(s) 'dataset_s3_bucket_producer', 'dataset_s3_bucket_consumer', 'dataset_alias_example_alias_producer', 'dataset_alias_example_alias_consumer' retrieved from /Users/alookso/1007MLpj/myenv/lib/python3.10/site-packages/airflow/example_dags/example_dataset_alias.py
[2024-10-10T15:39:31.632+0900] {logging_mixin.py:190} INFO - [2024-10-10T15:39:31.632+0900] {dag.py:3239} INFO - Sync 4 DAGs
[2024-10-10T15:39:31.653+0900] {logging_mixin.py:190} INFO - [2024-10-10T15:39:31.653+0900] {dag.py:4180} INFO - Setting next_dagrun for dataset_alias_example_alias_consumer to None, run_after=None
[2024-10-10T15:39:31.655+0900] {logging_mixin.py:190} INFO - [2024-10-10T15:39:31.655+0900] {dag.py:4180} INFO - Setting next_dagrun for dataset_alias_example_alias_producer to None, run_after=None
[2024-10-10T15:39:31.656+0900] {logging_mixin.py:190} INFO - [2024-10-10T15:39:31.656+0900] {dag.py:4180} INFO - Setting next_dagrun for dataset_s3_bucket_consumer to None, run_after=None
[2024-10-10T15:39:31.657+0900] {logging_mixin.py:190} INFO - [2024-10-10T15:39:31.657+0900] {dag.py:4180} INFO - Setting next_dagrun for dataset_s3_bucket_producer to None, run_after=None
[2024-10-10T15:39:31.681+0900] {processor.py:208} INFO - Processing /Users/alookso/1007MLpj/myenv/lib/python3.10/site-packages/airflow/example_dags/example_dataset_alias.py took 0.292 seconds
[2024-10-10T15:49:23.744+0900] {processor.py:186} INFO - Started process (PID=56785) to work on /Users/alookso/1007MLpj/myenv/lib/python3.10/site-packages/airflow/example_dags/example_dataset_alias.py
[2024-10-10T15:49:23.746+0900] {processor.py:914} INFO - Processing file /Users/alookso/1007MLpj/myenv/lib/python3.10/site-packages/airflow/example_dags/example_dataset_alias.py for tasks to queue
[2024-10-10T15:49:23.747+0900] {logging_mixin.py:190} INFO - [2024-10-10T15:49:23.747+0900] {dagbag.py:588} INFO - Filling up the DagBag from /Users/alookso/1007MLpj/myenv/lib/python3.10/site-packages/airflow/example_dags/example_dataset_alias.py
[2024-10-10T15:49:23.986+0900] {processor.py:925} INFO - DAG(s) 'dataset_alias_example_alias_consumer', 'dataset_s3_bucket_consumer', 'dataset_s3_bucket_producer', 'dataset_alias_example_alias_producer' retrieved from /Users/alookso/1007MLpj/myenv/lib/python3.10/site-packages/airflow/example_dags/example_dataset_alias.py
[2024-10-10T15:49:24.015+0900] {logging_mixin.py:190} INFO - [2024-10-10T15:49:24.014+0900] {dag.py:3239} INFO - Sync 4 DAGs
[2024-10-10T15:49:24.037+0900] {logging_mixin.py:190} INFO - [2024-10-10T15:49:24.036+0900] {dag.py:4180} INFO - Setting next_dagrun for dataset_alias_example_alias_consumer to None, run_after=None
[2024-10-10T15:49:24.039+0900] {logging_mixin.py:190} INFO - [2024-10-10T15:49:24.039+0900] {dag.py:4180} INFO - Setting next_dagrun for dataset_alias_example_alias_producer to None, run_after=None
[2024-10-10T15:49:24.040+0900] {logging_mixin.py:190} INFO - [2024-10-10T15:49:24.040+0900] {dag.py:4180} INFO - Setting next_dagrun for dataset_s3_bucket_consumer to None, run_after=None
[2024-10-10T15:49:24.041+0900] {logging_mixin.py:190} INFO - [2024-10-10T15:49:24.041+0900] {dag.py:4180} INFO - Setting next_dagrun for dataset_s3_bucket_producer to None, run_after=None
[2024-10-10T15:49:24.066+0900] {processor.py:208} INFO - Processing /Users/alookso/1007MLpj/myenv/lib/python3.10/site-packages/airflow/example_dags/example_dataset_alias.py took 0.328 seconds
[2024-10-10T16:20:43.257+0900] {processor.py:186} INFO - Started process (PID=57425) to work on /Users/alookso/1007MLpj/myenv/lib/python3.10/site-packages/airflow/example_dags/example_dataset_alias.py
[2024-10-10T16:20:43.259+0900] {processor.py:914} INFO - Processing file /Users/alookso/1007MLpj/myenv/lib/python3.10/site-packages/airflow/example_dags/example_dataset_alias.py for tasks to queue
[2024-10-10T16:20:43.261+0900] {logging_mixin.py:190} INFO - [2024-10-10T16:20:43.260+0900] {dagbag.py:588} INFO - Filling up the DagBag from /Users/alookso/1007MLpj/myenv/lib/python3.10/site-packages/airflow/example_dags/example_dataset_alias.py
[2024-10-10T16:20:43.495+0900] {processor.py:925} INFO - DAG(s) 'dataset_s3_bucket_consumer', 'dataset_alias_example_alias_consumer', 'dataset_s3_bucket_producer', 'dataset_alias_example_alias_producer' retrieved from /Users/alookso/1007MLpj/myenv/lib/python3.10/site-packages/airflow/example_dags/example_dataset_alias.py
[2024-10-10T16:20:43.527+0900] {logging_mixin.py:190} INFO - [2024-10-10T16:20:43.526+0900] {dag.py:3239} INFO - Sync 4 DAGs
[2024-10-10T16:20:43.551+0900] {logging_mixin.py:190} INFO - [2024-10-10T16:20:43.550+0900] {dag.py:4180} INFO - Setting next_dagrun for dataset_alias_example_alias_consumer to None, run_after=None
[2024-10-10T16:20:43.553+0900] {logging_mixin.py:190} INFO - [2024-10-10T16:20:43.553+0900] {dag.py:4180} INFO - Setting next_dagrun for dataset_alias_example_alias_producer to None, run_after=None
[2024-10-10T16:20:43.554+0900] {logging_mixin.py:190} INFO - [2024-10-10T16:20:43.554+0900] {dag.py:4180} INFO - Setting next_dagrun for dataset_s3_bucket_consumer to None, run_after=None
[2024-10-10T16:20:43.555+0900] {logging_mixin.py:190} INFO - [2024-10-10T16:20:43.555+0900] {dag.py:4180} INFO - Setting next_dagrun for dataset_s3_bucket_producer to None, run_after=None
[2024-10-10T16:20:43.581+0900] {processor.py:208} INFO - Processing /Users/alookso/1007MLpj/myenv/lib/python3.10/site-packages/airflow/example_dags/example_dataset_alias.py took 0.330 seconds
[2024-10-10T16:28:28.152+0900] {processor.py:186} INFO - Started process (PID=57741) to work on /Users/alookso/1007MLpj/myenv/lib/python3.10/site-packages/airflow/example_dags/example_dataset_alias.py
[2024-10-10T16:28:28.153+0900] {processor.py:914} INFO - Processing file /Users/alookso/1007MLpj/myenv/lib/python3.10/site-packages/airflow/example_dags/example_dataset_alias.py for tasks to queue
[2024-10-10T16:28:28.154+0900] {logging_mixin.py:190} INFO - [2024-10-10T16:28:28.154+0900] {dagbag.py:588} INFO - Filling up the DagBag from /Users/alookso/1007MLpj/myenv/lib/python3.10/site-packages/airflow/example_dags/example_dataset_alias.py
[2024-10-10T16:28:28.372+0900] {processor.py:925} INFO - DAG(s) 'dataset_alias_example_alias_producer', 'dataset_s3_bucket_producer', 'dataset_alias_example_alias_consumer', 'dataset_s3_bucket_consumer' retrieved from /Users/alookso/1007MLpj/myenv/lib/python3.10/site-packages/airflow/example_dags/example_dataset_alias.py
[2024-10-10T16:28:28.404+0900] {logging_mixin.py:190} INFO - [2024-10-10T16:28:28.404+0900] {dag.py:3239} INFO - Sync 4 DAGs
[2024-10-10T16:28:28.428+0900] {logging_mixin.py:190} INFO - [2024-10-10T16:28:28.428+0900] {dag.py:4180} INFO - Setting next_dagrun for dataset_alias_example_alias_consumer to None, run_after=None
[2024-10-10T16:28:28.431+0900] {logging_mixin.py:190} INFO - [2024-10-10T16:28:28.431+0900] {dag.py:4180} INFO - Setting next_dagrun for dataset_alias_example_alias_producer to None, run_after=None
[2024-10-10T16:28:28.432+0900] {logging_mixin.py:190} INFO - [2024-10-10T16:28:28.432+0900] {dag.py:4180} INFO - Setting next_dagrun for dataset_s3_bucket_consumer to None, run_after=None
[2024-10-10T16:28:28.434+0900] {logging_mixin.py:190} INFO - [2024-10-10T16:28:28.433+0900] {dag.py:4180} INFO - Setting next_dagrun for dataset_s3_bucket_producer to None, run_after=None
[2024-10-10T16:28:28.461+0900] {processor.py:208} INFO - Processing /Users/alookso/1007MLpj/myenv/lib/python3.10/site-packages/airflow/example_dags/example_dataset_alias.py took 0.314 seconds
[2024-10-10T16:34:50.256+0900] {processor.py:186} INFO - Started process (PID=58022) to work on /Users/alookso/1007MLpj/myenv/lib/python3.10/site-packages/airflow/example_dags/example_dataset_alias.py
[2024-10-10T16:34:50.257+0900] {processor.py:914} INFO - Processing file /Users/alookso/1007MLpj/myenv/lib/python3.10/site-packages/airflow/example_dags/example_dataset_alias.py for tasks to queue
[2024-10-10T16:34:50.258+0900] {logging_mixin.py:190} INFO - [2024-10-10T16:34:50.258+0900] {dagbag.py:588} INFO - Filling up the DagBag from /Users/alookso/1007MLpj/myenv/lib/python3.10/site-packages/airflow/example_dags/example_dataset_alias.py
[2024-10-10T16:34:50.471+0900] {processor.py:925} INFO - DAG(s) 'dataset_alias_example_alias_consumer', 'dataset_s3_bucket_producer', 'dataset_s3_bucket_consumer', 'dataset_alias_example_alias_producer' retrieved from /Users/alookso/1007MLpj/myenv/lib/python3.10/site-packages/airflow/example_dags/example_dataset_alias.py
[2024-10-10T16:34:50.500+0900] {logging_mixin.py:190} INFO - [2024-10-10T16:34:50.499+0900] {dag.py:3239} INFO - Sync 4 DAGs
[2024-10-10T16:34:50.521+0900] {logging_mixin.py:190} INFO - [2024-10-10T16:34:50.521+0900] {dag.py:4180} INFO - Setting next_dagrun for dataset_alias_example_alias_consumer to None, run_after=None
[2024-10-10T16:34:50.523+0900] {logging_mixin.py:190} INFO - [2024-10-10T16:34:50.523+0900] {dag.py:4180} INFO - Setting next_dagrun for dataset_alias_example_alias_producer to None, run_after=None
[2024-10-10T16:34:50.524+0900] {logging_mixin.py:190} INFO - [2024-10-10T16:34:50.524+0900] {dag.py:4180} INFO - Setting next_dagrun for dataset_s3_bucket_consumer to None, run_after=None
[2024-10-10T16:34:50.525+0900] {logging_mixin.py:190} INFO - [2024-10-10T16:34:50.525+0900] {dag.py:4180} INFO - Setting next_dagrun for dataset_s3_bucket_producer to None, run_after=None
[2024-10-10T16:34:50.550+0900] {processor.py:208} INFO - Processing /Users/alookso/1007MLpj/myenv/lib/python3.10/site-packages/airflow/example_dags/example_dataset_alias.py took 0.298 seconds
[2024-10-10T16:38:52.721+0900] {processor.py:186} INFO - Started process (PID=58125) to work on /Users/alookso/1007MLpj/myenv/lib/python3.10/site-packages/airflow/example_dags/example_dataset_alias.py
[2024-10-10T16:38:52.722+0900] {processor.py:914} INFO - Processing file /Users/alookso/1007MLpj/myenv/lib/python3.10/site-packages/airflow/example_dags/example_dataset_alias.py for tasks to queue
[2024-10-10T16:38:52.723+0900] {logging_mixin.py:190} INFO - [2024-10-10T16:38:52.723+0900] {dagbag.py:588} INFO - Filling up the DagBag from /Users/alookso/1007MLpj/myenv/lib/python3.10/site-packages/airflow/example_dags/example_dataset_alias.py
[2024-10-10T16:38:52.949+0900] {processor.py:925} INFO - DAG(s) 'dataset_s3_bucket_consumer', 'dataset_alias_example_alias_consumer', 'dataset_alias_example_alias_producer', 'dataset_s3_bucket_producer' retrieved from /Users/alookso/1007MLpj/myenv/lib/python3.10/site-packages/airflow/example_dags/example_dataset_alias.py
[2024-10-10T16:38:52.982+0900] {logging_mixin.py:190} INFO - [2024-10-10T16:38:52.982+0900] {dag.py:3239} INFO - Sync 4 DAGs
[2024-10-10T16:38:53.004+0900] {logging_mixin.py:190} INFO - [2024-10-10T16:38:53.004+0900] {dag.py:4180} INFO - Setting next_dagrun for dataset_alias_example_alias_consumer to None, run_after=None
[2024-10-10T16:38:53.007+0900] {logging_mixin.py:190} INFO - [2024-10-10T16:38:53.007+0900] {dag.py:4180} INFO - Setting next_dagrun for dataset_alias_example_alias_producer to None, run_after=None
[2024-10-10T16:38:53.008+0900] {logging_mixin.py:190} INFO - [2024-10-10T16:38:53.008+0900] {dag.py:4180} INFO - Setting next_dagrun for dataset_s3_bucket_consumer to None, run_after=None
[2024-10-10T16:38:53.009+0900] {logging_mixin.py:190} INFO - [2024-10-10T16:38:53.009+0900] {dag.py:4180} INFO - Setting next_dagrun for dataset_s3_bucket_producer to None, run_after=None
[2024-10-10T16:38:53.033+0900] {processor.py:208} INFO - Processing /Users/alookso/1007MLpj/myenv/lib/python3.10/site-packages/airflow/example_dags/example_dataset_alias.py took 0.315 seconds
[2024-10-10T16:51:57.520+0900] {processor.py:186} INFO - Started process (PID=58684) to work on /Users/alookso/1007MLpj/myenv/lib/python3.10/site-packages/airflow/example_dags/example_dataset_alias.py
[2024-10-10T16:51:57.522+0900] {processor.py:914} INFO - Processing file /Users/alookso/1007MLpj/myenv/lib/python3.10/site-packages/airflow/example_dags/example_dataset_alias.py for tasks to queue
[2024-10-10T16:51:57.522+0900] {logging_mixin.py:190} INFO - [2024-10-10T16:51:57.522+0900] {dagbag.py:588} INFO - Filling up the DagBag from /Users/alookso/1007MLpj/myenv/lib/python3.10/site-packages/airflow/example_dags/example_dataset_alias.py
[2024-10-10T16:51:57.731+0900] {processor.py:925} INFO - DAG(s) 'dataset_alias_example_alias_consumer', 'dataset_s3_bucket_producer', 'dataset_alias_example_alias_producer', 'dataset_s3_bucket_consumer' retrieved from /Users/alookso/1007MLpj/myenv/lib/python3.10/site-packages/airflow/example_dags/example_dataset_alias.py
[2024-10-10T16:51:57.760+0900] {logging_mixin.py:190} INFO - [2024-10-10T16:51:57.760+0900] {dag.py:3239} INFO - Sync 4 DAGs
[2024-10-10T16:51:57.783+0900] {logging_mixin.py:190} INFO - [2024-10-10T16:51:57.782+0900] {dag.py:4180} INFO - Setting next_dagrun for dataset_alias_example_alias_consumer to None, run_after=None
[2024-10-10T16:51:57.785+0900] {logging_mixin.py:190} INFO - [2024-10-10T16:51:57.785+0900] {dag.py:4180} INFO - Setting next_dagrun for dataset_alias_example_alias_producer to None, run_after=None
[2024-10-10T16:51:57.786+0900] {logging_mixin.py:190} INFO - [2024-10-10T16:51:57.786+0900] {dag.py:4180} INFO - Setting next_dagrun for dataset_s3_bucket_consumer to None, run_after=None
[2024-10-10T16:51:57.787+0900] {logging_mixin.py:190} INFO - [2024-10-10T16:51:57.787+0900] {dag.py:4180} INFO - Setting next_dagrun for dataset_s3_bucket_producer to None, run_after=None
[2024-10-10T16:51:57.813+0900] {processor.py:208} INFO - Processing /Users/alookso/1007MLpj/myenv/lib/python3.10/site-packages/airflow/example_dags/example_dataset_alias.py took 0.298 seconds
[2024-10-10T23:49:56.474+0900] {processor.py:186} INFO - Started process (PID=63527) to work on /Users/alookso/1007MLpj/myenv/lib/python3.10/site-packages/airflow/example_dags/example_dataset_alias.py
[2024-10-10T23:49:56.476+0900] {processor.py:914} INFO - Processing file /Users/alookso/1007MLpj/myenv/lib/python3.10/site-packages/airflow/example_dags/example_dataset_alias.py for tasks to queue
[2024-10-10T23:49:56.478+0900] {logging_mixin.py:190} INFO - [2024-10-10T23:49:56.478+0900] {dagbag.py:588} INFO - Filling up the DagBag from /Users/alookso/1007MLpj/myenv/lib/python3.10/site-packages/airflow/example_dags/example_dataset_alias.py
[2024-10-10T23:49:56.717+0900] {processor.py:925} INFO - DAG(s) 'dataset_alias_example_alias_consumer', 'dataset_s3_bucket_consumer', 'dataset_alias_example_alias_producer', 'dataset_s3_bucket_producer' retrieved from /Users/alookso/1007MLpj/myenv/lib/python3.10/site-packages/airflow/example_dags/example_dataset_alias.py
[2024-10-10T23:49:56.751+0900] {logging_mixin.py:190} INFO - [2024-10-10T23:49:56.751+0900] {dag.py:3239} INFO - Sync 4 DAGs
[2024-10-10T23:49:56.776+0900] {logging_mixin.py:190} INFO - [2024-10-10T23:49:56.776+0900] {dag.py:4180} INFO - Setting next_dagrun for dataset_alias_example_alias_consumer to None, run_after=None
[2024-10-10T23:49:56.779+0900] {logging_mixin.py:190} INFO - [2024-10-10T23:49:56.779+0900] {dag.py:4180} INFO - Setting next_dagrun for dataset_alias_example_alias_producer to None, run_after=None
[2024-10-10T23:49:56.780+0900] {logging_mixin.py:190} INFO - [2024-10-10T23:49:56.780+0900] {dag.py:4180} INFO - Setting next_dagrun for dataset_s3_bucket_consumer to None, run_after=None
[2024-10-10T23:49:56.782+0900] {logging_mixin.py:190} INFO - [2024-10-10T23:49:56.782+0900] {dag.py:4180} INFO - Setting next_dagrun for dataset_s3_bucket_producer to None, run_after=None
[2024-10-10T23:49:56.812+0900] {processor.py:208} INFO - Processing /Users/alookso/1007MLpj/myenv/lib/python3.10/site-packages/airflow/example_dags/example_dataset_alias.py took 0.343 seconds
[2024-10-10T23:53:22.266+0900] {processor.py:186} INFO - Started process (PID=63734) to work on /Users/alookso/1007MLpj/myenv/lib/python3.10/site-packages/airflow/example_dags/example_dataset_alias.py
[2024-10-10T23:53:22.267+0900] {processor.py:914} INFO - Processing file /Users/alookso/1007MLpj/myenv/lib/python3.10/site-packages/airflow/example_dags/example_dataset_alias.py for tasks to queue
[2024-10-10T23:53:22.268+0900] {logging_mixin.py:190} INFO - [2024-10-10T23:53:22.268+0900] {dagbag.py:588} INFO - Filling up the DagBag from /Users/alookso/1007MLpj/myenv/lib/python3.10/site-packages/airflow/example_dags/example_dataset_alias.py
[2024-10-10T23:53:22.484+0900] {processor.py:925} INFO - DAG(s) 'dataset_alias_example_alias_producer', 'dataset_s3_bucket_consumer', 'dataset_alias_example_alias_consumer', 'dataset_s3_bucket_producer' retrieved from /Users/alookso/1007MLpj/myenv/lib/python3.10/site-packages/airflow/example_dags/example_dataset_alias.py
[2024-10-10T23:53:22.515+0900] {logging_mixin.py:190} INFO - [2024-10-10T23:53:22.515+0900] {dag.py:3239} INFO - Sync 4 DAGs
[2024-10-10T23:53:22.538+0900] {logging_mixin.py:190} INFO - [2024-10-10T23:53:22.538+0900] {dag.py:4180} INFO - Setting next_dagrun for dataset_alias_example_alias_consumer to None, run_after=None
[2024-10-10T23:53:22.541+0900] {logging_mixin.py:190} INFO - [2024-10-10T23:53:22.540+0900] {dag.py:4180} INFO - Setting next_dagrun for dataset_alias_example_alias_producer to None, run_after=None
[2024-10-10T23:53:22.542+0900] {logging_mixin.py:190} INFO - [2024-10-10T23:53:22.542+0900] {dag.py:4180} INFO - Setting next_dagrun for dataset_s3_bucket_consumer to None, run_after=None
[2024-10-10T23:53:22.543+0900] {logging_mixin.py:190} INFO - [2024-10-10T23:53:22.543+0900] {dag.py:4180} INFO - Setting next_dagrun for dataset_s3_bucket_producer to None, run_after=None
[2024-10-10T23:53:22.571+0900] {processor.py:208} INFO - Processing /Users/alookso/1007MLpj/myenv/lib/python3.10/site-packages/airflow/example_dags/example_dataset_alias.py took 0.310 seconds
[2024-10-10T23:59:00.495+0900] {processor.py:186} INFO - Started process (PID=63922) to work on /Users/alookso/1007MLpj/myenv/lib/python3.10/site-packages/airflow/example_dags/example_dataset_alias.py
[2024-10-10T23:59:00.496+0900] {processor.py:914} INFO - Processing file /Users/alookso/1007MLpj/myenv/lib/python3.10/site-packages/airflow/example_dags/example_dataset_alias.py for tasks to queue
[2024-10-10T23:59:00.496+0900] {logging_mixin.py:190} INFO - [2024-10-10T23:59:00.496+0900] {dagbag.py:588} INFO - Filling up the DagBag from /Users/alookso/1007MLpj/myenv/lib/python3.10/site-packages/airflow/example_dags/example_dataset_alias.py
[2024-10-10T23:59:00.704+0900] {processor.py:925} INFO - DAG(s) 'dataset_alias_example_alias_producer', 'dataset_s3_bucket_consumer', 'dataset_alias_example_alias_consumer', 'dataset_s3_bucket_producer' retrieved from /Users/alookso/1007MLpj/myenv/lib/python3.10/site-packages/airflow/example_dags/example_dataset_alias.py
[2024-10-10T23:59:00.733+0900] {logging_mixin.py:190} INFO - [2024-10-10T23:59:00.732+0900] {dag.py:3239} INFO - Sync 4 DAGs
[2024-10-10T23:59:00.754+0900] {logging_mixin.py:190} INFO - [2024-10-10T23:59:00.753+0900] {dag.py:4180} INFO - Setting next_dagrun for dataset_alias_example_alias_consumer to None, run_after=None
[2024-10-10T23:59:00.756+0900] {logging_mixin.py:190} INFO - [2024-10-10T23:59:00.756+0900] {dag.py:4180} INFO - Setting next_dagrun for dataset_alias_example_alias_producer to None, run_after=None
[2024-10-10T23:59:00.757+0900] {logging_mixin.py:190} INFO - [2024-10-10T23:59:00.757+0900] {dag.py:4180} INFO - Setting next_dagrun for dataset_s3_bucket_consumer to None, run_after=None
[2024-10-10T23:59:00.758+0900] {logging_mixin.py:190} INFO - [2024-10-10T23:59:00.758+0900] {dag.py:4180} INFO - Setting next_dagrun for dataset_s3_bucket_producer to None, run_after=None
[2024-10-10T23:59:00.801+0900] {processor.py:208} INFO - Processing /Users/alookso/1007MLpj/myenv/lib/python3.10/site-packages/airflow/example_dags/example_dataset_alias.py took 0.310 seconds
[2024-10-11T00:03:14.469+0900] {processor.py:186} INFO - Started process (PID=64168) to work on /Users/alookso/1007MLpj/myenv/lib/python3.10/site-packages/airflow/example_dags/example_dataset_alias.py
[2024-10-11T00:03:14.470+0900] {processor.py:914} INFO - Processing file /Users/alookso/1007MLpj/myenv/lib/python3.10/site-packages/airflow/example_dags/example_dataset_alias.py for tasks to queue
[2024-10-11T00:03:14.471+0900] {logging_mixin.py:190} INFO - [2024-10-11T00:03:14.471+0900] {dagbag.py:588} INFO - Filling up the DagBag from /Users/alookso/1007MLpj/myenv/lib/python3.10/site-packages/airflow/example_dags/example_dataset_alias.py
[2024-10-11T00:03:14.683+0900] {processor.py:925} INFO - DAG(s) 'dataset_s3_bucket_consumer', 'dataset_alias_example_alias_consumer', 'dataset_s3_bucket_producer', 'dataset_alias_example_alias_producer' retrieved from /Users/alookso/1007MLpj/myenv/lib/python3.10/site-packages/airflow/example_dags/example_dataset_alias.py
[2024-10-11T00:03:14.714+0900] {logging_mixin.py:190} INFO - [2024-10-11T00:03:14.714+0900] {dag.py:3239} INFO - Sync 4 DAGs
[2024-10-11T00:03:14.737+0900] {logging_mixin.py:190} INFO - [2024-10-11T00:03:14.737+0900] {dag.py:4180} INFO - Setting next_dagrun for dataset_alias_example_alias_consumer to None, run_after=None
[2024-10-11T00:03:14.740+0900] {logging_mixin.py:190} INFO - [2024-10-11T00:03:14.739+0900] {dag.py:4180} INFO - Setting next_dagrun for dataset_alias_example_alias_producer to None, run_after=None
[2024-10-11T00:03:14.741+0900] {logging_mixin.py:190} INFO - [2024-10-11T00:03:14.741+0900] {dag.py:4180} INFO - Setting next_dagrun for dataset_s3_bucket_consumer to None, run_after=None
[2024-10-11T00:03:14.742+0900] {logging_mixin.py:190} INFO - [2024-10-11T00:03:14.742+0900] {dag.py:4180} INFO - Setting next_dagrun for dataset_s3_bucket_producer to None, run_after=None
[2024-10-11T00:03:14.768+0900] {processor.py:208} INFO - Processing /Users/alookso/1007MLpj/myenv/lib/python3.10/site-packages/airflow/example_dags/example_dataset_alias.py took 0.303 seconds
[2024-10-11T00:10:16.616+0900] {processor.py:186} INFO - Started process (PID=64539) to work on /Users/alookso/1007MLpj/myenv/lib/python3.10/site-packages/airflow/example_dags/example_dataset_alias.py
[2024-10-11T00:10:16.617+0900] {processor.py:914} INFO - Processing file /Users/alookso/1007MLpj/myenv/lib/python3.10/site-packages/airflow/example_dags/example_dataset_alias.py for tasks to queue
[2024-10-11T00:10:16.618+0900] {logging_mixin.py:190} INFO - [2024-10-11T00:10:16.617+0900] {dagbag.py:588} INFO - Filling up the DagBag from /Users/alookso/1007MLpj/myenv/lib/python3.10/site-packages/airflow/example_dags/example_dataset_alias.py
[2024-10-11T00:10:16.819+0900] {processor.py:925} INFO - DAG(s) 'dataset_s3_bucket_consumer', 'dataset_s3_bucket_producer', 'dataset_alias_example_alias_consumer', 'dataset_alias_example_alias_producer' retrieved from /Users/alookso/1007MLpj/myenv/lib/python3.10/site-packages/airflow/example_dags/example_dataset_alias.py
[2024-10-11T00:10:16.846+0900] {logging_mixin.py:190} INFO - [2024-10-11T00:10:16.845+0900] {dag.py:3239} INFO - Sync 4 DAGs
[2024-10-11T00:10:16.866+0900] {logging_mixin.py:190} INFO - [2024-10-11T00:10:16.866+0900] {dag.py:4180} INFO - Setting next_dagrun for dataset_alias_example_alias_consumer to None, run_after=None
[2024-10-11T00:10:16.868+0900] {logging_mixin.py:190} INFO - [2024-10-11T00:10:16.868+0900] {dag.py:4180} INFO - Setting next_dagrun for dataset_alias_example_alias_producer to None, run_after=None
[2024-10-11T00:10:16.870+0900] {logging_mixin.py:190} INFO - [2024-10-11T00:10:16.869+0900] {dag.py:4180} INFO - Setting next_dagrun for dataset_s3_bucket_consumer to None, run_after=None
[2024-10-11T00:10:16.871+0900] {logging_mixin.py:190} INFO - [2024-10-11T00:10:16.870+0900] {dag.py:4180} INFO - Setting next_dagrun for dataset_s3_bucket_producer to None, run_after=None
[2024-10-11T00:10:16.894+0900] {processor.py:208} INFO - Processing /Users/alookso/1007MLpj/myenv/lib/python3.10/site-packages/airflow/example_dags/example_dataset_alias.py took 0.282 seconds
[2024-10-11T00:15:27.640+0900] {processor.py:186} INFO - Started process (PID=64775) to work on /Users/alookso/1007MLpj/myenv/lib/python3.10/site-packages/airflow/example_dags/example_dataset_alias.py
[2024-10-11T00:15:27.641+0900] {processor.py:914} INFO - Processing file /Users/alookso/1007MLpj/myenv/lib/python3.10/site-packages/airflow/example_dags/example_dataset_alias.py for tasks to queue
[2024-10-11T00:15:27.642+0900] {logging_mixin.py:190} INFO - [2024-10-11T00:15:27.642+0900] {dagbag.py:588} INFO - Filling up the DagBag from /Users/alookso/1007MLpj/myenv/lib/python3.10/site-packages/airflow/example_dags/example_dataset_alias.py
[2024-10-11T00:15:27.845+0900] {processor.py:925} INFO - DAG(s) 'dataset_s3_bucket_producer', 'dataset_alias_example_alias_consumer', 'dataset_s3_bucket_consumer', 'dataset_alias_example_alias_producer' retrieved from /Users/alookso/1007MLpj/myenv/lib/python3.10/site-packages/airflow/example_dags/example_dataset_alias.py
[2024-10-11T00:15:27.873+0900] {logging_mixin.py:190} INFO - [2024-10-11T00:15:27.872+0900] {dag.py:3239} INFO - Sync 4 DAGs
[2024-10-11T00:15:27.893+0900] {logging_mixin.py:190} INFO - [2024-10-11T00:15:27.893+0900] {dag.py:4180} INFO - Setting next_dagrun for dataset_alias_example_alias_consumer to None, run_after=None
[2024-10-11T00:15:27.895+0900] {logging_mixin.py:190} INFO - [2024-10-11T00:15:27.895+0900] {dag.py:4180} INFO - Setting next_dagrun for dataset_alias_example_alias_producer to None, run_after=None
[2024-10-11T00:15:27.896+0900] {logging_mixin.py:190} INFO - [2024-10-11T00:15:27.896+0900] {dag.py:4180} INFO - Setting next_dagrun for dataset_s3_bucket_consumer to None, run_after=None
[2024-10-11T00:15:27.897+0900] {logging_mixin.py:190} INFO - [2024-10-11T00:15:27.897+0900] {dag.py:4180} INFO - Setting next_dagrun for dataset_s3_bucket_producer to None, run_after=None
[2024-10-11T00:15:27.920+0900] {processor.py:208} INFO - Processing /Users/alookso/1007MLpj/myenv/lib/python3.10/site-packages/airflow/example_dags/example_dataset_alias.py took 0.285 seconds
[2024-10-11T00:20:32.869+0900] {processor.py:186} INFO - Started process (PID=64953) to work on /Users/alookso/1007MLpj/myenv/lib/python3.10/site-packages/airflow/example_dags/example_dataset_alias.py
[2024-10-11T00:20:32.869+0900] {processor.py:914} INFO - Processing file /Users/alookso/1007MLpj/myenv/lib/python3.10/site-packages/airflow/example_dags/example_dataset_alias.py for tasks to queue
[2024-10-11T00:20:32.870+0900] {logging_mixin.py:190} INFO - [2024-10-11T00:20:32.870+0900] {dagbag.py:588} INFO - Filling up the DagBag from /Users/alookso/1007MLpj/myenv/lib/python3.10/site-packages/airflow/example_dags/example_dataset_alias.py
[2024-10-11T00:20:33.075+0900] {processor.py:925} INFO - DAG(s) 'dataset_alias_example_alias_producer', 'dataset_s3_bucket_producer', 'dataset_alias_example_alias_consumer', 'dataset_s3_bucket_consumer' retrieved from /Users/alookso/1007MLpj/myenv/lib/python3.10/site-packages/airflow/example_dags/example_dataset_alias.py
[2024-10-11T00:20:33.102+0900] {logging_mixin.py:190} INFO - [2024-10-11T00:20:33.101+0900] {dag.py:3239} INFO - Sync 4 DAGs
[2024-10-11T00:20:33.122+0900] {logging_mixin.py:190} INFO - [2024-10-11T00:20:33.122+0900] {dag.py:4180} INFO - Setting next_dagrun for dataset_alias_example_alias_consumer to None, run_after=None
[2024-10-11T00:20:33.124+0900] {logging_mixin.py:190} INFO - [2024-10-11T00:20:33.124+0900] {dag.py:4180} INFO - Setting next_dagrun for dataset_alias_example_alias_producer to None, run_after=None
[2024-10-11T00:20:33.125+0900] {logging_mixin.py:190} INFO - [2024-10-11T00:20:33.125+0900] {dag.py:4180} INFO - Setting next_dagrun for dataset_s3_bucket_consumer to None, run_after=None
[2024-10-11T00:20:33.126+0900] {logging_mixin.py:190} INFO - [2024-10-11T00:20:33.126+0900] {dag.py:4180} INFO - Setting next_dagrun for dataset_s3_bucket_producer to None, run_after=None
[2024-10-11T00:20:33.149+0900] {processor.py:208} INFO - Processing /Users/alookso/1007MLpj/myenv/lib/python3.10/site-packages/airflow/example_dags/example_dataset_alias.py took 0.285 seconds
[2024-10-11T00:23:39.574+0900] {processor.py:186} INFO - Started process (PID=65049) to work on /Users/alookso/1007MLpj/myenv/lib/python3.10/site-packages/airflow/example_dags/example_dataset_alias.py
[2024-10-11T00:23:39.575+0900] {processor.py:914} INFO - Processing file /Users/alookso/1007MLpj/myenv/lib/python3.10/site-packages/airflow/example_dags/example_dataset_alias.py for tasks to queue
[2024-10-11T00:23:39.576+0900] {logging_mixin.py:190} INFO - [2024-10-11T00:23:39.576+0900] {dagbag.py:588} INFO - Filling up the DagBag from /Users/alookso/1007MLpj/myenv/lib/python3.10/site-packages/airflow/example_dags/example_dataset_alias.py
[2024-10-11T00:23:39.785+0900] {processor.py:925} INFO - DAG(s) 'dataset_s3_bucket_consumer', 'dataset_s3_bucket_producer', 'dataset_alias_example_alias_producer', 'dataset_alias_example_alias_consumer' retrieved from /Users/alookso/1007MLpj/myenv/lib/python3.10/site-packages/airflow/example_dags/example_dataset_alias.py
[2024-10-11T00:23:39.814+0900] {logging_mixin.py:190} INFO - [2024-10-11T00:23:39.813+0900] {dag.py:3239} INFO - Sync 4 DAGs
[2024-10-11T00:23:39.836+0900] {logging_mixin.py:190} INFO - [2024-10-11T00:23:39.835+0900] {dag.py:4180} INFO - Setting next_dagrun for dataset_alias_example_alias_consumer to None, run_after=None
[2024-10-11T00:23:39.838+0900] {logging_mixin.py:190} INFO - [2024-10-11T00:23:39.838+0900] {dag.py:4180} INFO - Setting next_dagrun for dataset_alias_example_alias_producer to None, run_after=None
[2024-10-11T00:23:39.839+0900] {logging_mixin.py:190} INFO - [2024-10-11T00:23:39.839+0900] {dag.py:4180} INFO - Setting next_dagrun for dataset_s3_bucket_consumer to None, run_after=None
[2024-10-11T00:23:39.840+0900] {logging_mixin.py:190} INFO - [2024-10-11T00:23:39.840+0900] {dag.py:4180} INFO - Setting next_dagrun for dataset_s3_bucket_producer to None, run_after=None
[2024-10-11T00:23:39.867+0900] {processor.py:208} INFO - Processing /Users/alookso/1007MLpj/myenv/lib/python3.10/site-packages/airflow/example_dags/example_dataset_alias.py took 0.297 seconds
[2024-10-11T00:29:46.196+0900] {processor.py:186} INFO - Started process (PID=65343) to work on /Users/alookso/1007MLpj/myenv/lib/python3.10/site-packages/airflow/example_dags/example_dataset_alias.py
[2024-10-11T00:29:46.197+0900] {processor.py:914} INFO - Processing file /Users/alookso/1007MLpj/myenv/lib/python3.10/site-packages/airflow/example_dags/example_dataset_alias.py for tasks to queue
[2024-10-11T00:29:46.198+0900] {logging_mixin.py:190} INFO - [2024-10-11T00:29:46.198+0900] {dagbag.py:588} INFO - Filling up the DagBag from /Users/alookso/1007MLpj/myenv/lib/python3.10/site-packages/airflow/example_dags/example_dataset_alias.py
[2024-10-11T00:29:46.406+0900] {processor.py:925} INFO - DAG(s) 'dataset_s3_bucket_producer', 'dataset_alias_example_alias_producer', 'dataset_alias_example_alias_consumer', 'dataset_s3_bucket_consumer' retrieved from /Users/alookso/1007MLpj/myenv/lib/python3.10/site-packages/airflow/example_dags/example_dataset_alias.py
[2024-10-11T00:29:46.434+0900] {logging_mixin.py:190} INFO - [2024-10-11T00:29:46.434+0900] {dag.py:3239} INFO - Sync 4 DAGs
[2024-10-11T00:29:46.455+0900] {logging_mixin.py:190} INFO - [2024-10-11T00:29:46.455+0900] {dag.py:4180} INFO - Setting next_dagrun for dataset_alias_example_alias_consumer to None, run_after=None
[2024-10-11T00:29:46.457+0900] {logging_mixin.py:190} INFO - [2024-10-11T00:29:46.457+0900] {dag.py:4180} INFO - Setting next_dagrun for dataset_alias_example_alias_producer to None, run_after=None
[2024-10-11T00:29:46.458+0900] {logging_mixin.py:190} INFO - [2024-10-11T00:29:46.458+0900] {dag.py:4180} INFO - Setting next_dagrun for dataset_s3_bucket_consumer to None, run_after=None
[2024-10-11T00:29:46.459+0900] {logging_mixin.py:190} INFO - [2024-10-11T00:29:46.459+0900] {dag.py:4180} INFO - Setting next_dagrun for dataset_s3_bucket_producer to None, run_after=None
[2024-10-11T00:29:46.483+0900] {processor.py:208} INFO - Processing /Users/alookso/1007MLpj/myenv/lib/python3.10/site-packages/airflow/example_dags/example_dataset_alias.py took 0.291 seconds
[2024-10-11T00:36:55.606+0900] {processor.py:186} INFO - Started process (PID=65670) to work on /Users/alookso/1007MLpj/myenv/lib/python3.10/site-packages/airflow/example_dags/example_dataset_alias.py
[2024-10-11T00:36:55.607+0900] {processor.py:914} INFO - Processing file /Users/alookso/1007MLpj/myenv/lib/python3.10/site-packages/airflow/example_dags/example_dataset_alias.py for tasks to queue
[2024-10-11T00:36:55.608+0900] {logging_mixin.py:190} INFO - [2024-10-11T00:36:55.607+0900] {dagbag.py:588} INFO - Filling up the DagBag from /Users/alookso/1007MLpj/myenv/lib/python3.10/site-packages/airflow/example_dags/example_dataset_alias.py
[2024-10-11T00:36:55.816+0900] {processor.py:925} INFO - DAG(s) 'dataset_s3_bucket_producer', 'dataset_alias_example_alias_producer', 'dataset_alias_example_alias_consumer', 'dataset_s3_bucket_consumer' retrieved from /Users/alookso/1007MLpj/myenv/lib/python3.10/site-packages/airflow/example_dags/example_dataset_alias.py
[2024-10-11T00:36:55.847+0900] {logging_mixin.py:190} INFO - [2024-10-11T00:36:55.846+0900] {dag.py:3239} INFO - Sync 4 DAGs
[2024-10-11T00:36:55.868+0900] {logging_mixin.py:190} INFO - [2024-10-11T00:36:55.868+0900] {dag.py:4180} INFO - Setting next_dagrun for dataset_alias_example_alias_consumer to None, run_after=None
[2024-10-11T00:36:55.871+0900] {logging_mixin.py:190} INFO - [2024-10-11T00:36:55.870+0900] {dag.py:4180} INFO - Setting next_dagrun for dataset_alias_example_alias_producer to None, run_after=None
[2024-10-11T00:36:55.872+0900] {logging_mixin.py:190} INFO - [2024-10-11T00:36:55.871+0900] {dag.py:4180} INFO - Setting next_dagrun for dataset_s3_bucket_consumer to None, run_after=None
[2024-10-11T00:36:55.873+0900] {logging_mixin.py:190} INFO - [2024-10-11T00:36:55.872+0900] {dag.py:4180} INFO - Setting next_dagrun for dataset_s3_bucket_producer to None, run_after=None
[2024-10-11T00:36:55.897+0900] {processor.py:208} INFO - Processing /Users/alookso/1007MLpj/myenv/lib/python3.10/site-packages/airflow/example_dags/example_dataset_alias.py took 0.296 seconds
[2024-10-11T00:44:11.386+0900] {processor.py:186} INFO - Started process (PID=66035) to work on /Users/alookso/1007MLpj/myenv/lib/python3.10/site-packages/airflow/example_dags/example_dataset_alias.py
[2024-10-11T00:44:11.387+0900] {processor.py:914} INFO - Processing file /Users/alookso/1007MLpj/myenv/lib/python3.10/site-packages/airflow/example_dags/example_dataset_alias.py for tasks to queue
[2024-10-11T00:44:11.388+0900] {logging_mixin.py:190} INFO - [2024-10-11T00:44:11.388+0900] {dagbag.py:588} INFO - Filling up the DagBag from /Users/alookso/1007MLpj/myenv/lib/python3.10/site-packages/airflow/example_dags/example_dataset_alias.py
[2024-10-11T00:44:11.596+0900] {processor.py:925} INFO - DAG(s) 'dataset_alias_example_alias_consumer', 'dataset_s3_bucket_consumer', 'dataset_alias_example_alias_producer', 'dataset_s3_bucket_producer' retrieved from /Users/alookso/1007MLpj/myenv/lib/python3.10/site-packages/airflow/example_dags/example_dataset_alias.py
[2024-10-11T00:44:11.626+0900] {logging_mixin.py:190} INFO - [2024-10-11T00:44:11.626+0900] {dag.py:3239} INFO - Sync 4 DAGs
[2024-10-11T00:44:11.648+0900] {logging_mixin.py:190} INFO - [2024-10-11T00:44:11.648+0900] {dag.py:4180} INFO - Setting next_dagrun for dataset_alias_example_alias_consumer to None, run_after=None
[2024-10-11T00:44:11.650+0900] {logging_mixin.py:190} INFO - [2024-10-11T00:44:11.650+0900] {dag.py:4180} INFO - Setting next_dagrun for dataset_alias_example_alias_producer to None, run_after=None
[2024-10-11T00:44:11.652+0900] {logging_mixin.py:190} INFO - [2024-10-11T00:44:11.651+0900] {dag.py:4180} INFO - Setting next_dagrun for dataset_s3_bucket_consumer to None, run_after=None
[2024-10-11T00:44:11.653+0900] {logging_mixin.py:190} INFO - [2024-10-11T00:44:11.652+0900] {dag.py:4180} INFO - Setting next_dagrun for dataset_s3_bucket_producer to None, run_after=None
[2024-10-11T00:44:11.677+0900] {processor.py:208} INFO - Processing /Users/alookso/1007MLpj/myenv/lib/python3.10/site-packages/airflow/example_dags/example_dataset_alias.py took 0.296 seconds
[2024-10-11T00:51:14.015+0900] {processor.py:186} INFO - Started process (PID=66372) to work on /Users/alookso/1007MLpj/myenv/lib/python3.10/site-packages/airflow/example_dags/example_dataset_alias.py
[2024-10-11T00:51:14.016+0900] {processor.py:914} INFO - Processing file /Users/alookso/1007MLpj/myenv/lib/python3.10/site-packages/airflow/example_dags/example_dataset_alias.py for tasks to queue
[2024-10-11T00:51:14.016+0900] {logging_mixin.py:190} INFO - [2024-10-11T00:51:14.016+0900] {dagbag.py:588} INFO - Filling up the DagBag from /Users/alookso/1007MLpj/myenv/lib/python3.10/site-packages/airflow/example_dags/example_dataset_alias.py
[2024-10-11T00:51:14.221+0900] {processor.py:925} INFO - DAG(s) 'dataset_s3_bucket_consumer', 'dataset_alias_example_alias_consumer', 'dataset_alias_example_alias_producer', 'dataset_s3_bucket_producer' retrieved from /Users/alookso/1007MLpj/myenv/lib/python3.10/site-packages/airflow/example_dags/example_dataset_alias.py
[2024-10-11T00:51:14.249+0900] {logging_mixin.py:190} INFO - [2024-10-11T00:51:14.248+0900] {dag.py:3239} INFO - Sync 4 DAGs
[2024-10-11T00:51:14.271+0900] {logging_mixin.py:190} INFO - [2024-10-11T00:51:14.270+0900] {dag.py:4180} INFO - Setting next_dagrun for dataset_alias_example_alias_consumer to None, run_after=None
[2024-10-11T00:51:14.273+0900] {logging_mixin.py:190} INFO - [2024-10-11T00:51:14.273+0900] {dag.py:4180} INFO - Setting next_dagrun for dataset_alias_example_alias_producer to None, run_after=None
[2024-10-11T00:51:14.275+0900] {logging_mixin.py:190} INFO - [2024-10-11T00:51:14.274+0900] {dag.py:4180} INFO - Setting next_dagrun for dataset_s3_bucket_consumer to None, run_after=None
[2024-10-11T00:51:14.276+0900] {logging_mixin.py:190} INFO - [2024-10-11T00:51:14.275+0900] {dag.py:4180} INFO - Setting next_dagrun for dataset_s3_bucket_producer to None, run_after=None
[2024-10-11T00:51:14.301+0900] {processor.py:208} INFO - Processing /Users/alookso/1007MLpj/myenv/lib/python3.10/site-packages/airflow/example_dags/example_dataset_alias.py took 0.292 seconds
[2024-10-11T00:54:30.536+0900] {processor.py:186} INFO - Started process (PID=66567) to work on /Users/alookso/1007MLpj/myenv/lib/python3.10/site-packages/airflow/example_dags/example_dataset_alias.py
[2024-10-11T00:54:30.537+0900] {processor.py:914} INFO - Processing file /Users/alookso/1007MLpj/myenv/lib/python3.10/site-packages/airflow/example_dags/example_dataset_alias.py for tasks to queue
[2024-10-11T00:54:30.538+0900] {logging_mixin.py:190} INFO - [2024-10-11T00:54:30.538+0900] {dagbag.py:588} INFO - Filling up the DagBag from /Users/alookso/1007MLpj/myenv/lib/python3.10/site-packages/airflow/example_dags/example_dataset_alias.py
[2024-10-11T00:54:30.743+0900] {processor.py:925} INFO - DAG(s) 'dataset_alias_example_alias_consumer', 'dataset_alias_example_alias_producer', 'dataset_s3_bucket_consumer', 'dataset_s3_bucket_producer' retrieved from /Users/alookso/1007MLpj/myenv/lib/python3.10/site-packages/airflow/example_dags/example_dataset_alias.py
[2024-10-11T00:54:30.772+0900] {logging_mixin.py:190} INFO - [2024-10-11T00:54:30.772+0900] {dag.py:3239} INFO - Sync 4 DAGs
[2024-10-11T00:54:30.793+0900] {logging_mixin.py:190} INFO - [2024-10-11T00:54:30.792+0900] {dag.py:4180} INFO - Setting next_dagrun for dataset_alias_example_alias_consumer to None, run_after=None
[2024-10-11T00:54:30.795+0900] {logging_mixin.py:190} INFO - [2024-10-11T00:54:30.795+0900] {dag.py:4180} INFO - Setting next_dagrun for dataset_alias_example_alias_producer to None, run_after=None
[2024-10-11T00:54:30.796+0900] {logging_mixin.py:190} INFO - [2024-10-11T00:54:30.796+0900] {dag.py:4180} INFO - Setting next_dagrun for dataset_s3_bucket_consumer to None, run_after=None
[2024-10-11T00:54:30.797+0900] {logging_mixin.py:190} INFO - [2024-10-11T00:54:30.797+0900] {dag.py:4180} INFO - Setting next_dagrun for dataset_s3_bucket_producer to None, run_after=None
[2024-10-11T00:54:30.820+0900] {processor.py:208} INFO - Processing /Users/alookso/1007MLpj/myenv/lib/python3.10/site-packages/airflow/example_dags/example_dataset_alias.py took 0.289 seconds
