[2024-10-10T15:32:53.454+0900] {processor.py:186} INFO - Started process (PID=56052) to work on /Users/alookso/1007MLpj/myenv/lib/python3.10/site-packages/airflow/example_dags/example_task_group.py
[2024-10-10T15:32:53.455+0900] {processor.py:914} INFO - Processing file /Users/alookso/1007MLpj/myenv/lib/python3.10/site-packages/airflow/example_dags/example_task_group.py for tasks to queue
[2024-10-10T15:32:53.457+0900] {logging_mixin.py:190} INFO - [2024-10-10T15:32:53.456+0900] {dagbag.py:588} INFO - Filling up the DagBag from /Users/alookso/1007MLpj/myenv/lib/python3.10/site-packages/airflow/example_dags/example_task_group.py
[2024-10-10T15:32:53.470+0900] {processor.py:925} INFO - DAG(s) 'example_task_group' retrieved from /Users/alookso/1007MLpj/myenv/lib/python3.10/site-packages/airflow/example_dags/example_task_group.py
[2024-10-10T15:32:53.730+0900] {logging_mixin.py:190} INFO - [2024-10-10T15:32:53.729+0900] {override.py:1901} INFO - Created Permission View: can edit on DAG:example_task_group
[2024-10-10T15:32:53.741+0900] {logging_mixin.py:190} INFO - [2024-10-10T15:32:53.741+0900] {override.py:1901} INFO - Created Permission View: can read on DAG:example_task_group
[2024-10-10T15:32:53.750+0900] {logging_mixin.py:190} INFO - [2024-10-10T15:32:53.749+0900] {override.py:1901} INFO - Created Permission View: can delete on DAG:example_task_group
[2024-10-10T15:32:53.760+0900] {logging_mixin.py:190} INFO - [2024-10-10T15:32:53.759+0900] {override.py:1901} INFO - Created Permission View: can create on DAG Run:example_task_group
[2024-10-10T15:32:53.767+0900] {logging_mixin.py:190} INFO - [2024-10-10T15:32:53.767+0900] {override.py:1901} INFO - Created Permission View: can read on DAG Run:example_task_group
[2024-10-10T15:32:53.776+0900] {logging_mixin.py:190} INFO - [2024-10-10T15:32:53.775+0900] {override.py:1901} INFO - Created Permission View: can delete on DAG Run:example_task_group
[2024-10-10T15:32:53.784+0900] {logging_mixin.py:190} INFO - [2024-10-10T15:32:53.783+0900] {override.py:1901} INFO - Created Permission View: menu access on DAG Run:example_task_group
[2024-10-10T15:32:53.784+0900] {logging_mixin.py:190} INFO - [2024-10-10T15:32:53.784+0900] {dag.py:3239} INFO - Sync 1 DAGs
[2024-10-10T15:32:53.800+0900] {logging_mixin.py:190} INFO - [2024-10-10T15:32:53.799+0900] {dag.py:3262} INFO - Creating ORM DAG for example_task_group
[2024-10-10T15:32:53.800+0900] {logging_mixin.py:190} INFO - [2024-10-10T15:32:53.800+0900] {dag.py:4180} INFO - Setting next_dagrun for example_task_group to None, run_after=None
[2024-10-10T15:32:53.822+0900] {processor.py:208} INFO - Processing /Users/alookso/1007MLpj/myenv/lib/python3.10/site-packages/airflow/example_dags/example_task_group.py took 0.374 seconds
[2024-10-10T15:37:26.700+0900] {processor.py:186} INFO - Started process (PID=56231) to work on /Users/alookso/1007MLpj/myenv/lib/python3.10/site-packages/airflow/example_dags/example_task_group.py
[2024-10-10T15:37:26.701+0900] {processor.py:914} INFO - Processing file /Users/alookso/1007MLpj/myenv/lib/python3.10/site-packages/airflow/example_dags/example_task_group.py for tasks to queue
[2024-10-10T15:37:26.703+0900] {logging_mixin.py:190} INFO - [2024-10-10T15:37:26.703+0900] {dagbag.py:588} INFO - Filling up the DagBag from /Users/alookso/1007MLpj/myenv/lib/python3.10/site-packages/airflow/example_dags/example_task_group.py
[2024-10-10T15:37:26.717+0900] {processor.py:925} INFO - DAG(s) 'example_task_group' retrieved from /Users/alookso/1007MLpj/myenv/lib/python3.10/site-packages/airflow/example_dags/example_task_group.py
[2024-10-10T15:37:26.876+0900] {logging_mixin.py:190} INFO - [2024-10-10T15:37:26.876+0900] {dag.py:3239} INFO - Sync 1 DAGs
[2024-10-10T15:37:26.890+0900] {logging_mixin.py:190} INFO - [2024-10-10T15:37:26.889+0900] {dag.py:4180} INFO - Setting next_dagrun for example_task_group to None, run_after=None
[2024-10-10T15:37:26.914+0900] {processor.py:208} INFO - Processing /Users/alookso/1007MLpj/myenv/lib/python3.10/site-packages/airflow/example_dags/example_task_group.py took 0.221 seconds
[2024-10-10T15:42:04.757+0900] {processor.py:186} INFO - Started process (PID=56430) to work on /Users/alookso/1007MLpj/myenv/lib/python3.10/site-packages/airflow/example_dags/example_task_group.py
[2024-10-10T15:42:04.758+0900] {processor.py:914} INFO - Processing file /Users/alookso/1007MLpj/myenv/lib/python3.10/site-packages/airflow/example_dags/example_task_group.py for tasks to queue
[2024-10-10T15:42:04.760+0900] {logging_mixin.py:190} INFO - [2024-10-10T15:42:04.760+0900] {dagbag.py:588} INFO - Filling up the DagBag from /Users/alookso/1007MLpj/myenv/lib/python3.10/site-packages/airflow/example_dags/example_task_group.py
[2024-10-10T15:42:04.773+0900] {processor.py:925} INFO - DAG(s) 'example_task_group' retrieved from /Users/alookso/1007MLpj/myenv/lib/python3.10/site-packages/airflow/example_dags/example_task_group.py
[2024-10-10T15:42:04.929+0900] {logging_mixin.py:190} INFO - [2024-10-10T15:42:04.929+0900] {dag.py:3239} INFO - Sync 1 DAGs
[2024-10-10T15:42:04.942+0900] {logging_mixin.py:190} INFO - [2024-10-10T15:42:04.941+0900] {dag.py:4180} INFO - Setting next_dagrun for example_task_group to None, run_after=None
[2024-10-10T15:42:04.961+0900] {processor.py:208} INFO - Processing /Users/alookso/1007MLpj/myenv/lib/python3.10/site-packages/airflow/example_dags/example_task_group.py took 0.212 seconds
[2024-10-10T15:44:11.302+0900] {processor.py:186} INFO - Started process (PID=56525) to work on /Users/alookso/1007MLpj/myenv/lib/python3.10/site-packages/airflow/example_dags/example_task_group.py
[2024-10-10T15:44:11.304+0900] {processor.py:914} INFO - Processing file /Users/alookso/1007MLpj/myenv/lib/python3.10/site-packages/airflow/example_dags/example_task_group.py for tasks to queue
[2024-10-10T15:44:11.305+0900] {logging_mixin.py:190} INFO - [2024-10-10T15:44:11.304+0900] {dagbag.py:588} INFO - Filling up the DagBag from /Users/alookso/1007MLpj/myenv/lib/python3.10/site-packages/airflow/example_dags/example_task_group.py
[2024-10-10T15:44:11.316+0900] {processor.py:925} INFO - DAG(s) 'example_task_group' retrieved from /Users/alookso/1007MLpj/myenv/lib/python3.10/site-packages/airflow/example_dags/example_task_group.py
[2024-10-10T15:44:11.454+0900] {logging_mixin.py:190} INFO - [2024-10-10T15:44:11.454+0900] {dag.py:3239} INFO - Sync 1 DAGs
[2024-10-10T15:44:11.467+0900] {logging_mixin.py:190} INFO - [2024-10-10T15:44:11.467+0900] {dag.py:4180} INFO - Setting next_dagrun for example_task_group to None, run_after=None
[2024-10-10T15:44:11.487+0900] {processor.py:208} INFO - Processing /Users/alookso/1007MLpj/myenv/lib/python3.10/site-packages/airflow/example_dags/example_task_group.py took 0.189 seconds
[2024-10-10T15:47:19.113+0900] {processor.py:186} INFO - Started process (PID=56678) to work on /Users/alookso/1007MLpj/myenv/lib/python3.10/site-packages/airflow/example_dags/example_task_group.py
[2024-10-10T15:47:19.115+0900] {processor.py:914} INFO - Processing file /Users/alookso/1007MLpj/myenv/lib/python3.10/site-packages/airflow/example_dags/example_task_group.py for tasks to queue
[2024-10-10T15:47:19.116+0900] {logging_mixin.py:190} INFO - [2024-10-10T15:47:19.115+0900] {dagbag.py:588} INFO - Filling up the DagBag from /Users/alookso/1007MLpj/myenv/lib/python3.10/site-packages/airflow/example_dags/example_task_group.py
[2024-10-10T15:47:19.127+0900] {processor.py:925} INFO - DAG(s) 'example_task_group' retrieved from /Users/alookso/1007MLpj/myenv/lib/python3.10/site-packages/airflow/example_dags/example_task_group.py
[2024-10-10T15:47:19.271+0900] {logging_mixin.py:190} INFO - [2024-10-10T15:47:19.270+0900] {dag.py:3239} INFO - Sync 1 DAGs
[2024-10-10T15:47:19.284+0900] {logging_mixin.py:190} INFO - [2024-10-10T15:47:19.284+0900] {dag.py:4180} INFO - Setting next_dagrun for example_task_group to None, run_after=None
[2024-10-10T15:47:19.304+0900] {processor.py:208} INFO - Processing /Users/alookso/1007MLpj/myenv/lib/python3.10/site-packages/airflow/example_dags/example_task_group.py took 0.196 seconds
[2024-10-10T15:51:38.730+0900] {processor.py:186} INFO - Started process (PID=56888) to work on /Users/alookso/1007MLpj/myenv/lib/python3.10/site-packages/airflow/example_dags/example_task_group.py
[2024-10-10T15:51:38.732+0900] {processor.py:914} INFO - Processing file /Users/alookso/1007MLpj/myenv/lib/python3.10/site-packages/airflow/example_dags/example_task_group.py for tasks to queue
[2024-10-10T15:51:38.733+0900] {logging_mixin.py:190} INFO - [2024-10-10T15:51:38.733+0900] {dagbag.py:588} INFO - Filling up the DagBag from /Users/alookso/1007MLpj/myenv/lib/python3.10/site-packages/airflow/example_dags/example_task_group.py
[2024-10-10T15:51:38.744+0900] {processor.py:925} INFO - DAG(s) 'example_task_group' retrieved from /Users/alookso/1007MLpj/myenv/lib/python3.10/site-packages/airflow/example_dags/example_task_group.py
[2024-10-10T15:51:38.880+0900] {logging_mixin.py:190} INFO - [2024-10-10T15:51:38.879+0900] {dag.py:3239} INFO - Sync 1 DAGs
[2024-10-10T15:51:38.893+0900] {logging_mixin.py:190} INFO - [2024-10-10T15:51:38.892+0900] {dag.py:4180} INFO - Setting next_dagrun for example_task_group to None, run_after=None
[2024-10-10T15:51:38.912+0900] {processor.py:208} INFO - Processing /Users/alookso/1007MLpj/myenv/lib/python3.10/site-packages/airflow/example_dags/example_task_group.py took 0.186 seconds
[2024-10-10T16:18:29.169+0900] {processor.py:186} INFO - Started process (PID=57338) to work on /Users/alookso/1007MLpj/myenv/lib/python3.10/site-packages/airflow/example_dags/example_task_group.py
[2024-10-10T16:18:29.171+0900] {processor.py:914} INFO - Processing file /Users/alookso/1007MLpj/myenv/lib/python3.10/site-packages/airflow/example_dags/example_task_group.py for tasks to queue
[2024-10-10T16:18:29.172+0900] {logging_mixin.py:190} INFO - [2024-10-10T16:18:29.172+0900] {dagbag.py:588} INFO - Filling up the DagBag from /Users/alookso/1007MLpj/myenv/lib/python3.10/site-packages/airflow/example_dags/example_task_group.py
[2024-10-10T16:18:29.186+0900] {processor.py:925} INFO - DAG(s) 'example_task_group' retrieved from /Users/alookso/1007MLpj/myenv/lib/python3.10/site-packages/airflow/example_dags/example_task_group.py
[2024-10-10T16:18:29.355+0900] {logging_mixin.py:190} INFO - [2024-10-10T16:18:29.355+0900] {dag.py:3239} INFO - Sync 1 DAGs
[2024-10-10T16:18:29.372+0900] {logging_mixin.py:190} INFO - [2024-10-10T16:18:29.371+0900] {dag.py:4180} INFO - Setting next_dagrun for example_task_group to None, run_after=None
[2024-10-10T16:18:29.396+0900] {processor.py:208} INFO - Processing /Users/alookso/1007MLpj/myenv/lib/python3.10/site-packages/airflow/example_dags/example_task_group.py took 0.234 seconds
[2024-10-10T16:22:49.861+0900] {processor.py:186} INFO - Started process (PID=57488) to work on /Users/alookso/1007MLpj/myenv/lib/python3.10/site-packages/airflow/example_dags/example_task_group.py
[2024-10-10T16:22:49.862+0900] {processor.py:914} INFO - Processing file /Users/alookso/1007MLpj/myenv/lib/python3.10/site-packages/airflow/example_dags/example_task_group.py for tasks to queue
[2024-10-10T16:22:49.863+0900] {logging_mixin.py:190} INFO - [2024-10-10T16:22:49.863+0900] {dagbag.py:588} INFO - Filling up the DagBag from /Users/alookso/1007MLpj/myenv/lib/python3.10/site-packages/airflow/example_dags/example_task_group.py
[2024-10-10T16:22:49.874+0900] {processor.py:925} INFO - DAG(s) 'example_task_group' retrieved from /Users/alookso/1007MLpj/myenv/lib/python3.10/site-packages/airflow/example_dags/example_task_group.py
[2024-10-10T16:22:50.011+0900] {logging_mixin.py:190} INFO - [2024-10-10T16:22:50.011+0900] {dag.py:3239} INFO - Sync 1 DAGs
[2024-10-10T16:22:50.024+0900] {logging_mixin.py:190} INFO - [2024-10-10T16:22:50.024+0900] {dag.py:4180} INFO - Setting next_dagrun for example_task_group to None, run_after=None
[2024-10-10T16:22:50.044+0900] {processor.py:208} INFO - Processing /Users/alookso/1007MLpj/myenv/lib/python3.10/site-packages/airflow/example_dags/example_task_group.py took 0.189 seconds
[2024-10-10T16:26:27.910+0900] {processor.py:186} INFO - Started process (PID=57645) to work on /Users/alookso/1007MLpj/myenv/lib/python3.10/site-packages/airflow/example_dags/example_task_group.py
[2024-10-10T16:26:27.912+0900] {processor.py:914} INFO - Processing file /Users/alookso/1007MLpj/myenv/lib/python3.10/site-packages/airflow/example_dags/example_task_group.py for tasks to queue
[2024-10-10T16:26:27.914+0900] {logging_mixin.py:190} INFO - [2024-10-10T16:26:27.913+0900] {dagbag.py:588} INFO - Filling up the DagBag from /Users/alookso/1007MLpj/myenv/lib/python3.10/site-packages/airflow/example_dags/example_task_group.py
[2024-10-10T16:26:27.925+0900] {processor.py:925} INFO - DAG(s) 'example_task_group' retrieved from /Users/alookso/1007MLpj/myenv/lib/python3.10/site-packages/airflow/example_dags/example_task_group.py
[2024-10-10T16:26:28.077+0900] {logging_mixin.py:190} INFO - [2024-10-10T16:26:28.076+0900] {dag.py:3239} INFO - Sync 1 DAGs
[2024-10-10T16:26:28.092+0900] {logging_mixin.py:190} INFO - [2024-10-10T16:26:28.091+0900] {dag.py:4180} INFO - Setting next_dagrun for example_task_group to None, run_after=None
[2024-10-10T16:26:28.115+0900] {processor.py:208} INFO - Processing /Users/alookso/1007MLpj/myenv/lib/python3.10/site-packages/airflow/example_dags/example_task_group.py took 0.210 seconds
[2024-10-10T16:30:42.082+0900] {processor.py:186} INFO - Started process (PID=57854) to work on /Users/alookso/1007MLpj/myenv/lib/python3.10/site-packages/airflow/example_dags/example_task_group.py
[2024-10-10T16:30:42.083+0900] {processor.py:914} INFO - Processing file /Users/alookso/1007MLpj/myenv/lib/python3.10/site-packages/airflow/example_dags/example_task_group.py for tasks to queue
[2024-10-10T16:30:42.084+0900] {logging_mixin.py:190} INFO - [2024-10-10T16:30:42.084+0900] {dagbag.py:588} INFO - Filling up the DagBag from /Users/alookso/1007MLpj/myenv/lib/python3.10/site-packages/airflow/example_dags/example_task_group.py
[2024-10-10T16:30:42.095+0900] {processor.py:925} INFO - DAG(s) 'example_task_group' retrieved from /Users/alookso/1007MLpj/myenv/lib/python3.10/site-packages/airflow/example_dags/example_task_group.py
[2024-10-10T16:30:42.237+0900] {logging_mixin.py:190} INFO - [2024-10-10T16:30:42.237+0900] {dag.py:3239} INFO - Sync 1 DAGs
[2024-10-10T16:30:42.251+0900] {logging_mixin.py:190} INFO - [2024-10-10T16:30:42.251+0900] {dag.py:4180} INFO - Setting next_dagrun for example_task_group to None, run_after=None
[2024-10-10T16:30:42.272+0900] {processor.py:208} INFO - Processing /Users/alookso/1007MLpj/myenv/lib/python3.10/site-packages/airflow/example_dags/example_task_group.py took 0.197 seconds
[2024-10-10T16:32:54.430+0900] {processor.py:186} INFO - Started process (PID=57970) to work on /Users/alookso/1007MLpj/myenv/lib/python3.10/site-packages/airflow/example_dags/example_task_group.py
[2024-10-10T16:32:54.431+0900] {processor.py:914} INFO - Processing file /Users/alookso/1007MLpj/myenv/lib/python3.10/site-packages/airflow/example_dags/example_task_group.py for tasks to queue
[2024-10-10T16:32:54.432+0900] {logging_mixin.py:190} INFO - [2024-10-10T16:32:54.432+0900] {dagbag.py:588} INFO - Filling up the DagBag from /Users/alookso/1007MLpj/myenv/lib/python3.10/site-packages/airflow/example_dags/example_task_group.py
[2024-10-10T16:32:54.442+0900] {processor.py:925} INFO - DAG(s) 'example_task_group' retrieved from /Users/alookso/1007MLpj/myenv/lib/python3.10/site-packages/airflow/example_dags/example_task_group.py
[2024-10-10T16:32:54.574+0900] {logging_mixin.py:190} INFO - [2024-10-10T16:32:54.574+0900] {dag.py:3239} INFO - Sync 1 DAGs
[2024-10-10T16:32:54.587+0900] {logging_mixin.py:190} INFO - [2024-10-10T16:32:54.586+0900] {dag.py:4180} INFO - Setting next_dagrun for example_task_group to None, run_after=None
[2024-10-10T16:32:54.606+0900] {processor.py:208} INFO - Processing /Users/alookso/1007MLpj/myenv/lib/python3.10/site-packages/airflow/example_dags/example_task_group.py took 0.180 seconds
[2024-10-10T16:36:53.783+0900] {processor.py:186} INFO - Started process (PID=58073) to work on /Users/alookso/1007MLpj/myenv/lib/python3.10/site-packages/airflow/example_dags/example_task_group.py
[2024-10-10T16:36:53.784+0900] {processor.py:914} INFO - Processing file /Users/alookso/1007MLpj/myenv/lib/python3.10/site-packages/airflow/example_dags/example_task_group.py for tasks to queue
[2024-10-10T16:36:53.784+0900] {logging_mixin.py:190} INFO - [2024-10-10T16:36:53.784+0900] {dagbag.py:588} INFO - Filling up the DagBag from /Users/alookso/1007MLpj/myenv/lib/python3.10/site-packages/airflow/example_dags/example_task_group.py
[2024-10-10T16:36:53.796+0900] {processor.py:925} INFO - DAG(s) 'example_task_group' retrieved from /Users/alookso/1007MLpj/myenv/lib/python3.10/site-packages/airflow/example_dags/example_task_group.py
[2024-10-10T16:36:53.936+0900] {logging_mixin.py:190} INFO - [2024-10-10T16:36:53.936+0900] {dag.py:3239} INFO - Sync 1 DAGs
[2024-10-10T16:36:53.950+0900] {logging_mixin.py:190} INFO - [2024-10-10T16:36:53.950+0900] {dag.py:4180} INFO - Setting next_dagrun for example_task_group to None, run_after=None
[2024-10-10T16:36:53.970+0900] {processor.py:208} INFO - Processing /Users/alookso/1007MLpj/myenv/lib/python3.10/site-packages/airflow/example_dags/example_task_group.py took 0.194 seconds
[2024-10-10T16:40:28.962+0900] {processor.py:186} INFO - Started process (PID=58159) to work on /Users/alookso/1007MLpj/myenv/lib/python3.10/site-packages/airflow/example_dags/example_task_group.py
[2024-10-10T16:40:28.964+0900] {processor.py:914} INFO - Processing file /Users/alookso/1007MLpj/myenv/lib/python3.10/site-packages/airflow/example_dags/example_task_group.py for tasks to queue
[2024-10-10T16:40:28.965+0900] {logging_mixin.py:190} INFO - [2024-10-10T16:40:28.965+0900] {dagbag.py:588} INFO - Filling up the DagBag from /Users/alookso/1007MLpj/myenv/lib/python3.10/site-packages/airflow/example_dags/example_task_group.py
[2024-10-10T16:40:28.981+0900] {processor.py:925} INFO - DAG(s) 'example_task_group' retrieved from /Users/alookso/1007MLpj/myenv/lib/python3.10/site-packages/airflow/example_dags/example_task_group.py
[2024-10-10T16:40:29.146+0900] {logging_mixin.py:190} INFO - [2024-10-10T16:40:29.145+0900] {dag.py:3239} INFO - Sync 1 DAGs
[2024-10-10T16:40:29.162+0900] {logging_mixin.py:190} INFO - [2024-10-10T16:40:29.162+0900] {dag.py:4180} INFO - Setting next_dagrun for example_task_group to None, run_after=None
[2024-10-10T16:40:29.187+0900] {processor.py:208} INFO - Processing /Users/alookso/1007MLpj/myenv/lib/python3.10/site-packages/airflow/example_dags/example_task_group.py took 0.232 seconds
[2024-10-10T16:44:06.345+0900] {processor.py:186} INFO - Started process (PID=58267) to work on /Users/alookso/1007MLpj/myenv/lib/python3.10/site-packages/airflow/example_dags/example_task_group.py
[2024-10-10T16:44:06.346+0900] {processor.py:914} INFO - Processing file /Users/alookso/1007MLpj/myenv/lib/python3.10/site-packages/airflow/example_dags/example_task_group.py for tasks to queue
[2024-10-10T16:44:06.347+0900] {logging_mixin.py:190} INFO - [2024-10-10T16:44:06.347+0900] {dagbag.py:588} INFO - Filling up the DagBag from /Users/alookso/1007MLpj/myenv/lib/python3.10/site-packages/airflow/example_dags/example_task_group.py
[2024-10-10T16:44:06.358+0900] {processor.py:925} INFO - DAG(s) 'example_task_group' retrieved from /Users/alookso/1007MLpj/myenv/lib/python3.10/site-packages/airflow/example_dags/example_task_group.py
[2024-10-10T16:44:06.497+0900] {logging_mixin.py:190} INFO - [2024-10-10T16:44:06.497+0900] {dag.py:3239} INFO - Sync 1 DAGs
[2024-10-10T16:44:06.511+0900] {logging_mixin.py:190} INFO - [2024-10-10T16:44:06.510+0900] {dag.py:4180} INFO - Setting next_dagrun for example_task_group to None, run_after=None
[2024-10-10T16:44:06.530+0900] {processor.py:208} INFO - Processing /Users/alookso/1007MLpj/myenv/lib/python3.10/site-packages/airflow/example_dags/example_task_group.py took 0.190 seconds
[2024-10-10T16:50:25.744+0900] {processor.py:186} INFO - Started process (PID=58607) to work on /Users/alookso/1007MLpj/myenv/lib/python3.10/site-packages/airflow/example_dags/example_task_group.py
[2024-10-10T16:50:25.746+0900] {processor.py:914} INFO - Processing file /Users/alookso/1007MLpj/myenv/lib/python3.10/site-packages/airflow/example_dags/example_task_group.py for tasks to queue
[2024-10-10T16:50:25.747+0900] {logging_mixin.py:190} INFO - [2024-10-10T16:50:25.747+0900] {dagbag.py:588} INFO - Filling up the DagBag from /Users/alookso/1007MLpj/myenv/lib/python3.10/site-packages/airflow/example_dags/example_task_group.py
[2024-10-10T16:50:25.759+0900] {processor.py:925} INFO - DAG(s) 'example_task_group' retrieved from /Users/alookso/1007MLpj/myenv/lib/python3.10/site-packages/airflow/example_dags/example_task_group.py
[2024-10-10T16:50:25.892+0900] {logging_mixin.py:190} INFO - [2024-10-10T16:50:25.892+0900] {dag.py:3239} INFO - Sync 1 DAGs
[2024-10-10T16:50:25.906+0900] {logging_mixin.py:190} INFO - [2024-10-10T16:50:25.905+0900] {dag.py:4180} INFO - Setting next_dagrun for example_task_group to None, run_after=None
[2024-10-10T16:50:25.925+0900] {processor.py:208} INFO - Processing /Users/alookso/1007MLpj/myenv/lib/python3.10/site-packages/airflow/example_dags/example_task_group.py took 0.187 seconds
[2024-10-10T23:48:19.201+0900] {processor.py:186} INFO - Started process (PID=63440) to work on /Users/alookso/1007MLpj/myenv/lib/python3.10/site-packages/airflow/example_dags/example_task_group.py
[2024-10-10T23:48:19.203+0900] {processor.py:914} INFO - Processing file /Users/alookso/1007MLpj/myenv/lib/python3.10/site-packages/airflow/example_dags/example_task_group.py for tasks to queue
[2024-10-10T23:48:19.204+0900] {logging_mixin.py:190} INFO - [2024-10-10T23:48:19.204+0900] {dagbag.py:588} INFO - Filling up the DagBag from /Users/alookso/1007MLpj/myenv/lib/python3.10/site-packages/airflow/example_dags/example_task_group.py
[2024-10-10T23:48:19.215+0900] {processor.py:925} INFO - DAG(s) 'example_task_group' retrieved from /Users/alookso/1007MLpj/myenv/lib/python3.10/site-packages/airflow/example_dags/example_task_group.py
[2024-10-10T23:48:19.348+0900] {logging_mixin.py:190} INFO - [2024-10-10T23:48:19.348+0900] {dag.py:3239} INFO - Sync 1 DAGs
[2024-10-10T23:48:19.361+0900] {logging_mixin.py:190} INFO - [2024-10-10T23:48:19.360+0900] {dag.py:4180} INFO - Setting next_dagrun for example_task_group to None, run_after=None
[2024-10-10T23:48:19.380+0900] {processor.py:208} INFO - Processing /Users/alookso/1007MLpj/myenv/lib/python3.10/site-packages/airflow/example_dags/example_task_group.py took 0.183 seconds
[2024-10-10T23:51:37.719+0900] {processor.py:186} INFO - Started process (PID=63622) to work on /Users/alookso/1007MLpj/myenv/lib/python3.10/site-packages/airflow/example_dags/example_task_group.py
[2024-10-10T23:51:37.719+0900] {processor.py:914} INFO - Processing file /Users/alookso/1007MLpj/myenv/lib/python3.10/site-packages/airflow/example_dags/example_task_group.py for tasks to queue
[2024-10-10T23:51:37.720+0900] {logging_mixin.py:190} INFO - [2024-10-10T23:51:37.720+0900] {dagbag.py:588} INFO - Filling up the DagBag from /Users/alookso/1007MLpj/myenv/lib/python3.10/site-packages/airflow/example_dags/example_task_group.py
[2024-10-10T23:51:37.732+0900] {processor.py:925} INFO - DAG(s) 'example_task_group' retrieved from /Users/alookso/1007MLpj/myenv/lib/python3.10/site-packages/airflow/example_dags/example_task_group.py
[2024-10-10T23:51:37.871+0900] {logging_mixin.py:190} INFO - [2024-10-10T23:51:37.870+0900] {dag.py:3239} INFO - Sync 1 DAGs
[2024-10-10T23:51:37.885+0900] {logging_mixin.py:190} INFO - [2024-10-10T23:51:37.884+0900] {dag.py:4180} INFO - Setting next_dagrun for example_task_group to None, run_after=None
[2024-10-10T23:51:37.905+0900] {processor.py:208} INFO - Processing /Users/alookso/1007MLpj/myenv/lib/python3.10/site-packages/airflow/example_dags/example_task_group.py took 0.191 seconds
[2024-10-10T23:54:35.652+0900] {processor.py:186} INFO - Started process (PID=63778) to work on /Users/alookso/1007MLpj/myenv/lib/python3.10/site-packages/airflow/example_dags/example_task_group.py
[2024-10-10T23:54:35.653+0900] {processor.py:914} INFO - Processing file /Users/alookso/1007MLpj/myenv/lib/python3.10/site-packages/airflow/example_dags/example_task_group.py for tasks to queue
[2024-10-10T23:54:35.654+0900] {logging_mixin.py:190} INFO - [2024-10-10T23:54:35.654+0900] {dagbag.py:588} INFO - Filling up the DagBag from /Users/alookso/1007MLpj/myenv/lib/python3.10/site-packages/airflow/example_dags/example_task_group.py
[2024-10-10T23:54:35.664+0900] {processor.py:925} INFO - DAG(s) 'example_task_group' retrieved from /Users/alookso/1007MLpj/myenv/lib/python3.10/site-packages/airflow/example_dags/example_task_group.py
[2024-10-10T23:54:35.798+0900] {logging_mixin.py:190} INFO - [2024-10-10T23:54:35.797+0900] {dag.py:3239} INFO - Sync 1 DAGs
[2024-10-10T23:54:35.810+0900] {logging_mixin.py:190} INFO - [2024-10-10T23:54:35.810+0900] {dag.py:4180} INFO - Setting next_dagrun for example_task_group to None, run_after=None
[2024-10-10T23:54:35.832+0900] {processor.py:208} INFO - Processing /Users/alookso/1007MLpj/myenv/lib/python3.10/site-packages/airflow/example_dags/example_task_group.py took 0.184 seconds
[2024-10-10T23:57:00.227+0900] {processor.py:186} INFO - Started process (PID=63870) to work on /Users/alookso/1007MLpj/myenv/lib/python3.10/site-packages/airflow/example_dags/example_task_group.py
[2024-10-10T23:57:00.228+0900] {processor.py:914} INFO - Processing file /Users/alookso/1007MLpj/myenv/lib/python3.10/site-packages/airflow/example_dags/example_task_group.py for tasks to queue
[2024-10-10T23:57:00.229+0900] {logging_mixin.py:190} INFO - [2024-10-10T23:57:00.229+0900] {dagbag.py:588} INFO - Filling up the DagBag from /Users/alookso/1007MLpj/myenv/lib/python3.10/site-packages/airflow/example_dags/example_task_group.py
[2024-10-10T23:57:00.239+0900] {processor.py:925} INFO - DAG(s) 'example_task_group' retrieved from /Users/alookso/1007MLpj/myenv/lib/python3.10/site-packages/airflow/example_dags/example_task_group.py
[2024-10-10T23:57:00.376+0900] {logging_mixin.py:190} INFO - [2024-10-10T23:57:00.376+0900] {dag.py:3239} INFO - Sync 1 DAGs
[2024-10-10T23:57:00.391+0900] {logging_mixin.py:190} INFO - [2024-10-10T23:57:00.390+0900] {dag.py:4180} INFO - Setting next_dagrun for example_task_group to None, run_after=None
[2024-10-10T23:57:00.413+0900] {processor.py:208} INFO - Processing /Users/alookso/1007MLpj/myenv/lib/python3.10/site-packages/airflow/example_dags/example_task_group.py took 0.190 seconds
[2024-10-11T00:01:37.720+0900] {processor.py:186} INFO - Started process (PID=64084) to work on /Users/alookso/1007MLpj/myenv/lib/python3.10/site-packages/airflow/example_dags/example_task_group.py
[2024-10-11T00:01:37.721+0900] {processor.py:914} INFO - Processing file /Users/alookso/1007MLpj/myenv/lib/python3.10/site-packages/airflow/example_dags/example_task_group.py for tasks to queue
[2024-10-11T00:01:37.722+0900] {logging_mixin.py:190} INFO - [2024-10-11T00:01:37.722+0900] {dagbag.py:588} INFO - Filling up the DagBag from /Users/alookso/1007MLpj/myenv/lib/python3.10/site-packages/airflow/example_dags/example_task_group.py
[2024-10-11T00:01:37.735+0900] {processor.py:925} INFO - DAG(s) 'example_task_group' retrieved from /Users/alookso/1007MLpj/myenv/lib/python3.10/site-packages/airflow/example_dags/example_task_group.py
[2024-10-11T00:01:37.885+0900] {logging_mixin.py:190} INFO - [2024-10-11T00:01:37.885+0900] {dag.py:3239} INFO - Sync 1 DAGs
[2024-10-11T00:01:37.900+0900] {logging_mixin.py:190} INFO - [2024-10-11T00:01:37.899+0900] {dag.py:4180} INFO - Setting next_dagrun for example_task_group to None, run_after=None
[2024-10-11T00:01:37.923+0900] {processor.py:208} INFO - Processing /Users/alookso/1007MLpj/myenv/lib/python3.10/site-packages/airflow/example_dags/example_task_group.py took 0.210 seconds
[2024-10-11T00:04:50.153+0900] {processor.py:186} INFO - Started process (PID=64257) to work on /Users/alookso/1007MLpj/myenv/lib/python3.10/site-packages/airflow/example_dags/example_task_group.py
[2024-10-11T00:04:50.154+0900] {processor.py:914} INFO - Processing file /Users/alookso/1007MLpj/myenv/lib/python3.10/site-packages/airflow/example_dags/example_task_group.py for tasks to queue
[2024-10-11T00:04:50.155+0900] {logging_mixin.py:190} INFO - [2024-10-11T00:04:50.155+0900] {dagbag.py:588} INFO - Filling up the DagBag from /Users/alookso/1007MLpj/myenv/lib/python3.10/site-packages/airflow/example_dags/example_task_group.py
[2024-10-11T00:04:50.167+0900] {processor.py:925} INFO - DAG(s) 'example_task_group' retrieved from /Users/alookso/1007MLpj/myenv/lib/python3.10/site-packages/airflow/example_dags/example_task_group.py
[2024-10-11T00:04:50.308+0900] {logging_mixin.py:190} INFO - [2024-10-11T00:04:50.308+0900] {dag.py:3239} INFO - Sync 1 DAGs
[2024-10-11T00:04:50.376+0900] {logging_mixin.py:190} INFO - [2024-10-11T00:04:50.376+0900] {dag.py:4180} INFO - Setting next_dagrun for example_task_group to None, run_after=None
[2024-10-11T00:04:50.407+0900] {processor.py:208} INFO - Processing /Users/alookso/1007MLpj/myenv/lib/python3.10/site-packages/airflow/example_dags/example_task_group.py took 0.260 seconds
[2024-10-11T00:08:47.628+0900] {processor.py:186} INFO - Started process (PID=64488) to work on /Users/alookso/1007MLpj/myenv/lib/python3.10/site-packages/airflow/example_dags/example_task_group.py
[2024-10-11T00:08:47.629+0900] {processor.py:914} INFO - Processing file /Users/alookso/1007MLpj/myenv/lib/python3.10/site-packages/airflow/example_dags/example_task_group.py for tasks to queue
[2024-10-11T00:08:47.630+0900] {logging_mixin.py:190} INFO - [2024-10-11T00:08:47.630+0900] {dagbag.py:588} INFO - Filling up the DagBag from /Users/alookso/1007MLpj/myenv/lib/python3.10/site-packages/airflow/example_dags/example_task_group.py
[2024-10-11T00:08:47.640+0900] {processor.py:925} INFO - DAG(s) 'example_task_group' retrieved from /Users/alookso/1007MLpj/myenv/lib/python3.10/site-packages/airflow/example_dags/example_task_group.py
[2024-10-11T00:08:47.781+0900] {logging_mixin.py:190} INFO - [2024-10-11T00:08:47.780+0900] {dag.py:3239} INFO - Sync 1 DAGs
[2024-10-11T00:08:47.794+0900] {logging_mixin.py:190} INFO - [2024-10-11T00:08:47.794+0900] {dag.py:4180} INFO - Setting next_dagrun for example_task_group to None, run_after=None
[2024-10-11T00:08:47.815+0900] {processor.py:208} INFO - Processing /Users/alookso/1007MLpj/myenv/lib/python3.10/site-packages/airflow/example_dags/example_task_group.py took 0.192 seconds
[2024-10-11T00:11:50.223+0900] {processor.py:186} INFO - Started process (PID=64615) to work on /Users/alookso/1007MLpj/myenv/lib/python3.10/site-packages/airflow/example_dags/example_task_group.py
[2024-10-11T00:11:50.224+0900] {processor.py:914} INFO - Processing file /Users/alookso/1007MLpj/myenv/lib/python3.10/site-packages/airflow/example_dags/example_task_group.py for tasks to queue
[2024-10-11T00:11:50.225+0900] {logging_mixin.py:190} INFO - [2024-10-11T00:11:50.224+0900] {dagbag.py:588} INFO - Filling up the DagBag from /Users/alookso/1007MLpj/myenv/lib/python3.10/site-packages/airflow/example_dags/example_task_group.py
[2024-10-11T00:11:50.235+0900] {processor.py:925} INFO - DAG(s) 'example_task_group' retrieved from /Users/alookso/1007MLpj/myenv/lib/python3.10/site-packages/airflow/example_dags/example_task_group.py
[2024-10-11T00:11:50.368+0900] {logging_mixin.py:190} INFO - [2024-10-11T00:11:50.368+0900] {dag.py:3239} INFO - Sync 1 DAGs
[2024-10-11T00:11:50.381+0900] {logging_mixin.py:190} INFO - [2024-10-11T00:11:50.381+0900] {dag.py:4180} INFO - Setting next_dagrun for example_task_group to None, run_after=None
[2024-10-11T00:11:50.400+0900] {processor.py:208} INFO - Processing /Users/alookso/1007MLpj/myenv/lib/python3.10/site-packages/airflow/example_dags/example_task_group.py took 0.181 seconds
[2024-10-11T00:14:20.619+0900] {processor.py:186} INFO - Started process (PID=64739) to work on /Users/alookso/1007MLpj/myenv/lib/python3.10/site-packages/airflow/example_dags/example_task_group.py
[2024-10-11T00:14:20.619+0900] {processor.py:914} INFO - Processing file /Users/alookso/1007MLpj/myenv/lib/python3.10/site-packages/airflow/example_dags/example_task_group.py for tasks to queue
[2024-10-11T00:14:20.620+0900] {logging_mixin.py:190} INFO - [2024-10-11T00:14:20.620+0900] {dagbag.py:588} INFO - Filling up the DagBag from /Users/alookso/1007MLpj/myenv/lib/python3.10/site-packages/airflow/example_dags/example_task_group.py
[2024-10-11T00:14:20.631+0900] {processor.py:925} INFO - DAG(s) 'example_task_group' retrieved from /Users/alookso/1007MLpj/myenv/lib/python3.10/site-packages/airflow/example_dags/example_task_group.py
[2024-10-11T00:14:20.763+0900] {logging_mixin.py:190} INFO - [2024-10-11T00:14:20.763+0900] {dag.py:3239} INFO - Sync 1 DAGs
[2024-10-11T00:14:20.776+0900] {logging_mixin.py:190} INFO - [2024-10-11T00:14:20.776+0900] {dag.py:4180} INFO - Setting next_dagrun for example_task_group to None, run_after=None
[2024-10-11T00:14:20.794+0900] {processor.py:208} INFO - Processing /Users/alookso/1007MLpj/myenv/lib/python3.10/site-packages/airflow/example_dags/example_task_group.py took 0.180 seconds
[2024-10-11T00:16:58.715+0900] {processor.py:186} INFO - Started process (PID=64819) to work on /Users/alookso/1007MLpj/myenv/lib/python3.10/site-packages/airflow/example_dags/example_task_group.py
[2024-10-11T00:16:58.716+0900] {processor.py:914} INFO - Processing file /Users/alookso/1007MLpj/myenv/lib/python3.10/site-packages/airflow/example_dags/example_task_group.py for tasks to queue
[2024-10-11T00:16:58.717+0900] {logging_mixin.py:190} INFO - [2024-10-11T00:16:58.717+0900] {dagbag.py:588} INFO - Filling up the DagBag from /Users/alookso/1007MLpj/myenv/lib/python3.10/site-packages/airflow/example_dags/example_task_group.py
[2024-10-11T00:16:58.727+0900] {processor.py:925} INFO - DAG(s) 'example_task_group' retrieved from /Users/alookso/1007MLpj/myenv/lib/python3.10/site-packages/airflow/example_dags/example_task_group.py
[2024-10-11T00:16:58.862+0900] {logging_mixin.py:190} INFO - [2024-10-11T00:16:58.862+0900] {dag.py:3239} INFO - Sync 1 DAGs
[2024-10-11T00:16:58.875+0900] {logging_mixin.py:190} INFO - [2024-10-11T00:16:58.875+0900] {dag.py:4180} INFO - Setting next_dagrun for example_task_group to None, run_after=None
[2024-10-11T00:16:58.895+0900] {processor.py:208} INFO - Processing /Users/alookso/1007MLpj/myenv/lib/python3.10/site-packages/airflow/example_dags/example_task_group.py took 0.184 seconds
[2024-10-11T00:19:33.465+0900] {processor.py:186} INFO - Started process (PID=64907) to work on /Users/alookso/1007MLpj/myenv/lib/python3.10/site-packages/airflow/example_dags/example_task_group.py
[2024-10-11T00:19:33.466+0900] {processor.py:914} INFO - Processing file /Users/alookso/1007MLpj/myenv/lib/python3.10/site-packages/airflow/example_dags/example_task_group.py for tasks to queue
[2024-10-11T00:19:33.466+0900] {logging_mixin.py:190} INFO - [2024-10-11T00:19:33.466+0900] {dagbag.py:588} INFO - Filling up the DagBag from /Users/alookso/1007MLpj/myenv/lib/python3.10/site-packages/airflow/example_dags/example_task_group.py
[2024-10-11T00:19:33.477+0900] {processor.py:925} INFO - DAG(s) 'example_task_group' retrieved from /Users/alookso/1007MLpj/myenv/lib/python3.10/site-packages/airflow/example_dags/example_task_group.py
[2024-10-11T00:19:33.610+0900] {logging_mixin.py:190} INFO - [2024-10-11T00:19:33.610+0900] {dag.py:3239} INFO - Sync 1 DAGs
[2024-10-11T00:19:33.622+0900] {logging_mixin.py:190} INFO - [2024-10-11T00:19:33.622+0900] {dag.py:4180} INFO - Setting next_dagrun for example_task_group to None, run_after=None
[2024-10-11T00:19:33.641+0900] {processor.py:208} INFO - Processing /Users/alookso/1007MLpj/myenv/lib/python3.10/site-packages/airflow/example_dags/example_task_group.py took 0.181 seconds
[2024-10-11T00:22:10.629+0900] {processor.py:186} INFO - Started process (PID=65009) to work on /Users/alookso/1007MLpj/myenv/lib/python3.10/site-packages/airflow/example_dags/example_task_group.py
[2024-10-11T00:22:10.630+0900] {processor.py:914} INFO - Processing file /Users/alookso/1007MLpj/myenv/lib/python3.10/site-packages/airflow/example_dags/example_task_group.py for tasks to queue
[2024-10-11T00:22:10.631+0900] {logging_mixin.py:190} INFO - [2024-10-11T00:22:10.630+0900] {dagbag.py:588} INFO - Filling up the DagBag from /Users/alookso/1007MLpj/myenv/lib/python3.10/site-packages/airflow/example_dags/example_task_group.py
[2024-10-11T00:22:10.642+0900] {processor.py:925} INFO - DAG(s) 'example_task_group' retrieved from /Users/alookso/1007MLpj/myenv/lib/python3.10/site-packages/airflow/example_dags/example_task_group.py
[2024-10-11T00:22:10.786+0900] {logging_mixin.py:190} INFO - [2024-10-11T00:22:10.786+0900] {dag.py:3239} INFO - Sync 1 DAGs
[2024-10-11T00:22:10.799+0900] {logging_mixin.py:190} INFO - [2024-10-11T00:22:10.799+0900] {dag.py:4180} INFO - Setting next_dagrun for example_task_group to None, run_after=None
[2024-10-11T00:22:10.821+0900] {processor.py:208} INFO - Processing /Users/alookso/1007MLpj/myenv/lib/python3.10/site-packages/airflow/example_dags/example_task_group.py took 0.196 seconds
[2024-10-11T00:24:44.163+0900] {processor.py:186} INFO - Started process (PID=65085) to work on /Users/alookso/1007MLpj/myenv/lib/python3.10/site-packages/airflow/example_dags/example_task_group.py
[2024-10-11T00:24:44.164+0900] {processor.py:914} INFO - Processing file /Users/alookso/1007MLpj/myenv/lib/python3.10/site-packages/airflow/example_dags/example_task_group.py for tasks to queue
[2024-10-11T00:24:44.165+0900] {logging_mixin.py:190} INFO - [2024-10-11T00:24:44.165+0900] {dagbag.py:588} INFO - Filling up the DagBag from /Users/alookso/1007MLpj/myenv/lib/python3.10/site-packages/airflow/example_dags/example_task_group.py
[2024-10-11T00:24:44.176+0900] {processor.py:925} INFO - DAG(s) 'example_task_group' retrieved from /Users/alookso/1007MLpj/myenv/lib/python3.10/site-packages/airflow/example_dags/example_task_group.py
[2024-10-11T00:24:44.312+0900] {logging_mixin.py:190} INFO - [2024-10-11T00:24:44.312+0900] {dag.py:3239} INFO - Sync 1 DAGs
[2024-10-11T00:24:44.325+0900] {logging_mixin.py:190} INFO - [2024-10-11T00:24:44.325+0900] {dag.py:4180} INFO - Setting next_dagrun for example_task_group to None, run_after=None
[2024-10-11T00:24:44.345+0900] {processor.py:208} INFO - Processing /Users/alookso/1007MLpj/myenv/lib/python3.10/site-packages/airflow/example_dags/example_task_group.py took 0.187 seconds
[2024-10-11T00:27:46.277+0900] {processor.py:186} INFO - Started process (PID=65229) to work on /Users/alookso/1007MLpj/myenv/lib/python3.10/site-packages/airflow/example_dags/example_task_group.py
[2024-10-11T00:27:46.278+0900] {processor.py:914} INFO - Processing file /Users/alookso/1007MLpj/myenv/lib/python3.10/site-packages/airflow/example_dags/example_task_group.py for tasks to queue
[2024-10-11T00:27:46.279+0900] {logging_mixin.py:190} INFO - [2024-10-11T00:27:46.279+0900] {dagbag.py:588} INFO - Filling up the DagBag from /Users/alookso/1007MLpj/myenv/lib/python3.10/site-packages/airflow/example_dags/example_task_group.py
[2024-10-11T00:27:46.289+0900] {processor.py:925} INFO - DAG(s) 'example_task_group' retrieved from /Users/alookso/1007MLpj/myenv/lib/python3.10/site-packages/airflow/example_dags/example_task_group.py
[2024-10-11T00:27:46.451+0900] {logging_mixin.py:190} INFO - [2024-10-11T00:27:46.451+0900] {dag.py:3239} INFO - Sync 1 DAGs
[2024-10-11T00:27:46.465+0900] {logging_mixin.py:190} INFO - [2024-10-11T00:27:46.464+0900] {dag.py:4180} INFO - Setting next_dagrun for example_task_group to None, run_after=None
[2024-10-11T00:27:46.484+0900] {processor.py:208} INFO - Processing /Users/alookso/1007MLpj/myenv/lib/python3.10/site-packages/airflow/example_dags/example_task_group.py took 0.212 seconds
[2024-10-11T00:31:08.332+0900] {processor.py:186} INFO - Started process (PID=65407) to work on /Users/alookso/1007MLpj/myenv/lib/python3.10/site-packages/airflow/example_dags/example_task_group.py
[2024-10-11T00:31:08.333+0900] {processor.py:914} INFO - Processing file /Users/alookso/1007MLpj/myenv/lib/python3.10/site-packages/airflow/example_dags/example_task_group.py for tasks to queue
[2024-10-11T00:31:08.334+0900] {logging_mixin.py:190} INFO - [2024-10-11T00:31:08.334+0900] {dagbag.py:588} INFO - Filling up the DagBag from /Users/alookso/1007MLpj/myenv/lib/python3.10/site-packages/airflow/example_dags/example_task_group.py
[2024-10-11T00:31:08.345+0900] {processor.py:925} INFO - DAG(s) 'example_task_group' retrieved from /Users/alookso/1007MLpj/myenv/lib/python3.10/site-packages/airflow/example_dags/example_task_group.py
[2024-10-11T00:31:08.485+0900] {logging_mixin.py:190} INFO - [2024-10-11T00:31:08.485+0900] {dag.py:3239} INFO - Sync 1 DAGs
[2024-10-11T00:31:08.500+0900] {logging_mixin.py:190} INFO - [2024-10-11T00:31:08.500+0900] {dag.py:4180} INFO - Setting next_dagrun for example_task_group to None, run_after=None
[2024-10-11T00:31:08.520+0900] {processor.py:208} INFO - Processing /Users/alookso/1007MLpj/myenv/lib/python3.10/site-packages/airflow/example_dags/example_task_group.py took 0.193 seconds
[2024-10-11T00:34:56.765+0900] {processor.py:186} INFO - Started process (PID=65576) to work on /Users/alookso/1007MLpj/myenv/lib/python3.10/site-packages/airflow/example_dags/example_task_group.py
[2024-10-11T00:34:56.766+0900] {processor.py:914} INFO - Processing file /Users/alookso/1007MLpj/myenv/lib/python3.10/site-packages/airflow/example_dags/example_task_group.py for tasks to queue
[2024-10-11T00:34:56.767+0900] {logging_mixin.py:190} INFO - [2024-10-11T00:34:56.766+0900] {dagbag.py:588} INFO - Filling up the DagBag from /Users/alookso/1007MLpj/myenv/lib/python3.10/site-packages/airflow/example_dags/example_task_group.py
[2024-10-11T00:34:56.777+0900] {processor.py:925} INFO - DAG(s) 'example_task_group' retrieved from /Users/alookso/1007MLpj/myenv/lib/python3.10/site-packages/airflow/example_dags/example_task_group.py
[2024-10-11T00:34:56.913+0900] {logging_mixin.py:190} INFO - [2024-10-11T00:34:56.912+0900] {dag.py:3239} INFO - Sync 1 DAGs
[2024-10-11T00:34:56.926+0900] {logging_mixin.py:190} INFO - [2024-10-11T00:34:56.926+0900] {dag.py:4180} INFO - Setting next_dagrun for example_task_group to None, run_after=None
[2024-10-11T00:34:56.946+0900] {processor.py:208} INFO - Processing /Users/alookso/1007MLpj/myenv/lib/python3.10/site-packages/airflow/example_dags/example_task_group.py took 0.186 seconds
[2024-10-11T00:38:40.372+0900] {processor.py:186} INFO - Started process (PID=65765) to work on /Users/alookso/1007MLpj/myenv/lib/python3.10/site-packages/airflow/example_dags/example_task_group.py
[2024-10-11T00:38:40.373+0900] {processor.py:914} INFO - Processing file /Users/alookso/1007MLpj/myenv/lib/python3.10/site-packages/airflow/example_dags/example_task_group.py for tasks to queue
[2024-10-11T00:38:40.374+0900] {logging_mixin.py:190} INFO - [2024-10-11T00:38:40.374+0900] {dagbag.py:588} INFO - Filling up the DagBag from /Users/alookso/1007MLpj/myenv/lib/python3.10/site-packages/airflow/example_dags/example_task_group.py
[2024-10-11T00:38:40.385+0900] {processor.py:925} INFO - DAG(s) 'example_task_group' retrieved from /Users/alookso/1007MLpj/myenv/lib/python3.10/site-packages/airflow/example_dags/example_task_group.py
[2024-10-11T00:38:40.516+0900] {logging_mixin.py:190} INFO - [2024-10-11T00:38:40.516+0900] {dag.py:3239} INFO - Sync 1 DAGs
[2024-10-11T00:38:40.528+0900] {logging_mixin.py:190} INFO - [2024-10-11T00:38:40.528+0900] {dag.py:4180} INFO - Setting next_dagrun for example_task_group to None, run_after=None
[2024-10-11T00:38:40.547+0900] {processor.py:208} INFO - Processing /Users/alookso/1007MLpj/myenv/lib/python3.10/site-packages/airflow/example_dags/example_task_group.py took 0.179 seconds
[2024-10-11T00:42:11.352+0900] {processor.py:186} INFO - Started process (PID=65936) to work on /Users/alookso/1007MLpj/myenv/lib/python3.10/site-packages/airflow/example_dags/example_task_group.py
[2024-10-11T00:42:11.354+0900] {processor.py:914} INFO - Processing file /Users/alookso/1007MLpj/myenv/lib/python3.10/site-packages/airflow/example_dags/example_task_group.py for tasks to queue
[2024-10-11T00:42:11.355+0900] {logging_mixin.py:190} INFO - [2024-10-11T00:42:11.355+0900] {dagbag.py:588} INFO - Filling up the DagBag from /Users/alookso/1007MLpj/myenv/lib/python3.10/site-packages/airflow/example_dags/example_task_group.py
[2024-10-11T00:42:11.367+0900] {processor.py:925} INFO - DAG(s) 'example_task_group' retrieved from /Users/alookso/1007MLpj/myenv/lib/python3.10/site-packages/airflow/example_dags/example_task_group.py
[2024-10-11T00:42:11.510+0900] {logging_mixin.py:190} INFO - [2024-10-11T00:42:11.510+0900] {dag.py:3239} INFO - Sync 1 DAGs
[2024-10-11T00:42:11.523+0900] {logging_mixin.py:190} INFO - [2024-10-11T00:42:11.523+0900] {dag.py:4180} INFO - Setting next_dagrun for example_task_group to None, run_after=None
[2024-10-11T00:42:11.542+0900] {processor.py:208} INFO - Processing /Users/alookso/1007MLpj/myenv/lib/python3.10/site-packages/airflow/example_dags/example_task_group.py took 0.196 seconds
[2024-10-11T00:45:22.658+0900] {processor.py:186} INFO - Started process (PID=66067) to work on /Users/alookso/1007MLpj/myenv/lib/python3.10/site-packages/airflow/example_dags/example_task_group.py
[2024-10-11T00:45:22.659+0900] {processor.py:914} INFO - Processing file /Users/alookso/1007MLpj/myenv/lib/python3.10/site-packages/airflow/example_dags/example_task_group.py for tasks to queue
[2024-10-11T00:45:22.660+0900] {logging_mixin.py:190} INFO - [2024-10-11T00:45:22.660+0900] {dagbag.py:588} INFO - Filling up the DagBag from /Users/alookso/1007MLpj/myenv/lib/python3.10/site-packages/airflow/example_dags/example_task_group.py
[2024-10-11T00:45:22.671+0900] {processor.py:925} INFO - DAG(s) 'example_task_group' retrieved from /Users/alookso/1007MLpj/myenv/lib/python3.10/site-packages/airflow/example_dags/example_task_group.py
[2024-10-11T00:45:22.806+0900] {logging_mixin.py:190} INFO - [2024-10-11T00:45:22.806+0900] {dag.py:3239} INFO - Sync 1 DAGs
[2024-10-11T00:45:22.819+0900] {logging_mixin.py:190} INFO - [2024-10-11T00:45:22.818+0900] {dag.py:4180} INFO - Setting next_dagrun for example_task_group to None, run_after=None
[2024-10-11T00:45:22.838+0900] {processor.py:208} INFO - Processing /Users/alookso/1007MLpj/myenv/lib/python3.10/site-packages/airflow/example_dags/example_task_group.py took 0.184 seconds
[2024-10-11T00:49:44.567+0900] {processor.py:186} INFO - Started process (PID=66297) to work on /Users/alookso/1007MLpj/myenv/lib/python3.10/site-packages/airflow/example_dags/example_task_group.py
[2024-10-11T00:49:44.568+0900] {processor.py:914} INFO - Processing file /Users/alookso/1007MLpj/myenv/lib/python3.10/site-packages/airflow/example_dags/example_task_group.py for tasks to queue
[2024-10-11T00:49:44.569+0900] {logging_mixin.py:190} INFO - [2024-10-11T00:49:44.569+0900] {dagbag.py:588} INFO - Filling up the DagBag from /Users/alookso/1007MLpj/myenv/lib/python3.10/site-packages/airflow/example_dags/example_task_group.py
[2024-10-11T00:49:44.579+0900] {processor.py:925} INFO - DAG(s) 'example_task_group' retrieved from /Users/alookso/1007MLpj/myenv/lib/python3.10/site-packages/airflow/example_dags/example_task_group.py
[2024-10-11T00:49:44.724+0900] {logging_mixin.py:190} INFO - [2024-10-11T00:49:44.724+0900] {dag.py:3239} INFO - Sync 1 DAGs
[2024-10-11T00:49:44.742+0900] {logging_mixin.py:190} INFO - [2024-10-11T00:49:44.741+0900] {dag.py:4180} INFO - Setting next_dagrun for example_task_group to None, run_after=None
[2024-10-11T00:49:44.761+0900] {processor.py:208} INFO - Processing /Users/alookso/1007MLpj/myenv/lib/python3.10/site-packages/airflow/example_dags/example_task_group.py took 0.200 seconds
[2024-10-11T00:52:47.909+0900] {processor.py:186} INFO - Started process (PID=66466) to work on /Users/alookso/1007MLpj/myenv/lib/python3.10/site-packages/airflow/example_dags/example_task_group.py
[2024-10-11T00:52:47.910+0900] {processor.py:914} INFO - Processing file /Users/alookso/1007MLpj/myenv/lib/python3.10/site-packages/airflow/example_dags/example_task_group.py for tasks to queue
[2024-10-11T00:52:47.911+0900] {logging_mixin.py:190} INFO - [2024-10-11T00:52:47.911+0900] {dagbag.py:588} INFO - Filling up the DagBag from /Users/alookso/1007MLpj/myenv/lib/python3.10/site-packages/airflow/example_dags/example_task_group.py
[2024-10-11T00:52:47.922+0900] {processor.py:925} INFO - DAG(s) 'example_task_group' retrieved from /Users/alookso/1007MLpj/myenv/lib/python3.10/site-packages/airflow/example_dags/example_task_group.py
[2024-10-11T00:52:48.072+0900] {logging_mixin.py:190} INFO - [2024-10-11T00:52:48.072+0900] {dag.py:3239} INFO - Sync 1 DAGs
[2024-10-11T00:52:48.086+0900] {logging_mixin.py:190} INFO - [2024-10-11T00:52:48.085+0900] {dag.py:4180} INFO - Setting next_dagrun for example_task_group to None, run_after=None
[2024-10-11T00:52:48.106+0900] {processor.py:208} INFO - Processing /Users/alookso/1007MLpj/myenv/lib/python3.10/site-packages/airflow/example_dags/example_task_group.py took 0.202 seconds
