[2024-10-10T15:32:49.409+0900] {processor.py:186} INFO - Started process (PID=56050) to work on /Users/alookso/1007MLpj/myenv/lib/python3.10/site-packages/airflow/example_dags/example_task_group_decorator.py
[2024-10-10T15:32:49.409+0900] {processor.py:914} INFO - Processing file /Users/alookso/1007MLpj/myenv/lib/python3.10/site-packages/airflow/example_dags/example_task_group_decorator.py for tasks to queue
[2024-10-10T15:32:49.410+0900] {logging_mixin.py:190} INFO - [2024-10-10T15:32:49.410+0900] {dagbag.py:588} INFO - Filling up the DagBag from /Users/alookso/1007MLpj/myenv/lib/python3.10/site-packages/airflow/example_dags/example_task_group_decorator.py
[2024-10-10T15:32:49.466+0900] {processor.py:925} INFO - DAG(s) 'example_task_group_decorator' retrieved from /Users/alookso/1007MLpj/myenv/lib/python3.10/site-packages/airflow/example_dags/example_task_group_decorator.py
[2024-10-10T15:32:49.713+0900] {logging_mixin.py:190} INFO - [2024-10-10T15:32:49.713+0900] {override.py:1901} INFO - Created Permission View: can read on DAG:example_task_group_decorator
[2024-10-10T15:32:49.723+0900] {logging_mixin.py:190} INFO - [2024-10-10T15:32:49.723+0900] {override.py:1901} INFO - Created Permission View: can delete on DAG:example_task_group_decorator
[2024-10-10T15:32:49.730+0900] {logging_mixin.py:190} INFO - [2024-10-10T15:32:49.730+0900] {override.py:1901} INFO - Created Permission View: can edit on DAG:example_task_group_decorator
[2024-10-10T15:32:49.740+0900] {logging_mixin.py:190} INFO - [2024-10-10T15:32:49.739+0900] {override.py:1901} INFO - Created Permission View: can read on DAG Run:example_task_group_decorator
[2024-10-10T15:32:49.747+0900] {logging_mixin.py:190} INFO - [2024-10-10T15:32:49.747+0900] {override.py:1901} INFO - Created Permission View: can delete on DAG Run:example_task_group_decorator
[2024-10-10T15:32:49.754+0900] {logging_mixin.py:190} INFO - [2024-10-10T15:32:49.754+0900] {override.py:1901} INFO - Created Permission View: menu access on DAG Run:example_task_group_decorator
[2024-10-10T15:32:49.761+0900] {logging_mixin.py:190} INFO - [2024-10-10T15:32:49.761+0900] {override.py:1901} INFO - Created Permission View: can create on DAG Run:example_task_group_decorator
[2024-10-10T15:32:49.762+0900] {logging_mixin.py:190} INFO - [2024-10-10T15:32:49.761+0900] {dag.py:3239} INFO - Sync 1 DAGs
[2024-10-10T15:32:49.780+0900] {logging_mixin.py:190} INFO - [2024-10-10T15:32:49.780+0900] {dag.py:3262} INFO - Creating ORM DAG for example_task_group_decorator
[2024-10-10T15:32:49.781+0900] {logging_mixin.py:190} INFO - [2024-10-10T15:32:49.781+0900] {dag.py:4180} INFO - Setting next_dagrun for example_task_group_decorator to None, run_after=None
[2024-10-10T15:32:49.800+0900] {processor.py:208} INFO - Processing /Users/alookso/1007MLpj/myenv/lib/python3.10/site-packages/airflow/example_dags/example_task_group_decorator.py took 0.397 seconds
[2024-10-10T15:37:22.355+0900] {processor.py:186} INFO - Started process (PID=56227) to work on /Users/alookso/1007MLpj/myenv/lib/python3.10/site-packages/airflow/example_dags/example_task_group_decorator.py
[2024-10-10T15:37:22.357+0900] {processor.py:914} INFO - Processing file /Users/alookso/1007MLpj/myenv/lib/python3.10/site-packages/airflow/example_dags/example_task_group_decorator.py for tasks to queue
[2024-10-10T15:37:22.358+0900] {logging_mixin.py:190} INFO - [2024-10-10T15:37:22.357+0900] {dagbag.py:588} INFO - Filling up the DagBag from /Users/alookso/1007MLpj/myenv/lib/python3.10/site-packages/airflow/example_dags/example_task_group_decorator.py
[2024-10-10T15:37:22.409+0900] {processor.py:925} INFO - DAG(s) 'example_task_group_decorator' retrieved from /Users/alookso/1007MLpj/myenv/lib/python3.10/site-packages/airflow/example_dags/example_task_group_decorator.py
[2024-10-10T15:37:22.546+0900] {logging_mixin.py:190} INFO - [2024-10-10T15:37:22.546+0900] {dag.py:3239} INFO - Sync 1 DAGs
[2024-10-10T15:37:22.559+0900] {logging_mixin.py:190} INFO - [2024-10-10T15:37:22.559+0900] {dag.py:4180} INFO - Setting next_dagrun for example_task_group_decorator to None, run_after=None
[2024-10-10T15:37:22.578+0900] {processor.py:208} INFO - Processing /Users/alookso/1007MLpj/myenv/lib/python3.10/site-packages/airflow/example_dags/example_task_group_decorator.py took 0.228 seconds
[2024-10-10T15:42:00.764+0900] {processor.py:186} INFO - Started process (PID=56429) to work on /Users/alookso/1007MLpj/myenv/lib/python3.10/site-packages/airflow/example_dags/example_task_group_decorator.py
[2024-10-10T15:42:00.765+0900] {processor.py:914} INFO - Processing file /Users/alookso/1007MLpj/myenv/lib/python3.10/site-packages/airflow/example_dags/example_task_group_decorator.py for tasks to queue
[2024-10-10T15:42:00.766+0900] {logging_mixin.py:190} INFO - [2024-10-10T15:42:00.766+0900] {dagbag.py:588} INFO - Filling up the DagBag from /Users/alookso/1007MLpj/myenv/lib/python3.10/site-packages/airflow/example_dags/example_task_group_decorator.py
[2024-10-10T15:42:00.819+0900] {processor.py:925} INFO - DAG(s) 'example_task_group_decorator' retrieved from /Users/alookso/1007MLpj/myenv/lib/python3.10/site-packages/airflow/example_dags/example_task_group_decorator.py
[2024-10-10T15:42:00.960+0900] {logging_mixin.py:190} INFO - [2024-10-10T15:42:00.960+0900] {dag.py:3239} INFO - Sync 1 DAGs
[2024-10-10T15:42:00.973+0900] {logging_mixin.py:190} INFO - [2024-10-10T15:42:00.972+0900] {dag.py:4180} INFO - Setting next_dagrun for example_task_group_decorator to None, run_after=None
[2024-10-10T15:42:00.993+0900] {processor.py:208} INFO - Processing /Users/alookso/1007MLpj/myenv/lib/python3.10/site-packages/airflow/example_dags/example_task_group_decorator.py took 0.233 seconds
[2024-10-10T15:44:07.143+0900] {processor.py:186} INFO - Started process (PID=56524) to work on /Users/alookso/1007MLpj/myenv/lib/python3.10/site-packages/airflow/example_dags/example_task_group_decorator.py
[2024-10-10T15:44:07.145+0900] {processor.py:914} INFO - Processing file /Users/alookso/1007MLpj/myenv/lib/python3.10/site-packages/airflow/example_dags/example_task_group_decorator.py for tasks to queue
[2024-10-10T15:44:07.146+0900] {logging_mixin.py:190} INFO - [2024-10-10T15:44:07.146+0900] {dagbag.py:588} INFO - Filling up the DagBag from /Users/alookso/1007MLpj/myenv/lib/python3.10/site-packages/airflow/example_dags/example_task_group_decorator.py
[2024-10-10T15:44:07.208+0900] {processor.py:925} INFO - DAG(s) 'example_task_group_decorator' retrieved from /Users/alookso/1007MLpj/myenv/lib/python3.10/site-packages/airflow/example_dags/example_task_group_decorator.py
[2024-10-10T15:44:07.348+0900] {logging_mixin.py:190} INFO - [2024-10-10T15:44:07.347+0900] {dag.py:3239} INFO - Sync 1 DAGs
[2024-10-10T15:44:07.360+0900] {logging_mixin.py:190} INFO - [2024-10-10T15:44:07.360+0900] {dag.py:4180} INFO - Setting next_dagrun for example_task_group_decorator to None, run_after=None
[2024-10-10T15:44:07.380+0900] {processor.py:208} INFO - Processing /Users/alookso/1007MLpj/myenv/lib/python3.10/site-packages/airflow/example_dags/example_task_group_decorator.py took 0.242 seconds
[2024-10-10T15:47:14.905+0900] {processor.py:186} INFO - Started process (PID=56675) to work on /Users/alookso/1007MLpj/myenv/lib/python3.10/site-packages/airflow/example_dags/example_task_group_decorator.py
[2024-10-10T15:47:14.907+0900] {processor.py:914} INFO - Processing file /Users/alookso/1007MLpj/myenv/lib/python3.10/site-packages/airflow/example_dags/example_task_group_decorator.py for tasks to queue
[2024-10-10T15:47:14.908+0900] {logging_mixin.py:190} INFO - [2024-10-10T15:47:14.908+0900] {dagbag.py:588} INFO - Filling up the DagBag from /Users/alookso/1007MLpj/myenv/lib/python3.10/site-packages/airflow/example_dags/example_task_group_decorator.py
[2024-10-10T15:47:14.962+0900] {processor.py:925} INFO - DAG(s) 'example_task_group_decorator' retrieved from /Users/alookso/1007MLpj/myenv/lib/python3.10/site-packages/airflow/example_dags/example_task_group_decorator.py
[2024-10-10T15:47:15.107+0900] {logging_mixin.py:190} INFO - [2024-10-10T15:47:15.106+0900] {dag.py:3239} INFO - Sync 1 DAGs
[2024-10-10T15:47:15.121+0900] {logging_mixin.py:190} INFO - [2024-10-10T15:47:15.121+0900] {dag.py:4180} INFO - Setting next_dagrun for example_task_group_decorator to None, run_after=None
[2024-10-10T15:47:15.142+0900] {processor.py:208} INFO - Processing /Users/alookso/1007MLpj/myenv/lib/python3.10/site-packages/airflow/example_dags/example_task_group_decorator.py took 0.241 seconds
[2024-10-10T15:51:34.883+0900] {processor.py:186} INFO - Started process (PID=56886) to work on /Users/alookso/1007MLpj/myenv/lib/python3.10/site-packages/airflow/example_dags/example_task_group_decorator.py
[2024-10-10T15:51:34.885+0900] {processor.py:914} INFO - Processing file /Users/alookso/1007MLpj/myenv/lib/python3.10/site-packages/airflow/example_dags/example_task_group_decorator.py for tasks to queue
[2024-10-10T15:51:34.886+0900] {logging_mixin.py:190} INFO - [2024-10-10T15:51:34.886+0900] {dagbag.py:588} INFO - Filling up the DagBag from /Users/alookso/1007MLpj/myenv/lib/python3.10/site-packages/airflow/example_dags/example_task_group_decorator.py
[2024-10-10T15:51:34.938+0900] {processor.py:925} INFO - DAG(s) 'example_task_group_decorator' retrieved from /Users/alookso/1007MLpj/myenv/lib/python3.10/site-packages/airflow/example_dags/example_task_group_decorator.py
[2024-10-10T15:51:35.073+0900] {logging_mixin.py:190} INFO - [2024-10-10T15:51:35.073+0900] {dag.py:3239} INFO - Sync 1 DAGs
[2024-10-10T15:51:35.086+0900] {logging_mixin.py:190} INFO - [2024-10-10T15:51:35.086+0900] {dag.py:4180} INFO - Setting next_dagrun for example_task_group_decorator to None, run_after=None
[2024-10-10T15:51:35.105+0900] {processor.py:208} INFO - Processing /Users/alookso/1007MLpj/myenv/lib/python3.10/site-packages/airflow/example_dags/example_task_group_decorator.py took 0.226 seconds
[2024-10-10T16:18:24.942+0900] {processor.py:186} INFO - Started process (PID=57335) to work on /Users/alookso/1007MLpj/myenv/lib/python3.10/site-packages/airflow/example_dags/example_task_group_decorator.py
[2024-10-10T16:18:24.943+0900] {processor.py:914} INFO - Processing file /Users/alookso/1007MLpj/myenv/lib/python3.10/site-packages/airflow/example_dags/example_task_group_decorator.py for tasks to queue
[2024-10-10T16:18:24.944+0900] {logging_mixin.py:190} INFO - [2024-10-10T16:18:24.944+0900] {dagbag.py:588} INFO - Filling up the DagBag from /Users/alookso/1007MLpj/myenv/lib/python3.10/site-packages/airflow/example_dags/example_task_group_decorator.py
[2024-10-10T16:18:24.996+0900] {processor.py:925} INFO - DAG(s) 'example_task_group_decorator' retrieved from /Users/alookso/1007MLpj/myenv/lib/python3.10/site-packages/airflow/example_dags/example_task_group_decorator.py
[2024-10-10T16:18:25.129+0900] {logging_mixin.py:190} INFO - [2024-10-10T16:18:25.129+0900] {dag.py:3239} INFO - Sync 1 DAGs
[2024-10-10T16:18:25.143+0900] {logging_mixin.py:190} INFO - [2024-10-10T16:18:25.142+0900] {dag.py:4180} INFO - Setting next_dagrun for example_task_group_decorator to None, run_after=None
[2024-10-10T16:18:25.162+0900] {processor.py:208} INFO - Processing /Users/alookso/1007MLpj/myenv/lib/python3.10/site-packages/airflow/example_dags/example_task_group_decorator.py took 0.226 seconds
[2024-10-10T16:22:45.953+0900] {processor.py:186} INFO - Started process (PID=57486) to work on /Users/alookso/1007MLpj/myenv/lib/python3.10/site-packages/airflow/example_dags/example_task_group_decorator.py
[2024-10-10T16:22:45.954+0900] {processor.py:914} INFO - Processing file /Users/alookso/1007MLpj/myenv/lib/python3.10/site-packages/airflow/example_dags/example_task_group_decorator.py for tasks to queue
[2024-10-10T16:22:45.955+0900] {logging_mixin.py:190} INFO - [2024-10-10T16:22:45.955+0900] {dagbag.py:588} INFO - Filling up the DagBag from /Users/alookso/1007MLpj/myenv/lib/python3.10/site-packages/airflow/example_dags/example_task_group_decorator.py
[2024-10-10T16:22:46.005+0900] {processor.py:925} INFO - DAG(s) 'example_task_group_decorator' retrieved from /Users/alookso/1007MLpj/myenv/lib/python3.10/site-packages/airflow/example_dags/example_task_group_decorator.py
[2024-10-10T16:22:46.141+0900] {logging_mixin.py:190} INFO - [2024-10-10T16:22:46.140+0900] {dag.py:3239} INFO - Sync 1 DAGs
[2024-10-10T16:22:46.153+0900] {logging_mixin.py:190} INFO - [2024-10-10T16:22:46.153+0900] {dag.py:4180} INFO - Setting next_dagrun for example_task_group_decorator to None, run_after=None
[2024-10-10T16:22:46.172+0900] {processor.py:208} INFO - Processing /Users/alookso/1007MLpj/myenv/lib/python3.10/site-packages/airflow/example_dags/example_task_group_decorator.py took 0.223 seconds
[2024-10-10T16:26:24.104+0900] {processor.py:186} INFO - Started process (PID=57642) to work on /Users/alookso/1007MLpj/myenv/lib/python3.10/site-packages/airflow/example_dags/example_task_group_decorator.py
[2024-10-10T16:26:24.106+0900] {processor.py:914} INFO - Processing file /Users/alookso/1007MLpj/myenv/lib/python3.10/site-packages/airflow/example_dags/example_task_group_decorator.py for tasks to queue
[2024-10-10T16:26:24.107+0900] {logging_mixin.py:190} INFO - [2024-10-10T16:26:24.107+0900] {dagbag.py:588} INFO - Filling up the DagBag from /Users/alookso/1007MLpj/myenv/lib/python3.10/site-packages/airflow/example_dags/example_task_group_decorator.py
[2024-10-10T16:26:24.169+0900] {processor.py:925} INFO - DAG(s) 'example_task_group_decorator' retrieved from /Users/alookso/1007MLpj/myenv/lib/python3.10/site-packages/airflow/example_dags/example_task_group_decorator.py
[2024-10-10T16:26:24.334+0900] {logging_mixin.py:190} INFO - [2024-10-10T16:26:24.334+0900] {dag.py:3239} INFO - Sync 1 DAGs
[2024-10-10T16:26:24.351+0900] {logging_mixin.py:190} INFO - [2024-10-10T16:26:24.350+0900] {dag.py:4180} INFO - Setting next_dagrun for example_task_group_decorator to None, run_after=None
[2024-10-10T16:26:24.374+0900] {processor.py:208} INFO - Processing /Users/alookso/1007MLpj/myenv/lib/python3.10/site-packages/airflow/example_dags/example_task_group_decorator.py took 0.277 seconds
[2024-10-10T16:30:38.038+0900] {processor.py:186} INFO - Started process (PID=57851) to work on /Users/alookso/1007MLpj/myenv/lib/python3.10/site-packages/airflow/example_dags/example_task_group_decorator.py
[2024-10-10T16:30:38.039+0900] {processor.py:914} INFO - Processing file /Users/alookso/1007MLpj/myenv/lib/python3.10/site-packages/airflow/example_dags/example_task_group_decorator.py for tasks to queue
[2024-10-10T16:30:38.040+0900] {logging_mixin.py:190} INFO - [2024-10-10T16:30:38.040+0900] {dagbag.py:588} INFO - Filling up the DagBag from /Users/alookso/1007MLpj/myenv/lib/python3.10/site-packages/airflow/example_dags/example_task_group_decorator.py
[2024-10-10T16:30:38.092+0900] {processor.py:925} INFO - DAG(s) 'example_task_group_decorator' retrieved from /Users/alookso/1007MLpj/myenv/lib/python3.10/site-packages/airflow/example_dags/example_task_group_decorator.py
[2024-10-10T16:30:38.229+0900] {logging_mixin.py:190} INFO - [2024-10-10T16:30:38.229+0900] {dag.py:3239} INFO - Sync 1 DAGs
[2024-10-10T16:30:38.242+0900] {logging_mixin.py:190} INFO - [2024-10-10T16:30:38.242+0900] {dag.py:4180} INFO - Setting next_dagrun for example_task_group_decorator to None, run_after=None
[2024-10-10T16:30:38.261+0900] {processor.py:208} INFO - Processing /Users/alookso/1007MLpj/myenv/lib/python3.10/site-packages/airflow/example_dags/example_task_group_decorator.py took 0.227 seconds
[2024-10-10T16:32:50.413+0900] {processor.py:186} INFO - Started process (PID=57969) to work on /Users/alookso/1007MLpj/myenv/lib/python3.10/site-packages/airflow/example_dags/example_task_group_decorator.py
[2024-10-10T16:32:50.414+0900] {processor.py:914} INFO - Processing file /Users/alookso/1007MLpj/myenv/lib/python3.10/site-packages/airflow/example_dags/example_task_group_decorator.py for tasks to queue
[2024-10-10T16:32:50.415+0900] {logging_mixin.py:190} INFO - [2024-10-10T16:32:50.415+0900] {dagbag.py:588} INFO - Filling up the DagBag from /Users/alookso/1007MLpj/myenv/lib/python3.10/site-packages/airflow/example_dags/example_task_group_decorator.py
[2024-10-10T16:32:50.466+0900] {processor.py:925} INFO - DAG(s) 'example_task_group_decorator' retrieved from /Users/alookso/1007MLpj/myenv/lib/python3.10/site-packages/airflow/example_dags/example_task_group_decorator.py
[2024-10-10T16:32:50.600+0900] {logging_mixin.py:190} INFO - [2024-10-10T16:32:50.600+0900] {dag.py:3239} INFO - Sync 1 DAGs
[2024-10-10T16:32:50.613+0900] {logging_mixin.py:190} INFO - [2024-10-10T16:32:50.613+0900] {dag.py:4180} INFO - Setting next_dagrun for example_task_group_decorator to None, run_after=None
[2024-10-10T16:32:50.632+0900] {processor.py:208} INFO - Processing /Users/alookso/1007MLpj/myenv/lib/python3.10/site-packages/airflow/example_dags/example_task_group_decorator.py took 0.223 seconds
[2024-10-10T16:36:49.660+0900] {processor.py:186} INFO - Started process (PID=58071) to work on /Users/alookso/1007MLpj/myenv/lib/python3.10/site-packages/airflow/example_dags/example_task_group_decorator.py
[2024-10-10T16:36:49.661+0900] {processor.py:914} INFO - Processing file /Users/alookso/1007MLpj/myenv/lib/python3.10/site-packages/airflow/example_dags/example_task_group_decorator.py for tasks to queue
[2024-10-10T16:36:49.662+0900] {logging_mixin.py:190} INFO - [2024-10-10T16:36:49.662+0900] {dagbag.py:588} INFO - Filling up the DagBag from /Users/alookso/1007MLpj/myenv/lib/python3.10/site-packages/airflow/example_dags/example_task_group_decorator.py
[2024-10-10T16:36:49.713+0900] {processor.py:925} INFO - DAG(s) 'example_task_group_decorator' retrieved from /Users/alookso/1007MLpj/myenv/lib/python3.10/site-packages/airflow/example_dags/example_task_group_decorator.py
[2024-10-10T16:36:49.853+0900] {logging_mixin.py:190} INFO - [2024-10-10T16:36:49.853+0900] {dag.py:3239} INFO - Sync 1 DAGs
[2024-10-10T16:36:49.866+0900] {logging_mixin.py:190} INFO - [2024-10-10T16:36:49.866+0900] {dag.py:4180} INFO - Setting next_dagrun for example_task_group_decorator to None, run_after=None
[2024-10-10T16:36:49.886+0900] {processor.py:208} INFO - Processing /Users/alookso/1007MLpj/myenv/lib/python3.10/site-packages/airflow/example_dags/example_task_group_decorator.py took 0.232 seconds
[2024-10-10T16:40:23.723+0900] {processor.py:186} INFO - Started process (PID=58158) to work on /Users/alookso/1007MLpj/myenv/lib/python3.10/site-packages/airflow/example_dags/example_task_group_decorator.py
[2024-10-10T16:40:23.726+0900] {processor.py:914} INFO - Processing file /Users/alookso/1007MLpj/myenv/lib/python3.10/site-packages/airflow/example_dags/example_task_group_decorator.py for tasks to queue
[2024-10-10T16:40:23.727+0900] {logging_mixin.py:190} INFO - [2024-10-10T16:40:23.727+0900] {dagbag.py:588} INFO - Filling up the DagBag from /Users/alookso/1007MLpj/myenv/lib/python3.10/site-packages/airflow/example_dags/example_task_group_decorator.py
[2024-10-10T16:40:23.797+0900] {processor.py:925} INFO - DAG(s) 'example_task_group_decorator' retrieved from /Users/alookso/1007MLpj/myenv/lib/python3.10/site-packages/airflow/example_dags/example_task_group_decorator.py
[2024-10-10T16:40:23.959+0900] {logging_mixin.py:190} INFO - [2024-10-10T16:40:23.959+0900] {dag.py:3239} INFO - Sync 1 DAGs
[2024-10-10T16:40:23.978+0900] {logging_mixin.py:190} INFO - [2024-10-10T16:40:23.977+0900] {dag.py:4180} INFO - Setting next_dagrun for example_task_group_decorator to None, run_after=None
[2024-10-10T16:40:24.005+0900] {processor.py:208} INFO - Processing /Users/alookso/1007MLpj/myenv/lib/python3.10/site-packages/airflow/example_dags/example_task_group_decorator.py took 0.288 seconds
[2024-10-10T16:44:02.073+0900] {processor.py:186} INFO - Started process (PID=58250) to work on /Users/alookso/1007MLpj/myenv/lib/python3.10/site-packages/airflow/example_dags/example_task_group_decorator.py
[2024-10-10T16:44:02.074+0900] {processor.py:914} INFO - Processing file /Users/alookso/1007MLpj/myenv/lib/python3.10/site-packages/airflow/example_dags/example_task_group_decorator.py for tasks to queue
[2024-10-10T16:44:02.075+0900] {logging_mixin.py:190} INFO - [2024-10-10T16:44:02.075+0900] {dagbag.py:588} INFO - Filling up the DagBag from /Users/alookso/1007MLpj/myenv/lib/python3.10/site-packages/airflow/example_dags/example_task_group_decorator.py
[2024-10-10T16:44:02.126+0900] {processor.py:925} INFO - DAG(s) 'example_task_group_decorator' retrieved from /Users/alookso/1007MLpj/myenv/lib/python3.10/site-packages/airflow/example_dags/example_task_group_decorator.py
[2024-10-10T16:44:02.261+0900] {logging_mixin.py:190} INFO - [2024-10-10T16:44:02.261+0900] {dag.py:3239} INFO - Sync 1 DAGs
[2024-10-10T16:44:02.274+0900] {logging_mixin.py:190} INFO - [2024-10-10T16:44:02.274+0900] {dag.py:4180} INFO - Setting next_dagrun for example_task_group_decorator to None, run_after=None
[2024-10-10T16:44:02.294+0900] {processor.py:208} INFO - Processing /Users/alookso/1007MLpj/myenv/lib/python3.10/site-packages/airflow/example_dags/example_task_group_decorator.py took 0.226 seconds
[2024-10-10T16:50:22.663+0900] {processor.py:186} INFO - Started process (PID=58604) to work on /Users/alookso/1007MLpj/myenv/lib/python3.10/site-packages/airflow/example_dags/example_task_group_decorator.py
[2024-10-10T16:50:22.664+0900] {processor.py:914} INFO - Processing file /Users/alookso/1007MLpj/myenv/lib/python3.10/site-packages/airflow/example_dags/example_task_group_decorator.py for tasks to queue
[2024-10-10T16:50:22.665+0900] {logging_mixin.py:190} INFO - [2024-10-10T16:50:22.665+0900] {dagbag.py:588} INFO - Filling up the DagBag from /Users/alookso/1007MLpj/myenv/lib/python3.10/site-packages/airflow/example_dags/example_task_group_decorator.py
[2024-10-10T16:50:22.717+0900] {processor.py:925} INFO - DAG(s) 'example_task_group_decorator' retrieved from /Users/alookso/1007MLpj/myenv/lib/python3.10/site-packages/airflow/example_dags/example_task_group_decorator.py
[2024-10-10T16:50:22.854+0900] {logging_mixin.py:190} INFO - [2024-10-10T16:50:22.854+0900] {dag.py:3239} INFO - Sync 1 DAGs
[2024-10-10T16:50:22.867+0900] {logging_mixin.py:190} INFO - [2024-10-10T16:50:22.867+0900] {dag.py:4180} INFO - Setting next_dagrun for example_task_group_decorator to None, run_after=None
[2024-10-10T16:50:22.886+0900] {processor.py:208} INFO - Processing /Users/alookso/1007MLpj/myenv/lib/python3.10/site-packages/airflow/example_dags/example_task_group_decorator.py took 0.227 seconds
[2024-10-10T23:48:16.146+0900] {processor.py:186} INFO - Started process (PID=63437) to work on /Users/alookso/1007MLpj/myenv/lib/python3.10/site-packages/airflow/example_dags/example_task_group_decorator.py
[2024-10-10T23:48:16.148+0900] {processor.py:914} INFO - Processing file /Users/alookso/1007MLpj/myenv/lib/python3.10/site-packages/airflow/example_dags/example_task_group_decorator.py for tasks to queue
[2024-10-10T23:48:16.149+0900] {logging_mixin.py:190} INFO - [2024-10-10T23:48:16.149+0900] {dagbag.py:588} INFO - Filling up the DagBag from /Users/alookso/1007MLpj/myenv/lib/python3.10/site-packages/airflow/example_dags/example_task_group_decorator.py
[2024-10-10T23:48:16.202+0900] {processor.py:925} INFO - DAG(s) 'example_task_group_decorator' retrieved from /Users/alookso/1007MLpj/myenv/lib/python3.10/site-packages/airflow/example_dags/example_task_group_decorator.py
[2024-10-10T23:48:16.341+0900] {logging_mixin.py:190} INFO - [2024-10-10T23:48:16.341+0900] {dag.py:3239} INFO - Sync 1 DAGs
[2024-10-10T23:48:16.354+0900] {logging_mixin.py:190} INFO - [2024-10-10T23:48:16.354+0900] {dag.py:4180} INFO - Setting next_dagrun for example_task_group_decorator to None, run_after=None
[2024-10-10T23:48:16.374+0900] {processor.py:208} INFO - Processing /Users/alookso/1007MLpj/myenv/lib/python3.10/site-packages/airflow/example_dags/example_task_group_decorator.py took 0.233 seconds
[2024-10-10T23:51:34.706+0900] {processor.py:186} INFO - Started process (PID=63618) to work on /Users/alookso/1007MLpj/myenv/lib/python3.10/site-packages/airflow/example_dags/example_task_group_decorator.py
[2024-10-10T23:51:34.707+0900] {processor.py:914} INFO - Processing file /Users/alookso/1007MLpj/myenv/lib/python3.10/site-packages/airflow/example_dags/example_task_group_decorator.py for tasks to queue
[2024-10-10T23:51:34.708+0900] {logging_mixin.py:190} INFO - [2024-10-10T23:51:34.708+0900] {dagbag.py:588} INFO - Filling up the DagBag from /Users/alookso/1007MLpj/myenv/lib/python3.10/site-packages/airflow/example_dags/example_task_group_decorator.py
[2024-10-10T23:51:34.759+0900] {processor.py:925} INFO - DAG(s) 'example_task_group_decorator' retrieved from /Users/alookso/1007MLpj/myenv/lib/python3.10/site-packages/airflow/example_dags/example_task_group_decorator.py
[2024-10-10T23:51:34.896+0900] {logging_mixin.py:190} INFO - [2024-10-10T23:51:34.896+0900] {dag.py:3239} INFO - Sync 1 DAGs
[2024-10-10T23:51:34.908+0900] {logging_mixin.py:190} INFO - [2024-10-10T23:51:34.908+0900] {dag.py:4180} INFO - Setting next_dagrun for example_task_group_decorator to None, run_after=None
[2024-10-10T23:51:34.928+0900] {processor.py:208} INFO - Processing /Users/alookso/1007MLpj/myenv/lib/python3.10/site-packages/airflow/example_dags/example_task_group_decorator.py took 0.225 seconds
[2024-10-10T23:54:32.509+0900] {processor.py:186} INFO - Started process (PID=63777) to work on /Users/alookso/1007MLpj/myenv/lib/python3.10/site-packages/airflow/example_dags/example_task_group_decorator.py
[2024-10-10T23:54:32.510+0900] {processor.py:914} INFO - Processing file /Users/alookso/1007MLpj/myenv/lib/python3.10/site-packages/airflow/example_dags/example_task_group_decorator.py for tasks to queue
[2024-10-10T23:54:32.511+0900] {logging_mixin.py:190} INFO - [2024-10-10T23:54:32.511+0900] {dagbag.py:588} INFO - Filling up the DagBag from /Users/alookso/1007MLpj/myenv/lib/python3.10/site-packages/airflow/example_dags/example_task_group_decorator.py
[2024-10-10T23:54:32.561+0900] {processor.py:925} INFO - DAG(s) 'example_task_group_decorator' retrieved from /Users/alookso/1007MLpj/myenv/lib/python3.10/site-packages/airflow/example_dags/example_task_group_decorator.py
[2024-10-10T23:54:32.700+0900] {logging_mixin.py:190} INFO - [2024-10-10T23:54:32.699+0900] {dag.py:3239} INFO - Sync 1 DAGs
[2024-10-10T23:54:32.712+0900] {logging_mixin.py:190} INFO - [2024-10-10T23:54:32.712+0900] {dag.py:4180} INFO - Setting next_dagrun for example_task_group_decorator to None, run_after=None
[2024-10-10T23:54:32.732+0900] {processor.py:208} INFO - Processing /Users/alookso/1007MLpj/myenv/lib/python3.10/site-packages/airflow/example_dags/example_task_group_decorator.py took 0.228 seconds
[2024-10-10T23:56:56.154+0900] {processor.py:186} INFO - Started process (PID=63869) to work on /Users/alookso/1007MLpj/myenv/lib/python3.10/site-packages/airflow/example_dags/example_task_group_decorator.py
[2024-10-10T23:56:56.155+0900] {processor.py:914} INFO - Processing file /Users/alookso/1007MLpj/myenv/lib/python3.10/site-packages/airflow/example_dags/example_task_group_decorator.py for tasks to queue
[2024-10-10T23:56:56.156+0900] {logging_mixin.py:190} INFO - [2024-10-10T23:56:56.156+0900] {dagbag.py:588} INFO - Filling up the DagBag from /Users/alookso/1007MLpj/myenv/lib/python3.10/site-packages/airflow/example_dags/example_task_group_decorator.py
[2024-10-10T23:56:56.211+0900] {processor.py:925} INFO - DAG(s) 'example_task_group_decorator' retrieved from /Users/alookso/1007MLpj/myenv/lib/python3.10/site-packages/airflow/example_dags/example_task_group_decorator.py
[2024-10-10T23:56:56.357+0900] {logging_mixin.py:190} INFO - [2024-10-10T23:56:56.357+0900] {dag.py:3239} INFO - Sync 1 DAGs
[2024-10-10T23:56:56.370+0900] {logging_mixin.py:190} INFO - [2024-10-10T23:56:56.369+0900] {dag.py:4180} INFO - Setting next_dagrun for example_task_group_decorator to None, run_after=None
[2024-10-10T23:56:56.390+0900] {processor.py:208} INFO - Processing /Users/alookso/1007MLpj/myenv/lib/python3.10/site-packages/airflow/example_dags/example_task_group_decorator.py took 0.241 seconds
[2024-10-11T00:01:34.505+0900] {processor.py:186} INFO - Started process (PID=64080) to work on /Users/alookso/1007MLpj/myenv/lib/python3.10/site-packages/airflow/example_dags/example_task_group_decorator.py
[2024-10-11T00:01:34.506+0900] {processor.py:914} INFO - Processing file /Users/alookso/1007MLpj/myenv/lib/python3.10/site-packages/airflow/example_dags/example_task_group_decorator.py for tasks to queue
[2024-10-11T00:01:34.507+0900] {logging_mixin.py:190} INFO - [2024-10-11T00:01:34.507+0900] {dagbag.py:588} INFO - Filling up the DagBag from /Users/alookso/1007MLpj/myenv/lib/python3.10/site-packages/airflow/example_dags/example_task_group_decorator.py
[2024-10-11T00:01:34.564+0900] {processor.py:925} INFO - DAG(s) 'example_task_group_decorator' retrieved from /Users/alookso/1007MLpj/myenv/lib/python3.10/site-packages/airflow/example_dags/example_task_group_decorator.py
[2024-10-11T00:01:34.720+0900] {logging_mixin.py:190} INFO - [2024-10-11T00:01:34.719+0900] {dag.py:3239} INFO - Sync 1 DAGs
[2024-10-11T00:01:34.735+0900] {logging_mixin.py:190} INFO - [2024-10-11T00:01:34.735+0900] {dag.py:4180} INFO - Setting next_dagrun for example_task_group_decorator to None, run_after=None
[2024-10-11T00:01:34.758+0900] {processor.py:208} INFO - Processing /Users/alookso/1007MLpj/myenv/lib/python3.10/site-packages/airflow/example_dags/example_task_group_decorator.py took 0.257 seconds
[2024-10-11T00:04:47.130+0900] {processor.py:186} INFO - Started process (PID=64254) to work on /Users/alookso/1007MLpj/myenv/lib/python3.10/site-packages/airflow/example_dags/example_task_group_decorator.py
[2024-10-11T00:04:47.130+0900] {processor.py:914} INFO - Processing file /Users/alookso/1007MLpj/myenv/lib/python3.10/site-packages/airflow/example_dags/example_task_group_decorator.py for tasks to queue
[2024-10-11T00:04:47.131+0900] {logging_mixin.py:190} INFO - [2024-10-11T00:04:47.131+0900] {dagbag.py:588} INFO - Filling up the DagBag from /Users/alookso/1007MLpj/myenv/lib/python3.10/site-packages/airflow/example_dags/example_task_group_decorator.py
[2024-10-11T00:04:47.184+0900] {processor.py:925} INFO - DAG(s) 'example_task_group_decorator' retrieved from /Users/alookso/1007MLpj/myenv/lib/python3.10/site-packages/airflow/example_dags/example_task_group_decorator.py
[2024-10-11T00:04:47.327+0900] {logging_mixin.py:190} INFO - [2024-10-11T00:04:47.326+0900] {dag.py:3239} INFO - Sync 1 DAGs
[2024-10-11T00:04:47.339+0900] {logging_mixin.py:190} INFO - [2024-10-11T00:04:47.339+0900] {dag.py:4180} INFO - Setting next_dagrun for example_task_group_decorator to None, run_after=None
[2024-10-11T00:04:47.358+0900] {processor.py:208} INFO - Processing /Users/alookso/1007MLpj/myenv/lib/python3.10/site-packages/airflow/example_dags/example_task_group_decorator.py took 0.233 seconds
[2024-10-11T00:08:44.488+0900] {processor.py:186} INFO - Started process (PID=64487) to work on /Users/alookso/1007MLpj/myenv/lib/python3.10/site-packages/airflow/example_dags/example_task_group_decorator.py
[2024-10-11T00:08:44.489+0900] {processor.py:914} INFO - Processing file /Users/alookso/1007MLpj/myenv/lib/python3.10/site-packages/airflow/example_dags/example_task_group_decorator.py for tasks to queue
[2024-10-11T00:08:44.490+0900] {logging_mixin.py:190} INFO - [2024-10-11T00:08:44.490+0900] {dagbag.py:588} INFO - Filling up the DagBag from /Users/alookso/1007MLpj/myenv/lib/python3.10/site-packages/airflow/example_dags/example_task_group_decorator.py
[2024-10-11T00:08:44.542+0900] {processor.py:925} INFO - DAG(s) 'example_task_group_decorator' retrieved from /Users/alookso/1007MLpj/myenv/lib/python3.10/site-packages/airflow/example_dags/example_task_group_decorator.py
[2024-10-11T00:08:44.678+0900] {logging_mixin.py:190} INFO - [2024-10-11T00:08:44.678+0900] {dag.py:3239} INFO - Sync 1 DAGs
[2024-10-11T00:08:44.691+0900] {logging_mixin.py:190} INFO - [2024-10-11T00:08:44.691+0900] {dag.py:4180} INFO - Setting next_dagrun for example_task_group_decorator to None, run_after=None
[2024-10-11T00:08:44.710+0900] {processor.py:208} INFO - Processing /Users/alookso/1007MLpj/myenv/lib/python3.10/site-packages/airflow/example_dags/example_task_group_decorator.py took 0.227 seconds
[2024-10-11T00:11:47.228+0900] {processor.py:186} INFO - Started process (PID=64612) to work on /Users/alookso/1007MLpj/myenv/lib/python3.10/site-packages/airflow/example_dags/example_task_group_decorator.py
[2024-10-11T00:11:47.229+0900] {processor.py:914} INFO - Processing file /Users/alookso/1007MLpj/myenv/lib/python3.10/site-packages/airflow/example_dags/example_task_group_decorator.py for tasks to queue
[2024-10-11T00:11:47.230+0900] {logging_mixin.py:190} INFO - [2024-10-11T00:11:47.229+0900] {dagbag.py:588} INFO - Filling up the DagBag from /Users/alookso/1007MLpj/myenv/lib/python3.10/site-packages/airflow/example_dags/example_task_group_decorator.py
[2024-10-11T00:11:47.280+0900] {processor.py:925} INFO - DAG(s) 'example_task_group_decorator' retrieved from /Users/alookso/1007MLpj/myenv/lib/python3.10/site-packages/airflow/example_dags/example_task_group_decorator.py
[2024-10-11T00:11:47.424+0900] {logging_mixin.py:190} INFO - [2024-10-11T00:11:47.423+0900] {dag.py:3239} INFO - Sync 1 DAGs
[2024-10-11T00:11:47.436+0900] {logging_mixin.py:190} INFO - [2024-10-11T00:11:47.436+0900] {dag.py:4180} INFO - Setting next_dagrun for example_task_group_decorator to None, run_after=None
[2024-10-11T00:11:47.455+0900] {processor.py:208} INFO - Processing /Users/alookso/1007MLpj/myenv/lib/python3.10/site-packages/airflow/example_dags/example_task_group_decorator.py took 0.231 seconds
[2024-10-11T00:14:17.717+0900] {processor.py:186} INFO - Started process (PID=64738) to work on /Users/alookso/1007MLpj/myenv/lib/python3.10/site-packages/airflow/example_dags/example_task_group_decorator.py
[2024-10-11T00:14:17.718+0900] {processor.py:914} INFO - Processing file /Users/alookso/1007MLpj/myenv/lib/python3.10/site-packages/airflow/example_dags/example_task_group_decorator.py for tasks to queue
[2024-10-11T00:14:17.719+0900] {logging_mixin.py:190} INFO - [2024-10-11T00:14:17.719+0900] {dagbag.py:588} INFO - Filling up the DagBag from /Users/alookso/1007MLpj/myenv/lib/python3.10/site-packages/airflow/example_dags/example_task_group_decorator.py
[2024-10-11T00:14:17.769+0900] {processor.py:925} INFO - DAG(s) 'example_task_group_decorator' retrieved from /Users/alookso/1007MLpj/myenv/lib/python3.10/site-packages/airflow/example_dags/example_task_group_decorator.py
[2024-10-11T00:14:17.904+0900] {logging_mixin.py:190} INFO - [2024-10-11T00:14:17.904+0900] {dag.py:3239} INFO - Sync 1 DAGs
[2024-10-11T00:14:17.917+0900] {logging_mixin.py:190} INFO - [2024-10-11T00:14:17.917+0900] {dag.py:4180} INFO - Setting next_dagrun for example_task_group_decorator to None, run_after=None
[2024-10-11T00:14:17.936+0900] {processor.py:208} INFO - Processing /Users/alookso/1007MLpj/myenv/lib/python3.10/site-packages/airflow/example_dags/example_task_group_decorator.py took 0.223 seconds
[2024-10-11T00:16:55.711+0900] {processor.py:186} INFO - Started process (PID=64818) to work on /Users/alookso/1007MLpj/myenv/lib/python3.10/site-packages/airflow/example_dags/example_task_group_decorator.py
[2024-10-11T00:16:55.712+0900] {processor.py:914} INFO - Processing file /Users/alookso/1007MLpj/myenv/lib/python3.10/site-packages/airflow/example_dags/example_task_group_decorator.py for tasks to queue
[2024-10-11T00:16:55.713+0900] {logging_mixin.py:190} INFO - [2024-10-11T00:16:55.712+0900] {dagbag.py:588} INFO - Filling up the DagBag from /Users/alookso/1007MLpj/myenv/lib/python3.10/site-packages/airflow/example_dags/example_task_group_decorator.py
[2024-10-11T00:16:55.764+0900] {processor.py:925} INFO - DAG(s) 'example_task_group_decorator' retrieved from /Users/alookso/1007MLpj/myenv/lib/python3.10/site-packages/airflow/example_dags/example_task_group_decorator.py
[2024-10-11T00:16:55.901+0900] {logging_mixin.py:190} INFO - [2024-10-11T00:16:55.901+0900] {dag.py:3239} INFO - Sync 1 DAGs
[2024-10-11T00:16:55.914+0900] {logging_mixin.py:190} INFO - [2024-10-11T00:16:55.914+0900] {dag.py:4180} INFO - Setting next_dagrun for example_task_group_decorator to None, run_after=None
[2024-10-11T00:16:55.933+0900] {processor.py:208} INFO - Processing /Users/alookso/1007MLpj/myenv/lib/python3.10/site-packages/airflow/example_dags/example_task_group_decorator.py took 0.226 seconds
[2024-10-11T00:19:30.411+0900] {processor.py:186} INFO - Started process (PID=64906) to work on /Users/alookso/1007MLpj/myenv/lib/python3.10/site-packages/airflow/example_dags/example_task_group_decorator.py
[2024-10-11T00:19:30.412+0900] {processor.py:914} INFO - Processing file /Users/alookso/1007MLpj/myenv/lib/python3.10/site-packages/airflow/example_dags/example_task_group_decorator.py for tasks to queue
[2024-10-11T00:19:30.413+0900] {logging_mixin.py:190} INFO - [2024-10-11T00:19:30.413+0900] {dagbag.py:588} INFO - Filling up the DagBag from /Users/alookso/1007MLpj/myenv/lib/python3.10/site-packages/airflow/example_dags/example_task_group_decorator.py
[2024-10-11T00:19:30.465+0900] {processor.py:925} INFO - DAG(s) 'example_task_group_decorator' retrieved from /Users/alookso/1007MLpj/myenv/lib/python3.10/site-packages/airflow/example_dags/example_task_group_decorator.py
[2024-10-11T00:19:30.601+0900] {logging_mixin.py:190} INFO - [2024-10-11T00:19:30.601+0900] {dag.py:3239} INFO - Sync 1 DAGs
[2024-10-11T00:19:30.613+0900] {logging_mixin.py:190} INFO - [2024-10-11T00:19:30.613+0900] {dag.py:4180} INFO - Setting next_dagrun for example_task_group_decorator to None, run_after=None
[2024-10-11T00:19:30.634+0900] {processor.py:208} INFO - Processing /Users/alookso/1007MLpj/myenv/lib/python3.10/site-packages/airflow/example_dags/example_task_group_decorator.py took 0.226 seconds
[2024-10-11T00:22:07.687+0900] {processor.py:186} INFO - Started process (PID=65006) to work on /Users/alookso/1007MLpj/myenv/lib/python3.10/site-packages/airflow/example_dags/example_task_group_decorator.py
[2024-10-11T00:22:07.688+0900] {processor.py:914} INFO - Processing file /Users/alookso/1007MLpj/myenv/lib/python3.10/site-packages/airflow/example_dags/example_task_group_decorator.py for tasks to queue
[2024-10-11T00:22:07.689+0900] {logging_mixin.py:190} INFO - [2024-10-11T00:22:07.688+0900] {dagbag.py:588} INFO - Filling up the DagBag from /Users/alookso/1007MLpj/myenv/lib/python3.10/site-packages/airflow/example_dags/example_task_group_decorator.py
[2024-10-11T00:22:07.739+0900] {processor.py:925} INFO - DAG(s) 'example_task_group_decorator' retrieved from /Users/alookso/1007MLpj/myenv/lib/python3.10/site-packages/airflow/example_dags/example_task_group_decorator.py
[2024-10-11T00:22:07.877+0900] {logging_mixin.py:190} INFO - [2024-10-11T00:22:07.877+0900] {dag.py:3239} INFO - Sync 1 DAGs
[2024-10-11T00:22:07.890+0900] {logging_mixin.py:190} INFO - [2024-10-11T00:22:07.890+0900] {dag.py:4180} INFO - Setting next_dagrun for example_task_group_decorator to None, run_after=None
[2024-10-11T00:22:07.909+0900] {processor.py:208} INFO - Processing /Users/alookso/1007MLpj/myenv/lib/python3.10/site-packages/airflow/example_dags/example_task_group_decorator.py took 0.226 seconds
[2024-10-11T00:24:40.882+0900] {processor.py:186} INFO - Started process (PID=65084) to work on /Users/alookso/1007MLpj/myenv/lib/python3.10/site-packages/airflow/example_dags/example_task_group_decorator.py
[2024-10-11T00:24:40.883+0900] {processor.py:914} INFO - Processing file /Users/alookso/1007MLpj/myenv/lib/python3.10/site-packages/airflow/example_dags/example_task_group_decorator.py for tasks to queue
[2024-10-11T00:24:40.884+0900] {logging_mixin.py:190} INFO - [2024-10-11T00:24:40.884+0900] {dagbag.py:588} INFO - Filling up the DagBag from /Users/alookso/1007MLpj/myenv/lib/python3.10/site-packages/airflow/example_dags/example_task_group_decorator.py
[2024-10-11T00:24:40.935+0900] {processor.py:925} INFO - DAG(s) 'example_task_group_decorator' retrieved from /Users/alookso/1007MLpj/myenv/lib/python3.10/site-packages/airflow/example_dags/example_task_group_decorator.py
[2024-10-11T00:24:41.081+0900] {logging_mixin.py:190} INFO - [2024-10-11T00:24:41.080+0900] {dag.py:3239} INFO - Sync 1 DAGs
[2024-10-11T00:24:41.095+0900] {logging_mixin.py:190} INFO - [2024-10-11T00:24:41.094+0900] {dag.py:4180} INFO - Setting next_dagrun for example_task_group_decorator to None, run_after=None
[2024-10-11T00:24:41.116+0900] {processor.py:208} INFO - Processing /Users/alookso/1007MLpj/myenv/lib/python3.10/site-packages/airflow/example_dags/example_task_group_decorator.py took 0.239 seconds
[2024-10-11T00:27:42.310+0900] {processor.py:186} INFO - Started process (PID=65225) to work on /Users/alookso/1007MLpj/myenv/lib/python3.10/site-packages/airflow/example_dags/example_task_group_decorator.py
[2024-10-11T00:27:42.311+0900] {processor.py:914} INFO - Processing file /Users/alookso/1007MLpj/myenv/lib/python3.10/site-packages/airflow/example_dags/example_task_group_decorator.py for tasks to queue
[2024-10-11T00:27:42.312+0900] {logging_mixin.py:190} INFO - [2024-10-11T00:27:42.311+0900] {dagbag.py:588} INFO - Filling up the DagBag from /Users/alookso/1007MLpj/myenv/lib/python3.10/site-packages/airflow/example_dags/example_task_group_decorator.py
[2024-10-11T00:27:42.363+0900] {processor.py:925} INFO - DAG(s) 'example_task_group_decorator' retrieved from /Users/alookso/1007MLpj/myenv/lib/python3.10/site-packages/airflow/example_dags/example_task_group_decorator.py
[2024-10-11T00:27:42.496+0900] {logging_mixin.py:190} INFO - [2024-10-11T00:27:42.496+0900] {dag.py:3239} INFO - Sync 1 DAGs
[2024-10-11T00:27:42.509+0900] {logging_mixin.py:190} INFO - [2024-10-11T00:27:42.508+0900] {dag.py:4180} INFO - Setting next_dagrun for example_task_group_decorator to None, run_after=None
[2024-10-11T00:27:42.528+0900] {processor.py:208} INFO - Processing /Users/alookso/1007MLpj/myenv/lib/python3.10/site-packages/airflow/example_dags/example_task_group_decorator.py took 0.223 seconds
[2024-10-11T00:31:04.492+0900] {processor.py:186} INFO - Started process (PID=65403) to work on /Users/alookso/1007MLpj/myenv/lib/python3.10/site-packages/airflow/example_dags/example_task_group_decorator.py
[2024-10-11T00:31:04.492+0900] {processor.py:914} INFO - Processing file /Users/alookso/1007MLpj/myenv/lib/python3.10/site-packages/airflow/example_dags/example_task_group_decorator.py for tasks to queue
[2024-10-11T00:31:04.493+0900] {logging_mixin.py:190} INFO - [2024-10-11T00:31:04.493+0900] {dagbag.py:588} INFO - Filling up the DagBag from /Users/alookso/1007MLpj/myenv/lib/python3.10/site-packages/airflow/example_dags/example_task_group_decorator.py
[2024-10-11T00:31:04.547+0900] {processor.py:925} INFO - DAG(s) 'example_task_group_decorator' retrieved from /Users/alookso/1007MLpj/myenv/lib/python3.10/site-packages/airflow/example_dags/example_task_group_decorator.py
[2024-10-11T00:31:04.691+0900] {logging_mixin.py:190} INFO - [2024-10-11T00:31:04.690+0900] {dag.py:3239} INFO - Sync 1 DAGs
[2024-10-11T00:31:04.704+0900] {logging_mixin.py:190} INFO - [2024-10-11T00:31:04.704+0900] {dag.py:4180} INFO - Setting next_dagrun for example_task_group_decorator to None, run_after=None
[2024-10-11T00:31:04.724+0900] {processor.py:208} INFO - Processing /Users/alookso/1007MLpj/myenv/lib/python3.10/site-packages/airflow/example_dags/example_task_group_decorator.py took 0.238 seconds
[2024-10-11T00:34:52.627+0900] {processor.py:186} INFO - Started process (PID=65572) to work on /Users/alookso/1007MLpj/myenv/lib/python3.10/site-packages/airflow/example_dags/example_task_group_decorator.py
[2024-10-11T00:34:52.628+0900] {processor.py:914} INFO - Processing file /Users/alookso/1007MLpj/myenv/lib/python3.10/site-packages/airflow/example_dags/example_task_group_decorator.py for tasks to queue
[2024-10-11T00:34:52.629+0900] {logging_mixin.py:190} INFO - [2024-10-11T00:34:52.629+0900] {dagbag.py:588} INFO - Filling up the DagBag from /Users/alookso/1007MLpj/myenv/lib/python3.10/site-packages/airflow/example_dags/example_task_group_decorator.py
[2024-10-11T00:34:52.682+0900] {processor.py:925} INFO - DAG(s) 'example_task_group_decorator' retrieved from /Users/alookso/1007MLpj/myenv/lib/python3.10/site-packages/airflow/example_dags/example_task_group_decorator.py
[2024-10-11T00:34:52.823+0900] {logging_mixin.py:190} INFO - [2024-10-11T00:34:52.822+0900] {dag.py:3239} INFO - Sync 1 DAGs
[2024-10-11T00:34:52.836+0900] {logging_mixin.py:190} INFO - [2024-10-11T00:34:52.836+0900] {dag.py:4180} INFO - Setting next_dagrun for example_task_group_decorator to None, run_after=None
[2024-10-11T00:34:52.856+0900] {processor.py:208} INFO - Processing /Users/alookso/1007MLpj/myenv/lib/python3.10/site-packages/airflow/example_dags/example_task_group_decorator.py took 0.233 seconds
[2024-10-11T00:38:36.323+0900] {processor.py:186} INFO - Started process (PID=65761) to work on /Users/alookso/1007MLpj/myenv/lib/python3.10/site-packages/airflow/example_dags/example_task_group_decorator.py
[2024-10-11T00:38:36.324+0900] {processor.py:914} INFO - Processing file /Users/alookso/1007MLpj/myenv/lib/python3.10/site-packages/airflow/example_dags/example_task_group_decorator.py for tasks to queue
[2024-10-11T00:38:36.325+0900] {logging_mixin.py:190} INFO - [2024-10-11T00:38:36.325+0900] {dagbag.py:588} INFO - Filling up the DagBag from /Users/alookso/1007MLpj/myenv/lib/python3.10/site-packages/airflow/example_dags/example_task_group_decorator.py
[2024-10-11T00:38:36.378+0900] {processor.py:925} INFO - DAG(s) 'example_task_group_decorator' retrieved from /Users/alookso/1007MLpj/myenv/lib/python3.10/site-packages/airflow/example_dags/example_task_group_decorator.py
[2024-10-11T00:38:36.518+0900] {logging_mixin.py:190} INFO - [2024-10-11T00:38:36.517+0900] {dag.py:3239} INFO - Sync 1 DAGs
[2024-10-11T00:38:36.530+0900] {logging_mixin.py:190} INFO - [2024-10-11T00:38:36.530+0900] {dag.py:4180} INFO - Setting next_dagrun for example_task_group_decorator to None, run_after=None
[2024-10-11T00:38:36.551+0900] {processor.py:208} INFO - Processing /Users/alookso/1007MLpj/myenv/lib/python3.10/site-packages/airflow/example_dags/example_task_group_decorator.py took 0.233 seconds
[2024-10-11T00:42:07.333+0900] {processor.py:186} INFO - Started process (PID=65932) to work on /Users/alookso/1007MLpj/myenv/lib/python3.10/site-packages/airflow/example_dags/example_task_group_decorator.py
[2024-10-11T00:42:07.334+0900] {processor.py:914} INFO - Processing file /Users/alookso/1007MLpj/myenv/lib/python3.10/site-packages/airflow/example_dags/example_task_group_decorator.py for tasks to queue
[2024-10-11T00:42:07.335+0900] {logging_mixin.py:190} INFO - [2024-10-11T00:42:07.335+0900] {dagbag.py:588} INFO - Filling up the DagBag from /Users/alookso/1007MLpj/myenv/lib/python3.10/site-packages/airflow/example_dags/example_task_group_decorator.py
[2024-10-11T00:42:07.389+0900] {processor.py:925} INFO - DAG(s) 'example_task_group_decorator' retrieved from /Users/alookso/1007MLpj/myenv/lib/python3.10/site-packages/airflow/example_dags/example_task_group_decorator.py
[2024-10-11T00:42:07.530+0900] {logging_mixin.py:190} INFO - [2024-10-11T00:42:07.530+0900] {dag.py:3239} INFO - Sync 1 DAGs
[2024-10-11T00:42:07.543+0900] {logging_mixin.py:190} INFO - [2024-10-11T00:42:07.543+0900] {dag.py:4180} INFO - Setting next_dagrun for example_task_group_decorator to None, run_after=None
[2024-10-11T00:42:07.618+0900] {processor.py:208} INFO - Processing /Users/alookso/1007MLpj/myenv/lib/python3.10/site-packages/airflow/example_dags/example_task_group_decorator.py took 0.289 seconds
[2024-10-11T00:45:19.641+0900] {processor.py:186} INFO - Started process (PID=66066) to work on /Users/alookso/1007MLpj/myenv/lib/python3.10/site-packages/airflow/example_dags/example_task_group_decorator.py
[2024-10-11T00:45:19.642+0900] {processor.py:914} INFO - Processing file /Users/alookso/1007MLpj/myenv/lib/python3.10/site-packages/airflow/example_dags/example_task_group_decorator.py for tasks to queue
[2024-10-11T00:45:19.643+0900] {logging_mixin.py:190} INFO - [2024-10-11T00:45:19.643+0900] {dagbag.py:588} INFO - Filling up the DagBag from /Users/alookso/1007MLpj/myenv/lib/python3.10/site-packages/airflow/example_dags/example_task_group_decorator.py
[2024-10-11T00:45:19.693+0900] {processor.py:925} INFO - DAG(s) 'example_task_group_decorator' retrieved from /Users/alookso/1007MLpj/myenv/lib/python3.10/site-packages/airflow/example_dags/example_task_group_decorator.py
[2024-10-11T00:45:19.826+0900] {logging_mixin.py:190} INFO - [2024-10-11T00:45:19.826+0900] {dag.py:3239} INFO - Sync 1 DAGs
[2024-10-11T00:45:19.838+0900] {logging_mixin.py:190} INFO - [2024-10-11T00:45:19.838+0900] {dag.py:4180} INFO - Setting next_dagrun for example_task_group_decorator to None, run_after=None
[2024-10-11T00:45:19.857+0900] {processor.py:208} INFO - Processing /Users/alookso/1007MLpj/myenv/lib/python3.10/site-packages/airflow/example_dags/example_task_group_decorator.py took 0.220 seconds
[2024-10-11T00:47:54.628+0900] {processor.py:186} INFO - Started process (PID=66154) to work on /Users/alookso/1007MLpj/myenv/lib/python3.10/site-packages/airflow/example_dags/example_task_group_decorator.py
[2024-10-11T00:47:54.629+0900] {processor.py:914} INFO - Processing file /Users/alookso/1007MLpj/myenv/lib/python3.10/site-packages/airflow/example_dags/example_task_group_decorator.py for tasks to queue
[2024-10-11T00:47:54.630+0900] {logging_mixin.py:190} INFO - [2024-10-11T00:47:54.630+0900] {dagbag.py:588} INFO - Filling up the DagBag from /Users/alookso/1007MLpj/myenv/lib/python3.10/site-packages/airflow/example_dags/example_task_group_decorator.py
[2024-10-11T00:47:54.683+0900] {processor.py:925} INFO - DAG(s) 'example_task_group_decorator' retrieved from /Users/alookso/1007MLpj/myenv/lib/python3.10/site-packages/airflow/example_dags/example_task_group_decorator.py
[2024-10-11T00:47:54.825+0900] {logging_mixin.py:190} INFO - [2024-10-11T00:47:54.824+0900] {dag.py:3239} INFO - Sync 1 DAGs
[2024-10-11T00:47:54.838+0900] {logging_mixin.py:190} INFO - [2024-10-11T00:47:54.838+0900] {dag.py:4180} INFO - Setting next_dagrun for example_task_group_decorator to None, run_after=None
[2024-10-11T00:47:54.859+0900] {processor.py:208} INFO - Processing /Users/alookso/1007MLpj/myenv/lib/python3.10/site-packages/airflow/example_dags/example_task_group_decorator.py took 0.235 seconds
[2024-10-11T00:49:41.285+0900] {processor.py:186} INFO - Started process (PID=66296) to work on /Users/alookso/1007MLpj/myenv/lib/python3.10/site-packages/airflow/example_dags/example_task_group_decorator.py
[2024-10-11T00:49:41.286+0900] {processor.py:914} INFO - Processing file /Users/alookso/1007MLpj/myenv/lib/python3.10/site-packages/airflow/example_dags/example_task_group_decorator.py for tasks to queue
[2024-10-11T00:49:41.287+0900] {logging_mixin.py:190} INFO - [2024-10-11T00:49:41.287+0900] {dagbag.py:588} INFO - Filling up the DagBag from /Users/alookso/1007MLpj/myenv/lib/python3.10/site-packages/airflow/example_dags/example_task_group_decorator.py
[2024-10-11T00:49:41.341+0900] {processor.py:925} INFO - DAG(s) 'example_task_group_decorator' retrieved from /Users/alookso/1007MLpj/myenv/lib/python3.10/site-packages/airflow/example_dags/example_task_group_decorator.py
[2024-10-11T00:49:41.482+0900] {logging_mixin.py:190} INFO - [2024-10-11T00:49:41.482+0900] {dag.py:3239} INFO - Sync 1 DAGs
[2024-10-11T00:49:41.495+0900] {logging_mixin.py:190} INFO - [2024-10-11T00:49:41.495+0900] {dag.py:4180} INFO - Setting next_dagrun for example_task_group_decorator to None, run_after=None
[2024-10-11T00:49:41.514+0900] {processor.py:208} INFO - Processing /Users/alookso/1007MLpj/myenv/lib/python3.10/site-packages/airflow/example_dags/example_task_group_decorator.py took 0.234 seconds
[2024-10-11T00:52:44.721+0900] {processor.py:186} INFO - Started process (PID=66463) to work on /Users/alookso/1007MLpj/myenv/lib/python3.10/site-packages/airflow/example_dags/example_task_group_decorator.py
[2024-10-11T00:52:44.722+0900] {processor.py:914} INFO - Processing file /Users/alookso/1007MLpj/myenv/lib/python3.10/site-packages/airflow/example_dags/example_task_group_decorator.py for tasks to queue
[2024-10-11T00:52:44.722+0900] {logging_mixin.py:190} INFO - [2024-10-11T00:52:44.722+0900] {dagbag.py:588} INFO - Filling up the DagBag from /Users/alookso/1007MLpj/myenv/lib/python3.10/site-packages/airflow/example_dags/example_task_group_decorator.py
[2024-10-11T00:52:44.774+0900] {processor.py:925} INFO - DAG(s) 'example_task_group_decorator' retrieved from /Users/alookso/1007MLpj/myenv/lib/python3.10/site-packages/airflow/example_dags/example_task_group_decorator.py
[2024-10-11T00:52:44.913+0900] {logging_mixin.py:190} INFO - [2024-10-11T00:52:44.912+0900] {dag.py:3239} INFO - Sync 1 DAGs
[2024-10-11T00:52:44.925+0900] {logging_mixin.py:190} INFO - [2024-10-11T00:52:44.925+0900] {dag.py:4180} INFO - Setting next_dagrun for example_task_group_decorator to None, run_after=None
[2024-10-11T00:52:44.944+0900] {processor.py:208} INFO - Processing /Users/alookso/1007MLpj/myenv/lib/python3.10/site-packages/airflow/example_dags/example_task_group_decorator.py took 0.228 seconds
