[2024-10-10T15:31:56.389+0900] {processor.py:186} INFO - Started process (PID=56029) to work on /Users/alookso/1007MLpj/myenv/lib/python3.10/site-packages/airflow/example_dags/tutorial_taskflow_api_virtualenv.py
[2024-10-10T15:31:56.390+0900] {processor.py:914} INFO - Processing file /Users/alookso/1007MLpj/myenv/lib/python3.10/site-packages/airflow/example_dags/tutorial_taskflow_api_virtualenv.py for tasks to queue
[2024-10-10T15:31:56.391+0900] {logging_mixin.py:190} INFO - [2024-10-10T15:31:56.391+0900] {dagbag.py:588} INFO - Filling up the DagBag from /Users/alookso/1007MLpj/myenv/lib/python3.10/site-packages/airflow/example_dags/tutorial_taskflow_api_virtualenv.py
[2024-10-10T15:31:56.428+0900] {logging_mixin.py:190} INFO - [2024-10-10T15:31:56.428+0900] {tutorial_taskflow_api_virtualenv.py:29} WARNING - The tutorial_taskflow_api_virtualenv example DAG requires virtualenv, please install it.
[2024-10-10T15:31:56.428+0900] {processor.py:927} WARNING - No viable dags retrieved from /Users/alookso/1007MLpj/myenv/lib/python3.10/site-packages/airflow/example_dags/tutorial_taskflow_api_virtualenv.py
[2024-10-10T15:31:56.553+0900] {processor.py:208} INFO - Processing /Users/alookso/1007MLpj/myenv/lib/python3.10/site-packages/airflow/example_dags/tutorial_taskflow_api_virtualenv.py took 0.170 seconds
[2024-10-10T15:36:35.087+0900] {processor.py:186} INFO - Started process (PID=56201) to work on /Users/alookso/1007MLpj/myenv/lib/python3.10/site-packages/airflow/example_dags/tutorial_taskflow_api_virtualenv.py
[2024-10-10T15:36:35.089+0900] {processor.py:914} INFO - Processing file /Users/alookso/1007MLpj/myenv/lib/python3.10/site-packages/airflow/example_dags/tutorial_taskflow_api_virtualenv.py for tasks to queue
[2024-10-10T15:36:35.090+0900] {logging_mixin.py:190} INFO - [2024-10-10T15:36:35.090+0900] {dagbag.py:588} INFO - Filling up the DagBag from /Users/alookso/1007MLpj/myenv/lib/python3.10/site-packages/airflow/example_dags/tutorial_taskflow_api_virtualenv.py
[2024-10-10T15:36:35.126+0900] {logging_mixin.py:190} INFO - [2024-10-10T15:36:35.126+0900] {tutorial_taskflow_api_virtualenv.py:29} WARNING - The tutorial_taskflow_api_virtualenv example DAG requires virtualenv, please install it.
[2024-10-10T15:36:35.127+0900] {processor.py:927} WARNING - No viable dags retrieved from /Users/alookso/1007MLpj/myenv/lib/python3.10/site-packages/airflow/example_dags/tutorial_taskflow_api_virtualenv.py
[2024-10-10T15:36:35.246+0900] {processor.py:208} INFO - Processing /Users/alookso/1007MLpj/myenv/lib/python3.10/site-packages/airflow/example_dags/tutorial_taskflow_api_virtualenv.py took 0.164 seconds
[2024-10-10T15:41:13.852+0900] {processor.py:186} INFO - Started process (PID=56398) to work on /Users/alookso/1007MLpj/myenv/lib/python3.10/site-packages/airflow/example_dags/tutorial_taskflow_api_virtualenv.py
[2024-10-10T15:41:13.852+0900] {processor.py:914} INFO - Processing file /Users/alookso/1007MLpj/myenv/lib/python3.10/site-packages/airflow/example_dags/tutorial_taskflow_api_virtualenv.py for tasks to queue
[2024-10-10T15:41:13.853+0900] {logging_mixin.py:190} INFO - [2024-10-10T15:41:13.853+0900] {dagbag.py:588} INFO - Filling up the DagBag from /Users/alookso/1007MLpj/myenv/lib/python3.10/site-packages/airflow/example_dags/tutorial_taskflow_api_virtualenv.py
[2024-10-10T15:41:13.889+0900] {logging_mixin.py:190} INFO - [2024-10-10T15:41:13.889+0900] {tutorial_taskflow_api_virtualenv.py:29} WARNING - The tutorial_taskflow_api_virtualenv example DAG requires virtualenv, please install it.
[2024-10-10T15:41:13.890+0900] {processor.py:927} WARNING - No viable dags retrieved from /Users/alookso/1007MLpj/myenv/lib/python3.10/site-packages/airflow/example_dags/tutorial_taskflow_api_virtualenv.py
[2024-10-10T15:41:14.012+0900] {processor.py:208} INFO - Processing /Users/alookso/1007MLpj/myenv/lib/python3.10/site-packages/airflow/example_dags/tutorial_taskflow_api_virtualenv.py took 0.165 seconds
[2024-10-10T15:43:20.117+0900] {processor.py:186} INFO - Started process (PID=56487) to work on /Users/alookso/1007MLpj/myenv/lib/python3.10/site-packages/airflow/example_dags/tutorial_taskflow_api_virtualenv.py
[2024-10-10T15:43:20.119+0900] {processor.py:914} INFO - Processing file /Users/alookso/1007MLpj/myenv/lib/python3.10/site-packages/airflow/example_dags/tutorial_taskflow_api_virtualenv.py for tasks to queue
[2024-10-10T15:43:20.120+0900] {logging_mixin.py:190} INFO - [2024-10-10T15:43:20.120+0900] {dagbag.py:588} INFO - Filling up the DagBag from /Users/alookso/1007MLpj/myenv/lib/python3.10/site-packages/airflow/example_dags/tutorial_taskflow_api_virtualenv.py
[2024-10-10T15:43:20.158+0900] {logging_mixin.py:190} INFO - [2024-10-10T15:43:20.157+0900] {tutorial_taskflow_api_virtualenv.py:29} WARNING - The tutorial_taskflow_api_virtualenv example DAG requires virtualenv, please install it.
[2024-10-10T15:43:20.158+0900] {processor.py:927} WARNING - No viable dags retrieved from /Users/alookso/1007MLpj/myenv/lib/python3.10/site-packages/airflow/example_dags/tutorial_taskflow_api_virtualenv.py
[2024-10-10T15:43:20.275+0900] {processor.py:208} INFO - Processing /Users/alookso/1007MLpj/myenv/lib/python3.10/site-packages/airflow/example_dags/tutorial_taskflow_api_virtualenv.py took 0.163 seconds
[2024-10-10T15:46:29.264+0900] {processor.py:186} INFO - Started process (PID=56640) to work on /Users/alookso/1007MLpj/myenv/lib/python3.10/site-packages/airflow/example_dags/tutorial_taskflow_api_virtualenv.py
[2024-10-10T15:46:29.266+0900] {processor.py:914} INFO - Processing file /Users/alookso/1007MLpj/myenv/lib/python3.10/site-packages/airflow/example_dags/tutorial_taskflow_api_virtualenv.py for tasks to queue
[2024-10-10T15:46:29.267+0900] {logging_mixin.py:190} INFO - [2024-10-10T15:46:29.267+0900] {dagbag.py:588} INFO - Filling up the DagBag from /Users/alookso/1007MLpj/myenv/lib/python3.10/site-packages/airflow/example_dags/tutorial_taskflow_api_virtualenv.py
[2024-10-10T15:46:29.303+0900] {logging_mixin.py:190} INFO - [2024-10-10T15:46:29.303+0900] {tutorial_taskflow_api_virtualenv.py:29} WARNING - The tutorial_taskflow_api_virtualenv example DAG requires virtualenv, please install it.
[2024-10-10T15:46:29.304+0900] {processor.py:927} WARNING - No viable dags retrieved from /Users/alookso/1007MLpj/myenv/lib/python3.10/site-packages/airflow/example_dags/tutorial_taskflow_api_virtualenv.py
[2024-10-10T15:46:29.422+0900] {processor.py:208} INFO - Processing /Users/alookso/1007MLpj/myenv/lib/python3.10/site-packages/airflow/example_dags/tutorial_taskflow_api_virtualenv.py took 0.162 seconds
[2024-10-10T15:50:39.655+0900] {processor.py:186} INFO - Started process (PID=56841) to work on /Users/alookso/1007MLpj/myenv/lib/python3.10/site-packages/airflow/example_dags/tutorial_taskflow_api_virtualenv.py
[2024-10-10T15:50:39.655+0900] {processor.py:914} INFO - Processing file /Users/alookso/1007MLpj/myenv/lib/python3.10/site-packages/airflow/example_dags/tutorial_taskflow_api_virtualenv.py for tasks to queue
[2024-10-10T15:50:39.656+0900] {logging_mixin.py:190} INFO - [2024-10-10T15:50:39.656+0900] {dagbag.py:588} INFO - Filling up the DagBag from /Users/alookso/1007MLpj/myenv/lib/python3.10/site-packages/airflow/example_dags/tutorial_taskflow_api_virtualenv.py
[2024-10-10T15:50:39.694+0900] {logging_mixin.py:190} INFO - [2024-10-10T15:50:39.694+0900] {tutorial_taskflow_api_virtualenv.py:29} WARNING - The tutorial_taskflow_api_virtualenv example DAG requires virtualenv, please install it.
[2024-10-10T15:50:39.695+0900] {processor.py:927} WARNING - No viable dags retrieved from /Users/alookso/1007MLpj/myenv/lib/python3.10/site-packages/airflow/example_dags/tutorial_taskflow_api_virtualenv.py
[2024-10-10T15:50:39.817+0900] {processor.py:208} INFO - Processing /Users/alookso/1007MLpj/myenv/lib/python3.10/site-packages/airflow/example_dags/tutorial_taskflow_api_virtualenv.py took 0.168 seconds
[2024-10-10T16:17:38.492+0900] {processor.py:186} INFO - Started process (PID=57288) to work on /Users/alookso/1007MLpj/myenv/lib/python3.10/site-packages/airflow/example_dags/tutorial_taskflow_api_virtualenv.py
[2024-10-10T16:17:38.493+0900] {processor.py:914} INFO - Processing file /Users/alookso/1007MLpj/myenv/lib/python3.10/site-packages/airflow/example_dags/tutorial_taskflow_api_virtualenv.py for tasks to queue
[2024-10-10T16:17:38.494+0900] {logging_mixin.py:190} INFO - [2024-10-10T16:17:38.494+0900] {dagbag.py:588} INFO - Filling up the DagBag from /Users/alookso/1007MLpj/myenv/lib/python3.10/site-packages/airflow/example_dags/tutorial_taskflow_api_virtualenv.py
[2024-10-10T16:17:38.530+0900] {logging_mixin.py:190} INFO - [2024-10-10T16:17:38.530+0900] {tutorial_taskflow_api_virtualenv.py:29} WARNING - The tutorial_taskflow_api_virtualenv example DAG requires virtualenv, please install it.
[2024-10-10T16:17:38.531+0900] {processor.py:927} WARNING - No viable dags retrieved from /Users/alookso/1007MLpj/myenv/lib/python3.10/site-packages/airflow/example_dags/tutorial_taskflow_api_virtualenv.py
[2024-10-10T16:17:38.648+0900] {processor.py:208} INFO - Processing /Users/alookso/1007MLpj/myenv/lib/python3.10/site-packages/airflow/example_dags/tutorial_taskflow_api_virtualenv.py took 0.161 seconds
[2024-10-10T16:21:58.893+0900] {processor.py:186} INFO - Started process (PID=57456) to work on /Users/alookso/1007MLpj/myenv/lib/python3.10/site-packages/airflow/example_dags/tutorial_taskflow_api_virtualenv.py
[2024-10-10T16:21:58.894+0900] {processor.py:914} INFO - Processing file /Users/alookso/1007MLpj/myenv/lib/python3.10/site-packages/airflow/example_dags/tutorial_taskflow_api_virtualenv.py for tasks to queue
[2024-10-10T16:21:58.895+0900] {logging_mixin.py:190} INFO - [2024-10-10T16:21:58.895+0900] {dagbag.py:588} INFO - Filling up the DagBag from /Users/alookso/1007MLpj/myenv/lib/python3.10/site-packages/airflow/example_dags/tutorial_taskflow_api_virtualenv.py
[2024-10-10T16:21:58.934+0900] {logging_mixin.py:190} INFO - [2024-10-10T16:21:58.933+0900] {tutorial_taskflow_api_virtualenv.py:29} WARNING - The tutorial_taskflow_api_virtualenv example DAG requires virtualenv, please install it.
[2024-10-10T16:21:58.934+0900] {processor.py:927} WARNING - No viable dags retrieved from /Users/alookso/1007MLpj/myenv/lib/python3.10/site-packages/airflow/example_dags/tutorial_taskflow_api_virtualenv.py
[2024-10-10T16:21:59.056+0900] {processor.py:208} INFO - Processing /Users/alookso/1007MLpj/myenv/lib/python3.10/site-packages/airflow/example_dags/tutorial_taskflow_api_virtualenv.py took 0.169 seconds
[2024-10-10T16:25:33.742+0900] {processor.py:186} INFO - Started process (PID=57604) to work on /Users/alookso/1007MLpj/myenv/lib/python3.10/site-packages/airflow/example_dags/tutorial_taskflow_api_virtualenv.py
[2024-10-10T16:25:33.744+0900] {processor.py:914} INFO - Processing file /Users/alookso/1007MLpj/myenv/lib/python3.10/site-packages/airflow/example_dags/tutorial_taskflow_api_virtualenv.py for tasks to queue
[2024-10-10T16:25:33.745+0900] {logging_mixin.py:190} INFO - [2024-10-10T16:25:33.745+0900] {dagbag.py:588} INFO - Filling up the DagBag from /Users/alookso/1007MLpj/myenv/lib/python3.10/site-packages/airflow/example_dags/tutorial_taskflow_api_virtualenv.py
[2024-10-10T16:25:33.782+0900] {logging_mixin.py:190} INFO - [2024-10-10T16:25:33.782+0900] {tutorial_taskflow_api_virtualenv.py:29} WARNING - The tutorial_taskflow_api_virtualenv example DAG requires virtualenv, please install it.
[2024-10-10T16:25:33.783+0900] {processor.py:927} WARNING - No viable dags retrieved from /Users/alookso/1007MLpj/myenv/lib/python3.10/site-packages/airflow/example_dags/tutorial_taskflow_api_virtualenv.py
[2024-10-10T16:25:33.902+0900] {processor.py:208} INFO - Processing /Users/alookso/1007MLpj/myenv/lib/python3.10/site-packages/airflow/example_dags/tutorial_taskflow_api_virtualenv.py took 0.165 seconds
[2024-10-10T16:29:43.562+0900] {processor.py:186} INFO - Started process (PID=57797) to work on /Users/alookso/1007MLpj/myenv/lib/python3.10/site-packages/airflow/example_dags/tutorial_taskflow_api_virtualenv.py
[2024-10-10T16:29:43.563+0900] {processor.py:914} INFO - Processing file /Users/alookso/1007MLpj/myenv/lib/python3.10/site-packages/airflow/example_dags/tutorial_taskflow_api_virtualenv.py for tasks to queue
[2024-10-10T16:29:43.564+0900] {logging_mixin.py:190} INFO - [2024-10-10T16:29:43.563+0900] {dagbag.py:588} INFO - Filling up the DagBag from /Users/alookso/1007MLpj/myenv/lib/python3.10/site-packages/airflow/example_dags/tutorial_taskflow_api_virtualenv.py
[2024-10-10T16:29:43.606+0900] {logging_mixin.py:190} INFO - [2024-10-10T16:29:43.606+0900] {tutorial_taskflow_api_virtualenv.py:29} WARNING - The tutorial_taskflow_api_virtualenv example DAG requires virtualenv, please install it.
[2024-10-10T16:29:43.606+0900] {processor.py:927} WARNING - No viable dags retrieved from /Users/alookso/1007MLpj/myenv/lib/python3.10/site-packages/airflow/example_dags/tutorial_taskflow_api_virtualenv.py
[2024-10-10T16:29:43.727+0900] {processor.py:208} INFO - Processing /Users/alookso/1007MLpj/myenv/lib/python3.10/site-packages/airflow/example_dags/tutorial_taskflow_api_virtualenv.py took 0.171 seconds
[2024-10-10T16:32:04.988+0900] {processor.py:186} INFO - Started process (PID=57952) to work on /Users/alookso/1007MLpj/myenv/lib/python3.10/site-packages/airflow/example_dags/tutorial_taskflow_api_virtualenv.py
[2024-10-10T16:32:04.988+0900] {processor.py:914} INFO - Processing file /Users/alookso/1007MLpj/myenv/lib/python3.10/site-packages/airflow/example_dags/tutorial_taskflow_api_virtualenv.py for tasks to queue
[2024-10-10T16:32:04.989+0900] {logging_mixin.py:190} INFO - [2024-10-10T16:32:04.989+0900] {dagbag.py:588} INFO - Filling up the DagBag from /Users/alookso/1007MLpj/myenv/lib/python3.10/site-packages/airflow/example_dags/tutorial_taskflow_api_virtualenv.py
[2024-10-10T16:32:05.025+0900] {logging_mixin.py:190} INFO - [2024-10-10T16:32:05.025+0900] {tutorial_taskflow_api_virtualenv.py:29} WARNING - The tutorial_taskflow_api_virtualenv example DAG requires virtualenv, please install it.
[2024-10-10T16:32:05.026+0900] {processor.py:927} WARNING - No viable dags retrieved from /Users/alookso/1007MLpj/myenv/lib/python3.10/site-packages/airflow/example_dags/tutorial_taskflow_api_virtualenv.py
[2024-10-10T16:32:05.144+0900] {processor.py:208} INFO - Processing /Users/alookso/1007MLpj/myenv/lib/python3.10/site-packages/airflow/example_dags/tutorial_taskflow_api_virtualenv.py took 0.161 seconds
[2024-10-10T16:36:04.294+0900] {processor.py:186} INFO - Started process (PID=58050) to work on /Users/alookso/1007MLpj/myenv/lib/python3.10/site-packages/airflow/example_dags/tutorial_taskflow_api_virtualenv.py
[2024-10-10T16:36:04.295+0900] {processor.py:914} INFO - Processing file /Users/alookso/1007MLpj/myenv/lib/python3.10/site-packages/airflow/example_dags/tutorial_taskflow_api_virtualenv.py for tasks to queue
[2024-10-10T16:36:04.296+0900] {logging_mixin.py:190} INFO - [2024-10-10T16:36:04.296+0900] {dagbag.py:588} INFO - Filling up the DagBag from /Users/alookso/1007MLpj/myenv/lib/python3.10/site-packages/airflow/example_dags/tutorial_taskflow_api_virtualenv.py
[2024-10-10T16:36:04.332+0900] {logging_mixin.py:190} INFO - [2024-10-10T16:36:04.332+0900] {tutorial_taskflow_api_virtualenv.py:29} WARNING - The tutorial_taskflow_api_virtualenv example DAG requires virtualenv, please install it.
[2024-10-10T16:36:04.333+0900] {processor.py:927} WARNING - No viable dags retrieved from /Users/alookso/1007MLpj/myenv/lib/python3.10/site-packages/airflow/example_dags/tutorial_taskflow_api_virtualenv.py
[2024-10-10T16:36:04.451+0900] {processor.py:208} INFO - Processing /Users/alookso/1007MLpj/myenv/lib/python3.10/site-packages/airflow/example_dags/tutorial_taskflow_api_virtualenv.py took 0.162 seconds
[2024-10-10T16:39:35.479+0900] {processor.py:186} INFO - Started process (PID=58138) to work on /Users/alookso/1007MLpj/myenv/lib/python3.10/site-packages/airflow/example_dags/tutorial_taskflow_api_virtualenv.py
[2024-10-10T16:39:35.481+0900] {processor.py:914} INFO - Processing file /Users/alookso/1007MLpj/myenv/lib/python3.10/site-packages/airflow/example_dags/tutorial_taskflow_api_virtualenv.py for tasks to queue
[2024-10-10T16:39:35.482+0900] {logging_mixin.py:190} INFO - [2024-10-10T16:39:35.482+0900] {dagbag.py:588} INFO - Filling up the DagBag from /Users/alookso/1007MLpj/myenv/lib/python3.10/site-packages/airflow/example_dags/tutorial_taskflow_api_virtualenv.py
[2024-10-10T16:39:35.519+0900] {logging_mixin.py:190} INFO - [2024-10-10T16:39:35.519+0900] {tutorial_taskflow_api_virtualenv.py:29} WARNING - The tutorial_taskflow_api_virtualenv example DAG requires virtualenv, please install it.
[2024-10-10T16:39:35.520+0900] {processor.py:927} WARNING - No viable dags retrieved from /Users/alookso/1007MLpj/myenv/lib/python3.10/site-packages/airflow/example_dags/tutorial_taskflow_api_virtualenv.py
[2024-10-10T16:39:35.638+0900] {processor.py:208} INFO - Processing /Users/alookso/1007MLpj/myenv/lib/python3.10/site-packages/airflow/example_dags/tutorial_taskflow_api_virtualenv.py took 0.163 seconds
[2024-10-10T16:43:16.115+0900] {processor.py:186} INFO - Started process (PID=58230) to work on /Users/alookso/1007MLpj/myenv/lib/python3.10/site-packages/airflow/example_dags/tutorial_taskflow_api_virtualenv.py
[2024-10-10T16:43:16.116+0900] {processor.py:914} INFO - Processing file /Users/alookso/1007MLpj/myenv/lib/python3.10/site-packages/airflow/example_dags/tutorial_taskflow_api_virtualenv.py for tasks to queue
[2024-10-10T16:43:16.118+0900] {logging_mixin.py:190} INFO - [2024-10-10T16:43:16.117+0900] {dagbag.py:588} INFO - Filling up the DagBag from /Users/alookso/1007MLpj/myenv/lib/python3.10/site-packages/airflow/example_dags/tutorial_taskflow_api_virtualenv.py
[2024-10-10T16:43:16.154+0900] {logging_mixin.py:190} INFO - [2024-10-10T16:43:16.154+0900] {tutorial_taskflow_api_virtualenv.py:29} WARNING - The tutorial_taskflow_api_virtualenv example DAG requires virtualenv, please install it.
[2024-10-10T16:43:16.155+0900] {processor.py:927} WARNING - No viable dags retrieved from /Users/alookso/1007MLpj/myenv/lib/python3.10/site-packages/airflow/example_dags/tutorial_taskflow_api_virtualenv.py
[2024-10-10T16:43:16.274+0900] {processor.py:208} INFO - Processing /Users/alookso/1007MLpj/myenv/lib/python3.10/site-packages/airflow/example_dags/tutorial_taskflow_api_virtualenv.py took 0.165 seconds
[2024-10-10T16:47:08.875+0900] {processor.py:186} INFO - Started process (PID=58406) to work on /Users/alookso/1007MLpj/myenv/lib/python3.10/site-packages/airflow/example_dags/tutorial_taskflow_api_virtualenv.py
[2024-10-10T16:47:08.877+0900] {processor.py:914} INFO - Processing file /Users/alookso/1007MLpj/myenv/lib/python3.10/site-packages/airflow/example_dags/tutorial_taskflow_api_virtualenv.py for tasks to queue
[2024-10-10T16:47:08.878+0900] {logging_mixin.py:190} INFO - [2024-10-10T16:47:08.878+0900] {dagbag.py:588} INFO - Filling up the DagBag from /Users/alookso/1007MLpj/myenv/lib/python3.10/site-packages/airflow/example_dags/tutorial_taskflow_api_virtualenv.py
[2024-10-10T16:47:08.915+0900] {logging_mixin.py:190} INFO - [2024-10-10T16:47:08.915+0900] {tutorial_taskflow_api_virtualenv.py:29} WARNING - The tutorial_taskflow_api_virtualenv example DAG requires virtualenv, please install it.
[2024-10-10T16:47:08.915+0900] {processor.py:927} WARNING - No viable dags retrieved from /Users/alookso/1007MLpj/myenv/lib/python3.10/site-packages/airflow/example_dags/tutorial_taskflow_api_virtualenv.py
[2024-10-10T16:47:09.036+0900] {processor.py:208} INFO - Processing /Users/alookso/1007MLpj/myenv/lib/python3.10/site-packages/airflow/example_dags/tutorial_taskflow_api_virtualenv.py took 0.166 seconds
[2024-10-10T16:49:45.202+0900] {processor.py:186} INFO - Started process (PID=58574) to work on /Users/alookso/1007MLpj/myenv/lib/python3.10/site-packages/airflow/example_dags/tutorial_taskflow_api_virtualenv.py
[2024-10-10T16:49:45.204+0900] {processor.py:914} INFO - Processing file /Users/alookso/1007MLpj/myenv/lib/python3.10/site-packages/airflow/example_dags/tutorial_taskflow_api_virtualenv.py for tasks to queue
[2024-10-10T16:49:45.205+0900] {logging_mixin.py:190} INFO - [2024-10-10T16:49:45.205+0900] {dagbag.py:588} INFO - Filling up the DagBag from /Users/alookso/1007MLpj/myenv/lib/python3.10/site-packages/airflow/example_dags/tutorial_taskflow_api_virtualenv.py
[2024-10-10T16:49:45.245+0900] {logging_mixin.py:190} INFO - [2024-10-10T16:49:45.245+0900] {tutorial_taskflow_api_virtualenv.py:29} WARNING - The tutorial_taskflow_api_virtualenv example DAG requires virtualenv, please install it.
[2024-10-10T16:49:45.246+0900] {processor.py:927} WARNING - No viable dags retrieved from /Users/alookso/1007MLpj/myenv/lib/python3.10/site-packages/airflow/example_dags/tutorial_taskflow_api_virtualenv.py
[2024-10-10T16:49:45.373+0900] {processor.py:208} INFO - Processing /Users/alookso/1007MLpj/myenv/lib/python3.10/site-packages/airflow/example_dags/tutorial_taskflow_api_virtualenv.py took 0.178 seconds
[2024-10-10T16:52:56.628+0900] {processor.py:186} INFO - Started process (PID=58734) to work on /Users/alookso/1007MLpj/myenv/lib/python3.10/site-packages/airflow/example_dags/tutorial_taskflow_api_virtualenv.py
[2024-10-10T16:52:56.629+0900] {processor.py:914} INFO - Processing file /Users/alookso/1007MLpj/myenv/lib/python3.10/site-packages/airflow/example_dags/tutorial_taskflow_api_virtualenv.py for tasks to queue
[2024-10-10T16:52:56.630+0900] {logging_mixin.py:190} INFO - [2024-10-10T16:52:56.630+0900] {dagbag.py:588} INFO - Filling up the DagBag from /Users/alookso/1007MLpj/myenv/lib/python3.10/site-packages/airflow/example_dags/tutorial_taskflow_api_virtualenv.py
[2024-10-10T16:52:56.667+0900] {logging_mixin.py:190} INFO - [2024-10-10T16:52:56.667+0900] {tutorial_taskflow_api_virtualenv.py:29} WARNING - The tutorial_taskflow_api_virtualenv example DAG requires virtualenv, please install it.
[2024-10-10T16:52:56.667+0900] {processor.py:927} WARNING - No viable dags retrieved from /Users/alookso/1007MLpj/myenv/lib/python3.10/site-packages/airflow/example_dags/tutorial_taskflow_api_virtualenv.py
[2024-10-10T16:52:56.790+0900] {processor.py:208} INFO - Processing /Users/alookso/1007MLpj/myenv/lib/python3.10/site-packages/airflow/example_dags/tutorial_taskflow_api_virtualenv.py took 0.168 seconds
[2024-10-10T23:47:40.497+0900] {processor.py:186} INFO - Started process (PID=63404) to work on /Users/alookso/1007MLpj/myenv/lib/python3.10/site-packages/airflow/example_dags/tutorial_taskflow_api_virtualenv.py
[2024-10-10T23:47:40.499+0900] {processor.py:914} INFO - Processing file /Users/alookso/1007MLpj/myenv/lib/python3.10/site-packages/airflow/example_dags/tutorial_taskflow_api_virtualenv.py for tasks to queue
[2024-10-10T23:47:40.500+0900] {logging_mixin.py:190} INFO - [2024-10-10T23:47:40.499+0900] {dagbag.py:588} INFO - Filling up the DagBag from /Users/alookso/1007MLpj/myenv/lib/python3.10/site-packages/airflow/example_dags/tutorial_taskflow_api_virtualenv.py
[2024-10-10T23:47:40.538+0900] {logging_mixin.py:190} INFO - [2024-10-10T23:47:40.538+0900] {tutorial_taskflow_api_virtualenv.py:29} WARNING - The tutorial_taskflow_api_virtualenv example DAG requires virtualenv, please install it.
[2024-10-10T23:47:40.538+0900] {processor.py:927} WARNING - No viable dags retrieved from /Users/alookso/1007MLpj/myenv/lib/python3.10/site-packages/airflow/example_dags/tutorial_taskflow_api_virtualenv.py
[2024-10-10T23:47:40.657+0900] {processor.py:208} INFO - Processing /Users/alookso/1007MLpj/myenv/lib/python3.10/site-packages/airflow/example_dags/tutorial_taskflow_api_virtualenv.py took 0.164 seconds
[2024-10-10T23:50:58.986+0900] {processor.py:186} INFO - Started process (PID=63579) to work on /Users/alookso/1007MLpj/myenv/lib/python3.10/site-packages/airflow/example_dags/tutorial_taskflow_api_virtualenv.py
[2024-10-10T23:50:58.987+0900] {processor.py:914} INFO - Processing file /Users/alookso/1007MLpj/myenv/lib/python3.10/site-packages/airflow/example_dags/tutorial_taskflow_api_virtualenv.py for tasks to queue
[2024-10-10T23:50:58.988+0900] {logging_mixin.py:190} INFO - [2024-10-10T23:50:58.988+0900] {dagbag.py:588} INFO - Filling up the DagBag from /Users/alookso/1007MLpj/myenv/lib/python3.10/site-packages/airflow/example_dags/tutorial_taskflow_api_virtualenv.py
[2024-10-10T23:50:59.024+0900] {logging_mixin.py:190} INFO - [2024-10-10T23:50:59.024+0900] {tutorial_taskflow_api_virtualenv.py:29} WARNING - The tutorial_taskflow_api_virtualenv example DAG requires virtualenv, please install it.
[2024-10-10T23:50:59.025+0900] {processor.py:927} WARNING - No viable dags retrieved from /Users/alookso/1007MLpj/myenv/lib/python3.10/site-packages/airflow/example_dags/tutorial_taskflow_api_virtualenv.py
[2024-10-10T23:50:59.141+0900] {processor.py:208} INFO - Processing /Users/alookso/1007MLpj/myenv/lib/python3.10/site-packages/airflow/example_dags/tutorial_taskflow_api_virtualenv.py took 0.159 seconds
[2024-10-10T23:53:56.409+0900] {processor.py:186} INFO - Started process (PID=63747) to work on /Users/alookso/1007MLpj/myenv/lib/python3.10/site-packages/airflow/example_dags/tutorial_taskflow_api_virtualenv.py
[2024-10-10T23:53:56.410+0900] {processor.py:914} INFO - Processing file /Users/alookso/1007MLpj/myenv/lib/python3.10/site-packages/airflow/example_dags/tutorial_taskflow_api_virtualenv.py for tasks to queue
[2024-10-10T23:53:56.411+0900] {logging_mixin.py:190} INFO - [2024-10-10T23:53:56.411+0900] {dagbag.py:588} INFO - Filling up the DagBag from /Users/alookso/1007MLpj/myenv/lib/python3.10/site-packages/airflow/example_dags/tutorial_taskflow_api_virtualenv.py
[2024-10-10T23:53:56.456+0900] {logging_mixin.py:190} INFO - [2024-10-10T23:53:56.456+0900] {tutorial_taskflow_api_virtualenv.py:29} WARNING - The tutorial_taskflow_api_virtualenv example DAG requires virtualenv, please install it.
[2024-10-10T23:53:56.456+0900] {processor.py:927} WARNING - No viable dags retrieved from /Users/alookso/1007MLpj/myenv/lib/python3.10/site-packages/airflow/example_dags/tutorial_taskflow_api_virtualenv.py
[2024-10-10T23:53:56.592+0900] {processor.py:208} INFO - Processing /Users/alookso/1007MLpj/myenv/lib/python3.10/site-packages/airflow/example_dags/tutorial_taskflow_api_virtualenv.py took 0.189 seconds
[2024-10-10T23:56:05.641+0900] {processor.py:186} INFO - Started process (PID=63847) to work on /Users/alookso/1007MLpj/myenv/lib/python3.10/site-packages/airflow/example_dags/tutorial_taskflow_api_virtualenv.py
[2024-10-10T23:56:05.642+0900] {processor.py:914} INFO - Processing file /Users/alookso/1007MLpj/myenv/lib/python3.10/site-packages/airflow/example_dags/tutorial_taskflow_api_virtualenv.py for tasks to queue
[2024-10-10T23:56:05.643+0900] {logging_mixin.py:190} INFO - [2024-10-10T23:56:05.643+0900] {dagbag.py:588} INFO - Filling up the DagBag from /Users/alookso/1007MLpj/myenv/lib/python3.10/site-packages/airflow/example_dags/tutorial_taskflow_api_virtualenv.py
[2024-10-10T23:56:05.680+0900] {logging_mixin.py:190} INFO - [2024-10-10T23:56:05.679+0900] {tutorial_taskflow_api_virtualenv.py:29} WARNING - The tutorial_taskflow_api_virtualenv example DAG requires virtualenv, please install it.
[2024-10-10T23:56:05.680+0900] {processor.py:927} WARNING - No viable dags retrieved from /Users/alookso/1007MLpj/myenv/lib/python3.10/site-packages/airflow/example_dags/tutorial_taskflow_api_virtualenv.py
[2024-10-10T23:56:05.802+0900] {processor.py:208} INFO - Processing /Users/alookso/1007MLpj/myenv/lib/python3.10/site-packages/airflow/example_dags/tutorial_taskflow_api_virtualenv.py took 0.166 seconds
[2024-10-11T00:00:57.746+0900] {processor.py:186} INFO - Started process (PID=64050) to work on /Users/alookso/1007MLpj/myenv/lib/python3.10/site-packages/airflow/example_dags/tutorial_taskflow_api_virtualenv.py
[2024-10-11T00:00:57.746+0900] {processor.py:914} INFO - Processing file /Users/alookso/1007MLpj/myenv/lib/python3.10/site-packages/airflow/example_dags/tutorial_taskflow_api_virtualenv.py for tasks to queue
[2024-10-11T00:00:57.747+0900] {logging_mixin.py:190} INFO - [2024-10-11T00:00:57.747+0900] {dagbag.py:588} INFO - Filling up the DagBag from /Users/alookso/1007MLpj/myenv/lib/python3.10/site-packages/airflow/example_dags/tutorial_taskflow_api_virtualenv.py
[2024-10-11T00:00:57.786+0900] {logging_mixin.py:190} INFO - [2024-10-11T00:00:57.785+0900] {tutorial_taskflow_api_virtualenv.py:29} WARNING - The tutorial_taskflow_api_virtualenv example DAG requires virtualenv, please install it.
[2024-10-11T00:00:57.786+0900] {processor.py:927} WARNING - No viable dags retrieved from /Users/alookso/1007MLpj/myenv/lib/python3.10/site-packages/airflow/example_dags/tutorial_taskflow_api_virtualenv.py
[2024-10-11T00:00:57.905+0900] {processor.py:208} INFO - Processing /Users/alookso/1007MLpj/myenv/lib/python3.10/site-packages/airflow/example_dags/tutorial_taskflow_api_virtualenv.py took 0.164 seconds
[2024-10-11T00:04:11.783+0900] {processor.py:186} INFO - Started process (PID=64225) to work on /Users/alookso/1007MLpj/myenv/lib/python3.10/site-packages/airflow/example_dags/tutorial_taskflow_api_virtualenv.py
[2024-10-11T00:04:11.784+0900] {processor.py:914} INFO - Processing file /Users/alookso/1007MLpj/myenv/lib/python3.10/site-packages/airflow/example_dags/tutorial_taskflow_api_virtualenv.py for tasks to queue
[2024-10-11T00:04:11.784+0900] {logging_mixin.py:190} INFO - [2024-10-11T00:04:11.784+0900] {dagbag.py:588} INFO - Filling up the DagBag from /Users/alookso/1007MLpj/myenv/lib/python3.10/site-packages/airflow/example_dags/tutorial_taskflow_api_virtualenv.py
[2024-10-11T00:04:11.820+0900] {logging_mixin.py:190} INFO - [2024-10-11T00:04:11.820+0900] {tutorial_taskflow_api_virtualenv.py:29} WARNING - The tutorial_taskflow_api_virtualenv example DAG requires virtualenv, please install it.
[2024-10-11T00:04:11.821+0900] {processor.py:927} WARNING - No viable dags retrieved from /Users/alookso/1007MLpj/myenv/lib/python3.10/site-packages/airflow/example_dags/tutorial_taskflow_api_virtualenv.py
[2024-10-11T00:04:11.942+0900] {processor.py:208} INFO - Processing /Users/alookso/1007MLpj/myenv/lib/python3.10/site-packages/airflow/example_dags/tutorial_taskflow_api_virtualenv.py took 0.164 seconds
[2024-10-11T00:08:08.127+0900] {processor.py:186} INFO - Started process (PID=64464) to work on /Users/alookso/1007MLpj/myenv/lib/python3.10/site-packages/airflow/example_dags/tutorial_taskflow_api_virtualenv.py
[2024-10-11T00:08:08.128+0900] {processor.py:914} INFO - Processing file /Users/alookso/1007MLpj/myenv/lib/python3.10/site-packages/airflow/example_dags/tutorial_taskflow_api_virtualenv.py for tasks to queue
[2024-10-11T00:08:08.129+0900] {logging_mixin.py:190} INFO - [2024-10-11T00:08:08.129+0900] {dagbag.py:588} INFO - Filling up the DagBag from /Users/alookso/1007MLpj/myenv/lib/python3.10/site-packages/airflow/example_dags/tutorial_taskflow_api_virtualenv.py
[2024-10-11T00:08:08.165+0900] {logging_mixin.py:190} INFO - [2024-10-11T00:08:08.164+0900] {tutorial_taskflow_api_virtualenv.py:29} WARNING - The tutorial_taskflow_api_virtualenv example DAG requires virtualenv, please install it.
[2024-10-11T00:08:08.165+0900] {processor.py:927} WARNING - No viable dags retrieved from /Users/alookso/1007MLpj/myenv/lib/python3.10/site-packages/airflow/example_dags/tutorial_taskflow_api_virtualenv.py
[2024-10-11T00:08:08.283+0900] {processor.py:208} INFO - Processing /Users/alookso/1007MLpj/myenv/lib/python3.10/site-packages/airflow/example_dags/tutorial_taskflow_api_virtualenv.py took 0.160 seconds
[2024-10-11T00:11:12.583+0900] {processor.py:186} INFO - Started process (PID=64575) to work on /Users/alookso/1007MLpj/myenv/lib/python3.10/site-packages/airflow/example_dags/tutorial_taskflow_api_virtualenv.py
[2024-10-11T00:11:12.584+0900] {processor.py:914} INFO - Processing file /Users/alookso/1007MLpj/myenv/lib/python3.10/site-packages/airflow/example_dags/tutorial_taskflow_api_virtualenv.py for tasks to queue
[2024-10-11T00:11:12.585+0900] {logging_mixin.py:190} INFO - [2024-10-11T00:11:12.585+0900] {dagbag.py:588} INFO - Filling up the DagBag from /Users/alookso/1007MLpj/myenv/lib/python3.10/site-packages/airflow/example_dags/tutorial_taskflow_api_virtualenv.py
[2024-10-11T00:11:12.622+0900] {logging_mixin.py:190} INFO - [2024-10-11T00:11:12.622+0900] {tutorial_taskflow_api_virtualenv.py:29} WARNING - The tutorial_taskflow_api_virtualenv example DAG requires virtualenv, please install it.
[2024-10-11T00:11:12.622+0900] {processor.py:927} WARNING - No viable dags retrieved from /Users/alookso/1007MLpj/myenv/lib/python3.10/site-packages/airflow/example_dags/tutorial_taskflow_api_virtualenv.py
[2024-10-11T00:11:12.746+0900] {processor.py:208} INFO - Processing /Users/alookso/1007MLpj/myenv/lib/python3.10/site-packages/airflow/example_dags/tutorial_taskflow_api_virtualenv.py took 0.167 seconds
[2024-10-11T00:13:44.493+0900] {processor.py:186} INFO - Started process (PID=64722) to work on /Users/alookso/1007MLpj/myenv/lib/python3.10/site-packages/airflow/example_dags/tutorial_taskflow_api_virtualenv.py
[2024-10-11T00:13:44.494+0900] {processor.py:914} INFO - Processing file /Users/alookso/1007MLpj/myenv/lib/python3.10/site-packages/airflow/example_dags/tutorial_taskflow_api_virtualenv.py for tasks to queue
[2024-10-11T00:13:44.495+0900] {logging_mixin.py:190} INFO - [2024-10-11T00:13:44.495+0900] {dagbag.py:588} INFO - Filling up the DagBag from /Users/alookso/1007MLpj/myenv/lib/python3.10/site-packages/airflow/example_dags/tutorial_taskflow_api_virtualenv.py
[2024-10-11T00:13:44.531+0900] {logging_mixin.py:190} INFO - [2024-10-11T00:13:44.531+0900] {tutorial_taskflow_api_virtualenv.py:29} WARNING - The tutorial_taskflow_api_virtualenv example DAG requires virtualenv, please install it.
[2024-10-11T00:13:44.531+0900] {processor.py:927} WARNING - No viable dags retrieved from /Users/alookso/1007MLpj/myenv/lib/python3.10/site-packages/airflow/example_dags/tutorial_taskflow_api_virtualenv.py
[2024-10-11T00:13:44.651+0900] {processor.py:208} INFO - Processing /Users/alookso/1007MLpj/myenv/lib/python3.10/site-packages/airflow/example_dags/tutorial_taskflow_api_virtualenv.py took 0.162 seconds
[2024-10-11T00:16:21.668+0900] {processor.py:186} INFO - Started process (PID=64799) to work on /Users/alookso/1007MLpj/myenv/lib/python3.10/site-packages/airflow/example_dags/tutorial_taskflow_api_virtualenv.py
[2024-10-11T00:16:21.669+0900] {processor.py:914} INFO - Processing file /Users/alookso/1007MLpj/myenv/lib/python3.10/site-packages/airflow/example_dags/tutorial_taskflow_api_virtualenv.py for tasks to queue
[2024-10-11T00:16:21.670+0900] {logging_mixin.py:190} INFO - [2024-10-11T00:16:21.669+0900] {dagbag.py:588} INFO - Filling up the DagBag from /Users/alookso/1007MLpj/myenv/lib/python3.10/site-packages/airflow/example_dags/tutorial_taskflow_api_virtualenv.py
[2024-10-11T00:16:21.705+0900] {logging_mixin.py:190} INFO - [2024-10-11T00:16:21.705+0900] {tutorial_taskflow_api_virtualenv.py:29} WARNING - The tutorial_taskflow_api_virtualenv example DAG requires virtualenv, please install it.
[2024-10-11T00:16:21.706+0900] {processor.py:927} WARNING - No viable dags retrieved from /Users/alookso/1007MLpj/myenv/lib/python3.10/site-packages/airflow/example_dags/tutorial_taskflow_api_virtualenv.py
[2024-10-11T00:16:21.821+0900] {processor.py:208} INFO - Processing /Users/alookso/1007MLpj/myenv/lib/python3.10/site-packages/airflow/example_dags/tutorial_taskflow_api_virtualenv.py took 0.157 seconds
[2024-10-11T00:18:55.620+0900] {processor.py:186} INFO - Started process (PID=64877) to work on /Users/alookso/1007MLpj/myenv/lib/python3.10/site-packages/airflow/example_dags/tutorial_taskflow_api_virtualenv.py
[2024-10-11T00:18:55.620+0900] {processor.py:914} INFO - Processing file /Users/alookso/1007MLpj/myenv/lib/python3.10/site-packages/airflow/example_dags/tutorial_taskflow_api_virtualenv.py for tasks to queue
[2024-10-11T00:18:55.621+0900] {logging_mixin.py:190} INFO - [2024-10-11T00:18:55.621+0900] {dagbag.py:588} INFO - Filling up the DagBag from /Users/alookso/1007MLpj/myenv/lib/python3.10/site-packages/airflow/example_dags/tutorial_taskflow_api_virtualenv.py
[2024-10-11T00:18:55.658+0900] {logging_mixin.py:190} INFO - [2024-10-11T00:18:55.657+0900] {tutorial_taskflow_api_virtualenv.py:29} WARNING - The tutorial_taskflow_api_virtualenv example DAG requires virtualenv, please install it.
[2024-10-11T00:18:55.658+0900] {processor.py:927} WARNING - No viable dags retrieved from /Users/alookso/1007MLpj/myenv/lib/python3.10/site-packages/airflow/example_dags/tutorial_taskflow_api_virtualenv.py
[2024-10-11T00:18:55.774+0900] {processor.py:208} INFO - Processing /Users/alookso/1007MLpj/myenv/lib/python3.10/site-packages/airflow/example_dags/tutorial_taskflow_api_virtualenv.py took 0.159 seconds
[2024-10-11T00:21:31.363+0900] {processor.py:186} INFO - Started process (PID=64989) to work on /Users/alookso/1007MLpj/myenv/lib/python3.10/site-packages/airflow/example_dags/tutorial_taskflow_api_virtualenv.py
[2024-10-11T00:21:31.364+0900] {processor.py:914} INFO - Processing file /Users/alookso/1007MLpj/myenv/lib/python3.10/site-packages/airflow/example_dags/tutorial_taskflow_api_virtualenv.py for tasks to queue
[2024-10-11T00:21:31.365+0900] {logging_mixin.py:190} INFO - [2024-10-11T00:21:31.365+0900] {dagbag.py:588} INFO - Filling up the DagBag from /Users/alookso/1007MLpj/myenv/lib/python3.10/site-packages/airflow/example_dags/tutorial_taskflow_api_virtualenv.py
[2024-10-11T00:21:31.402+0900] {logging_mixin.py:190} INFO - [2024-10-11T00:21:31.402+0900] {tutorial_taskflow_api_virtualenv.py:29} WARNING - The tutorial_taskflow_api_virtualenv example DAG requires virtualenv, please install it.
[2024-10-11T00:21:31.403+0900] {processor.py:927} WARNING - No viable dags retrieved from /Users/alookso/1007MLpj/myenv/lib/python3.10/site-packages/airflow/example_dags/tutorial_taskflow_api_virtualenv.py
[2024-10-11T00:21:31.526+0900] {processor.py:208} INFO - Processing /Users/alookso/1007MLpj/myenv/lib/python3.10/site-packages/airflow/example_dags/tutorial_taskflow_api_virtualenv.py took 0.168 seconds
[2024-10-11T00:24:04.398+0900] {processor.py:186} INFO - Started process (PID=65065) to work on /Users/alookso/1007MLpj/myenv/lib/python3.10/site-packages/airflow/example_dags/tutorial_taskflow_api_virtualenv.py
[2024-10-11T00:24:04.398+0900] {processor.py:914} INFO - Processing file /Users/alookso/1007MLpj/myenv/lib/python3.10/site-packages/airflow/example_dags/tutorial_taskflow_api_virtualenv.py for tasks to queue
[2024-10-11T00:24:04.399+0900] {logging_mixin.py:190} INFO - [2024-10-11T00:24:04.399+0900] {dagbag.py:588} INFO - Filling up the DagBag from /Users/alookso/1007MLpj/myenv/lib/python3.10/site-packages/airflow/example_dags/tutorial_taskflow_api_virtualenv.py
[2024-10-11T00:24:04.442+0900] {logging_mixin.py:190} INFO - [2024-10-11T00:24:04.441+0900] {tutorial_taskflow_api_virtualenv.py:29} WARNING - The tutorial_taskflow_api_virtualenv example DAG requires virtualenv, please install it.
[2024-10-11T00:24:04.442+0900] {processor.py:927} WARNING - No viable dags retrieved from /Users/alookso/1007MLpj/myenv/lib/python3.10/site-packages/airflow/example_dags/tutorial_taskflow_api_virtualenv.py
[2024-10-11T00:24:04.577+0900] {processor.py:208} INFO - Processing /Users/alookso/1007MLpj/myenv/lib/python3.10/site-packages/airflow/example_dags/tutorial_taskflow_api_virtualenv.py took 0.184 seconds
[2024-10-11T00:26:38.806+0900] {processor.py:186} INFO - Started process (PID=65158) to work on /Users/alookso/1007MLpj/myenv/lib/python3.10/site-packages/airflow/example_dags/tutorial_taskflow_api_virtualenv.py
[2024-10-11T00:26:38.806+0900] {processor.py:914} INFO - Processing file /Users/alookso/1007MLpj/myenv/lib/python3.10/site-packages/airflow/example_dags/tutorial_taskflow_api_virtualenv.py for tasks to queue
[2024-10-11T00:26:38.807+0900] {logging_mixin.py:190} INFO - [2024-10-11T00:26:38.807+0900] {dagbag.py:588} INFO - Filling up the DagBag from /Users/alookso/1007MLpj/myenv/lib/python3.10/site-packages/airflow/example_dags/tutorial_taskflow_api_virtualenv.py
[2024-10-11T00:26:38.845+0900] {logging_mixin.py:190} INFO - [2024-10-11T00:26:38.845+0900] {tutorial_taskflow_api_virtualenv.py:29} WARNING - The tutorial_taskflow_api_virtualenv example DAG requires virtualenv, please install it.
[2024-10-11T00:26:38.845+0900] {processor.py:927} WARNING - No viable dags retrieved from /Users/alookso/1007MLpj/myenv/lib/python3.10/site-packages/airflow/example_dags/tutorial_taskflow_api_virtualenv.py
[2024-10-11T00:26:38.963+0900] {processor.py:208} INFO - Processing /Users/alookso/1007MLpj/myenv/lib/python3.10/site-packages/airflow/example_dags/tutorial_taskflow_api_virtualenv.py took 0.162 seconds
[2024-10-11T00:30:18.877+0900] {processor.py:186} INFO - Started process (PID=65368) to work on /Users/alookso/1007MLpj/myenv/lib/python3.10/site-packages/airflow/example_dags/tutorial_taskflow_api_virtualenv.py
[2024-10-11T00:30:18.878+0900] {processor.py:914} INFO - Processing file /Users/alookso/1007MLpj/myenv/lib/python3.10/site-packages/airflow/example_dags/tutorial_taskflow_api_virtualenv.py for tasks to queue
[2024-10-11T00:30:18.879+0900] {logging_mixin.py:190} INFO - [2024-10-11T00:30:18.879+0900] {dagbag.py:588} INFO - Filling up the DagBag from /Users/alookso/1007MLpj/myenv/lib/python3.10/site-packages/airflow/example_dags/tutorial_taskflow_api_virtualenv.py
[2024-10-11T00:30:18.917+0900] {logging_mixin.py:190} INFO - [2024-10-11T00:30:18.917+0900] {tutorial_taskflow_api_virtualenv.py:29} WARNING - The tutorial_taskflow_api_virtualenv example DAG requires virtualenv, please install it.
[2024-10-11T00:30:18.917+0900] {processor.py:927} WARNING - No viable dags retrieved from /Users/alookso/1007MLpj/myenv/lib/python3.10/site-packages/airflow/example_dags/tutorial_taskflow_api_virtualenv.py
[2024-10-11T00:30:19.039+0900] {processor.py:208} INFO - Processing /Users/alookso/1007MLpj/myenv/lib/python3.10/site-packages/airflow/example_dags/tutorial_taskflow_api_virtualenv.py took 0.167 seconds
[2024-10-11T00:33:53.525+0900] {processor.py:186} INFO - Started process (PID=65517) to work on /Users/alookso/1007MLpj/myenv/lib/python3.10/site-packages/airflow/example_dags/tutorial_taskflow_api_virtualenv.py
[2024-10-11T00:33:53.525+0900] {processor.py:914} INFO - Processing file /Users/alookso/1007MLpj/myenv/lib/python3.10/site-packages/airflow/example_dags/tutorial_taskflow_api_virtualenv.py for tasks to queue
[2024-10-11T00:33:53.526+0900] {logging_mixin.py:190} INFO - [2024-10-11T00:33:53.526+0900] {dagbag.py:588} INFO - Filling up the DagBag from /Users/alookso/1007MLpj/myenv/lib/python3.10/site-packages/airflow/example_dags/tutorial_taskflow_api_virtualenv.py
[2024-10-11T00:33:53.562+0900] {logging_mixin.py:190} INFO - [2024-10-11T00:33:53.562+0900] {tutorial_taskflow_api_virtualenv.py:29} WARNING - The tutorial_taskflow_api_virtualenv example DAG requires virtualenv, please install it.
[2024-10-11T00:33:53.562+0900] {processor.py:927} WARNING - No viable dags retrieved from /Users/alookso/1007MLpj/myenv/lib/python3.10/site-packages/airflow/example_dags/tutorial_taskflow_api_virtualenv.py
[2024-10-11T00:33:53.680+0900] {processor.py:208} INFO - Processing /Users/alookso/1007MLpj/myenv/lib/python3.10/site-packages/airflow/example_dags/tutorial_taskflow_api_virtualenv.py took 0.160 seconds
[2024-10-11T00:37:37.308+0900] {processor.py:186} INFO - Started process (PID=65702) to work on /Users/alookso/1007MLpj/myenv/lib/python3.10/site-packages/airflow/example_dags/tutorial_taskflow_api_virtualenv.py
[2024-10-11T00:37:37.309+0900] {processor.py:914} INFO - Processing file /Users/alookso/1007MLpj/myenv/lib/python3.10/site-packages/airflow/example_dags/tutorial_taskflow_api_virtualenv.py for tasks to queue
[2024-10-11T00:37:37.311+0900] {logging_mixin.py:190} INFO - [2024-10-11T00:37:37.310+0900] {dagbag.py:588} INFO - Filling up the DagBag from /Users/alookso/1007MLpj/myenv/lib/python3.10/site-packages/airflow/example_dags/tutorial_taskflow_api_virtualenv.py
[2024-10-11T00:37:37.350+0900] {logging_mixin.py:190} INFO - [2024-10-11T00:37:37.350+0900] {tutorial_taskflow_api_virtualenv.py:29} WARNING - The tutorial_taskflow_api_virtualenv example DAG requires virtualenv, please install it.
[2024-10-11T00:37:37.350+0900] {processor.py:927} WARNING - No viable dags retrieved from /Users/alookso/1007MLpj/myenv/lib/python3.10/site-packages/airflow/example_dags/tutorial_taskflow_api_virtualenv.py
[2024-10-11T00:37:37.470+0900] {processor.py:208} INFO - Processing /Users/alookso/1007MLpj/myenv/lib/python3.10/site-packages/airflow/example_dags/tutorial_taskflow_api_virtualenv.py took 0.169 seconds
[2024-10-11T00:41:21.379+0900] {processor.py:186} INFO - Started process (PID=65896) to work on /Users/alookso/1007MLpj/myenv/lib/python3.10/site-packages/airflow/example_dags/tutorial_taskflow_api_virtualenv.py
[2024-10-11T00:41:21.380+0900] {processor.py:914} INFO - Processing file /Users/alookso/1007MLpj/myenv/lib/python3.10/site-packages/airflow/example_dags/tutorial_taskflow_api_virtualenv.py for tasks to queue
[2024-10-11T00:41:21.381+0900] {logging_mixin.py:190} INFO - [2024-10-11T00:41:21.381+0900] {dagbag.py:588} INFO - Filling up the DagBag from /Users/alookso/1007MLpj/myenv/lib/python3.10/site-packages/airflow/example_dags/tutorial_taskflow_api_virtualenv.py
[2024-10-11T00:41:21.417+0900] {logging_mixin.py:190} INFO - [2024-10-11T00:41:21.417+0900] {tutorial_taskflow_api_virtualenv.py:29} WARNING - The tutorial_taskflow_api_virtualenv example DAG requires virtualenv, please install it.
[2024-10-11T00:41:21.417+0900] {processor.py:927} WARNING - No viable dags retrieved from /Users/alookso/1007MLpj/myenv/lib/python3.10/site-packages/airflow/example_dags/tutorial_taskflow_api_virtualenv.py
[2024-10-11T00:41:21.542+0900] {processor.py:208} INFO - Processing /Users/alookso/1007MLpj/myenv/lib/python3.10/site-packages/airflow/example_dags/tutorial_taskflow_api_virtualenv.py took 0.167 seconds
[2024-10-11T00:44:43.979+0900] {processor.py:186} INFO - Started process (PID=66048) to work on /Users/alookso/1007MLpj/myenv/lib/python3.10/site-packages/airflow/example_dags/tutorial_taskflow_api_virtualenv.py
[2024-10-11T00:44:43.980+0900] {processor.py:914} INFO - Processing file /Users/alookso/1007MLpj/myenv/lib/python3.10/site-packages/airflow/example_dags/tutorial_taskflow_api_virtualenv.py for tasks to queue
[2024-10-11T00:44:43.980+0900] {logging_mixin.py:190} INFO - [2024-10-11T00:44:43.980+0900] {dagbag.py:588} INFO - Filling up the DagBag from /Users/alookso/1007MLpj/myenv/lib/python3.10/site-packages/airflow/example_dags/tutorial_taskflow_api_virtualenv.py
[2024-10-11T00:44:44.019+0900] {logging_mixin.py:190} INFO - [2024-10-11T00:44:44.019+0900] {tutorial_taskflow_api_virtualenv.py:29} WARNING - The tutorial_taskflow_api_virtualenv example DAG requires virtualenv, please install it.
[2024-10-11T00:44:44.019+0900] {processor.py:927} WARNING - No viable dags retrieved from /Users/alookso/1007MLpj/myenv/lib/python3.10/site-packages/airflow/example_dags/tutorial_taskflow_api_virtualenv.py
[2024-10-11T00:44:44.138+0900] {processor.py:208} INFO - Processing /Users/alookso/1007MLpj/myenv/lib/python3.10/site-packages/airflow/example_dags/tutorial_taskflow_api_virtualenv.py took 0.164 seconds
[2024-10-11T00:47:18.400+0900] {processor.py:186} INFO - Started process (PID=66129) to work on /Users/alookso/1007MLpj/myenv/lib/python3.10/site-packages/airflow/example_dags/tutorial_taskflow_api_virtualenv.py
[2024-10-11T00:47:18.401+0900] {processor.py:914} INFO - Processing file /Users/alookso/1007MLpj/myenv/lib/python3.10/site-packages/airflow/example_dags/tutorial_taskflow_api_virtualenv.py for tasks to queue
[2024-10-11T00:47:18.402+0900] {logging_mixin.py:190} INFO - [2024-10-11T00:47:18.402+0900] {dagbag.py:588} INFO - Filling up the DagBag from /Users/alookso/1007MLpj/myenv/lib/python3.10/site-packages/airflow/example_dags/tutorial_taskflow_api_virtualenv.py
[2024-10-11T00:47:18.439+0900] {logging_mixin.py:190} INFO - [2024-10-11T00:47:18.439+0900] {tutorial_taskflow_api_virtualenv.py:29} WARNING - The tutorial_taskflow_api_virtualenv example DAG requires virtualenv, please install it.
[2024-10-11T00:47:18.439+0900] {processor.py:927} WARNING - No viable dags retrieved from /Users/alookso/1007MLpj/myenv/lib/python3.10/site-packages/airflow/example_dags/tutorial_taskflow_api_virtualenv.py
[2024-10-11T00:47:18.556+0900] {processor.py:208} INFO - Processing /Users/alookso/1007MLpj/myenv/lib/python3.10/site-packages/airflow/example_dags/tutorial_taskflow_api_virtualenv.py took 0.160 seconds
[2024-10-11T00:49:05.083+0900] {processor.py:186} INFO - Started process (PID=66266) to work on /Users/alookso/1007MLpj/myenv/lib/python3.10/site-packages/airflow/example_dags/tutorial_taskflow_api_virtualenv.py
[2024-10-11T00:49:05.084+0900] {processor.py:914} INFO - Processing file /Users/alookso/1007MLpj/myenv/lib/python3.10/site-packages/airflow/example_dags/tutorial_taskflow_api_virtualenv.py for tasks to queue
[2024-10-11T00:49:05.085+0900] {logging_mixin.py:190} INFO - [2024-10-11T00:49:05.085+0900] {dagbag.py:588} INFO - Filling up the DagBag from /Users/alookso/1007MLpj/myenv/lib/python3.10/site-packages/airflow/example_dags/tutorial_taskflow_api_virtualenv.py
[2024-10-11T00:49:05.121+0900] {logging_mixin.py:190} INFO - [2024-10-11T00:49:05.120+0900] {tutorial_taskflow_api_virtualenv.py:29} WARNING - The tutorial_taskflow_api_virtualenv example DAG requires virtualenv, please install it.
[2024-10-11T00:49:05.121+0900] {processor.py:927} WARNING - No viable dags retrieved from /Users/alookso/1007MLpj/myenv/lib/python3.10/site-packages/airflow/example_dags/tutorial_taskflow_api_virtualenv.py
[2024-10-11T00:49:05.241+0900] {processor.py:208} INFO - Processing /Users/alookso/1007MLpj/myenv/lib/python3.10/site-packages/airflow/example_dags/tutorial_taskflow_api_virtualenv.py took 0.163 seconds
[2024-10-11T00:52:10.096+0900] {processor.py:186} INFO - Started process (PID=66437) to work on /Users/alookso/1007MLpj/myenv/lib/python3.10/site-packages/airflow/example_dags/tutorial_taskflow_api_virtualenv.py
[2024-10-11T00:52:10.097+0900] {processor.py:914} INFO - Processing file /Users/alookso/1007MLpj/myenv/lib/python3.10/site-packages/airflow/example_dags/tutorial_taskflow_api_virtualenv.py for tasks to queue
[2024-10-11T00:52:10.098+0900] {logging_mixin.py:190} INFO - [2024-10-11T00:52:10.098+0900] {dagbag.py:588} INFO - Filling up the DagBag from /Users/alookso/1007MLpj/myenv/lib/python3.10/site-packages/airflow/example_dags/tutorial_taskflow_api_virtualenv.py
[2024-10-11T00:52:10.134+0900] {logging_mixin.py:190} INFO - [2024-10-11T00:52:10.134+0900] {tutorial_taskflow_api_virtualenv.py:29} WARNING - The tutorial_taskflow_api_virtualenv example DAG requires virtualenv, please install it.
[2024-10-11T00:52:10.134+0900] {processor.py:927} WARNING - No viable dags retrieved from /Users/alookso/1007MLpj/myenv/lib/python3.10/site-packages/airflow/example_dags/tutorial_taskflow_api_virtualenv.py
[2024-10-11T00:52:10.252+0900] {processor.py:208} INFO - Processing /Users/alookso/1007MLpj/myenv/lib/python3.10/site-packages/airflow/example_dags/tutorial_taskflow_api_virtualenv.py took 0.160 seconds
