[2024-10-10T15:32:00.691+0900] {processor.py:186} INFO - Started process (PID=56030) to work on /Users/alookso/1007MLpj/myenv/lib/python3.10/site-packages/airflow/example_dags/tutorial_taskflow_api.py
[2024-10-10T15:32:00.693+0900] {processor.py:914} INFO - Processing file /Users/alookso/1007MLpj/myenv/lib/python3.10/site-packages/airflow/example_dags/tutorial_taskflow_api.py for tasks to queue
[2024-10-10T15:32:00.694+0900] {logging_mixin.py:190} INFO - [2024-10-10T15:32:00.694+0900] {dagbag.py:588} INFO - Filling up the DagBag from /Users/alookso/1007MLpj/myenv/lib/python3.10/site-packages/airflow/example_dags/tutorial_taskflow_api.py
[2024-10-10T15:32:00.739+0900] {processor.py:925} INFO - DAG(s) 'tutorial_taskflow_api' retrieved from /Users/alookso/1007MLpj/myenv/lib/python3.10/site-packages/airflow/example_dags/tutorial_taskflow_api.py
[2024-10-10T15:32:00.993+0900] {logging_mixin.py:190} INFO - [2024-10-10T15:32:00.993+0900] {override.py:1901} INFO - Created Permission View: can edit on DAG:tutorial_taskflow_api
[2024-10-10T15:32:01.003+0900] {logging_mixin.py:190} INFO - [2024-10-10T15:32:01.003+0900] {override.py:1901} INFO - Created Permission View: can read on DAG:tutorial_taskflow_api
[2024-10-10T15:32:01.010+0900] {logging_mixin.py:190} INFO - [2024-10-10T15:32:01.010+0900] {override.py:1901} INFO - Created Permission View: can delete on DAG:tutorial_taskflow_api
[2024-10-10T15:32:01.019+0900] {logging_mixin.py:190} INFO - [2024-10-10T15:32:01.019+0900] {override.py:1901} INFO - Created Permission View: can read on DAG Run:tutorial_taskflow_api
[2024-10-10T15:32:01.026+0900] {logging_mixin.py:190} INFO - [2024-10-10T15:32:01.025+0900] {override.py:1901} INFO - Created Permission View: menu access on DAG Run:tutorial_taskflow_api
[2024-10-10T15:32:01.033+0900] {logging_mixin.py:190} INFO - [2024-10-10T15:32:01.033+0900] {override.py:1901} INFO - Created Permission View: can create on DAG Run:tutorial_taskflow_api
[2024-10-10T15:32:01.041+0900] {logging_mixin.py:190} INFO - [2024-10-10T15:32:01.040+0900] {override.py:1901} INFO - Created Permission View: can delete on DAG Run:tutorial_taskflow_api
[2024-10-10T15:32:01.041+0900] {logging_mixin.py:190} INFO - [2024-10-10T15:32:01.041+0900] {dag.py:3239} INFO - Sync 1 DAGs
[2024-10-10T15:32:01.058+0900] {logging_mixin.py:190} INFO - [2024-10-10T15:32:01.057+0900] {dag.py:3262} INFO - Creating ORM DAG for tutorial_taskflow_api
[2024-10-10T15:32:01.058+0900] {logging_mixin.py:190} INFO - [2024-10-10T15:32:01.058+0900] {dag.py:4180} INFO - Setting next_dagrun for tutorial_taskflow_api to None, run_after=None
[2024-10-10T15:32:01.078+0900] {processor.py:208} INFO - Processing /Users/alookso/1007MLpj/myenv/lib/python3.10/site-packages/airflow/example_dags/tutorial_taskflow_api.py took 0.394 seconds
[2024-10-10T15:36:39.419+0900] {processor.py:186} INFO - Started process (PID=56203) to work on /Users/alookso/1007MLpj/myenv/lib/python3.10/site-packages/airflow/example_dags/tutorial_taskflow_api.py
[2024-10-10T15:36:39.420+0900] {processor.py:914} INFO - Processing file /Users/alookso/1007MLpj/myenv/lib/python3.10/site-packages/airflow/example_dags/tutorial_taskflow_api.py for tasks to queue
[2024-10-10T15:36:39.421+0900] {logging_mixin.py:190} INFO - [2024-10-10T15:36:39.421+0900] {dagbag.py:588} INFO - Filling up the DagBag from /Users/alookso/1007MLpj/myenv/lib/python3.10/site-packages/airflow/example_dags/tutorial_taskflow_api.py
[2024-10-10T15:36:39.463+0900] {processor.py:925} INFO - DAG(s) 'tutorial_taskflow_api' retrieved from /Users/alookso/1007MLpj/myenv/lib/python3.10/site-packages/airflow/example_dags/tutorial_taskflow_api.py
[2024-10-10T15:36:39.600+0900] {logging_mixin.py:190} INFO - [2024-10-10T15:36:39.599+0900] {dag.py:3239} INFO - Sync 1 DAGs
[2024-10-10T15:36:39.615+0900] {logging_mixin.py:190} INFO - [2024-10-10T15:36:39.614+0900] {dag.py:4180} INFO - Setting next_dagrun for tutorial_taskflow_api to None, run_after=None
[2024-10-10T15:36:39.636+0900] {processor.py:208} INFO - Processing /Users/alookso/1007MLpj/myenv/lib/python3.10/site-packages/airflow/example_dags/tutorial_taskflow_api.py took 0.221 seconds
[2024-10-10T15:41:17.852+0900] {processor.py:186} INFO - Started process (PID=56401) to work on /Users/alookso/1007MLpj/myenv/lib/python3.10/site-packages/airflow/example_dags/tutorial_taskflow_api.py
[2024-10-10T15:41:17.853+0900] {processor.py:914} INFO - Processing file /Users/alookso/1007MLpj/myenv/lib/python3.10/site-packages/airflow/example_dags/tutorial_taskflow_api.py for tasks to queue
[2024-10-10T15:41:17.854+0900] {logging_mixin.py:190} INFO - [2024-10-10T15:41:17.854+0900] {dagbag.py:588} INFO - Filling up the DagBag from /Users/alookso/1007MLpj/myenv/lib/python3.10/site-packages/airflow/example_dags/tutorial_taskflow_api.py
[2024-10-10T15:41:17.894+0900] {processor.py:925} INFO - DAG(s) 'tutorial_taskflow_api' retrieved from /Users/alookso/1007MLpj/myenv/lib/python3.10/site-packages/airflow/example_dags/tutorial_taskflow_api.py
[2024-10-10T15:41:18.023+0900] {logging_mixin.py:190} INFO - [2024-10-10T15:41:18.022+0900] {dag.py:3239} INFO - Sync 1 DAGs
[2024-10-10T15:41:18.036+0900] {logging_mixin.py:190} INFO - [2024-10-10T15:41:18.036+0900] {dag.py:4180} INFO - Setting next_dagrun for tutorial_taskflow_api to None, run_after=None
[2024-10-10T15:41:18.077+0900] {processor.py:208} INFO - Processing /Users/alookso/1007MLpj/myenv/lib/python3.10/site-packages/airflow/example_dags/tutorial_taskflow_api.py took 0.230 seconds
[2024-10-10T15:43:24.131+0900] {processor.py:186} INFO - Started process (PID=56490) to work on /Users/alookso/1007MLpj/myenv/lib/python3.10/site-packages/airflow/example_dags/tutorial_taskflow_api.py
[2024-10-10T15:43:24.132+0900] {processor.py:914} INFO - Processing file /Users/alookso/1007MLpj/myenv/lib/python3.10/site-packages/airflow/example_dags/tutorial_taskflow_api.py for tasks to queue
[2024-10-10T15:43:24.133+0900] {logging_mixin.py:190} INFO - [2024-10-10T15:43:24.133+0900] {dagbag.py:588} INFO - Filling up the DagBag from /Users/alookso/1007MLpj/myenv/lib/python3.10/site-packages/airflow/example_dags/tutorial_taskflow_api.py
[2024-10-10T15:43:24.175+0900] {processor.py:925} INFO - DAG(s) 'tutorial_taskflow_api' retrieved from /Users/alookso/1007MLpj/myenv/lib/python3.10/site-packages/airflow/example_dags/tutorial_taskflow_api.py
[2024-10-10T15:43:24.304+0900] {logging_mixin.py:190} INFO - [2024-10-10T15:43:24.304+0900] {dag.py:3239} INFO - Sync 1 DAGs
[2024-10-10T15:43:24.318+0900] {logging_mixin.py:190} INFO - [2024-10-10T15:43:24.318+0900] {dag.py:4180} INFO - Setting next_dagrun for tutorial_taskflow_api to None, run_after=None
[2024-10-10T15:43:24.338+0900] {processor.py:208} INFO - Processing /Users/alookso/1007MLpj/myenv/lib/python3.10/site-packages/airflow/example_dags/tutorial_taskflow_api.py took 0.212 seconds
[2024-10-10T15:46:33.355+0900] {processor.py:186} INFO - Started process (PID=56644) to work on /Users/alookso/1007MLpj/myenv/lib/python3.10/site-packages/airflow/example_dags/tutorial_taskflow_api.py
[2024-10-10T15:46:33.356+0900] {processor.py:914} INFO - Processing file /Users/alookso/1007MLpj/myenv/lib/python3.10/site-packages/airflow/example_dags/tutorial_taskflow_api.py for tasks to queue
[2024-10-10T15:46:33.357+0900] {logging_mixin.py:190} INFO - [2024-10-10T15:46:33.357+0900] {dagbag.py:588} INFO - Filling up the DagBag from /Users/alookso/1007MLpj/myenv/lib/python3.10/site-packages/airflow/example_dags/tutorial_taskflow_api.py
[2024-10-10T15:46:33.399+0900] {processor.py:925} INFO - DAG(s) 'tutorial_taskflow_api' retrieved from /Users/alookso/1007MLpj/myenv/lib/python3.10/site-packages/airflow/example_dags/tutorial_taskflow_api.py
[2024-10-10T15:46:33.528+0900] {logging_mixin.py:190} INFO - [2024-10-10T15:46:33.528+0900] {dag.py:3239} INFO - Sync 1 DAGs
[2024-10-10T15:46:33.543+0900] {logging_mixin.py:190} INFO - [2024-10-10T15:46:33.542+0900] {dag.py:4180} INFO - Setting next_dagrun for tutorial_taskflow_api to None, run_after=None
[2024-10-10T15:46:33.562+0900] {processor.py:208} INFO - Processing /Users/alookso/1007MLpj/myenv/lib/python3.10/site-packages/airflow/example_dags/tutorial_taskflow_api.py took 0.213 seconds
[2024-10-10T15:50:43.757+0900] {processor.py:186} INFO - Started process (PID=56844) to work on /Users/alookso/1007MLpj/myenv/lib/python3.10/site-packages/airflow/example_dags/tutorial_taskflow_api.py
[2024-10-10T15:50:43.757+0900] {processor.py:914} INFO - Processing file /Users/alookso/1007MLpj/myenv/lib/python3.10/site-packages/airflow/example_dags/tutorial_taskflow_api.py for tasks to queue
[2024-10-10T15:50:43.758+0900] {logging_mixin.py:190} INFO - [2024-10-10T15:50:43.758+0900] {dagbag.py:588} INFO - Filling up the DagBag from /Users/alookso/1007MLpj/myenv/lib/python3.10/site-packages/airflow/example_dags/tutorial_taskflow_api.py
[2024-10-10T15:50:43.803+0900] {processor.py:925} INFO - DAG(s) 'tutorial_taskflow_api' retrieved from /Users/alookso/1007MLpj/myenv/lib/python3.10/site-packages/airflow/example_dags/tutorial_taskflow_api.py
[2024-10-10T15:50:43.938+0900] {logging_mixin.py:190} INFO - [2024-10-10T15:50:43.938+0900] {dag.py:3239} INFO - Sync 1 DAGs
[2024-10-10T15:50:43.952+0900] {logging_mixin.py:190} INFO - [2024-10-10T15:50:43.952+0900] {dag.py:4180} INFO - Setting next_dagrun for tutorial_taskflow_api to None, run_after=None
[2024-10-10T15:50:43.972+0900] {processor.py:208} INFO - Processing /Users/alookso/1007MLpj/myenv/lib/python3.10/site-packages/airflow/example_dags/tutorial_taskflow_api.py took 0.220 seconds
[2024-10-10T16:17:42.826+0900] {processor.py:186} INFO - Started process (PID=57289) to work on /Users/alookso/1007MLpj/myenv/lib/python3.10/site-packages/airflow/example_dags/tutorial_taskflow_api.py
[2024-10-10T16:17:42.828+0900] {processor.py:914} INFO - Processing file /Users/alookso/1007MLpj/myenv/lib/python3.10/site-packages/airflow/example_dags/tutorial_taskflow_api.py for tasks to queue
[2024-10-10T16:17:42.829+0900] {logging_mixin.py:190} INFO - [2024-10-10T16:17:42.829+0900] {dagbag.py:588} INFO - Filling up the DagBag from /Users/alookso/1007MLpj/myenv/lib/python3.10/site-packages/airflow/example_dags/tutorial_taskflow_api.py
[2024-10-10T16:17:42.911+0900] {processor.py:925} INFO - DAG(s) 'tutorial_taskflow_api' retrieved from /Users/alookso/1007MLpj/myenv/lib/python3.10/site-packages/airflow/example_dags/tutorial_taskflow_api.py
[2024-10-10T16:17:43.238+0900] {logging_mixin.py:190} INFO - [2024-10-10T16:17:43.238+0900] {dag.py:3239} INFO - Sync 1 DAGs
[2024-10-10T16:17:43.255+0900] {logging_mixin.py:190} INFO - [2024-10-10T16:17:43.254+0900] {dag.py:4180} INFO - Setting next_dagrun for tutorial_taskflow_api to None, run_after=None
[2024-10-10T16:17:43.278+0900] {processor.py:208} INFO - Processing /Users/alookso/1007MLpj/myenv/lib/python3.10/site-packages/airflow/example_dags/tutorial_taskflow_api.py took 0.459 seconds
[2024-10-10T16:22:03.024+0900] {processor.py:186} INFO - Started process (PID=57458) to work on /Users/alookso/1007MLpj/myenv/lib/python3.10/site-packages/airflow/example_dags/tutorial_taskflow_api.py
[2024-10-10T16:22:03.026+0900] {processor.py:914} INFO - Processing file /Users/alookso/1007MLpj/myenv/lib/python3.10/site-packages/airflow/example_dags/tutorial_taskflow_api.py for tasks to queue
[2024-10-10T16:22:03.027+0900] {logging_mixin.py:190} INFO - [2024-10-10T16:22:03.026+0900] {dagbag.py:588} INFO - Filling up the DagBag from /Users/alookso/1007MLpj/myenv/lib/python3.10/site-packages/airflow/example_dags/tutorial_taskflow_api.py
[2024-10-10T16:22:03.069+0900] {processor.py:925} INFO - DAG(s) 'tutorial_taskflow_api' retrieved from /Users/alookso/1007MLpj/myenv/lib/python3.10/site-packages/airflow/example_dags/tutorial_taskflow_api.py
[2024-10-10T16:22:03.197+0900] {logging_mixin.py:190} INFO - [2024-10-10T16:22:03.196+0900] {dag.py:3239} INFO - Sync 1 DAGs
[2024-10-10T16:22:03.211+0900] {logging_mixin.py:190} INFO - [2024-10-10T16:22:03.210+0900] {dag.py:4180} INFO - Setting next_dagrun for tutorial_taskflow_api to None, run_after=None
[2024-10-10T16:22:03.230+0900] {processor.py:208} INFO - Processing /Users/alookso/1007MLpj/myenv/lib/python3.10/site-packages/airflow/example_dags/tutorial_taskflow_api.py took 0.211 seconds
[2024-10-10T16:25:37.794+0900] {processor.py:186} INFO - Started process (PID=57607) to work on /Users/alookso/1007MLpj/myenv/lib/python3.10/site-packages/airflow/example_dags/tutorial_taskflow_api.py
[2024-10-10T16:25:37.795+0900] {processor.py:914} INFO - Processing file /Users/alookso/1007MLpj/myenv/lib/python3.10/site-packages/airflow/example_dags/tutorial_taskflow_api.py for tasks to queue
[2024-10-10T16:25:37.796+0900] {logging_mixin.py:190} INFO - [2024-10-10T16:25:37.796+0900] {dagbag.py:588} INFO - Filling up the DagBag from /Users/alookso/1007MLpj/myenv/lib/python3.10/site-packages/airflow/example_dags/tutorial_taskflow_api.py
[2024-10-10T16:25:37.836+0900] {processor.py:925} INFO - DAG(s) 'tutorial_taskflow_api' retrieved from /Users/alookso/1007MLpj/myenv/lib/python3.10/site-packages/airflow/example_dags/tutorial_taskflow_api.py
[2024-10-10T16:25:37.967+0900] {logging_mixin.py:190} INFO - [2024-10-10T16:25:37.966+0900] {dag.py:3239} INFO - Sync 1 DAGs
[2024-10-10T16:25:37.980+0900] {logging_mixin.py:190} INFO - [2024-10-10T16:25:37.980+0900] {dag.py:4180} INFO - Setting next_dagrun for tutorial_taskflow_api to None, run_after=None
[2024-10-10T16:25:38.000+0900] {processor.py:208} INFO - Processing /Users/alookso/1007MLpj/myenv/lib/python3.10/site-packages/airflow/example_dags/tutorial_taskflow_api.py took 0.211 seconds
[2024-10-10T16:29:47.868+0900] {processor.py:186} INFO - Started process (PID=57803) to work on /Users/alookso/1007MLpj/myenv/lib/python3.10/site-packages/airflow/example_dags/tutorial_taskflow_api.py
[2024-10-10T16:29:47.869+0900] {processor.py:914} INFO - Processing file /Users/alookso/1007MLpj/myenv/lib/python3.10/site-packages/airflow/example_dags/tutorial_taskflow_api.py for tasks to queue
[2024-10-10T16:29:47.870+0900] {logging_mixin.py:190} INFO - [2024-10-10T16:29:47.870+0900] {dagbag.py:588} INFO - Filling up the DagBag from /Users/alookso/1007MLpj/myenv/lib/python3.10/site-packages/airflow/example_dags/tutorial_taskflow_api.py
[2024-10-10T16:29:47.913+0900] {processor.py:925} INFO - DAG(s) 'tutorial_taskflow_api' retrieved from /Users/alookso/1007MLpj/myenv/lib/python3.10/site-packages/airflow/example_dags/tutorial_taskflow_api.py
[2024-10-10T16:29:48.053+0900] {logging_mixin.py:190} INFO - [2024-10-10T16:29:48.053+0900] {dag.py:3239} INFO - Sync 1 DAGs
[2024-10-10T16:29:48.068+0900] {logging_mixin.py:190} INFO - [2024-10-10T16:29:48.068+0900] {dag.py:4180} INFO - Setting next_dagrun for tutorial_taskflow_api to None, run_after=None
[2024-10-10T16:29:48.089+0900] {processor.py:208} INFO - Processing /Users/alookso/1007MLpj/myenv/lib/python3.10/site-packages/airflow/example_dags/tutorial_taskflow_api.py took 0.227 seconds
[2024-10-10T16:32:08.923+0900] {processor.py:186} INFO - Started process (PID=57954) to work on /Users/alookso/1007MLpj/myenv/lib/python3.10/site-packages/airflow/example_dags/tutorial_taskflow_api.py
[2024-10-10T16:32:08.924+0900] {processor.py:914} INFO - Processing file /Users/alookso/1007MLpj/myenv/lib/python3.10/site-packages/airflow/example_dags/tutorial_taskflow_api.py for tasks to queue
[2024-10-10T16:32:08.925+0900] {logging_mixin.py:190} INFO - [2024-10-10T16:32:08.925+0900] {dagbag.py:588} INFO - Filling up the DagBag from /Users/alookso/1007MLpj/myenv/lib/python3.10/site-packages/airflow/example_dags/tutorial_taskflow_api.py
[2024-10-10T16:32:08.964+0900] {processor.py:925} INFO - DAG(s) 'tutorial_taskflow_api' retrieved from /Users/alookso/1007MLpj/myenv/lib/python3.10/site-packages/airflow/example_dags/tutorial_taskflow_api.py
[2024-10-10T16:32:09.090+0900] {logging_mixin.py:190} INFO - [2024-10-10T16:32:09.089+0900] {dag.py:3239} INFO - Sync 1 DAGs
[2024-10-10T16:32:09.103+0900] {logging_mixin.py:190} INFO - [2024-10-10T16:32:09.103+0900] {dag.py:4180} INFO - Setting next_dagrun for tutorial_taskflow_api to None, run_after=None
[2024-10-10T16:32:09.121+0900] {processor.py:208} INFO - Processing /Users/alookso/1007MLpj/myenv/lib/python3.10/site-packages/airflow/example_dags/tutorial_taskflow_api.py took 0.203 seconds
[2024-10-10T16:36:08.297+0900] {processor.py:186} INFO - Started process (PID=58051) to work on /Users/alookso/1007MLpj/myenv/lib/python3.10/site-packages/airflow/example_dags/tutorial_taskflow_api.py
[2024-10-10T16:36:08.298+0900] {processor.py:914} INFO - Processing file /Users/alookso/1007MLpj/myenv/lib/python3.10/site-packages/airflow/example_dags/tutorial_taskflow_api.py for tasks to queue
[2024-10-10T16:36:08.299+0900] {logging_mixin.py:190} INFO - [2024-10-10T16:36:08.298+0900] {dagbag.py:588} INFO - Filling up the DagBag from /Users/alookso/1007MLpj/myenv/lib/python3.10/site-packages/airflow/example_dags/tutorial_taskflow_api.py
[2024-10-10T16:36:08.338+0900] {processor.py:925} INFO - DAG(s) 'tutorial_taskflow_api' retrieved from /Users/alookso/1007MLpj/myenv/lib/python3.10/site-packages/airflow/example_dags/tutorial_taskflow_api.py
[2024-10-10T16:36:08.465+0900] {logging_mixin.py:190} INFO - [2024-10-10T16:36:08.465+0900] {dag.py:3239} INFO - Sync 1 DAGs
[2024-10-10T16:36:08.479+0900] {logging_mixin.py:190} INFO - [2024-10-10T16:36:08.478+0900] {dag.py:4180} INFO - Setting next_dagrun for tutorial_taskflow_api to None, run_after=None
[2024-10-10T16:36:08.498+0900] {processor.py:208} INFO - Processing /Users/alookso/1007MLpj/myenv/lib/python3.10/site-packages/airflow/example_dags/tutorial_taskflow_api.py took 0.205 seconds
[2024-10-10T16:39:39.692+0900] {processor.py:186} INFO - Started process (PID=58139) to work on /Users/alookso/1007MLpj/myenv/lib/python3.10/site-packages/airflow/example_dags/tutorial_taskflow_api.py
[2024-10-10T16:39:39.693+0900] {processor.py:914} INFO - Processing file /Users/alookso/1007MLpj/myenv/lib/python3.10/site-packages/airflow/example_dags/tutorial_taskflow_api.py for tasks to queue
[2024-10-10T16:39:39.694+0900] {logging_mixin.py:190} INFO - [2024-10-10T16:39:39.694+0900] {dagbag.py:588} INFO - Filling up the DagBag from /Users/alookso/1007MLpj/myenv/lib/python3.10/site-packages/airflow/example_dags/tutorial_taskflow_api.py
[2024-10-10T16:39:39.736+0900] {processor.py:925} INFO - DAG(s) 'tutorial_taskflow_api' retrieved from /Users/alookso/1007MLpj/myenv/lib/python3.10/site-packages/airflow/example_dags/tutorial_taskflow_api.py
[2024-10-10T16:39:39.866+0900] {logging_mixin.py:190} INFO - [2024-10-10T16:39:39.865+0900] {dag.py:3239} INFO - Sync 1 DAGs
[2024-10-10T16:39:39.880+0900] {logging_mixin.py:190} INFO - [2024-10-10T16:39:39.879+0900] {dag.py:4180} INFO - Setting next_dagrun for tutorial_taskflow_api to None, run_after=None
[2024-10-10T16:39:39.899+0900] {processor.py:208} INFO - Processing /Users/alookso/1007MLpj/myenv/lib/python3.10/site-packages/airflow/example_dags/tutorial_taskflow_api.py took 0.212 seconds
[2024-10-10T16:43:20.212+0900] {processor.py:186} INFO - Started process (PID=58231) to work on /Users/alookso/1007MLpj/myenv/lib/python3.10/site-packages/airflow/example_dags/tutorial_taskflow_api.py
[2024-10-10T16:43:20.213+0900] {processor.py:914} INFO - Processing file /Users/alookso/1007MLpj/myenv/lib/python3.10/site-packages/airflow/example_dags/tutorial_taskflow_api.py for tasks to queue
[2024-10-10T16:43:20.214+0900] {logging_mixin.py:190} INFO - [2024-10-10T16:43:20.214+0900] {dagbag.py:588} INFO - Filling up the DagBag from /Users/alookso/1007MLpj/myenv/lib/python3.10/site-packages/airflow/example_dags/tutorial_taskflow_api.py
[2024-10-10T16:43:20.255+0900] {processor.py:925} INFO - DAG(s) 'tutorial_taskflow_api' retrieved from /Users/alookso/1007MLpj/myenv/lib/python3.10/site-packages/airflow/example_dags/tutorial_taskflow_api.py
[2024-10-10T16:43:20.385+0900] {logging_mixin.py:190} INFO - [2024-10-10T16:43:20.384+0900] {dag.py:3239} INFO - Sync 1 DAGs
[2024-10-10T16:43:20.399+0900] {logging_mixin.py:190} INFO - [2024-10-10T16:43:20.398+0900] {dag.py:4180} INFO - Setting next_dagrun for tutorial_taskflow_api to None, run_after=None
[2024-10-10T16:43:20.418+0900] {processor.py:208} INFO - Processing /Users/alookso/1007MLpj/myenv/lib/python3.10/site-packages/airflow/example_dags/tutorial_taskflow_api.py took 0.211 seconds
[2024-10-10T16:47:12.994+0900] {processor.py:186} INFO - Started process (PID=58411) to work on /Users/alookso/1007MLpj/myenv/lib/python3.10/site-packages/airflow/example_dags/tutorial_taskflow_api.py
[2024-10-10T16:47:12.996+0900] {processor.py:914} INFO - Processing file /Users/alookso/1007MLpj/myenv/lib/python3.10/site-packages/airflow/example_dags/tutorial_taskflow_api.py for tasks to queue
[2024-10-10T16:47:12.997+0900] {logging_mixin.py:190} INFO - [2024-10-10T16:47:12.997+0900] {dagbag.py:588} INFO - Filling up the DagBag from /Users/alookso/1007MLpj/myenv/lib/python3.10/site-packages/airflow/example_dags/tutorial_taskflow_api.py
[2024-10-10T16:47:13.058+0900] {processor.py:925} INFO - DAG(s) 'tutorial_taskflow_api' retrieved from /Users/alookso/1007MLpj/myenv/lib/python3.10/site-packages/airflow/example_dags/tutorial_taskflow_api.py
[2024-10-10T16:47:13.189+0900] {logging_mixin.py:190} INFO - [2024-10-10T16:47:13.189+0900] {dag.py:3239} INFO - Sync 1 DAGs
[2024-10-10T16:47:13.202+0900] {logging_mixin.py:190} INFO - [2024-10-10T16:47:13.202+0900] {dag.py:4180} INFO - Setting next_dagrun for tutorial_taskflow_api to None, run_after=None
[2024-10-10T16:47:13.222+0900] {processor.py:208} INFO - Processing /Users/alookso/1007MLpj/myenv/lib/python3.10/site-packages/airflow/example_dags/tutorial_taskflow_api.py took 0.233 seconds
[2024-10-10T16:49:48.302+0900] {processor.py:186} INFO - Started process (PID=58577) to work on /Users/alookso/1007MLpj/myenv/lib/python3.10/site-packages/airflow/example_dags/tutorial_taskflow_api.py
[2024-10-10T16:49:48.303+0900] {processor.py:914} INFO - Processing file /Users/alookso/1007MLpj/myenv/lib/python3.10/site-packages/airflow/example_dags/tutorial_taskflow_api.py for tasks to queue
[2024-10-10T16:49:48.304+0900] {logging_mixin.py:190} INFO - [2024-10-10T16:49:48.304+0900] {dagbag.py:588} INFO - Filling up the DagBag from /Users/alookso/1007MLpj/myenv/lib/python3.10/site-packages/airflow/example_dags/tutorial_taskflow_api.py
[2024-10-10T16:49:48.347+0900] {processor.py:925} INFO - DAG(s) 'tutorial_taskflow_api' retrieved from /Users/alookso/1007MLpj/myenv/lib/python3.10/site-packages/airflow/example_dags/tutorial_taskflow_api.py
[2024-10-10T16:49:48.501+0900] {logging_mixin.py:190} INFO - [2024-10-10T16:49:48.500+0900] {dag.py:3239} INFO - Sync 1 DAGs
[2024-10-10T16:49:48.516+0900] {logging_mixin.py:190} INFO - [2024-10-10T16:49:48.516+0900] {dag.py:4180} INFO - Setting next_dagrun for tutorial_taskflow_api to None, run_after=None
[2024-10-10T16:49:48.540+0900] {processor.py:208} INFO - Processing /Users/alookso/1007MLpj/myenv/lib/python3.10/site-packages/airflow/example_dags/tutorial_taskflow_api.py took 0.243 seconds
[2024-10-10T16:52:59.848+0900] {processor.py:186} INFO - Started process (PID=58737) to work on /Users/alookso/1007MLpj/myenv/lib/python3.10/site-packages/airflow/example_dags/tutorial_taskflow_api.py
[2024-10-10T16:52:59.849+0900] {processor.py:914} INFO - Processing file /Users/alookso/1007MLpj/myenv/lib/python3.10/site-packages/airflow/example_dags/tutorial_taskflow_api.py for tasks to queue
[2024-10-10T16:52:59.850+0900] {logging_mixin.py:190} INFO - [2024-10-10T16:52:59.850+0900] {dagbag.py:588} INFO - Filling up the DagBag from /Users/alookso/1007MLpj/myenv/lib/python3.10/site-packages/airflow/example_dags/tutorial_taskflow_api.py
[2024-10-10T16:52:59.896+0900] {processor.py:925} INFO - DAG(s) 'tutorial_taskflow_api' retrieved from /Users/alookso/1007MLpj/myenv/lib/python3.10/site-packages/airflow/example_dags/tutorial_taskflow_api.py
[2024-10-10T16:53:00.058+0900] {logging_mixin.py:190} INFO - [2024-10-10T16:53:00.057+0900] {dag.py:3239} INFO - Sync 1 DAGs
[2024-10-10T16:53:00.078+0900] {logging_mixin.py:190} INFO - [2024-10-10T16:53:00.078+0900] {dag.py:4180} INFO - Setting next_dagrun for tutorial_taskflow_api to None, run_after=None
[2024-10-10T16:53:00.106+0900] {processor.py:208} INFO - Processing /Users/alookso/1007MLpj/myenv/lib/python3.10/site-packages/airflow/example_dags/tutorial_taskflow_api.py took 0.264 seconds
[2024-10-10T23:47:43.452+0900] {processor.py:186} INFO - Started process (PID=63407) to work on /Users/alookso/1007MLpj/myenv/lib/python3.10/site-packages/airflow/example_dags/tutorial_taskflow_api.py
[2024-10-10T23:47:43.454+0900] {processor.py:914} INFO - Processing file /Users/alookso/1007MLpj/myenv/lib/python3.10/site-packages/airflow/example_dags/tutorial_taskflow_api.py for tasks to queue
[2024-10-10T23:47:43.455+0900] {logging_mixin.py:190} INFO - [2024-10-10T23:47:43.454+0900] {dagbag.py:588} INFO - Filling up the DagBag from /Users/alookso/1007MLpj/myenv/lib/python3.10/site-packages/airflow/example_dags/tutorial_taskflow_api.py
[2024-10-10T23:47:43.494+0900] {processor.py:925} INFO - DAG(s) 'tutorial_taskflow_api' retrieved from /Users/alookso/1007MLpj/myenv/lib/python3.10/site-packages/airflow/example_dags/tutorial_taskflow_api.py
[2024-10-10T23:47:43.625+0900] {logging_mixin.py:190} INFO - [2024-10-10T23:47:43.624+0900] {dag.py:3239} INFO - Sync 1 DAGs
[2024-10-10T23:47:43.639+0900] {logging_mixin.py:190} INFO - [2024-10-10T23:47:43.639+0900] {dag.py:4180} INFO - Setting next_dagrun for tutorial_taskflow_api to None, run_after=None
[2024-10-10T23:47:43.659+0900] {processor.py:208} INFO - Processing /Users/alookso/1007MLpj/myenv/lib/python3.10/site-packages/airflow/example_dags/tutorial_taskflow_api.py took 0.211 seconds
[2024-10-10T23:51:01.963+0900] {processor.py:186} INFO - Started process (PID=63582) to work on /Users/alookso/1007MLpj/myenv/lib/python3.10/site-packages/airflow/example_dags/tutorial_taskflow_api.py
[2024-10-10T23:51:01.964+0900] {processor.py:914} INFO - Processing file /Users/alookso/1007MLpj/myenv/lib/python3.10/site-packages/airflow/example_dags/tutorial_taskflow_api.py for tasks to queue
[2024-10-10T23:51:01.965+0900] {logging_mixin.py:190} INFO - [2024-10-10T23:51:01.965+0900] {dagbag.py:588} INFO - Filling up the DagBag from /Users/alookso/1007MLpj/myenv/lib/python3.10/site-packages/airflow/example_dags/tutorial_taskflow_api.py
[2024-10-10T23:51:02.005+0900] {processor.py:925} INFO - DAG(s) 'tutorial_taskflow_api' retrieved from /Users/alookso/1007MLpj/myenv/lib/python3.10/site-packages/airflow/example_dags/tutorial_taskflow_api.py
[2024-10-10T23:51:02.134+0900] {logging_mixin.py:190} INFO - [2024-10-10T23:51:02.133+0900] {dag.py:3239} INFO - Sync 1 DAGs
[2024-10-10T23:51:02.148+0900] {logging_mixin.py:190} INFO - [2024-10-10T23:51:02.147+0900] {dag.py:4180} INFO - Setting next_dagrun for tutorial_taskflow_api to None, run_after=None
[2024-10-10T23:51:02.168+0900] {processor.py:208} INFO - Processing /Users/alookso/1007MLpj/myenv/lib/python3.10/site-packages/airflow/example_dags/tutorial_taskflow_api.py took 0.209 seconds
[2024-10-10T23:53:59.731+0900] {processor.py:186} INFO - Started process (PID=63750) to work on /Users/alookso/1007MLpj/myenv/lib/python3.10/site-packages/airflow/example_dags/tutorial_taskflow_api.py
[2024-10-10T23:53:59.732+0900] {processor.py:914} INFO - Processing file /Users/alookso/1007MLpj/myenv/lib/python3.10/site-packages/airflow/example_dags/tutorial_taskflow_api.py for tasks to queue
[2024-10-10T23:53:59.733+0900] {logging_mixin.py:190} INFO - [2024-10-10T23:53:59.733+0900] {dagbag.py:588} INFO - Filling up the DagBag from /Users/alookso/1007MLpj/myenv/lib/python3.10/site-packages/airflow/example_dags/tutorial_taskflow_api.py
[2024-10-10T23:53:59.779+0900] {processor.py:925} INFO - DAG(s) 'tutorial_taskflow_api' retrieved from /Users/alookso/1007MLpj/myenv/lib/python3.10/site-packages/airflow/example_dags/tutorial_taskflow_api.py
[2024-10-10T23:53:59.923+0900] {logging_mixin.py:190} INFO - [2024-10-10T23:53:59.923+0900] {dag.py:3239} INFO - Sync 1 DAGs
[2024-10-10T23:53:59.938+0900] {logging_mixin.py:190} INFO - [2024-10-10T23:53:59.938+0900] {dag.py:4180} INFO - Setting next_dagrun for tutorial_taskflow_api to None, run_after=None
[2024-10-10T23:53:59.959+0900] {processor.py:208} INFO - Processing /Users/alookso/1007MLpj/myenv/lib/python3.10/site-packages/airflow/example_dags/tutorial_taskflow_api.py took 0.234 seconds
[2024-10-10T23:56:09.738+0900] {processor.py:186} INFO - Started process (PID=63848) to work on /Users/alookso/1007MLpj/myenv/lib/python3.10/site-packages/airflow/example_dags/tutorial_taskflow_api.py
[2024-10-10T23:56:09.739+0900] {processor.py:914} INFO - Processing file /Users/alookso/1007MLpj/myenv/lib/python3.10/site-packages/airflow/example_dags/tutorial_taskflow_api.py for tasks to queue
[2024-10-10T23:56:09.740+0900] {logging_mixin.py:190} INFO - [2024-10-10T23:56:09.740+0900] {dagbag.py:588} INFO - Filling up the DagBag from /Users/alookso/1007MLpj/myenv/lib/python3.10/site-packages/airflow/example_dags/tutorial_taskflow_api.py
[2024-10-10T23:56:09.791+0900] {processor.py:925} INFO - DAG(s) 'tutorial_taskflow_api' retrieved from /Users/alookso/1007MLpj/myenv/lib/python3.10/site-packages/airflow/example_dags/tutorial_taskflow_api.py
[2024-10-10T23:56:09.937+0900] {logging_mixin.py:190} INFO - [2024-10-10T23:56:09.937+0900] {dag.py:3239} INFO - Sync 1 DAGs
[2024-10-10T23:56:09.953+0900] {logging_mixin.py:190} INFO - [2024-10-10T23:56:09.953+0900] {dag.py:4180} INFO - Setting next_dagrun for tutorial_taskflow_api to None, run_after=None
[2024-10-10T23:56:09.976+0900] {processor.py:208} INFO - Processing /Users/alookso/1007MLpj/myenv/lib/python3.10/site-packages/airflow/example_dags/tutorial_taskflow_api.py took 0.246 seconds
[2024-10-11T00:01:00.689+0900] {processor.py:186} INFO - Started process (PID=64051) to work on /Users/alookso/1007MLpj/myenv/lib/python3.10/site-packages/airflow/example_dags/tutorial_taskflow_api.py
[2024-10-11T00:01:00.690+0900] {processor.py:914} INFO - Processing file /Users/alookso/1007MLpj/myenv/lib/python3.10/site-packages/airflow/example_dags/tutorial_taskflow_api.py for tasks to queue
[2024-10-11T00:01:00.691+0900] {logging_mixin.py:190} INFO - [2024-10-11T00:01:00.691+0900] {dagbag.py:588} INFO - Filling up the DagBag from /Users/alookso/1007MLpj/myenv/lib/python3.10/site-packages/airflow/example_dags/tutorial_taskflow_api.py
[2024-10-11T00:01:00.732+0900] {processor.py:925} INFO - DAG(s) 'tutorial_taskflow_api' retrieved from /Users/alookso/1007MLpj/myenv/lib/python3.10/site-packages/airflow/example_dags/tutorial_taskflow_api.py
[2024-10-11T00:01:00.860+0900] {logging_mixin.py:190} INFO - [2024-10-11T00:01:00.860+0900] {dag.py:3239} INFO - Sync 1 DAGs
[2024-10-11T00:01:00.874+0900] {logging_mixin.py:190} INFO - [2024-10-11T00:01:00.874+0900] {dag.py:4180} INFO - Setting next_dagrun for tutorial_taskflow_api to None, run_after=None
[2024-10-11T00:01:00.893+0900] {processor.py:208} INFO - Processing /Users/alookso/1007MLpj/myenv/lib/python3.10/site-packages/airflow/example_dags/tutorial_taskflow_api.py took 0.209 seconds
[2024-10-11T00:04:14.826+0900] {processor.py:186} INFO - Started process (PID=64228) to work on /Users/alookso/1007MLpj/myenv/lib/python3.10/site-packages/airflow/example_dags/tutorial_taskflow_api.py
[2024-10-11T00:04:14.827+0900] {processor.py:914} INFO - Processing file /Users/alookso/1007MLpj/myenv/lib/python3.10/site-packages/airflow/example_dags/tutorial_taskflow_api.py for tasks to queue
[2024-10-11T00:04:14.827+0900] {logging_mixin.py:190} INFO - [2024-10-11T00:04:14.827+0900] {dagbag.py:588} INFO - Filling up the DagBag from /Users/alookso/1007MLpj/myenv/lib/python3.10/site-packages/airflow/example_dags/tutorial_taskflow_api.py
[2024-10-11T00:04:14.868+0900] {processor.py:925} INFO - DAG(s) 'tutorial_taskflow_api' retrieved from /Users/alookso/1007MLpj/myenv/lib/python3.10/site-packages/airflow/example_dags/tutorial_taskflow_api.py
[2024-10-11T00:04:15.000+0900] {logging_mixin.py:190} INFO - [2024-10-11T00:04:15.000+0900] {dag.py:3239} INFO - Sync 1 DAGs
[2024-10-11T00:04:15.014+0900] {logging_mixin.py:190} INFO - [2024-10-11T00:04:15.014+0900] {dag.py:4180} INFO - Setting next_dagrun for tutorial_taskflow_api to None, run_after=None
[2024-10-11T00:04:15.033+0900] {processor.py:208} INFO - Processing /Users/alookso/1007MLpj/myenv/lib/python3.10/site-packages/airflow/example_dags/tutorial_taskflow_api.py took 0.212 seconds
[2024-10-11T00:08:11.109+0900] {processor.py:186} INFO - Started process (PID=64466) to work on /Users/alookso/1007MLpj/myenv/lib/python3.10/site-packages/airflow/example_dags/tutorial_taskflow_api.py
[2024-10-11T00:08:11.110+0900] {processor.py:914} INFO - Processing file /Users/alookso/1007MLpj/myenv/lib/python3.10/site-packages/airflow/example_dags/tutorial_taskflow_api.py for tasks to queue
[2024-10-11T00:08:11.111+0900] {logging_mixin.py:190} INFO - [2024-10-11T00:08:11.111+0900] {dagbag.py:588} INFO - Filling up the DagBag from /Users/alookso/1007MLpj/myenv/lib/python3.10/site-packages/airflow/example_dags/tutorial_taskflow_api.py
[2024-10-11T00:08:11.154+0900] {processor.py:925} INFO - DAG(s) 'tutorial_taskflow_api' retrieved from /Users/alookso/1007MLpj/myenv/lib/python3.10/site-packages/airflow/example_dags/tutorial_taskflow_api.py
[2024-10-11T00:08:11.290+0900] {logging_mixin.py:190} INFO - [2024-10-11T00:08:11.290+0900] {dag.py:3239} INFO - Sync 1 DAGs
[2024-10-11T00:08:11.305+0900] {logging_mixin.py:190} INFO - [2024-10-11T00:08:11.305+0900] {dag.py:4180} INFO - Setting next_dagrun for tutorial_taskflow_api to None, run_after=None
[2024-10-11T00:08:11.327+0900] {processor.py:208} INFO - Processing /Users/alookso/1007MLpj/myenv/lib/python3.10/site-packages/airflow/example_dags/tutorial_taskflow_api.py took 0.224 seconds
[2024-10-11T00:11:15.617+0900] {processor.py:186} INFO - Started process (PID=64576) to work on /Users/alookso/1007MLpj/myenv/lib/python3.10/site-packages/airflow/example_dags/tutorial_taskflow_api.py
[2024-10-11T00:11:15.618+0900] {processor.py:914} INFO - Processing file /Users/alookso/1007MLpj/myenv/lib/python3.10/site-packages/airflow/example_dags/tutorial_taskflow_api.py for tasks to queue
[2024-10-11T00:11:15.619+0900] {logging_mixin.py:190} INFO - [2024-10-11T00:11:15.619+0900] {dagbag.py:588} INFO - Filling up the DagBag from /Users/alookso/1007MLpj/myenv/lib/python3.10/site-packages/airflow/example_dags/tutorial_taskflow_api.py
[2024-10-11T00:11:15.670+0900] {processor.py:925} INFO - DAG(s) 'tutorial_taskflow_api' retrieved from /Users/alookso/1007MLpj/myenv/lib/python3.10/site-packages/airflow/example_dags/tutorial_taskflow_api.py
[2024-10-11T00:11:15.826+0900] {logging_mixin.py:190} INFO - [2024-10-11T00:11:15.826+0900] {dag.py:3239} INFO - Sync 1 DAGs
[2024-10-11T00:11:15.841+0900] {logging_mixin.py:190} INFO - [2024-10-11T00:11:15.840+0900] {dag.py:4180} INFO - Setting next_dagrun for tutorial_taskflow_api to None, run_after=None
[2024-10-11T00:11:15.861+0900] {processor.py:208} INFO - Processing /Users/alookso/1007MLpj/myenv/lib/python3.10/site-packages/airflow/example_dags/tutorial_taskflow_api.py took 0.249 seconds
[2024-10-11T00:13:47.325+0900] {processor.py:186} INFO - Started process (PID=64723) to work on /Users/alookso/1007MLpj/myenv/lib/python3.10/site-packages/airflow/example_dags/tutorial_taskflow_api.py
[2024-10-11T00:13:47.326+0900] {processor.py:914} INFO - Processing file /Users/alookso/1007MLpj/myenv/lib/python3.10/site-packages/airflow/example_dags/tutorial_taskflow_api.py for tasks to queue
[2024-10-11T00:13:47.326+0900] {logging_mixin.py:190} INFO - [2024-10-11T00:13:47.326+0900] {dagbag.py:588} INFO - Filling up the DagBag from /Users/alookso/1007MLpj/myenv/lib/python3.10/site-packages/airflow/example_dags/tutorial_taskflow_api.py
[2024-10-11T00:13:47.366+0900] {processor.py:925} INFO - DAG(s) 'tutorial_taskflow_api' retrieved from /Users/alookso/1007MLpj/myenv/lib/python3.10/site-packages/airflow/example_dags/tutorial_taskflow_api.py
[2024-10-11T00:13:47.490+0900] {logging_mixin.py:190} INFO - [2024-10-11T00:13:47.490+0900] {dag.py:3239} INFO - Sync 1 DAGs
[2024-10-11T00:13:47.503+0900] {logging_mixin.py:190} INFO - [2024-10-11T00:13:47.503+0900] {dag.py:4180} INFO - Setting next_dagrun for tutorial_taskflow_api to None, run_after=None
[2024-10-11T00:13:47.521+0900] {processor.py:208} INFO - Processing /Users/alookso/1007MLpj/myenv/lib/python3.10/site-packages/airflow/example_dags/tutorial_taskflow_api.py took 0.201 seconds
[2024-10-11T00:16:24.519+0900] {processor.py:186} INFO - Started process (PID=64800) to work on /Users/alookso/1007MLpj/myenv/lib/python3.10/site-packages/airflow/example_dags/tutorial_taskflow_api.py
[2024-10-11T00:16:24.520+0900] {processor.py:914} INFO - Processing file /Users/alookso/1007MLpj/myenv/lib/python3.10/site-packages/airflow/example_dags/tutorial_taskflow_api.py for tasks to queue
[2024-10-11T00:16:24.521+0900] {logging_mixin.py:190} INFO - [2024-10-11T00:16:24.521+0900] {dagbag.py:588} INFO - Filling up the DagBag from /Users/alookso/1007MLpj/myenv/lib/python3.10/site-packages/airflow/example_dags/tutorial_taskflow_api.py
[2024-10-11T00:16:24.561+0900] {processor.py:925} INFO - DAG(s) 'tutorial_taskflow_api' retrieved from /Users/alookso/1007MLpj/myenv/lib/python3.10/site-packages/airflow/example_dags/tutorial_taskflow_api.py
[2024-10-11T00:16:24.686+0900] {logging_mixin.py:190} INFO - [2024-10-11T00:16:24.686+0900] {dag.py:3239} INFO - Sync 1 DAGs
[2024-10-11T00:16:24.700+0900] {logging_mixin.py:190} INFO - [2024-10-11T00:16:24.699+0900] {dag.py:4180} INFO - Setting next_dagrun for tutorial_taskflow_api to None, run_after=None
[2024-10-11T00:16:24.718+0900] {processor.py:208} INFO - Processing /Users/alookso/1007MLpj/myenv/lib/python3.10/site-packages/airflow/example_dags/tutorial_taskflow_api.py took 0.203 seconds
[2024-10-11T00:18:58.526+0900] {processor.py:186} INFO - Started process (PID=64880) to work on /Users/alookso/1007MLpj/myenv/lib/python3.10/site-packages/airflow/example_dags/tutorial_taskflow_api.py
[2024-10-11T00:18:58.527+0900] {processor.py:914} INFO - Processing file /Users/alookso/1007MLpj/myenv/lib/python3.10/site-packages/airflow/example_dags/tutorial_taskflow_api.py for tasks to queue
[2024-10-11T00:18:58.527+0900] {logging_mixin.py:190} INFO - [2024-10-11T00:18:58.527+0900] {dagbag.py:588} INFO - Filling up the DagBag from /Users/alookso/1007MLpj/myenv/lib/python3.10/site-packages/airflow/example_dags/tutorial_taskflow_api.py
[2024-10-11T00:18:58.567+0900] {processor.py:925} INFO - DAG(s) 'tutorial_taskflow_api' retrieved from /Users/alookso/1007MLpj/myenv/lib/python3.10/site-packages/airflow/example_dags/tutorial_taskflow_api.py
[2024-10-11T00:18:58.692+0900] {logging_mixin.py:190} INFO - [2024-10-11T00:18:58.692+0900] {dag.py:3239} INFO - Sync 1 DAGs
[2024-10-11T00:18:58.706+0900] {logging_mixin.py:190} INFO - [2024-10-11T00:18:58.706+0900] {dag.py:4180} INFO - Setting next_dagrun for tutorial_taskflow_api to None, run_after=None
[2024-10-11T00:18:58.725+0900] {processor.py:208} INFO - Processing /Users/alookso/1007MLpj/myenv/lib/python3.10/site-packages/airflow/example_dags/tutorial_taskflow_api.py took 0.204 seconds
[2024-10-11T00:21:35.258+0900] {processor.py:186} INFO - Started process (PID=64993) to work on /Users/alookso/1007MLpj/myenv/lib/python3.10/site-packages/airflow/example_dags/tutorial_taskflow_api.py
[2024-10-11T00:21:35.259+0900] {processor.py:914} INFO - Processing file /Users/alookso/1007MLpj/myenv/lib/python3.10/site-packages/airflow/example_dags/tutorial_taskflow_api.py for tasks to queue
[2024-10-11T00:21:35.260+0900] {logging_mixin.py:190} INFO - [2024-10-11T00:21:35.260+0900] {dagbag.py:588} INFO - Filling up the DagBag from /Users/alookso/1007MLpj/myenv/lib/python3.10/site-packages/airflow/example_dags/tutorial_taskflow_api.py
[2024-10-11T00:21:35.303+0900] {processor.py:925} INFO - DAG(s) 'tutorial_taskflow_api' retrieved from /Users/alookso/1007MLpj/myenv/lib/python3.10/site-packages/airflow/example_dags/tutorial_taskflow_api.py
[2024-10-11T00:21:35.439+0900] {logging_mixin.py:190} INFO - [2024-10-11T00:21:35.438+0900] {dag.py:3239} INFO - Sync 1 DAGs
[2024-10-11T00:21:35.453+0900] {logging_mixin.py:190} INFO - [2024-10-11T00:21:35.453+0900] {dag.py:4180} INFO - Setting next_dagrun for tutorial_taskflow_api to None, run_after=None
[2024-10-11T00:21:35.471+0900] {processor.py:208} INFO - Processing /Users/alookso/1007MLpj/myenv/lib/python3.10/site-packages/airflow/example_dags/tutorial_taskflow_api.py took 0.219 seconds
[2024-10-11T00:24:07.819+0900] {processor.py:186} INFO - Started process (PID=65066) to work on /Users/alookso/1007MLpj/myenv/lib/python3.10/site-packages/airflow/example_dags/tutorial_taskflow_api.py
[2024-10-11T00:24:07.821+0900] {processor.py:914} INFO - Processing file /Users/alookso/1007MLpj/myenv/lib/python3.10/site-packages/airflow/example_dags/tutorial_taskflow_api.py for tasks to queue
[2024-10-11T00:24:07.822+0900] {logging_mixin.py:190} INFO - [2024-10-11T00:24:07.821+0900] {dagbag.py:588} INFO - Filling up the DagBag from /Users/alookso/1007MLpj/myenv/lib/python3.10/site-packages/airflow/example_dags/tutorial_taskflow_api.py
[2024-10-11T00:24:07.869+0900] {processor.py:925} INFO - DAG(s) 'tutorial_taskflow_api' retrieved from /Users/alookso/1007MLpj/myenv/lib/python3.10/site-packages/airflow/example_dags/tutorial_taskflow_api.py
[2024-10-11T00:24:08.007+0900] {logging_mixin.py:190} INFO - [2024-10-11T00:24:08.007+0900] {dag.py:3239} INFO - Sync 1 DAGs
[2024-10-11T00:24:08.022+0900] {logging_mixin.py:190} INFO - [2024-10-11T00:24:08.021+0900] {dag.py:4180} INFO - Setting next_dagrun for tutorial_taskflow_api to None, run_after=None
[2024-10-11T00:24:08.044+0900] {processor.py:208} INFO - Processing /Users/alookso/1007MLpj/myenv/lib/python3.10/site-packages/airflow/example_dags/tutorial_taskflow_api.py took 0.231 seconds
[2024-10-11T00:26:46.966+0900] {processor.py:186} INFO - Started process (PID=65170) to work on /Users/alookso/1007MLpj/myenv/lib/python3.10/site-packages/airflow/example_dags/tutorial_taskflow_api.py
[2024-10-11T00:26:46.967+0900] {processor.py:914} INFO - Processing file /Users/alookso/1007MLpj/myenv/lib/python3.10/site-packages/airflow/example_dags/tutorial_taskflow_api.py for tasks to queue
[2024-10-11T00:26:46.968+0900] {logging_mixin.py:190} INFO - [2024-10-11T00:26:46.968+0900] {dagbag.py:588} INFO - Filling up the DagBag from /Users/alookso/1007MLpj/myenv/lib/python3.10/site-packages/airflow/example_dags/tutorial_taskflow_api.py
[2024-10-11T00:26:47.008+0900] {processor.py:925} INFO - DAG(s) 'tutorial_taskflow_api' retrieved from /Users/alookso/1007MLpj/myenv/lib/python3.10/site-packages/airflow/example_dags/tutorial_taskflow_api.py
[2024-10-11T00:26:47.135+0900] {logging_mixin.py:190} INFO - [2024-10-11T00:26:47.135+0900] {dag.py:3239} INFO - Sync 1 DAGs
[2024-10-11T00:26:47.149+0900] {logging_mixin.py:190} INFO - [2024-10-11T00:26:47.148+0900] {dag.py:4180} INFO - Setting next_dagrun for tutorial_taskflow_api to None, run_after=None
[2024-10-11T00:26:47.168+0900] {processor.py:208} INFO - Processing /Users/alookso/1007MLpj/myenv/lib/python3.10/site-packages/airflow/example_dags/tutorial_taskflow_api.py took 0.206 seconds
[2024-10-11T00:30:23.104+0900] {processor.py:186} INFO - Started process (PID=65371) to work on /Users/alookso/1007MLpj/myenv/lib/python3.10/site-packages/airflow/example_dags/tutorial_taskflow_api.py
[2024-10-11T00:30:23.105+0900] {processor.py:914} INFO - Processing file /Users/alookso/1007MLpj/myenv/lib/python3.10/site-packages/airflow/example_dags/tutorial_taskflow_api.py for tasks to queue
[2024-10-11T00:30:23.106+0900] {logging_mixin.py:190} INFO - [2024-10-11T00:30:23.105+0900] {dagbag.py:588} INFO - Filling up the DagBag from /Users/alookso/1007MLpj/myenv/lib/python3.10/site-packages/airflow/example_dags/tutorial_taskflow_api.py
[2024-10-11T00:30:23.146+0900] {processor.py:925} INFO - DAG(s) 'tutorial_taskflow_api' retrieved from /Users/alookso/1007MLpj/myenv/lib/python3.10/site-packages/airflow/example_dags/tutorial_taskflow_api.py
[2024-10-11T00:30:23.276+0900] {logging_mixin.py:190} INFO - [2024-10-11T00:30:23.276+0900] {dag.py:3239} INFO - Sync 1 DAGs
[2024-10-11T00:30:23.291+0900] {logging_mixin.py:190} INFO - [2024-10-11T00:30:23.291+0900] {dag.py:4180} INFO - Setting next_dagrun for tutorial_taskflow_api to None, run_after=None
[2024-10-11T00:30:23.311+0900] {processor.py:208} INFO - Processing /Users/alookso/1007MLpj/myenv/lib/python3.10/site-packages/airflow/example_dags/tutorial_taskflow_api.py took 0.212 seconds
[2024-10-11T00:33:57.568+0900] {processor.py:186} INFO - Started process (PID=65521) to work on /Users/alookso/1007MLpj/myenv/lib/python3.10/site-packages/airflow/example_dags/tutorial_taskflow_api.py
[2024-10-11T00:33:57.568+0900] {processor.py:914} INFO - Processing file /Users/alookso/1007MLpj/myenv/lib/python3.10/site-packages/airflow/example_dags/tutorial_taskflow_api.py for tasks to queue
[2024-10-11T00:33:57.569+0900] {logging_mixin.py:190} INFO - [2024-10-11T00:33:57.569+0900] {dagbag.py:588} INFO - Filling up the DagBag from /Users/alookso/1007MLpj/myenv/lib/python3.10/site-packages/airflow/example_dags/tutorial_taskflow_api.py
[2024-10-11T00:33:57.611+0900] {processor.py:925} INFO - DAG(s) 'tutorial_taskflow_api' retrieved from /Users/alookso/1007MLpj/myenv/lib/python3.10/site-packages/airflow/example_dags/tutorial_taskflow_api.py
[2024-10-11T00:33:57.739+0900] {logging_mixin.py:190} INFO - [2024-10-11T00:33:57.738+0900] {dag.py:3239} INFO - Sync 1 DAGs
[2024-10-11T00:33:57.753+0900] {logging_mixin.py:190} INFO - [2024-10-11T00:33:57.753+0900] {dag.py:4180} INFO - Setting next_dagrun for tutorial_taskflow_api to None, run_after=None
[2024-10-11T00:33:57.772+0900] {processor.py:208} INFO - Processing /Users/alookso/1007MLpj/myenv/lib/python3.10/site-packages/airflow/example_dags/tutorial_taskflow_api.py took 0.210 seconds
[2024-10-11T00:37:48.571+0900] {processor.py:186} INFO - Started process (PID=65716) to work on /Users/alookso/1007MLpj/myenv/lib/python3.10/site-packages/airflow/example_dags/tutorial_taskflow_api.py
[2024-10-11T00:37:48.572+0900] {processor.py:914} INFO - Processing file /Users/alookso/1007MLpj/myenv/lib/python3.10/site-packages/airflow/example_dags/tutorial_taskflow_api.py for tasks to queue
[2024-10-11T00:37:48.573+0900] {logging_mixin.py:190} INFO - [2024-10-11T00:37:48.572+0900] {dagbag.py:588} INFO - Filling up the DagBag from /Users/alookso/1007MLpj/myenv/lib/python3.10/site-packages/airflow/example_dags/tutorial_taskflow_api.py
[2024-10-11T00:37:48.614+0900] {processor.py:925} INFO - DAG(s) 'tutorial_taskflow_api' retrieved from /Users/alookso/1007MLpj/myenv/lib/python3.10/site-packages/airflow/example_dags/tutorial_taskflow_api.py
[2024-10-11T00:37:48.748+0900] {logging_mixin.py:190} INFO - [2024-10-11T00:37:48.747+0900] {dag.py:3239} INFO - Sync 1 DAGs
[2024-10-11T00:37:48.761+0900] {logging_mixin.py:190} INFO - [2024-10-11T00:37:48.761+0900] {dag.py:4180} INFO - Setting next_dagrun for tutorial_taskflow_api to None, run_after=None
[2024-10-11T00:37:48.781+0900] {processor.py:208} INFO - Processing /Users/alookso/1007MLpj/myenv/lib/python3.10/site-packages/airflow/example_dags/tutorial_taskflow_api.py took 0.216 seconds
[2024-10-11T00:41:25.477+0900] {processor.py:186} INFO - Started process (PID=65900) to work on /Users/alookso/1007MLpj/myenv/lib/python3.10/site-packages/airflow/example_dags/tutorial_taskflow_api.py
[2024-10-11T00:41:25.478+0900] {processor.py:914} INFO - Processing file /Users/alookso/1007MLpj/myenv/lib/python3.10/site-packages/airflow/example_dags/tutorial_taskflow_api.py for tasks to queue
[2024-10-11T00:41:25.479+0900] {logging_mixin.py:190} INFO - [2024-10-11T00:41:25.479+0900] {dagbag.py:588} INFO - Filling up the DagBag from /Users/alookso/1007MLpj/myenv/lib/python3.10/site-packages/airflow/example_dags/tutorial_taskflow_api.py
[2024-10-11T00:41:25.520+0900] {processor.py:925} INFO - DAG(s) 'tutorial_taskflow_api' retrieved from /Users/alookso/1007MLpj/myenv/lib/python3.10/site-packages/airflow/example_dags/tutorial_taskflow_api.py
[2024-10-11T00:41:25.652+0900] {logging_mixin.py:190} INFO - [2024-10-11T00:41:25.652+0900] {dag.py:3239} INFO - Sync 1 DAGs
[2024-10-11T00:41:25.667+0900] {logging_mixin.py:190} INFO - [2024-10-11T00:41:25.667+0900] {dag.py:4180} INFO - Setting next_dagrun for tutorial_taskflow_api to None, run_after=None
[2024-10-11T00:41:25.692+0900] {processor.py:208} INFO - Processing /Users/alookso/1007MLpj/myenv/lib/python3.10/site-packages/airflow/example_dags/tutorial_taskflow_api.py took 0.219 seconds
[2024-10-11T00:44:46.972+0900] {processor.py:186} INFO - Started process (PID=66050) to work on /Users/alookso/1007MLpj/myenv/lib/python3.10/site-packages/airflow/example_dags/tutorial_taskflow_api.py
[2024-10-11T00:44:46.973+0900] {processor.py:914} INFO - Processing file /Users/alookso/1007MLpj/myenv/lib/python3.10/site-packages/airflow/example_dags/tutorial_taskflow_api.py for tasks to queue
[2024-10-11T00:44:46.974+0900] {logging_mixin.py:190} INFO - [2024-10-11T00:44:46.974+0900] {dagbag.py:588} INFO - Filling up the DagBag from /Users/alookso/1007MLpj/myenv/lib/python3.10/site-packages/airflow/example_dags/tutorial_taskflow_api.py
[2024-10-11T00:44:47.017+0900] {processor.py:925} INFO - DAG(s) 'tutorial_taskflow_api' retrieved from /Users/alookso/1007MLpj/myenv/lib/python3.10/site-packages/airflow/example_dags/tutorial_taskflow_api.py
[2024-10-11T00:44:47.148+0900] {logging_mixin.py:190} INFO - [2024-10-11T00:44:47.148+0900] {dag.py:3239} INFO - Sync 1 DAGs
[2024-10-11T00:44:47.163+0900] {logging_mixin.py:190} INFO - [2024-10-11T00:44:47.163+0900] {dag.py:4180} INFO - Setting next_dagrun for tutorial_taskflow_api to None, run_after=None
[2024-10-11T00:44:47.183+0900] {processor.py:208} INFO - Processing /Users/alookso/1007MLpj/myenv/lib/python3.10/site-packages/airflow/example_dags/tutorial_taskflow_api.py took 0.215 seconds
[2024-10-11T00:47:21.613+0900] {processor.py:186} INFO - Started process (PID=66130) to work on /Users/alookso/1007MLpj/myenv/lib/python3.10/site-packages/airflow/example_dags/tutorial_taskflow_api.py
[2024-10-11T00:47:21.614+0900] {processor.py:914} INFO - Processing file /Users/alookso/1007MLpj/myenv/lib/python3.10/site-packages/airflow/example_dags/tutorial_taskflow_api.py for tasks to queue
[2024-10-11T00:47:21.615+0900] {logging_mixin.py:190} INFO - [2024-10-11T00:47:21.615+0900] {dagbag.py:588} INFO - Filling up the DagBag from /Users/alookso/1007MLpj/myenv/lib/python3.10/site-packages/airflow/example_dags/tutorial_taskflow_api.py
[2024-10-11T00:47:21.654+0900] {processor.py:925} INFO - DAG(s) 'tutorial_taskflow_api' retrieved from /Users/alookso/1007MLpj/myenv/lib/python3.10/site-packages/airflow/example_dags/tutorial_taskflow_api.py
[2024-10-11T00:47:21.779+0900] {logging_mixin.py:190} INFO - [2024-10-11T00:47:21.779+0900] {dag.py:3239} INFO - Sync 1 DAGs
[2024-10-11T00:47:21.792+0900] {logging_mixin.py:190} INFO - [2024-10-11T00:47:21.792+0900] {dag.py:4180} INFO - Setting next_dagrun for tutorial_taskflow_api to None, run_after=None
[2024-10-11T00:47:21.811+0900] {processor.py:208} INFO - Processing /Users/alookso/1007MLpj/myenv/lib/python3.10/site-packages/airflow/example_dags/tutorial_taskflow_api.py took 0.202 seconds
[2024-10-11T00:49:08.103+0900] {processor.py:186} INFO - Started process (PID=66268) to work on /Users/alookso/1007MLpj/myenv/lib/python3.10/site-packages/airflow/example_dags/tutorial_taskflow_api.py
[2024-10-11T00:49:08.104+0900] {processor.py:914} INFO - Processing file /Users/alookso/1007MLpj/myenv/lib/python3.10/site-packages/airflow/example_dags/tutorial_taskflow_api.py for tasks to queue
[2024-10-11T00:49:08.105+0900] {logging_mixin.py:190} INFO - [2024-10-11T00:49:08.105+0900] {dagbag.py:588} INFO - Filling up the DagBag from /Users/alookso/1007MLpj/myenv/lib/python3.10/site-packages/airflow/example_dags/tutorial_taskflow_api.py
[2024-10-11T00:49:08.145+0900] {processor.py:925} INFO - DAG(s) 'tutorial_taskflow_api' retrieved from /Users/alookso/1007MLpj/myenv/lib/python3.10/site-packages/airflow/example_dags/tutorial_taskflow_api.py
[2024-10-11T00:49:08.275+0900] {logging_mixin.py:190} INFO - [2024-10-11T00:49:08.275+0900] {dag.py:3239} INFO - Sync 1 DAGs
[2024-10-11T00:49:08.290+0900] {logging_mixin.py:190} INFO - [2024-10-11T00:49:08.289+0900] {dag.py:4180} INFO - Setting next_dagrun for tutorial_taskflow_api to None, run_after=None
[2024-10-11T00:49:08.309+0900] {processor.py:208} INFO - Processing /Users/alookso/1007MLpj/myenv/lib/python3.10/site-packages/airflow/example_dags/tutorial_taskflow_api.py took 0.211 seconds
[2024-10-11T00:52:13.048+0900] {processor.py:186} INFO - Started process (PID=66438) to work on /Users/alookso/1007MLpj/myenv/lib/python3.10/site-packages/airflow/example_dags/tutorial_taskflow_api.py
[2024-10-11T00:52:13.049+0900] {processor.py:914} INFO - Processing file /Users/alookso/1007MLpj/myenv/lib/python3.10/site-packages/airflow/example_dags/tutorial_taskflow_api.py for tasks to queue
[2024-10-11T00:52:13.050+0900] {logging_mixin.py:190} INFO - [2024-10-11T00:52:13.050+0900] {dagbag.py:588} INFO - Filling up the DagBag from /Users/alookso/1007MLpj/myenv/lib/python3.10/site-packages/airflow/example_dags/tutorial_taskflow_api.py
[2024-10-11T00:52:13.091+0900] {processor.py:925} INFO - DAG(s) 'tutorial_taskflow_api' retrieved from /Users/alookso/1007MLpj/myenv/lib/python3.10/site-packages/airflow/example_dags/tutorial_taskflow_api.py
[2024-10-11T00:52:13.278+0900] {logging_mixin.py:190} INFO - [2024-10-11T00:52:13.278+0900] {dag.py:3239} INFO - Sync 1 DAGs
[2024-10-11T00:52:13.294+0900] {logging_mixin.py:190} INFO - [2024-10-11T00:52:13.294+0900] {dag.py:4180} INFO - Setting next_dagrun for tutorial_taskflow_api to None, run_after=None
[2024-10-11T00:52:13.315+0900] {processor.py:208} INFO - Processing /Users/alookso/1007MLpj/myenv/lib/python3.10/site-packages/airflow/example_dags/tutorial_taskflow_api.py took 0.271 seconds
