[2024-10-10T15:44:19.559+0900] {local_task_job_runner.py:123} INFO - ::group::Pre task execution logs
[2024-10-10T15:44:19.572+0900] {taskinstance.py:2612} INFO - Dependencies all met for dep_context=non-requeueable deps ti=<TaskInstance: 1_handwriting_dag.new_data_sensor manual__2024-10-10T06:44:07.946117+00:00 [queued]>
[2024-10-10T15:44:19.579+0900] {taskinstance.py:2612} INFO - Dependencies all met for dep_context=requeueable deps ti=<TaskInstance: 1_handwriting_dag.new_data_sensor manual__2024-10-10T06:44:07.946117+00:00 [queued]>
[2024-10-10T15:44:19.579+0900] {taskinstance.py:2865} INFO - Starting attempt 1 of 2
[2024-10-10T15:44:19.592+0900] {taskinstance.py:2888} INFO - Executing <Task(FileSensor): new_data_sensor> on 2024-10-10 06:44:07.946117+00:00
[2024-10-10T15:44:19.609+0900] {standard_task_runner.py:72} INFO - Started process 56539 to run task
[2024-10-10T15:44:19.621+0900] {standard_task_runner.py:104} INFO - Running: ['airflow', 'tasks', 'run', '1_handwriting_dag', 'new_data_sensor', 'manual__2024-10-10T06:44:07.946117+00:00', '--job-id', '6', '--raw', '--subdir', 'DAGS_FOLDER/model_dag.py', '--cfg-path', '/var/folders/tx/bcbxk5bj33x4r2rt041m7bmr0000gn/T/tmpnra_vtxh']
[2024-10-10T15:44:19.623+0900] {standard_task_runner.py:105} INFO - Job 6: Subtask new_data_sensor
[2024-10-10T15:44:19.680+0900] {task_command.py:467} INFO - Running <TaskInstance: 1_handwriting_dag.new_data_sensor manual__2024-10-10T06:44:07.946117+00:00 [running]> on host hyowon-kim-macbook-pro.local
[2024-10-10T15:44:19.750+0900] {taskinstance.py:3131} INFO - Exporting env vars: AIRFLOW_CTX_DAG_OWNER='airflow' AIRFLOW_CTX_DAG_ID='1_handwriting_dag' AIRFLOW_CTX_TASK_ID='new_data_sensor' AIRFLOW_CTX_EXECUTION_DATE='2024-10-10T06:44:07.946117+00:00' AIRFLOW_CTX_TRY_NUMBER='1' AIRFLOW_CTX_DAG_RUN_ID='manual__2024-10-10T06:44:07.946117+00:00'
[2024-10-10T15:44:19.752+0900] {logging_mixin.py:190} INFO - Task instance is in running state
[2024-10-10T15:44:19.753+0900] {logging_mixin.py:190} INFO -  Previous state of the Task instance: queued
[2024-10-10T15:44:19.754+0900] {logging_mixin.py:190} INFO - Current task name:new_data_sensor state:running start_date:2024-10-10 06:44:19.572432+00:00
[2024-10-10T15:44:19.754+0900] {logging_mixin.py:190} INFO - Dag name:1_handwriting_dag and current dag run status:running
[2024-10-10T15:44:19.755+0900] {taskinstance.py:731} INFO - ::endgroup::
[2024-10-10T15:44:19.755+0900] {baseoperator.py:405} WARNING - FileSensor.execute cannot be called outside TaskInstance!
[2024-10-10T15:44:19.763+0900] {base.py:84} INFO - Retrieving connection 'file_sensor'
[2024-10-10T15:44:19.764+0900] {filesystem.py:109} INFO - Poking for file /Users/alookso/1010LMpj/ml-project-ml-pjt-7/saved_images
[2024-10-10T15:44:19.766+0900] {base.py:336} INFO - Success criteria met. Exiting.
[2024-10-10T15:44:19.767+0900] {filesystem.py:109} INFO - Poking for file /Users/alookso/1010LMpj/ml-project-ml-pjt-7/saved_images
[2024-10-10T15:44:19.773+0900] {taskinstance.py:340} INFO - ::group::Post task execution logs
[2024-10-10T15:44:19.774+0900] {taskinstance.py:352} INFO - Marking task as SUCCESS. dag_id=1_handwriting_dag, task_id=new_data_sensor, run_id=manual__2024-10-10T06:44:07.946117+00:00, execution_date=20241010T064407, start_date=20241010T064419, end_date=20241010T064419
[2024-10-10T15:44:19.782+0900] {logging_mixin.py:190} INFO - Task instance in success state
[2024-10-10T15:44:19.782+0900] {logging_mixin.py:190} INFO -  Previous state of the Task instance: running
[2024-10-10T15:44:19.783+0900] {logging_mixin.py:190} INFO - Dag name:1_handwriting_dag queued_at:2024-10-10 06:44:07.963351+00:00
[2024-10-10T15:44:19.783+0900] {logging_mixin.py:190} INFO - Task hostname:hyowon-kim-macbook-pro.local operator:FileSensor
[2024-10-10T15:44:19.801+0900] {local_task_job_runner.py:266} INFO - Task exited with return code 0
[2024-10-10T15:44:19.829+0900] {taskinstance.py:3900} INFO - 1 downstream tasks scheduled from follow-on schedule check
[2024-10-10T15:44:19.831+0900] {local_task_job_runner.py:245} INFO - ::endgroup::
