[2024-10-08T18:00:02.385+0900] {local_task_job_runner.py:123} INFO - ::group::Pre task execution logs
[2024-10-08T18:00:02.397+0900] {taskinstance.py:2612} INFO - Dependencies all met for dep_context=non-requeueable deps ti=<TaskInstance: first_dags.print_hello_task manual__2024-10-08T08:59:52.175133+00:00 [queued]>
[2024-10-08T18:00:02.404+0900] {taskinstance.py:2612} INFO - Dependencies all met for dep_context=requeueable deps ti=<TaskInstance: first_dags.print_hello_task manual__2024-10-08T08:59:52.175133+00:00 [queued]>
[2024-10-08T18:00:02.404+0900] {taskinstance.py:2865} INFO - Starting attempt 1 of 1
[2024-10-08T18:00:02.417+0900] {taskinstance.py:2888} INFO - Executing <Task(PythonOperator): print_hello_task> on 2024-10-08 08:59:52.175133+00:00
[2024-10-08T18:00:02.424+0900] {standard_task_runner.py:72} INFO - Started process 27506 to run task
[2024-10-08T18:00:02.433+0900] {standard_task_runner.py:104} INFO - Running: ['airflow', 'tasks', 'run', 'first_dags', 'print_hello_task', 'manual__2024-10-08T08:59:52.175133+00:00', '--job-id', '17', '--raw', '--subdir', 'DAGS_FOLDER/hw_test_dag.py', '--cfg-path', '/var/folders/tx/bcbxk5bj33x4r2rt041m7bmr0000gn/T/tmp6yipw6ff']
[2024-10-08T18:00:02.435+0900] {standard_task_runner.py:105} INFO - Job 17: Subtask print_hello_task
[2024-10-08T18:00:02.488+0900] {task_command.py:467} INFO - Running <TaskInstance: first_dags.print_hello_task manual__2024-10-08T08:59:52.175133+00:00 [running]> on host hyowon-kim-macbook-pro.local
[2024-10-08T18:00:02.572+0900] {taskinstance.py:3131} INFO - Exporting env vars: AIRFLOW_CTX_DAG_OWNER='airflow' AIRFLOW_CTX_DAG_ID='first_dags' AIRFLOW_CTX_TASK_ID='print_hello_task' AIRFLOW_CTX_EXECUTION_DATE='2024-10-08T08:59:52.175133+00:00' AIRFLOW_CTX_TRY_NUMBER='1' AIRFLOW_CTX_DAG_RUN_ID='manual__2024-10-08T08:59:52.175133+00:00'
[2024-10-08T18:00:02.574+0900] {logging_mixin.py:190} INFO - Task instance is in running state
[2024-10-08T18:00:02.575+0900] {logging_mixin.py:190} INFO -  Previous state of the Task instance: queued
[2024-10-08T18:00:02.575+0900] {logging_mixin.py:190} INFO - Current task name:print_hello_task state:running start_date:2024-10-08 09:00:02.398113+00:00
[2024-10-08T18:00:02.576+0900] {logging_mixin.py:190} INFO - Dag name:first_dags and current dag run status:running
[2024-10-08T18:00:02.576+0900] {taskinstance.py:731} INFO - ::endgroup::
[2024-10-08T18:00:02.577+0900] {logging_mixin.py:190} INFO - Hello Airflow!
[2024-10-08T18:00:02.578+0900] {python.py:240} INFO - Done. Returned value was: None
[2024-10-08T18:00:02.583+0900] {taskinstance.py:340} INFO - ::group::Post task execution logs
[2024-10-08T18:00:02.584+0900] {taskinstance.py:352} INFO - Marking task as SUCCESS. dag_id=first_dags, task_id=print_hello_task, run_id=manual__2024-10-08T08:59:52.175133+00:00, execution_date=20241008T085952, start_date=20241008T090002, end_date=20241008T090002
[2024-10-08T18:00:02.592+0900] {logging_mixin.py:190} INFO - Task instance in success state
[2024-10-08T18:00:02.592+0900] {logging_mixin.py:190} INFO -  Previous state of the Task instance: running
[2024-10-08T18:00:02.593+0900] {logging_mixin.py:190} INFO - Dag name:first_dags queued_at:2024-10-08 08:59:52.197713+00:00
[2024-10-08T18:00:02.593+0900] {logging_mixin.py:190} INFO - Task hostname:hyowon-kim-macbook-pro.local operator:PythonOperator
[2024-10-08T18:00:02.616+0900] {local_task_job_runner.py:266} INFO - Task exited with return code 0
[2024-10-08T18:00:02.633+0900] {taskinstance.py:3900} INFO - 0 downstream tasks scheduled from follow-on schedule check
[2024-10-08T18:00:02.634+0900] {local_task_job_runner.py:245} INFO - ::endgroup::
