[2024-10-11T00:48:39.369+0900] {local_task_job_runner.py:123} INFO - ::group::Pre task execution logs
[2024-10-11T00:48:39.384+0900] {taskinstance.py:2612} INFO - Dependencies all met for dep_context=non-requeueable deps ti=<TaskInstance: handwriting_dag.preprocessing_new_data manual__2024-10-10T15:48:20.275137+00:00 [queued]>
[2024-10-11T00:48:39.391+0900] {taskinstance.py:2612} INFO - Dependencies all met for dep_context=requeueable deps ti=<TaskInstance: handwriting_dag.preprocessing_new_data manual__2024-10-10T15:48:20.275137+00:00 [queued]>
[2024-10-11T00:48:39.391+0900] {taskinstance.py:2865} INFO - Starting attempt 1 of 2
[2024-10-11T00:48:39.404+0900] {taskinstance.py:2888} INFO - Executing <Task(PythonOperator): preprocessing_new_data> on 2024-10-10 15:48:20.275137+00:00
[2024-10-11T00:48:39.419+0900] {standard_task_runner.py:72} INFO - Started process 66238 to run task
[2024-10-11T00:48:39.431+0900] {standard_task_runner.py:104} INFO - Running: ['airflow', 'tasks', 'run', 'handwriting_dag', 'preprocessing_new_data', 'manual__2024-10-10T15:48:20.275137+00:00', '--job-id', '55', '--raw', '--subdir', 'DAGS_FOLDER/model_dag.py', '--cfg-path', '/var/folders/tx/bcbxk5bj33x4r2rt041m7bmr0000gn/T/tmpgc68699g']
[2024-10-11T00:48:39.433+0900] {standard_task_runner.py:105} INFO - Job 55: Subtask preprocessing_new_data
[2024-10-11T00:48:39.499+0900] {task_command.py:467} INFO - Running <TaskInstance: handwriting_dag.preprocessing_new_data manual__2024-10-10T15:48:20.275137+00:00 [running]> on host hyowon-kim-macbook-pro.local
[2024-10-11T00:48:39.571+0900] {taskinstance.py:3131} INFO - Exporting env vars: AIRFLOW_CTX_DAG_OWNER='airflow' AIRFLOW_CTX_DAG_ID='handwriting_dag' AIRFLOW_CTX_TASK_ID='preprocessing_new_data' AIRFLOW_CTX_EXECUTION_DATE='2024-10-10T15:48:20.275137+00:00' AIRFLOW_CTX_TRY_NUMBER='1' AIRFLOW_CTX_DAG_RUN_ID='manual__2024-10-10T15:48:20.275137+00:00'
[2024-10-11T00:48:39.573+0900] {logging_mixin.py:190} INFO - Task instance is in running state
[2024-10-11T00:48:39.573+0900] {logging_mixin.py:190} INFO -  Previous state of the Task instance: queued
[2024-10-11T00:48:39.574+0900] {logging_mixin.py:190} INFO - Current task name:preprocessing_new_data state:running start_date:2024-10-10 15:48:39.384456+00:00
[2024-10-11T00:48:39.575+0900] {logging_mixin.py:190} INFO - Dag name:handwriting_dag and current dag run status:running
[2024-10-11T00:48:39.575+0900] {taskinstance.py:731} INFO - ::endgroup::
[2024-10-11T00:48:39.597+0900] {model_dag.py:60} INFO - Processed image: 5.png
[2024-10-11T00:48:39.599+0900] {model_dag.py:60} INFO - Processed image: 2.png
[2024-10-11T00:48:39.600+0900] {model_dag.py:60} INFO - Processed image: 3.png
[2024-10-11T00:48:39.602+0900] {model_dag.py:60} INFO - Processed image: 1.png
[2024-10-11T00:48:39.602+0900] {model_dag.py:65} INFO - Processed 4 new images
[2024-10-11T00:48:39.603+0900] {python.py:240} INFO - Done. Returned value was: {'processed_files': ['/Users/alookso/1010LMpj/ml-project-ml-pjt-7/processed_data/processed_5.png.pt', '/Users/alookso/1010LMpj/ml-project-ml-pjt-7/processed_data/processed_2.png.pt', '/Users/alookso/1010LMpj/ml-project-ml-pjt-7/processed_data/processed_3.png.pt', '/Users/alookso/1010LMpj/ml-project-ml-pjt-7/processed_data/processed_1.png.pt'], 'labels': [5, 2, 3, 1]}
[2024-10-11T00:48:39.618+0900] {taskinstance.py:340} INFO - ::group::Post task execution logs
[2024-10-11T00:48:39.619+0900] {taskinstance.py:352} INFO - Marking task as SUCCESS. dag_id=handwriting_dag, task_id=preprocessing_new_data, run_id=manual__2024-10-10T15:48:20.275137+00:00, execution_date=20241010T154820, start_date=20241010T154839, end_date=20241010T154839
[2024-10-11T00:48:39.626+0900] {logging_mixin.py:190} INFO - Task instance in success state
[2024-10-11T00:48:39.626+0900] {logging_mixin.py:190} INFO -  Previous state of the Task instance: running
[2024-10-11T00:48:39.627+0900] {logging_mixin.py:190} INFO - Dag name:handwriting_dag queued_at:2024-10-10 15:48:20.285682+00:00
[2024-10-11T00:48:39.627+0900] {logging_mixin.py:190} INFO - Task hostname:hyowon-kim-macbook-pro.local operator:PythonOperator
[2024-10-11T00:48:39.654+0900] {local_task_job_runner.py:266} INFO - Task exited with return code 0
[2024-10-11T00:48:39.677+0900] {taskinstance.py:3900} INFO - 1 downstream tasks scheduled from follow-on schedule check
[2024-10-11T00:48:39.680+0900] {local_task_job_runner.py:245} INFO - ::endgroup::
