[2024-10-08T14:43:11.367+0900] {processor.py:186} INFO - Started process (PID=22230) to work on /Users/alookso/1007MLpj/myenv/lib/python3.10/site-packages/airflow/example_dags/plugins/event_listener.py
[2024-10-08T14:43:11.368+0900] {processor.py:914} INFO - Processing file /Users/alookso/1007MLpj/myenv/lib/python3.10/site-packages/airflow/example_dags/plugins/event_listener.py for tasks to queue
[2024-10-08T14:43:11.369+0900] {logging_mixin.py:190} INFO - [2024-10-08T14:43:11.369+0900] {dagbag.py:588} INFO - Filling up the DagBag from /Users/alookso/1007MLpj/myenv/lib/python3.10/site-packages/airflow/example_dags/plugins/event_listener.py
[2024-10-08T14:43:11.370+0900] {processor.py:927} WARNING - No viable dags retrieved from /Users/alookso/1007MLpj/myenv/lib/python3.10/site-packages/airflow/example_dags/plugins/event_listener.py
[2024-10-08T14:43:11.502+0900] {processor.py:208} INFO - Processing /Users/alookso/1007MLpj/myenv/lib/python3.10/site-packages/airflow/example_dags/plugins/event_listener.py took 0.140 seconds
[2024-10-08T14:47:01.176+0900] {processor.py:186} INFO - Started process (PID=22321) to work on /Users/alookso/1007MLpj/myenv/lib/python3.10/site-packages/airflow/example_dags/plugins/event_listener.py
[2024-10-08T14:47:01.177+0900] {processor.py:914} INFO - Processing file /Users/alookso/1007MLpj/myenv/lib/python3.10/site-packages/airflow/example_dags/plugins/event_listener.py for tasks to queue
[2024-10-08T14:47:01.178+0900] {logging_mixin.py:190} INFO - [2024-10-08T14:47:01.178+0900] {dagbag.py:588} INFO - Filling up the DagBag from /Users/alookso/1007MLpj/myenv/lib/python3.10/site-packages/airflow/example_dags/plugins/event_listener.py
[2024-10-08T14:47:01.179+0900] {processor.py:927} WARNING - No viable dags retrieved from /Users/alookso/1007MLpj/myenv/lib/python3.10/site-packages/airflow/example_dags/plugins/event_listener.py
[2024-10-08T14:47:01.306+0900] {processor.py:208} INFO - Processing /Users/alookso/1007MLpj/myenv/lib/python3.10/site-packages/airflow/example_dags/plugins/event_listener.py took 0.135 seconds
[2024-10-08T14:50:10.008+0900] {processor.py:186} INFO - Started process (PID=22400) to work on /Users/alookso/1007MLpj/myenv/lib/python3.10/site-packages/airflow/example_dags/plugins/event_listener.py
[2024-10-08T14:50:10.009+0900] {processor.py:914} INFO - Processing file /Users/alookso/1007MLpj/myenv/lib/python3.10/site-packages/airflow/example_dags/plugins/event_listener.py for tasks to queue
[2024-10-08T14:50:10.010+0900] {logging_mixin.py:190} INFO - [2024-10-08T14:50:10.010+0900] {dagbag.py:588} INFO - Filling up the DagBag from /Users/alookso/1007MLpj/myenv/lib/python3.10/site-packages/airflow/example_dags/plugins/event_listener.py
[2024-10-08T14:50:10.011+0900] {processor.py:927} WARNING - No viable dags retrieved from /Users/alookso/1007MLpj/myenv/lib/python3.10/site-packages/airflow/example_dags/plugins/event_listener.py
[2024-10-08T14:50:10.138+0900] {processor.py:208} INFO - Processing /Users/alookso/1007MLpj/myenv/lib/python3.10/site-packages/airflow/example_dags/plugins/event_listener.py took 0.134 seconds
[2024-10-08T14:53:17.849+0900] {processor.py:186} INFO - Started process (PID=22501) to work on /Users/alookso/1007MLpj/myenv/lib/python3.10/site-packages/airflow/example_dags/plugins/event_listener.py
[2024-10-08T14:53:17.850+0900] {processor.py:914} INFO - Processing file /Users/alookso/1007MLpj/myenv/lib/python3.10/site-packages/airflow/example_dags/plugins/event_listener.py for tasks to queue
[2024-10-08T14:53:17.851+0900] {logging_mixin.py:190} INFO - [2024-10-08T14:53:17.851+0900] {dagbag.py:588} INFO - Filling up the DagBag from /Users/alookso/1007MLpj/myenv/lib/python3.10/site-packages/airflow/example_dags/plugins/event_listener.py
[2024-10-08T14:53:17.853+0900] {processor.py:927} WARNING - No viable dags retrieved from /Users/alookso/1007MLpj/myenv/lib/python3.10/site-packages/airflow/example_dags/plugins/event_listener.py
[2024-10-08T14:53:17.975+0900] {processor.py:208} INFO - Processing /Users/alookso/1007MLpj/myenv/lib/python3.10/site-packages/airflow/example_dags/plugins/event_listener.py took 0.130 seconds
[2024-10-08T14:56:26.144+0900] {processor.py:186} INFO - Started process (PID=22628) to work on /Users/alookso/1007MLpj/myenv/lib/python3.10/site-packages/airflow/example_dags/plugins/event_listener.py
[2024-10-08T14:56:26.144+0900] {processor.py:914} INFO - Processing file /Users/alookso/1007MLpj/myenv/lib/python3.10/site-packages/airflow/example_dags/plugins/event_listener.py for tasks to queue
[2024-10-08T14:56:26.145+0900] {logging_mixin.py:190} INFO - [2024-10-08T14:56:26.145+0900] {dagbag.py:588} INFO - Filling up the DagBag from /Users/alookso/1007MLpj/myenv/lib/python3.10/site-packages/airflow/example_dags/plugins/event_listener.py
[2024-10-08T14:56:26.146+0900] {processor.py:927} WARNING - No viable dags retrieved from /Users/alookso/1007MLpj/myenv/lib/python3.10/site-packages/airflow/example_dags/plugins/event_listener.py
[2024-10-08T14:56:26.270+0900] {processor.py:208} INFO - Processing /Users/alookso/1007MLpj/myenv/lib/python3.10/site-packages/airflow/example_dags/plugins/event_listener.py took 0.131 seconds
[2024-10-08T14:59:33.297+0900] {processor.py:186} INFO - Started process (PID=22738) to work on /Users/alookso/1007MLpj/myenv/lib/python3.10/site-packages/airflow/example_dags/plugins/event_listener.py
[2024-10-08T14:59:33.297+0900] {processor.py:914} INFO - Processing file /Users/alookso/1007MLpj/myenv/lib/python3.10/site-packages/airflow/example_dags/plugins/event_listener.py for tasks to queue
[2024-10-08T14:59:33.298+0900] {logging_mixin.py:190} INFO - [2024-10-08T14:59:33.298+0900] {dagbag.py:588} INFO - Filling up the DagBag from /Users/alookso/1007MLpj/myenv/lib/python3.10/site-packages/airflow/example_dags/plugins/event_listener.py
[2024-10-08T14:59:33.299+0900] {processor.py:927} WARNING - No viable dags retrieved from /Users/alookso/1007MLpj/myenv/lib/python3.10/site-packages/airflow/example_dags/plugins/event_listener.py
[2024-10-08T14:59:33.427+0900] {processor.py:208} INFO - Processing /Users/alookso/1007MLpj/myenv/lib/python3.10/site-packages/airflow/example_dags/plugins/event_listener.py took 0.134 seconds
[2024-10-08T15:02:44.354+0900] {processor.py:186} INFO - Started process (PID=22824) to work on /Users/alookso/1007MLpj/myenv/lib/python3.10/site-packages/airflow/example_dags/plugins/event_listener.py
[2024-10-08T15:02:44.354+0900] {processor.py:914} INFO - Processing file /Users/alookso/1007MLpj/myenv/lib/python3.10/site-packages/airflow/example_dags/plugins/event_listener.py for tasks to queue
[2024-10-08T15:02:44.355+0900] {logging_mixin.py:190} INFO - [2024-10-08T15:02:44.355+0900] {dagbag.py:588} INFO - Filling up the DagBag from /Users/alookso/1007MLpj/myenv/lib/python3.10/site-packages/airflow/example_dags/plugins/event_listener.py
[2024-10-08T15:02:44.356+0900] {processor.py:927} WARNING - No viable dags retrieved from /Users/alookso/1007MLpj/myenv/lib/python3.10/site-packages/airflow/example_dags/plugins/event_listener.py
[2024-10-08T15:02:44.487+0900] {processor.py:208} INFO - Processing /Users/alookso/1007MLpj/myenv/lib/python3.10/site-packages/airflow/example_dags/plugins/event_listener.py took 0.139 seconds
[2024-10-08T15:05:48.691+0900] {processor.py:186} INFO - Started process (PID=22908) to work on /Users/alookso/1007MLpj/myenv/lib/python3.10/site-packages/airflow/example_dags/plugins/event_listener.py
[2024-10-08T15:05:48.692+0900] {processor.py:914} INFO - Processing file /Users/alookso/1007MLpj/myenv/lib/python3.10/site-packages/airflow/example_dags/plugins/event_listener.py for tasks to queue
[2024-10-08T15:05:48.692+0900] {logging_mixin.py:190} INFO - [2024-10-08T15:05:48.692+0900] {dagbag.py:588} INFO - Filling up the DagBag from /Users/alookso/1007MLpj/myenv/lib/python3.10/site-packages/airflow/example_dags/plugins/event_listener.py
[2024-10-08T15:05:48.694+0900] {processor.py:927} WARNING - No viable dags retrieved from /Users/alookso/1007MLpj/myenv/lib/python3.10/site-packages/airflow/example_dags/plugins/event_listener.py
[2024-10-08T15:05:48.816+0900] {processor.py:208} INFO - Processing /Users/alookso/1007MLpj/myenv/lib/python3.10/site-packages/airflow/example_dags/plugins/event_listener.py took 0.130 seconds
[2024-10-08T15:08:55.790+0900] {processor.py:186} INFO - Started process (PID=23031) to work on /Users/alookso/1007MLpj/myenv/lib/python3.10/site-packages/airflow/example_dags/plugins/event_listener.py
[2024-10-08T15:08:55.791+0900] {processor.py:914} INFO - Processing file /Users/alookso/1007MLpj/myenv/lib/python3.10/site-packages/airflow/example_dags/plugins/event_listener.py for tasks to queue
[2024-10-08T15:08:55.792+0900] {logging_mixin.py:190} INFO - [2024-10-08T15:08:55.791+0900] {dagbag.py:588} INFO - Filling up the DagBag from /Users/alookso/1007MLpj/myenv/lib/python3.10/site-packages/airflow/example_dags/plugins/event_listener.py
[2024-10-08T15:08:55.793+0900] {processor.py:927} WARNING - No viable dags retrieved from /Users/alookso/1007MLpj/myenv/lib/python3.10/site-packages/airflow/example_dags/plugins/event_listener.py
[2024-10-08T15:08:55.915+0900] {processor.py:208} INFO - Processing /Users/alookso/1007MLpj/myenv/lib/python3.10/site-packages/airflow/example_dags/plugins/event_listener.py took 0.129 seconds
[2024-10-08T15:11:55.021+0900] {processor.py:186} INFO - Started process (PID=23125) to work on /Users/alookso/1007MLpj/myenv/lib/python3.10/site-packages/airflow/example_dags/plugins/event_listener.py
[2024-10-08T15:11:55.022+0900] {processor.py:914} INFO - Processing file /Users/alookso/1007MLpj/myenv/lib/python3.10/site-packages/airflow/example_dags/plugins/event_listener.py for tasks to queue
[2024-10-08T15:11:55.023+0900] {logging_mixin.py:190} INFO - [2024-10-08T15:11:55.022+0900] {dagbag.py:588} INFO - Filling up the DagBag from /Users/alookso/1007MLpj/myenv/lib/python3.10/site-packages/airflow/example_dags/plugins/event_listener.py
[2024-10-08T15:11:55.024+0900] {processor.py:927} WARNING - No viable dags retrieved from /Users/alookso/1007MLpj/myenv/lib/python3.10/site-packages/airflow/example_dags/plugins/event_listener.py
[2024-10-08T15:11:55.142+0900] {processor.py:208} INFO - Processing /Users/alookso/1007MLpj/myenv/lib/python3.10/site-packages/airflow/example_dags/plugins/event_listener.py took 0.126 seconds
[2024-10-08T15:14:52.860+0900] {processor.py:186} INFO - Started process (PID=23205) to work on /Users/alookso/1007MLpj/myenv/lib/python3.10/site-packages/airflow/example_dags/plugins/event_listener.py
[2024-10-08T15:14:52.861+0900] {processor.py:914} INFO - Processing file /Users/alookso/1007MLpj/myenv/lib/python3.10/site-packages/airflow/example_dags/plugins/event_listener.py for tasks to queue
[2024-10-08T15:14:52.862+0900] {logging_mixin.py:190} INFO - [2024-10-08T15:14:52.862+0900] {dagbag.py:588} INFO - Filling up the DagBag from /Users/alookso/1007MLpj/myenv/lib/python3.10/site-packages/airflow/example_dags/plugins/event_listener.py
[2024-10-08T15:14:52.863+0900] {processor.py:927} WARNING - No viable dags retrieved from /Users/alookso/1007MLpj/myenv/lib/python3.10/site-packages/airflow/example_dags/plugins/event_listener.py
[2024-10-08T15:14:52.986+0900] {processor.py:208} INFO - Processing /Users/alookso/1007MLpj/myenv/lib/python3.10/site-packages/airflow/example_dags/plugins/event_listener.py took 0.130 seconds
[2024-10-08T15:17:59.165+0900] {processor.py:186} INFO - Started process (PID=23307) to work on /Users/alookso/1007MLpj/myenv/lib/python3.10/site-packages/airflow/example_dags/plugins/event_listener.py
[2024-10-08T15:17:59.166+0900] {processor.py:914} INFO - Processing file /Users/alookso/1007MLpj/myenv/lib/python3.10/site-packages/airflow/example_dags/plugins/event_listener.py for tasks to queue
[2024-10-08T15:17:59.167+0900] {logging_mixin.py:190} INFO - [2024-10-08T15:17:59.167+0900] {dagbag.py:588} INFO - Filling up the DagBag from /Users/alookso/1007MLpj/myenv/lib/python3.10/site-packages/airflow/example_dags/plugins/event_listener.py
[2024-10-08T15:17:59.168+0900] {processor.py:927} WARNING - No viable dags retrieved from /Users/alookso/1007MLpj/myenv/lib/python3.10/site-packages/airflow/example_dags/plugins/event_listener.py
[2024-10-08T15:17:59.302+0900] {processor.py:208} INFO - Processing /Users/alookso/1007MLpj/myenv/lib/python3.10/site-packages/airflow/example_dags/plugins/event_listener.py took 0.143 seconds
[2024-10-08T15:21:08.649+0900] {processor.py:186} INFO - Started process (PID=23396) to work on /Users/alookso/1007MLpj/myenv/lib/python3.10/site-packages/airflow/example_dags/plugins/event_listener.py
[2024-10-08T15:21:08.650+0900] {processor.py:914} INFO - Processing file /Users/alookso/1007MLpj/myenv/lib/python3.10/site-packages/airflow/example_dags/plugins/event_listener.py for tasks to queue
[2024-10-08T15:21:08.650+0900] {logging_mixin.py:190} INFO - [2024-10-08T15:21:08.650+0900] {dagbag.py:588} INFO - Filling up the DagBag from /Users/alookso/1007MLpj/myenv/lib/python3.10/site-packages/airflow/example_dags/plugins/event_listener.py
[2024-10-08T15:21:08.652+0900] {processor.py:927} WARNING - No viable dags retrieved from /Users/alookso/1007MLpj/myenv/lib/python3.10/site-packages/airflow/example_dags/plugins/event_listener.py
[2024-10-08T15:21:08.776+0900] {processor.py:208} INFO - Processing /Users/alookso/1007MLpj/myenv/lib/python3.10/site-packages/airflow/example_dags/plugins/event_listener.py took 0.132 seconds
[2024-10-08T15:24:13.519+0900] {processor.py:186} INFO - Started process (PID=23489) to work on /Users/alookso/1007MLpj/myenv/lib/python3.10/site-packages/airflow/example_dags/plugins/event_listener.py
[2024-10-08T15:24:13.519+0900] {processor.py:914} INFO - Processing file /Users/alookso/1007MLpj/myenv/lib/python3.10/site-packages/airflow/example_dags/plugins/event_listener.py for tasks to queue
[2024-10-08T15:24:13.520+0900] {logging_mixin.py:190} INFO - [2024-10-08T15:24:13.520+0900] {dagbag.py:588} INFO - Filling up the DagBag from /Users/alookso/1007MLpj/myenv/lib/python3.10/site-packages/airflow/example_dags/plugins/event_listener.py
[2024-10-08T15:24:13.522+0900] {processor.py:927} WARNING - No viable dags retrieved from /Users/alookso/1007MLpj/myenv/lib/python3.10/site-packages/airflow/example_dags/plugins/event_listener.py
[2024-10-08T15:24:13.657+0900] {processor.py:208} INFO - Processing /Users/alookso/1007MLpj/myenv/lib/python3.10/site-packages/airflow/example_dags/plugins/event_listener.py took 0.144 seconds
[2024-10-08T15:27:15.241+0900] {processor.py:186} INFO - Started process (PID=23570) to work on /Users/alookso/1007MLpj/myenv/lib/python3.10/site-packages/airflow/example_dags/plugins/event_listener.py
[2024-10-08T15:27:15.242+0900] {processor.py:914} INFO - Processing file /Users/alookso/1007MLpj/myenv/lib/python3.10/site-packages/airflow/example_dags/plugins/event_listener.py for tasks to queue
[2024-10-08T15:27:15.243+0900] {logging_mixin.py:190} INFO - [2024-10-08T15:27:15.243+0900] {dagbag.py:588} INFO - Filling up the DagBag from /Users/alookso/1007MLpj/myenv/lib/python3.10/site-packages/airflow/example_dags/plugins/event_listener.py
[2024-10-08T15:27:15.244+0900] {processor.py:927} WARNING - No viable dags retrieved from /Users/alookso/1007MLpj/myenv/lib/python3.10/site-packages/airflow/example_dags/plugins/event_listener.py
[2024-10-08T15:27:15.366+0900] {processor.py:208} INFO - Processing /Users/alookso/1007MLpj/myenv/lib/python3.10/site-packages/airflow/example_dags/plugins/event_listener.py took 0.130 seconds
[2024-10-08T15:30:17.889+0900] {processor.py:186} INFO - Started process (PID=23701) to work on /Users/alookso/1007MLpj/myenv/lib/python3.10/site-packages/airflow/example_dags/plugins/event_listener.py
[2024-10-08T15:30:17.890+0900] {processor.py:914} INFO - Processing file /Users/alookso/1007MLpj/myenv/lib/python3.10/site-packages/airflow/example_dags/plugins/event_listener.py for tasks to queue
[2024-10-08T15:30:17.890+0900] {logging_mixin.py:190} INFO - [2024-10-08T15:30:17.890+0900] {dagbag.py:588} INFO - Filling up the DagBag from /Users/alookso/1007MLpj/myenv/lib/python3.10/site-packages/airflow/example_dags/plugins/event_listener.py
[2024-10-08T15:30:17.892+0900] {processor.py:927} WARNING - No viable dags retrieved from /Users/alookso/1007MLpj/myenv/lib/python3.10/site-packages/airflow/example_dags/plugins/event_listener.py
[2024-10-08T15:30:18.010+0900] {processor.py:208} INFO - Processing /Users/alookso/1007MLpj/myenv/lib/python3.10/site-packages/airflow/example_dags/plugins/event_listener.py took 0.125 seconds
[2024-10-08T15:33:18.153+0900] {processor.py:186} INFO - Started process (PID=23798) to work on /Users/alookso/1007MLpj/myenv/lib/python3.10/site-packages/airflow/example_dags/plugins/event_listener.py
[2024-10-08T15:33:18.154+0900] {processor.py:914} INFO - Processing file /Users/alookso/1007MLpj/myenv/lib/python3.10/site-packages/airflow/example_dags/plugins/event_listener.py for tasks to queue
[2024-10-08T15:33:18.155+0900] {logging_mixin.py:190} INFO - [2024-10-08T15:33:18.155+0900] {dagbag.py:588} INFO - Filling up the DagBag from /Users/alookso/1007MLpj/myenv/lib/python3.10/site-packages/airflow/example_dags/plugins/event_listener.py
[2024-10-08T15:33:18.156+0900] {processor.py:927} WARNING - No viable dags retrieved from /Users/alookso/1007MLpj/myenv/lib/python3.10/site-packages/airflow/example_dags/plugins/event_listener.py
[2024-10-08T15:33:18.278+0900] {processor.py:208} INFO - Processing /Users/alookso/1007MLpj/myenv/lib/python3.10/site-packages/airflow/example_dags/plugins/event_listener.py took 0.130 seconds
[2024-10-08T15:34:58.406+0900] {processor.py:186} INFO - Started process (PID=23873) to work on /Users/alookso/1007MLpj/myenv/lib/python3.10/site-packages/airflow/example_dags/plugins/event_listener.py
[2024-10-08T15:34:58.407+0900] {processor.py:914} INFO - Processing file /Users/alookso/1007MLpj/myenv/lib/python3.10/site-packages/airflow/example_dags/plugins/event_listener.py for tasks to queue
[2024-10-08T15:34:58.408+0900] {logging_mixin.py:190} INFO - [2024-10-08T15:34:58.408+0900] {dagbag.py:588} INFO - Filling up the DagBag from /Users/alookso/1007MLpj/myenv/lib/python3.10/site-packages/airflow/example_dags/plugins/event_listener.py
[2024-10-08T15:34:58.409+0900] {processor.py:927} WARNING - No viable dags retrieved from /Users/alookso/1007MLpj/myenv/lib/python3.10/site-packages/airflow/example_dags/plugins/event_listener.py
[2024-10-08T15:34:58.533+0900] {processor.py:208} INFO - Processing /Users/alookso/1007MLpj/myenv/lib/python3.10/site-packages/airflow/example_dags/plugins/event_listener.py took 0.132 seconds
[2024-10-08T15:38:03.726+0900] {processor.py:186} INFO - Started process (PID=23989) to work on /Users/alookso/1007MLpj/myenv/lib/python3.10/site-packages/airflow/example_dags/plugins/event_listener.py
[2024-10-08T15:38:03.727+0900] {processor.py:914} INFO - Processing file /Users/alookso/1007MLpj/myenv/lib/python3.10/site-packages/airflow/example_dags/plugins/event_listener.py for tasks to queue
[2024-10-08T15:38:03.728+0900] {logging_mixin.py:190} INFO - [2024-10-08T15:38:03.727+0900] {dagbag.py:588} INFO - Filling up the DagBag from /Users/alookso/1007MLpj/myenv/lib/python3.10/site-packages/airflow/example_dags/plugins/event_listener.py
[2024-10-08T15:38:03.729+0900] {processor.py:927} WARNING - No viable dags retrieved from /Users/alookso/1007MLpj/myenv/lib/python3.10/site-packages/airflow/example_dags/plugins/event_listener.py
[2024-10-08T15:38:03.852+0900] {processor.py:208} INFO - Processing /Users/alookso/1007MLpj/myenv/lib/python3.10/site-packages/airflow/example_dags/plugins/event_listener.py took 0.130 seconds
[2024-10-08T16:35:38.931+0900] {processor.py:186} INFO - Started process (PID=24954) to work on /Users/alookso/1007MLpj/myenv/lib/python3.10/site-packages/airflow/example_dags/plugins/event_listener.py
[2024-10-08T16:35:38.931+0900] {processor.py:914} INFO - Processing file /Users/alookso/1007MLpj/myenv/lib/python3.10/site-packages/airflow/example_dags/plugins/event_listener.py for tasks to queue
[2024-10-08T16:35:38.932+0900] {logging_mixin.py:190} INFO - [2024-10-08T16:35:38.932+0900] {dagbag.py:588} INFO - Filling up the DagBag from /Users/alookso/1007MLpj/myenv/lib/python3.10/site-packages/airflow/example_dags/plugins/event_listener.py
[2024-10-08T16:35:38.933+0900] {processor.py:927} WARNING - No viable dags retrieved from /Users/alookso/1007MLpj/myenv/lib/python3.10/site-packages/airflow/example_dags/plugins/event_listener.py
[2024-10-08T16:35:39.054+0900] {processor.py:208} INFO - Processing /Users/alookso/1007MLpj/myenv/lib/python3.10/site-packages/airflow/example_dags/plugins/event_listener.py took 0.129 seconds
[2024-10-08T16:39:13.148+0900] {processor.py:186} INFO - Started process (PID=25125) to work on /Users/alookso/1007MLpj/myenv/lib/python3.10/site-packages/airflow/example_dags/plugins/event_listener.py
[2024-10-08T16:39:13.149+0900] {processor.py:914} INFO - Processing file /Users/alookso/1007MLpj/myenv/lib/python3.10/site-packages/airflow/example_dags/plugins/event_listener.py for tasks to queue
[2024-10-08T16:39:13.150+0900] {logging_mixin.py:190} INFO - [2024-10-08T16:39:13.149+0900] {dagbag.py:588} INFO - Filling up the DagBag from /Users/alookso/1007MLpj/myenv/lib/python3.10/site-packages/airflow/example_dags/plugins/event_listener.py
[2024-10-08T16:39:13.151+0900] {processor.py:927} WARNING - No viable dags retrieved from /Users/alookso/1007MLpj/myenv/lib/python3.10/site-packages/airflow/example_dags/plugins/event_listener.py
[2024-10-08T16:39:13.272+0900] {processor.py:208} INFO - Processing /Users/alookso/1007MLpj/myenv/lib/python3.10/site-packages/airflow/example_dags/plugins/event_listener.py took 0.129 seconds
[2024-10-08T16:50:24.119+0900] {processor.py:186} INFO - Started process (PID=25618) to work on /Users/alookso/1007MLpj/myenv/lib/python3.10/site-packages/airflow/example_dags/plugins/event_listener.py
[2024-10-08T16:50:24.120+0900] {processor.py:914} INFO - Processing file /Users/alookso/1007MLpj/myenv/lib/python3.10/site-packages/airflow/example_dags/plugins/event_listener.py for tasks to queue
[2024-10-08T16:50:24.121+0900] {logging_mixin.py:190} INFO - [2024-10-08T16:50:24.120+0900] {dagbag.py:588} INFO - Filling up the DagBag from /Users/alookso/1007MLpj/myenv/lib/python3.10/site-packages/airflow/example_dags/plugins/event_listener.py
[2024-10-08T16:50:24.122+0900] {processor.py:927} WARNING - No viable dags retrieved from /Users/alookso/1007MLpj/myenv/lib/python3.10/site-packages/airflow/example_dags/plugins/event_listener.py
[2024-10-08T16:50:24.255+0900] {processor.py:208} INFO - Processing /Users/alookso/1007MLpj/myenv/lib/python3.10/site-packages/airflow/example_dags/plugins/event_listener.py took 0.141 seconds
[2024-10-08T17:27:09.153+0900] {processor.py:186} INFO - Started process (PID=26323) to work on /Users/alookso/1007MLpj/myenv/lib/python3.10/site-packages/airflow/example_dags/plugins/event_listener.py
[2024-10-08T17:27:09.154+0900] {processor.py:914} INFO - Processing file /Users/alookso/1007MLpj/myenv/lib/python3.10/site-packages/airflow/example_dags/plugins/event_listener.py for tasks to queue
[2024-10-08T17:27:09.155+0900] {logging_mixin.py:190} INFO - [2024-10-08T17:27:09.154+0900] {dagbag.py:588} INFO - Filling up the DagBag from /Users/alookso/1007MLpj/myenv/lib/python3.10/site-packages/airflow/example_dags/plugins/event_listener.py
[2024-10-08T17:27:09.156+0900] {processor.py:927} WARNING - No viable dags retrieved from /Users/alookso/1007MLpj/myenv/lib/python3.10/site-packages/airflow/example_dags/plugins/event_listener.py
[2024-10-08T17:27:09.280+0900] {processor.py:208} INFO - Processing /Users/alookso/1007MLpj/myenv/lib/python3.10/site-packages/airflow/example_dags/plugins/event_listener.py took 0.132 seconds
[2024-10-08T17:30:56.293+0900] {processor.py:186} INFO - Started process (PID=26510) to work on /Users/alookso/1007MLpj/myenv/lib/python3.10/site-packages/airflow/example_dags/plugins/event_listener.py
[2024-10-08T17:30:56.294+0900] {processor.py:914} INFO - Processing file /Users/alookso/1007MLpj/myenv/lib/python3.10/site-packages/airflow/example_dags/plugins/event_listener.py for tasks to queue
[2024-10-08T17:30:56.295+0900] {logging_mixin.py:190} INFO - [2024-10-08T17:30:56.295+0900] {dagbag.py:588} INFO - Filling up the DagBag from /Users/alookso/1007MLpj/myenv/lib/python3.10/site-packages/airflow/example_dags/plugins/event_listener.py
[2024-10-08T17:30:56.296+0900] {processor.py:927} WARNING - No viable dags retrieved from /Users/alookso/1007MLpj/myenv/lib/python3.10/site-packages/airflow/example_dags/plugins/event_listener.py
[2024-10-08T17:30:56.450+0900] {processor.py:208} INFO - Processing /Users/alookso/1007MLpj/myenv/lib/python3.10/site-packages/airflow/example_dags/plugins/event_listener.py took 0.163 seconds
[2024-10-08T17:42:02.484+0900] {processor.py:186} INFO - Started process (PID=26863) to work on /Users/alookso/1007MLpj/myenv/lib/python3.10/site-packages/airflow/example_dags/plugins/event_listener.py
[2024-10-08T17:42:02.484+0900] {processor.py:914} INFO - Processing file /Users/alookso/1007MLpj/myenv/lib/python3.10/site-packages/airflow/example_dags/plugins/event_listener.py for tasks to queue
[2024-10-08T17:42:02.485+0900] {logging_mixin.py:190} INFO - [2024-10-08T17:42:02.485+0900] {dagbag.py:588} INFO - Filling up the DagBag from /Users/alookso/1007MLpj/myenv/lib/python3.10/site-packages/airflow/example_dags/plugins/event_listener.py
[2024-10-08T17:42:02.486+0900] {processor.py:927} WARNING - No viable dags retrieved from /Users/alookso/1007MLpj/myenv/lib/python3.10/site-packages/airflow/example_dags/plugins/event_listener.py
[2024-10-08T17:42:02.608+0900] {processor.py:208} INFO - Processing /Users/alookso/1007MLpj/myenv/lib/python3.10/site-packages/airflow/example_dags/plugins/event_listener.py took 0.129 seconds
[2024-10-08T17:54:28.289+0900] {processor.py:186} INFO - Started process (PID=27277) to work on /Users/alookso/1007MLpj/myenv/lib/python3.10/site-packages/airflow/example_dags/plugins/event_listener.py
[2024-10-08T17:54:28.290+0900] {processor.py:914} INFO - Processing file /Users/alookso/1007MLpj/myenv/lib/python3.10/site-packages/airflow/example_dags/plugins/event_listener.py for tasks to queue
[2024-10-08T17:54:28.290+0900] {logging_mixin.py:190} INFO - [2024-10-08T17:54:28.290+0900] {dagbag.py:588} INFO - Filling up the DagBag from /Users/alookso/1007MLpj/myenv/lib/python3.10/site-packages/airflow/example_dags/plugins/event_listener.py
[2024-10-08T17:54:28.292+0900] {processor.py:927} WARNING - No viable dags retrieved from /Users/alookso/1007MLpj/myenv/lib/python3.10/site-packages/airflow/example_dags/plugins/event_listener.py
[2024-10-08T17:54:28.410+0900] {processor.py:208} INFO - Processing /Users/alookso/1007MLpj/myenv/lib/python3.10/site-packages/airflow/example_dags/plugins/event_listener.py took 0.125 seconds
[2024-10-08T17:57:57.672+0900] {processor.py:186} INFO - Started process (PID=27399) to work on /Users/alookso/1007MLpj/myenv/lib/python3.10/site-packages/airflow/example_dags/plugins/event_listener.py
[2024-10-08T17:57:57.673+0900] {processor.py:914} INFO - Processing file /Users/alookso/1007MLpj/myenv/lib/python3.10/site-packages/airflow/example_dags/plugins/event_listener.py for tasks to queue
[2024-10-08T17:57:57.674+0900] {logging_mixin.py:190} INFO - [2024-10-08T17:57:57.674+0900] {dagbag.py:588} INFO - Filling up the DagBag from /Users/alookso/1007MLpj/myenv/lib/python3.10/site-packages/airflow/example_dags/plugins/event_listener.py
[2024-10-08T17:57:57.675+0900] {processor.py:927} WARNING - No viable dags retrieved from /Users/alookso/1007MLpj/myenv/lib/python3.10/site-packages/airflow/example_dags/plugins/event_listener.py
[2024-10-08T17:57:57.798+0900] {processor.py:208} INFO - Processing /Users/alookso/1007MLpj/myenv/lib/python3.10/site-packages/airflow/example_dags/plugins/event_listener.py took 0.130 seconds
[2024-10-08T17:59:06.982+0900] {processor.py:186} INFO - Started process (PID=27468) to work on /Users/alookso/1007MLpj/myenv/lib/python3.10/site-packages/airflow/example_dags/plugins/event_listener.py
[2024-10-08T17:59:06.983+0900] {processor.py:914} INFO - Processing file /Users/alookso/1007MLpj/myenv/lib/python3.10/site-packages/airflow/example_dags/plugins/event_listener.py for tasks to queue
[2024-10-08T17:59:06.985+0900] {logging_mixin.py:190} INFO - [2024-10-08T17:59:06.984+0900] {dagbag.py:588} INFO - Filling up the DagBag from /Users/alookso/1007MLpj/myenv/lib/python3.10/site-packages/airflow/example_dags/plugins/event_listener.py
[2024-10-08T17:59:06.987+0900] {processor.py:927} WARNING - No viable dags retrieved from /Users/alookso/1007MLpj/myenv/lib/python3.10/site-packages/airflow/example_dags/plugins/event_listener.py
[2024-10-08T17:59:07.118+0900] {processor.py:208} INFO - Processing /Users/alookso/1007MLpj/myenv/lib/python3.10/site-packages/airflow/example_dags/plugins/event_listener.py took 0.142 seconds
[2024-10-08T18:02:51.169+0900] {processor.py:186} INFO - Started process (PID=27617) to work on /Users/alookso/1007MLpj/myenv/lib/python3.10/site-packages/airflow/example_dags/plugins/event_listener.py
[2024-10-08T18:02:51.170+0900] {processor.py:914} INFO - Processing file /Users/alookso/1007MLpj/myenv/lib/python3.10/site-packages/airflow/example_dags/plugins/event_listener.py for tasks to queue
[2024-10-08T18:02:51.171+0900] {logging_mixin.py:190} INFO - [2024-10-08T18:02:51.171+0900] {dagbag.py:588} INFO - Filling up the DagBag from /Users/alookso/1007MLpj/myenv/lib/python3.10/site-packages/airflow/example_dags/plugins/event_listener.py
[2024-10-08T18:02:51.172+0900] {processor.py:927} WARNING - No viable dags retrieved from /Users/alookso/1007MLpj/myenv/lib/python3.10/site-packages/airflow/example_dags/plugins/event_listener.py
[2024-10-08T18:02:51.292+0900] {processor.py:208} INFO - Processing /Users/alookso/1007MLpj/myenv/lib/python3.10/site-packages/airflow/example_dags/plugins/event_listener.py took 0.127 seconds
[2024-10-08T18:05:22.500+0900] {processor.py:186} INFO - Started process (PID=27721) to work on /Users/alookso/1007MLpj/myenv/lib/python3.10/site-packages/airflow/example_dags/plugins/event_listener.py
[2024-10-08T18:05:22.501+0900] {processor.py:914} INFO - Processing file /Users/alookso/1007MLpj/myenv/lib/python3.10/site-packages/airflow/example_dags/plugins/event_listener.py for tasks to queue
[2024-10-08T18:05:22.502+0900] {logging_mixin.py:190} INFO - [2024-10-08T18:05:22.502+0900] {dagbag.py:588} INFO - Filling up the DagBag from /Users/alookso/1007MLpj/myenv/lib/python3.10/site-packages/airflow/example_dags/plugins/event_listener.py
[2024-10-08T18:05:22.503+0900] {processor.py:927} WARNING - No viable dags retrieved from /Users/alookso/1007MLpj/myenv/lib/python3.10/site-packages/airflow/example_dags/plugins/event_listener.py
[2024-10-08T18:05:22.625+0900] {processor.py:208} INFO - Processing /Users/alookso/1007MLpj/myenv/lib/python3.10/site-packages/airflow/example_dags/plugins/event_listener.py took 0.129 seconds
[2024-10-08T18:09:01.514+0900] {processor.py:186} INFO - Started process (PID=27832) to work on /Users/alookso/1007MLpj/myenv/lib/python3.10/site-packages/airflow/example_dags/plugins/event_listener.py
[2024-10-08T18:09:01.515+0900] {processor.py:914} INFO - Processing file /Users/alookso/1007MLpj/myenv/lib/python3.10/site-packages/airflow/example_dags/plugins/event_listener.py for tasks to queue
[2024-10-08T18:09:01.516+0900] {logging_mixin.py:190} INFO - [2024-10-08T18:09:01.515+0900] {dagbag.py:588} INFO - Filling up the DagBag from /Users/alookso/1007MLpj/myenv/lib/python3.10/site-packages/airflow/example_dags/plugins/event_listener.py
[2024-10-08T18:09:01.517+0900] {processor.py:927} WARNING - No viable dags retrieved from /Users/alookso/1007MLpj/myenv/lib/python3.10/site-packages/airflow/example_dags/plugins/event_listener.py
[2024-10-08T18:09:01.640+0900] {processor.py:208} INFO - Processing /Users/alookso/1007MLpj/myenv/lib/python3.10/site-packages/airflow/example_dags/plugins/event_listener.py took 0.131 seconds
[2024-10-08T18:12:13.316+0900] {processor.py:186} INFO - Started process (PID=27930) to work on /Users/alookso/1007MLpj/myenv/lib/python3.10/site-packages/airflow/example_dags/plugins/event_listener.py
[2024-10-08T18:12:13.317+0900] {processor.py:914} INFO - Processing file /Users/alookso/1007MLpj/myenv/lib/python3.10/site-packages/airflow/example_dags/plugins/event_listener.py for tasks to queue
[2024-10-08T18:12:13.318+0900] {logging_mixin.py:190} INFO - [2024-10-08T18:12:13.318+0900] {dagbag.py:588} INFO - Filling up the DagBag from /Users/alookso/1007MLpj/myenv/lib/python3.10/site-packages/airflow/example_dags/plugins/event_listener.py
[2024-10-08T18:12:13.319+0900] {processor.py:927} WARNING - No viable dags retrieved from /Users/alookso/1007MLpj/myenv/lib/python3.10/site-packages/airflow/example_dags/plugins/event_listener.py
[2024-10-08T18:12:13.439+0900] {processor.py:208} INFO - Processing /Users/alookso/1007MLpj/myenv/lib/python3.10/site-packages/airflow/example_dags/plugins/event_listener.py took 0.127 seconds
[2024-10-08T18:15:22.904+0900] {processor.py:186} INFO - Started process (PID=28038) to work on /Users/alookso/1007MLpj/myenv/lib/python3.10/site-packages/airflow/example_dags/plugins/event_listener.py
[2024-10-08T18:15:22.905+0900] {processor.py:914} INFO - Processing file /Users/alookso/1007MLpj/myenv/lib/python3.10/site-packages/airflow/example_dags/plugins/event_listener.py for tasks to queue
[2024-10-08T18:15:22.906+0900] {logging_mixin.py:190} INFO - [2024-10-08T18:15:22.906+0900] {dagbag.py:588} INFO - Filling up the DagBag from /Users/alookso/1007MLpj/myenv/lib/python3.10/site-packages/airflow/example_dags/plugins/event_listener.py
[2024-10-08T18:15:22.907+0900] {processor.py:927} WARNING - No viable dags retrieved from /Users/alookso/1007MLpj/myenv/lib/python3.10/site-packages/airflow/example_dags/plugins/event_listener.py
[2024-10-08T18:15:23.031+0900] {processor.py:208} INFO - Processing /Users/alookso/1007MLpj/myenv/lib/python3.10/site-packages/airflow/example_dags/plugins/event_listener.py took 0.132 seconds
[2024-10-08T18:18:33.065+0900] {processor.py:186} INFO - Started process (PID=28120) to work on /Users/alookso/1007MLpj/myenv/lib/python3.10/site-packages/airflow/example_dags/plugins/event_listener.py
[2024-10-08T18:18:33.066+0900] {processor.py:914} INFO - Processing file /Users/alookso/1007MLpj/myenv/lib/python3.10/site-packages/airflow/example_dags/plugins/event_listener.py for tasks to queue
[2024-10-08T18:18:33.067+0900] {logging_mixin.py:190} INFO - [2024-10-08T18:18:33.066+0900] {dagbag.py:588} INFO - Filling up the DagBag from /Users/alookso/1007MLpj/myenv/lib/python3.10/site-packages/airflow/example_dags/plugins/event_listener.py
[2024-10-08T18:18:33.068+0900] {processor.py:927} WARNING - No viable dags retrieved from /Users/alookso/1007MLpj/myenv/lib/python3.10/site-packages/airflow/example_dags/plugins/event_listener.py
[2024-10-08T18:18:33.190+0900] {processor.py:208} INFO - Processing /Users/alookso/1007MLpj/myenv/lib/python3.10/site-packages/airflow/example_dags/plugins/event_listener.py took 0.129 seconds
[2024-10-08T18:21:17.804+0900] {processor.py:186} INFO - Started process (PID=28244) to work on /Users/alookso/1007MLpj/myenv/lib/python3.10/site-packages/airflow/example_dags/plugins/event_listener.py
[2024-10-08T18:21:17.805+0900] {processor.py:914} INFO - Processing file /Users/alookso/1007MLpj/myenv/lib/python3.10/site-packages/airflow/example_dags/plugins/event_listener.py for tasks to queue
[2024-10-08T18:21:17.806+0900] {logging_mixin.py:190} INFO - [2024-10-08T18:21:17.806+0900] {dagbag.py:588} INFO - Filling up the DagBag from /Users/alookso/1007MLpj/myenv/lib/python3.10/site-packages/airflow/example_dags/plugins/event_listener.py
[2024-10-08T18:21:17.807+0900] {processor.py:927} WARNING - No viable dags retrieved from /Users/alookso/1007MLpj/myenv/lib/python3.10/site-packages/airflow/example_dags/plugins/event_listener.py
[2024-10-08T18:21:17.928+0900] {processor.py:208} INFO - Processing /Users/alookso/1007MLpj/myenv/lib/python3.10/site-packages/airflow/example_dags/plugins/event_listener.py took 0.128 seconds
[2024-10-08T18:32:17.198+0900] {processor.py:186} INFO - Started process (PID=28667) to work on /Users/alookso/1007MLpj/myenv/lib/python3.10/site-packages/airflow/example_dags/plugins/event_listener.py
[2024-10-08T18:32:17.199+0900] {processor.py:914} INFO - Processing file /Users/alookso/1007MLpj/myenv/lib/python3.10/site-packages/airflow/example_dags/plugins/event_listener.py for tasks to queue
[2024-10-08T18:32:17.200+0900] {logging_mixin.py:190} INFO - [2024-10-08T18:32:17.200+0900] {dagbag.py:588} INFO - Filling up the DagBag from /Users/alookso/1007MLpj/myenv/lib/python3.10/site-packages/airflow/example_dags/plugins/event_listener.py
[2024-10-08T18:32:17.201+0900] {processor.py:927} WARNING - No viable dags retrieved from /Users/alookso/1007MLpj/myenv/lib/python3.10/site-packages/airflow/example_dags/plugins/event_listener.py
[2024-10-08T18:32:17.323+0900] {processor.py:208} INFO - Processing /Users/alookso/1007MLpj/myenv/lib/python3.10/site-packages/airflow/example_dags/plugins/event_listener.py took 0.130 seconds
[2024-10-08T18:34:12.299+0900] {processor.py:186} INFO - Started process (PID=28769) to work on /Users/alookso/1007MLpj/myenv/lib/python3.10/site-packages/airflow/example_dags/plugins/event_listener.py
[2024-10-08T18:34:12.299+0900] {processor.py:914} INFO - Processing file /Users/alookso/1007MLpj/myenv/lib/python3.10/site-packages/airflow/example_dags/plugins/event_listener.py for tasks to queue
[2024-10-08T18:34:12.300+0900] {logging_mixin.py:190} INFO - [2024-10-08T18:34:12.300+0900] {dagbag.py:588} INFO - Filling up the DagBag from /Users/alookso/1007MLpj/myenv/lib/python3.10/site-packages/airflow/example_dags/plugins/event_listener.py
[2024-10-08T18:34:12.302+0900] {processor.py:927} WARNING - No viable dags retrieved from /Users/alookso/1007MLpj/myenv/lib/python3.10/site-packages/airflow/example_dags/plugins/event_listener.py
[2024-10-08T18:34:12.423+0900] {processor.py:208} INFO - Processing /Users/alookso/1007MLpj/myenv/lib/python3.10/site-packages/airflow/example_dags/plugins/event_listener.py took 0.128 seconds
[2024-10-08T18:45:53.647+0900] {processor.py:186} INFO - Started process (PID=29228) to work on /Users/alookso/1007MLpj/myenv/lib/python3.10/site-packages/airflow/example_dags/plugins/event_listener.py
[2024-10-08T18:45:53.648+0900] {processor.py:914} INFO - Processing file /Users/alookso/1007MLpj/myenv/lib/python3.10/site-packages/airflow/example_dags/plugins/event_listener.py for tasks to queue
[2024-10-08T18:45:53.649+0900] {logging_mixin.py:190} INFO - [2024-10-08T18:45:53.648+0900] {dagbag.py:588} INFO - Filling up the DagBag from /Users/alookso/1007MLpj/myenv/lib/python3.10/site-packages/airflow/example_dags/plugins/event_listener.py
[2024-10-08T18:45:53.650+0900] {processor.py:927} WARNING - No viable dags retrieved from /Users/alookso/1007MLpj/myenv/lib/python3.10/site-packages/airflow/example_dags/plugins/event_listener.py
[2024-10-08T18:45:53.773+0900] {processor.py:208} INFO - Processing /Users/alookso/1007MLpj/myenv/lib/python3.10/site-packages/airflow/example_dags/plugins/event_listener.py took 0.131 seconds
