[2024-10-08T14:43:02.988+0900] {processor.py:186} INFO - Started process (PID=22221) to work on /Users/alookso/1007MLpj/myenv/lib/python3.10/site-packages/airflow/example_dags/plugins/workday.py
[2024-10-08T14:43:02.989+0900] {processor.py:914} INFO - Processing file /Users/alookso/1007MLpj/myenv/lib/python3.10/site-packages/airflow/example_dags/plugins/workday.py for tasks to queue
[2024-10-08T14:43:02.990+0900] {logging_mixin.py:190} INFO - [2024-10-08T14:43:02.989+0900] {dagbag.py:588} INFO - Filling up the DagBag from /Users/alookso/1007MLpj/myenv/lib/python3.10/site-packages/airflow/example_dags/plugins/workday.py
[2024-10-08T14:43:03.770+0900] {processor.py:927} WARNING - No viable dags retrieved from /Users/alookso/1007MLpj/myenv/lib/python3.10/site-packages/airflow/example_dags/plugins/workday.py
[2024-10-08T14:43:03.907+0900] {processor.py:208} INFO - Processing /Users/alookso/1007MLpj/myenv/lib/python3.10/site-packages/airflow/example_dags/plugins/workday.py took 0.925 seconds
[2024-10-08T14:46:53.130+0900] {processor.py:186} INFO - Started process (PID=22318) to work on /Users/alookso/1007MLpj/myenv/lib/python3.10/site-packages/airflow/example_dags/plugins/workday.py
[2024-10-08T14:46:53.130+0900] {processor.py:914} INFO - Processing file /Users/alookso/1007MLpj/myenv/lib/python3.10/site-packages/airflow/example_dags/plugins/workday.py for tasks to queue
[2024-10-08T14:46:53.131+0900] {logging_mixin.py:190} INFO - [2024-10-08T14:46:53.131+0900] {dagbag.py:588} INFO - Filling up the DagBag from /Users/alookso/1007MLpj/myenv/lib/python3.10/site-packages/airflow/example_dags/plugins/workday.py
[2024-10-08T14:46:53.817+0900] {processor.py:927} WARNING - No viable dags retrieved from /Users/alookso/1007MLpj/myenv/lib/python3.10/site-packages/airflow/example_dags/plugins/workday.py
[2024-10-08T14:46:53.943+0900] {processor.py:208} INFO - Processing /Users/alookso/1007MLpj/myenv/lib/python3.10/site-packages/airflow/example_dags/plugins/workday.py took 0.818 seconds
[2024-10-08T14:50:01.995+0900] {processor.py:186} INFO - Started process (PID=22396) to work on /Users/alookso/1007MLpj/myenv/lib/python3.10/site-packages/airflow/example_dags/plugins/workday.py
[2024-10-08T14:50:01.996+0900] {processor.py:914} INFO - Processing file /Users/alookso/1007MLpj/myenv/lib/python3.10/site-packages/airflow/example_dags/plugins/workday.py for tasks to queue
[2024-10-08T14:50:01.997+0900] {logging_mixin.py:190} INFO - [2024-10-08T14:50:01.996+0900] {dagbag.py:588} INFO - Filling up the DagBag from /Users/alookso/1007MLpj/myenv/lib/python3.10/site-packages/airflow/example_dags/plugins/workday.py
[2024-10-08T14:50:02.677+0900] {processor.py:927} WARNING - No viable dags retrieved from /Users/alookso/1007MLpj/myenv/lib/python3.10/site-packages/airflow/example_dags/plugins/workday.py
[2024-10-08T14:50:02.805+0900] {processor.py:208} INFO - Processing /Users/alookso/1007MLpj/myenv/lib/python3.10/site-packages/airflow/example_dags/plugins/workday.py took 0.815 seconds
[2024-10-08T14:53:09.969+0900] {processor.py:186} INFO - Started process (PID=22498) to work on /Users/alookso/1007MLpj/myenv/lib/python3.10/site-packages/airflow/example_dags/plugins/workday.py
[2024-10-08T14:53:09.970+0900] {processor.py:914} INFO - Processing file /Users/alookso/1007MLpj/myenv/lib/python3.10/site-packages/airflow/example_dags/plugins/workday.py for tasks to queue
[2024-10-08T14:53:09.971+0900] {logging_mixin.py:190} INFO - [2024-10-08T14:53:09.971+0900] {dagbag.py:588} INFO - Filling up the DagBag from /Users/alookso/1007MLpj/myenv/lib/python3.10/site-packages/airflow/example_dags/plugins/workday.py
[2024-10-08T14:53:10.652+0900] {processor.py:927} WARNING - No viable dags retrieved from /Users/alookso/1007MLpj/myenv/lib/python3.10/site-packages/airflow/example_dags/plugins/workday.py
[2024-10-08T14:53:10.784+0900] {processor.py:208} INFO - Processing /Users/alookso/1007MLpj/myenv/lib/python3.10/site-packages/airflow/example_dags/plugins/workday.py took 0.820 seconds
[2024-10-08T14:56:18.032+0900] {processor.py:186} INFO - Started process (PID=22624) to work on /Users/alookso/1007MLpj/myenv/lib/python3.10/site-packages/airflow/example_dags/plugins/workday.py
[2024-10-08T14:56:18.033+0900] {processor.py:914} INFO - Processing file /Users/alookso/1007MLpj/myenv/lib/python3.10/site-packages/airflow/example_dags/plugins/workday.py for tasks to queue
[2024-10-08T14:56:18.033+0900] {logging_mixin.py:190} INFO - [2024-10-08T14:56:18.033+0900] {dagbag.py:588} INFO - Filling up the DagBag from /Users/alookso/1007MLpj/myenv/lib/python3.10/site-packages/airflow/example_dags/plugins/workday.py
[2024-10-08T14:56:18.753+0900] {processor.py:927} WARNING - No viable dags retrieved from /Users/alookso/1007MLpj/myenv/lib/python3.10/site-packages/airflow/example_dags/plugins/workday.py
[2024-10-08T14:56:18.887+0900] {processor.py:208} INFO - Processing /Users/alookso/1007MLpj/myenv/lib/python3.10/site-packages/airflow/example_dags/plugins/workday.py took 0.862 seconds
[2024-10-08T14:59:25.134+0900] {processor.py:186} INFO - Started process (PID=22729) to work on /Users/alookso/1007MLpj/myenv/lib/python3.10/site-packages/airflow/example_dags/plugins/workday.py
[2024-10-08T14:59:25.135+0900] {processor.py:914} INFO - Processing file /Users/alookso/1007MLpj/myenv/lib/python3.10/site-packages/airflow/example_dags/plugins/workday.py for tasks to queue
[2024-10-08T14:59:25.136+0900] {logging_mixin.py:190} INFO - [2024-10-08T14:59:25.135+0900] {dagbag.py:588} INFO - Filling up the DagBag from /Users/alookso/1007MLpj/myenv/lib/python3.10/site-packages/airflow/example_dags/plugins/workday.py
[2024-10-08T14:59:25.847+0900] {processor.py:927} WARNING - No viable dags retrieved from /Users/alookso/1007MLpj/myenv/lib/python3.10/site-packages/airflow/example_dags/plugins/workday.py
[2024-10-08T14:59:25.973+0900] {processor.py:208} INFO - Processing /Users/alookso/1007MLpj/myenv/lib/python3.10/site-packages/airflow/example_dags/plugins/workday.py took 0.843 seconds
[2024-10-08T15:02:36.380+0900] {processor.py:186} INFO - Started process (PID=22821) to work on /Users/alookso/1007MLpj/myenv/lib/python3.10/site-packages/airflow/example_dags/plugins/workday.py
[2024-10-08T15:02:36.381+0900] {processor.py:914} INFO - Processing file /Users/alookso/1007MLpj/myenv/lib/python3.10/site-packages/airflow/example_dags/plugins/workday.py for tasks to queue
[2024-10-08T15:02:36.382+0900] {logging_mixin.py:190} INFO - [2024-10-08T15:02:36.381+0900] {dagbag.py:588} INFO - Filling up the DagBag from /Users/alookso/1007MLpj/myenv/lib/python3.10/site-packages/airflow/example_dags/plugins/workday.py
[2024-10-08T15:02:37.058+0900] {processor.py:927} WARNING - No viable dags retrieved from /Users/alookso/1007MLpj/myenv/lib/python3.10/site-packages/airflow/example_dags/plugins/workday.py
[2024-10-08T15:02:37.181+0900] {processor.py:208} INFO - Processing /Users/alookso/1007MLpj/myenv/lib/python3.10/site-packages/airflow/example_dags/plugins/workday.py took 0.806 seconds
[2024-10-08T15:05:40.827+0900] {processor.py:186} INFO - Started process (PID=22904) to work on /Users/alookso/1007MLpj/myenv/lib/python3.10/site-packages/airflow/example_dags/plugins/workday.py
[2024-10-08T15:05:40.828+0900] {processor.py:914} INFO - Processing file /Users/alookso/1007MLpj/myenv/lib/python3.10/site-packages/airflow/example_dags/plugins/workday.py for tasks to queue
[2024-10-08T15:05:40.829+0900] {logging_mixin.py:190} INFO - [2024-10-08T15:05:40.828+0900] {dagbag.py:588} INFO - Filling up the DagBag from /Users/alookso/1007MLpj/myenv/lib/python3.10/site-packages/airflow/example_dags/plugins/workday.py
[2024-10-08T15:05:41.519+0900] {processor.py:927} WARNING - No viable dags retrieved from /Users/alookso/1007MLpj/myenv/lib/python3.10/site-packages/airflow/example_dags/plugins/workday.py
[2024-10-08T15:05:41.639+0900] {processor.py:208} INFO - Processing /Users/alookso/1007MLpj/myenv/lib/python3.10/site-packages/airflow/example_dags/plugins/workday.py took 0.817 seconds
[2024-10-08T15:08:47.842+0900] {processor.py:186} INFO - Started process (PID=23027) to work on /Users/alookso/1007MLpj/myenv/lib/python3.10/site-packages/airflow/example_dags/plugins/workday.py
[2024-10-08T15:08:47.843+0900] {processor.py:914} INFO - Processing file /Users/alookso/1007MLpj/myenv/lib/python3.10/site-packages/airflow/example_dags/plugins/workday.py for tasks to queue
[2024-10-08T15:08:47.844+0900] {logging_mixin.py:190} INFO - [2024-10-08T15:08:47.844+0900] {dagbag.py:588} INFO - Filling up the DagBag from /Users/alookso/1007MLpj/myenv/lib/python3.10/site-packages/airflow/example_dags/plugins/workday.py
[2024-10-08T15:08:48.519+0900] {processor.py:927} WARNING - No viable dags retrieved from /Users/alookso/1007MLpj/myenv/lib/python3.10/site-packages/airflow/example_dags/plugins/workday.py
[2024-10-08T15:08:48.643+0900] {processor.py:208} INFO - Processing /Users/alookso/1007MLpj/myenv/lib/python3.10/site-packages/airflow/example_dags/plugins/workday.py took 0.806 seconds
[2024-10-08T15:11:47.400+0900] {processor.py:186} INFO - Started process (PID=23122) to work on /Users/alookso/1007MLpj/myenv/lib/python3.10/site-packages/airflow/example_dags/plugins/workday.py
[2024-10-08T15:11:47.401+0900] {processor.py:914} INFO - Processing file /Users/alookso/1007MLpj/myenv/lib/python3.10/site-packages/airflow/example_dags/plugins/workday.py for tasks to queue
[2024-10-08T15:11:47.401+0900] {logging_mixin.py:190} INFO - [2024-10-08T15:11:47.401+0900] {dagbag.py:588} INFO - Filling up the DagBag from /Users/alookso/1007MLpj/myenv/lib/python3.10/site-packages/airflow/example_dags/plugins/workday.py
[2024-10-08T15:11:48.055+0900] {processor.py:927} WARNING - No viable dags retrieved from /Users/alookso/1007MLpj/myenv/lib/python3.10/site-packages/airflow/example_dags/plugins/workday.py
[2024-10-08T15:11:48.173+0900] {processor.py:208} INFO - Processing /Users/alookso/1007MLpj/myenv/lib/python3.10/site-packages/airflow/example_dags/plugins/workday.py took 0.777 seconds
[2024-10-08T15:14:44.888+0900] {processor.py:186} INFO - Started process (PID=23202) to work on /Users/alookso/1007MLpj/myenv/lib/python3.10/site-packages/airflow/example_dags/plugins/workday.py
[2024-10-08T15:14:44.889+0900] {processor.py:914} INFO - Processing file /Users/alookso/1007MLpj/myenv/lib/python3.10/site-packages/airflow/example_dags/plugins/workday.py for tasks to queue
[2024-10-08T15:14:44.890+0900] {logging_mixin.py:190} INFO - [2024-10-08T15:14:44.890+0900] {dagbag.py:588} INFO - Filling up the DagBag from /Users/alookso/1007MLpj/myenv/lib/python3.10/site-packages/airflow/example_dags/plugins/workday.py
[2024-10-08T15:14:45.566+0900] {processor.py:927} WARNING - No viable dags retrieved from /Users/alookso/1007MLpj/myenv/lib/python3.10/site-packages/airflow/example_dags/plugins/workday.py
[2024-10-08T15:14:45.690+0900] {processor.py:208} INFO - Processing /Users/alookso/1007MLpj/myenv/lib/python3.10/site-packages/airflow/example_dags/plugins/workday.py took 0.806 seconds
[2024-10-08T15:17:50.724+0900] {processor.py:186} INFO - Started process (PID=23294) to work on /Users/alookso/1007MLpj/myenv/lib/python3.10/site-packages/airflow/example_dags/plugins/workday.py
[2024-10-08T15:17:50.725+0900] {processor.py:914} INFO - Processing file /Users/alookso/1007MLpj/myenv/lib/python3.10/site-packages/airflow/example_dags/plugins/workday.py for tasks to queue
[2024-10-08T15:17:50.726+0900] {logging_mixin.py:190} INFO - [2024-10-08T15:17:50.726+0900] {dagbag.py:588} INFO - Filling up the DagBag from /Users/alookso/1007MLpj/myenv/lib/python3.10/site-packages/airflow/example_dags/plugins/workday.py
[2024-10-08T15:17:51.419+0900] {processor.py:927} WARNING - No viable dags retrieved from /Users/alookso/1007MLpj/myenv/lib/python3.10/site-packages/airflow/example_dags/plugins/workday.py
[2024-10-08T15:17:51.541+0900] {processor.py:208} INFO - Processing /Users/alookso/1007MLpj/myenv/lib/python3.10/site-packages/airflow/example_dags/plugins/workday.py took 0.823 seconds
[2024-10-08T15:21:00.647+0900] {processor.py:186} INFO - Started process (PID=23390) to work on /Users/alookso/1007MLpj/myenv/lib/python3.10/site-packages/airflow/example_dags/plugins/workday.py
[2024-10-08T15:21:00.648+0900] {processor.py:914} INFO - Processing file /Users/alookso/1007MLpj/myenv/lib/python3.10/site-packages/airflow/example_dags/plugins/workday.py for tasks to queue
[2024-10-08T15:21:00.649+0900] {logging_mixin.py:190} INFO - [2024-10-08T15:21:00.649+0900] {dagbag.py:588} INFO - Filling up the DagBag from /Users/alookso/1007MLpj/myenv/lib/python3.10/site-packages/airflow/example_dags/plugins/workday.py
[2024-10-08T15:21:01.339+0900] {processor.py:927} WARNING - No viable dags retrieved from /Users/alookso/1007MLpj/myenv/lib/python3.10/site-packages/airflow/example_dags/plugins/workday.py
[2024-10-08T15:21:01.466+0900] {processor.py:208} INFO - Processing /Users/alookso/1007MLpj/myenv/lib/python3.10/site-packages/airflow/example_dags/plugins/workday.py took 0.825 seconds
[2024-10-08T15:24:05.770+0900] {processor.py:186} INFO - Started process (PID=23486) to work on /Users/alookso/1007MLpj/myenv/lib/python3.10/site-packages/airflow/example_dags/plugins/workday.py
[2024-10-08T15:24:05.771+0900] {processor.py:914} INFO - Processing file /Users/alookso/1007MLpj/myenv/lib/python3.10/site-packages/airflow/example_dags/plugins/workday.py for tasks to queue
[2024-10-08T15:24:05.772+0900] {logging_mixin.py:190} INFO - [2024-10-08T15:24:05.772+0900] {dagbag.py:588} INFO - Filling up the DagBag from /Users/alookso/1007MLpj/myenv/lib/python3.10/site-packages/airflow/example_dags/plugins/workday.py
[2024-10-08T15:24:06.431+0900] {processor.py:927} WARNING - No viable dags retrieved from /Users/alookso/1007MLpj/myenv/lib/python3.10/site-packages/airflow/example_dags/plugins/workday.py
[2024-10-08T15:24:06.552+0900] {processor.py:208} INFO - Processing /Users/alookso/1007MLpj/myenv/lib/python3.10/site-packages/airflow/example_dags/plugins/workday.py took 0.786 seconds
[2024-10-08T15:27:07.457+0900] {processor.py:186} INFO - Started process (PID=23567) to work on /Users/alookso/1007MLpj/myenv/lib/python3.10/site-packages/airflow/example_dags/plugins/workday.py
[2024-10-08T15:27:07.458+0900] {processor.py:914} INFO - Processing file /Users/alookso/1007MLpj/myenv/lib/python3.10/site-packages/airflow/example_dags/plugins/workday.py for tasks to queue
[2024-10-08T15:27:07.459+0900] {logging_mixin.py:190} INFO - [2024-10-08T15:27:07.459+0900] {dagbag.py:588} INFO - Filling up the DagBag from /Users/alookso/1007MLpj/myenv/lib/python3.10/site-packages/airflow/example_dags/plugins/workday.py
[2024-10-08T15:27:08.138+0900] {processor.py:927} WARNING - No viable dags retrieved from /Users/alookso/1007MLpj/myenv/lib/python3.10/site-packages/airflow/example_dags/plugins/workday.py
[2024-10-08T15:27:08.258+0900] {processor.py:208} INFO - Processing /Users/alookso/1007MLpj/myenv/lib/python3.10/site-packages/airflow/example_dags/plugins/workday.py took 0.806 seconds
[2024-10-08T15:30:10.032+0900] {processor.py:186} INFO - Started process (PID=23698) to work on /Users/alookso/1007MLpj/myenv/lib/python3.10/site-packages/airflow/example_dags/plugins/workday.py
[2024-10-08T15:30:10.033+0900] {processor.py:914} INFO - Processing file /Users/alookso/1007MLpj/myenv/lib/python3.10/site-packages/airflow/example_dags/plugins/workday.py for tasks to queue
[2024-10-08T15:30:10.034+0900] {logging_mixin.py:190} INFO - [2024-10-08T15:30:10.033+0900] {dagbag.py:588} INFO - Filling up the DagBag from /Users/alookso/1007MLpj/myenv/lib/python3.10/site-packages/airflow/example_dags/plugins/workday.py
[2024-10-08T15:30:10.703+0900] {processor.py:927} WARNING - No viable dags retrieved from /Users/alookso/1007MLpj/myenv/lib/python3.10/site-packages/airflow/example_dags/plugins/workday.py
[2024-10-08T15:30:10.822+0900] {processor.py:208} INFO - Processing /Users/alookso/1007MLpj/myenv/lib/python3.10/site-packages/airflow/example_dags/plugins/workday.py took 0.795 seconds
[2024-10-08T15:33:10.211+0900] {processor.py:186} INFO - Started process (PID=23793) to work on /Users/alookso/1007MLpj/myenv/lib/python3.10/site-packages/airflow/example_dags/plugins/workday.py
[2024-10-08T15:33:10.211+0900] {processor.py:914} INFO - Processing file /Users/alookso/1007MLpj/myenv/lib/python3.10/site-packages/airflow/example_dags/plugins/workday.py for tasks to queue
[2024-10-08T15:33:10.212+0900] {logging_mixin.py:190} INFO - [2024-10-08T15:33:10.212+0900] {dagbag.py:588} INFO - Filling up the DagBag from /Users/alookso/1007MLpj/myenv/lib/python3.10/site-packages/airflow/example_dags/plugins/workday.py
[2024-10-08T15:33:10.885+0900] {processor.py:927} WARNING - No viable dags retrieved from /Users/alookso/1007MLpj/myenv/lib/python3.10/site-packages/airflow/example_dags/plugins/workday.py
[2024-10-08T15:33:11.006+0900] {processor.py:208} INFO - Processing /Users/alookso/1007MLpj/myenv/lib/python3.10/site-packages/airflow/example_dags/plugins/workday.py took 0.800 seconds
[2024-10-08T15:34:50.247+0900] {processor.py:186} INFO - Started process (PID=23869) to work on /Users/alookso/1007MLpj/myenv/lib/python3.10/site-packages/airflow/example_dags/plugins/workday.py
[2024-10-08T15:34:50.247+0900] {processor.py:914} INFO - Processing file /Users/alookso/1007MLpj/myenv/lib/python3.10/site-packages/airflow/example_dags/plugins/workday.py for tasks to queue
[2024-10-08T15:34:50.248+0900] {logging_mixin.py:190} INFO - [2024-10-08T15:34:50.248+0900] {dagbag.py:588} INFO - Filling up the DagBag from /Users/alookso/1007MLpj/myenv/lib/python3.10/site-packages/airflow/example_dags/plugins/workday.py
[2024-10-08T15:34:50.931+0900] {processor.py:927} WARNING - No viable dags retrieved from /Users/alookso/1007MLpj/myenv/lib/python3.10/site-packages/airflow/example_dags/plugins/workday.py
[2024-10-08T15:34:51.057+0900] {processor.py:208} INFO - Processing /Users/alookso/1007MLpj/myenv/lib/python3.10/site-packages/airflow/example_dags/plugins/workday.py took 0.815 seconds
[2024-10-08T15:37:55.866+0900] {processor.py:186} INFO - Started process (PID=23986) to work on /Users/alookso/1007MLpj/myenv/lib/python3.10/site-packages/airflow/example_dags/plugins/workday.py
[2024-10-08T15:37:55.866+0900] {processor.py:914} INFO - Processing file /Users/alookso/1007MLpj/myenv/lib/python3.10/site-packages/airflow/example_dags/plugins/workday.py for tasks to queue
[2024-10-08T15:37:55.867+0900] {logging_mixin.py:190} INFO - [2024-10-08T15:37:55.867+0900] {dagbag.py:588} INFO - Filling up the DagBag from /Users/alookso/1007MLpj/myenv/lib/python3.10/site-packages/airflow/example_dags/plugins/workday.py
[2024-10-08T15:37:56.550+0900] {processor.py:927} WARNING - No viable dags retrieved from /Users/alookso/1007MLpj/myenv/lib/python3.10/site-packages/airflow/example_dags/plugins/workday.py
[2024-10-08T15:37:56.673+0900] {processor.py:208} INFO - Processing /Users/alookso/1007MLpj/myenv/lib/python3.10/site-packages/airflow/example_dags/plugins/workday.py took 0.813 seconds
[2024-10-08T16:35:31.075+0900] {processor.py:186} INFO - Started process (PID=24946) to work on /Users/alookso/1007MLpj/myenv/lib/python3.10/site-packages/airflow/example_dags/plugins/workday.py
[2024-10-08T16:35:31.075+0900] {processor.py:914} INFO - Processing file /Users/alookso/1007MLpj/myenv/lib/python3.10/site-packages/airflow/example_dags/plugins/workday.py for tasks to queue
[2024-10-08T16:35:31.076+0900] {logging_mixin.py:190} INFO - [2024-10-08T16:35:31.076+0900] {dagbag.py:588} INFO - Filling up the DagBag from /Users/alookso/1007MLpj/myenv/lib/python3.10/site-packages/airflow/example_dags/plugins/workday.py
[2024-10-08T16:35:31.736+0900] {processor.py:927} WARNING - No viable dags retrieved from /Users/alookso/1007MLpj/myenv/lib/python3.10/site-packages/airflow/example_dags/plugins/workday.py
[2024-10-08T16:35:31.858+0900] {processor.py:208} INFO - Processing /Users/alookso/1007MLpj/myenv/lib/python3.10/site-packages/airflow/example_dags/plugins/workday.py took 0.788 seconds
[2024-10-08T16:39:05.383+0900] {processor.py:186} INFO - Started process (PID=25118) to work on /Users/alookso/1007MLpj/myenv/lib/python3.10/site-packages/airflow/example_dags/plugins/workday.py
[2024-10-08T16:39:05.384+0900] {processor.py:914} INFO - Processing file /Users/alookso/1007MLpj/myenv/lib/python3.10/site-packages/airflow/example_dags/plugins/workday.py for tasks to queue
[2024-10-08T16:39:05.385+0900] {logging_mixin.py:190} INFO - [2024-10-08T16:39:05.385+0900] {dagbag.py:588} INFO - Filling up the DagBag from /Users/alookso/1007MLpj/myenv/lib/python3.10/site-packages/airflow/example_dags/plugins/workday.py
[2024-10-08T16:39:06.055+0900] {processor.py:927} WARNING - No viable dags retrieved from /Users/alookso/1007MLpj/myenv/lib/python3.10/site-packages/airflow/example_dags/plugins/workday.py
[2024-10-08T16:39:06.176+0900] {processor.py:208} INFO - Processing /Users/alookso/1007MLpj/myenv/lib/python3.10/site-packages/airflow/example_dags/plugins/workday.py took 0.797 seconds
[2024-10-08T16:50:16.036+0900] {processor.py:186} INFO - Started process (PID=25609) to work on /Users/alookso/1007MLpj/myenv/lib/python3.10/site-packages/airflow/example_dags/plugins/workday.py
[2024-10-08T16:50:16.037+0900] {processor.py:914} INFO - Processing file /Users/alookso/1007MLpj/myenv/lib/python3.10/site-packages/airflow/example_dags/plugins/workday.py for tasks to queue
[2024-10-08T16:50:16.038+0900] {logging_mixin.py:190} INFO - [2024-10-08T16:50:16.038+0900] {dagbag.py:588} INFO - Filling up the DagBag from /Users/alookso/1007MLpj/myenv/lib/python3.10/site-packages/airflow/example_dags/plugins/workday.py
[2024-10-08T16:50:16.758+0900] {processor.py:927} WARNING - No viable dags retrieved from /Users/alookso/1007MLpj/myenv/lib/python3.10/site-packages/airflow/example_dags/plugins/workday.py
[2024-10-08T16:50:16.886+0900] {processor.py:208} INFO - Processing /Users/alookso/1007MLpj/myenv/lib/python3.10/site-packages/airflow/example_dags/plugins/workday.py took 0.855 seconds
[2024-10-08T17:27:01.035+0900] {processor.py:186} INFO - Started process (PID=26314) to work on /Users/alookso/1007MLpj/myenv/lib/python3.10/site-packages/airflow/example_dags/plugins/workday.py
[2024-10-08T17:27:01.035+0900] {processor.py:914} INFO - Processing file /Users/alookso/1007MLpj/myenv/lib/python3.10/site-packages/airflow/example_dags/plugins/workday.py for tasks to queue
[2024-10-08T17:27:01.036+0900] {logging_mixin.py:190} INFO - [2024-10-08T17:27:01.036+0900] {dagbag.py:588} INFO - Filling up the DagBag from /Users/alookso/1007MLpj/myenv/lib/python3.10/site-packages/airflow/example_dags/plugins/workday.py
[2024-10-08T17:27:01.718+0900] {processor.py:927} WARNING - No viable dags retrieved from /Users/alookso/1007MLpj/myenv/lib/python3.10/site-packages/airflow/example_dags/plugins/workday.py
[2024-10-08T17:27:01.842+0900] {processor.py:208} INFO - Processing /Users/alookso/1007MLpj/myenv/lib/python3.10/site-packages/airflow/example_dags/plugins/workday.py took 0.812 seconds
[2024-10-08T17:30:48.188+0900] {processor.py:186} INFO - Started process (PID=26502) to work on /Users/alookso/1007MLpj/myenv/lib/python3.10/site-packages/airflow/example_dags/plugins/workday.py
[2024-10-08T17:30:48.189+0900] {processor.py:914} INFO - Processing file /Users/alookso/1007MLpj/myenv/lib/python3.10/site-packages/airflow/example_dags/plugins/workday.py for tasks to queue
[2024-10-08T17:30:48.189+0900] {logging_mixin.py:190} INFO - [2024-10-08T17:30:48.189+0900] {dagbag.py:588} INFO - Filling up the DagBag from /Users/alookso/1007MLpj/myenv/lib/python3.10/site-packages/airflow/example_dags/plugins/workday.py
[2024-10-08T17:30:48.865+0900] {processor.py:927} WARNING - No viable dags retrieved from /Users/alookso/1007MLpj/myenv/lib/python3.10/site-packages/airflow/example_dags/plugins/workday.py
[2024-10-08T17:30:48.986+0900] {processor.py:208} INFO - Processing /Users/alookso/1007MLpj/myenv/lib/python3.10/site-packages/airflow/example_dags/plugins/workday.py took 0.803 seconds
[2024-10-08T17:41:54.647+0900] {processor.py:186} INFO - Started process (PID=26860) to work on /Users/alookso/1007MLpj/myenv/lib/python3.10/site-packages/airflow/example_dags/plugins/workday.py
[2024-10-08T17:41:54.648+0900] {processor.py:914} INFO - Processing file /Users/alookso/1007MLpj/myenv/lib/python3.10/site-packages/airflow/example_dags/plugins/workday.py for tasks to queue
[2024-10-08T17:41:54.649+0900] {logging_mixin.py:190} INFO - [2024-10-08T17:41:54.649+0900] {dagbag.py:588} INFO - Filling up the DagBag from /Users/alookso/1007MLpj/myenv/lib/python3.10/site-packages/airflow/example_dags/plugins/workday.py
[2024-10-08T17:41:55.327+0900] {processor.py:927} WARNING - No viable dags retrieved from /Users/alookso/1007MLpj/myenv/lib/python3.10/site-packages/airflow/example_dags/plugins/workday.py
[2024-10-08T17:41:55.448+0900] {processor.py:208} INFO - Processing /Users/alookso/1007MLpj/myenv/lib/python3.10/site-packages/airflow/example_dags/plugins/workday.py took 0.805 seconds
[2024-10-08T17:54:20.417+0900] {processor.py:186} INFO - Started process (PID=27275) to work on /Users/alookso/1007MLpj/myenv/lib/python3.10/site-packages/airflow/example_dags/plugins/workday.py
[2024-10-08T17:54:20.418+0900] {processor.py:914} INFO - Processing file /Users/alookso/1007MLpj/myenv/lib/python3.10/site-packages/airflow/example_dags/plugins/workday.py for tasks to queue
[2024-10-08T17:54:20.419+0900] {logging_mixin.py:190} INFO - [2024-10-08T17:54:20.419+0900] {dagbag.py:588} INFO - Filling up the DagBag from /Users/alookso/1007MLpj/myenv/lib/python3.10/site-packages/airflow/example_dags/plugins/workday.py
[2024-10-08T17:54:21.096+0900] {processor.py:927} WARNING - No viable dags retrieved from /Users/alookso/1007MLpj/myenv/lib/python3.10/site-packages/airflow/example_dags/plugins/workday.py
[2024-10-08T17:54:21.222+0900] {processor.py:208} INFO - Processing /Users/alookso/1007MLpj/myenv/lib/python3.10/site-packages/airflow/example_dags/plugins/workday.py took 0.810 seconds
[2024-10-08T17:57:49.733+0900] {processor.py:186} INFO - Started process (PID=27392) to work on /Users/alookso/1007MLpj/myenv/lib/python3.10/site-packages/airflow/example_dags/plugins/workday.py
[2024-10-08T17:57:49.734+0900] {processor.py:914} INFO - Processing file /Users/alookso/1007MLpj/myenv/lib/python3.10/site-packages/airflow/example_dags/plugins/workday.py for tasks to queue
[2024-10-08T17:57:49.735+0900] {logging_mixin.py:190} INFO - [2024-10-08T17:57:49.734+0900] {dagbag.py:588} INFO - Filling up the DagBag from /Users/alookso/1007MLpj/myenv/lib/python3.10/site-packages/airflow/example_dags/plugins/workday.py
[2024-10-08T17:57:50.411+0900] {processor.py:927} WARNING - No viable dags retrieved from /Users/alookso/1007MLpj/myenv/lib/python3.10/site-packages/airflow/example_dags/plugins/workday.py
[2024-10-08T17:57:50.533+0900] {processor.py:208} INFO - Processing /Users/alookso/1007MLpj/myenv/lib/python3.10/site-packages/airflow/example_dags/plugins/workday.py took 0.805 seconds
[2024-10-08T17:58:59.336+0900] {processor.py:186} INFO - Started process (PID=27465) to work on /Users/alookso/1007MLpj/myenv/lib/python3.10/site-packages/airflow/example_dags/plugins/workday.py
[2024-10-08T17:58:59.337+0900] {processor.py:914} INFO - Processing file /Users/alookso/1007MLpj/myenv/lib/python3.10/site-packages/airflow/example_dags/plugins/workday.py for tasks to queue
[2024-10-08T17:58:59.338+0900] {logging_mixin.py:190} INFO - [2024-10-08T17:58:59.338+0900] {dagbag.py:588} INFO - Filling up the DagBag from /Users/alookso/1007MLpj/myenv/lib/python3.10/site-packages/airflow/example_dags/plugins/workday.py
[2024-10-08T17:59:00.007+0900] {processor.py:927} WARNING - No viable dags retrieved from /Users/alookso/1007MLpj/myenv/lib/python3.10/site-packages/airflow/example_dags/plugins/workday.py
[2024-10-08T17:59:00.130+0900] {processor.py:208} INFO - Processing /Users/alookso/1007MLpj/myenv/lib/python3.10/site-packages/airflow/example_dags/plugins/workday.py took 0.799 seconds
[2024-10-08T18:02:43.417+0900] {processor.py:186} INFO - Started process (PID=27614) to work on /Users/alookso/1007MLpj/myenv/lib/python3.10/site-packages/airflow/example_dags/plugins/workday.py
[2024-10-08T18:02:43.418+0900] {processor.py:914} INFO - Processing file /Users/alookso/1007MLpj/myenv/lib/python3.10/site-packages/airflow/example_dags/plugins/workday.py for tasks to queue
[2024-10-08T18:02:43.420+0900] {logging_mixin.py:190} INFO - [2024-10-08T18:02:43.420+0900] {dagbag.py:588} INFO - Filling up the DagBag from /Users/alookso/1007MLpj/myenv/lib/python3.10/site-packages/airflow/example_dags/plugins/workday.py
[2024-10-08T18:02:44.106+0900] {processor.py:927} WARNING - No viable dags retrieved from /Users/alookso/1007MLpj/myenv/lib/python3.10/site-packages/airflow/example_dags/plugins/workday.py
[2024-10-08T18:02:44.229+0900] {processor.py:208} INFO - Processing /Users/alookso/1007MLpj/myenv/lib/python3.10/site-packages/airflow/example_dags/plugins/workday.py took 0.819 seconds
[2024-10-08T18:05:14.758+0900] {processor.py:186} INFO - Started process (PID=27718) to work on /Users/alookso/1007MLpj/myenv/lib/python3.10/site-packages/airflow/example_dags/plugins/workday.py
[2024-10-08T18:05:14.759+0900] {processor.py:914} INFO - Processing file /Users/alookso/1007MLpj/myenv/lib/python3.10/site-packages/airflow/example_dags/plugins/workday.py for tasks to queue
[2024-10-08T18:05:14.760+0900] {logging_mixin.py:190} INFO - [2024-10-08T18:05:14.760+0900] {dagbag.py:588} INFO - Filling up the DagBag from /Users/alookso/1007MLpj/myenv/lib/python3.10/site-packages/airflow/example_dags/plugins/workday.py
[2024-10-08T18:05:15.439+0900] {processor.py:927} WARNING - No viable dags retrieved from /Users/alookso/1007MLpj/myenv/lib/python3.10/site-packages/airflow/example_dags/plugins/workday.py
[2024-10-08T18:05:15.563+0900] {processor.py:208} INFO - Processing /Users/alookso/1007MLpj/myenv/lib/python3.10/site-packages/airflow/example_dags/plugins/workday.py took 0.810 seconds
[2024-10-08T18:08:54.110+0900] {processor.py:186} INFO - Started process (PID=27827) to work on /Users/alookso/1007MLpj/myenv/lib/python3.10/site-packages/airflow/example_dags/plugins/workday.py
[2024-10-08T18:08:54.110+0900] {processor.py:914} INFO - Processing file /Users/alookso/1007MLpj/myenv/lib/python3.10/site-packages/airflow/example_dags/plugins/workday.py for tasks to queue
[2024-10-08T18:08:54.111+0900] {logging_mixin.py:190} INFO - [2024-10-08T18:08:54.111+0900] {dagbag.py:588} INFO - Filling up the DagBag from /Users/alookso/1007MLpj/myenv/lib/python3.10/site-packages/airflow/example_dags/plugins/workday.py
[2024-10-08T18:08:54.795+0900] {processor.py:927} WARNING - No viable dags retrieved from /Users/alookso/1007MLpj/myenv/lib/python3.10/site-packages/airflow/example_dags/plugins/workday.py
[2024-10-08T18:08:54.917+0900] {processor.py:208} INFO - Processing /Users/alookso/1007MLpj/myenv/lib/python3.10/site-packages/airflow/example_dags/plugins/workday.py took 0.812 seconds
[2024-10-08T18:12:04.692+0900] {processor.py:186} INFO - Started process (PID=27921) to work on /Users/alookso/1007MLpj/myenv/lib/python3.10/site-packages/airflow/example_dags/plugins/workday.py
[2024-10-08T18:12:04.693+0900] {processor.py:914} INFO - Processing file /Users/alookso/1007MLpj/myenv/lib/python3.10/site-packages/airflow/example_dags/plugins/workday.py for tasks to queue
[2024-10-08T18:12:04.694+0900] {logging_mixin.py:190} INFO - [2024-10-08T18:12:04.693+0900] {dagbag.py:588} INFO - Filling up the DagBag from /Users/alookso/1007MLpj/myenv/lib/python3.10/site-packages/airflow/example_dags/plugins/workday.py
[2024-10-08T18:12:05.360+0900] {processor.py:927} WARNING - No viable dags retrieved from /Users/alookso/1007MLpj/myenv/lib/python3.10/site-packages/airflow/example_dags/plugins/workday.py
[2024-10-08T18:12:05.481+0900] {processor.py:208} INFO - Processing /Users/alookso/1007MLpj/myenv/lib/python3.10/site-packages/airflow/example_dags/plugins/workday.py took 0.794 seconds
[2024-10-08T18:15:14.877+0900] {processor.py:186} INFO - Started process (PID=28029) to work on /Users/alookso/1007MLpj/myenv/lib/python3.10/site-packages/airflow/example_dags/plugins/workday.py
[2024-10-08T18:15:14.878+0900] {processor.py:914} INFO - Processing file /Users/alookso/1007MLpj/myenv/lib/python3.10/site-packages/airflow/example_dags/plugins/workday.py for tasks to queue
[2024-10-08T18:15:14.879+0900] {logging_mixin.py:190} INFO - [2024-10-08T18:15:14.878+0900] {dagbag.py:588} INFO - Filling up the DagBag from /Users/alookso/1007MLpj/myenv/lib/python3.10/site-packages/airflow/example_dags/plugins/workday.py
[2024-10-08T18:15:15.702+0900] {processor.py:927} WARNING - No viable dags retrieved from /Users/alookso/1007MLpj/myenv/lib/python3.10/site-packages/airflow/example_dags/plugins/workday.py
[2024-10-08T18:15:15.830+0900] {processor.py:208} INFO - Processing /Users/alookso/1007MLpj/myenv/lib/python3.10/site-packages/airflow/example_dags/plugins/workday.py took 0.959 seconds
[2024-10-08T18:18:24.699+0900] {processor.py:186} INFO - Started process (PID=28116) to work on /Users/alookso/1007MLpj/myenv/lib/python3.10/site-packages/airflow/example_dags/plugins/workday.py
[2024-10-08T18:18:24.700+0900] {processor.py:914} INFO - Processing file /Users/alookso/1007MLpj/myenv/lib/python3.10/site-packages/airflow/example_dags/plugins/workday.py for tasks to queue
[2024-10-08T18:18:24.700+0900] {logging_mixin.py:190} INFO - [2024-10-08T18:18:24.700+0900] {dagbag.py:588} INFO - Filling up the DagBag from /Users/alookso/1007MLpj/myenv/lib/python3.10/site-packages/airflow/example_dags/plugins/workday.py
[2024-10-08T18:18:25.406+0900] {processor.py:927} WARNING - No viable dags retrieved from /Users/alookso/1007MLpj/myenv/lib/python3.10/site-packages/airflow/example_dags/plugins/workday.py
[2024-10-08T18:18:25.531+0900] {processor.py:208} INFO - Processing /Users/alookso/1007MLpj/myenv/lib/python3.10/site-packages/airflow/example_dags/plugins/workday.py took 0.837 seconds
[2024-10-08T18:21:10.041+0900] {processor.py:186} INFO - Started process (PID=28241) to work on /Users/alookso/1007MLpj/myenv/lib/python3.10/site-packages/airflow/example_dags/plugins/workday.py
[2024-10-08T18:21:10.042+0900] {processor.py:914} INFO - Processing file /Users/alookso/1007MLpj/myenv/lib/python3.10/site-packages/airflow/example_dags/plugins/workday.py for tasks to queue
[2024-10-08T18:21:10.043+0900] {logging_mixin.py:190} INFO - [2024-10-08T18:21:10.043+0900] {dagbag.py:588} INFO - Filling up the DagBag from /Users/alookso/1007MLpj/myenv/lib/python3.10/site-packages/airflow/example_dags/plugins/workday.py
[2024-10-08T18:21:10.713+0900] {processor.py:927} WARNING - No viable dags retrieved from /Users/alookso/1007MLpj/myenv/lib/python3.10/site-packages/airflow/example_dags/plugins/workday.py
[2024-10-08T18:21:10.832+0900] {processor.py:208} INFO - Processing /Users/alookso/1007MLpj/myenv/lib/python3.10/site-packages/airflow/example_dags/plugins/workday.py took 0.795 seconds
[2024-10-08T18:32:09.582+0900] {processor.py:186} INFO - Started process (PID=28662) to work on /Users/alookso/1007MLpj/myenv/lib/python3.10/site-packages/airflow/example_dags/plugins/workday.py
[2024-10-08T18:32:09.583+0900] {processor.py:914} INFO - Processing file /Users/alookso/1007MLpj/myenv/lib/python3.10/site-packages/airflow/example_dags/plugins/workday.py for tasks to queue
[2024-10-08T18:32:09.584+0900] {logging_mixin.py:190} INFO - [2024-10-08T18:32:09.584+0900] {dagbag.py:588} INFO - Filling up the DagBag from /Users/alookso/1007MLpj/myenv/lib/python3.10/site-packages/airflow/example_dags/plugins/workday.py
[2024-10-08T18:32:10.271+0900] {processor.py:927} WARNING - No viable dags retrieved from /Users/alookso/1007MLpj/myenv/lib/python3.10/site-packages/airflow/example_dags/plugins/workday.py
[2024-10-08T18:32:10.395+0900] {processor.py:208} INFO - Processing /Users/alookso/1007MLpj/myenv/lib/python3.10/site-packages/airflow/example_dags/plugins/workday.py took 0.819 seconds
[2024-10-08T18:34:04.505+0900] {processor.py:186} INFO - Started process (PID=28766) to work on /Users/alookso/1007MLpj/myenv/lib/python3.10/site-packages/airflow/example_dags/plugins/workday.py
[2024-10-08T18:34:04.506+0900] {processor.py:914} INFO - Processing file /Users/alookso/1007MLpj/myenv/lib/python3.10/site-packages/airflow/example_dags/plugins/workday.py for tasks to queue
[2024-10-08T18:34:04.507+0900] {logging_mixin.py:190} INFO - [2024-10-08T18:34:04.507+0900] {dagbag.py:588} INFO - Filling up the DagBag from /Users/alookso/1007MLpj/myenv/lib/python3.10/site-packages/airflow/example_dags/plugins/workday.py
[2024-10-08T18:34:05.168+0900] {processor.py:927} WARNING - No viable dags retrieved from /Users/alookso/1007MLpj/myenv/lib/python3.10/site-packages/airflow/example_dags/plugins/workday.py
[2024-10-08T18:34:05.288+0900] {processor.py:208} INFO - Processing /Users/alookso/1007MLpj/myenv/lib/python3.10/site-packages/airflow/example_dags/plugins/workday.py took 0.788 seconds
[2024-10-08T18:45:45.857+0900] {processor.py:186} INFO - Started process (PID=29222) to work on /Users/alookso/1007MLpj/myenv/lib/python3.10/site-packages/airflow/example_dags/plugins/workday.py
[2024-10-08T18:45:45.858+0900] {processor.py:914} INFO - Processing file /Users/alookso/1007MLpj/myenv/lib/python3.10/site-packages/airflow/example_dags/plugins/workday.py for tasks to queue
[2024-10-08T18:45:45.859+0900] {logging_mixin.py:190} INFO - [2024-10-08T18:45:45.859+0900] {dagbag.py:588} INFO - Filling up the DagBag from /Users/alookso/1007MLpj/myenv/lib/python3.10/site-packages/airflow/example_dags/plugins/workday.py
[2024-10-08T18:45:46.529+0900] {processor.py:927} WARNING - No viable dags retrieved from /Users/alookso/1007MLpj/myenv/lib/python3.10/site-packages/airflow/example_dags/plugins/workday.py
[2024-10-08T18:45:46.648+0900] {processor.py:208} INFO - Processing /Users/alookso/1007MLpj/myenv/lib/python3.10/site-packages/airflow/example_dags/plugins/workday.py took 0.796 seconds
