[2024-10-10T16:46:49.419+0900] {local_task_job_runner.py:123} INFO - ::group::Pre task execution logs
[2024-10-10T16:46:49.433+0900] {taskinstance.py:2612} INFO - Dependencies all met for dep_context=non-requeueable deps ti=<TaskInstance: handwriting_dag.preprocessing_new_data manual__2024-10-10T07:46:29.765355+00:00 [queued]>
[2024-10-10T16:46:49.441+0900] {taskinstance.py:2612} INFO - Dependencies all met for dep_context=requeueable deps ti=<TaskInstance: handwriting_dag.preprocessing_new_data manual__2024-10-10T07:46:29.765355+00:00 [queued]>
[2024-10-10T16:46:49.441+0900] {taskinstance.py:2865} INFO - Starting attempt 1 of 2
[2024-10-10T16:46:49.453+0900] {taskinstance.py:2888} INFO - Executing <Task(PythonOperator): preprocessing_new_data> on 2024-10-10 07:46:29.765355+00:00
[2024-10-10T16:46:49.469+0900] {standard_task_runner.py:72} INFO - Started process 58385 to run task
[2024-10-10T16:46:49.481+0900] {standard_task_runner.py:104} INFO - Running: ['airflow', 'tasks', 'run', 'handwriting_dag', 'preprocessing_new_data', 'manual__2024-10-10T07:46:29.765355+00:00', '--job-id', '21', '--raw', '--subdir', 'DAGS_FOLDER/model_dag.py', '--cfg-path', '/var/folders/tx/bcbxk5bj33x4r2rt041m7bmr0000gn/T/tmphsy1ny7r']
[2024-10-10T16:46:49.483+0900] {standard_task_runner.py:105} INFO - Job 21: Subtask preprocessing_new_data
[2024-10-10T16:46:49.537+0900] {task_command.py:467} INFO - Running <TaskInstance: handwriting_dag.preprocessing_new_data manual__2024-10-10T07:46:29.765355+00:00 [running]> on host hyowon-kim-macbook-pro.local
[2024-10-10T16:46:49.608+0900] {taskinstance.py:3131} INFO - Exporting env vars: AIRFLOW_CTX_DAG_OWNER='airflow' AIRFLOW_CTX_DAG_ID='handwriting_dag' AIRFLOW_CTX_TASK_ID='preprocessing_new_data' AIRFLOW_CTX_EXECUTION_DATE='2024-10-10T07:46:29.765355+00:00' AIRFLOW_CTX_TRY_NUMBER='1' AIRFLOW_CTX_DAG_RUN_ID='manual__2024-10-10T07:46:29.765355+00:00'
[2024-10-10T16:46:49.611+0900] {logging_mixin.py:190} INFO - Task instance is in running state
[2024-10-10T16:46:49.611+0900] {logging_mixin.py:190} INFO -  Previous state of the Task instance: queued
[2024-10-10T16:46:49.612+0900] {logging_mixin.py:190} INFO - Current task name:preprocessing_new_data state:running start_date:2024-10-10 07:46:49.434182+00:00
[2024-10-10T16:46:49.612+0900] {logging_mixin.py:190} INFO - Dag name:handwriting_dag and current dag run status:running
[2024-10-10T16:46:49.613+0900] {taskinstance.py:731} INFO - ::endgroup::
[2024-10-10T16:46:49.644+0900] {model_dag.py:58} INFO - Processed image: 5.png
[2024-10-10T16:46:49.647+0900] {model_dag.py:58} INFO - Processed image: 2.png
[2024-10-10T16:46:49.649+0900] {model_dag.py:58} INFO - Processed image: 3.png
[2024-10-10T16:46:49.652+0900] {model_dag.py:58} INFO - Processed image: 1.png
[2024-10-10T16:46:49.652+0900] {model_dag.py:63} INFO - Processed 4 new images
[2024-10-10T16:46:49.653+0900] {python.py:240} INFO - Done. Returned value was: {'processed_files': ['/Users/alookso/1010LMpj/ml-project-ml-pjt-7/processed_data/processed_5.png.pt', '/Users/alookso/1010LMpj/ml-project-ml-pjt-7/processed_data/processed_2.png.pt', '/Users/alookso/1010LMpj/ml-project-ml-pjt-7/processed_data/processed_3.png.pt', '/Users/alookso/1010LMpj/ml-project-ml-pjt-7/processed_data/processed_1.png.pt'], 'labels': [5, 2, 3, 1]}
[2024-10-10T16:46:49.670+0900] {taskinstance.py:340} INFO - ::group::Post task execution logs
[2024-10-10T16:46:49.671+0900] {taskinstance.py:352} INFO - Marking task as SUCCESS. dag_id=handwriting_dag, task_id=preprocessing_new_data, run_id=manual__2024-10-10T07:46:29.765355+00:00, execution_date=20241010T074629, start_date=20241010T074649, end_date=20241010T074649
[2024-10-10T16:46:49.678+0900] {logging_mixin.py:190} INFO - Task instance in success state
[2024-10-10T16:46:49.679+0900] {logging_mixin.py:190} INFO -  Previous state of the Task instance: running
[2024-10-10T16:46:49.679+0900] {logging_mixin.py:190} INFO - Dag name:handwriting_dag queued_at:2024-10-10 07:46:29.780545+00:00
[2024-10-10T16:46:49.680+0900] {logging_mixin.py:190} INFO - Task hostname:hyowon-kim-macbook-pro.local operator:PythonOperator
[2024-10-10T16:46:49.710+0900] {local_task_job_runner.py:266} INFO - Task exited with return code 0
[2024-10-10T16:46:49.733+0900] {taskinstance.py:3900} INFO - 1 downstream tasks scheduled from follow-on schedule check
[2024-10-10T16:46:49.735+0900] {local_task_job_runner.py:245} INFO - ::endgroup::
