[2024-10-08T15:38:56.913+0900] {local_task_job_runner.py:123} INFO - ::group::Pre task execution logs
[2024-10-08T15:38:56.925+0900] {taskinstance.py:2612} INFO - Dependencies all met for dep_context=non-requeueable deps ti=<TaskInstance: mnist_model_workflow.new_data_sensor scheduled__2024-10-08T06:30:00+00:00 [queued]>
[2024-10-08T15:38:56.931+0900] {taskinstance.py:2612} INFO - Dependencies all met for dep_context=requeueable deps ti=<TaskInstance: mnist_model_workflow.new_data_sensor scheduled__2024-10-08T06:30:00+00:00 [queued]>
[2024-10-08T15:38:56.932+0900] {taskinstance.py:2865} INFO - Starting attempt 1 of 2
[2024-10-08T15:38:56.944+0900] {taskinstance.py:2888} INFO - Executing <Task(FileSensor): new_data_sensor> on 2024-10-08 06:30:00+00:00
[2024-10-08T15:38:56.958+0900] {standard_task_runner.py:72} INFO - Started process 24035 to run task
[2024-10-08T15:38:56.971+0900] {standard_task_runner.py:104} INFO - Running: ['airflow', 'tasks', 'run', 'mnist_model_workflow', 'new_data_sensor', 'scheduled__2024-10-08T06:30:00+00:00', '--job-id', '4', '--raw', '--subdir', 'DAGS_FOLDER/mnist_model_dag.py', '--cfg-path', '/var/folders/tx/bcbxk5bj33x4r2rt041m7bmr0000gn/T/tmp8ax7h4ds']
[2024-10-08T15:38:56.974+0900] {standard_task_runner.py:105} INFO - Job 4: Subtask new_data_sensor
[2024-10-08T15:38:57.034+0900] {task_command.py:467} INFO - Running <TaskInstance: mnist_model_workflow.new_data_sensor scheduled__2024-10-08T06:30:00+00:00 [running]> on host hyowon-kim-macbook-pro.local
[2024-10-08T15:38:57.103+0900] {taskinstance.py:3131} INFO - Exporting env vars: AIRFLOW_CTX_DAG_OWNER='airflow' AIRFLOW_CTX_DAG_ID='mnist_model_workflow' AIRFLOW_CTX_TASK_ID='new_data_sensor' AIRFLOW_CTX_EXECUTION_DATE='2024-10-08T06:30:00+00:00' AIRFLOW_CTX_TRY_NUMBER='1' AIRFLOW_CTX_DAG_RUN_ID='scheduled__2024-10-08T06:30:00+00:00'
[2024-10-08T15:38:57.105+0900] {logging_mixin.py:190} INFO - Task instance is in running state
[2024-10-08T15:38:57.106+0900] {logging_mixin.py:190} INFO -  Previous state of the Task instance: queued
[2024-10-08T15:38:57.106+0900] {logging_mixin.py:190} INFO - Current task name:new_data_sensor state:running start_date:2024-10-08 06:38:56.926036+00:00
[2024-10-08T15:38:57.107+0900] {logging_mixin.py:190} INFO - Dag name:mnist_model_workflow and current dag run status:running
[2024-10-08T15:38:57.107+0900] {taskinstance.py:731} INFO - ::endgroup::
[2024-10-08T15:38:57.108+0900] {baseoperator.py:405} WARNING - FileSensor.execute cannot be called outside TaskInstance!
[2024-10-08T15:38:57.115+0900] {base.py:84} INFO - Retrieving connection 'fs_default'
[2024-10-08T15:38:57.116+0900] {filesystem.py:109} INFO - Poking for file /Users/alookso/1007MLpj/ml-project-ml-pjt-7/uploads/*.{jpg,png,jpeg}
[2024-10-08T15:39:57.119+0900] {filesystem.py:109} INFO - Poking for file /Users/alookso/1007MLpj/ml-project-ml-pjt-7/uploads/*.{jpg,png,jpeg}
[2024-10-08T15:40:57.122+0900] {filesystem.py:109} INFO - Poking for file /Users/alookso/1007MLpj/ml-project-ml-pjt-7/uploads/*.{jpg,png,jpeg}
[2024-10-08T15:41:57.125+0900] {filesystem.py:109} INFO - Poking for file /Users/alookso/1007MLpj/ml-project-ml-pjt-7/uploads/*.{jpg,png,jpeg}
[2024-10-08T15:42:57.128+0900] {filesystem.py:109} INFO - Poking for file /Users/alookso/1007MLpj/ml-project-ml-pjt-7/uploads/*.{jpg,png,jpeg}
[2024-10-08T15:43:57.132+0900] {filesystem.py:109} INFO - Poking for file /Users/alookso/1007MLpj/ml-project-ml-pjt-7/uploads/*.{jpg,png,jpeg}
[2024-10-08T15:44:57.134+0900] {filesystem.py:109} INFO - Poking for file /Users/alookso/1007MLpj/ml-project-ml-pjt-7/uploads/*.{jpg,png,jpeg}
[2024-10-08T15:45:57.138+0900] {filesystem.py:109} INFO - Poking for file /Users/alookso/1007MLpj/ml-project-ml-pjt-7/uploads/*.{jpg,png,jpeg}
[2024-10-08T15:46:57.140+0900] {filesystem.py:109} INFO - Poking for file /Users/alookso/1007MLpj/ml-project-ml-pjt-7/uploads/*.{jpg,png,jpeg}
[2024-10-08T15:47:57.144+0900] {filesystem.py:109} INFO - Poking for file /Users/alookso/1007MLpj/ml-project-ml-pjt-7/uploads/*.{jpg,png,jpeg}
[2024-10-08T15:48:57.147+0900] {filesystem.py:109} INFO - Poking for file /Users/alookso/1007MLpj/ml-project-ml-pjt-7/uploads/*.{jpg,png,jpeg}
[2024-10-08T15:49:57.150+0900] {filesystem.py:109} INFO - Poking for file /Users/alookso/1007MLpj/ml-project-ml-pjt-7/uploads/*.{jpg,png,jpeg}
[2024-10-08T15:50:57.153+0900] {filesystem.py:109} INFO - Poking for file /Users/alookso/1007MLpj/ml-project-ml-pjt-7/uploads/*.{jpg,png,jpeg}
[2024-10-08T15:51:57.178+0900] {filesystem.py:109} INFO - Poking for file /Users/alookso/1007MLpj/ml-project-ml-pjt-7/uploads/*.{jpg,png,jpeg}
[2024-10-08T15:52:57.195+0900] {filesystem.py:109} INFO - Poking for file /Users/alookso/1007MLpj/ml-project-ml-pjt-7/uploads/*.{jpg,png,jpeg}
[2024-10-08T15:53:57.198+0900] {filesystem.py:109} INFO - Poking for file /Users/alookso/1007MLpj/ml-project-ml-pjt-7/uploads/*.{jpg,png,jpeg}
[2024-10-08T15:54:57.202+0900] {filesystem.py:109} INFO - Poking for file /Users/alookso/1007MLpj/ml-project-ml-pjt-7/uploads/*.{jpg,png,jpeg}
[2024-10-08T15:55:57.205+0900] {filesystem.py:109} INFO - Poking for file /Users/alookso/1007MLpj/ml-project-ml-pjt-7/uploads/*.{jpg,png,jpeg}
[2024-10-08T15:56:57.209+0900] {filesystem.py:109} INFO - Poking for file /Users/alookso/1007MLpj/ml-project-ml-pjt-7/uploads/*.{jpg,png,jpeg}
[2024-10-08T15:57:57.212+0900] {filesystem.py:109} INFO - Poking for file /Users/alookso/1007MLpj/ml-project-ml-pjt-7/uploads/*.{jpg,png,jpeg}
[2024-10-08T15:58:57.215+0900] {filesystem.py:109} INFO - Poking for file /Users/alookso/1007MLpj/ml-project-ml-pjt-7/uploads/*.{jpg,png,jpeg}
[2024-10-08T15:59:57.218+0900] {filesystem.py:109} INFO - Poking for file /Users/alookso/1007MLpj/ml-project-ml-pjt-7/uploads/*.{jpg,png,jpeg}
[2024-10-08T16:00:57.221+0900] {filesystem.py:109} INFO - Poking for file /Users/alookso/1007MLpj/ml-project-ml-pjt-7/uploads/*.{jpg,png,jpeg}
[2024-10-08T16:01:57.224+0900] {filesystem.py:109} INFO - Poking for file /Users/alookso/1007MLpj/ml-project-ml-pjt-7/uploads/*.{jpg,png,jpeg}
[2024-10-08T16:02:57.228+0900] {filesystem.py:109} INFO - Poking for file /Users/alookso/1007MLpj/ml-project-ml-pjt-7/uploads/*.{jpg,png,jpeg}
[2024-10-08T16:03:57.231+0900] {filesystem.py:109} INFO - Poking for file /Users/alookso/1007MLpj/ml-project-ml-pjt-7/uploads/*.{jpg,png,jpeg}
[2024-10-08T16:04:57.234+0900] {filesystem.py:109} INFO - Poking for file /Users/alookso/1007MLpj/ml-project-ml-pjt-7/uploads/*.{jpg,png,jpeg}
[2024-10-08T16:05:57.237+0900] {filesystem.py:109} INFO - Poking for file /Users/alookso/1007MLpj/ml-project-ml-pjt-7/uploads/*.{jpg,png,jpeg}
[2024-10-08T16:06:57.240+0900] {filesystem.py:109} INFO - Poking for file /Users/alookso/1007MLpj/ml-project-ml-pjt-7/uploads/*.{jpg,png,jpeg}
[2024-10-08T16:07:57.243+0900] {filesystem.py:109} INFO - Poking for file /Users/alookso/1007MLpj/ml-project-ml-pjt-7/uploads/*.{jpg,png,jpeg}
[2024-10-08T16:08:57.246+0900] {filesystem.py:109} INFO - Poking for file /Users/alookso/1007MLpj/ml-project-ml-pjt-7/uploads/*.{jpg,png,jpeg}
[2024-10-08T16:09:57.249+0900] {filesystem.py:109} INFO - Poking for file /Users/alookso/1007MLpj/ml-project-ml-pjt-7/uploads/*.{jpg,png,jpeg}
[2024-10-08T16:10:57.253+0900] {filesystem.py:109} INFO - Poking for file /Users/alookso/1007MLpj/ml-project-ml-pjt-7/uploads/*.{jpg,png,jpeg}
[2024-10-08T16:11:57.230+0900] {filesystem.py:109} INFO - Poking for file /Users/alookso/1007MLpj/ml-project-ml-pjt-7/uploads/*.{jpg,png,jpeg}
[2024-10-08T16:12:57.212+0900] {filesystem.py:109} INFO - Poking for file /Users/alookso/1007MLpj/ml-project-ml-pjt-7/uploads/*.{jpg,png,jpeg}
[2024-10-08T16:13:57.214+0900] {filesystem.py:109} INFO - Poking for file /Users/alookso/1007MLpj/ml-project-ml-pjt-7/uploads/*.{jpg,png,jpeg}
[2024-10-08T16:14:57.217+0900] {filesystem.py:109} INFO - Poking for file /Users/alookso/1007MLpj/ml-project-ml-pjt-7/uploads/*.{jpg,png,jpeg}
[2024-10-08T16:15:57.219+0900] {filesystem.py:109} INFO - Poking for file /Users/alookso/1007MLpj/ml-project-ml-pjt-7/uploads/*.{jpg,png,jpeg}
[2024-10-08T16:16:57.221+0900] {filesystem.py:109} INFO - Poking for file /Users/alookso/1007MLpj/ml-project-ml-pjt-7/uploads/*.{jpg,png,jpeg}
[2024-10-08T16:17:57.223+0900] {filesystem.py:109} INFO - Poking for file /Users/alookso/1007MLpj/ml-project-ml-pjt-7/uploads/*.{jpg,png,jpeg}
[2024-10-08T16:18:57.225+0900] {filesystem.py:109} INFO - Poking for file /Users/alookso/1007MLpj/ml-project-ml-pjt-7/uploads/*.{jpg,png,jpeg}
[2024-10-08T16:19:57.228+0900] {filesystem.py:109} INFO - Poking for file /Users/alookso/1007MLpj/ml-project-ml-pjt-7/uploads/*.{jpg,png,jpeg}
[2024-10-08T16:20:57.230+0900] {filesystem.py:109} INFO - Poking for file /Users/alookso/1007MLpj/ml-project-ml-pjt-7/uploads/*.{jpg,png,jpeg}
[2024-10-08T16:21:57.233+0900] {filesystem.py:109} INFO - Poking for file /Users/alookso/1007MLpj/ml-project-ml-pjt-7/uploads/*.{jpg,png,jpeg}
[2024-10-08T16:22:57.234+0900] {filesystem.py:109} INFO - Poking for file /Users/alookso/1007MLpj/ml-project-ml-pjt-7/uploads/*.{jpg,png,jpeg}
[2024-10-08T16:23:57.236+0900] {filesystem.py:109} INFO - Poking for file /Users/alookso/1007MLpj/ml-project-ml-pjt-7/uploads/*.{jpg,png,jpeg}
[2024-10-08T16:24:57.238+0900] {filesystem.py:109} INFO - Poking for file /Users/alookso/1007MLpj/ml-project-ml-pjt-7/uploads/*.{jpg,png,jpeg}
[2024-10-08T16:25:57.241+0900] {filesystem.py:109} INFO - Poking for file /Users/alookso/1007MLpj/ml-project-ml-pjt-7/uploads/*.{jpg,png,jpeg}
[2024-10-08T16:26:57.243+0900] {filesystem.py:109} INFO - Poking for file /Users/alookso/1007MLpj/ml-project-ml-pjt-7/uploads/*.{jpg,png,jpeg}
[2024-10-08T16:27:57.245+0900] {filesystem.py:109} INFO - Poking for file /Users/alookso/1007MLpj/ml-project-ml-pjt-7/uploads/*.{jpg,png,jpeg}
[2024-10-08T16:28:57.247+0900] {filesystem.py:109} INFO - Poking for file /Users/alookso/1007MLpj/ml-project-ml-pjt-7/uploads/*.{jpg,png,jpeg}
[2024-10-08T16:29:57.249+0900] {filesystem.py:109} INFO - Poking for file /Users/alookso/1007MLpj/ml-project-ml-pjt-7/uploads/*.{jpg,png,jpeg}
[2024-10-08T16:30:57.251+0900] {filesystem.py:109} INFO - Poking for file /Users/alookso/1007MLpj/ml-project-ml-pjt-7/uploads/*.{jpg,png,jpeg}
[2024-10-08T16:31:57.233+0900] {filesystem.py:109} INFO - Poking for file /Users/alookso/1007MLpj/ml-project-ml-pjt-7/uploads/*.{jpg,png,jpeg}
[2024-10-08T16:32:57.215+0900] {filesystem.py:109} INFO - Poking for file /Users/alookso/1007MLpj/ml-project-ml-pjt-7/uploads/*.{jpg,png,jpeg}
[2024-10-08T16:33:57.216+0900] {filesystem.py:109} INFO - Poking for file /Users/alookso/1007MLpj/ml-project-ml-pjt-7/uploads/*.{jpg,png,jpeg}
[2024-10-08T16:34:38.008+0900] {local_task_job_runner.py:245} INFO - ::endgroup::
[2024-10-08T16:34:38.026+0900] {process_utils.py:132} INFO - Sending Signals.SIGTERM to group 24035. PIDs of all processes in the group: [24035]
[2024-10-08T16:34:38.026+0900] {process_utils.py:87} INFO - Sending the signal Signals.SIGTERM to group 24035
[2024-10-08T16:34:38.026+0900] {taskinstance.py:3092} ERROR - Received SIGTERM. Terminating subprocesses.
[2024-10-08T16:34:38.032+0900] {taskinstance.py:3310} ERROR - Task failed with exception
Traceback (most recent call last):
  File "/Users/alookso/1007MLpj/myenv/lib/python3.10/site-packages/airflow/models/taskinstance.py", line 767, in _execute_task
    result = _execute_callable(context=context, **execute_callable_kwargs)
  File "/Users/alookso/1007MLpj/myenv/lib/python3.10/site-packages/airflow/models/taskinstance.py", line 733, in _execute_callable
    return ExecutionCallableRunner(
  File "/Users/alookso/1007MLpj/myenv/lib/python3.10/site-packages/airflow/utils/operator_helpers.py", line 252, in run
    return self.func(*args, **kwargs)
  File "/Users/alookso/1007MLpj/myenv/lib/python3.10/site-packages/airflow/models/baseoperator.py", line 406, in wrapper
    return func(self, *args, **kwargs)
  File "/Users/alookso/1007MLpj/myenv/lib/python3.10/site-packages/airflow/sensors/filesystem.py", line 123, in execute
    super().execute(context=context)
  File "/Users/alookso/1007MLpj/myenv/lib/python3.10/site-packages/airflow/models/baseoperator.py", line 406, in wrapper
    return func(self, *args, **kwargs)
  File "/Users/alookso/1007MLpj/myenv/lib/python3.10/site-packages/airflow/sensors/base.py", line 334, in execute
    time.sleep(self._get_next_poke_interval(started_at, run_duration, poke_count))
  File "/Users/alookso/1007MLpj/myenv/lib/python3.10/site-packages/airflow/models/taskinstance.py", line 3094, in signal_handler
    raise AirflowTaskTerminated("Task received SIGTERM signal")
airflow.exceptions.AirflowTaskTerminated: Task received SIGTERM signal
[2024-10-08T16:34:38.041+0900] {logging_mixin.py:190} INFO - Task instance in failure state
[2024-10-08T16:34:38.042+0900] {logging_mixin.py:190} INFO - Task start:2024-10-08 06:38:56.926036+00:00 end:2024-10-08 07:34:38.040827+00:00 duration:3341.114791
[2024-10-08T16:34:38.042+0900] {logging_mixin.py:190} INFO - Task:<Task(FileSensor): new_data_sensor> dag:<DAG: mnist_model_workflow> dagrun:<DagRun mnist_model_workflow @ 2024-10-08 06:30:00+00:00: scheduled__2024-10-08T06:30:00+00:00, state:running, queued_at: 2024-10-08 06:38:50.323488+00:00. externally triggered: False>
[2024-10-08T16:34:38.043+0900] {logging_mixin.py:190} INFO - Failure caused by Task received SIGTERM signal
[2024-10-08T16:34:38.044+0900] {taskinstance.py:1225} INFO - Marking task as UP_FOR_RETRY. dag_id=mnist_model_workflow, task_id=new_data_sensor, run_id=scheduled__2024-10-08T06:30:00+00:00, execution_date=20241008T063000, start_date=20241008T063856, end_date=20241008T073438
[2024-10-08T16:34:38.057+0900] {taskinstance.py:340} INFO - ::group::Post task execution logs
[2024-10-08T16:34:38.085+0900] {process_utils.py:80} INFO - Process psutil.Process(pid=24035, status='terminated', exitcode=2, started='15:38:56') (24035) terminated with exit code 2
[2024-10-08T16:34:46.297+0900] {local_task_job_runner.py:123} INFO - ::group::Pre task execution logs
[2024-10-08T16:34:46.309+0900] {taskinstance.py:2602} INFO - Dependencies not met for <TaskInstance: mnist_model_workflow.new_data_sensor scheduled__2024-10-08T06:30:00+00:00 [up_for_retry]>, dependency 'Not In Retry Period' FAILED: Task is not ready for retry yet but will be retried automatically. Current date is 2024-10-08T07:34:46.309530+00:00 and task will be retried at 2024-10-08T07:39:38.040827+00:00.
[2024-10-08T16:34:46.310+0900] {local_task_job_runner.py:166} INFO - Task is not able to be run
