[2024-10-10T14:51:43.183+0900] {processor.py:186} INFO - Started process (PID=55472) to work on /Users/alookso/1007MLpj/myenv/lib/python3.10/site-packages/airflow/example_dags/plugins/event_listener.py
[2024-10-10T14:51:43.185+0900] {processor.py:914} INFO - Processing file /Users/alookso/1007MLpj/myenv/lib/python3.10/site-packages/airflow/example_dags/plugins/event_listener.py for tasks to queue
[2024-10-10T14:51:43.186+0900] {logging_mixin.py:190} INFO - [2024-10-10T14:51:43.186+0900] {dagbag.py:588} INFO - Filling up the DagBag from /Users/alookso/1007MLpj/myenv/lib/python3.10/site-packages/airflow/example_dags/plugins/event_listener.py
[2024-10-10T14:51:43.187+0900] {processor.py:927} WARNING - No viable dags retrieved from /Users/alookso/1007MLpj/myenv/lib/python3.10/site-packages/airflow/example_dags/plugins/event_listener.py
[2024-10-10T14:51:43.311+0900] {processor.py:208} INFO - Processing /Users/alookso/1007MLpj/myenv/lib/python3.10/site-packages/airflow/example_dags/plugins/event_listener.py took 0.134 seconds
[2024-10-10T15:31:48.206+0900] {processor.py:186} INFO - Started process (PID=56026) to work on /Users/alookso/1007MLpj/myenv/lib/python3.10/site-packages/airflow/example_dags/plugins/event_listener.py
[2024-10-10T15:31:48.207+0900] {processor.py:914} INFO - Processing file /Users/alookso/1007MLpj/myenv/lib/python3.10/site-packages/airflow/example_dags/plugins/event_listener.py for tasks to queue
[2024-10-10T15:31:48.208+0900] {logging_mixin.py:190} INFO - [2024-10-10T15:31:48.208+0900] {dagbag.py:588} INFO - Filling up the DagBag from /Users/alookso/1007MLpj/myenv/lib/python3.10/site-packages/airflow/example_dags/plugins/event_listener.py
[2024-10-10T15:31:48.210+0900] {processor.py:927} WARNING - No viable dags retrieved from /Users/alookso/1007MLpj/myenv/lib/python3.10/site-packages/airflow/example_dags/plugins/event_listener.py
[2024-10-10T15:31:48.347+0900] {processor.py:208} INFO - Processing /Users/alookso/1007MLpj/myenv/lib/python3.10/site-packages/airflow/example_dags/plugins/event_listener.py took 0.148 seconds
[2024-10-10T15:36:26.651+0900] {processor.py:186} INFO - Started process (PID=56199) to work on /Users/alookso/1007MLpj/myenv/lib/python3.10/site-packages/airflow/example_dags/plugins/event_listener.py
[2024-10-10T15:36:26.653+0900] {processor.py:914} INFO - Processing file /Users/alookso/1007MLpj/myenv/lib/python3.10/site-packages/airflow/example_dags/plugins/event_listener.py for tasks to queue
[2024-10-10T15:36:26.654+0900] {logging_mixin.py:190} INFO - [2024-10-10T15:36:26.654+0900] {dagbag.py:588} INFO - Filling up the DagBag from /Users/alookso/1007MLpj/myenv/lib/python3.10/site-packages/airflow/example_dags/plugins/event_listener.py
[2024-10-10T15:36:26.655+0900] {processor.py:927} WARNING - No viable dags retrieved from /Users/alookso/1007MLpj/myenv/lib/python3.10/site-packages/airflow/example_dags/plugins/event_listener.py
[2024-10-10T15:36:26.862+0900] {processor.py:208} INFO - Processing /Users/alookso/1007MLpj/myenv/lib/python3.10/site-packages/airflow/example_dags/plugins/event_listener.py took 0.217 seconds
[2024-10-10T15:41:05.723+0900] {processor.py:186} INFO - Started process (PID=56371) to work on /Users/alookso/1007MLpj/myenv/lib/python3.10/site-packages/airflow/example_dags/plugins/event_listener.py
[2024-10-10T15:41:05.724+0900] {processor.py:914} INFO - Processing file /Users/alookso/1007MLpj/myenv/lib/python3.10/site-packages/airflow/example_dags/plugins/event_listener.py for tasks to queue
[2024-10-10T15:41:05.725+0900] {logging_mixin.py:190} INFO - [2024-10-10T15:41:05.725+0900] {dagbag.py:588} INFO - Filling up the DagBag from /Users/alookso/1007MLpj/myenv/lib/python3.10/site-packages/airflow/example_dags/plugins/event_listener.py
[2024-10-10T15:41:05.726+0900] {processor.py:927} WARNING - No viable dags retrieved from /Users/alookso/1007MLpj/myenv/lib/python3.10/site-packages/airflow/example_dags/plugins/event_listener.py
[2024-10-10T15:41:05.874+0900] {processor.py:208} INFO - Processing /Users/alookso/1007MLpj/myenv/lib/python3.10/site-packages/airflow/example_dags/plugins/event_listener.py took 0.157 seconds
[2024-10-10T15:43:12.071+0900] {processor.py:186} INFO - Started process (PID=56485) to work on /Users/alookso/1007MLpj/myenv/lib/python3.10/site-packages/airflow/example_dags/plugins/event_listener.py
[2024-10-10T15:43:12.073+0900] {processor.py:914} INFO - Processing file /Users/alookso/1007MLpj/myenv/lib/python3.10/site-packages/airflow/example_dags/plugins/event_listener.py for tasks to queue
[2024-10-10T15:43:12.074+0900] {logging_mixin.py:190} INFO - [2024-10-10T15:43:12.074+0900] {dagbag.py:588} INFO - Filling up the DagBag from /Users/alookso/1007MLpj/myenv/lib/python3.10/site-packages/airflow/example_dags/plugins/event_listener.py
[2024-10-10T15:43:12.075+0900] {processor.py:927} WARNING - No viable dags retrieved from /Users/alookso/1007MLpj/myenv/lib/python3.10/site-packages/airflow/example_dags/plugins/event_listener.py
[2024-10-10T15:43:12.198+0900] {processor.py:208} INFO - Processing /Users/alookso/1007MLpj/myenv/lib/python3.10/site-packages/airflow/example_dags/plugins/event_listener.py took 0.132 seconds
[2024-10-10T15:46:21.191+0900] {processor.py:186} INFO - Started process (PID=56633) to work on /Users/alookso/1007MLpj/myenv/lib/python3.10/site-packages/airflow/example_dags/plugins/event_listener.py
[2024-10-10T15:46:21.193+0900] {processor.py:914} INFO - Processing file /Users/alookso/1007MLpj/myenv/lib/python3.10/site-packages/airflow/example_dags/plugins/event_listener.py for tasks to queue
[2024-10-10T15:46:21.194+0900] {logging_mixin.py:190} INFO - [2024-10-10T15:46:21.194+0900] {dagbag.py:588} INFO - Filling up the DagBag from /Users/alookso/1007MLpj/myenv/lib/python3.10/site-packages/airflow/example_dags/plugins/event_listener.py
[2024-10-10T15:46:21.195+0900] {processor.py:927} WARNING - No viable dags retrieved from /Users/alookso/1007MLpj/myenv/lib/python3.10/site-packages/airflow/example_dags/plugins/event_listener.py
[2024-10-10T15:46:21.319+0900] {processor.py:208} INFO - Processing /Users/alookso/1007MLpj/myenv/lib/python3.10/site-packages/airflow/example_dags/plugins/event_listener.py took 0.133 seconds
[2024-10-10T15:50:31.577+0900] {processor.py:186} INFO - Started process (PID=56834) to work on /Users/alookso/1007MLpj/myenv/lib/python3.10/site-packages/airflow/example_dags/plugins/event_listener.py
[2024-10-10T15:50:31.578+0900] {processor.py:914} INFO - Processing file /Users/alookso/1007MLpj/myenv/lib/python3.10/site-packages/airflow/example_dags/plugins/event_listener.py for tasks to queue
[2024-10-10T15:50:31.579+0900] {logging_mixin.py:190} INFO - [2024-10-10T15:50:31.579+0900] {dagbag.py:588} INFO - Filling up the DagBag from /Users/alookso/1007MLpj/myenv/lib/python3.10/site-packages/airflow/example_dags/plugins/event_listener.py
[2024-10-10T15:50:31.580+0900] {processor.py:927} WARNING - No viable dags retrieved from /Users/alookso/1007MLpj/myenv/lib/python3.10/site-packages/airflow/example_dags/plugins/event_listener.py
[2024-10-10T15:50:31.704+0900] {processor.py:208} INFO - Processing /Users/alookso/1007MLpj/myenv/lib/python3.10/site-packages/airflow/example_dags/plugins/event_listener.py took 0.132 seconds
[2024-10-10T16:17:30.488+0900] {processor.py:186} INFO - Started process (PID=57285) to work on /Users/alookso/1007MLpj/myenv/lib/python3.10/site-packages/airflow/example_dags/plugins/event_listener.py
[2024-10-10T16:17:30.490+0900] {processor.py:914} INFO - Processing file /Users/alookso/1007MLpj/myenv/lib/python3.10/site-packages/airflow/example_dags/plugins/event_listener.py for tasks to queue
[2024-10-10T16:17:30.491+0900] {logging_mixin.py:190} INFO - [2024-10-10T16:17:30.490+0900] {dagbag.py:588} INFO - Filling up the DagBag from /Users/alookso/1007MLpj/myenv/lib/python3.10/site-packages/airflow/example_dags/plugins/event_listener.py
[2024-10-10T16:17:30.492+0900] {processor.py:927} WARNING - No viable dags retrieved from /Users/alookso/1007MLpj/myenv/lib/python3.10/site-packages/airflow/example_dags/plugins/event_listener.py
[2024-10-10T16:17:30.615+0900] {processor.py:208} INFO - Processing /Users/alookso/1007MLpj/myenv/lib/python3.10/site-packages/airflow/example_dags/plugins/event_listener.py took 0.131 seconds
[2024-10-10T16:21:50.871+0900] {processor.py:186} INFO - Started process (PID=57454) to work on /Users/alookso/1007MLpj/myenv/lib/python3.10/site-packages/airflow/example_dags/plugins/event_listener.py
[2024-10-10T16:21:50.873+0900] {processor.py:914} INFO - Processing file /Users/alookso/1007MLpj/myenv/lib/python3.10/site-packages/airflow/example_dags/plugins/event_listener.py for tasks to queue
[2024-10-10T16:21:50.873+0900] {logging_mixin.py:190} INFO - [2024-10-10T16:21:50.873+0900] {dagbag.py:588} INFO - Filling up the DagBag from /Users/alookso/1007MLpj/myenv/lib/python3.10/site-packages/airflow/example_dags/plugins/event_listener.py
[2024-10-10T16:21:50.875+0900] {processor.py:927} WARNING - No viable dags retrieved from /Users/alookso/1007MLpj/myenv/lib/python3.10/site-packages/airflow/example_dags/plugins/event_listener.py
[2024-10-10T16:21:51.000+0900] {processor.py:208} INFO - Processing /Users/alookso/1007MLpj/myenv/lib/python3.10/site-packages/airflow/example_dags/plugins/event_listener.py took 0.135 seconds
[2024-10-10T16:25:25.733+0900] {processor.py:186} INFO - Started process (PID=57597) to work on /Users/alookso/1007MLpj/myenv/lib/python3.10/site-packages/airflow/example_dags/plugins/event_listener.py
[2024-10-10T16:25:25.734+0900] {processor.py:914} INFO - Processing file /Users/alookso/1007MLpj/myenv/lib/python3.10/site-packages/airflow/example_dags/plugins/event_listener.py for tasks to queue
[2024-10-10T16:25:25.735+0900] {logging_mixin.py:190} INFO - [2024-10-10T16:25:25.735+0900] {dagbag.py:588} INFO - Filling up the DagBag from /Users/alookso/1007MLpj/myenv/lib/python3.10/site-packages/airflow/example_dags/plugins/event_listener.py
[2024-10-10T16:25:25.737+0900] {processor.py:927} WARNING - No viable dags retrieved from /Users/alookso/1007MLpj/myenv/lib/python3.10/site-packages/airflow/example_dags/plugins/event_listener.py
[2024-10-10T16:25:25.858+0900] {processor.py:208} INFO - Processing /Users/alookso/1007MLpj/myenv/lib/python3.10/site-packages/airflow/example_dags/plugins/event_listener.py took 0.129 seconds
[2024-10-10T16:29:34.900+0900] {processor.py:186} INFO - Started process (PID=57789) to work on /Users/alookso/1007MLpj/myenv/lib/python3.10/site-packages/airflow/example_dags/plugins/event_listener.py
[2024-10-10T16:29:34.901+0900] {processor.py:914} INFO - Processing file /Users/alookso/1007MLpj/myenv/lib/python3.10/site-packages/airflow/example_dags/plugins/event_listener.py for tasks to queue
[2024-10-10T16:29:34.903+0900] {logging_mixin.py:190} INFO - [2024-10-10T16:29:34.902+0900] {dagbag.py:588} INFO - Filling up the DagBag from /Users/alookso/1007MLpj/myenv/lib/python3.10/site-packages/airflow/example_dags/plugins/event_listener.py
[2024-10-10T16:29:34.904+0900] {processor.py:927} WARNING - No viable dags retrieved from /Users/alookso/1007MLpj/myenv/lib/python3.10/site-packages/airflow/example_dags/plugins/event_listener.py
[2024-10-10T16:29:35.034+0900] {processor.py:208} INFO - Processing /Users/alookso/1007MLpj/myenv/lib/python3.10/site-packages/airflow/example_dags/plugins/event_listener.py took 0.138 seconds
[2024-10-10T16:31:57.255+0900] {processor.py:186} INFO - Started process (PID=57944) to work on /Users/alookso/1007MLpj/myenv/lib/python3.10/site-packages/airflow/example_dags/plugins/event_listener.py
[2024-10-10T16:31:57.256+0900] {processor.py:914} INFO - Processing file /Users/alookso/1007MLpj/myenv/lib/python3.10/site-packages/airflow/example_dags/plugins/event_listener.py for tasks to queue
[2024-10-10T16:31:57.257+0900] {logging_mixin.py:190} INFO - [2024-10-10T16:31:57.257+0900] {dagbag.py:588} INFO - Filling up the DagBag from /Users/alookso/1007MLpj/myenv/lib/python3.10/site-packages/airflow/example_dags/plugins/event_listener.py
[2024-10-10T16:31:57.259+0900] {processor.py:927} WARNING - No viable dags retrieved from /Users/alookso/1007MLpj/myenv/lib/python3.10/site-packages/airflow/example_dags/plugins/event_listener.py
[2024-10-10T16:31:57.389+0900] {processor.py:208} INFO - Processing /Users/alookso/1007MLpj/myenv/lib/python3.10/site-packages/airflow/example_dags/plugins/event_listener.py took 0.139 seconds
[2024-10-10T16:35:56.035+0900] {processor.py:186} INFO - Started process (PID=58047) to work on /Users/alookso/1007MLpj/myenv/lib/python3.10/site-packages/airflow/example_dags/plugins/event_listener.py
[2024-10-10T16:35:56.036+0900] {processor.py:914} INFO - Processing file /Users/alookso/1007MLpj/myenv/lib/python3.10/site-packages/airflow/example_dags/plugins/event_listener.py for tasks to queue
[2024-10-10T16:35:56.037+0900] {logging_mixin.py:190} INFO - [2024-10-10T16:35:56.037+0900] {dagbag.py:588} INFO - Filling up the DagBag from /Users/alookso/1007MLpj/myenv/lib/python3.10/site-packages/airflow/example_dags/plugins/event_listener.py
[2024-10-10T16:35:56.038+0900] {processor.py:927} WARNING - No viable dags retrieved from /Users/alookso/1007MLpj/myenv/lib/python3.10/site-packages/airflow/example_dags/plugins/event_listener.py
[2024-10-10T16:35:56.206+0900] {processor.py:208} INFO - Processing /Users/alookso/1007MLpj/myenv/lib/python3.10/site-packages/airflow/example_dags/plugins/event_listener.py took 0.176 seconds
[2024-10-10T16:39:27.264+0900] {processor.py:186} INFO - Started process (PID=58135) to work on /Users/alookso/1007MLpj/myenv/lib/python3.10/site-packages/airflow/example_dags/plugins/event_listener.py
[2024-10-10T16:39:27.267+0900] {processor.py:914} INFO - Processing file /Users/alookso/1007MLpj/myenv/lib/python3.10/site-packages/airflow/example_dags/plugins/event_listener.py for tasks to queue
[2024-10-10T16:39:27.269+0900] {logging_mixin.py:190} INFO - [2024-10-10T16:39:27.268+0900] {dagbag.py:588} INFO - Filling up the DagBag from /Users/alookso/1007MLpj/myenv/lib/python3.10/site-packages/airflow/example_dags/plugins/event_listener.py
[2024-10-10T16:39:27.270+0900] {processor.py:927} WARNING - No viable dags retrieved from /Users/alookso/1007MLpj/myenv/lib/python3.10/site-packages/airflow/example_dags/plugins/event_listener.py
[2024-10-10T16:39:27.420+0900] {processor.py:208} INFO - Processing /Users/alookso/1007MLpj/myenv/lib/python3.10/site-packages/airflow/example_dags/plugins/event_listener.py took 0.163 seconds
[2024-10-10T16:43:08.107+0900] {processor.py:186} INFO - Started process (PID=58227) to work on /Users/alookso/1007MLpj/myenv/lib/python3.10/site-packages/airflow/example_dags/plugins/event_listener.py
[2024-10-10T16:43:08.108+0900] {processor.py:914} INFO - Processing file /Users/alookso/1007MLpj/myenv/lib/python3.10/site-packages/airflow/example_dags/plugins/event_listener.py for tasks to queue
[2024-10-10T16:43:08.109+0900] {logging_mixin.py:190} INFO - [2024-10-10T16:43:08.109+0900] {dagbag.py:588} INFO - Filling up the DagBag from /Users/alookso/1007MLpj/myenv/lib/python3.10/site-packages/airflow/example_dags/plugins/event_listener.py
[2024-10-10T16:43:08.110+0900] {processor.py:927} WARNING - No viable dags retrieved from /Users/alookso/1007MLpj/myenv/lib/python3.10/site-packages/airflow/example_dags/plugins/event_listener.py
[2024-10-10T16:43:08.235+0900] {processor.py:208} INFO - Processing /Users/alookso/1007MLpj/myenv/lib/python3.10/site-packages/airflow/example_dags/plugins/event_listener.py took 0.133 seconds
[2024-10-10T16:46:53.265+0900] {processor.py:186} INFO - Started process (PID=58388) to work on /Users/alookso/1007MLpj/myenv/lib/python3.10/site-packages/airflow/example_dags/plugins/event_listener.py
[2024-10-10T16:46:53.267+0900] {processor.py:914} INFO - Processing file /Users/alookso/1007MLpj/myenv/lib/python3.10/site-packages/airflow/example_dags/plugins/event_listener.py for tasks to queue
[2024-10-10T16:46:53.268+0900] {logging_mixin.py:190} INFO - [2024-10-10T16:46:53.268+0900] {dagbag.py:588} INFO - Filling up the DagBag from /Users/alookso/1007MLpj/myenv/lib/python3.10/site-packages/airflow/example_dags/plugins/event_listener.py
[2024-10-10T16:46:53.269+0900] {processor.py:927} WARNING - No viable dags retrieved from /Users/alookso/1007MLpj/myenv/lib/python3.10/site-packages/airflow/example_dags/plugins/event_listener.py
[2024-10-10T16:46:53.390+0900] {processor.py:208} INFO - Processing /Users/alookso/1007MLpj/myenv/lib/python3.10/site-packages/airflow/example_dags/plugins/event_listener.py took 0.129 seconds
[2024-10-10T16:49:39.063+0900] {processor.py:186} INFO - Started process (PID=58569) to work on /Users/alookso/1007MLpj/myenv/lib/python3.10/site-packages/airflow/example_dags/plugins/event_listener.py
[2024-10-10T16:49:39.065+0900] {processor.py:914} INFO - Processing file /Users/alookso/1007MLpj/myenv/lib/python3.10/site-packages/airflow/example_dags/plugins/event_listener.py for tasks to queue
[2024-10-10T16:49:39.066+0900] {logging_mixin.py:190} INFO - [2024-10-10T16:49:39.065+0900] {dagbag.py:588} INFO - Filling up the DagBag from /Users/alookso/1007MLpj/myenv/lib/python3.10/site-packages/airflow/example_dags/plugins/event_listener.py
[2024-10-10T16:49:39.067+0900] {processor.py:927} WARNING - No viable dags retrieved from /Users/alookso/1007MLpj/myenv/lib/python3.10/site-packages/airflow/example_dags/plugins/event_listener.py
[2024-10-10T16:49:39.189+0900] {processor.py:208} INFO - Processing /Users/alookso/1007MLpj/myenv/lib/python3.10/site-packages/airflow/example_dags/plugins/event_listener.py took 0.131 seconds
[2024-10-10T16:52:50.543+0900] {processor.py:186} INFO - Started process (PID=58729) to work on /Users/alookso/1007MLpj/myenv/lib/python3.10/site-packages/airflow/example_dags/plugins/event_listener.py
[2024-10-10T16:52:50.544+0900] {processor.py:914} INFO - Processing file /Users/alookso/1007MLpj/myenv/lib/python3.10/site-packages/airflow/example_dags/plugins/event_listener.py for tasks to queue
[2024-10-10T16:52:50.545+0900] {logging_mixin.py:190} INFO - [2024-10-10T16:52:50.545+0900] {dagbag.py:588} INFO - Filling up the DagBag from /Users/alookso/1007MLpj/myenv/lib/python3.10/site-packages/airflow/example_dags/plugins/event_listener.py
[2024-10-10T16:52:50.546+0900] {processor.py:927} WARNING - No viable dags retrieved from /Users/alookso/1007MLpj/myenv/lib/python3.10/site-packages/airflow/example_dags/plugins/event_listener.py
[2024-10-10T16:52:50.668+0900] {processor.py:208} INFO - Processing /Users/alookso/1007MLpj/myenv/lib/python3.10/site-packages/airflow/example_dags/plugins/event_listener.py took 0.129 seconds
[2024-10-10T23:47:34.585+0900] {processor.py:186} INFO - Started process (PID=63400) to work on /Users/alookso/1007MLpj/myenv/lib/python3.10/site-packages/airflow/example_dags/plugins/event_listener.py
[2024-10-10T23:47:34.587+0900] {processor.py:914} INFO - Processing file /Users/alookso/1007MLpj/myenv/lib/python3.10/site-packages/airflow/example_dags/plugins/event_listener.py for tasks to queue
[2024-10-10T23:47:34.587+0900] {logging_mixin.py:190} INFO - [2024-10-10T23:47:34.587+0900] {dagbag.py:588} INFO - Filling up the DagBag from /Users/alookso/1007MLpj/myenv/lib/python3.10/site-packages/airflow/example_dags/plugins/event_listener.py
[2024-10-10T23:47:34.589+0900] {processor.py:927} WARNING - No viable dags retrieved from /Users/alookso/1007MLpj/myenv/lib/python3.10/site-packages/airflow/example_dags/plugins/event_listener.py
[2024-10-10T23:47:34.708+0900] {processor.py:208} INFO - Processing /Users/alookso/1007MLpj/myenv/lib/python3.10/site-packages/airflow/example_dags/plugins/event_listener.py took 0.128 seconds
[2024-10-10T23:50:52.923+0900] {processor.py:186} INFO - Started process (PID=63574) to work on /Users/alookso/1007MLpj/myenv/lib/python3.10/site-packages/airflow/example_dags/plugins/event_listener.py
[2024-10-10T23:50:52.924+0900] {processor.py:914} INFO - Processing file /Users/alookso/1007MLpj/myenv/lib/python3.10/site-packages/airflow/example_dags/plugins/event_listener.py for tasks to queue
[2024-10-10T23:50:52.925+0900] {logging_mixin.py:190} INFO - [2024-10-10T23:50:52.925+0900] {dagbag.py:588} INFO - Filling up the DagBag from /Users/alookso/1007MLpj/myenv/lib/python3.10/site-packages/airflow/example_dags/plugins/event_listener.py
[2024-10-10T23:50:52.927+0900] {processor.py:927} WARNING - No viable dags retrieved from /Users/alookso/1007MLpj/myenv/lib/python3.10/site-packages/airflow/example_dags/plugins/event_listener.py
[2024-10-10T23:50:53.050+0900] {processor.py:208} INFO - Processing /Users/alookso/1007MLpj/myenv/lib/python3.10/site-packages/airflow/example_dags/plugins/event_listener.py took 0.132 seconds
[2024-10-10T23:53:49.365+0900] {processor.py:186} INFO - Started process (PID=63744) to work on /Users/alookso/1007MLpj/myenv/lib/python3.10/site-packages/airflow/example_dags/plugins/event_listener.py
[2024-10-10T23:53:49.366+0900] {processor.py:914} INFO - Processing file /Users/alookso/1007MLpj/myenv/lib/python3.10/site-packages/airflow/example_dags/plugins/event_listener.py for tasks to queue
[2024-10-10T23:53:49.367+0900] {logging_mixin.py:190} INFO - [2024-10-10T23:53:49.367+0900] {dagbag.py:588} INFO - Filling up the DagBag from /Users/alookso/1007MLpj/myenv/lib/python3.10/site-packages/airflow/example_dags/plugins/event_listener.py
[2024-10-10T23:53:49.369+0900] {processor.py:927} WARNING - No viable dags retrieved from /Users/alookso/1007MLpj/myenv/lib/python3.10/site-packages/airflow/example_dags/plugins/event_listener.py
[2024-10-10T23:53:49.510+0900] {processor.py:208} INFO - Processing /Users/alookso/1007MLpj/myenv/lib/python3.10/site-packages/airflow/example_dags/plugins/event_listener.py took 0.151 seconds
[2024-10-10T23:55:57.680+0900] {processor.py:186} INFO - Started process (PID=63844) to work on /Users/alookso/1007MLpj/myenv/lib/python3.10/site-packages/airflow/example_dags/plugins/event_listener.py
[2024-10-10T23:55:57.681+0900] {processor.py:914} INFO - Processing file /Users/alookso/1007MLpj/myenv/lib/python3.10/site-packages/airflow/example_dags/plugins/event_listener.py for tasks to queue
[2024-10-10T23:55:57.682+0900] {logging_mixin.py:190} INFO - [2024-10-10T23:55:57.682+0900] {dagbag.py:588} INFO - Filling up the DagBag from /Users/alookso/1007MLpj/myenv/lib/python3.10/site-packages/airflow/example_dags/plugins/event_listener.py
[2024-10-10T23:55:57.683+0900] {processor.py:927} WARNING - No viable dags retrieved from /Users/alookso/1007MLpj/myenv/lib/python3.10/site-packages/airflow/example_dags/plugins/event_listener.py
[2024-10-10T23:55:57.810+0900] {processor.py:208} INFO - Processing /Users/alookso/1007MLpj/myenv/lib/python3.10/site-packages/airflow/example_dags/plugins/event_listener.py took 0.135 seconds
[2024-10-11T00:00:51.823+0900] {processor.py:186} INFO - Started process (PID=64043) to work on /Users/alookso/1007MLpj/myenv/lib/python3.10/site-packages/airflow/example_dags/plugins/event_listener.py
[2024-10-11T00:00:51.823+0900] {processor.py:914} INFO - Processing file /Users/alookso/1007MLpj/myenv/lib/python3.10/site-packages/airflow/example_dags/plugins/event_listener.py for tasks to queue
[2024-10-11T00:00:51.824+0900] {logging_mixin.py:190} INFO - [2024-10-11T00:00:51.824+0900] {dagbag.py:588} INFO - Filling up the DagBag from /Users/alookso/1007MLpj/myenv/lib/python3.10/site-packages/airflow/example_dags/plugins/event_listener.py
[2024-10-11T00:00:51.826+0900] {processor.py:927} WARNING - No viable dags retrieved from /Users/alookso/1007MLpj/myenv/lib/python3.10/site-packages/airflow/example_dags/plugins/event_listener.py
[2024-10-11T00:00:51.951+0900] {processor.py:208} INFO - Processing /Users/alookso/1007MLpj/myenv/lib/python3.10/site-packages/airflow/example_dags/plugins/event_listener.py took 0.133 seconds
[2024-10-11T00:04:05.922+0900] {processor.py:186} INFO - Started process (PID=64220) to work on /Users/alookso/1007MLpj/myenv/lib/python3.10/site-packages/airflow/example_dags/plugins/event_listener.py
[2024-10-11T00:04:05.923+0900] {processor.py:914} INFO - Processing file /Users/alookso/1007MLpj/myenv/lib/python3.10/site-packages/airflow/example_dags/plugins/event_listener.py for tasks to queue
[2024-10-11T00:04:05.923+0900] {logging_mixin.py:190} INFO - [2024-10-11T00:04:05.923+0900] {dagbag.py:588} INFO - Filling up the DagBag from /Users/alookso/1007MLpj/myenv/lib/python3.10/site-packages/airflow/example_dags/plugins/event_listener.py
[2024-10-11T00:04:05.925+0900] {processor.py:927} WARNING - No viable dags retrieved from /Users/alookso/1007MLpj/myenv/lib/python3.10/site-packages/airflow/example_dags/plugins/event_listener.py
[2024-10-11T00:04:06.042+0900] {processor.py:208} INFO - Processing /Users/alookso/1007MLpj/myenv/lib/python3.10/site-packages/airflow/example_dags/plugins/event_listener.py took 0.124 seconds
[2024-10-11T00:08:02.147+0900] {processor.py:186} INFO - Started process (PID=64453) to work on /Users/alookso/1007MLpj/myenv/lib/python3.10/site-packages/airflow/example_dags/plugins/event_listener.py
[2024-10-11T00:08:02.148+0900] {processor.py:914} INFO - Processing file /Users/alookso/1007MLpj/myenv/lib/python3.10/site-packages/airflow/example_dags/plugins/event_listener.py for tasks to queue
[2024-10-11T00:08:02.149+0900] {logging_mixin.py:190} INFO - [2024-10-11T00:08:02.148+0900] {dagbag.py:588} INFO - Filling up the DagBag from /Users/alookso/1007MLpj/myenv/lib/python3.10/site-packages/airflow/example_dags/plugins/event_listener.py
[2024-10-11T00:08:02.150+0900] {processor.py:927} WARNING - No viable dags retrieved from /Users/alookso/1007MLpj/myenv/lib/python3.10/site-packages/airflow/example_dags/plugins/event_listener.py
[2024-10-11T00:08:02.275+0900] {processor.py:208} INFO - Processing /Users/alookso/1007MLpj/myenv/lib/python3.10/site-packages/airflow/example_dags/plugins/event_listener.py took 0.134 seconds
[2024-10-11T00:11:06.632+0900] {processor.py:186} INFO - Started process (PID=64568) to work on /Users/alookso/1007MLpj/myenv/lib/python3.10/site-packages/airflow/example_dags/plugins/event_listener.py
[2024-10-11T00:11:06.633+0900] {processor.py:914} INFO - Processing file /Users/alookso/1007MLpj/myenv/lib/python3.10/site-packages/airflow/example_dags/plugins/event_listener.py for tasks to queue
[2024-10-11T00:11:06.634+0900] {logging_mixin.py:190} INFO - [2024-10-11T00:11:06.634+0900] {dagbag.py:588} INFO - Filling up the DagBag from /Users/alookso/1007MLpj/myenv/lib/python3.10/site-packages/airflow/example_dags/plugins/event_listener.py
[2024-10-11T00:11:06.635+0900] {processor.py:927} WARNING - No viable dags retrieved from /Users/alookso/1007MLpj/myenv/lib/python3.10/site-packages/airflow/example_dags/plugins/event_listener.py
[2024-10-11T00:11:06.757+0900] {processor.py:208} INFO - Processing /Users/alookso/1007MLpj/myenv/lib/python3.10/site-packages/airflow/example_dags/plugins/event_listener.py took 0.129 seconds
[2024-10-11T00:13:38.836+0900] {processor.py:186} INFO - Started process (PID=64715) to work on /Users/alookso/1007MLpj/myenv/lib/python3.10/site-packages/airflow/example_dags/plugins/event_listener.py
[2024-10-11T00:13:38.837+0900] {processor.py:914} INFO - Processing file /Users/alookso/1007MLpj/myenv/lib/python3.10/site-packages/airflow/example_dags/plugins/event_listener.py for tasks to queue
[2024-10-11T00:13:38.838+0900] {logging_mixin.py:190} INFO - [2024-10-11T00:13:38.838+0900] {dagbag.py:588} INFO - Filling up the DagBag from /Users/alookso/1007MLpj/myenv/lib/python3.10/site-packages/airflow/example_dags/plugins/event_listener.py
[2024-10-11T00:13:38.839+0900] {processor.py:927} WARNING - No viable dags retrieved from /Users/alookso/1007MLpj/myenv/lib/python3.10/site-packages/airflow/example_dags/plugins/event_listener.py
[2024-10-11T00:13:38.959+0900] {processor.py:208} INFO - Processing /Users/alookso/1007MLpj/myenv/lib/python3.10/site-packages/airflow/example_dags/plugins/event_listener.py took 0.126 seconds
[2024-10-11T00:16:16.020+0900] {processor.py:186} INFO - Started process (PID=64796) to work on /Users/alookso/1007MLpj/myenv/lib/python3.10/site-packages/airflow/example_dags/plugins/event_listener.py
[2024-10-11T00:16:16.020+0900] {processor.py:914} INFO - Processing file /Users/alookso/1007MLpj/myenv/lib/python3.10/site-packages/airflow/example_dags/plugins/event_listener.py for tasks to queue
[2024-10-11T00:16:16.021+0900] {logging_mixin.py:190} INFO - [2024-10-11T00:16:16.021+0900] {dagbag.py:588} INFO - Filling up the DagBag from /Users/alookso/1007MLpj/myenv/lib/python3.10/site-packages/airflow/example_dags/plugins/event_listener.py
[2024-10-11T00:16:16.022+0900] {processor.py:927} WARNING - No viable dags retrieved from /Users/alookso/1007MLpj/myenv/lib/python3.10/site-packages/airflow/example_dags/plugins/event_listener.py
[2024-10-11T00:16:16.143+0900] {processor.py:208} INFO - Processing /Users/alookso/1007MLpj/myenv/lib/python3.10/site-packages/airflow/example_dags/plugins/event_listener.py took 0.128 seconds
[2024-10-11T00:18:49.596+0900] {processor.py:186} INFO - Started process (PID=64874) to work on /Users/alookso/1007MLpj/myenv/lib/python3.10/site-packages/airflow/example_dags/plugins/event_listener.py
[2024-10-11T00:18:49.597+0900] {processor.py:914} INFO - Processing file /Users/alookso/1007MLpj/myenv/lib/python3.10/site-packages/airflow/example_dags/plugins/event_listener.py for tasks to queue
[2024-10-11T00:18:49.598+0900] {logging_mixin.py:190} INFO - [2024-10-11T00:18:49.598+0900] {dagbag.py:588} INFO - Filling up the DagBag from /Users/alookso/1007MLpj/myenv/lib/python3.10/site-packages/airflow/example_dags/plugins/event_listener.py
[2024-10-11T00:18:49.599+0900] {processor.py:927} WARNING - No viable dags retrieved from /Users/alookso/1007MLpj/myenv/lib/python3.10/site-packages/airflow/example_dags/plugins/event_listener.py
[2024-10-11T00:18:49.721+0900] {processor.py:208} INFO - Processing /Users/alookso/1007MLpj/myenv/lib/python3.10/site-packages/airflow/example_dags/plugins/event_listener.py took 0.130 seconds
[2024-10-11T00:21:24.993+0900] {processor.py:186} INFO - Started process (PID=64986) to work on /Users/alookso/1007MLpj/myenv/lib/python3.10/site-packages/airflow/example_dags/plugins/event_listener.py
[2024-10-11T00:21:24.994+0900] {processor.py:914} INFO - Processing file /Users/alookso/1007MLpj/myenv/lib/python3.10/site-packages/airflow/example_dags/plugins/event_listener.py for tasks to queue
[2024-10-11T00:21:24.995+0900] {logging_mixin.py:190} INFO - [2024-10-11T00:21:24.995+0900] {dagbag.py:588} INFO - Filling up the DagBag from /Users/alookso/1007MLpj/myenv/lib/python3.10/site-packages/airflow/example_dags/plugins/event_listener.py
[2024-10-11T00:21:24.996+0900] {processor.py:927} WARNING - No viable dags retrieved from /Users/alookso/1007MLpj/myenv/lib/python3.10/site-packages/airflow/example_dags/plugins/event_listener.py
[2024-10-11T00:21:25.118+0900] {processor.py:208} INFO - Processing /Users/alookso/1007MLpj/myenv/lib/python3.10/site-packages/airflow/example_dags/plugins/event_listener.py took 0.129 seconds
[2024-10-11T00:23:57.654+0900] {processor.py:186} INFO - Started process (PID=65061) to work on /Users/alookso/1007MLpj/myenv/lib/python3.10/site-packages/airflow/example_dags/plugins/event_listener.py
[2024-10-11T00:23:57.655+0900] {processor.py:914} INFO - Processing file /Users/alookso/1007MLpj/myenv/lib/python3.10/site-packages/airflow/example_dags/plugins/event_listener.py for tasks to queue
[2024-10-11T00:23:57.656+0900] {logging_mixin.py:190} INFO - [2024-10-11T00:23:57.656+0900] {dagbag.py:588} INFO - Filling up the DagBag from /Users/alookso/1007MLpj/myenv/lib/python3.10/site-packages/airflow/example_dags/plugins/event_listener.py
[2024-10-11T00:23:57.657+0900] {processor.py:927} WARNING - No viable dags retrieved from /Users/alookso/1007MLpj/myenv/lib/python3.10/site-packages/airflow/example_dags/plugins/event_listener.py
[2024-10-11T00:23:57.797+0900] {processor.py:208} INFO - Processing /Users/alookso/1007MLpj/myenv/lib/python3.10/site-packages/airflow/example_dags/plugins/event_listener.py took 0.148 seconds
[2024-10-11T00:26:32.311+0900] {processor.py:186} INFO - Started process (PID=65154) to work on /Users/alookso/1007MLpj/myenv/lib/python3.10/site-packages/airflow/example_dags/plugins/event_listener.py
[2024-10-11T00:26:32.312+0900] {processor.py:914} INFO - Processing file /Users/alookso/1007MLpj/myenv/lib/python3.10/site-packages/airflow/example_dags/plugins/event_listener.py for tasks to queue
[2024-10-11T00:26:32.313+0900] {logging_mixin.py:190} INFO - [2024-10-11T00:26:32.312+0900] {dagbag.py:588} INFO - Filling up the DagBag from /Users/alookso/1007MLpj/myenv/lib/python3.10/site-packages/airflow/example_dags/plugins/event_listener.py
[2024-10-11T00:26:32.314+0900] {processor.py:927} WARNING - No viable dags retrieved from /Users/alookso/1007MLpj/myenv/lib/python3.10/site-packages/airflow/example_dags/plugins/event_listener.py
[2024-10-11T00:26:32.439+0900] {processor.py:208} INFO - Processing /Users/alookso/1007MLpj/myenv/lib/python3.10/site-packages/airflow/example_dags/plugins/event_listener.py took 0.133 seconds
[2024-10-11T00:30:10.849+0900] {processor.py:186} INFO - Started process (PID=65362) to work on /Users/alookso/1007MLpj/myenv/lib/python3.10/site-packages/airflow/example_dags/plugins/event_listener.py
[2024-10-11T00:30:10.850+0900] {processor.py:914} INFO - Processing file /Users/alookso/1007MLpj/myenv/lib/python3.10/site-packages/airflow/example_dags/plugins/event_listener.py for tasks to queue
[2024-10-11T00:30:10.851+0900] {logging_mixin.py:190} INFO - [2024-10-11T00:30:10.851+0900] {dagbag.py:588} INFO - Filling up the DagBag from /Users/alookso/1007MLpj/myenv/lib/python3.10/site-packages/airflow/example_dags/plugins/event_listener.py
[2024-10-11T00:30:10.852+0900] {processor.py:927} WARNING - No viable dags retrieved from /Users/alookso/1007MLpj/myenv/lib/python3.10/site-packages/airflow/example_dags/plugins/event_listener.py
[2024-10-11T00:30:10.977+0900] {processor.py:208} INFO - Processing /Users/alookso/1007MLpj/myenv/lib/python3.10/site-packages/airflow/example_dags/plugins/event_listener.py took 0.132 seconds
[2024-10-11T00:33:45.477+0900] {processor.py:186} INFO - Started process (PID=65512) to work on /Users/alookso/1007MLpj/myenv/lib/python3.10/site-packages/airflow/example_dags/plugins/event_listener.py
[2024-10-11T00:33:45.478+0900] {processor.py:914} INFO - Processing file /Users/alookso/1007MLpj/myenv/lib/python3.10/site-packages/airflow/example_dags/plugins/event_listener.py for tasks to queue
[2024-10-11T00:33:45.479+0900] {logging_mixin.py:190} INFO - [2024-10-11T00:33:45.479+0900] {dagbag.py:588} INFO - Filling up the DagBag from /Users/alookso/1007MLpj/myenv/lib/python3.10/site-packages/airflow/example_dags/plugins/event_listener.py
[2024-10-11T00:33:45.480+0900] {processor.py:927} WARNING - No viable dags retrieved from /Users/alookso/1007MLpj/myenv/lib/python3.10/site-packages/airflow/example_dags/plugins/event_listener.py
[2024-10-11T00:33:45.601+0900] {processor.py:208} INFO - Processing /Users/alookso/1007MLpj/myenv/lib/python3.10/site-packages/airflow/example_dags/plugins/event_listener.py took 0.127 seconds
[2024-10-11T00:37:29.254+0900] {processor.py:186} INFO - Started process (PID=65697) to work on /Users/alookso/1007MLpj/myenv/lib/python3.10/site-packages/airflow/example_dags/plugins/event_listener.py
[2024-10-11T00:37:29.255+0900] {processor.py:914} INFO - Processing file /Users/alookso/1007MLpj/myenv/lib/python3.10/site-packages/airflow/example_dags/plugins/event_listener.py for tasks to queue
[2024-10-11T00:37:29.256+0900] {logging_mixin.py:190} INFO - [2024-10-11T00:37:29.256+0900] {dagbag.py:588} INFO - Filling up the DagBag from /Users/alookso/1007MLpj/myenv/lib/python3.10/site-packages/airflow/example_dags/plugins/event_listener.py
[2024-10-11T00:37:29.258+0900] {processor.py:927} WARNING - No viable dags retrieved from /Users/alookso/1007MLpj/myenv/lib/python3.10/site-packages/airflow/example_dags/plugins/event_listener.py
[2024-10-11T00:37:29.400+0900] {processor.py:208} INFO - Processing /Users/alookso/1007MLpj/myenv/lib/python3.10/site-packages/airflow/example_dags/plugins/event_listener.py took 0.153 seconds
[2024-10-11T00:41:13.271+0900] {processor.py:186} INFO - Started process (PID=65890) to work on /Users/alookso/1007MLpj/myenv/lib/python3.10/site-packages/airflow/example_dags/plugins/event_listener.py
[2024-10-11T00:41:13.272+0900] {processor.py:914} INFO - Processing file /Users/alookso/1007MLpj/myenv/lib/python3.10/site-packages/airflow/example_dags/plugins/event_listener.py for tasks to queue
[2024-10-11T00:41:13.273+0900] {logging_mixin.py:190} INFO - [2024-10-11T00:41:13.272+0900] {dagbag.py:588} INFO - Filling up the DagBag from /Users/alookso/1007MLpj/myenv/lib/python3.10/site-packages/airflow/example_dags/plugins/event_listener.py
[2024-10-11T00:41:13.274+0900] {processor.py:927} WARNING - No viable dags retrieved from /Users/alookso/1007MLpj/myenv/lib/python3.10/site-packages/airflow/example_dags/plugins/event_listener.py
[2024-10-11T00:41:13.394+0900] {processor.py:208} INFO - Processing /Users/alookso/1007MLpj/myenv/lib/python3.10/site-packages/airflow/example_dags/plugins/event_listener.py took 0.129 seconds
[2024-10-11T00:44:38.191+0900] {processor.py:186} INFO - Started process (PID=66045) to work on /Users/alookso/1007MLpj/myenv/lib/python3.10/site-packages/airflow/example_dags/plugins/event_listener.py
[2024-10-11T00:44:38.192+0900] {processor.py:914} INFO - Processing file /Users/alookso/1007MLpj/myenv/lib/python3.10/site-packages/airflow/example_dags/plugins/event_listener.py for tasks to queue
[2024-10-11T00:44:38.192+0900] {logging_mixin.py:190} INFO - [2024-10-11T00:44:38.192+0900] {dagbag.py:588} INFO - Filling up the DagBag from /Users/alookso/1007MLpj/myenv/lib/python3.10/site-packages/airflow/example_dags/plugins/event_listener.py
[2024-10-11T00:44:38.194+0900] {processor.py:927} WARNING - No viable dags retrieved from /Users/alookso/1007MLpj/myenv/lib/python3.10/site-packages/airflow/example_dags/plugins/event_listener.py
[2024-10-11T00:44:38.321+0900] {processor.py:208} INFO - Processing /Users/alookso/1007MLpj/myenv/lib/python3.10/site-packages/airflow/example_dags/plugins/event_listener.py took 0.135 seconds
[2024-10-11T00:47:12.512+0900] {processor.py:186} INFO - Started process (PID=66123) to work on /Users/alookso/1007MLpj/myenv/lib/python3.10/site-packages/airflow/example_dags/plugins/event_listener.py
[2024-10-11T00:47:12.513+0900] {processor.py:914} INFO - Processing file /Users/alookso/1007MLpj/myenv/lib/python3.10/site-packages/airflow/example_dags/plugins/event_listener.py for tasks to queue
[2024-10-11T00:47:12.514+0900] {logging_mixin.py:190} INFO - [2024-10-11T00:47:12.514+0900] {dagbag.py:588} INFO - Filling up the DagBag from /Users/alookso/1007MLpj/myenv/lib/python3.10/site-packages/airflow/example_dags/plugins/event_listener.py
[2024-10-11T00:47:12.515+0900] {processor.py:927} WARNING - No viable dags retrieved from /Users/alookso/1007MLpj/myenv/lib/python3.10/site-packages/airflow/example_dags/plugins/event_listener.py
[2024-10-11T00:47:12.636+0900] {processor.py:208} INFO - Processing /Users/alookso/1007MLpj/myenv/lib/python3.10/site-packages/airflow/example_dags/plugins/event_listener.py took 0.128 seconds
[2024-10-11T00:48:43.157+0900] {processor.py:186} INFO - Started process (PID=66239) to work on /Users/alookso/1007MLpj/myenv/lib/python3.10/site-packages/airflow/example_dags/plugins/event_listener.py
[2024-10-11T00:48:43.158+0900] {processor.py:914} INFO - Processing file /Users/alookso/1007MLpj/myenv/lib/python3.10/site-packages/airflow/example_dags/plugins/event_listener.py for tasks to queue
[2024-10-11T00:48:43.159+0900] {logging_mixin.py:190} INFO - [2024-10-11T00:48:43.159+0900] {dagbag.py:588} INFO - Filling up the DagBag from /Users/alookso/1007MLpj/myenv/lib/python3.10/site-packages/airflow/example_dags/plugins/event_listener.py
[2024-10-11T00:48:43.160+0900] {processor.py:927} WARNING - No viable dags retrieved from /Users/alookso/1007MLpj/myenv/lib/python3.10/site-packages/airflow/example_dags/plugins/event_listener.py
[2024-10-11T00:48:43.281+0900] {processor.py:208} INFO - Processing /Users/alookso/1007MLpj/myenv/lib/python3.10/site-packages/airflow/example_dags/plugins/event_listener.py took 0.129 seconds
[2024-10-11T00:52:04.268+0900] {processor.py:186} INFO - Started process (PID=66430) to work on /Users/alookso/1007MLpj/myenv/lib/python3.10/site-packages/airflow/example_dags/plugins/event_listener.py
[2024-10-11T00:52:04.268+0900] {processor.py:914} INFO - Processing file /Users/alookso/1007MLpj/myenv/lib/python3.10/site-packages/airflow/example_dags/plugins/event_listener.py for tasks to queue
[2024-10-11T00:52:04.269+0900] {logging_mixin.py:190} INFO - [2024-10-11T00:52:04.269+0900] {dagbag.py:588} INFO - Filling up the DagBag from /Users/alookso/1007MLpj/myenv/lib/python3.10/site-packages/airflow/example_dags/plugins/event_listener.py
[2024-10-11T00:52:04.271+0900] {processor.py:927} WARNING - No viable dags retrieved from /Users/alookso/1007MLpj/myenv/lib/python3.10/site-packages/airflow/example_dags/plugins/event_listener.py
[2024-10-11T00:52:04.393+0900] {processor.py:208} INFO - Processing /Users/alookso/1007MLpj/myenv/lib/python3.10/site-packages/airflow/example_dags/plugins/event_listener.py took 0.130 seconds
