[2024-10-10T14:51:39.076+0900] {processor.py:186} INFO - Started process (PID=55471) to work on /Users/alookso/1007MLpj/myenv/lib/python3.10/site-packages/airflow/example_dags/plugins/listener_plugin.py
[2024-10-10T14:51:39.077+0900] {processor.py:914} INFO - Processing file /Users/alookso/1007MLpj/myenv/lib/python3.10/site-packages/airflow/example_dags/plugins/listener_plugin.py for tasks to queue
[2024-10-10T14:51:39.078+0900] {logging_mixin.py:190} INFO - [2024-10-10T14:51:39.077+0900] {dagbag.py:588} INFO - Filling up the DagBag from /Users/alookso/1007MLpj/myenv/lib/python3.10/site-packages/airflow/example_dags/plugins/listener_plugin.py
[2024-10-10T14:51:39.080+0900] {processor.py:927} WARNING - No viable dags retrieved from /Users/alookso/1007MLpj/myenv/lib/python3.10/site-packages/airflow/example_dags/plugins/listener_plugin.py
[2024-10-10T14:51:39.211+0900] {processor.py:208} INFO - Processing /Users/alookso/1007MLpj/myenv/lib/python3.10/site-packages/airflow/example_dags/plugins/listener_plugin.py took 0.141 seconds
[2024-10-10T15:31:44.186+0900] {processor.py:186} INFO - Started process (PID=56025) to work on /Users/alookso/1007MLpj/myenv/lib/python3.10/site-packages/airflow/example_dags/plugins/listener_plugin.py
[2024-10-10T15:31:44.187+0900] {processor.py:914} INFO - Processing file /Users/alookso/1007MLpj/myenv/lib/python3.10/site-packages/airflow/example_dags/plugins/listener_plugin.py for tasks to queue
[2024-10-10T15:31:44.188+0900] {logging_mixin.py:190} INFO - [2024-10-10T15:31:44.188+0900] {dagbag.py:588} INFO - Filling up the DagBag from /Users/alookso/1007MLpj/myenv/lib/python3.10/site-packages/airflow/example_dags/plugins/listener_plugin.py
[2024-10-10T15:31:44.191+0900] {processor.py:927} WARNING - No viable dags retrieved from /Users/alookso/1007MLpj/myenv/lib/python3.10/site-packages/airflow/example_dags/plugins/listener_plugin.py
[2024-10-10T15:31:44.316+0900] {processor.py:208} INFO - Processing /Users/alookso/1007MLpj/myenv/lib/python3.10/site-packages/airflow/example_dags/plugins/listener_plugin.py took 0.135 seconds
[2024-10-10T15:36:22.704+0900] {processor.py:186} INFO - Started process (PID=56197) to work on /Users/alookso/1007MLpj/myenv/lib/python3.10/site-packages/airflow/example_dags/plugins/listener_plugin.py
[2024-10-10T15:36:22.706+0900] {processor.py:914} INFO - Processing file /Users/alookso/1007MLpj/myenv/lib/python3.10/site-packages/airflow/example_dags/plugins/listener_plugin.py for tasks to queue
[2024-10-10T15:36:22.707+0900] {logging_mixin.py:190} INFO - [2024-10-10T15:36:22.707+0900] {dagbag.py:588} INFO - Filling up the DagBag from /Users/alookso/1007MLpj/myenv/lib/python3.10/site-packages/airflow/example_dags/plugins/listener_plugin.py
[2024-10-10T15:36:22.709+0900] {processor.py:927} WARNING - No viable dags retrieved from /Users/alookso/1007MLpj/myenv/lib/python3.10/site-packages/airflow/example_dags/plugins/listener_plugin.py
[2024-10-10T15:36:22.839+0900] {processor.py:208} INFO - Processing /Users/alookso/1007MLpj/myenv/lib/python3.10/site-packages/airflow/example_dags/plugins/listener_plugin.py took 0.140 seconds
[2024-10-10T15:41:01.646+0900] {processor.py:186} INFO - Started process (PID=56370) to work on /Users/alookso/1007MLpj/myenv/lib/python3.10/site-packages/airflow/example_dags/plugins/listener_plugin.py
[2024-10-10T15:41:01.647+0900] {processor.py:914} INFO - Processing file /Users/alookso/1007MLpj/myenv/lib/python3.10/site-packages/airflow/example_dags/plugins/listener_plugin.py for tasks to queue
[2024-10-10T15:41:01.648+0900] {logging_mixin.py:190} INFO - [2024-10-10T15:41:01.647+0900] {dagbag.py:588} INFO - Filling up the DagBag from /Users/alookso/1007MLpj/myenv/lib/python3.10/site-packages/airflow/example_dags/plugins/listener_plugin.py
[2024-10-10T15:41:01.650+0900] {processor.py:927} WARNING - No viable dags retrieved from /Users/alookso/1007MLpj/myenv/lib/python3.10/site-packages/airflow/example_dags/plugins/listener_plugin.py
[2024-10-10T15:41:01.772+0900] {processor.py:208} INFO - Processing /Users/alookso/1007MLpj/myenv/lib/python3.10/site-packages/airflow/example_dags/plugins/listener_plugin.py took 0.131 seconds
[2024-10-10T15:43:08.093+0900] {processor.py:186} INFO - Started process (PID=56483) to work on /Users/alookso/1007MLpj/myenv/lib/python3.10/site-packages/airflow/example_dags/plugins/listener_plugin.py
[2024-10-10T15:43:08.095+0900] {processor.py:914} INFO - Processing file /Users/alookso/1007MLpj/myenv/lib/python3.10/site-packages/airflow/example_dags/plugins/listener_plugin.py for tasks to queue
[2024-10-10T15:43:08.096+0900] {logging_mixin.py:190} INFO - [2024-10-10T15:43:08.095+0900] {dagbag.py:588} INFO - Filling up the DagBag from /Users/alookso/1007MLpj/myenv/lib/python3.10/site-packages/airflow/example_dags/plugins/listener_plugin.py
[2024-10-10T15:43:08.098+0900] {processor.py:927} WARNING - No viable dags retrieved from /Users/alookso/1007MLpj/myenv/lib/python3.10/site-packages/airflow/example_dags/plugins/listener_plugin.py
[2024-10-10T15:43:08.224+0900] {processor.py:208} INFO - Processing /Users/alookso/1007MLpj/myenv/lib/python3.10/site-packages/airflow/example_dags/plugins/listener_plugin.py took 0.138 seconds
[2024-10-10T15:46:17.235+0900] {processor.py:186} INFO - Started process (PID=56632) to work on /Users/alookso/1007MLpj/myenv/lib/python3.10/site-packages/airflow/example_dags/plugins/listener_plugin.py
[2024-10-10T15:46:17.237+0900] {processor.py:914} INFO - Processing file /Users/alookso/1007MLpj/myenv/lib/python3.10/site-packages/airflow/example_dags/plugins/listener_plugin.py for tasks to queue
[2024-10-10T15:46:17.238+0900] {logging_mixin.py:190} INFO - [2024-10-10T15:46:17.238+0900] {dagbag.py:588} INFO - Filling up the DagBag from /Users/alookso/1007MLpj/myenv/lib/python3.10/site-packages/airflow/example_dags/plugins/listener_plugin.py
[2024-10-10T15:46:17.240+0900] {processor.py:927} WARNING - No viable dags retrieved from /Users/alookso/1007MLpj/myenv/lib/python3.10/site-packages/airflow/example_dags/plugins/listener_plugin.py
[2024-10-10T15:46:17.364+0900] {processor.py:208} INFO - Processing /Users/alookso/1007MLpj/myenv/lib/python3.10/site-packages/airflow/example_dags/plugins/listener_plugin.py took 0.134 seconds
[2024-10-10T15:50:27.542+0900] {processor.py:186} INFO - Started process (PID=56833) to work on /Users/alookso/1007MLpj/myenv/lib/python3.10/site-packages/airflow/example_dags/plugins/listener_plugin.py
[2024-10-10T15:50:27.542+0900] {processor.py:914} INFO - Processing file /Users/alookso/1007MLpj/myenv/lib/python3.10/site-packages/airflow/example_dags/plugins/listener_plugin.py for tasks to queue
[2024-10-10T15:50:27.543+0900] {logging_mixin.py:190} INFO - [2024-10-10T15:50:27.543+0900] {dagbag.py:588} INFO - Filling up the DagBag from /Users/alookso/1007MLpj/myenv/lib/python3.10/site-packages/airflow/example_dags/plugins/listener_plugin.py
[2024-10-10T15:50:27.546+0900] {processor.py:927} WARNING - No viable dags retrieved from /Users/alookso/1007MLpj/myenv/lib/python3.10/site-packages/airflow/example_dags/plugins/listener_plugin.py
[2024-10-10T15:50:27.670+0900] {processor.py:208} INFO - Processing /Users/alookso/1007MLpj/myenv/lib/python3.10/site-packages/airflow/example_dags/plugins/listener_plugin.py took 0.133 seconds
[2024-10-10T16:17:26.723+0900] {processor.py:186} INFO - Started process (PID=57284) to work on /Users/alookso/1007MLpj/myenv/lib/python3.10/site-packages/airflow/example_dags/plugins/listener_plugin.py
[2024-10-10T16:17:26.725+0900] {processor.py:914} INFO - Processing file /Users/alookso/1007MLpj/myenv/lib/python3.10/site-packages/airflow/example_dags/plugins/listener_plugin.py for tasks to queue
[2024-10-10T16:17:26.726+0900] {logging_mixin.py:190} INFO - [2024-10-10T16:17:26.726+0900] {dagbag.py:588} INFO - Filling up the DagBag from /Users/alookso/1007MLpj/myenv/lib/python3.10/site-packages/airflow/example_dags/plugins/listener_plugin.py
[2024-10-10T16:17:26.728+0900] {processor.py:927} WARNING - No viable dags retrieved from /Users/alookso/1007MLpj/myenv/lib/python3.10/site-packages/airflow/example_dags/plugins/listener_plugin.py
[2024-10-10T16:17:26.852+0900] {processor.py:208} INFO - Processing /Users/alookso/1007MLpj/myenv/lib/python3.10/site-packages/airflow/example_dags/plugins/listener_plugin.py took 0.134 seconds
[2024-10-10T16:21:46.861+0900] {processor.py:186} INFO - Started process (PID=57449) to work on /Users/alookso/1007MLpj/myenv/lib/python3.10/site-packages/airflow/example_dags/plugins/listener_plugin.py
[2024-10-10T16:21:46.862+0900] {processor.py:914} INFO - Processing file /Users/alookso/1007MLpj/myenv/lib/python3.10/site-packages/airflow/example_dags/plugins/listener_plugin.py for tasks to queue
[2024-10-10T16:21:46.864+0900] {logging_mixin.py:190} INFO - [2024-10-10T16:21:46.863+0900] {dagbag.py:588} INFO - Filling up the DagBag from /Users/alookso/1007MLpj/myenv/lib/python3.10/site-packages/airflow/example_dags/plugins/listener_plugin.py
[2024-10-10T16:21:46.866+0900] {processor.py:927} WARNING - No viable dags retrieved from /Users/alookso/1007MLpj/myenv/lib/python3.10/site-packages/airflow/example_dags/plugins/listener_plugin.py
[2024-10-10T16:21:46.994+0900] {processor.py:208} INFO - Processing /Users/alookso/1007MLpj/myenv/lib/python3.10/site-packages/airflow/example_dags/plugins/listener_plugin.py took 0.140 seconds
[2024-10-10T16:25:21.702+0900] {processor.py:186} INFO - Started process (PID=57592) to work on /Users/alookso/1007MLpj/myenv/lib/python3.10/site-packages/airflow/example_dags/plugins/listener_plugin.py
[2024-10-10T16:25:21.704+0900] {processor.py:914} INFO - Processing file /Users/alookso/1007MLpj/myenv/lib/python3.10/site-packages/airflow/example_dags/plugins/listener_plugin.py for tasks to queue
[2024-10-10T16:25:21.705+0900] {logging_mixin.py:190} INFO - [2024-10-10T16:25:21.704+0900] {dagbag.py:588} INFO - Filling up the DagBag from /Users/alookso/1007MLpj/myenv/lib/python3.10/site-packages/airflow/example_dags/plugins/listener_plugin.py
[2024-10-10T16:25:21.707+0900] {processor.py:927} WARNING - No viable dags retrieved from /Users/alookso/1007MLpj/myenv/lib/python3.10/site-packages/airflow/example_dags/plugins/listener_plugin.py
[2024-10-10T16:25:21.856+0900] {processor.py:208} INFO - Processing /Users/alookso/1007MLpj/myenv/lib/python3.10/site-packages/airflow/example_dags/plugins/listener_plugin.py took 0.159 seconds
[2024-10-10T16:29:31.061+0900] {processor.py:186} INFO - Started process (PID=57788) to work on /Users/alookso/1007MLpj/myenv/lib/python3.10/site-packages/airflow/example_dags/plugins/listener_plugin.py
[2024-10-10T16:29:31.062+0900] {processor.py:914} INFO - Processing file /Users/alookso/1007MLpj/myenv/lib/python3.10/site-packages/airflow/example_dags/plugins/listener_plugin.py for tasks to queue
[2024-10-10T16:29:31.063+0900] {logging_mixin.py:190} INFO - [2024-10-10T16:29:31.063+0900] {dagbag.py:588} INFO - Filling up the DagBag from /Users/alookso/1007MLpj/myenv/lib/python3.10/site-packages/airflow/example_dags/plugins/listener_plugin.py
[2024-10-10T16:29:31.065+0900] {processor.py:927} WARNING - No viable dags retrieved from /Users/alookso/1007MLpj/myenv/lib/python3.10/site-packages/airflow/example_dags/plugins/listener_plugin.py
[2024-10-10T16:29:31.186+0900] {processor.py:208} INFO - Processing /Users/alookso/1007MLpj/myenv/lib/python3.10/site-packages/airflow/example_dags/plugins/listener_plugin.py took 0.129 seconds
[2024-10-10T16:31:45.914+0900] {processor.py:186} INFO - Started process (PID=57929) to work on /Users/alookso/1007MLpj/myenv/lib/python3.10/site-packages/airflow/example_dags/plugins/listener_plugin.py
[2024-10-10T16:31:45.915+0900] {processor.py:914} INFO - Processing file /Users/alookso/1007MLpj/myenv/lib/python3.10/site-packages/airflow/example_dags/plugins/listener_plugin.py for tasks to queue
[2024-10-10T16:31:45.916+0900] {logging_mixin.py:190} INFO - [2024-10-10T16:31:45.916+0900] {dagbag.py:588} INFO - Filling up the DagBag from /Users/alookso/1007MLpj/myenv/lib/python3.10/site-packages/airflow/example_dags/plugins/listener_plugin.py
[2024-10-10T16:31:45.918+0900] {processor.py:927} WARNING - No viable dags retrieved from /Users/alookso/1007MLpj/myenv/lib/python3.10/site-packages/airflow/example_dags/plugins/listener_plugin.py
[2024-10-10T16:31:46.044+0900] {processor.py:208} INFO - Processing /Users/alookso/1007MLpj/myenv/lib/python3.10/site-packages/airflow/example_dags/plugins/listener_plugin.py took 0.135 seconds
[2024-10-10T16:35:51.903+0900] {processor.py:186} INFO - Started process (PID=58046) to work on /Users/alookso/1007MLpj/myenv/lib/python3.10/site-packages/airflow/example_dags/plugins/listener_plugin.py
[2024-10-10T16:35:51.904+0900] {processor.py:914} INFO - Processing file /Users/alookso/1007MLpj/myenv/lib/python3.10/site-packages/airflow/example_dags/plugins/listener_plugin.py for tasks to queue
[2024-10-10T16:35:51.906+0900] {logging_mixin.py:190} INFO - [2024-10-10T16:35:51.906+0900] {dagbag.py:588} INFO - Filling up the DagBag from /Users/alookso/1007MLpj/myenv/lib/python3.10/site-packages/airflow/example_dags/plugins/listener_plugin.py
[2024-10-10T16:35:51.909+0900] {processor.py:927} WARNING - No viable dags retrieved from /Users/alookso/1007MLpj/myenv/lib/python3.10/site-packages/airflow/example_dags/plugins/listener_plugin.py
[2024-10-10T16:35:52.273+0900] {processor.py:208} INFO - Processing /Users/alookso/1007MLpj/myenv/lib/python3.10/site-packages/airflow/example_dags/plugins/listener_plugin.py took 0.377 seconds
[2024-10-10T16:39:23.184+0900] {processor.py:186} INFO - Started process (PID=58134) to work on /Users/alookso/1007MLpj/myenv/lib/python3.10/site-packages/airflow/example_dags/plugins/listener_plugin.py
[2024-10-10T16:39:23.186+0900] {processor.py:914} INFO - Processing file /Users/alookso/1007MLpj/myenv/lib/python3.10/site-packages/airflow/example_dags/plugins/listener_plugin.py for tasks to queue
[2024-10-10T16:39:23.187+0900] {logging_mixin.py:190} INFO - [2024-10-10T16:39:23.187+0900] {dagbag.py:588} INFO - Filling up the DagBag from /Users/alookso/1007MLpj/myenv/lib/python3.10/site-packages/airflow/example_dags/plugins/listener_plugin.py
[2024-10-10T16:39:23.189+0900] {processor.py:927} WARNING - No viable dags retrieved from /Users/alookso/1007MLpj/myenv/lib/python3.10/site-packages/airflow/example_dags/plugins/listener_plugin.py
[2024-10-10T16:39:23.308+0900] {processor.py:208} INFO - Processing /Users/alookso/1007MLpj/myenv/lib/python3.10/site-packages/airflow/example_dags/plugins/listener_plugin.py took 0.128 seconds
[2024-10-10T16:43:04.142+0900] {processor.py:186} INFO - Started process (PID=58225) to work on /Users/alookso/1007MLpj/myenv/lib/python3.10/site-packages/airflow/example_dags/plugins/listener_plugin.py
[2024-10-10T16:43:04.143+0900] {processor.py:914} INFO - Processing file /Users/alookso/1007MLpj/myenv/lib/python3.10/site-packages/airflow/example_dags/plugins/listener_plugin.py for tasks to queue
[2024-10-10T16:43:04.144+0900] {logging_mixin.py:190} INFO - [2024-10-10T16:43:04.143+0900] {dagbag.py:588} INFO - Filling up the DagBag from /Users/alookso/1007MLpj/myenv/lib/python3.10/site-packages/airflow/example_dags/plugins/listener_plugin.py
[2024-10-10T16:43:04.146+0900] {processor.py:927} WARNING - No viable dags retrieved from /Users/alookso/1007MLpj/myenv/lib/python3.10/site-packages/airflow/example_dags/plugins/listener_plugin.py
[2024-10-10T16:43:04.266+0900] {processor.py:208} INFO - Processing /Users/alookso/1007MLpj/myenv/lib/python3.10/site-packages/airflow/example_dags/plugins/listener_plugin.py took 0.129 seconds
[2024-10-10T16:46:41.943+0900] {processor.py:186} INFO - Started process (PID=58374) to work on /Users/alookso/1007MLpj/myenv/lib/python3.10/site-packages/airflow/example_dags/plugins/listener_plugin.py
[2024-10-10T16:46:41.944+0900] {processor.py:914} INFO - Processing file /Users/alookso/1007MLpj/myenv/lib/python3.10/site-packages/airflow/example_dags/plugins/listener_plugin.py for tasks to queue
[2024-10-10T16:46:41.945+0900] {logging_mixin.py:190} INFO - [2024-10-10T16:46:41.945+0900] {dagbag.py:588} INFO - Filling up the DagBag from /Users/alookso/1007MLpj/myenv/lib/python3.10/site-packages/airflow/example_dags/plugins/listener_plugin.py
[2024-10-10T16:46:41.948+0900] {processor.py:927} WARNING - No viable dags retrieved from /Users/alookso/1007MLpj/myenv/lib/python3.10/site-packages/airflow/example_dags/plugins/listener_plugin.py
[2024-10-10T16:46:42.076+0900] {processor.py:208} INFO - Processing /Users/alookso/1007MLpj/myenv/lib/python3.10/site-packages/airflow/example_dags/plugins/listener_plugin.py took 0.138 seconds
[2024-10-10T16:49:36.126+0900] {processor.py:186} INFO - Started process (PID=58566) to work on /Users/alookso/1007MLpj/myenv/lib/python3.10/site-packages/airflow/example_dags/plugins/listener_plugin.py
[2024-10-10T16:49:36.128+0900] {processor.py:914} INFO - Processing file /Users/alookso/1007MLpj/myenv/lib/python3.10/site-packages/airflow/example_dags/plugins/listener_plugin.py for tasks to queue
[2024-10-10T16:49:36.129+0900] {logging_mixin.py:190} INFO - [2024-10-10T16:49:36.129+0900] {dagbag.py:588} INFO - Filling up the DagBag from /Users/alookso/1007MLpj/myenv/lib/python3.10/site-packages/airflow/example_dags/plugins/listener_plugin.py
[2024-10-10T16:49:36.132+0900] {processor.py:927} WARNING - No viable dags retrieved from /Users/alookso/1007MLpj/myenv/lib/python3.10/site-packages/airflow/example_dags/plugins/listener_plugin.py
[2024-10-10T16:49:36.255+0900] {processor.py:208} INFO - Processing /Users/alookso/1007MLpj/myenv/lib/python3.10/site-packages/airflow/example_dags/plugins/listener_plugin.py took 0.134 seconds
[2024-10-10T16:52:47.471+0900] {processor.py:186} INFO - Started process (PID=58726) to work on /Users/alookso/1007MLpj/myenv/lib/python3.10/site-packages/airflow/example_dags/plugins/listener_plugin.py
[2024-10-10T16:52:47.472+0900] {processor.py:914} INFO - Processing file /Users/alookso/1007MLpj/myenv/lib/python3.10/site-packages/airflow/example_dags/plugins/listener_plugin.py for tasks to queue
[2024-10-10T16:52:47.473+0900] {logging_mixin.py:190} INFO - [2024-10-10T16:52:47.473+0900] {dagbag.py:588} INFO - Filling up the DagBag from /Users/alookso/1007MLpj/myenv/lib/python3.10/site-packages/airflow/example_dags/plugins/listener_plugin.py
[2024-10-10T16:52:47.475+0900] {processor.py:927} WARNING - No viable dags retrieved from /Users/alookso/1007MLpj/myenv/lib/python3.10/site-packages/airflow/example_dags/plugins/listener_plugin.py
[2024-10-10T16:52:47.598+0900] {processor.py:208} INFO - Processing /Users/alookso/1007MLpj/myenv/lib/python3.10/site-packages/airflow/example_dags/plugins/listener_plugin.py took 0.133 seconds
[2024-10-10T23:47:14.578+0900] {processor.py:186} INFO - Started process (PID=63376) to work on /Users/alookso/1007MLpj/myenv/lib/python3.10/site-packages/airflow/example_dags/plugins/listener_plugin.py
[2024-10-10T23:47:14.580+0900] {processor.py:914} INFO - Processing file /Users/alookso/1007MLpj/myenv/lib/python3.10/site-packages/airflow/example_dags/plugins/listener_plugin.py for tasks to queue
[2024-10-10T23:47:14.581+0900] {logging_mixin.py:190} INFO - [2024-10-10T23:47:14.581+0900] {dagbag.py:588} INFO - Filling up the DagBag from /Users/alookso/1007MLpj/myenv/lib/python3.10/site-packages/airflow/example_dags/plugins/listener_plugin.py
[2024-10-10T23:47:14.583+0900] {processor.py:927} WARNING - No viable dags retrieved from /Users/alookso/1007MLpj/myenv/lib/python3.10/site-packages/airflow/example_dags/plugins/listener_plugin.py
[2024-10-10T23:47:14.705+0900] {processor.py:208} INFO - Processing /Users/alookso/1007MLpj/myenv/lib/python3.10/site-packages/airflow/example_dags/plugins/listener_plugin.py took 0.132 seconds
[2024-10-10T23:50:49.963+0900] {processor.py:186} INFO - Started process (PID=63571) to work on /Users/alookso/1007MLpj/myenv/lib/python3.10/site-packages/airflow/example_dags/plugins/listener_plugin.py
[2024-10-10T23:50:49.964+0900] {processor.py:914} INFO - Processing file /Users/alookso/1007MLpj/myenv/lib/python3.10/site-packages/airflow/example_dags/plugins/listener_plugin.py for tasks to queue
[2024-10-10T23:50:49.965+0900] {logging_mixin.py:190} INFO - [2024-10-10T23:50:49.964+0900] {dagbag.py:588} INFO - Filling up the DagBag from /Users/alookso/1007MLpj/myenv/lib/python3.10/site-packages/airflow/example_dags/plugins/listener_plugin.py
[2024-10-10T23:50:49.967+0900] {processor.py:927} WARNING - No viable dags retrieved from /Users/alookso/1007MLpj/myenv/lib/python3.10/site-packages/airflow/example_dags/plugins/listener_plugin.py
[2024-10-10T23:50:50.091+0900] {processor.py:208} INFO - Processing /Users/alookso/1007MLpj/myenv/lib/python3.10/site-packages/airflow/example_dags/plugins/listener_plugin.py took 0.134 seconds
[2024-10-10T23:53:45.923+0900] {processor.py:186} INFO - Started process (PID=63742) to work on /Users/alookso/1007MLpj/myenv/lib/python3.10/site-packages/airflow/example_dags/plugins/listener_plugin.py
[2024-10-10T23:53:45.925+0900] {processor.py:914} INFO - Processing file /Users/alookso/1007MLpj/myenv/lib/python3.10/site-packages/airflow/example_dags/plugins/listener_plugin.py for tasks to queue
[2024-10-10T23:53:45.926+0900] {logging_mixin.py:190} INFO - [2024-10-10T23:53:45.925+0900] {dagbag.py:588} INFO - Filling up the DagBag from /Users/alookso/1007MLpj/myenv/lib/python3.10/site-packages/airflow/example_dags/plugins/listener_plugin.py
[2024-10-10T23:53:45.928+0900] {processor.py:927} WARNING - No viable dags retrieved from /Users/alookso/1007MLpj/myenv/lib/python3.10/site-packages/airflow/example_dags/plugins/listener_plugin.py
[2024-10-10T23:53:46.068+0900] {processor.py:208} INFO - Processing /Users/alookso/1007MLpj/myenv/lib/python3.10/site-packages/airflow/example_dags/plugins/listener_plugin.py took 0.153 seconds
[2024-10-10T23:55:53.674+0900] {processor.py:186} INFO - Started process (PID=63843) to work on /Users/alookso/1007MLpj/myenv/lib/python3.10/site-packages/airflow/example_dags/plugins/listener_plugin.py
[2024-10-10T23:55:53.675+0900] {processor.py:914} INFO - Processing file /Users/alookso/1007MLpj/myenv/lib/python3.10/site-packages/airflow/example_dags/plugins/listener_plugin.py for tasks to queue
[2024-10-10T23:55:53.676+0900] {logging_mixin.py:190} INFO - [2024-10-10T23:55:53.676+0900] {dagbag.py:588} INFO - Filling up the DagBag from /Users/alookso/1007MLpj/myenv/lib/python3.10/site-packages/airflow/example_dags/plugins/listener_plugin.py
[2024-10-10T23:55:53.678+0900] {processor.py:927} WARNING - No viable dags retrieved from /Users/alookso/1007MLpj/myenv/lib/python3.10/site-packages/airflow/example_dags/plugins/listener_plugin.py
[2024-10-10T23:55:53.798+0900] {processor.py:208} INFO - Processing /Users/alookso/1007MLpj/myenv/lib/python3.10/site-packages/airflow/example_dags/plugins/listener_plugin.py took 0.128 seconds
[2024-10-11T00:00:48.851+0900] {processor.py:186} INFO - Started process (PID=64042) to work on /Users/alookso/1007MLpj/myenv/lib/python3.10/site-packages/airflow/example_dags/plugins/listener_plugin.py
[2024-10-11T00:00:48.852+0900] {processor.py:914} INFO - Processing file /Users/alookso/1007MLpj/myenv/lib/python3.10/site-packages/airflow/example_dags/plugins/listener_plugin.py for tasks to queue
[2024-10-11T00:00:48.852+0900] {logging_mixin.py:190} INFO - [2024-10-11T00:00:48.852+0900] {dagbag.py:588} INFO - Filling up the DagBag from /Users/alookso/1007MLpj/myenv/lib/python3.10/site-packages/airflow/example_dags/plugins/listener_plugin.py
[2024-10-11T00:00:48.855+0900] {processor.py:927} WARNING - No viable dags retrieved from /Users/alookso/1007MLpj/myenv/lib/python3.10/site-packages/airflow/example_dags/plugins/listener_plugin.py
[2024-10-11T00:00:48.981+0900] {processor.py:208} INFO - Processing /Users/alookso/1007MLpj/myenv/lib/python3.10/site-packages/airflow/example_dags/plugins/listener_plugin.py took 0.135 seconds
[2024-10-11T00:04:02.880+0900] {processor.py:186} INFO - Started process (PID=64219) to work on /Users/alookso/1007MLpj/myenv/lib/python3.10/site-packages/airflow/example_dags/plugins/listener_plugin.py
[2024-10-11T00:04:02.881+0900] {processor.py:914} INFO - Processing file /Users/alookso/1007MLpj/myenv/lib/python3.10/site-packages/airflow/example_dags/plugins/listener_plugin.py for tasks to queue
[2024-10-11T00:04:02.882+0900] {logging_mixin.py:190} INFO - [2024-10-11T00:04:02.881+0900] {dagbag.py:588} INFO - Filling up the DagBag from /Users/alookso/1007MLpj/myenv/lib/python3.10/site-packages/airflow/example_dags/plugins/listener_plugin.py
[2024-10-11T00:04:02.884+0900] {processor.py:927} WARNING - No viable dags retrieved from /Users/alookso/1007MLpj/myenv/lib/python3.10/site-packages/airflow/example_dags/plugins/listener_plugin.py
[2024-10-11T00:04:03.013+0900] {processor.py:208} INFO - Processing /Users/alookso/1007MLpj/myenv/lib/python3.10/site-packages/airflow/example_dags/plugins/listener_plugin.py took 0.138 seconds
[2024-10-11T00:07:43.288+0900] {processor.py:186} INFO - Started process (PID=64433) to work on /Users/alookso/1007MLpj/myenv/lib/python3.10/site-packages/airflow/example_dags/plugins/listener_plugin.py
[2024-10-11T00:07:43.289+0900] {processor.py:914} INFO - Processing file /Users/alookso/1007MLpj/myenv/lib/python3.10/site-packages/airflow/example_dags/plugins/listener_plugin.py for tasks to queue
[2024-10-11T00:07:43.290+0900] {logging_mixin.py:190} INFO - [2024-10-11T00:07:43.290+0900] {dagbag.py:588} INFO - Filling up the DagBag from /Users/alookso/1007MLpj/myenv/lib/python3.10/site-packages/airflow/example_dags/plugins/listener_plugin.py
[2024-10-11T00:07:43.292+0900] {processor.py:927} WARNING - No viable dags retrieved from /Users/alookso/1007MLpj/myenv/lib/python3.10/site-packages/airflow/example_dags/plugins/listener_plugin.py
[2024-10-11T00:07:43.415+0900] {processor.py:208} INFO - Processing /Users/alookso/1007MLpj/myenv/lib/python3.10/site-packages/airflow/example_dags/plugins/listener_plugin.py took 0.130 seconds
[2024-10-11T00:11:03.649+0900] {processor.py:186} INFO - Started process (PID=64567) to work on /Users/alookso/1007MLpj/myenv/lib/python3.10/site-packages/airflow/example_dags/plugins/listener_plugin.py
[2024-10-11T00:11:03.650+0900] {processor.py:914} INFO - Processing file /Users/alookso/1007MLpj/myenv/lib/python3.10/site-packages/airflow/example_dags/plugins/listener_plugin.py for tasks to queue
[2024-10-11T00:11:03.651+0900] {logging_mixin.py:190} INFO - [2024-10-11T00:11:03.651+0900] {dagbag.py:588} INFO - Filling up the DagBag from /Users/alookso/1007MLpj/myenv/lib/python3.10/site-packages/airflow/example_dags/plugins/listener_plugin.py
[2024-10-11T00:11:03.654+0900] {processor.py:927} WARNING - No viable dags retrieved from /Users/alookso/1007MLpj/myenv/lib/python3.10/site-packages/airflow/example_dags/plugins/listener_plugin.py
[2024-10-11T00:11:03.780+0900] {processor.py:208} INFO - Processing /Users/alookso/1007MLpj/myenv/lib/python3.10/site-packages/airflow/example_dags/plugins/listener_plugin.py took 0.137 seconds
[2024-10-11T00:13:36.042+0900] {processor.py:186} INFO - Started process (PID=64714) to work on /Users/alookso/1007MLpj/myenv/lib/python3.10/site-packages/airflow/example_dags/plugins/listener_plugin.py
[2024-10-11T00:13:36.042+0900] {processor.py:914} INFO - Processing file /Users/alookso/1007MLpj/myenv/lib/python3.10/site-packages/airflow/example_dags/plugins/listener_plugin.py for tasks to queue
[2024-10-11T00:13:36.043+0900] {logging_mixin.py:190} INFO - [2024-10-11T00:13:36.043+0900] {dagbag.py:588} INFO - Filling up the DagBag from /Users/alookso/1007MLpj/myenv/lib/python3.10/site-packages/airflow/example_dags/plugins/listener_plugin.py
[2024-10-11T00:13:36.046+0900] {processor.py:927} WARNING - No viable dags retrieved from /Users/alookso/1007MLpj/myenv/lib/python3.10/site-packages/airflow/example_dags/plugins/listener_plugin.py
[2024-10-11T00:13:36.165+0900] {processor.py:208} INFO - Processing /Users/alookso/1007MLpj/myenv/lib/python3.10/site-packages/airflow/example_dags/plugins/listener_plugin.py took 0.128 seconds
[2024-10-11T00:16:13.225+0900] {processor.py:186} INFO - Started process (PID=64794) to work on /Users/alookso/1007MLpj/myenv/lib/python3.10/site-packages/airflow/example_dags/plugins/listener_plugin.py
[2024-10-11T00:16:13.226+0900] {processor.py:914} INFO - Processing file /Users/alookso/1007MLpj/myenv/lib/python3.10/site-packages/airflow/example_dags/plugins/listener_plugin.py for tasks to queue
[2024-10-11T00:16:13.226+0900] {logging_mixin.py:190} INFO - [2024-10-11T00:16:13.226+0900] {dagbag.py:588} INFO - Filling up the DagBag from /Users/alookso/1007MLpj/myenv/lib/python3.10/site-packages/airflow/example_dags/plugins/listener_plugin.py
[2024-10-11T00:16:13.229+0900] {processor.py:927} WARNING - No viable dags retrieved from /Users/alookso/1007MLpj/myenv/lib/python3.10/site-packages/airflow/example_dags/plugins/listener_plugin.py
[2024-10-11T00:16:13.346+0900] {processor.py:208} INFO - Processing /Users/alookso/1007MLpj/myenv/lib/python3.10/site-packages/airflow/example_dags/plugins/listener_plugin.py took 0.126 seconds
[2024-10-11T00:18:46.663+0900] {processor.py:186} INFO - Started process (PID=64872) to work on /Users/alookso/1007MLpj/myenv/lib/python3.10/site-packages/airflow/example_dags/plugins/listener_plugin.py
[2024-10-11T00:18:46.664+0900] {processor.py:914} INFO - Processing file /Users/alookso/1007MLpj/myenv/lib/python3.10/site-packages/airflow/example_dags/plugins/listener_plugin.py for tasks to queue
[2024-10-11T00:18:46.665+0900] {logging_mixin.py:190} INFO - [2024-10-11T00:18:46.665+0900] {dagbag.py:588} INFO - Filling up the DagBag from /Users/alookso/1007MLpj/myenv/lib/python3.10/site-packages/airflow/example_dags/plugins/listener_plugin.py
[2024-10-11T00:18:46.667+0900] {processor.py:927} WARNING - No viable dags retrieved from /Users/alookso/1007MLpj/myenv/lib/python3.10/site-packages/airflow/example_dags/plugins/listener_plugin.py
[2024-10-11T00:18:46.789+0900] {processor.py:208} INFO - Processing /Users/alookso/1007MLpj/myenv/lib/python3.10/site-packages/airflow/example_dags/plugins/listener_plugin.py took 0.131 seconds
[2024-10-11T00:21:22.141+0900] {processor.py:186} INFO - Started process (PID=64985) to work on /Users/alookso/1007MLpj/myenv/lib/python3.10/site-packages/airflow/example_dags/plugins/listener_plugin.py
[2024-10-11T00:21:22.142+0900] {processor.py:914} INFO - Processing file /Users/alookso/1007MLpj/myenv/lib/python3.10/site-packages/airflow/example_dags/plugins/listener_plugin.py for tasks to queue
[2024-10-11T00:21:22.143+0900] {logging_mixin.py:190} INFO - [2024-10-11T00:21:22.143+0900] {dagbag.py:588} INFO - Filling up the DagBag from /Users/alookso/1007MLpj/myenv/lib/python3.10/site-packages/airflow/example_dags/plugins/listener_plugin.py
[2024-10-11T00:21:22.145+0900] {processor.py:927} WARNING - No viable dags retrieved from /Users/alookso/1007MLpj/myenv/lib/python3.10/site-packages/airflow/example_dags/plugins/listener_plugin.py
[2024-10-11T00:21:22.263+0900] {processor.py:208} INFO - Processing /Users/alookso/1007MLpj/myenv/lib/python3.10/site-packages/airflow/example_dags/plugins/listener_plugin.py took 0.126 seconds
[2024-10-11T00:23:53.888+0900] {processor.py:186} INFO - Started process (PID=65058) to work on /Users/alookso/1007MLpj/myenv/lib/python3.10/site-packages/airflow/example_dags/plugins/listener_plugin.py
[2024-10-11T00:23:53.890+0900] {processor.py:914} INFO - Processing file /Users/alookso/1007MLpj/myenv/lib/python3.10/site-packages/airflow/example_dags/plugins/listener_plugin.py for tasks to queue
[2024-10-11T00:23:53.891+0900] {logging_mixin.py:190} INFO - [2024-10-11T00:23:53.891+0900] {dagbag.py:588} INFO - Filling up the DagBag from /Users/alookso/1007MLpj/myenv/lib/python3.10/site-packages/airflow/example_dags/plugins/listener_plugin.py
[2024-10-11T00:23:53.895+0900] {processor.py:927} WARNING - No viable dags retrieved from /Users/alookso/1007MLpj/myenv/lib/python3.10/site-packages/airflow/example_dags/plugins/listener_plugin.py
[2024-10-11T00:23:54.037+0900] {processor.py:208} INFO - Processing /Users/alookso/1007MLpj/myenv/lib/python3.10/site-packages/airflow/example_dags/plugins/listener_plugin.py took 0.154 seconds
[2024-10-11T00:26:29.253+0900] {processor.py:186} INFO - Started process (PID=65150) to work on /Users/alookso/1007MLpj/myenv/lib/python3.10/site-packages/airflow/example_dags/plugins/listener_plugin.py
[2024-10-11T00:26:29.254+0900] {processor.py:914} INFO - Processing file /Users/alookso/1007MLpj/myenv/lib/python3.10/site-packages/airflow/example_dags/plugins/listener_plugin.py for tasks to queue
[2024-10-11T00:26:29.255+0900] {logging_mixin.py:190} INFO - [2024-10-11T00:26:29.254+0900] {dagbag.py:588} INFO - Filling up the DagBag from /Users/alookso/1007MLpj/myenv/lib/python3.10/site-packages/airflow/example_dags/plugins/listener_plugin.py
[2024-10-11T00:26:29.257+0900] {processor.py:927} WARNING - No viable dags retrieved from /Users/alookso/1007MLpj/myenv/lib/python3.10/site-packages/airflow/example_dags/plugins/listener_plugin.py
[2024-10-11T00:26:29.382+0900] {processor.py:208} INFO - Processing /Users/alookso/1007MLpj/myenv/lib/python3.10/site-packages/airflow/example_dags/plugins/listener_plugin.py took 0.134 seconds
[2024-10-11T00:30:06.917+0900] {processor.py:186} INFO - Started process (PID=65358) to work on /Users/alookso/1007MLpj/myenv/lib/python3.10/site-packages/airflow/example_dags/plugins/listener_plugin.py
[2024-10-11T00:30:06.917+0900] {processor.py:914} INFO - Processing file /Users/alookso/1007MLpj/myenv/lib/python3.10/site-packages/airflow/example_dags/plugins/listener_plugin.py for tasks to queue
[2024-10-11T00:30:06.918+0900] {logging_mixin.py:190} INFO - [2024-10-11T00:30:06.918+0900] {dagbag.py:588} INFO - Filling up the DagBag from /Users/alookso/1007MLpj/myenv/lib/python3.10/site-packages/airflow/example_dags/plugins/listener_plugin.py
[2024-10-11T00:30:06.920+0900] {processor.py:927} WARNING - No viable dags retrieved from /Users/alookso/1007MLpj/myenv/lib/python3.10/site-packages/airflow/example_dags/plugins/listener_plugin.py
[2024-10-11T00:30:07.042+0900] {processor.py:208} INFO - Processing /Users/alookso/1007MLpj/myenv/lib/python3.10/site-packages/airflow/example_dags/plugins/listener_plugin.py took 0.130 seconds
[2024-10-11T00:33:41.515+0900] {processor.py:186} INFO - Started process (PID=65511) to work on /Users/alookso/1007MLpj/myenv/lib/python3.10/site-packages/airflow/example_dags/plugins/listener_plugin.py
[2024-10-11T00:33:41.516+0900] {processor.py:914} INFO - Processing file /Users/alookso/1007MLpj/myenv/lib/python3.10/site-packages/airflow/example_dags/plugins/listener_plugin.py for tasks to queue
[2024-10-11T00:33:41.517+0900] {logging_mixin.py:190} INFO - [2024-10-11T00:33:41.517+0900] {dagbag.py:588} INFO - Filling up the DagBag from /Users/alookso/1007MLpj/myenv/lib/python3.10/site-packages/airflow/example_dags/plugins/listener_plugin.py
[2024-10-11T00:33:41.519+0900] {processor.py:927} WARNING - No viable dags retrieved from /Users/alookso/1007MLpj/myenv/lib/python3.10/site-packages/airflow/example_dags/plugins/listener_plugin.py
[2024-10-11T00:33:41.641+0900] {processor.py:208} INFO - Processing /Users/alookso/1007MLpj/myenv/lib/python3.10/site-packages/airflow/example_dags/plugins/listener_plugin.py took 0.130 seconds
[2024-10-11T00:37:25.307+0900] {processor.py:186} INFO - Started process (PID=65694) to work on /Users/alookso/1007MLpj/myenv/lib/python3.10/site-packages/airflow/example_dags/plugins/listener_plugin.py
[2024-10-11T00:37:25.308+0900] {processor.py:914} INFO - Processing file /Users/alookso/1007MLpj/myenv/lib/python3.10/site-packages/airflow/example_dags/plugins/listener_plugin.py for tasks to queue
[2024-10-11T00:37:25.309+0900] {logging_mixin.py:190} INFO - [2024-10-11T00:37:25.309+0900] {dagbag.py:588} INFO - Filling up the DagBag from /Users/alookso/1007MLpj/myenv/lib/python3.10/site-packages/airflow/example_dags/plugins/listener_plugin.py
[2024-10-11T00:37:25.311+0900] {processor.py:927} WARNING - No viable dags retrieved from /Users/alookso/1007MLpj/myenv/lib/python3.10/site-packages/airflow/example_dags/plugins/listener_plugin.py
[2024-10-11T00:37:25.439+0900] {processor.py:208} INFO - Processing /Users/alookso/1007MLpj/myenv/lib/python3.10/site-packages/airflow/example_dags/plugins/listener_plugin.py took 0.138 seconds
[2024-10-11T00:41:09.362+0900] {processor.py:186} INFO - Started process (PID=65886) to work on /Users/alookso/1007MLpj/myenv/lib/python3.10/site-packages/airflow/example_dags/plugins/listener_plugin.py
[2024-10-11T00:41:09.363+0900] {processor.py:914} INFO - Processing file /Users/alookso/1007MLpj/myenv/lib/python3.10/site-packages/airflow/example_dags/plugins/listener_plugin.py for tasks to queue
[2024-10-11T00:41:09.364+0900] {logging_mixin.py:190} INFO - [2024-10-11T00:41:09.364+0900] {dagbag.py:588} INFO - Filling up the DagBag from /Users/alookso/1007MLpj/myenv/lib/python3.10/site-packages/airflow/example_dags/plugins/listener_plugin.py
[2024-10-11T00:41:09.366+0900] {processor.py:927} WARNING - No viable dags retrieved from /Users/alookso/1007MLpj/myenv/lib/python3.10/site-packages/airflow/example_dags/plugins/listener_plugin.py
[2024-10-11T00:41:09.497+0900] {processor.py:208} INFO - Processing /Users/alookso/1007MLpj/myenv/lib/python3.10/site-packages/airflow/example_dags/plugins/listener_plugin.py took 0.139 seconds
[2024-10-11T00:44:35.212+0900] {processor.py:186} INFO - Started process (PID=66044) to work on /Users/alookso/1007MLpj/myenv/lib/python3.10/site-packages/airflow/example_dags/plugins/listener_plugin.py
[2024-10-11T00:44:35.213+0900] {processor.py:914} INFO - Processing file /Users/alookso/1007MLpj/myenv/lib/python3.10/site-packages/airflow/example_dags/plugins/listener_plugin.py for tasks to queue
[2024-10-11T00:44:35.214+0900] {logging_mixin.py:190} INFO - [2024-10-11T00:44:35.214+0900] {dagbag.py:588} INFO - Filling up the DagBag from /Users/alookso/1007MLpj/myenv/lib/python3.10/site-packages/airflow/example_dags/plugins/listener_plugin.py
[2024-10-11T00:44:35.217+0900] {processor.py:927} WARNING - No viable dags retrieved from /Users/alookso/1007MLpj/myenv/lib/python3.10/site-packages/airflow/example_dags/plugins/listener_plugin.py
[2024-10-11T00:44:35.338+0900] {processor.py:208} INFO - Processing /Users/alookso/1007MLpj/myenv/lib/python3.10/site-packages/airflow/example_dags/plugins/listener_plugin.py took 0.130 seconds
[2024-10-11T00:47:09.640+0900] {processor.py:186} INFO - Started process (PID=66122) to work on /Users/alookso/1007MLpj/myenv/lib/python3.10/site-packages/airflow/example_dags/plugins/listener_plugin.py
[2024-10-11T00:47:09.640+0900] {processor.py:914} INFO - Processing file /Users/alookso/1007MLpj/myenv/lib/python3.10/site-packages/airflow/example_dags/plugins/listener_plugin.py for tasks to queue
[2024-10-11T00:47:09.641+0900] {logging_mixin.py:190} INFO - [2024-10-11T00:47:09.641+0900] {dagbag.py:588} INFO - Filling up the DagBag from /Users/alookso/1007MLpj/myenv/lib/python3.10/site-packages/airflow/example_dags/plugins/listener_plugin.py
[2024-10-11T00:47:09.644+0900] {processor.py:927} WARNING - No viable dags retrieved from /Users/alookso/1007MLpj/myenv/lib/python3.10/site-packages/airflow/example_dags/plugins/listener_plugin.py
[2024-10-11T00:47:09.767+0900] {processor.py:208} INFO - Processing /Users/alookso/1007MLpj/myenv/lib/python3.10/site-packages/airflow/example_dags/plugins/listener_plugin.py took 0.132 seconds
[2024-10-11T00:48:32.151+0900] {processor.py:186} INFO - Started process (PID=66227) to work on /Users/alookso/1007MLpj/myenv/lib/python3.10/site-packages/airflow/example_dags/plugins/listener_plugin.py
[2024-10-11T00:48:32.152+0900] {processor.py:914} INFO - Processing file /Users/alookso/1007MLpj/myenv/lib/python3.10/site-packages/airflow/example_dags/plugins/listener_plugin.py for tasks to queue
[2024-10-11T00:48:32.153+0900] {logging_mixin.py:190} INFO - [2024-10-11T00:48:32.152+0900] {dagbag.py:588} INFO - Filling up the DagBag from /Users/alookso/1007MLpj/myenv/lib/python3.10/site-packages/airflow/example_dags/plugins/listener_plugin.py
[2024-10-11T00:48:32.155+0900] {processor.py:927} WARNING - No viable dags retrieved from /Users/alookso/1007MLpj/myenv/lib/python3.10/site-packages/airflow/example_dags/plugins/listener_plugin.py
[2024-10-11T00:48:32.276+0900] {processor.py:208} INFO - Processing /Users/alookso/1007MLpj/myenv/lib/python3.10/site-packages/airflow/example_dags/plugins/listener_plugin.py took 0.129 seconds
[2024-10-11T00:52:01.320+0900] {processor.py:186} INFO - Started process (PID=66429) to work on /Users/alookso/1007MLpj/myenv/lib/python3.10/site-packages/airflow/example_dags/plugins/listener_plugin.py
[2024-10-11T00:52:01.320+0900] {processor.py:914} INFO - Processing file /Users/alookso/1007MLpj/myenv/lib/python3.10/site-packages/airflow/example_dags/plugins/listener_plugin.py for tasks to queue
[2024-10-11T00:52:01.321+0900] {logging_mixin.py:190} INFO - [2024-10-11T00:52:01.321+0900] {dagbag.py:588} INFO - Filling up the DagBag from /Users/alookso/1007MLpj/myenv/lib/python3.10/site-packages/airflow/example_dags/plugins/listener_plugin.py
[2024-10-11T00:52:01.324+0900] {processor.py:927} WARNING - No viable dags retrieved from /Users/alookso/1007MLpj/myenv/lib/python3.10/site-packages/airflow/example_dags/plugins/listener_plugin.py
[2024-10-11T00:52:01.448+0900] {processor.py:208} INFO - Processing /Users/alookso/1007MLpj/myenv/lib/python3.10/site-packages/airflow/example_dags/plugins/listener_plugin.py took 0.132 seconds
