[2024-10-10T14:51:34.089+0900] {processor.py:186} INFO - Started process (PID=55470) to work on /Users/alookso/1007MLpj/myenv/lib/python3.10/site-packages/airflow/example_dags/plugins/workday.py
[2024-10-10T14:51:34.101+0900] {processor.py:914} INFO - Processing file /Users/alookso/1007MLpj/myenv/lib/python3.10/site-packages/airflow/example_dags/plugins/workday.py for tasks to queue
[2024-10-10T14:51:34.123+0900] {logging_mixin.py:190} INFO - [2024-10-10T14:51:34.123+0900] {dagbag.py:588} INFO - Filling up the DagBag from /Users/alookso/1007MLpj/myenv/lib/python3.10/site-packages/airflow/example_dags/plugins/workday.py
[2024-10-10T14:51:34.763+0900] {processor.py:927} WARNING - No viable dags retrieved from /Users/alookso/1007MLpj/myenv/lib/python3.10/site-packages/airflow/example_dags/plugins/workday.py
[2024-10-10T14:51:34.888+0900] {processor.py:208} INFO - Processing /Users/alookso/1007MLpj/myenv/lib/python3.10/site-packages/airflow/example_dags/plugins/workday.py took 0.805 seconds
[2024-10-10T15:31:39.451+0900] {processor.py:186} INFO - Started process (PID=56021) to work on /Users/alookso/1007MLpj/myenv/lib/python3.10/site-packages/airflow/example_dags/plugins/workday.py
[2024-10-10T15:31:39.452+0900] {processor.py:914} INFO - Processing file /Users/alookso/1007MLpj/myenv/lib/python3.10/site-packages/airflow/example_dags/plugins/workday.py for tasks to queue
[2024-10-10T15:31:39.453+0900] {logging_mixin.py:190} INFO - [2024-10-10T15:31:39.453+0900] {dagbag.py:588} INFO - Filling up the DagBag from /Users/alookso/1007MLpj/myenv/lib/python3.10/site-packages/airflow/example_dags/plugins/workday.py
[2024-10-10T15:31:40.076+0900] {processor.py:927} WARNING - No viable dags retrieved from /Users/alookso/1007MLpj/myenv/lib/python3.10/site-packages/airflow/example_dags/plugins/workday.py
[2024-10-10T15:31:40.200+0900] {processor.py:208} INFO - Processing /Users/alookso/1007MLpj/myenv/lib/python3.10/site-packages/airflow/example_dags/plugins/workday.py took 0.753 seconds
[2024-10-10T15:36:17.674+0900] {processor.py:186} INFO - Started process (PID=56194) to work on /Users/alookso/1007MLpj/myenv/lib/python3.10/site-packages/airflow/example_dags/plugins/workday.py
[2024-10-10T15:36:17.676+0900] {processor.py:914} INFO - Processing file /Users/alookso/1007MLpj/myenv/lib/python3.10/site-packages/airflow/example_dags/plugins/workday.py for tasks to queue
[2024-10-10T15:36:17.677+0900] {logging_mixin.py:190} INFO - [2024-10-10T15:36:17.677+0900] {dagbag.py:588} INFO - Filling up the DagBag from /Users/alookso/1007MLpj/myenv/lib/python3.10/site-packages/airflow/example_dags/plugins/workday.py
[2024-10-10T15:36:18.352+0900] {processor.py:927} WARNING - No viable dags retrieved from /Users/alookso/1007MLpj/myenv/lib/python3.10/site-packages/airflow/example_dags/plugins/workday.py
[2024-10-10T15:36:18.478+0900] {processor.py:208} INFO - Processing /Users/alookso/1007MLpj/myenv/lib/python3.10/site-packages/airflow/example_dags/plugins/workday.py took 0.811 seconds
[2024-10-10T15:40:57.027+0900] {processor.py:186} INFO - Started process (PID=56355) to work on /Users/alookso/1007MLpj/myenv/lib/python3.10/site-packages/airflow/example_dags/plugins/workday.py
[2024-10-10T15:40:57.028+0900] {processor.py:914} INFO - Processing file /Users/alookso/1007MLpj/myenv/lib/python3.10/site-packages/airflow/example_dags/plugins/workday.py for tasks to queue
[2024-10-10T15:40:57.029+0900] {logging_mixin.py:190} INFO - [2024-10-10T15:40:57.029+0900] {dagbag.py:588} INFO - Filling up the DagBag from /Users/alookso/1007MLpj/myenv/lib/python3.10/site-packages/airflow/example_dags/plugins/workday.py
[2024-10-10T15:40:57.637+0900] {processor.py:927} WARNING - No viable dags retrieved from /Users/alookso/1007MLpj/myenv/lib/python3.10/site-packages/airflow/example_dags/plugins/workday.py
[2024-10-10T15:40:57.757+0900] {processor.py:208} INFO - Processing /Users/alookso/1007MLpj/myenv/lib/python3.10/site-packages/airflow/example_dags/plugins/workday.py took 0.735 seconds
[2024-10-10T15:43:03.397+0900] {processor.py:186} INFO - Started process (PID=56482) to work on /Users/alookso/1007MLpj/myenv/lib/python3.10/site-packages/airflow/example_dags/plugins/workday.py
[2024-10-10T15:43:03.399+0900] {processor.py:914} INFO - Processing file /Users/alookso/1007MLpj/myenv/lib/python3.10/site-packages/airflow/example_dags/plugins/workday.py for tasks to queue
[2024-10-10T15:43:03.400+0900] {logging_mixin.py:190} INFO - [2024-10-10T15:43:03.399+0900] {dagbag.py:588} INFO - Filling up the DagBag from /Users/alookso/1007MLpj/myenv/lib/python3.10/site-packages/airflow/example_dags/plugins/workday.py
[2024-10-10T15:43:04.021+0900] {processor.py:927} WARNING - No viable dags retrieved from /Users/alookso/1007MLpj/myenv/lib/python3.10/site-packages/airflow/example_dags/plugins/workday.py
[2024-10-10T15:43:04.145+0900] {processor.py:208} INFO - Processing /Users/alookso/1007MLpj/myenv/lib/python3.10/site-packages/airflow/example_dags/plugins/workday.py took 0.752 seconds
[2024-10-10T15:46:12.338+0900] {processor.py:186} INFO - Started process (PID=56628) to work on /Users/alookso/1007MLpj/myenv/lib/python3.10/site-packages/airflow/example_dags/plugins/workday.py
[2024-10-10T15:46:12.340+0900] {processor.py:914} INFO - Processing file /Users/alookso/1007MLpj/myenv/lib/python3.10/site-packages/airflow/example_dags/plugins/workday.py for tasks to queue
[2024-10-10T15:46:12.341+0900] {logging_mixin.py:190} INFO - [2024-10-10T15:46:12.341+0900] {dagbag.py:588} INFO - Filling up the DagBag from /Users/alookso/1007MLpj/myenv/lib/python3.10/site-packages/airflow/example_dags/plugins/workday.py
[2024-10-10T15:46:12.989+0900] {processor.py:927} WARNING - No viable dags retrieved from /Users/alookso/1007MLpj/myenv/lib/python3.10/site-packages/airflow/example_dags/plugins/workday.py
[2024-10-10T15:46:13.120+0900] {processor.py:208} INFO - Processing /Users/alookso/1007MLpj/myenv/lib/python3.10/site-packages/airflow/example_dags/plugins/workday.py took 0.786 seconds
[2024-10-10T15:50:22.822+0900] {processor.py:186} INFO - Started process (PID=56829) to work on /Users/alookso/1007MLpj/myenv/lib/python3.10/site-packages/airflow/example_dags/plugins/workday.py
[2024-10-10T15:50:22.823+0900] {processor.py:914} INFO - Processing file /Users/alookso/1007MLpj/myenv/lib/python3.10/site-packages/airflow/example_dags/plugins/workday.py for tasks to queue
[2024-10-10T15:50:22.824+0900] {logging_mixin.py:190} INFO - [2024-10-10T15:50:22.824+0900] {dagbag.py:588} INFO - Filling up the DagBag from /Users/alookso/1007MLpj/myenv/lib/python3.10/site-packages/airflow/example_dags/plugins/workday.py
[2024-10-10T15:50:23.447+0900] {processor.py:927} WARNING - No viable dags retrieved from /Users/alookso/1007MLpj/myenv/lib/python3.10/site-packages/airflow/example_dags/plugins/workday.py
[2024-10-10T15:50:23.572+0900] {processor.py:208} INFO - Processing /Users/alookso/1007MLpj/myenv/lib/python3.10/site-packages/airflow/example_dags/plugins/workday.py took 0.755 seconds
[2024-10-10T16:17:21.751+0900] {processor.py:186} INFO - Started process (PID=57282) to work on /Users/alookso/1007MLpj/myenv/lib/python3.10/site-packages/airflow/example_dags/plugins/workday.py
[2024-10-10T16:17:21.753+0900] {processor.py:914} INFO - Processing file /Users/alookso/1007MLpj/myenv/lib/python3.10/site-packages/airflow/example_dags/plugins/workday.py for tasks to queue
[2024-10-10T16:17:21.754+0900] {logging_mixin.py:190} INFO - [2024-10-10T16:17:21.754+0900] {dagbag.py:588} INFO - Filling up the DagBag from /Users/alookso/1007MLpj/myenv/lib/python3.10/site-packages/airflow/example_dags/plugins/workday.py
[2024-10-10T16:17:22.370+0900] {processor.py:927} WARNING - No viable dags retrieved from /Users/alookso/1007MLpj/myenv/lib/python3.10/site-packages/airflow/example_dags/plugins/workday.py
[2024-10-10T16:17:22.496+0900] {processor.py:208} INFO - Processing /Users/alookso/1007MLpj/myenv/lib/python3.10/site-packages/airflow/example_dags/plugins/workday.py took 0.752 seconds
[2024-10-10T16:21:42.069+0900] {processor.py:186} INFO - Started process (PID=57448) to work on /Users/alookso/1007MLpj/myenv/lib/python3.10/site-packages/airflow/example_dags/plugins/workday.py
[2024-10-10T16:21:42.071+0900] {processor.py:914} INFO - Processing file /Users/alookso/1007MLpj/myenv/lib/python3.10/site-packages/airflow/example_dags/plugins/workday.py for tasks to queue
[2024-10-10T16:21:42.072+0900] {logging_mixin.py:190} INFO - [2024-10-10T16:21:42.071+0900] {dagbag.py:588} INFO - Filling up the DagBag from /Users/alookso/1007MLpj/myenv/lib/python3.10/site-packages/airflow/example_dags/plugins/workday.py
[2024-10-10T16:21:42.703+0900] {processor.py:927} WARNING - No viable dags retrieved from /Users/alookso/1007MLpj/myenv/lib/python3.10/site-packages/airflow/example_dags/plugins/workday.py
[2024-10-10T16:21:42.831+0900] {processor.py:208} INFO - Processing /Users/alookso/1007MLpj/myenv/lib/python3.10/site-packages/airflow/example_dags/plugins/workday.py took 0.766 seconds
[2024-10-10T16:25:09.687+0900] {processor.py:186} INFO - Started process (PID=57577) to work on /Users/alookso/1007MLpj/myenv/lib/python3.10/site-packages/airflow/example_dags/plugins/workday.py
[2024-10-10T16:25:09.689+0900] {processor.py:914} INFO - Processing file /Users/alookso/1007MLpj/myenv/lib/python3.10/site-packages/airflow/example_dags/plugins/workday.py for tasks to queue
[2024-10-10T16:25:09.690+0900] {logging_mixin.py:190} INFO - [2024-10-10T16:25:09.690+0900] {dagbag.py:588} INFO - Filling up the DagBag from /Users/alookso/1007MLpj/myenv/lib/python3.10/site-packages/airflow/example_dags/plugins/workday.py
[2024-10-10T16:25:10.309+0900] {processor.py:927} WARNING - No viable dags retrieved from /Users/alookso/1007MLpj/myenv/lib/python3.10/site-packages/airflow/example_dags/plugins/workday.py
[2024-10-10T16:25:10.432+0900] {processor.py:208} INFO - Processing /Users/alookso/1007MLpj/myenv/lib/python3.10/site-packages/airflow/example_dags/plugins/workday.py took 0.749 seconds
[2024-10-10T16:29:26.018+0900] {processor.py:186} INFO - Started process (PID=57785) to work on /Users/alookso/1007MLpj/myenv/lib/python3.10/site-packages/airflow/example_dags/plugins/workday.py
[2024-10-10T16:29:26.019+0900] {processor.py:914} INFO - Processing file /Users/alookso/1007MLpj/myenv/lib/python3.10/site-packages/airflow/example_dags/plugins/workday.py for tasks to queue
[2024-10-10T16:29:26.020+0900] {logging_mixin.py:190} INFO - [2024-10-10T16:29:26.020+0900] {dagbag.py:588} INFO - Filling up the DagBag from /Users/alookso/1007MLpj/myenv/lib/python3.10/site-packages/airflow/example_dags/plugins/workday.py
[2024-10-10T16:29:26.636+0900] {processor.py:927} WARNING - No viable dags retrieved from /Users/alookso/1007MLpj/myenv/lib/python3.10/site-packages/airflow/example_dags/plugins/workday.py
[2024-10-10T16:29:26.760+0900] {processor.py:208} INFO - Processing /Users/alookso/1007MLpj/myenv/lib/python3.10/site-packages/airflow/example_dags/plugins/workday.py took 0.747 seconds
[2024-10-10T16:31:33.287+0900] {processor.py:186} INFO - Started process (PID=57915) to work on /Users/alookso/1007MLpj/myenv/lib/python3.10/site-packages/airflow/example_dags/plugins/workday.py
[2024-10-10T16:31:33.288+0900] {processor.py:914} INFO - Processing file /Users/alookso/1007MLpj/myenv/lib/python3.10/site-packages/airflow/example_dags/plugins/workday.py for tasks to queue
[2024-10-10T16:31:33.289+0900] {logging_mixin.py:190} INFO - [2024-10-10T16:31:33.289+0900] {dagbag.py:588} INFO - Filling up the DagBag from /Users/alookso/1007MLpj/myenv/lib/python3.10/site-packages/airflow/example_dags/plugins/workday.py
[2024-10-10T16:31:33.970+0900] {processor.py:927} WARNING - No viable dags retrieved from /Users/alookso/1007MLpj/myenv/lib/python3.10/site-packages/airflow/example_dags/plugins/workday.py
[2024-10-10T16:31:34.255+0900] {processor.py:208} INFO - Processing /Users/alookso/1007MLpj/myenv/lib/python3.10/site-packages/airflow/example_dags/plugins/workday.py took 0.973 seconds
[2024-10-10T16:35:47.162+0900] {processor.py:186} INFO - Started process (PID=58044) to work on /Users/alookso/1007MLpj/myenv/lib/python3.10/site-packages/airflow/example_dags/plugins/workday.py
[2024-10-10T16:35:47.163+0900] {processor.py:914} INFO - Processing file /Users/alookso/1007MLpj/myenv/lib/python3.10/site-packages/airflow/example_dags/plugins/workday.py for tasks to queue
[2024-10-10T16:35:47.164+0900] {logging_mixin.py:190} INFO - [2024-10-10T16:35:47.164+0900] {dagbag.py:588} INFO - Filling up the DagBag from /Users/alookso/1007MLpj/myenv/lib/python3.10/site-packages/airflow/example_dags/plugins/workday.py
[2024-10-10T16:35:47.814+0900] {processor.py:927} WARNING - No viable dags retrieved from /Users/alookso/1007MLpj/myenv/lib/python3.10/site-packages/airflow/example_dags/plugins/workday.py
[2024-10-10T16:35:47.940+0900] {processor.py:208} INFO - Processing /Users/alookso/1007MLpj/myenv/lib/python3.10/site-packages/airflow/example_dags/plugins/workday.py took 0.785 seconds
[2024-10-10T16:39:18.316+0900] {processor.py:186} INFO - Started process (PID=58132) to work on /Users/alookso/1007MLpj/myenv/lib/python3.10/site-packages/airflow/example_dags/plugins/workday.py
[2024-10-10T16:39:18.318+0900] {processor.py:914} INFO - Processing file /Users/alookso/1007MLpj/myenv/lib/python3.10/site-packages/airflow/example_dags/plugins/workday.py for tasks to queue
[2024-10-10T16:39:18.319+0900] {logging_mixin.py:190} INFO - [2024-10-10T16:39:18.318+0900] {dagbag.py:588} INFO - Filling up the DagBag from /Users/alookso/1007MLpj/myenv/lib/python3.10/site-packages/airflow/example_dags/plugins/workday.py
[2024-10-10T16:39:18.934+0900] {processor.py:927} WARNING - No viable dags retrieved from /Users/alookso/1007MLpj/myenv/lib/python3.10/site-packages/airflow/example_dags/plugins/workday.py
[2024-10-10T16:39:19.055+0900] {processor.py:208} INFO - Processing /Users/alookso/1007MLpj/myenv/lib/python3.10/site-packages/airflow/example_dags/plugins/workday.py took 0.745 seconds
[2024-10-10T16:42:59.534+0900] {processor.py:186} INFO - Started process (PID=58224) to work on /Users/alookso/1007MLpj/myenv/lib/python3.10/site-packages/airflow/example_dags/plugins/workday.py
[2024-10-10T16:42:59.535+0900] {processor.py:914} INFO - Processing file /Users/alookso/1007MLpj/myenv/lib/python3.10/site-packages/airflow/example_dags/plugins/workday.py for tasks to queue
[2024-10-10T16:42:59.535+0900] {logging_mixin.py:190} INFO - [2024-10-10T16:42:59.535+0900] {dagbag.py:588} INFO - Filling up the DagBag from /Users/alookso/1007MLpj/myenv/lib/python3.10/site-packages/airflow/example_dags/plugins/workday.py
[2024-10-10T16:43:00.149+0900] {processor.py:927} WARNING - No viable dags retrieved from /Users/alookso/1007MLpj/myenv/lib/python3.10/site-packages/airflow/example_dags/plugins/workday.py
[2024-10-10T16:43:00.271+0900] {processor.py:208} INFO - Processing /Users/alookso/1007MLpj/myenv/lib/python3.10/site-packages/airflow/example_dags/plugins/workday.py took 0.742 seconds
[2024-10-10T16:46:29.611+0900] {processor.py:186} INFO - Started process (PID=58359) to work on /Users/alookso/1007MLpj/myenv/lib/python3.10/site-packages/airflow/example_dags/plugins/workday.py
[2024-10-10T16:46:29.613+0900] {processor.py:914} INFO - Processing file /Users/alookso/1007MLpj/myenv/lib/python3.10/site-packages/airflow/example_dags/plugins/workday.py for tasks to queue
[2024-10-10T16:46:29.614+0900] {logging_mixin.py:190} INFO - [2024-10-10T16:46:29.614+0900] {dagbag.py:588} INFO - Filling up the DagBag from /Users/alookso/1007MLpj/myenv/lib/python3.10/site-packages/airflow/example_dags/plugins/workday.py
[2024-10-10T16:46:30.324+0900] {processor.py:927} WARNING - No viable dags retrieved from /Users/alookso/1007MLpj/myenv/lib/python3.10/site-packages/airflow/example_dags/plugins/workday.py
[2024-10-10T16:46:30.552+0900] {processor.py:208} INFO - Processing /Users/alookso/1007MLpj/myenv/lib/python3.10/site-packages/airflow/example_dags/plugins/workday.py took 0.946 seconds
[2024-10-10T16:49:14.642+0900] {processor.py:186} INFO - Started process (PID=58543) to work on /Users/alookso/1007MLpj/myenv/lib/python3.10/site-packages/airflow/example_dags/plugins/workday.py
[2024-10-10T16:49:14.644+0900] {processor.py:914} INFO - Processing file /Users/alookso/1007MLpj/myenv/lib/python3.10/site-packages/airflow/example_dags/plugins/workday.py for tasks to queue
[2024-10-10T16:49:14.645+0900] {logging_mixin.py:190} INFO - [2024-10-10T16:49:14.645+0900] {dagbag.py:588} INFO - Filling up the DagBag from /Users/alookso/1007MLpj/myenv/lib/python3.10/site-packages/airflow/example_dags/plugins/workday.py
[2024-10-10T16:49:15.279+0900] {processor.py:927} WARNING - No viable dags retrieved from /Users/alookso/1007MLpj/myenv/lib/python3.10/site-packages/airflow/example_dags/plugins/workday.py
[2024-10-10T16:49:15.405+0900] {processor.py:208} INFO - Processing /Users/alookso/1007MLpj/myenv/lib/python3.10/site-packages/airflow/example_dags/plugins/workday.py took 0.768 seconds
[2024-10-10T16:52:43.608+0900] {processor.py:186} INFO - Started process (PID=58725) to work on /Users/alookso/1007MLpj/myenv/lib/python3.10/site-packages/airflow/example_dags/plugins/workday.py
[2024-10-10T16:52:43.608+0900] {processor.py:914} INFO - Processing file /Users/alookso/1007MLpj/myenv/lib/python3.10/site-packages/airflow/example_dags/plugins/workday.py for tasks to queue
[2024-10-10T16:52:43.609+0900] {logging_mixin.py:190} INFO - [2024-10-10T16:52:43.609+0900] {dagbag.py:588} INFO - Filling up the DagBag from /Users/alookso/1007MLpj/myenv/lib/python3.10/site-packages/airflow/example_dags/plugins/workday.py
[2024-10-10T16:52:44.234+0900] {processor.py:927} WARNING - No viable dags retrieved from /Users/alookso/1007MLpj/myenv/lib/python3.10/site-packages/airflow/example_dags/plugins/workday.py
[2024-10-10T16:52:44.358+0900] {processor.py:208} INFO - Processing /Users/alookso/1007MLpj/myenv/lib/python3.10/site-packages/airflow/example_dags/plugins/workday.py took 0.754 seconds
[2024-10-10T23:47:02.023+0900] {processor.py:186} INFO - Started process (PID=63361) to work on /Users/alookso/1007MLpj/myenv/lib/python3.10/site-packages/airflow/example_dags/plugins/workday.py
[2024-10-10T23:47:02.024+0900] {processor.py:914} INFO - Processing file /Users/alookso/1007MLpj/myenv/lib/python3.10/site-packages/airflow/example_dags/plugins/workday.py for tasks to queue
[2024-10-10T23:47:02.025+0900] {logging_mixin.py:190} INFO - [2024-10-10T23:47:02.025+0900] {dagbag.py:588} INFO - Filling up the DagBag from /Users/alookso/1007MLpj/myenv/lib/python3.10/site-packages/airflow/example_dags/plugins/workday.py
[2024-10-10T23:47:02.645+0900] {processor.py:927} WARNING - No viable dags retrieved from /Users/alookso/1007MLpj/myenv/lib/python3.10/site-packages/airflow/example_dags/plugins/workday.py
[2024-10-10T23:47:02.769+0900] {processor.py:208} INFO - Processing /Users/alookso/1007MLpj/myenv/lib/python3.10/site-packages/airflow/example_dags/plugins/workday.py took 0.750 seconds
[2024-10-10T23:50:46.173+0900] {processor.py:186} INFO - Started process (PID=63567) to work on /Users/alookso/1007MLpj/myenv/lib/python3.10/site-packages/airflow/example_dags/plugins/workday.py
[2024-10-10T23:50:46.174+0900] {processor.py:914} INFO - Processing file /Users/alookso/1007MLpj/myenv/lib/python3.10/site-packages/airflow/example_dags/plugins/workday.py for tasks to queue
[2024-10-10T23:50:46.175+0900] {logging_mixin.py:190} INFO - [2024-10-10T23:50:46.175+0900] {dagbag.py:588} INFO - Filling up the DagBag from /Users/alookso/1007MLpj/myenv/lib/python3.10/site-packages/airflow/example_dags/plugins/workday.py
[2024-10-10T23:50:46.788+0900] {processor.py:927} WARNING - No viable dags retrieved from /Users/alookso/1007MLpj/myenv/lib/python3.10/site-packages/airflow/example_dags/plugins/workday.py
[2024-10-10T23:50:46.954+0900] {processor.py:208} INFO - Processing /Users/alookso/1007MLpj/myenv/lib/python3.10/site-packages/airflow/example_dags/plugins/workday.py took 0.785 seconds
[2024-10-10T23:53:41.645+0900] {processor.py:186} INFO - Started process (PID=63740) to work on /Users/alookso/1007MLpj/myenv/lib/python3.10/site-packages/airflow/example_dags/plugins/workday.py
[2024-10-10T23:53:41.646+0900] {processor.py:914} INFO - Processing file /Users/alookso/1007MLpj/myenv/lib/python3.10/site-packages/airflow/example_dags/plugins/workday.py for tasks to queue
[2024-10-10T23:53:41.647+0900] {logging_mixin.py:190} INFO - [2024-10-10T23:53:41.647+0900] {dagbag.py:588} INFO - Filling up the DagBag from /Users/alookso/1007MLpj/myenv/lib/python3.10/site-packages/airflow/example_dags/plugins/workday.py
[2024-10-10T23:53:42.362+0900] {processor.py:927} WARNING - No viable dags retrieved from /Users/alookso/1007MLpj/myenv/lib/python3.10/site-packages/airflow/example_dags/plugins/workday.py
[2024-10-10T23:53:42.519+0900] {processor.py:208} INFO - Processing /Users/alookso/1007MLpj/myenv/lib/python3.10/site-packages/airflow/example_dags/plugins/workday.py took 0.881 seconds
[2024-10-10T23:55:49.104+0900] {processor.py:186} INFO - Started process (PID=63838) to work on /Users/alookso/1007MLpj/myenv/lib/python3.10/site-packages/airflow/example_dags/plugins/workday.py
[2024-10-10T23:55:49.105+0900] {processor.py:914} INFO - Processing file /Users/alookso/1007MLpj/myenv/lib/python3.10/site-packages/airflow/example_dags/plugins/workday.py for tasks to queue
[2024-10-10T23:55:49.105+0900] {logging_mixin.py:190} INFO - [2024-10-10T23:55:49.105+0900] {dagbag.py:588} INFO - Filling up the DagBag from /Users/alookso/1007MLpj/myenv/lib/python3.10/site-packages/airflow/example_dags/plugins/workday.py
[2024-10-10T23:55:49.715+0900] {processor.py:927} WARNING - No viable dags retrieved from /Users/alookso/1007MLpj/myenv/lib/python3.10/site-packages/airflow/example_dags/plugins/workday.py
[2024-10-10T23:55:49.835+0900] {processor.py:208} INFO - Processing /Users/alookso/1007MLpj/myenv/lib/python3.10/site-packages/airflow/example_dags/plugins/workday.py took 0.736 seconds
[2024-10-11T00:00:28.979+0900] {processor.py:186} INFO - Started process (PID=64012) to work on /Users/alookso/1007MLpj/myenv/lib/python3.10/site-packages/airflow/example_dags/plugins/workday.py
[2024-10-11T00:00:28.980+0900] {processor.py:914} INFO - Processing file /Users/alookso/1007MLpj/myenv/lib/python3.10/site-packages/airflow/example_dags/plugins/workday.py for tasks to queue
[2024-10-11T00:00:28.981+0900] {logging_mixin.py:190} INFO - [2024-10-11T00:00:28.981+0900] {dagbag.py:588} INFO - Filling up the DagBag from /Users/alookso/1007MLpj/myenv/lib/python3.10/site-packages/airflow/example_dags/plugins/workday.py
[2024-10-11T00:00:29.597+0900] {processor.py:927} WARNING - No viable dags retrieved from /Users/alookso/1007MLpj/myenv/lib/python3.10/site-packages/airflow/example_dags/plugins/workday.py
[2024-10-11T00:00:29.724+0900] {processor.py:208} INFO - Processing /Users/alookso/1007MLpj/myenv/lib/python3.10/site-packages/airflow/example_dags/plugins/workday.py took 0.748 seconds
[2024-10-11T00:03:59.198+0900] {processor.py:186} INFO - Started process (PID=64216) to work on /Users/alookso/1007MLpj/myenv/lib/python3.10/site-packages/airflow/example_dags/plugins/workday.py
[2024-10-11T00:03:59.199+0900] {processor.py:914} INFO - Processing file /Users/alookso/1007MLpj/myenv/lib/python3.10/site-packages/airflow/example_dags/plugins/workday.py for tasks to queue
[2024-10-11T00:03:59.200+0900] {logging_mixin.py:190} INFO - [2024-10-11T00:03:59.200+0900] {dagbag.py:588} INFO - Filling up the DagBag from /Users/alookso/1007MLpj/myenv/lib/python3.10/site-packages/airflow/example_dags/plugins/workday.py
[2024-10-11T00:03:59.817+0900] {processor.py:927} WARNING - No viable dags retrieved from /Users/alookso/1007MLpj/myenv/lib/python3.10/site-packages/airflow/example_dags/plugins/workday.py
[2024-10-11T00:03:59.944+0900] {processor.py:208} INFO - Processing /Users/alookso/1007MLpj/myenv/lib/python3.10/site-packages/airflow/example_dags/plugins/workday.py took 0.750 seconds
[2024-10-11T00:07:31.550+0900] {processor.py:186} INFO - Started process (PID=64419) to work on /Users/alookso/1007MLpj/myenv/lib/python3.10/site-packages/airflow/example_dags/plugins/workday.py
[2024-10-11T00:07:31.551+0900] {processor.py:914} INFO - Processing file /Users/alookso/1007MLpj/myenv/lib/python3.10/site-packages/airflow/example_dags/plugins/workday.py for tasks to queue
[2024-10-11T00:07:31.552+0900] {logging_mixin.py:190} INFO - [2024-10-11T00:07:31.551+0900] {dagbag.py:588} INFO - Filling up the DagBag from /Users/alookso/1007MLpj/myenv/lib/python3.10/site-packages/airflow/example_dags/plugins/workday.py
[2024-10-11T00:07:32.167+0900] {processor.py:927} WARNING - No viable dags retrieved from /Users/alookso/1007MLpj/myenv/lib/python3.10/site-packages/airflow/example_dags/plugins/workday.py
[2024-10-11T00:07:32.290+0900] {processor.py:208} INFO - Processing /Users/alookso/1007MLpj/myenv/lib/python3.10/site-packages/airflow/example_dags/plugins/workday.py took 0.744 seconds
[2024-10-11T00:10:59.630+0900] {processor.py:186} INFO - Started process (PID=64562) to work on /Users/alookso/1007MLpj/myenv/lib/python3.10/site-packages/airflow/example_dags/plugins/workday.py
[2024-10-11T00:10:59.630+0900] {processor.py:914} INFO - Processing file /Users/alookso/1007MLpj/myenv/lib/python3.10/site-packages/airflow/example_dags/plugins/workday.py for tasks to queue
[2024-10-11T00:10:59.631+0900] {logging_mixin.py:190} INFO - [2024-10-11T00:10:59.631+0900] {dagbag.py:588} INFO - Filling up the DagBag from /Users/alookso/1007MLpj/myenv/lib/python3.10/site-packages/airflow/example_dags/plugins/workday.py
[2024-10-11T00:11:00.254+0900] {processor.py:927} WARNING - No viable dags retrieved from /Users/alookso/1007MLpj/myenv/lib/python3.10/site-packages/airflow/example_dags/plugins/workday.py
[2024-10-11T00:11:00.379+0900] {processor.py:208} INFO - Processing /Users/alookso/1007MLpj/myenv/lib/python3.10/site-packages/airflow/example_dags/plugins/workday.py took 0.754 seconds
[2024-10-11T00:13:32.553+0900] {processor.py:186} INFO - Started process (PID=64712) to work on /Users/alookso/1007MLpj/myenv/lib/python3.10/site-packages/airflow/example_dags/plugins/workday.py
[2024-10-11T00:13:32.553+0900] {processor.py:914} INFO - Processing file /Users/alookso/1007MLpj/myenv/lib/python3.10/site-packages/airflow/example_dags/plugins/workday.py for tasks to queue
[2024-10-11T00:13:32.554+0900] {logging_mixin.py:190} INFO - [2024-10-11T00:13:32.554+0900] {dagbag.py:588} INFO - Filling up the DagBag from /Users/alookso/1007MLpj/myenv/lib/python3.10/site-packages/airflow/example_dags/plugins/workday.py
[2024-10-11T00:13:33.176+0900] {processor.py:927} WARNING - No viable dags retrieved from /Users/alookso/1007MLpj/myenv/lib/python3.10/site-packages/airflow/example_dags/plugins/workday.py
[2024-10-11T00:13:33.296+0900] {processor.py:208} INFO - Processing /Users/alookso/1007MLpj/myenv/lib/python3.10/site-packages/airflow/example_dags/plugins/workday.py took 0.748 seconds
[2024-10-11T00:16:09.765+0900] {processor.py:186} INFO - Started process (PID=64793) to work on /Users/alookso/1007MLpj/myenv/lib/python3.10/site-packages/airflow/example_dags/plugins/workday.py
[2024-10-11T00:16:09.765+0900] {processor.py:914} INFO - Processing file /Users/alookso/1007MLpj/myenv/lib/python3.10/site-packages/airflow/example_dags/plugins/workday.py for tasks to queue
[2024-10-11T00:16:09.766+0900] {logging_mixin.py:190} INFO - [2024-10-11T00:16:09.766+0900] {dagbag.py:588} INFO - Filling up the DagBag from /Users/alookso/1007MLpj/myenv/lib/python3.10/site-packages/airflow/example_dags/plugins/workday.py
[2024-10-11T00:16:10.369+0900] {processor.py:927} WARNING - No viable dags retrieved from /Users/alookso/1007MLpj/myenv/lib/python3.10/site-packages/airflow/example_dags/plugins/workday.py
[2024-10-11T00:16:10.490+0900] {processor.py:208} INFO - Processing /Users/alookso/1007MLpj/myenv/lib/python3.10/site-packages/airflow/example_dags/plugins/workday.py took 0.729 seconds
[2024-10-11T00:18:43.041+0900] {processor.py:186} INFO - Started process (PID=64870) to work on /Users/alookso/1007MLpj/myenv/lib/python3.10/site-packages/airflow/example_dags/plugins/workday.py
[2024-10-11T00:18:43.042+0900] {processor.py:914} INFO - Processing file /Users/alookso/1007MLpj/myenv/lib/python3.10/site-packages/airflow/example_dags/plugins/workday.py for tasks to queue
[2024-10-11T00:18:43.043+0900] {logging_mixin.py:190} INFO - [2024-10-11T00:18:43.043+0900] {dagbag.py:588} INFO - Filling up the DagBag from /Users/alookso/1007MLpj/myenv/lib/python3.10/site-packages/airflow/example_dags/plugins/workday.py
[2024-10-11T00:18:43.652+0900] {processor.py:927} WARNING - No viable dags retrieved from /Users/alookso/1007MLpj/myenv/lib/python3.10/site-packages/airflow/example_dags/plugins/workday.py
[2024-10-11T00:18:43.773+0900] {processor.py:208} INFO - Processing /Users/alookso/1007MLpj/myenv/lib/python3.10/site-packages/airflow/example_dags/plugins/workday.py took 0.737 seconds
[2024-10-11T00:21:18.514+0900] {processor.py:186} INFO - Started process (PID=64983) to work on /Users/alookso/1007MLpj/myenv/lib/python3.10/site-packages/airflow/example_dags/plugins/workday.py
[2024-10-11T00:21:18.515+0900] {processor.py:914} INFO - Processing file /Users/alookso/1007MLpj/myenv/lib/python3.10/site-packages/airflow/example_dags/plugins/workday.py for tasks to queue
[2024-10-11T00:21:18.516+0900] {logging_mixin.py:190} INFO - [2024-10-11T00:21:18.516+0900] {dagbag.py:588} INFO - Filling up the DagBag from /Users/alookso/1007MLpj/myenv/lib/python3.10/site-packages/airflow/example_dags/plugins/workday.py
[2024-10-11T00:21:19.148+0900] {processor.py:927} WARNING - No viable dags retrieved from /Users/alookso/1007MLpj/myenv/lib/python3.10/site-packages/airflow/example_dags/plugins/workday.py
[2024-10-11T00:21:19.275+0900] {processor.py:208} INFO - Processing /Users/alookso/1007MLpj/myenv/lib/python3.10/site-packages/airflow/example_dags/plugins/workday.py took 0.765 seconds
[2024-10-11T00:23:49.570+0900] {processor.py:186} INFO - Started process (PID=65054) to work on /Users/alookso/1007MLpj/myenv/lib/python3.10/site-packages/airflow/example_dags/plugins/workday.py
[2024-10-11T00:23:49.571+0900] {processor.py:914} INFO - Processing file /Users/alookso/1007MLpj/myenv/lib/python3.10/site-packages/airflow/example_dags/plugins/workday.py for tasks to queue
[2024-10-11T00:23:49.572+0900] {logging_mixin.py:190} INFO - [2024-10-11T00:23:49.572+0900] {dagbag.py:588} INFO - Filling up the DagBag from /Users/alookso/1007MLpj/myenv/lib/python3.10/site-packages/airflow/example_dags/plugins/workday.py
[2024-10-11T00:23:50.218+0900] {processor.py:927} WARNING - No viable dags retrieved from /Users/alookso/1007MLpj/myenv/lib/python3.10/site-packages/airflow/example_dags/plugins/workday.py
[2024-10-11T00:23:50.349+0900] {processor.py:208} INFO - Processing /Users/alookso/1007MLpj/myenv/lib/python3.10/site-packages/airflow/example_dags/plugins/workday.py took 0.784 seconds
[2024-10-11T00:26:25.572+0900] {processor.py:186} INFO - Started process (PID=65149) to work on /Users/alookso/1007MLpj/myenv/lib/python3.10/site-packages/airflow/example_dags/plugins/workday.py
[2024-10-11T00:26:25.573+0900] {processor.py:914} INFO - Processing file /Users/alookso/1007MLpj/myenv/lib/python3.10/site-packages/airflow/example_dags/plugins/workday.py for tasks to queue
[2024-10-11T00:26:25.574+0900] {logging_mixin.py:190} INFO - [2024-10-11T00:26:25.574+0900] {dagbag.py:588} INFO - Filling up the DagBag from /Users/alookso/1007MLpj/myenv/lib/python3.10/site-packages/airflow/example_dags/plugins/workday.py
[2024-10-11T00:26:26.183+0900] {processor.py:927} WARNING - No viable dags retrieved from /Users/alookso/1007MLpj/myenv/lib/python3.10/site-packages/airflow/example_dags/plugins/workday.py
[2024-10-11T00:26:26.305+0900] {processor.py:208} INFO - Processing /Users/alookso/1007MLpj/myenv/lib/python3.10/site-packages/airflow/example_dags/plugins/workday.py took 0.738 seconds
[2024-10-11T00:30:02.169+0900] {processor.py:186} INFO - Started process (PID=65353) to work on /Users/alookso/1007MLpj/myenv/lib/python3.10/site-packages/airflow/example_dags/plugins/workday.py
[2024-10-11T00:30:02.169+0900] {processor.py:914} INFO - Processing file /Users/alookso/1007MLpj/myenv/lib/python3.10/site-packages/airflow/example_dags/plugins/workday.py for tasks to queue
[2024-10-11T00:30:02.170+0900] {logging_mixin.py:190} INFO - [2024-10-11T00:30:02.170+0900] {dagbag.py:588} INFO - Filling up the DagBag from /Users/alookso/1007MLpj/myenv/lib/python3.10/site-packages/airflow/example_dags/plugins/workday.py
[2024-10-11T00:30:02.814+0900] {processor.py:927} WARNING - No viable dags retrieved from /Users/alookso/1007MLpj/myenv/lib/python3.10/site-packages/airflow/example_dags/plugins/workday.py
[2024-10-11T00:30:02.940+0900] {processor.py:208} INFO - Processing /Users/alookso/1007MLpj/myenv/lib/python3.10/site-packages/airflow/example_dags/plugins/workday.py took 0.776 seconds
[2024-10-11T00:33:36.893+0900] {processor.py:186} INFO - Started process (PID=65509) to work on /Users/alookso/1007MLpj/myenv/lib/python3.10/site-packages/airflow/example_dags/plugins/workday.py
[2024-10-11T00:33:36.894+0900] {processor.py:914} INFO - Processing file /Users/alookso/1007MLpj/myenv/lib/python3.10/site-packages/airflow/example_dags/plugins/workday.py for tasks to queue
[2024-10-11T00:33:36.895+0900] {logging_mixin.py:190} INFO - [2024-10-11T00:33:36.895+0900] {dagbag.py:588} INFO - Filling up the DagBag from /Users/alookso/1007MLpj/myenv/lib/python3.10/site-packages/airflow/example_dags/plugins/workday.py
[2024-10-11T00:33:37.510+0900] {processor.py:927} WARNING - No viable dags retrieved from /Users/alookso/1007MLpj/myenv/lib/python3.10/site-packages/airflow/example_dags/plugins/workday.py
[2024-10-11T00:33:37.637+0900] {processor.py:208} INFO - Processing /Users/alookso/1007MLpj/myenv/lib/python3.10/site-packages/airflow/example_dags/plugins/workday.py took 0.748 seconds
[2024-10-11T00:37:20.430+0900] {processor.py:186} INFO - Started process (PID=65689) to work on /Users/alookso/1007MLpj/myenv/lib/python3.10/site-packages/airflow/example_dags/plugins/workday.py
[2024-10-11T00:37:20.431+0900] {processor.py:914} INFO - Processing file /Users/alookso/1007MLpj/myenv/lib/python3.10/site-packages/airflow/example_dags/plugins/workday.py for tasks to queue
[2024-10-11T00:37:20.432+0900] {logging_mixin.py:190} INFO - [2024-10-11T00:37:20.432+0900] {dagbag.py:588} INFO - Filling up the DagBag from /Users/alookso/1007MLpj/myenv/lib/python3.10/site-packages/airflow/example_dags/plugins/workday.py
[2024-10-11T00:37:21.106+0900] {processor.py:927} WARNING - No viable dags retrieved from /Users/alookso/1007MLpj/myenv/lib/python3.10/site-packages/airflow/example_dags/plugins/workday.py
[2024-10-11T00:37:21.238+0900] {processor.py:208} INFO - Processing /Users/alookso/1007MLpj/myenv/lib/python3.10/site-packages/airflow/example_dags/plugins/workday.py took 0.813 seconds
[2024-10-11T00:41:04.633+0900] {processor.py:186} INFO - Started process (PID=65883) to work on /Users/alookso/1007MLpj/myenv/lib/python3.10/site-packages/airflow/example_dags/plugins/workday.py
[2024-10-11T00:41:04.634+0900] {processor.py:914} INFO - Processing file /Users/alookso/1007MLpj/myenv/lib/python3.10/site-packages/airflow/example_dags/plugins/workday.py for tasks to queue
[2024-10-11T00:41:04.635+0900] {logging_mixin.py:190} INFO - [2024-10-11T00:41:04.635+0900] {dagbag.py:588} INFO - Filling up the DagBag from /Users/alookso/1007MLpj/myenv/lib/python3.10/site-packages/airflow/example_dags/plugins/workday.py
[2024-10-11T00:41:05.255+0900] {processor.py:927} WARNING - No viable dags retrieved from /Users/alookso/1007MLpj/myenv/lib/python3.10/site-packages/airflow/example_dags/plugins/workday.py
[2024-10-11T00:41:05.382+0900] {processor.py:208} INFO - Processing /Users/alookso/1007MLpj/myenv/lib/python3.10/site-packages/airflow/example_dags/plugins/workday.py took 0.753 seconds
[2024-10-11T00:44:31.272+0900] {processor.py:186} INFO - Started process (PID=66042) to work on /Users/alookso/1007MLpj/myenv/lib/python3.10/site-packages/airflow/example_dags/plugins/workday.py
[2024-10-11T00:44:31.273+0900] {processor.py:914} INFO - Processing file /Users/alookso/1007MLpj/myenv/lib/python3.10/site-packages/airflow/example_dags/plugins/workday.py for tasks to queue
[2024-10-11T00:44:31.274+0900] {logging_mixin.py:190} INFO - [2024-10-11T00:44:31.274+0900] {dagbag.py:588} INFO - Filling up the DagBag from /Users/alookso/1007MLpj/myenv/lib/python3.10/site-packages/airflow/example_dags/plugins/workday.py
[2024-10-11T00:44:31.927+0900] {processor.py:927} WARNING - No viable dags retrieved from /Users/alookso/1007MLpj/myenv/lib/python3.10/site-packages/airflow/example_dags/plugins/workday.py
[2024-10-11T00:44:32.051+0900] {processor.py:208} INFO - Processing /Users/alookso/1007MLpj/myenv/lib/python3.10/site-packages/airflow/example_dags/plugins/workday.py took 0.784 seconds
[2024-10-11T00:47:06.104+0900] {processor.py:186} INFO - Started process (PID=66120) to work on /Users/alookso/1007MLpj/myenv/lib/python3.10/site-packages/airflow/example_dags/plugins/workday.py
[2024-10-11T00:47:06.105+0900] {processor.py:914} INFO - Processing file /Users/alookso/1007MLpj/myenv/lib/python3.10/site-packages/airflow/example_dags/plugins/workday.py for tasks to queue
[2024-10-11T00:47:06.106+0900] {logging_mixin.py:190} INFO - [2024-10-11T00:47:06.106+0900] {dagbag.py:588} INFO - Filling up the DagBag from /Users/alookso/1007MLpj/myenv/lib/python3.10/site-packages/airflow/example_dags/plugins/workday.py
[2024-10-11T00:47:06.721+0900] {processor.py:927} WARNING - No viable dags retrieved from /Users/alookso/1007MLpj/myenv/lib/python3.10/site-packages/airflow/example_dags/plugins/workday.py
[2024-10-11T00:47:06.843+0900] {processor.py:208} INFO - Processing /Users/alookso/1007MLpj/myenv/lib/python3.10/site-packages/airflow/example_dags/plugins/workday.py took 0.744 seconds
[2024-10-11T00:48:20.218+0900] {processor.py:186} INFO - Started process (PID=66210) to work on /Users/alookso/1007MLpj/myenv/lib/python3.10/site-packages/airflow/example_dags/plugins/workday.py
[2024-10-11T00:48:20.219+0900] {processor.py:914} INFO - Processing file /Users/alookso/1007MLpj/myenv/lib/python3.10/site-packages/airflow/example_dags/plugins/workday.py for tasks to queue
[2024-10-11T00:48:20.219+0900] {logging_mixin.py:190} INFO - [2024-10-11T00:48:20.219+0900] {dagbag.py:588} INFO - Filling up the DagBag from /Users/alookso/1007MLpj/myenv/lib/python3.10/site-packages/airflow/example_dags/plugins/workday.py
[2024-10-11T00:48:20.910+0900] {processor.py:927} WARNING - No viable dags retrieved from /Users/alookso/1007MLpj/myenv/lib/python3.10/site-packages/airflow/example_dags/plugins/workday.py
[2024-10-11T00:48:21.101+0900] {processor.py:208} INFO - Processing /Users/alookso/1007MLpj/myenv/lib/python3.10/site-packages/airflow/example_dags/plugins/workday.py took 0.887 seconds
[2024-10-11T00:51:57.708+0900] {processor.py:186} INFO - Started process (PID=66425) to work on /Users/alookso/1007MLpj/myenv/lib/python3.10/site-packages/airflow/example_dags/plugins/workday.py
[2024-10-11T00:51:57.709+0900] {processor.py:914} INFO - Processing file /Users/alookso/1007MLpj/myenv/lib/python3.10/site-packages/airflow/example_dags/plugins/workday.py for tasks to queue
[2024-10-11T00:51:57.710+0900] {logging_mixin.py:190} INFO - [2024-10-11T00:51:57.710+0900] {dagbag.py:588} INFO - Filling up the DagBag from /Users/alookso/1007MLpj/myenv/lib/python3.10/site-packages/airflow/example_dags/plugins/workday.py
[2024-10-11T00:51:58.317+0900] {processor.py:927} WARNING - No viable dags retrieved from /Users/alookso/1007MLpj/myenv/lib/python3.10/site-packages/airflow/example_dags/plugins/workday.py
[2024-10-11T00:51:58.440+0900] {processor.py:208} INFO - Processing /Users/alookso/1007MLpj/myenv/lib/python3.10/site-packages/airflow/example_dags/plugins/workday.py took 0.736 seconds
